[2026-01-26 22:33:46,774 I 2688698 2688698] core_worker_process.cc:777: Constructing CoreWorkerProcess. pid: 2688698
[2026-01-26 22:33:46,781 I 2688698 2688698] event.cc:499: Ray Event initialized for CORE_WORKER
[2026-01-26 22:33:46,781 I 2688698 2688698] event.cc:499: Ray Event initialized for EXPORT_TASK
[2026-01-26 22:33:46,781 I 2688698 2688698] event.cc:332: Set ray event level to warning
[2026-01-26 22:33:46,781 I 2688698 2688698] event_aggregator_client.h:50: Initiating the local event aggregator client with port: 45627
[2026-01-26 22:33:46,783 I 2688698 2688698] grpc_server.cc:143: worker server started, listening on port 42429.
[2026-01-26 22:33:46,798 I 2688698 2688698] core_worker_process.cc:262: Initializing worker at address: 172.28.6.5:42429 worker_id=0dfb6b5fbfb35222cbb46f1f37e9967b24fc4bbf56409ce772d1df6e node_id=5c662d4ac6690a8798dddea7db71bd58028cbfcfc928e667d093dbba
[2026-01-26 22:33:46,799 I 2688698 2688698] task_event_buffer.cc:480: Reporting task events to GCS every 1000ms.
[2026-01-26 22:33:46,800 I 2688698 2688698] core_worker.cc:515: Adjusted worker niceness to 15
[2026-01-26 22:33:46,800 I 2688698 2688698] metrics_agent_client.cc:45: Initializing exporter ...
[2026-01-26 22:33:46,800 I 2688698 2689379] core_worker.cc:455: Event stats:


Global stats: 12 total (10 active)
Queueing time: mean = 0.00ms, max = 0.02ms, min = 0.01ms, total = 0.03ms
Execution time:  mean = 0.00ms, total = 0.04ms
Event stats:
	PeriodicalRunner.RunFnPeriodically - 7 total (5 active, 1 running), Execution time: mean = 0.01ms, total = 0.04ms, Queueing time: mean = 0.00ms, max = 0.02ms, min = 0.01ms, total = 0.03ms
	Publisher.CheckDeadSubscribers - 1 total (1 active), Execution time: mean = 0.00ms, total = 0.00ms, Queueing time: mean = 0.00ms, max = -0.00ms, min = 9223372036854.78ms, total = 0.00ms
	ray::rpc::WorkerInfoGcsService.grpc_client.AddWorkerInfo - 1 total (1 active), Execution time: mean = 0.00ms, total = 0.00ms, Queueing time: mean = 0.00ms, max = -0.00ms, min = 9223372036854.78ms, total = 0.00ms
	ray::rpc::InternalPubSubGcsService.grpc_client.GcsSubscriberPoll - 1 total (1 active), Execution time: mean = 0.00ms, total = 0.00ms, Queueing time: mean = 0.00ms, max = -0.00ms, min = 9223372036854.78ms, total = 0.00ms
	ray::rpc::InternalPubSubGcsService.grpc_client.GcsSubscriberCommandBatch - 1 total (1 active), Execution time: mean = 0.00ms, total = 0.00ms, Queueing time: mean = 0.00ms, max = -0.00ms, min = 9223372036854.78ms, total = 0.00ms
	CoreWorker.ExitIfParentRayletDies - 1 total (1 active), Execution time: mean = 0.00ms, total = 0.00ms, Queueing time: mean = 0.00ms, max = -0.00ms, min = 9223372036854.78ms, total = 0.00ms

-----------------
Task execution event stats:

Global stats: 0 total (0 active)
Queueing time: mean = -nanms, max = -0.00ms, min = 9223372036854.78ms, total = 0.00ms
Execution time:  mean = -nanms, total = 0.00ms
Event stats:

-----------------
Task Event stats:

IO Service Stats:

Global stats: 4 total (1 active)
Queueing time: mean = 0.02ms, max = 0.07ms, min = 0.02ms, total = 0.09ms
Execution time:  mean = 0.24ms, total = 0.97ms
Event stats:
	ray::rpc::TaskInfoGcsService.grpc_client.AddTaskEventData - 1 total (0 active), Execution time: mean = 0.73ms, total = 0.73ms, Queueing time: mean = 0.00ms, max = -0.00ms, min = 9223372036854.78ms, total = 0.00ms
	PeriodicalRunner.RunFnPeriodically - 1 total (0 active), Execution time: mean = 0.22ms, total = 0.22ms, Queueing time: mean = 0.07ms, max = 0.07ms, min = 0.07ms, total = 0.07ms
	CoreWorker.deadline_timer.flush_task_events - 1 total (1 active), Execution time: mean = 0.00ms, total = 0.00ms, Queueing time: mean = 0.00ms, max = -0.00ms, min = 9223372036854.78ms, total = 0.00ms
	ray::rpc::TaskInfoGcsService.grpc_client.AddTaskEventData.OnReplyReceived - 1 total (0 active), Execution time: mean = 0.02ms, total = 0.02ms, Queueing time: mean = 0.02ms, max = 0.02ms, min = 0.02ms, total = 0.02ms
Other Stats:
	gcs_grpc_in_progress:0
	event_aggregator_grpc_in_progress:0
	current number of task status events in buffer: 0
	current number of profile events in buffer: 0
	current number of dropped task attempts tracked: 0
	total task events sent: 0 MiB
	total number of task attempts sent: 0
	total number of task attempts dropped reported: 0
	total number of sent failure: 0
	num status task events dropped: 0
	num profile task events dropped: 0
	num ray task events reported to aggregator: 0
	num ray task events failed to report to aggregator: 0
	num of task attempts dropped reported to aggregator: 0
	num of failed requests to aggregator: 0

[2026-01-26 22:33:46,801 I 2688698 2689379] accessor.cc:433: Received address and liveness notification for node, IsAlive = 1 node_id=5c662d4ac6690a8798dddea7db71bd58028cbfcfc928e667d093dbba
[2026-01-26 22:33:46,801 I 2688698 2689379] normal_task_submitter.cc:840: Number of alive nodes:1
[2026-01-26 22:33:48,803 I 2688698 2689379] metrics_agent_client.cc:59: Exporter initialized.
[2026-01-26 22:34:46,801 I 2688698 2689379] core_worker.cc:455: Event stats:


Global stats: 890 total (8 active)
Queueing time: mean = 2.30ms, max = 1000.02ms, min = 0.01ms, total = 2044.50ms
Execution time:  mean = 0.08ms, total = 74.93ms
Event stats:
	CoreWorker.RecoverObjects - 600 total (1 active), Execution time: mean = 0.01ms, total = 5.55ms, Queueing time: mean = 0.05ms, max = 0.39ms, min = 0.02ms, total = 32.43ms
	NodeManagerService.grpc_client.ReportWorkerBacklog - 60 total (0 active), Execution time: mean = 0.80ms, total = 48.23ms, Queueing time: mean = 0.00ms, max = -0.00ms, min = 9223372036854.78ms, total = 0.00ms
	CoreWorker.ExitIfParentRayletDies - 60 total (1 active), Execution time: mean = 0.01ms, total = 0.64ms, Queueing time: mean = 0.05ms, max = 0.08ms, min = 0.01ms, total = 2.87ms
	CoreWorker.InternalHeartbeat - 60 total (1 active), Execution time: mean = 0.18ms, total = 10.96ms, Queueing time: mean = 0.05ms, max = 0.08ms, min = 0.02ms, total = 2.74ms
	NodeManagerService.grpc_client.ReportWorkerBacklog.OnReplyReceived - 60 total (0 active), Execution time: mean = 0.03ms, total = 1.58ms, Queueing time: mean = 0.04ms, max = 0.08ms, min = 0.01ms, total = 2.34ms
	CoreWorker.RecordMetrics - 12 total (1 active), Execution time: mean = 0.06ms, total = 0.66ms, Queueing time: mean = 0.03ms, max = 0.07ms, min = 0.01ms, total = 0.38ms
	PeriodicalRunner.RunFnPeriodically - 7 total (0 active), Execution time: mean = 0.11ms, total = 0.75ms, Queueing time: mean = 0.29ms, max = 0.72ms, min = 0.01ms, total = 2.06ms
	CoreWorker.TryDelPendingObjectRefStreams - 6 total (1 active), Execution time: mean = 0.01ms, total = 0.04ms, Queueing time: mean = 0.05ms, max = 0.08ms, min = 0.02ms, total = 0.28ms
	CoreWorkerService.grpc_server.GetCoreWorkerStats - 4 total (0 active), Execution time: mean = 0.36ms, total = 1.46ms, Queueing time: mean = 0.00ms, max = -0.00ms, min = 9223372036854.78ms, total = 0.00ms
	CoreWorkerService.grpc_server.GetCoreWorkerStats.HandleRequestImpl - 4 total (0 active), Execution time: mean = 0.11ms, total = 0.45ms, Queueing time: mean = 0.02ms, max = 0.03ms, min = 0.02ms, total = 0.09ms
	ReporterService.grpc_client.HealthCheck - 3 total (0 active), Execution time: mean = 0.62ms, total = 1.87ms, Queueing time: mean = 0.00ms, max = -0.00ms, min = 9223372036854.78ms, total = 0.00ms
	ReporterService.grpc_client.HealthCheck.OnReplyReceived - 3 total (0 active), Execution time: mean = 0.14ms, total = 0.41ms, Queueing time: mean = 0.05ms, max = 0.09ms, min = 0.02ms, total = 0.16ms
	MetricsAgentClient.WaitForServerReadyWithRetry - 2 total (0 active), Execution time: mean = 0.17ms, total = 0.35ms, Queueing time: mean = 1000.02ms, max = 1000.02ms, min = 1000.02ms, total = 2000.04ms
	ray::rpc::InternalPubSubGcsService.grpc_client.GcsSubscriberPoll - 1 total (1 active), Execution time: mean = 0.00ms, total = 0.00ms, Queueing time: mean = 0.00ms, max = -0.00ms, min = 9223372036854.78ms, total = 0.00ms
	CoreWorker.PrintEventStats - 1 total (1 active, 1 running), Execution time: mean = 0.00ms, total = 0.00ms, Queueing time: mean = 0.00ms, max = -0.00ms, min = 9223372036854.78ms, total = 0.00ms
	ray::rpc::WorkerInfoGcsService.grpc_client.AddWorkerInfo - 1 total (0 active), Execution time: mean = 0.60ms, total = 0.60ms, Queueing time: mean = 0.00ms, max = -0.00ms, min = 9223372036854.78ms, total = 0.00ms
	ray::rpc::InternalPubSubGcsService.grpc_client.GcsSubscriberCommandBatch - 1 total (0 active), Execution time: mean = 0.64ms, total = 0.64ms, Queueing time: mean = 0.00ms, max = -0.00ms, min = 9223372036854.78ms, total = 0.00ms
	ray::rpc::NodeInfoGcsService.grpc_client.GetAllNodeAddressAndLiveness.OnReplyReceived - 1 total (0 active), Execution time: mean = 0.06ms, total = 0.06ms, Queueing time: mean = 0.01ms, max = 0.01ms, min = 0.01ms, total = 0.01ms
	ray::rpc::WorkerInfoGcsService.grpc_client.AddWorkerInfo.OnReplyReceived - 1 total (0 active), Execution time: mean = 0.03ms, total = 0.03ms, Queueing time: mean = 0.65ms, max = 0.65ms, min = 0.65ms, total = 0.65ms
	Publisher.CheckDeadSubscribers - 1 total (1 active), Execution time: mean = 0.00ms, total = 0.00ms, Queueing time: mean = 0.00ms, max = -0.00ms, min = 9223372036854.78ms, total = 0.00ms
	ray::rpc::NodeInfoGcsService.grpc_client.GetAllNodeAddressAndLiveness - 1 total (0 active), Execution time: mean = 0.52ms, total = 0.52ms, Queueing time: mean = 0.00ms, max = -0.00ms, min = 9223372036854.78ms, total = 0.00ms
	ray::rpc::InternalPubSubGcsService.grpc_client.GcsSubscriberCommandBatch.OnReplyReceived - 1 total (0 active), Execution time: mean = 0.15ms, total = 0.15ms, Queueing time: mean = 0.45ms, max = 0.45ms, min = 0.45ms, total = 0.45ms

-----------------
Task execution event stats:

Global stats: 5954 total (1 active)
Queueing time: mean = 0.07ms, max = 14.73ms, min = -0.00ms, total = 414.48ms
Execution time:  mean = 0.01ms, total = 82.45ms
Event stats:
	CoreWorker.CheckSignal - 5953 total (1 active), Execution time: mean = 0.01ms, total = 82.44ms, Queueing time: mean = 0.07ms, max = 14.73ms, min = -0.00ms, total = 414.48ms
	PeriodicalRunner.RunFnPeriodically - 1 total (0 active), Execution time: mean = 0.01ms, total = 0.01ms, Queueing time: mean = 0.00ms, max = 0.00ms, min = 0.00ms, total = 0.00ms

-----------------
Task Event stats:

IO Service Stats:

Global stats: 181 total (1 active)
Queueing time: mean = 0.03ms, max = 0.10ms, min = 0.01ms, total = 5.85ms
Execution time:  mean = 0.34ms, total = 62.07ms
Event stats:
	ray::rpc::TaskInfoGcsService.grpc_client.AddTaskEventData - 60 total (0 active), Execution time: mean = 0.77ms, total = 46.31ms, Queueing time: mean = 0.00ms, max = -0.00ms, min = 9223372036854.78ms, total = 0.00ms
	CoreWorker.deadline_timer.flush_task_events - 60 total (1 active), Execution time: mean = 0.23ms, total = 13.51ms, Queueing time: mean = 0.06ms, max = 0.10ms, min = 0.02ms, total = 3.67ms
	ray::rpc::TaskInfoGcsService.grpc_client.AddTaskEventData.OnReplyReceived - 60 total (0 active), Execution time: mean = 0.03ms, total = 2.03ms, Queueing time: mean = 0.04ms, max = 0.08ms, min = 0.01ms, total = 2.11ms
	PeriodicalRunner.RunFnPeriodically - 1 total (0 active), Execution time: mean = 0.22ms, total = 0.22ms, Queueing time: mean = 0.07ms, max = 0.07ms, min = 0.07ms, total = 0.07ms
Other Stats:
	gcs_grpc_in_progress:0
	event_aggregator_grpc_in_progress:0
	current number of task status events in buffer: 0
	current number of profile events in buffer: 0
	current number of dropped task attempts tracked: 0
	total task events sent: 0 MiB
	total number of task attempts sent: 0
	total number of task attempts dropped reported: 0
	total number of sent failure: 0
	num status task events dropped: 0
	num profile task events dropped: 0
	num ray task events reported to aggregator: 0
	num ray task events failed to report to aggregator: 0
	num of task attempts dropped reported to aggregator: 0
	num of failed requests to aggregator: 0

[2026-01-26 22:34:55,154 I 2688698 2689379] accessor.cc:433: Received address and liveness notification for node, IsAlive = 0 node_id=5c662d4ac6690a8798dddea7db71bd58028cbfcfc928e667d093dbba
[2026-01-26 22:34:55,154 I 2688698 2689379] core_worker.cc:740: Node failure. All objects pinned on that node will be lost if object reconstruction is not enabled. node_id=5c662d4ac6690a8798dddea7db71bd58028cbfcfc928e667d093dbba
[2026-01-26 22:34:55,154 I 2688698 2689379] normal_task_submitter.cc:840: Number of alive nodes:0
