[2026-01-26 22:34:09,498 I 2692775 2692775] core_worker_process.cc:777: Constructing CoreWorkerProcess. pid: 2692775
[2026-01-26 22:34:09,501 I 2692775 2692775] event.cc:499: Ray Event initialized for CORE_WORKER
[2026-01-26 22:34:09,501 I 2692775 2692775] event.cc:499: Ray Event initialized for EXPORT_TASK
[2026-01-26 22:34:09,501 I 2692775 2692775] event.cc:332: Set ray event level to warning
[2026-01-26 22:34:09,501 I 2692775 2692775] event_aggregator_client.h:50: Initiating the local event aggregator client with port: 45627
[2026-01-26 22:34:09,503 I 2692775 2692775] grpc_server.cc:143: worker server started, listening on port 34675.
[2026-01-26 22:34:09,514 I 2692775 2692775] core_worker_process.cc:262: Initializing worker at address: 172.28.6.5:34675 worker_id=7beb77481f9704904209ee183ca7f447794590121c403c31eea64629 node_id=5c662d4ac6690a8798dddea7db71bd58028cbfcfc928e667d093dbba
[2026-01-26 22:34:09,515 I 2692775 2692775] task_event_buffer.cc:480: Reporting task events to GCS every 1000ms.
[2026-01-26 22:34:09,516 I 2692775 2692775] core_worker.cc:515: Adjusted worker niceness to 15
[2026-01-26 22:34:09,516 I 2692775 2692775] metrics_agent_client.cc:45: Initializing exporter ...
[2026-01-26 22:34:09,516 I 2692775 2692927] core_worker.cc:455: Event stats:


Global stats: 12 total (10 active)
Queueing time: mean = 0.01ms, max = 0.05ms, min = 0.03ms, total = 0.08ms
Execution time:  mean = 0.00ms, total = 0.04ms
Event stats:
	PeriodicalRunner.RunFnPeriodically - 7 total (5 active, 1 running), Execution time: mean = 0.01ms, total = 0.04ms, Queueing time: mean = 0.01ms, max = 0.05ms, min = 0.03ms, total = 0.08ms
	ray::rpc::WorkerInfoGcsService.grpc_client.AddWorkerInfo - 1 total (1 active), Execution time: mean = 0.00ms, total = 0.00ms, Queueing time: mean = 0.00ms, max = -0.00ms, min = 9223372036854.78ms, total = 0.00ms
	ray::rpc::InternalPubSubGcsService.grpc_client.GcsSubscriberCommandBatch - 1 total (1 active), Execution time: mean = 0.00ms, total = 0.00ms, Queueing time: mean = 0.00ms, max = -0.00ms, min = 9223372036854.78ms, total = 0.00ms
	CoreWorker.ExitIfParentRayletDies - 1 total (1 active), Execution time: mean = 0.00ms, total = 0.00ms, Queueing time: mean = 0.00ms, max = -0.00ms, min = 9223372036854.78ms, total = 0.00ms
	ray::rpc::InternalPubSubGcsService.grpc_client.GcsSubscriberPoll - 1 total (1 active), Execution time: mean = 0.00ms, total = 0.00ms, Queueing time: mean = 0.00ms, max = -0.00ms, min = 9223372036854.78ms, total = 0.00ms
	Publisher.CheckDeadSubscribers - 1 total (1 active), Execution time: mean = 0.00ms, total = 0.00ms, Queueing time: mean = 0.00ms, max = -0.00ms, min = 9223372036854.78ms, total = 0.00ms

-----------------
Task execution event stats:

Global stats: 0 total (0 active)
Queueing time: mean = -nanms, max = -0.00ms, min = 9223372036854.78ms, total = 0.00ms
Execution time:  mean = -nanms, total = 0.00ms
Event stats:

-----------------
Task Event stats:

IO Service Stats:

Global stats: 4 total (1 active)
Queueing time: mean = 0.01ms, max = 0.04ms, min = 0.01ms, total = 0.05ms
Execution time:  mean = 0.36ms, total = 1.46ms
Event stats:
	ray::rpc::TaskInfoGcsService.grpc_client.AddTaskEventData.OnReplyReceived - 1 total (0 active), Execution time: mean = 0.06ms, total = 0.06ms, Queueing time: mean = 0.04ms, max = 0.04ms, min = 0.04ms, total = 0.04ms
	PeriodicalRunner.RunFnPeriodically - 1 total (0 active), Execution time: mean = 0.42ms, total = 0.42ms, Queueing time: mean = 0.01ms, max = 0.01ms, min = 0.01ms, total = 0.01ms
	CoreWorker.deadline_timer.flush_task_events - 1 total (1 active), Execution time: mean = 0.00ms, total = 0.00ms, Queueing time: mean = 0.00ms, max = -0.00ms, min = 9223372036854.78ms, total = 0.00ms
	ray::rpc::TaskInfoGcsService.grpc_client.AddTaskEventData - 1 total (0 active), Execution time: mean = 0.97ms, total = 0.97ms, Queueing time: mean = 0.00ms, max = -0.00ms, min = 9223372036854.78ms, total = 0.00ms
Other Stats:
	gcs_grpc_in_progress:0
	event_aggregator_grpc_in_progress:0
	current number of task status events in buffer: 0
	current number of profile events in buffer: 0
	current number of dropped task attempts tracked: 0
	total task events sent: 0 MiB
	total number of task attempts sent: 0
	total number of task attempts dropped reported: 0
	total number of sent failure: 0
	num status task events dropped: 0
	num profile task events dropped: 0
	num ray task events reported to aggregator: 0
	num ray task events failed to report to aggregator: 0
	num of task attempts dropped reported to aggregator: 0
	num of failed requests to aggregator: 0

[2026-01-26 22:34:09,518 I 2692775 2692927] accessor.cc:433: Received address and liveness notification for node, IsAlive = 1 node_id=5c662d4ac6690a8798dddea7db71bd58028cbfcfc928e667d093dbba
[2026-01-26 22:34:09,518 I 2692775 2692927] normal_task_submitter.cc:840: Number of alive nodes:1
[2026-01-26 22:34:09,519 I 2692775 2692775] actor_task_submitter.cc:75: Set actor max pending calls to -1 actor_id=ae13c58a67c0b4c4042dd65701000000
[2026-01-26 22:34:09,519 I 2692775 2692775] core_worker.cc:2904: Creating actor actor_id=ae13c58a67c0b4c4042dd65701000000
[2026-01-26 22:34:09,534 I 2692775 2692927] metrics_agent_client.cc:59: Exporter initialized.
[2026-01-26 22:34:15,709 I 2692775 2692775] actor_task_submitter.cc:75: Set actor max pending calls to 0 actor_id=47776fe190e92ee18f026fcc01000000
[2026-01-26 22:34:15,740 I 2692775 2692927] actor_manager.cc:236: received notification on actor, state: ALIVE, ip address: 172.28.6.5, port: 40025, num_restarts: 0, death context type=CONTEXT_NOT_SET actor_id=47776fe190e92ee18f026fcc01000000 worker_id=2abfebbda58961452f7e88cb63297fafdbbd94a8a764eaecc2e572a5 node_id=5c662d4ac6690a8798dddea7db71bd58028cbfcfc928e667d093dbba
[2026-01-26 22:34:15,898 I 2692775 2692775] task_receiver.cc:142: Actor creation task finished, task_id: ffffffffffffffffae13c58a67c0b4c4042dd65701000000, actor_id: ae13c58a67c0b4c4042dd65701000000, actor_repr_name: 
[2026-01-26 22:34:55,149 I 2692775 2692775] core_worker_shutdown_executor.cc:94: Executing worker exit: SYSTEM_ERROR - Worker exits unexpectedly by a signal. SystemExit is raised (sys.exit is called). Exit code: 1. The process receives a SIGTERM. (timeout: -1ms)
[2026-01-26 22:34:55,149 I 2692775 2692775] core_worker_shutdown_executor.cc:128: Wait for currently executing tasks in the underlying thread pools to finish.
[2026-01-26 22:34:55,149 W 2692775 2692775] core_worker_shutdown_executor.cc:138: Failed to notify Raylet. The raylet may have already shut down or the connection was lost.
[2026-01-26 22:34:55,149 I 2692775 2692775] core_worker_shutdown_executor.cc:170: Not draining reference counter since this is an actor worker.
[2026-01-26 22:34:55,167 I 2692775 2692775] core_worker_shutdown_executor.cc:217: Try killing all child processes of this worker as it exits. Child process pids: 
[2026-01-26 22:34:55,168 I 2692775 2692775] core_worker_shutdown_executor.cc:262: Sending disconnect message to the local raylet.
[2026-01-26 22:34:55,168 I 2692775 2692775] raylet_ipc_client.cc:135: RayletIpcClient::Disconnect, exit_type=SYSTEM_ERROR, exit_detail=Worker exits unexpectedly by a signal. SystemExit is raised (sys.exit is called). Exit code: 1. The process receives a SIGTERM., has creation_task_exception_pb_bytes=0
[2026-01-26 22:34:55,168 W 2692775 2692775] core_worker_shutdown_executor.cc:281: Failed to disconnect from the local raylet: IOError: Broken pipe
[2026-01-26 22:34:55,290 I 2692775 2692775] task_event_buffer.cc:491: Shutting down TaskEventBuffer.
[2026-01-26 22:34:55,290 I 2692775 2692947] task_event_buffer.cc:459: Task event buffer io service stopped.
[2026-01-26 22:34:55,290 I 2692775 2692775] core_worker_shutdown_executor.cc:54: Waiting for joining a core worker io thread. If it hangs here, there might be deadlock or a high load in the core worker io service.
[2026-01-26 22:34:55,290 I 2692775 2692927] core_worker_process.cc:195: Core worker main io service stopped.
[2026-01-26 22:34:55,294 I 2692775 2692775] core_worker_shutdown_executor.cc:72: Disconnecting a GCS client.
[2026-01-26 22:34:55,294 I 2692775 2692775] core_worker_shutdown_executor.cc:79: Core worker ready to be deallocated.
[2026-01-26 22:34:55,294 I 2692775 2692775] core_worker_process.cc:955: Task execution loop terminated. Removing the global worker.
[2026-01-26 22:34:55,294 I 2692775 2692775] core_worker.cc:539: Core worker is destructed
[2026-01-26 22:34:55,294 I 2692775 2692775] task_event_buffer.cc:491: Shutting down TaskEventBuffer.
[2026-01-26 22:34:55,392 I 2692775 2692775] core_worker_process.cc:851: Destructing CoreWorkerProcessImpl. pid: 2692775
[2026-01-26 22:34:55,393 W 2692775 2693946] open_telemetry_metric_recorder.cc:66: Failed to export metrics to the metrics agent. Result: 1
[2026-01-26 22:34:55,393 I 2692775 2692775] stats.h:149: Stats module has shutdown.
