[2026-01-26 22:33:46,074 I 2687400 2687400] core_worker_process.cc:777: Constructing CoreWorkerProcess. pid: 2687400
[2026-01-26 22:33:46,079 I 2687400 2687400] event.cc:499: Ray Event initialized for CORE_WORKER
[2026-01-26 22:33:46,080 I 2687400 2687400] event.cc:499: Ray Event initialized for EXPORT_TASK
[2026-01-26 22:33:46,080 I 2687400 2687400] event.cc:332: Set ray event level to warning
[2026-01-26 22:33:46,080 I 2687400 2687400] event_aggregator_client.h:50: Initiating the local event aggregator client with port: 45627
[2026-01-26 22:33:47,285 I 2687400 2687400] grpc_server.cc:143: driver server started, listening on port 35591.
[2026-01-26 22:33:47,296 I 2687400 2687400] core_worker_process.cc:262: Initializing worker at address: 172.28.6.5:35591 worker_id=01000000ffffffffffffffffffffffffffffffffffffffffffffffff node_id=5c662d4ac6690a8798dddea7db71bd58028cbfcfc928e667d093dbba
[2026-01-26 22:33:47,297 I 2687400 2687400] task_event_buffer.cc:480: Reporting task events to GCS every 1000ms.
[2026-01-26 22:33:47,298 I 2687400 2688682] core_worker.cc:455: Event stats:


Global stats: 10 total (9 active)
Queueing time: mean = 0.00ms, max = 0.02ms, min = 0.02ms, total = 0.02ms
Execution time:  mean = 0.00ms, total = 0.03ms
Event stats:
	PeriodicalRunner.RunFnPeriodically - 6 total (5 active, 1 running), Execution time: mean = 0.01ms, total = 0.03ms, Queueing time: mean = 0.00ms, max = 0.02ms, min = 0.02ms, total = 0.02ms
	ray::rpc::WorkerInfoGcsService.grpc_client.AddWorkerInfo - 1 total (1 active), Execution time: mean = 0.00ms, total = 0.00ms, Queueing time: mean = 0.00ms, max = -0.00ms, min = 9223372036854.78ms, total = 0.00ms
	Publisher.CheckDeadSubscribers - 1 total (1 active), Execution time: mean = 0.00ms, total = 0.00ms, Queueing time: mean = 0.00ms, max = -0.00ms, min = 9223372036854.78ms, total = 0.00ms
	ray::rpc::InternalPubSubGcsService.grpc_client.GcsSubscriberPoll - 1 total (1 active), Execution time: mean = 0.00ms, total = 0.00ms, Queueing time: mean = 0.00ms, max = -0.00ms, min = 9223372036854.78ms, total = 0.00ms
	ray::rpc::InternalPubSubGcsService.grpc_client.GcsSubscriberCommandBatch - 1 total (1 active), Execution time: mean = 0.00ms, total = 0.00ms, Queueing time: mean = 0.00ms, max = -0.00ms, min = 9223372036854.78ms, total = 0.00ms

-----------------
Task execution event stats:

Global stats: 0 total (0 active)
Queueing time: mean = -nanms, max = -0.00ms, min = 9223372036854.78ms, total = 0.00ms
Execution time:  mean = -nanms, total = 0.00ms
Event stats:

-----------------
Task Event stats:

IO Service Stats:

Global stats: 4 total (1 active)
Queueing time: mean = 0.01ms, max = 0.02ms, min = 0.01ms, total = 0.03ms
Execution time:  mean = 0.27ms, total = 1.07ms
Event stats:
	CoreWorker.deadline_timer.flush_task_events - 1 total (1 active), Execution time: mean = 0.00ms, total = 0.00ms, Queueing time: mean = 0.00ms, max = -0.00ms, min = 9223372036854.78ms, total = 0.00ms
	ray::rpc::TaskInfoGcsService.grpc_client.AddTaskEventData - 1 total (0 active), Execution time: mean = 0.72ms, total = 0.72ms, Queueing time: mean = 0.00ms, max = -0.00ms, min = 9223372036854.78ms, total = 0.00ms
	PeriodicalRunner.RunFnPeriodically - 1 total (0 active), Execution time: mean = 0.32ms, total = 0.32ms, Queueing time: mean = 0.01ms, max = 0.01ms, min = 0.01ms, total = 0.01ms
	ray::rpc::TaskInfoGcsService.grpc_client.AddTaskEventData.OnReplyReceived - 1 total (0 active), Execution time: mean = 0.03ms, total = 0.03ms, Queueing time: mean = 0.02ms, max = 0.02ms, min = 0.02ms, total = 0.02ms
Other Stats:
	gcs_grpc_in_progress:0
	event_aggregator_grpc_in_progress:0
	current number of task status events in buffer: 1
	current number of profile events in buffer: 0
	current number of dropped task attempts tracked: 0
	total task events sent: 0 MiB
	total number of task attempts sent: 0
	total number of task attempts dropped reported: 0
	total number of sent failure: 0
	num status task events dropped: 0
	num profile task events dropped: 0
	num ray task events reported to aggregator: 0
	num ray task events failed to report to aggregator: 0
	num of task attempts dropped reported to aggregator: 0
	num of failed requests to aggregator: 0

[2026-01-26 22:33:47,299 I 2687400 2688682] accessor.cc:433: Received address and liveness notification for node, IsAlive = 1 node_id=5c662d4ac6690a8798dddea7db71bd58028cbfcfc928e667d093dbba
[2026-01-26 22:33:47,299 I 2687400 2688682] normal_task_submitter.cc:840: Number of alive nodes:1
[2026-01-26 22:33:47,299 I 2687400 2687400] metrics_agent_client.cc:45: Initializing exporter ...
[2026-01-26 22:33:47,334 I 2687400 2687400] actor_task_submitter.cc:75: Set actor max pending calls to -1 actor_id=64cd02efb60b817d3e062de501000000
[2026-01-26 22:33:47,342 I 2687400 2688682] actor_manager.cc:236: received notification on actor, state: PENDING_CREATION, ip address: , port: 0, num_restarts: 0, death context type=CONTEXT_NOT_SET actor_id=64cd02efb60b817d3e062de501000000 worker_id=NIL_ID node_id=5c662d4ac6690a8798dddea7db71bd58028cbfcfc928e667d093dbba
[2026-01-26 22:33:47,467 I 2687400 2688682] metrics_agent_client.cc:59: Exporter initialized.
[2026-01-26 22:33:57,532 I 2687400 2688682] actor_manager.cc:236: received notification on actor, state: ALIVE, ip address: 172.28.6.5, port: 35335, num_restarts: 0, death context type=CONTEXT_NOT_SET actor_id=64cd02efb60b817d3e062de501000000 worker_id=32b6763aa6f6eacae52ed21f595bc07a684da7110150f28037cebeb9 node_id=5c662d4ac6690a8798dddea7db71bd58028cbfcfc928e667d093dbba
[2026-01-26 22:34:47,299 I 2687400 2688682] core_worker.cc:455: Event stats:


Global stats: 839 total (9 active)
Queueing time: mean = 0.05ms, max = 1.16ms, min = 0.01ms, total = 45.31ms
Execution time:  mean = 24.66ms, total = 20686.61ms
Event stats:
	CoreWorker.RecoverObjects - 600 total (1 active), Execution time: mean = 0.01ms, total = 6.47ms, Queueing time: mean = 0.06ms, max = 0.10ms, min = 0.01ms, total = 33.86ms
	NodeManagerService.grpc_client.ReportWorkerBacklog - 60 total (0 active), Execution time: mean = 0.90ms, total = 53.93ms, Queueing time: mean = 0.00ms, max = -0.00ms, min = 9223372036854.78ms, total = 0.00ms
	NodeManagerService.grpc_client.ReportWorkerBacklog.OnReplyReceived - 60 total (0 active), Execution time: mean = 0.03ms, total = 1.66ms, Queueing time: mean = 0.04ms, max = 0.08ms, min = 0.01ms, total = 2.26ms
	CoreWorker.InternalHeartbeat - 60 total (1 active), Execution time: mean = 0.22ms, total = 12.91ms, Queueing time: mean = 0.08ms, max = 1.16ms, min = 0.02ms, total = 4.71ms
	CoreWorker.RecordMetrics - 12 total (1 active), Execution time: mean = 0.22ms, total = 2.69ms, Queueing time: mean = 0.06ms, max = 0.09ms, min = 0.03ms, total = 0.68ms
	PeriodicalRunner.RunFnPeriodically - 6 total (0 active), Execution time: mean = 0.09ms, total = 0.55ms, Queueing time: mean = 0.28ms, max = 0.55ms, min = 0.02ms, total = 1.70ms
	CoreWorker.TryDelPendingObjectRefStreams - 6 total (1 active), Execution time: mean = 0.01ms, total = 0.04ms, Queueing time: mean = 0.05ms, max = 0.07ms, min = 0.04ms, total = 0.31ms
	CoreWorkerService.grpc_server.GetCoreWorkerStats.HandleRequestImpl - 4 total (0 active), Execution time: mean = 0.11ms, total = 0.43ms, Queueing time: mean = 0.03ms, max = 0.04ms, min = 0.02ms, total = 0.10ms
	CoreWorkerService.grpc_server.GetCoreWorkerStats - 4 total (0 active), Execution time: mean = 0.32ms, total = 1.27ms, Queueing time: mean = 0.00ms, max = -0.00ms, min = 9223372036854.78ms, total = 0.00ms
	ray::rpc::InternalPubSubGcsService.grpc_client.GcsSubscriberCommandBatch - 2 total (0 active), Execution time: mean = 0.74ms, total = 1.48ms, Queueing time: mean = 0.00ms, max = -0.00ms, min = 9223372036854.78ms, total = 0.00ms
	ray::rpc::InternalPubSubGcsService.grpc_client.GcsSubscriberCommandBatch.OnReplyReceived - 2 total (0 active), Execution time: mean = 0.16ms, total = 0.33ms, Queueing time: mean = 0.02ms, max = 0.02ms, min = 0.02ms, total = 0.04ms
	ray::rpc::InternalPubSubGcsService.grpc_client.GcsSubscriberPoll - 2 total (1 active), Execution time: mean = 5116.92ms, total = 10233.84ms, Queueing time: mean = 0.00ms, max = -0.00ms, min = 9223372036854.78ms, total = 0.00ms
	ReporterService.grpc_client.HealthCheck - 1 total (0 active), Execution time: mean = 167.53ms, total = 167.53ms, Queueing time: mean = 0.00ms, max = -0.00ms, min = 9223372036854.78ms, total = 0.00ms
	ray::rpc::ActorInfoGcsService.grpc_client.GetActorInfo - 1 total (0 active), Execution time: mean = 0.69ms, total = 0.69ms, Queueing time: mean = 0.00ms, max = -0.00ms, min = 9223372036854.78ms, total = 0.00ms
	ray::rpc::InternalPubSubGcsService.grpc_client.GcsSubscriberPoll.OnReplyReceived - 1 total (0 active), Execution time: mean = 0.68ms, total = 0.68ms, Queueing time: mean = 0.02ms, max = 0.02ms, min = 0.02ms, total = 0.02ms
	CoreWorkerService.grpc_server.WaitForActorRefDeleted - 1 total (1 active), Execution time: mean = 0.00ms, total = 0.00ms, Queueing time: mean = 0.00ms, max = -0.00ms, min = 9223372036854.78ms, total = 0.00ms
	ray::rpc::ActorInfoGcsService.grpc_client.CreateActor.OnReplyReceived - 1 total (0 active), Execution time: mean = 0.08ms, total = 0.08ms, Queueing time: mean = 0.67ms, max = 0.67ms, min = 0.67ms, total = 0.67ms
	ray::rpc::ActorInfoGcsService.grpc_client.CreateActor - 1 total (0 active), Execution time: mean = 10195.19ms, total = 10195.19ms, Queueing time: mean = 0.00ms, max = -0.00ms, min = 9223372036854.78ms, total = 0.00ms
	ray::rpc::NodeInfoGcsService.grpc_client.GetAllNodeAddressAndLiveness.OnReplyReceived - 1 total (0 active), Execution time: mean = 0.04ms, total = 0.04ms, Queueing time: mean = 0.01ms, max = 0.01ms, min = 0.01ms, total = 0.01ms
	ray::rpc::ActorInfoGcsService.grpc_client.RegisterActor.OnReplyReceived - 1 total (0 active), Execution time: mean = 0.32ms, total = 0.32ms, Queueing time: mean = 0.05ms, max = 0.05ms, min = 0.05ms, total = 0.05ms
	ReporterService.grpc_client.HealthCheck.OnReplyReceived - 1 total (0 active), Execution time: mean = 0.41ms, total = 0.41ms, Queueing time: mean = 0.05ms, max = 0.05ms, min = 0.05ms, total = 0.05ms
	ray::rpc::WorkerInfoGcsService.grpc_client.AddWorkerInfo.OnReplyReceived - 1 total (0 active), Execution time: mean = 0.02ms, total = 0.02ms, Queueing time: mean = 0.16ms, max = 0.16ms, min = 0.16ms, total = 0.16ms
	ray::rpc::ActorInfoGcsService.grpc_client.GetActorInfo.OnReplyReceived - 1 total (0 active), Execution time: mean = 1.45ms, total = 1.45ms, Queueing time: mean = 0.02ms, max = 0.02ms, min = 0.02ms, total = 0.02ms
	Publisher.CheckDeadSubscribers - 1 total (1 active), Execution time: mean = 0.00ms, total = 0.00ms, Queueing time: mean = 0.00ms, max = -0.00ms, min = 9223372036854.78ms, total = 0.00ms
	ray::rpc::WorkerInfoGcsService.grpc_client.AddWorkerInfo - 1 total (0 active), Execution time: mean = 0.67ms, total = 0.67ms, Queueing time: mean = 0.00ms, max = -0.00ms, min = 9223372036854.78ms, total = 0.00ms
	ActorCreator.AsyncRegisterActor - 1 total (0 active), Execution time: mean = 0.24ms, total = 0.24ms, Queueing time: mean = 0.05ms, max = 0.05ms, min = 0.05ms, total = 0.05ms
	Subscriber.HandlePublishedMessage_GCS_ACTOR_CHANNEL - 1 total (0 active), Execution time: mean = 1.11ms, total = 1.11ms, Queueing time: mean = 0.35ms, max = 0.35ms, min = 0.35ms, total = 0.35ms
	ActorTaskSubmitter::SubmitTask - 1 total (0 active), Execution time: mean = 0.01ms, total = 0.01ms, Queueing time: mean = 0.03ms, max = 0.03ms, min = 0.03ms, total = 0.03ms
	CoreWorkerService.grpc_client.PushTask - 1 total (1 active), Execution time: mean = 0.00ms, total = 0.00ms, Queueing time: mean = 0.00ms, max = -0.00ms, min = 9223372036854.78ms, total = 0.00ms
	CoreWorkerService.grpc_server.WaitForActorRefDeleted.HandleRequestImpl - 1 total (0 active), Execution time: mean = 0.06ms, total = 0.06ms, Queueing time: mean = 0.22ms, max = 0.22ms, min = 0.22ms, total = 0.22ms
	ray::rpc::NodeInfoGcsService.grpc_client.GetAllNodeAddressAndLiveness - 1 total (0 active), Execution time: mean = 0.55ms, total = 0.55ms, Queueing time: mean = 0.00ms, max = -0.00ms, min = 9223372036854.78ms, total = 0.00ms
	ray::rpc::ActorInfoGcsService.grpc_client.RegisterActor - 1 total (0 active), Execution time: mean = 1.97ms, total = 1.97ms, Queueing time: mean = 0.00ms, max = -0.00ms, min = 9223372036854.78ms, total = 0.00ms
	CoreWorker.PrintEventStats - 1 total (1 active, 1 running), Execution time: mean = 0.00ms, total = 0.00ms, Queueing time: mean = 0.00ms, max = -0.00ms, min = 9223372036854.78ms, total = 0.00ms

-----------------
Task execution event stats:

Global stats: 0 total (0 active)
Queueing time: mean = -nanms, max = -0.00ms, min = 9223372036854.78ms, total = 0.00ms
Execution time:  mean = -nanms, total = 0.00ms
Event stats:

-----------------
Task Event stats:

IO Service Stats:

Global stats: 181 total (1 active)
Queueing time: mean = 0.03ms, max = 0.14ms, min = 0.01ms, total = 6.02ms
Execution time:  mean = 0.39ms, total = 70.65ms
Event stats:
	CoreWorker.deadline_timer.flush_task_events - 60 total (1 active), Execution time: mean = 0.26ms, total = 15.78ms, Queueing time: mean = 0.06ms, max = 0.11ms, min = 0.03ms, total = 3.72ms
	ray::rpc::TaskInfoGcsService.grpc_client.AddTaskEventData - 60 total (0 active), Execution time: mean = 0.87ms, total = 52.28ms, Queueing time: mean = 0.00ms, max = -0.00ms, min = 9223372036854.78ms, total = 0.00ms
	ray::rpc::TaskInfoGcsService.grpc_client.AddTaskEventData.OnReplyReceived - 60 total (0 active), Execution time: mean = 0.04ms, total = 2.27ms, Queueing time: mean = 0.04ms, max = 0.14ms, min = 0.02ms, total = 2.29ms
	PeriodicalRunner.RunFnPeriodically - 1 total (0 active), Execution time: mean = 0.32ms, total = 0.32ms, Queueing time: mean = 0.01ms, max = 0.01ms, min = 0.01ms, total = 0.01ms
Other Stats:
	gcs_grpc_in_progress:0
	event_aggregator_grpc_in_progress:0
	current number of task status events in buffer: 0
	current number of profile events in buffer: 0
	current number of dropped task attempts tracked: 0
	total task events sent: 0.00112629 MiB
	total number of task attempts sent: 5
	total number of task attempts dropped reported: 0
	total number of sent failure: 0
	num status task events dropped: 0
	num profile task events dropped: 0
	num ray task events reported to aggregator: 0
	num ray task events failed to report to aggregator: 0
	num of task attempts dropped reported to aggregator: 0
	num of failed requests to aggregator: 0

[2026-01-26 22:34:55,135 I 2687400 2687400] core_worker.cc:584: Sending disconnect message to the local raylet.
[2026-01-26 22:34:55,136 I 2687400 2687400] raylet_ipc_client.cc:135: RayletIpcClient::Disconnect, exit_type=INTENDED_USER_EXIT, exit_detail=Shutdown by ray.shutdown()., has creation_task_exception_pb_bytes=0
[2026-01-26 22:34:55,136 I 2687400 2687400] core_worker.cc:589: Disconnected from the local raylet.
[2026-01-26 22:34:55,137 I 2687400 2687400] task_event_buffer.cc:491: Shutting down TaskEventBuffer.
[2026-01-26 22:34:55,137 I 2687400 2691438] task_event_buffer.cc:459: Task event buffer io service stopped.
[2026-01-26 22:34:55,137 I 2687400 2687400] core_worker_shutdown_executor.cc:54: Waiting for joining a core worker io thread. If it hangs here, there might be deadlock or a high load in the core worker io service.
[2026-01-26 22:34:55,137 I 2687400 2688682] core_worker_process.cc:195: Core worker main io service stopped.
[2026-01-26 22:34:55,141 I 2687400 2687400] core_worker_shutdown_executor.cc:72: Disconnecting a GCS client.
[2026-01-26 22:34:55,141 I 2687400 2687400] core_worker_shutdown_executor.cc:79: Core worker ready to be deallocated.
[2026-01-26 22:34:55,141 I 2687400 2687400] core_worker.cc:539: Core worker is destructed
[2026-01-26 22:34:55,141 I 2687400 2687400] task_event_buffer.cc:491: Shutting down TaskEventBuffer.
[2026-01-26 22:34:55,144 I 2687400 2687400] core_worker_process.cc:851: Destructing CoreWorkerProcessImpl. pid: 2687400
[2026-01-26 22:34:55,147 I 2687400 2687400] stats.h:149: Stats module has shutdown.
