[2026-01-26 22:33:47,013 I 2688728 2688728] core_worker_process.cc:777: Constructing CoreWorkerProcess. pid: 2688728
[2026-01-26 22:33:47,015 I 2688728 2688728] event.cc:499: Ray Event initialized for CORE_WORKER
[2026-01-26 22:33:47,015 I 2688728 2688728] event.cc:499: Ray Event initialized for EXPORT_TASK
[2026-01-26 22:33:47,015 I 2688728 2688728] event.cc:332: Set ray event level to warning
[2026-01-26 22:33:47,015 I 2688728 2688728] event_aggregator_client.h:50: Initiating the local event aggregator client with port: 45627
[2026-01-26 22:33:47,018 I 2688728 2688728] grpc_server.cc:143: worker server started, listening on port 42041.
[2026-01-26 22:33:47,031 I 2688728 2688728] core_worker_process.cc:262: Initializing worker at address: 172.28.6.5:42041 worker_id=0c28235f97df49a2a4a32a651ae893e569dbb20dc1b4e6c3da9e0921 node_id=5c662d4ac6690a8798dddea7db71bd58028cbfcfc928e667d093dbba
[2026-01-26 22:33:47,032 I 2688728 2688728] task_event_buffer.cc:480: Reporting task events to GCS every 1000ms.
[2026-01-26 22:33:47,033 I 2688728 2688728] core_worker.cc:515: Adjusted worker niceness to 15
[2026-01-26 22:33:47,033 I 2688728 2688728] metrics_agent_client.cc:45: Initializing exporter ...
[2026-01-26 22:33:47,033 I 2688728 2690977] core_worker.cc:455: Event stats:


Global stats: 12 total (10 active)
Queueing time: mean = 0.00ms, max = 0.05ms, min = 0.01ms, total = 0.06ms
Execution time:  mean = 0.00ms, total = 0.04ms
Event stats:
	PeriodicalRunner.RunFnPeriodically - 7 total (5 active, 1 running), Execution time: mean = 0.01ms, total = 0.04ms, Queueing time: mean = 0.01ms, max = 0.05ms, min = 0.01ms, total = 0.06ms
	ray::rpc::WorkerInfoGcsService.grpc_client.AddWorkerInfo - 1 total (1 active), Execution time: mean = 0.00ms, total = 0.00ms, Queueing time: mean = 0.00ms, max = -0.00ms, min = 9223372036854.78ms, total = 0.00ms
	CoreWorker.ExitIfParentRayletDies - 1 total (1 active), Execution time: mean = 0.00ms, total = 0.00ms, Queueing time: mean = 0.00ms, max = -0.00ms, min = 9223372036854.78ms, total = 0.00ms
	Publisher.CheckDeadSubscribers - 1 total (1 active), Execution time: mean = 0.00ms, total = 0.00ms, Queueing time: mean = 0.00ms, max = -0.00ms, min = 9223372036854.78ms, total = 0.00ms
	ray::rpc::InternalPubSubGcsService.grpc_client.GcsSubscriberCommandBatch - 1 total (1 active), Execution time: mean = 0.00ms, total = 0.00ms, Queueing time: mean = 0.00ms, max = -0.00ms, min = 9223372036854.78ms, total = 0.00ms
	ray::rpc::InternalPubSubGcsService.grpc_client.GcsSubscriberPoll - 1 total (1 active), Execution time: mean = 0.00ms, total = 0.00ms, Queueing time: mean = 0.00ms, max = -0.00ms, min = 9223372036854.78ms, total = 0.00ms

-----------------
Task execution event stats:

Global stats: 0 total (0 active)
Queueing time: mean = -nanms, max = -0.00ms, min = 9223372036854.78ms, total = 0.00ms
Execution time:  mean = -nanms, total = 0.00ms
Event stats:

-----------------
Task Event stats:

IO Service Stats:

Global stats: 4 total (1 active)
Queueing time: mean = 0.04ms, max = 0.13ms, min = 0.01ms, total = 0.15ms
Execution time:  mean = 0.22ms, total = 0.87ms
Event stats:
	ray::rpc::TaskInfoGcsService.grpc_client.AddTaskEventData - 1 total (0 active), Execution time: mean = 0.63ms, total = 0.63ms, Queueing time: mean = 0.00ms, max = -0.00ms, min = 9223372036854.78ms, total = 0.00ms
	CoreWorker.deadline_timer.flush_task_events - 1 total (1 active), Execution time: mean = 0.00ms, total = 0.00ms, Queueing time: mean = 0.00ms, max = -0.00ms, min = 9223372036854.78ms, total = 0.00ms
	ray::rpc::TaskInfoGcsService.grpc_client.AddTaskEventData.OnReplyReceived - 1 total (0 active), Execution time: mean = 0.04ms, total = 0.04ms, Queueing time: mean = 0.01ms, max = 0.01ms, min = 0.01ms, total = 0.01ms
	PeriodicalRunner.RunFnPeriodically - 1 total (0 active), Execution time: mean = 0.20ms, total = 0.20ms, Queueing time: mean = 0.13ms, max = 0.13ms, min = 0.13ms, total = 0.13ms
Other Stats:
	gcs_grpc_in_progress:0
	event_aggregator_grpc_in_progress:0
	current number of task status events in buffer: 0
	current number of profile events in buffer: 0
	current number of dropped task attempts tracked: 0
	total task events sent: 0 MiB
	total number of task attempts sent: 0
	total number of task attempts dropped reported: 0
	total number of sent failure: 0
	num status task events dropped: 0
	num profile task events dropped: 0
	num ray task events reported to aggregator: 0
	num ray task events failed to report to aggregator: 0
	num of task attempts dropped reported to aggregator: 0
	num of failed requests to aggregator: 0

[2026-01-26 22:33:47,034 I 2688728 2690977] accessor.cc:433: Received address and liveness notification for node, IsAlive = 1 node_id=5c662d4ac6690a8798dddea7db71bd58028cbfcfc928e667d093dbba
[2026-01-26 22:33:47,034 I 2688728 2690977] normal_task_submitter.cc:840: Number of alive nodes:1
[2026-01-26 22:33:48,036 I 2688728 2690977] metrics_agent_client.cc:59: Exporter initialized.
[2026-01-26 22:34:47,034 I 2688728 2690977] core_worker.cc:455: Event stats:


Global stats: 887 total (8 active)
Queueing time: mean = 1.18ms, max = 1000.03ms, min = 0.01ms, total = 1046.64ms
Execution time:  mean = 0.09ms, total = 75.78ms
Event stats:
	CoreWorker.RecoverObjects - 600 total (1 active), Execution time: mean = 0.01ms, total = 6.02ms, Queueing time: mean = 0.06ms, max = 0.10ms, min = 0.01ms, total = 33.98ms
	NodeManagerService.grpc_client.ReportWorkerBacklog.OnReplyReceived - 60 total (0 active), Execution time: mean = 0.03ms, total = 1.54ms, Queueing time: mean = 0.04ms, max = 0.07ms, min = 0.01ms, total = 2.11ms
	CoreWorker.ExitIfParentRayletDies - 60 total (1 active), Execution time: mean = 0.01ms, total = 0.70ms, Queueing time: mean = 0.05ms, max = 0.10ms, min = 0.02ms, total = 3.15ms
	CoreWorker.InternalHeartbeat - 60 total (1 active), Execution time: mean = 0.18ms, total = 10.91ms, Queueing time: mean = 0.05ms, max = 0.08ms, min = 0.01ms, total = 3.02ms
	NodeManagerService.grpc_client.ReportWorkerBacklog - 60 total (0 active), Execution time: mean = 0.81ms, total = 48.35ms, Queueing time: mean = 0.00ms, max = -0.00ms, min = 9223372036854.78ms, total = 0.00ms
	CoreWorker.RecordMetrics - 12 total (1 active), Execution time: mean = 0.06ms, total = 0.66ms, Queueing time: mean = 0.04ms, max = 0.09ms, min = 0.01ms, total = 0.49ms
	PeriodicalRunner.RunFnPeriodically - 7 total (0 active), Execution time: mean = 0.12ms, total = 0.87ms, Queueing time: mean = 0.34ms, max = 0.85ms, min = 0.01ms, total = 2.36ms
	CoreWorker.TryDelPendingObjectRefStreams - 6 total (1 active), Execution time: mean = 0.01ms, total = 0.03ms, Queueing time: mean = 0.05ms, max = 0.07ms, min = 0.02ms, total = 0.27ms
	CoreWorkerService.grpc_server.GetCoreWorkerStats - 4 total (0 active), Execution time: mean = 0.29ms, total = 1.16ms, Queueing time: mean = 0.00ms, max = -0.00ms, min = 9223372036854.78ms, total = 0.00ms
	CoreWorkerService.grpc_server.GetCoreWorkerStats.HandleRequestImpl - 4 total (0 active), Execution time: mean = 0.11ms, total = 0.42ms, Queueing time: mean = 0.02ms, max = 0.03ms, min = 0.02ms, total = 0.09ms
	ReporterService.grpc_client.HealthCheck - 2 total (0 active), Execution time: mean = 0.98ms, total = 1.96ms, Queueing time: mean = 0.00ms, max = -0.00ms, min = 9223372036854.78ms, total = 0.00ms
	ReporterService.grpc_client.HealthCheck.OnReplyReceived - 2 total (0 active), Execution time: mean = 0.20ms, total = 0.40ms, Queueing time: mean = 0.17ms, max = 0.32ms, min = 0.02ms, total = 0.34ms
	ray::rpc::NodeInfoGcsService.grpc_client.GetAllNodeAddressAndLiveness.OnReplyReceived - 1 total (0 active), Execution time: mean = 0.11ms, total = 0.11ms, Queueing time: mean = 0.02ms, max = 0.02ms, min = 0.02ms, total = 0.02ms
	ray::rpc::NodeInfoGcsService.grpc_client.GetAllNodeAddressAndLiveness - 1 total (0 active), Execution time: mean = 0.69ms, total = 0.69ms, Queueing time: mean = 0.00ms, max = -0.00ms, min = 9223372036854.78ms, total = 0.00ms
	MetricsAgentClient.WaitForServerReadyWithRetry - 1 total (0 active), Execution time: mean = 0.22ms, total = 0.22ms, Queueing time: mean = 1000.03ms, max = 1000.03ms, min = 1000.03ms, total = 1000.03ms
	ray::rpc::InternalPubSubGcsService.grpc_client.GcsSubscriberCommandBatch.OnReplyReceived - 1 total (0 active), Execution time: mean = 0.15ms, total = 0.15ms, Queueing time: mean = 0.36ms, max = 0.36ms, min = 0.36ms, total = 0.36ms
	ray::rpc::InternalPubSubGcsService.grpc_client.GcsSubscriberPoll - 1 total (1 active), Execution time: mean = 0.00ms, total = 0.00ms, Queueing time: mean = 0.00ms, max = -0.00ms, min = 9223372036854.78ms, total = 0.00ms
	ray::rpc::InternalPubSubGcsService.grpc_client.GcsSubscriberCommandBatch - 1 total (0 active), Execution time: mean = 0.76ms, total = 0.76ms, Queueing time: mean = 0.00ms, max = -0.00ms, min = 9223372036854.78ms, total = 0.00ms
	Publisher.CheckDeadSubscribers - 1 total (1 active), Execution time: mean = 0.00ms, total = 0.00ms, Queueing time: mean = 0.00ms, max = -0.00ms, min = 9223372036854.78ms, total = 0.00ms
	ray::rpc::WorkerInfoGcsService.grpc_client.AddWorkerInfo - 1 total (0 active), Execution time: mean = 0.81ms, total = 0.81ms, Queueing time: mean = 0.00ms, max = -0.00ms, min = 9223372036854.78ms, total = 0.00ms
	ray::rpc::WorkerInfoGcsService.grpc_client.AddWorkerInfo.OnReplyReceived - 1 total (0 active), Execution time: mean = 0.03ms, total = 0.03ms, Queueing time: mean = 0.41ms, max = 0.41ms, min = 0.41ms, total = 0.41ms
	CoreWorker.PrintEventStats - 1 total (1 active, 1 running), Execution time: mean = 0.00ms, total = 0.00ms, Queueing time: mean = 0.00ms, max = -0.00ms, min = 9223372036854.78ms, total = 0.00ms

-----------------
Task execution event stats:

Global stats: 5945 total (1 active)
Queueing time: mean = 0.08ms, max = 14.00ms, min = 0.00ms, total = 501.41ms
Execution time:  mean = 0.02ms, total = 98.81ms
Event stats:
	CoreWorker.CheckSignal - 5944 total (1 active), Execution time: mean = 0.02ms, total = 98.79ms, Queueing time: mean = 0.08ms, max = 14.00ms, min = 0.00ms, total = 501.40ms
	PeriodicalRunner.RunFnPeriodically - 1 total (0 active), Execution time: mean = 0.02ms, total = 0.02ms, Queueing time: mean = 0.01ms, max = 0.01ms, min = 0.01ms, total = 0.01ms

-----------------
Task Event stats:

IO Service Stats:

Global stats: 181 total (1 active)
Queueing time: mean = 0.03ms, max = 0.13ms, min = 0.01ms, total = 5.38ms
Execution time:  mean = 0.33ms, total = 58.85ms
Event stats:
	ray::rpc::TaskInfoGcsService.grpc_client.AddTaskEventData - 60 total (0 active), Execution time: mean = 0.74ms, total = 44.43ms, Queueing time: mean = 0.00ms, max = -0.00ms, min = 9223372036854.78ms, total = 0.00ms
	CoreWorker.deadline_timer.flush_task_events - 60 total (1 active), Execution time: mean = 0.20ms, total = 12.27ms, Queueing time: mean = 0.06ms, max = 0.10ms, min = 0.02ms, total = 3.30ms
	ray::rpc::TaskInfoGcsService.grpc_client.AddTaskEventData.OnReplyReceived - 60 total (0 active), Execution time: mean = 0.03ms, total = 1.94ms, Queueing time: mean = 0.03ms, max = 0.07ms, min = 0.01ms, total = 1.95ms
	PeriodicalRunner.RunFnPeriodically - 1 total (0 active), Execution time: mean = 0.20ms, total = 0.20ms, Queueing time: mean = 0.13ms, max = 0.13ms, min = 0.13ms, total = 0.13ms
Other Stats:
	gcs_grpc_in_progress:0
	event_aggregator_grpc_in_progress:0
	current number of task status events in buffer: 0
	current number of profile events in buffer: 0
	current number of dropped task attempts tracked: 0
	total task events sent: 0 MiB
	total number of task attempts sent: 0
	total number of task attempts dropped reported: 0
	total number of sent failure: 0
	num status task events dropped: 0
	num profile task events dropped: 0
	num ray task events reported to aggregator: 0
	num ray task events failed to report to aggregator: 0
	num of task attempts dropped reported to aggregator: 0
	num of failed requests to aggregator: 0

[2026-01-26 22:34:55,153 I 2688728 2690977] accessor.cc:433: Received address and liveness notification for node, IsAlive = 0 node_id=5c662d4ac6690a8798dddea7db71bd58028cbfcfc928e667d093dbba
[2026-01-26 22:34:55,153 I 2688728 2690977] core_worker.cc:740: Node failure. All objects pinned on that node will be lost if object reconstruction is not enabled. node_id=5c662d4ac6690a8798dddea7db71bd58028cbfcfc928e667d093dbba
[2026-01-26 22:34:55,153 I 2688728 2690977] normal_task_submitter.cc:840: Number of alive nodes:0
