[2026-01-26 22:33:47,025 I 2688724 2688724] core_worker_process.cc:777: Constructing CoreWorkerProcess. pid: 2688724
[2026-01-26 22:33:47,028 I 2688724 2688724] event.cc:499: Ray Event initialized for CORE_WORKER
[2026-01-26 22:33:47,028 I 2688724 2688724] event.cc:499: Ray Event initialized for EXPORT_TASK
[2026-01-26 22:33:47,028 I 2688724 2688724] event.cc:332: Set ray event level to warning
[2026-01-26 22:33:47,028 I 2688724 2688724] event_aggregator_client.h:50: Initiating the local event aggregator client with port: 45627
[2026-01-26 22:33:47,030 I 2688724 2688724] grpc_server.cc:143: worker server started, listening on port 43067.
[2026-01-26 22:33:47,040 I 2688724 2688724] core_worker_process.cc:262: Initializing worker at address: 172.28.6.5:43067 worker_id=c27a70baaed34c16f437b0432ea49435b69e9ce21fe1243b12212f84 node_id=5c662d4ac6690a8798dddea7db71bd58028cbfcfc928e667d093dbba
[2026-01-26 22:33:47,040 I 2688724 2688724] task_event_buffer.cc:480: Reporting task events to GCS every 1000ms.
[2026-01-26 22:33:47,041 I 2688724 2688724] core_worker.cc:515: Adjusted worker niceness to 15
[2026-01-26 22:33:47,041 I 2688724 2688724] metrics_agent_client.cc:45: Initializing exporter ...
[2026-01-26 22:33:47,041 I 2688724 2691044] core_worker.cc:455: Event stats:


Global stats: 12 total (10 active)
Queueing time: mean = 0.00ms, max = 0.03ms, min = 0.01ms, total = 0.04ms
Execution time:  mean = 0.00ms, total = 0.02ms
Event stats:
	PeriodicalRunner.RunFnPeriodically - 7 total (5 active, 1 running), Execution time: mean = 0.00ms, total = 0.02ms, Queueing time: mean = 0.01ms, max = 0.03ms, min = 0.01ms, total = 0.04ms
	CoreWorker.ExitIfParentRayletDies - 1 total (1 active), Execution time: mean = 0.00ms, total = 0.00ms, Queueing time: mean = 0.00ms, max = -0.00ms, min = 9223372036854.78ms, total = 0.00ms
	ray::rpc::InternalPubSubGcsService.grpc_client.GcsSubscriberCommandBatch - 1 total (1 active), Execution time: mean = 0.00ms, total = 0.00ms, Queueing time: mean = 0.00ms, max = -0.00ms, min = 9223372036854.78ms, total = 0.00ms
	ray::rpc::InternalPubSubGcsService.grpc_client.GcsSubscriberPoll - 1 total (1 active), Execution time: mean = 0.00ms, total = 0.00ms, Queueing time: mean = 0.00ms, max = -0.00ms, min = 9223372036854.78ms, total = 0.00ms
	Publisher.CheckDeadSubscribers - 1 total (1 active), Execution time: mean = 0.00ms, total = 0.00ms, Queueing time: mean = 0.00ms, max = -0.00ms, min = 9223372036854.78ms, total = 0.00ms
	ray::rpc::WorkerInfoGcsService.grpc_client.AddWorkerInfo - 1 total (1 active), Execution time: mean = 0.00ms, total = 0.00ms, Queueing time: mean = 0.00ms, max = -0.00ms, min = 9223372036854.78ms, total = 0.00ms

-----------------
Task execution event stats:

Global stats: 0 total (0 active)
Queueing time: mean = -nanms, max = -0.00ms, min = 9223372036854.78ms, total = 0.00ms
Execution time:  mean = -nanms, total = 0.00ms
Event stats:

-----------------
Task Event stats:

IO Service Stats:

Global stats: 3 total (2 active)
Queueing time: mean = 0.00ms, max = 0.01ms, min = 0.01ms, total = 0.01ms
Execution time:  mean = 0.09ms, total = 0.28ms
Event stats:
	PeriodicalRunner.RunFnPeriodically - 1 total (0 active), Execution time: mean = 0.28ms, total = 0.28ms, Queueing time: mean = 0.01ms, max = 0.01ms, min = 0.01ms, total = 0.01ms
	CoreWorker.deadline_timer.flush_task_events - 1 total (1 active), Execution time: mean = 0.00ms, total = 0.00ms, Queueing time: mean = 0.00ms, max = -0.00ms, min = 9223372036854.78ms, total = 0.00ms
	ray::rpc::TaskInfoGcsService.grpc_client.AddTaskEventData - 1 total (1 active), Execution time: mean = 0.00ms, total = 0.00ms, Queueing time: mean = 0.00ms, max = -0.00ms, min = 9223372036854.78ms, total = 0.00ms
Other Stats:
	gcs_grpc_in_progress:1
	event_aggregator_grpc_in_progress:0
	current number of task status events in buffer: 0
	current number of profile events in buffer: 0
	current number of dropped task attempts tracked: 0
	total task events sent: 0 MiB
	total number of task attempts sent: 0
	total number of task attempts dropped reported: 0
	total number of sent failure: 0
	num status task events dropped: 0
	num profile task events dropped: 0
	num ray task events reported to aggregator: 0
	num ray task events failed to report to aggregator: 0
	num of task attempts dropped reported to aggregator: 0
	num of failed requests to aggregator: 0

[2026-01-26 22:33:47,042 I 2688724 2691044] accessor.cc:433: Received address and liveness notification for node, IsAlive = 1 node_id=5c662d4ac6690a8798dddea7db71bd58028cbfcfc928e667d093dbba
[2026-01-26 22:33:47,042 I 2688724 2691044] normal_task_submitter.cc:840: Number of alive nodes:1
[2026-01-26 22:33:49,043 I 2688724 2691044] metrics_agent_client.cc:59: Exporter initialized.
[2026-01-26 22:34:47,042 I 2688724 2691044] core_worker.cc:455: Event stats:


Global stats: 890 total (8 active)
Queueing time: mean = 2.30ms, max = 1000.06ms, min = 0.01ms, total = 2042.65ms
Execution time:  mean = 0.08ms, total = 74.92ms
Event stats:
	CoreWorker.RecoverObjects - 600 total (1 active), Execution time: mean = 0.01ms, total = 5.78ms, Queueing time: mean = 0.05ms, max = 0.10ms, min = 0.01ms, total = 31.99ms
	CoreWorker.ExitIfParentRayletDies - 60 total (1 active), Execution time: mean = 0.01ms, total = 0.65ms, Queueing time: mean = 0.05ms, max = 0.10ms, min = 0.02ms, total = 3.17ms
	CoreWorker.InternalHeartbeat - 60 total (1 active), Execution time: mean = 0.19ms, total = 11.33ms, Queueing time: mean = 0.05ms, max = 0.11ms, min = 0.02ms, total = 2.91ms
	NodeManagerService.grpc_client.ReportWorkerBacklog - 60 total (0 active), Execution time: mean = 0.81ms, total = 48.32ms, Queueing time: mean = 0.00ms, max = -0.00ms, min = 9223372036854.78ms, total = 0.00ms
	NodeManagerService.grpc_client.ReportWorkerBacklog.OnReplyReceived - 60 total (0 active), Execution time: mean = 0.03ms, total = 1.56ms, Queueing time: mean = 0.03ms, max = 0.08ms, min = 0.01ms, total = 2.04ms
	CoreWorker.RecordMetrics - 12 total (1 active), Execution time: mean = 0.06ms, total = 0.66ms, Queueing time: mean = 0.04ms, max = 0.09ms, min = 0.01ms, total = 0.47ms
	PeriodicalRunner.RunFnPeriodically - 7 total (0 active), Execution time: mean = 0.06ms, total = 0.44ms, Queueing time: mean = 0.19ms, max = 0.45ms, min = 0.01ms, total = 1.33ms
	CoreWorker.TryDelPendingObjectRefStreams - 6 total (1 active), Execution time: mean = 0.00ms, total = 0.03ms, Queueing time: mean = 0.05ms, max = 0.07ms, min = 0.05ms, total = 0.31ms
	CoreWorkerService.grpc_server.GetCoreWorkerStats.HandleRequestImpl - 4 total (0 active), Execution time: mean = 0.11ms, total = 0.43ms, Queueing time: mean = 0.02ms, max = 0.02ms, min = 0.02ms, total = 0.08ms
	CoreWorkerService.grpc_server.GetCoreWorkerStats - 4 total (0 active), Execution time: mean = 0.31ms, total = 1.23ms, Queueing time: mean = 0.00ms, max = -0.00ms, min = 9223372036854.78ms, total = 0.00ms
	ReporterService.grpc_client.HealthCheck - 3 total (0 active), Execution time: mean = 0.57ms, total = 1.71ms, Queueing time: mean = 0.00ms, max = -0.00ms, min = 9223372036854.78ms, total = 0.00ms
	ReporterService.grpc_client.HealthCheck.OnReplyReceived - 3 total (0 active), Execution time: mean = 0.12ms, total = 0.35ms, Queueing time: mean = 0.03ms, max = 0.05ms, min = 0.02ms, total = 0.09ms
	MetricsAgentClient.WaitForServerReadyWithRetry - 2 total (0 active), Execution time: mean = 0.15ms, total = 0.31ms, Queueing time: mean = 1000.04ms, max = 1000.06ms, min = 1000.02ms, total = 2000.08ms
	ray::rpc::InternalPubSubGcsService.grpc_client.GcsSubscriberCommandBatch - 1 total (0 active), Execution time: mean = 0.64ms, total = 0.64ms, Queueing time: mean = 0.00ms, max = -0.00ms, min = 9223372036854.78ms, total = 0.00ms
	ray::rpc::NodeInfoGcsService.grpc_client.GetAllNodeAddressAndLiveness - 1 total (0 active), Execution time: mean = 0.61ms, total = 0.61ms, Queueing time: mean = 0.00ms, max = -0.00ms, min = 9223372036854.78ms, total = 0.00ms
	Publisher.CheckDeadSubscribers - 1 total (1 active), Execution time: mean = 0.00ms, total = 0.00ms, Queueing time: mean = 0.00ms, max = -0.00ms, min = 9223372036854.78ms, total = 0.00ms
	CoreWorker.PrintEventStats - 1 total (1 active, 1 running), Execution time: mean = 0.00ms, total = 0.00ms, Queueing time: mean = 0.00ms, max = -0.00ms, min = 9223372036854.78ms, total = 0.00ms
	ray::rpc::InternalPubSubGcsService.grpc_client.GcsSubscriberPoll - 1 total (1 active), Execution time: mean = 0.00ms, total = 0.00ms, Queueing time: mean = 0.00ms, max = -0.00ms, min = 9223372036854.78ms, total = 0.00ms
	ray::rpc::InternalPubSubGcsService.grpc_client.GcsSubscriberCommandBatch.OnReplyReceived - 1 total (0 active), Execution time: mean = 0.15ms, total = 0.15ms, Queueing time: mean = 0.01ms, max = 0.01ms, min = 0.01ms, total = 0.01ms
	ray::rpc::WorkerInfoGcsService.grpc_client.AddWorkerInfo.OnReplyReceived - 1 total (0 active), Execution time: mean = 0.02ms, total = 0.02ms, Queueing time: mean = 0.14ms, max = 0.14ms, min = 0.14ms, total = 0.14ms
	ray::rpc::NodeInfoGcsService.grpc_client.GetAllNodeAddressAndLiveness.OnReplyReceived - 1 total (0 active), Execution time: mean = 0.08ms, total = 0.08ms, Queueing time: mean = 0.02ms, max = 0.02ms, min = 0.02ms, total = 0.02ms
	ray::rpc::WorkerInfoGcsService.grpc_client.AddWorkerInfo - 1 total (0 active), Execution time: mean = 0.63ms, total = 0.63ms, Queueing time: mean = 0.00ms, max = -0.00ms, min = 9223372036854.78ms, total = 0.00ms

-----------------
Task execution event stats:

Global stats: 5946 total (1 active)
Queueing time: mean = 0.08ms, max = 18.17ms, min = 0.00ms, total = 493.74ms
Execution time:  mean = 0.02ms, total = 97.90ms
Event stats:
	CoreWorker.CheckSignal - 5945 total (1 active), Execution time: mean = 0.02ms, total = 97.89ms, Queueing time: mean = 0.08ms, max = 18.17ms, min = 0.00ms, total = 493.74ms
	PeriodicalRunner.RunFnPeriodically - 1 total (0 active), Execution time: mean = 0.01ms, total = 0.01ms, Queueing time: mean = 0.00ms, max = 0.00ms, min = 0.00ms, total = 0.00ms

-----------------
Task Event stats:

IO Service Stats:

Global stats: 181 total (1 active)
Queueing time: mean = 0.03ms, max = 0.10ms, min = 0.01ms, total = 5.10ms
Execution time:  mean = 0.33ms, total = 60.13ms
Event stats:
	CoreWorker.deadline_timer.flush_task_events - 60 total (1 active), Execution time: mean = 0.22ms, total = 13.06ms, Queueing time: mean = 0.05ms, max = 0.10ms, min = 0.02ms, total = 3.07ms
	ray::rpc::TaskInfoGcsService.grpc_client.AddTaskEventData - 60 total (0 active), Execution time: mean = 0.75ms, total = 44.82ms, Queueing time: mean = 0.00ms, max = -0.00ms, min = 9223372036854.78ms, total = 0.00ms
	ray::rpc::TaskInfoGcsService.grpc_client.AddTaskEventData.OnReplyReceived - 60 total (0 active), Execution time: mean = 0.03ms, total = 1.98ms, Queueing time: mean = 0.03ms, max = 0.06ms, min = 0.01ms, total = 2.02ms
	PeriodicalRunner.RunFnPeriodically - 1 total (0 active), Execution time: mean = 0.28ms, total = 0.28ms, Queueing time: mean = 0.01ms, max = 0.01ms, min = 0.01ms, total = 0.01ms
Other Stats:
	gcs_grpc_in_progress:0
	event_aggregator_grpc_in_progress:0
	current number of task status events in buffer: 0
	current number of profile events in buffer: 0
	current number of dropped task attempts tracked: 0
	total task events sent: 0 MiB
	total number of task attempts sent: 0
	total number of task attempts dropped reported: 0
	total number of sent failure: 0
	num status task events dropped: 0
	num profile task events dropped: 0
	num ray task events reported to aggregator: 0
	num ray task events failed to report to aggregator: 0
	num of task attempts dropped reported to aggregator: 0
	num of failed requests to aggregator: 0

[2026-01-26 22:34:55,153 I 2688724 2691044] accessor.cc:433: Received address and liveness notification for node, IsAlive = 0 node_id=5c662d4ac6690a8798dddea7db71bd58028cbfcfc928e667d093dbba
[2026-01-26 22:34:55,153 I 2688724 2691044] core_worker.cc:740: Node failure. All objects pinned on that node will be lost if object reconstruction is not enabled. node_id=5c662d4ac6690a8798dddea7db71bd58028cbfcfc928e667d093dbba
[2026-01-26 22:34:55,153 I 2688724 2691044] normal_task_submitter.cc:840: Number of alive nodes:0
