[2026-01-25 20:01:46,345 I 2430759 2430759] core_worker_process.cc:777: Constructing CoreWorkerProcess. pid: 2430759
[2026-01-25 20:01:46,351 I 2430759 2430759] event.cc:499: Ray Event initialized for CORE_WORKER
[2026-01-25 20:01:46,352 I 2430759 2430759] event.cc:499: Ray Event initialized for EXPORT_TASK
[2026-01-25 20:01:46,352 I 2430759 2430759] event.cc:332: Set ray event level to warning
[2026-01-25 20:01:46,352 I 2430759 2430759] event_aggregator_client.h:50: Initiating the local event aggregator client with port: 60241
[2026-01-25 20:01:46,354 I 2430759 2430759] grpc_server.cc:143: worker server started, listening on port 43465.
[2026-01-25 20:01:46,369 I 2430759 2430759] core_worker_process.cc:262: Initializing worker at address: 172.28.6.5:43465 worker_id=efc7eff7c60897e5f78a86e5089e4ed8d80d5c1fd0f24c82c0fbd066 node_id=42a7078ebc326d22833ba829df66800551e0d7beb157a51149403956
[2026-01-25 20:01:46,370 I 2430759 2430759] task_event_buffer.cc:480: Reporting task events to GCS every 1000ms.
[2026-01-25 20:01:46,374 I 2430759 2430759] core_worker.cc:515: Adjusted worker niceness to 15
[2026-01-25 20:01:46,375 I 2430759 2431192] core_worker.cc:455: Event stats:


Global stats: 12 total (10 active)
Queueing time: mean = 0.04ms, max = 0.44ms, min = 0.01ms, total = 0.45ms
Execution time:  mean = 0.27ms, total = 3.21ms
Event stats:
	PeriodicalRunner.RunFnPeriodically - 7 total (5 active, 1 running), Execution time: mean = 0.46ms, total = 3.21ms, Queueing time: mean = 0.06ms, max = 0.44ms, min = 0.01ms, total = 0.45ms
	ray::rpc::InternalPubSubGcsService.grpc_client.GcsSubscriberPoll - 1 total (1 active), Execution time: mean = 0.00ms, total = 0.00ms, Queueing time: mean = 0.00ms, max = -0.00ms, min = 9223372036854.78ms, total = 0.00ms
	CoreWorker.ExitIfParentRayletDies - 1 total (1 active), Execution time: mean = 0.00ms, total = 0.00ms, Queueing time: mean = 0.00ms, max = -0.00ms, min = 9223372036854.78ms, total = 0.00ms
	ray::rpc::InternalPubSubGcsService.grpc_client.GcsSubscriberCommandBatch - 1 total (1 active), Execution time: mean = 0.00ms, total = 0.00ms, Queueing time: mean = 0.00ms, max = -0.00ms, min = 9223372036854.78ms, total = 0.00ms
	ray::rpc::WorkerInfoGcsService.grpc_client.AddWorkerInfo - 1 total (1 active), Execution time: mean = 0.00ms, total = 0.00ms, Queueing time: mean = 0.00ms, max = -0.00ms, min = 9223372036854.78ms, total = 0.00ms
	Publisher.CheckDeadSubscribers - 1 total (1 active), Execution time: mean = 0.00ms, total = 0.00ms, Queueing time: mean = 0.00ms, max = -0.00ms, min = 9223372036854.78ms, total = 0.00ms

-----------------
Task execution event stats:

Global stats: 0 total (0 active)
Queueing time: mean = -nanms, max = -0.00ms, min = 9223372036854.78ms, total = 0.00ms
Execution time:  mean = -nanms, total = 0.00ms
Event stats:

-----------------
Task Event stats:

IO Service Stats:

Global stats: 3 total (2 active)
Queueing time: mean = 1.23ms, max = 3.68ms, min = 3.68ms, total = 3.68ms
Execution time:  mean = 0.09ms, total = 0.26ms
Event stats:
	PeriodicalRunner.RunFnPeriodically - 1 total (0 active), Execution time: mean = 0.26ms, total = 0.26ms, Queueing time: mean = 3.68ms, max = 3.68ms, min = 3.68ms, total = 3.68ms
	CoreWorker.deadline_timer.flush_task_events - 1 total (1 active), Execution time: mean = 0.00ms, total = 0.00ms, Queueing time: mean = 0.00ms, max = -0.00ms, min = 9223372036854.78ms, total = 0.00ms
	ray::rpc::TaskInfoGcsService.grpc_client.AddTaskEventData - 1 total (1 active), Execution time: mean = 0.00ms, total = 0.00ms, Queueing time: mean = 0.00ms, max = -0.00ms, min = 9223372036854.78ms, total = 0.00ms
Other Stats:
	gcs_grpc_in_progress:1
	event_aggregator_grpc_in_progress:0
	current number of task status events in buffer: 0
	current number of profile events in buffer: 0
	current number of dropped task attempts tracked: 0
	total task events sent: 0 MiB
	total number of task attempts sent: 0
	total number of task attempts dropped reported: 0
	total number of sent failure: 0
	num status task events dropped: 0
	num profile task events dropped: 0
	num ray task events reported to aggregator: 0
	num ray task events failed to report to aggregator: 0
	num of task attempts dropped reported to aggregator: 0
	num of failed requests to aggregator: 0

[2026-01-25 20:01:46,375 I 2430759 2430759] metrics_agent_client.cc:45: Initializing exporter ...
[2026-01-25 20:01:46,376 I 2430759 2431192] accessor.cc:433: Received address and liveness notification for node, IsAlive = 1 node_id=42a7078ebc326d22833ba829df66800551e0d7beb157a51149403956
[2026-01-25 20:01:46,376 I 2430759 2431192] normal_task_submitter.cc:840: Number of alive nodes:1
[2026-01-25 20:01:48,377 I 2430759 2431192] metrics_agent_client.cc:59: Exporter initialized.
[2026-01-25 20:02:46,375 I 2430759 2431192] core_worker.cc:455: Event stats:


Global stats: 890 total (8 active)
Queueing time: mean = 2.30ms, max = 1000.03ms, min = 0.01ms, total = 2046.99ms
Execution time:  mean = 0.09ms, total = 81.94ms
Event stats:
	CoreWorker.RecoverObjects - 600 total (1 active), Execution time: mean = 0.01ms, total = 5.57ms, Queueing time: mean = 0.06ms, max = 0.12ms, min = 0.02ms, total = 35.03ms
	CoreWorker.ExitIfParentRayletDies - 60 total (1 active), Execution time: mean = 0.01ms, total = 0.65ms, Queueing time: mean = 0.05ms, max = 0.09ms, min = 0.01ms, total = 3.25ms
	NodeManagerService.grpc_client.ReportWorkerBacklog - 60 total (0 active), Execution time: mean = 0.83ms, total = 49.78ms, Queueing time: mean = 0.00ms, max = -0.00ms, min = 9223372036854.78ms, total = 0.00ms
	NodeManagerService.grpc_client.ReportWorkerBacklog.OnReplyReceived - 60 total (0 active), Execution time: mean = 0.03ms, total = 1.58ms, Queueing time: mean = 0.03ms, max = 0.07ms, min = 0.01ms, total = 2.06ms
	CoreWorker.InternalHeartbeat - 60 total (1 active), Execution time: mean = 0.19ms, total = 11.23ms, Queueing time: mean = 0.05ms, max = 0.08ms, min = 0.02ms, total = 3.03ms
	CoreWorker.RecordMetrics - 12 total (1 active), Execution time: mean = 0.06ms, total = 0.69ms, Queueing time: mean = 0.04ms, max = 0.10ms, min = 0.01ms, total = 0.47ms
	PeriodicalRunner.RunFnPeriodically - 7 total (0 active), Execution time: mean = 0.58ms, total = 4.04ms, Queueing time: mean = 0.38ms, max = 0.84ms, min = 0.01ms, total = 2.66ms
	CoreWorker.TryDelPendingObjectRefStreams - 6 total (1 active), Execution time: mean = 0.01ms, total = 0.03ms, Queueing time: mean = 0.04ms, max = 0.08ms, min = 0.02ms, total = 0.22ms
	CoreWorkerService.grpc_server.GetCoreWorkerStats.HandleRequestImpl - 4 total (0 active), Execution time: mean = 0.12ms, total = 0.48ms, Queueing time: mean = 0.03ms, max = 0.04ms, min = 0.02ms, total = 0.11ms
	CoreWorkerService.grpc_server.GetCoreWorkerStats - 4 total (0 active), Execution time: mean = 0.40ms, total = 1.58ms, Queueing time: mean = 0.00ms, max = -0.00ms, min = 9223372036854.78ms, total = 0.00ms
	ReporterService.grpc_client.HealthCheck.OnReplyReceived - 3 total (0 active), Execution time: mean = 0.13ms, total = 0.40ms, Queueing time: mean = 0.02ms, max = 0.02ms, min = 0.02ms, total = 0.06ms
	ReporterService.grpc_client.HealthCheck - 3 total (0 active), Execution time: mean = 0.66ms, total = 1.99ms, Queueing time: mean = 0.00ms, max = -0.00ms, min = 9223372036854.78ms, total = 0.00ms
	MetricsAgentClient.WaitForServerReadyWithRetry - 2 total (0 active), Execution time: mean = 0.17ms, total = 0.34ms, Queueing time: mean = 1000.02ms, max = 1000.03ms, min = 1000.02ms, total = 2000.05ms
	ray::rpc::InternalPubSubGcsService.grpc_client.GcsSubscriberPoll - 1 total (1 active), Execution time: mean = 0.00ms, total = 0.00ms, Queueing time: mean = 0.00ms, max = -0.00ms, min = 9223372036854.78ms, total = 0.00ms
	ray::rpc::NodeInfoGcsService.grpc_client.GetAllNodeAddressAndLiveness - 1 total (0 active), Execution time: mean = 0.60ms, total = 0.60ms, Queueing time: mean = 0.00ms, max = -0.00ms, min = 9223372036854.78ms, total = 0.00ms
	ray::rpc::InternalPubSubGcsService.grpc_client.GcsSubscriberCommandBatch - 1 total (0 active), Execution time: mean = 1.21ms, total = 1.21ms, Queueing time: mean = 0.00ms, max = -0.00ms, min = 9223372036854.78ms, total = 0.00ms
	ray::rpc::WorkerInfoGcsService.grpc_client.AddWorkerInfo - 1 total (0 active), Execution time: mean = 1.55ms, total = 1.55ms, Queueing time: mean = 0.00ms, max = -0.00ms, min = 9223372036854.78ms, total = 0.00ms
	ray::rpc::InternalPubSubGcsService.grpc_client.GcsSubscriberCommandBatch.OnReplyReceived - 1 total (0 active), Execution time: mean = 0.12ms, total = 0.12ms, Queueing time: mean = 0.01ms, max = 0.01ms, min = 0.01ms, total = 0.01ms
	ray::rpc::WorkerInfoGcsService.grpc_client.AddWorkerInfo.OnReplyReceived - 1 total (0 active), Execution time: mean = 0.02ms, total = 0.02ms, Queueing time: mean = 0.01ms, max = 0.01ms, min = 0.01ms, total = 0.01ms
	ray::rpc::NodeInfoGcsService.grpc_client.GetAllNodeAddressAndLiveness.OnReplyReceived - 1 total (0 active), Execution time: mean = 0.08ms, total = 0.08ms, Queueing time: mean = 0.01ms, max = 0.01ms, min = 0.01ms, total = 0.01ms
	Publisher.CheckDeadSubscribers - 1 total (1 active), Execution time: mean = 0.00ms, total = 0.00ms, Queueing time: mean = 0.00ms, max = -0.00ms, min = 9223372036854.78ms, total = 0.00ms
	CoreWorker.PrintEventStats - 1 total (1 active, 1 running), Execution time: mean = 0.00ms, total = 0.00ms, Queueing time: mean = 0.00ms, max = -0.00ms, min = 9223372036854.78ms, total = 0.00ms

-----------------
Task execution event stats:

Global stats: 5961 total (1 active)
Queueing time: mean = 0.06ms, max = 0.13ms, min = 0.00ms, total = 340.07ms
Execution time:  mean = 0.02ms, total = 90.61ms
Event stats:
	CoreWorker.CheckSignal - 5960 total (1 active), Execution time: mean = 0.02ms, total = 90.60ms, Queueing time: mean = 0.06ms, max = 0.13ms, min = 0.01ms, total = 340.06ms
	PeriodicalRunner.RunFnPeriodically - 1 total (0 active), Execution time: mean = 0.01ms, total = 0.01ms, Queueing time: mean = 0.00ms, max = 0.00ms, min = 0.00ms, total = 0.00ms

-----------------
Task Event stats:

IO Service Stats:

Global stats: 181 total (1 active)
Queueing time: mean = 0.06ms, max = 3.68ms, min = 0.02ms, total = 10.38ms
Execution time:  mean = 0.35ms, total = 62.56ms
Event stats:
	CoreWorker.deadline_timer.flush_task_events - 60 total (1 active), Execution time: mean = 0.22ms, total = 13.19ms, Queueing time: mean = 0.06ms, max = 0.11ms, min = 0.02ms, total = 3.41ms
	ray::rpc::TaskInfoGcsService.grpc_client.AddTaskEventData - 60 total (0 active), Execution time: mean = 0.78ms, total = 46.99ms, Queueing time: mean = 0.00ms, max = -0.00ms, min = 9223372036854.78ms, total = 0.00ms
	ray::rpc::TaskInfoGcsService.grpc_client.AddTaskEventData.OnReplyReceived - 60 total (0 active), Execution time: mean = 0.04ms, total = 2.12ms, Queueing time: mean = 0.05ms, max = 0.97ms, min = 0.02ms, total = 3.29ms
	PeriodicalRunner.RunFnPeriodically - 1 total (0 active), Execution time: mean = 0.26ms, total = 0.26ms, Queueing time: mean = 3.68ms, max = 3.68ms, min = 3.68ms, total = 3.68ms
Other Stats:
	gcs_grpc_in_progress:0
	event_aggregator_grpc_in_progress:0
	current number of task status events in buffer: 0
	current number of profile events in buffer: 0
	current number of dropped task attempts tracked: 0
	total task events sent: 0 MiB
	total number of task attempts sent: 0
	total number of task attempts dropped reported: 0
	total number of sent failure: 0
	num status task events dropped: 0
	num profile task events dropped: 0
	num ray task events reported to aggregator: 0
	num ray task events failed to report to aggregator: 0
	num of task attempts dropped reported to aggregator: 0
	num of failed requests to aggregator: 0

[2026-01-25 20:02:55,676 I 2430759 2431192] accessor.cc:433: Received address and liveness notification for node, IsAlive = 0 node_id=42a7078ebc326d22833ba829df66800551e0d7beb157a51149403956
[2026-01-25 20:02:55,676 I 2430759 2431192] core_worker.cc:740: Node failure. All objects pinned on that node will be lost if object reconstruction is not enabled. node_id=42a7078ebc326d22833ba829df66800551e0d7beb157a51149403956
[2026-01-25 20:02:55,676 I 2430759 2431192] normal_task_submitter.cc:840: Number of alive nodes:0
