[2026-01-25 20:01:48,018 I 2433589 2433589] core_worker_process.cc:777: Constructing CoreWorkerProcess. pid: 2433589
[2026-01-25 20:01:48,021 I 2433589 2433589] event.cc:499: Ray Event initialized for CORE_WORKER
[2026-01-25 20:01:48,021 I 2433589 2433589] event.cc:499: Ray Event initialized for EXPORT_TASK
[2026-01-25 20:01:48,021 I 2433589 2433589] event.cc:332: Set ray event level to warning
[2026-01-25 20:01:48,021 I 2433589 2433589] event_aggregator_client.h:50: Initiating the local event aggregator client with port: 60241
[2026-01-25 20:01:48,024 I 2433589 2433589] grpc_server.cc:143: worker server started, listening on port 41295.
[2026-01-25 20:01:48,038 I 2433589 2433589] core_worker_process.cc:262: Initializing worker at address: 172.28.6.5:41295 worker_id=119a85939ea090af4b25c329c7c6b4049bfdb518238ca9522ffe52bf node_id=42a7078ebc326d22833ba829df66800551e0d7beb157a51149403956
[2026-01-25 20:01:48,039 I 2433589 2433589] task_event_buffer.cc:480: Reporting task events to GCS every 1000ms.
[2026-01-25 20:01:48,040 I 2433589 2433589] core_worker.cc:515: Adjusted worker niceness to 15
[2026-01-25 20:01:48,040 I 2433589 2433589] metrics_agent_client.cc:45: Initializing exporter ...
[2026-01-25 20:01:48,040 I 2433589 2433697] core_worker.cc:455: Event stats:


Global stats: 12 total (10 active)
Queueing time: mean = 0.00ms, max = 0.04ms, min = 0.01ms, total = 0.05ms
Execution time:  mean = 0.00ms, total = 0.05ms
Event stats:
	PeriodicalRunner.RunFnPeriodically - 7 total (5 active, 1 running), Execution time: mean = 0.01ms, total = 0.05ms, Queueing time: mean = 0.01ms, max = 0.04ms, min = 0.01ms, total = 0.05ms
	ray::rpc::InternalPubSubGcsService.grpc_client.GcsSubscriberCommandBatch - 1 total (1 active), Execution time: mean = 0.00ms, total = 0.00ms, Queueing time: mean = 0.00ms, max = -0.00ms, min = 9223372036854.78ms, total = 0.00ms
	Publisher.CheckDeadSubscribers - 1 total (1 active), Execution time: mean = 0.00ms, total = 0.00ms, Queueing time: mean = 0.00ms, max = -0.00ms, min = 9223372036854.78ms, total = 0.00ms
	ray::rpc::WorkerInfoGcsService.grpc_client.AddWorkerInfo - 1 total (1 active), Execution time: mean = 0.00ms, total = 0.00ms, Queueing time: mean = 0.00ms, max = -0.00ms, min = 9223372036854.78ms, total = 0.00ms
	ray::rpc::InternalPubSubGcsService.grpc_client.GcsSubscriberPoll - 1 total (1 active), Execution time: mean = 0.00ms, total = 0.00ms, Queueing time: mean = 0.00ms, max = -0.00ms, min = 9223372036854.78ms, total = 0.00ms
	CoreWorker.ExitIfParentRayletDies - 1 total (1 active), Execution time: mean = 0.00ms, total = 0.00ms, Queueing time: mean = 0.00ms, max = -0.00ms, min = 9223372036854.78ms, total = 0.00ms

-----------------
Task execution event stats:

Global stats: 0 total (0 active)
Queueing time: mean = -nanms, max = -0.00ms, min = 9223372036854.78ms, total = 0.00ms
Execution time:  mean = -nanms, total = 0.00ms
Event stats:

-----------------
Task Event stats:

IO Service Stats:

Global stats: 4 total (1 active)
Queueing time: mean = 0.01ms, max = 0.02ms, min = 0.01ms, total = 0.03ms
Execution time:  mean = 0.30ms, total = 1.19ms
Event stats:
	CoreWorker.deadline_timer.flush_task_events - 1 total (1 active), Execution time: mean = 0.00ms, total = 0.00ms, Queueing time: mean = 0.00ms, max = -0.00ms, min = 9223372036854.78ms, total = 0.00ms
	ray::rpc::TaskInfoGcsService.grpc_client.AddTaskEventData - 1 total (0 active), Execution time: mean = 0.85ms, total = 0.85ms, Queueing time: mean = 0.00ms, max = -0.00ms, min = 9223372036854.78ms, total = 0.00ms
	ray::rpc::TaskInfoGcsService.grpc_client.AddTaskEventData.OnReplyReceived - 1 total (0 active), Execution time: mean = 0.03ms, total = 0.03ms, Queueing time: mean = 0.02ms, max = 0.02ms, min = 0.02ms, total = 0.02ms
	PeriodicalRunner.RunFnPeriodically - 1 total (0 active), Execution time: mean = 0.31ms, total = 0.31ms, Queueing time: mean = 0.01ms, max = 0.01ms, min = 0.01ms, total = 0.01ms
Other Stats:
	gcs_grpc_in_progress:0
	event_aggregator_grpc_in_progress:0
	current number of task status events in buffer: 0
	current number of profile events in buffer: 0
	current number of dropped task attempts tracked: 0
	total task events sent: 0 MiB
	total number of task attempts sent: 0
	total number of task attempts dropped reported: 0
	total number of sent failure: 0
	num status task events dropped: 0
	num profile task events dropped: 0
	num ray task events reported to aggregator: 0
	num ray task events failed to report to aggregator: 0
	num of task attempts dropped reported to aggregator: 0
	num of failed requests to aggregator: 0

[2026-01-25 20:01:48,041 I 2433589 2433697] accessor.cc:433: Received address and liveness notification for node, IsAlive = 1 node_id=42a7078ebc326d22833ba829df66800551e0d7beb157a51149403956
[2026-01-25 20:01:48,041 I 2433589 2433697] normal_task_submitter.cc:840: Number of alive nodes:1
[2026-01-25 20:01:48,042 I 2433589 2433697] metrics_agent_client.cc:59: Exporter initialized.
[2026-01-25 20:01:48,043 I 2433589 2433589] actor_task_submitter.cc:75: Set actor max pending calls to -1 actor_id=99b20747434df339b42f74fd01000000
[2026-01-25 20:01:48,043 I 2433589 2433589] core_worker.cc:2904: Creating actor actor_id=99b20747434df339b42f74fd01000000
[2026-01-25 20:01:56,942 I 2433589 2433589] task_receiver.cc:142: Actor creation task finished, task_id: ffffffffffffffff99b20747434df339b42f74fd01000000, actor_id: 99b20747434df339b42f74fd01000000, actor_repr_name: 
[2026-01-25 20:01:57,658 I 2433589 2433589] core_worker.cc:2301: Submitting Placement Group creation to GCS placement_group_id=8285325ccf696e5ab2c075b6c7d701000000
[2026-01-25 20:01:58,687 W 2433589 2433589] actor_manager.cc:110: Failed to look up actor with name 'OXPSAxWorkerDict_0:0'. This could because 1. You are trying to look up a named actor you didn't create. 2. The named actor died. 3. You did not use a namespace matching the namespace of the actor.
[2026-01-25 20:01:58,734 I 2433589 2433589] actor_task_submitter.cc:75: Set actor max pending calls to -1 actor_id=54ec1a64a4124d80e0f535a701000000
[2026-01-25 20:02:05,746 I 2433589 2433589] actor_task_submitter.cc:75: Set actor max pending calls to 0 actor_id=2b471401d6a2febb423a8ba101000000
[2026-01-25 20:02:05,753 I 2433589 2433697] actor_manager.cc:236: received notification on actor, state: PENDING_CREATION, ip address: , port: 0, num_restarts: 0, death context type=CONTEXT_NOT_SET actor_id=2b471401d6a2febb423a8ba101000000 worker_id=NIL_ID node_id=42a7078ebc326d22833ba829df66800551e0d7beb157a51149403956
[2026-01-25 20:02:06,394 I 2433589 2433697] actor_manager.cc:236: received notification on actor, state: ALIVE, ip address: 172.28.6.5, port: 46031, num_restarts: 0, death context type=CONTEXT_NOT_SET actor_id=2b471401d6a2febb423a8ba101000000 worker_id=33ebcd36ebc37068331de8f7bf58cf2d56cd225efa5f106b6be66c28 node_id=42a7078ebc326d22833ba829df66800551e0d7beb157a51149403956
[2026-01-25 20:02:06,398 W 2433589 2433589] actor_manager.cc:110: Failed to look up actor with name 'OXPSAxWorkerDict_0:1'. This could because 1. You are trying to look up a named actor you didn't create. 2. The named actor died. 3. You did not use a namespace matching the namespace of the actor.
[2026-01-25 20:02:06,399 I 2433589 2433589] actor_task_submitter.cc:75: Set actor max pending calls to -1 actor_id=43d2b638b111b8bc0d421ab201000000
[2026-01-25 20:02:06,419 I 2433589 2433697] actor_manager.cc:236: received notification on actor, state: PENDING_CREATION, ip address: 172.28.6.5, port: 35237, num_restarts: 0, death context type=CONTEXT_NOT_SET actor_id=54ec1a64a4124d80e0f535a701000000 worker_id=251b5296e72bcb3a70b316d57ca784bc7f106dcd25898344269d655b node_id=42a7078ebc326d22833ba829df66800551e0d7beb157a51149403956
[2026-01-25 20:02:06,420 I 2433589 2433697] actor_manager.cc:236: received notification on actor, state: PENDING_CREATION, ip address: , port: 0, num_restarts: 0, death context type=CONTEXT_NOT_SET actor_id=43d2b638b111b8bc0d421ab201000000 worker_id=NIL_ID node_id=42a7078ebc326d22833ba829df66800551e0d7beb157a51149403956
[2026-01-25 20:02:13,164 I 2433589 2433697] actor_manager.cc:236: received notification on actor, state: ALIVE, ip address: 172.28.6.5, port: 35661, num_restarts: 0, death context type=CONTEXT_NOT_SET actor_id=43d2b638b111b8bc0d421ab201000000 worker_id=c35bb0670fba8c2d992a829fb8cce0e942506f394167824bb7237cf8 node_id=42a7078ebc326d22833ba829df66800551e0d7beb157a51149403956
[2026-01-25 20:02:13,179 I 2433589 2433697] actor_manager.cc:236: received notification on actor, state: ALIVE, ip address: 172.28.6.5, port: 35237, num_restarts: 0, death context type=CONTEXT_NOT_SET actor_id=54ec1a64a4124d80e0f535a701000000 worker_id=251b5296e72bcb3a70b316d57ca784bc7f106dcd25898344269d655b node_id=42a7078ebc326d22833ba829df66800551e0d7beb157a51149403956
[2026-01-25 20:02:48,041 I 2433589 2433697] core_worker.cc:455: Event stats:


Global stats: 975 total (13 active)
Queueing time: mean = 0.06ms, max = 7.21ms, min = 0.01ms, total = 58.43ms
Execution time:  mean = 73.12ms, total = 71293.87ms
Event stats:
	CoreWorker.RecoverObjects - 600 total (1 active), Execution time: mean = 0.01ms, total = 6.16ms, Queueing time: mean = 0.07ms, max = 7.21ms, min = 0.02ms, total = 41.98ms
	NodeManagerService.grpc_client.ReportWorkerBacklog - 60 total (0 active), Execution time: mean = 1.08ms, total = 64.58ms, Queueing time: mean = 0.00ms, max = -0.00ms, min = 9223372036854.78ms, total = 0.00ms
	CoreWorker.ExitIfParentRayletDies - 60 total (1 active), Execution time: mean = 0.01ms, total = 0.72ms, Queueing time: mean = 0.06ms, max = 0.11ms, min = 0.02ms, total = 3.31ms
	CoreWorker.InternalHeartbeat - 60 total (1 active), Execution time: mean = 0.20ms, total = 12.16ms, Queueing time: mean = 0.07ms, max = 1.22ms, min = 0.02ms, total = 4.35ms
	NodeManagerService.grpc_client.ReportWorkerBacklog.OnReplyReceived - 60 total (0 active), Execution time: mean = 0.03ms, total = 1.75ms, Queueing time: mean = 0.04ms, max = 0.06ms, min = 0.01ms, total = 2.21ms
	CoreWorker.RecordMetrics - 12 total (1 active), Execution time: mean = 0.27ms, total = 3.25ms, Queueing time: mean = 0.05ms, max = 0.07ms, min = 0.01ms, total = 0.57ms
	ray::rpc::ActorInfoGcsService.grpc_client.ListNamedActors - 8 total (0 active), Execution time: mean = 0.88ms, total = 7.05ms, Queueing time: mean = 0.00ms, max = -0.00ms, min = 9223372036854.78ms, total = 0.00ms
	ray::rpc::ActorInfoGcsService.grpc_client.ListNamedActors.OnReplyReceived - 8 total (0 active), Execution time: mean = 0.06ms, total = 0.44ms, Queueing time: mean = 0.04ms, max = 0.06ms, min = 0.01ms, total = 0.30ms
	ray::rpc::ActorInfoGcsService.grpc_client.GetNamedActorInfo.OnReplyReceived - 7 total (0 active), Execution time: mean = 0.09ms, total = 0.64ms, Queueing time: mean = 0.04ms, max = 0.05ms, min = 0.02ms, total = 0.25ms
	PeriodicalRunner.RunFnPeriodically - 7 total (0 active), Execution time: mean = 0.11ms, total = 0.77ms, Queueing time: mean = 0.31ms, max = 0.75ms, min = 0.01ms, total = 2.15ms
	ray::rpc::ActorInfoGcsService.grpc_client.GetNamedActorInfo - 7 total (0 active), Execution time: mean = 0.82ms, total = 5.77ms, Queueing time: mean = 0.00ms, max = -0.00ms, min = 9223372036854.78ms, total = 0.00ms
	CoreWorker.TryDelPendingObjectRefStreams - 6 total (1 active), Execution time: mean = 0.00ms, total = 0.03ms, Queueing time: mean = 0.05ms, max = 0.07ms, min = 0.01ms, total = 0.28ms
	CoreWorkerService.grpc_client.PushTask - 6 total (2 active), Execution time: mean = 2518.48ms, total = 15110.90ms, Queueing time: mean = 0.00ms, max = -0.00ms, min = 9223372036854.78ms, total = 0.00ms
	ActorTaskSubmitter::SubmitTask - 5 total (0 active), Execution time: mean = 0.10ms, total = 0.48ms, Queueing time: mean = 0.03ms, max = 0.06ms, min = 0.01ms, total = 0.13ms
	ray::rpc::InternalPubSubGcsService.grpc_client.GcsSubscriberCommandBatch.OnReplyReceived - 4 total (0 active), Execution time: mean = 0.25ms, total = 0.98ms, Queueing time: mean = 0.06ms, max = 0.13ms, min = 0.01ms, total = 0.25ms
	CoreWorkerService.grpc_server.GetCoreWorkerStats.HandleRequestImpl - 4 total (0 active), Execution time: mean = 0.09ms, total = 0.37ms, Queueing time: mean = 0.03ms, max = 0.04ms, min = 0.02ms, total = 0.11ms
	ray::rpc::InternalPubSubGcsService.grpc_client.GcsSubscriberCommandBatch - 4 total (0 active), Execution time: mean = 0.82ms, total = 3.28ms, Queueing time: mean = 0.00ms, max = -0.00ms, min = 9223372036854.78ms, total = 0.00ms
	ray::rpc::InternalPubSubGcsService.grpc_client.GcsSubscriberPoll - 4 total (1 active), Execution time: mean = 6284.59ms, total = 25138.36ms, Queueing time: mean = 0.00ms, max = -0.00ms, min = 9223372036854.78ms, total = 0.00ms
	CoreWorkerService.grpc_server.GetCoreWorkerStats - 4 total (0 active), Execution time: mean = 0.33ms, total = 1.32ms, Queueing time: mean = 0.00ms, max = -0.00ms, min = 9223372036854.78ms, total = 0.00ms
	CoreWorkerService.grpc_client.PushTask.OnReplyReceived - 4 total (0 active), Execution time: mean = 0.20ms, total = 0.79ms, Queueing time: mean = 0.05ms, max = 0.05ms, min = 0.03ms, total = 0.19ms
	ray::rpc::InternalPubSubGcsService.grpc_client.GcsSubscriberPoll.OnReplyReceived - 3 total (0 active), Execution time: mean = 0.37ms, total = 1.11ms, Queueing time: mean = 0.04ms, max = 0.05ms, min = 0.02ms, total = 0.13ms
	CoreWorker.SubmitTask - 3 total (0 active), Execution time: mean = 0.39ms, total = 1.17ms, Queueing time: mean = 0.05ms, max = 0.06ms, min = 0.04ms, total = 0.15ms
	ray::rpc::ActorInfoGcsService.grpc_client.GetActorInfo - 3 total (0 active), Execution time: mean = 0.79ms, total = 2.36ms, Queueing time: mean = 0.00ms, max = -0.00ms, min = 9223372036854.78ms, total = 0.00ms
	Subscriber.HandlePublishedMessage_GCS_ACTOR_CHANNEL - 3 total (0 active), Execution time: mean = 0.90ms, total = 2.71ms, Queueing time: mean = 0.33ms, max = 0.39ms, min = 0.23ms, total = 1.00ms
	ray::rpc::ActorInfoGcsService.grpc_client.GetActorInfo.OnReplyReceived - 3 total (0 active), Execution time: mean = 0.59ms, total = 1.78ms, Queueing time: mean = 0.02ms, max = 0.03ms, min = 0.02ms, total = 0.07ms
	ray::rpc::ActorInfoGcsService.grpc_client.RegisterActor - 2 total (0 active), Execution time: mean = 1.44ms, total = 2.88ms, Queueing time: mean = 0.00ms, max = -0.00ms, min = 9223372036854.78ms, total = 0.00ms
	ray::rpc::ActorInfoGcsService.grpc_client.CreateActor.OnReplyReceived - 2 total (0 active), Execution time: mean = 0.11ms, total = 0.22ms, Queueing time: mean = 0.27ms, max = 0.28ms, min = 0.27ms, total = 0.54ms
	CoreWorkerService.grpc_server.WaitForActorRefDeleted.HandleRequestImpl - 2 total (0 active), Execution time: mean = 0.07ms, total = 0.14ms, Queueing time: mean = 0.04ms, max = 0.06ms, min = 0.02ms, total = 0.08ms
	CoreWorkerService.grpc_server.PushTask - 2 total (1 active), Execution time: mean = 4449.77ms, total = 8899.53ms, Queueing time: mean = 0.00ms, max = -0.00ms, min = 9223372036854.78ms, total = 0.00ms
	CoreWorkerService.grpc_server.PushTask.HandleRequestImpl - 2 total (0 active), Execution time: mean = 0.11ms, total = 0.23ms, Queueing time: mean = 0.05ms, max = 0.05ms, min = 0.05ms, total = 0.10ms
	ray::rpc::ActorInfoGcsService.grpc_client.RegisterActor.OnReplyReceived - 2 total (0 active), Execution time: mean = 0.08ms, total = 0.15ms, Queueing time: mean = 0.03ms, max = 0.05ms, min = 0.02ms, total = 0.06ms
	ray::rpc::ActorInfoGcsService.grpc_client.CreateActor - 2 total (0 active), Execution time: mean = 10603.14ms, total = 21206.29ms, Queueing time: mean = 0.00ms, max = -0.00ms, min = 9223372036854.78ms, total = 0.00ms
	CoreWorkerService.grpc_server.WaitForActorRefDeleted - 2 total (2 active), Execution time: mean = 0.00ms, total = 0.00ms, Queueing time: mean = 0.00ms, max = -0.00ms, min = 9223372036854.78ms, total = 0.00ms
	NodeManagerService.grpc_client.ReturnWorkerLease.OnReplyReceived - 1 total (0 active), Execution time: mean = 0.04ms, total = 0.04ms, Queueing time: mean = 0.02ms, max = 0.02ms, min = 0.02ms, total = 0.02ms
	ray::rpc::NodeInfoGcsService.grpc_client.GetAllNodeAddressAndLiveness - 1 total (0 active), Execution time: mean = 0.78ms, total = 0.78ms, Queueing time: mean = 0.00ms, max = -0.00ms, min = 9223372036854.78ms, total = 0.00ms
	ray::rpc::PlacementGroupInfoGcsService.grpc_client.CreatePlacementGroup.OnReplyReceived - 1 total (0 active), Execution time: mean = 0.06ms, total = 0.06ms, Queueing time: mean = 0.02ms, max = 0.02ms, min = 0.02ms, total = 0.02ms
	ray::rpc::PlacementGroupInfoGcsService.grpc_client.CreatePlacementGroup - 1 total (0 active), Execution time: mean = 0.95ms, total = 0.95ms, Queueing time: mean = 0.00ms, max = -0.00ms, min = 9223372036854.78ms, total = 0.00ms
	NodeManagerService.grpc_client.RequestWorkerLease - 1 total (0 active), Execution time: mean = 808.58ms, total = 808.58ms, Queueing time: mean = 0.00ms, max = -0.00ms, min = 9223372036854.78ms, total = 0.00ms
	Publisher.CheckDeadSubscribers - 1 total (1 active), Execution time: mean = 0.00ms, total = 0.00ms, Queueing time: mean = 0.00ms, max = -0.00ms, min = 9223372036854.78ms, total = 0.00ms
	ray::rpc::WorkerInfoGcsService.grpc_client.AddWorkerInfo - 1 total (0 active), Execution time: mean = 0.94ms, total = 0.94ms, Queueing time: mean = 0.00ms, max = -0.00ms, min = 9223372036854.78ms, total = 0.00ms
	NodeManagerService.grpc_client.RequestWorkerLease.OnReplyReceived - 1 total (0 active), Execution time: mean = 1.06ms, total = 1.06ms, Queueing time: mean = 0.02ms, max = 0.02ms, min = 0.02ms, total = 0.02ms
	ReporterService.grpc_client.HealthCheck.OnReplyReceived - 1 total (0 active), Execution time: mean = 0.22ms, total = 0.22ms, Queueing time: mean = 0.01ms, max = 0.01ms, min = 0.01ms, total = 0.01ms
	ReporterService.grpc_client.HealthCheck - 1 total (0 active), Execution time: mean = 1.74ms, total = 1.74ms, Queueing time: mean = 0.00ms, max = -0.00ms, min = 9223372036854.78ms, total = 0.00ms
	ray::rpc::WorkerInfoGcsService.grpc_client.AddWorkerInfo.OnReplyReceived - 1 total (0 active), Execution time: mean = 0.03ms, total = 0.03ms, Queueing time: mean = 0.11ms, max = 0.11ms, min = 0.11ms, total = 0.11ms
	NodeManagerService.grpc_client.ReturnWorkerLease - 1 total (0 active), Execution time: mean = 1.04ms, total = 1.04ms, Queueing time: mean = 0.00ms, max = -0.00ms, min = 9223372036854.78ms, total = 0.00ms
	CoreWorker.PrintEventStats - 1 total (1 active, 1 running), Execution time: mean = 0.00ms, total = 0.00ms, Queueing time: mean = 0.00ms, max = -0.00ms, min = 9223372036854.78ms, total = 0.00ms
	ray::rpc::NodeInfoGcsService.grpc_client.GetAllNodeAddressAndLiveness.OnReplyReceived - 1 total (0 active), Execution time: mean = 0.08ms, total = 0.08ms, Queueing time: mean = 0.02ms, max = 0.02ms, min = 0.02ms, total = 0.02ms

-----------------
Task execution event stats:

Global stats: 5 total (2 active)
Queueing time: mean = 1777.86ms, max = 8889.29ms, min = 0.01ms, total = 8889.32ms
Execution time:  mean = 1779.82ms, total = 8899.11ms
Event stats:
	CoreWorker.CheckSignal - 2 total (1 active), Execution time: mean = 0.01ms, total = 0.01ms, Queueing time: mean = 4444.65ms, max = 8889.29ms, min = 8889.29ms, total = 8889.29ms
	CoreWorker.HandlePushTask - 1 total (0 active), Execution time: mean = 8899.08ms, total = 8899.08ms, Queueing time: mean = 0.02ms, max = 0.02ms, min = 0.02ms, total = 0.02ms
	PeriodicalRunner.RunFnPeriodically - 1 total (0 active), Execution time: mean = 0.02ms, total = 0.02ms, Queueing time: mean = 0.01ms, max = 0.01ms, min = 0.01ms, total = 0.01ms
	CoreWorker.HandlePushTaskActor - 1 total (1 active, 1 running), Execution time: mean = 0.00ms, total = 0.00ms, Queueing time: mean = 0.00ms, max = -0.00ms, min = 9223372036854.78ms, total = 0.00ms

-----------------
Task Event stats:

IO Service Stats:

Global stats: 181 total (1 active)
Queueing time: mean = 0.03ms, max = 0.13ms, min = 0.01ms, total = 5.97ms
Execution time:  mean = 0.37ms, total = 67.51ms
Event stats:
	CoreWorker.deadline_timer.flush_task_events - 60 total (1 active), Execution time: mean = 0.24ms, total = 14.45ms, Queueing time: mean = 0.06ms, max = 0.13ms, min = 0.02ms, total = 3.82ms
	ray::rpc::TaskInfoGcsService.grpc_client.AddTaskEventData - 60 total (0 active), Execution time: mean = 0.84ms, total = 50.36ms, Queueing time: mean = 0.00ms, max = -0.00ms, min = 9223372036854.78ms, total = 0.00ms
	ray::rpc::TaskInfoGcsService.grpc_client.AddTaskEventData.OnReplyReceived - 60 total (0 active), Execution time: mean = 0.04ms, total = 2.38ms, Queueing time: mean = 0.04ms, max = 0.06ms, min = 0.02ms, total = 2.14ms
	PeriodicalRunner.RunFnPeriodically - 1 total (0 active), Execution time: mean = 0.31ms, total = 0.31ms, Queueing time: mean = 0.01ms, max = 0.01ms, min = 0.01ms, total = 0.01ms
Other Stats:
	gcs_grpc_in_progress:0
	event_aggregator_grpc_in_progress:0
	current number of task status events in buffer: 0
	current number of profile events in buffer: 0
	current number of dropped task attempts tracked: 0
	total task events sent: 0.00623798 MiB
	total number of task attempts sent: 24
	total number of task attempts dropped reported: 0
	total number of sent failure: 0
	num status task events dropped: 0
	num profile task events dropped: 0
	num ray task events reported to aggregator: 0
	num ray task events failed to report to aggregator: 0
	num of task attempts dropped reported to aggregator: 0
	num of failed requests to aggregator: 0

[2026-01-25 20:02:55,622 I 2433589 2433697] core_worker.cc:4090: Force kill actor request has received. exiting immediately... The actor is dead because its owner has died. Owner Id: 01000000ffffffffffffffffffffffffffffffffffffffffffffffff Owner Ip address: 172.28.6.5 Owner worker exit type: INTENDED_USER_EXIT Worker exit detail: Owner's worker process has crashed.
[2026-01-25 20:02:55,638 I 2433589 2433697] core_worker_shutdown_executor.cc:217: Try killing all child processes of this worker as it exits. Child process pids: 
[2026-01-25 20:02:55,639 I 2433589 2433697] core_worker_shutdown_executor.cc:262: Sending disconnect message to the local raylet.
[2026-01-25 20:02:55,639 I 2433589 2433697] raylet_ipc_client.cc:135: RayletIpcClient::Disconnect, exit_type=INTENDED_SYSTEM_EXIT, exit_detail=Worker exits because the actor is killed. The actor is dead because its owner has died. Owner Id: 01000000ffffffffffffffffffffffffffffffffffffffffffffffff Owner Ip address: 172.28.6.5 Owner worker exit type: INTENDED_USER_EXIT Worker exit detail: Owner's worker process has crashed., has creation_task_exception_pb_bytes=0
[2026-01-25 20:02:55,639 I 2433589 2433697] core_worker_shutdown_executor.cc:279: Disconnected from the local raylet.
[2026-01-25 20:02:55,639 W 2433589 2433697] core_worker_shutdown_executor.cc:288: Quick exit - terminating process immediately
