[2026-02-07 10:20:41,643 I 3897051 3897051] (gcs_server) gcs_server_main.cc:90: Ray cluster metadata ray_version=2.53.0 ray_commit=0de211850589aea71f842873bc32574c702ab492
[2026-02-07 10:20:41,644 I 3897051 3897051] (gcs_server) event.cc:499: Ray Event initialized for GCS
[2026-02-07 10:20:41,644 I 3897051 3897051] (gcs_server) event.cc:499: Ray Event initialized for EXPORT_NODE
[2026-02-07 10:20:41,644 I 3897051 3897051] (gcs_server) event.cc:499: Ray Event initialized for EXPORT_ACTOR
[2026-02-07 10:20:41,644 I 3897051 3897051] (gcs_server) event.cc:499: Ray Event initialized for EXPORT_DRIVER_JOB
[2026-02-07 10:20:41,644 I 3897051 3897051] (gcs_server) event.cc:332: Set ray event level to warning
[2026-02-07 10:20:41,646 I 3897051 3897051] (gcs_server) event_aggregator_client.h:50: Initiating the local event aggregator client with port: 56275
[2026-02-07 10:20:41,650 I 3897051 3897051] (gcs_server) gcs_server.cc:150: GCS storage type is StorageType::IN_MEMORY
[2026-02-07 10:20:41,651 I 3897051 3897051] (gcs_server) gcs_init_data.cc:46: Loading job table data.
[2026-02-07 10:20:41,651 I 3897051 3897051] (gcs_server) gcs_init_data.cc:56: Loading node table data.
[2026-02-07 10:20:41,651 I 3897051 3897051] (gcs_server) gcs_init_data.cc:76: Loading actor table data.
[2026-02-07 10:20:41,651 I 3897051 3897051] (gcs_server) gcs_init_data.cc:87: Loading actor task spec table data.
[2026-02-07 10:20:41,651 I 3897051 3897051] (gcs_server) gcs_init_data.cc:66: Loading placement group table data.
[2026-02-07 10:20:41,651 I 3897051 3897051] (gcs_server) gcs_init_data.cc:50: Finished loading job table data, size = 0
[2026-02-07 10:20:41,651 I 3897051 3897051] (gcs_server) gcs_init_data.cc:60: Finished loading node table data, size = 0
[2026-02-07 10:20:41,651 I 3897051 3897051] (gcs_server) gcs_init_data.cc:81: Finished loading actor table data, size = 0
[2026-02-07 10:20:41,651 I 3897051 3897051] (gcs_server) gcs_init_data.cc:91: Finished loading actor task spec table data, size = 0
[2026-02-07 10:20:41,651 I 3897051 3897051] (gcs_server) gcs_init_data.cc:70: Finished loading placement group table data, size = 0
[2026-02-07 10:20:41,651 I 3897051 3897051] (gcs_server) gcs_server.cc:241: Generated new cluster ID. cluster_id=82ae2b738681074dd85677d5f0ee46396939696d52d381c9e50e5a49
[2026-02-07 10:20:41,651 I 3897051 3897051] (gcs_server) gcs_server.cc:770: Autoscaler V2 enabled: 0
[2026-02-07 10:20:41,652 I 3897051 3897051] (gcs_server) metrics_agent_client.cc:45: Initializing exporter ...
[2026-02-07 10:20:41,653 I 3897051 3897051] (gcs_server) grpc_server.cc:143: GcsServer server started, listening on port 56177.
[2026-02-07 10:20:42,397 I 3897051 3897051] (gcs_server) gcs_server.cc:943: Gcs Debug state:

GcsNodeManager: 
- RegisterNode request count: 0
- DrainNode request count: 0
- GetAllNodeInfo request count: 0

GcsActorManager: 
- RegisterActor request count: 0
- CreateActor request count: 0
- GetActorInfo request count: 0
- GetNamedActorInfo request count: 0
- GetAllActorInfo request count: 0
- KillActor request count: 0
- ListNamedActors request count: 0
- Registered actors count: 0
- Destroyed actors count: 0
- Named actors count: 0
- Unresolved actors count: 0
- Pending actors count: 0
- Created actors count: 0
- owners_: 0
- actor_to_register_callbacks_: 0
- actor_to_restart_for_lineage_reconstruction_callbacks_: 0
- actor_to_create_callbacks_: 0
- sorted_destroyed_actor_list_: 0

GcsResourceManager: 
- GetAllAvailableResources request count: 0
- GetAllTotalResources request count: 0
- GetAllResourceUsage request count: 0

GcsPlacementGroupManager: 
- CreatePlacementGroup request count: 0
- RemovePlacementGroup request count: 0
- GetPlacementGroup request count: 0
- GetAllPlacementGroup request count: 0
- WaitPlacementGroupUntilReady request count: 0
- GetNamedPlacementGroup request count: 0
- Scheduling pending placement group count: 0
- Registered placement groups count: 0
- Named placement group count: 0
- Pending placement groups count: 0
- Infeasible placement groups count: 0

Publisher:

[runtime env manager] ID to URIs table:
[runtime env manager] URIs reference table:

GcsTaskManager: 
-Total num task events reported: 0
-Total num status task events dropped: 0
-Total num profile events dropped: 0
-Current num of task events stored: 0
-Total num of actor creation tasks: 0
-Total num of actor tasks: 0
-Total num of normal tasks: 0
-Total num of driver tasks: 0

GcsAutoscalerStateManager: 
- last_seen_autoscaler_state_version_: 0
- last_cluster_resource_state_version_: 0
- pending demands:



[2026-02-07 10:20:42,398 I 3897051 3897051] (gcs_server) gcs_server.cc:957: Main service Event stats:


Global stats: 32 total (14 active)
Queueing time: mean = 93.42ms, max = 745.92ms, min = 0.00ms, total = 2989.36ms
Execution time:  mean = 46.67ms, total = 1493.42ms
Event stats:
	GcsInMemoryStore.Put - 9 total (6 active), Execution time: mean = 82.87ms, total = 745.87ms, Queueing time: mean = 82.86ms, max = 745.60ms, min = 0.01ms, total = 745.71ms
	GcsInMemoryStore.GetAll - 5 total (0 active), Execution time: mean = 0.01ms, total = 0.07ms, Queueing time: mean = 0.09ms, max = 0.10ms, min = 0.08ms, total = 0.45ms
	PeriodicalRunner.RunFnPeriodically - 5 total (2 active, 1 running), Execution time: mean = 0.04ms, total = 0.22ms, Queueing time: mean = 298.39ms, max = 745.92ms, min = 0.20ms, total = 1491.95ms
	event_loop_lag_probe - 2 total (0 active), Execution time: mean = 0.01ms, total = 0.01ms, Queueing time: mean = 3.55ms, max = 6.96ms, min = 0.13ms, total = 7.09ms
	GcsServer.GetOrGenerateClusterId.continuation - 1 total (0 active), Execution time: mean = 745.84ms, total = 745.84ms, Queueing time: mean = 0.00ms, max = 0.00ms, min = 0.00ms, total = 0.00ms
	ReporterService.grpc_client.HealthCheck - 1 total (0 active), Execution time: mean = 1.30ms, total = 1.30ms, Queueing time: mean = 0.00ms, max = -0.00ms, min = 9223372036854.78ms, total = 0.00ms
	NodeInfoGcsService.grpc_server.GetClusterId - 1 total (1 active), Execution time: mean = 0.00ms, total = 0.00ms, Queueing time: mean = 0.00ms, max = -0.00ms, min = 9223372036854.78ms, total = 0.00ms
	GcsInMemoryStore.Get - 1 total (0 active), Execution time: mean = 0.03ms, total = 0.03ms, Queueing time: mean = 0.03ms, max = 0.03ms, min = 0.03ms, total = 0.03ms
	GcsInitData::AsyncLoad - 1 total (0 active), Execution time: mean = 0.01ms, total = 0.01ms, Queueing time: mean = 0.00ms, max = 0.00ms, min = 0.00ms, total = 0.00ms
	ReporterService.grpc_client.HealthCheck.OnReplyReceived - 1 total (0 active), Execution time: mean = 0.06ms, total = 0.06ms, Queueing time: mean = 744.12ms, max = 744.12ms, min = 744.12ms, total = 744.12ms
	MetricsAgentClient.WaitForServerReadyWithRetry - 1 total (1 active), Execution time: mean = 0.00ms, total = 0.00ms, Queueing time: mean = 0.00ms, max = -0.00ms, min = 9223372036854.78ms, total = 0.00ms
	RayletLoadPulled - 1 total (1 active), Execution time: mean = 0.00ms, total = 0.00ms, Queueing time: mean = 0.00ms, max = -0.00ms, min = 9223372036854.78ms, total = 0.00ms
	ClusterResourceManager.ResetRemoteNodeView - 1 total (1 active), Execution time: mean = 0.00ms, total = 0.00ms, Queueing time: mean = 0.00ms, max = -0.00ms, min = 9223372036854.78ms, total = 0.00ms
	NodeInfoGcsService.grpc_server.GetClusterId.HandleRequestImpl - 1 total (1 active), Execution time: mean = 0.00ms, total = 0.00ms, Queueing time: mean = 0.00ms, max = -0.00ms, min = 9223372036854.78ms, total = 0.00ms
	GCSServer.deadline_timer.metrics_report - 1 total (1 active), Execution time: mean = 0.00ms, total = 0.00ms, Queueing time: mean = 0.00ms, max = -0.00ms, min = 9223372036854.78ms, total = 0.00ms


[2026-02-07 10:20:42,398 I 3897051 3897051] (gcs_server) gcs_server.cc:961: task_io_context Event stats:


Global stats: 4 total (1 active)
Queueing time: mean = 0.08ms, max = 0.28ms, min = 0.01ms, total = 0.33ms
Execution time:  mean = 0.05ms, total = 0.18ms
Event stats:
	event_loop_lag_probe - 2 total (0 active), Execution time: mean = 0.09ms, total = 0.17ms, Queueing time: mean = 0.16ms, max = 0.28ms, min = 0.03ms, total = 0.31ms
	PeriodicalRunner.RunFnPeriodically - 1 total (0 active), Execution time: mean = 0.01ms, total = 0.01ms, Queueing time: mean = 0.01ms, max = 0.01ms, min = 0.01ms, total = 0.01ms
	GcsTaskManager.GcJobSummary - 1 total (1 active), Execution time: mean = 0.00ms, total = 0.00ms, Queueing time: mean = 0.00ms, max = -0.00ms, min = 9223372036854.78ms, total = 0.00ms


[2026-02-07 10:20:42,398 I 3897051 3897051] (gcs_server) gcs_server.cc:961: pubsub_io_context Event stats:


Global stats: 4 total (1 active)
Queueing time: mean = 0.14ms, max = 0.47ms, min = 0.05ms, total = 0.58ms
Execution time:  mean = 0.07ms, total = 0.29ms
Event stats:
	event_loop_lag_probe - 2 total (0 active), Execution time: mean = 0.13ms, total = 0.26ms, Queueing time: mean = 0.27ms, max = 0.47ms, min = 0.06ms, total = 0.53ms
	PeriodicalRunner.RunFnPeriodically - 1 total (0 active), Execution time: mean = 0.03ms, total = 0.03ms, Queueing time: mean = 0.05ms, max = 0.05ms, min = 0.05ms, total = 0.05ms
	Publisher.CheckDeadSubscribers - 1 total (1 active), Execution time: mean = 0.00ms, total = 0.00ms, Queueing time: mean = 0.00ms, max = -0.00ms, min = 9223372036854.78ms, total = 0.00ms


[2026-02-07 10:20:42,398 I 3897051 3897051] (gcs_server) gcs_server.cc:961: ray_syncer_io_context Event stats:


Global stats: 4 total (0 active)
Queueing time: mean = 0.21ms, max = 0.59ms, min = 0.06ms, total = 0.82ms
Execution time:  mean = 0.07ms, total = 0.30ms
Event stats:
	event_loop_lag_probe - 2 total (0 active), Execution time: mean = 0.15ms, total = 0.30ms, Queueing time: mean = 0.34ms, max = 0.59ms, min = 0.09ms, total = 0.68ms
	RaySyncerRegister - 2 total (0 active), Execution time: mean = 0.00ms, total = 0.00ms, Queueing time: mean = 0.07ms, max = 0.08ms, min = 0.06ms, total = 0.15ms


[2026-02-07 10:20:42,398 I 3897051 3897051] (gcs_server) gcs_server.cc:961: ray_event_io_context Event stats:


Global stats: 2 total (0 active)
Queueing time: mean = 0.84ms, max = 1.65ms, min = 0.04ms, total = 1.69ms
Execution time:  mean = 0.12ms, total = 0.24ms
Event stats:
	event_loop_lag_probe - 2 total (0 active), Execution time: mean = 0.12ms, total = 0.24ms, Queueing time: mean = 0.84ms, max = 1.65ms, min = 0.04ms, total = 1.69ms


[2026-02-07 10:20:45,153 I 3897051 3897051] (gcs_server) gcs_node_manager.cc:106: Registering new node. node_id=7130f8f34587de4f3c7ba6309d5d3a07ab9276e7331b97c346df83e8 node_name=172.28.6.5 node_address=172.28.6.5
[2026-02-07 10:20:46,509 I 3897051 3897051] (gcs_server) gcs_job_manager.cc:116: Registering job. job_id=01000000 driver_pid=3896612
[2026-02-07 10:20:46,542 I 3897051 3897051] (gcs_server) gcs_actor_manager.cc:313: Registering actor job_id=01000000 actor_id=0c78ceb53d3aad7662f3200301000000
[2026-02-07 10:20:46,543 I 3897051 3897051] (gcs_server) gcs_actor_manager.cc:317: Registered actor job_id=01000000 actor_id=0c78ceb53d3aad7662f3200301000000
[2026-02-07 10:20:46,544 I 3897051 3897051] (gcs_server) gcs_actor_manager.cc:431: Creating actor job_id=01000000 actor_id=0c78ceb53d3aad7662f3200301000000
[2026-02-07 10:20:46,544 I 3897051 3897051] (gcs_server) gcs_actor_scheduler.cc:298: Leasing worker for actor. actor_id=0c78ceb53d3aad7662f3200301000000 job_id=01000000 node_id=7130f8f34587de4f3c7ba6309d5d3a07ab9276e7331b97c346df83e8
[2026-02-07 10:20:47,337 I 3897051 3897051] (gcs_server) gcs_actor_scheduler.cc:642: Finished leasing worker from 7130f8f34587de4f3c7ba6309d5d3a07ab9276e7331b97c346df83e8 for actor 0c78ceb53d3aad7662f3200301000000, job id = 01000000
[2026-02-07 10:20:47,338 I 3897051 3897051] (gcs_server) gcs_actor_scheduler.cc:444: Submitting actor creation task to worker. actor_id=0c78ceb53d3aad7662f3200301000000 worker_id=4db6f45ea3aff029bfbb482a4bbe56a7e8b01da5f58e12f87e6191d5 node_id=7130f8f34587de4f3c7ba6309d5d3a07ab9276e7331b97c346df83e8 job_id=01000000
[2026-02-07 10:20:47,400 I 3897051 3897051] (gcs_server) ray_event_recorder.cc:40: Ray event recording is disabled. Skipping start exporting events.
[2026-02-07 10:20:47,400 I 3897051 3897051] (gcs_server) metrics_agent_client.cc:59: Exporter initialized.
[2026-02-07 10:20:56,685 I 3897051 3897051] (gcs_server) gcs_actor_scheduler.cc:483: Actor creation task succeeded. actor_id=0c78ceb53d3aad7662f3200301000000 worker_id=4db6f45ea3aff029bfbb482a4bbe56a7e8b01da5f58e12f87e6191d5 job_id=01000000 node_id=7130f8f34587de4f3c7ba6309d5d3a07ab9276e7331b97c346df83e8
[2026-02-07 10:20:56,685 I 3897051 3897051] (gcs_server) gcs_actor_manager.cc:1633: Actor created successfully job_id=01000000 actor_id=0c78ceb53d3aad7662f3200301000000
[2026-02-07 10:20:56,685 I 3897051 3897051] (gcs_server) gcs_actor_manager.cc:446: Finished creating actor. Status: OK job_id=01000000 actor_id=0c78ceb53d3aad7662f3200301000000
[2026-02-07 10:20:57,506 I 3897051 3897051] (gcs_server) gcs_placement_group_manager.cc:360: Registering placement group, placement group id = be66a58c3024d568e6eecb4067ef01000000, name = global_poolverl_group_2:0, strategy = 2
[2026-02-07 10:20:57,507 I 3897051 3897051] (gcs_server) gcs_placement_group_manager.cc:364: Finished registering placement group, placement group id = be66a58c3024d568e6eecb4067ef01000000, name = global_poolverl_group_2:0, strategy = 2
[2026-02-07 10:20:57,507 I 3897051 3897051] (gcs_server) gcs_placement_group_scheduler.cc:189: Preparing resource from node 7130f8f34587de4f3c7ba6309d5d3a07ab9276e7331b97c346df83e8 for bundles: {placement group id={be66a58c3024d568e6eecb4067ef01000000}, bundle index={0}},{placement group id={be66a58c3024d568e6eecb4067ef01000000}, bundle index={1}},
[2026-02-07 10:20:57,509 I 3897051 3897051] (gcs_server) gcs_placement_group_scheduler.cc:199: Finished leasing resource from 7130f8f34587de4f3c7ba6309d5d3a07ab9276e7331b97c346df83e8 for bundles: {placement group id={be66a58c3024d568e6eecb4067ef01000000}, bundle index={0}},{placement group id={be66a58c3024d568e6eecb4067ef01000000}, bundle index={1}},
[2026-02-07 10:20:57,509 I 3897051 3897051] (gcs_server) gcs_placement_group_scheduler.cc:217: Committing resource to a node 7130f8f34587de4f3c7ba6309d5d3a07ab9276e7331b97c346df83e8 for bundles: {placement group id={be66a58c3024d568e6eecb4067ef01000000}, bundle index={0}},{placement group id={be66a58c3024d568e6eecb4067ef01000000}, bundle index={1}},
[2026-02-07 10:20:57,511 I 3897051 3897051] (gcs_server) gcs_placement_group_scheduler.cc:224: Finished committing resource to 7130f8f34587de4f3c7ba6309d5d3a07ab9276e7331b97c346df83e8 for bundles: {placement group id={be66a58c3024d568e6eecb4067ef01000000}, bundle index={0}},{placement group id={be66a58c3024d568e6eecb4067ef01000000}, bundle index={1}},
[2026-02-07 10:20:57,511 I 3897051 3897051] (gcs_server) gcs_placement_group_manager.cc:247: Successfully created placement group global_poolverl_group_2:0, id: be66a58c3024d568e6eecb4067ef01000000
[2026-02-07 10:20:58,594 I 3897051 3897051] (gcs_server) gcs_actor_manager.cc:313: Registering actor job_id=01000000 actor_id=78fc096be4e245ea197bd62901000000
[2026-02-07 10:20:58,595 I 3897051 3897051] (gcs_server) gcs_actor_manager.cc:317: Registered actor job_id=01000000 actor_id=78fc096be4e245ea197bd62901000000
[2026-02-07 10:20:58,596 I 3897051 3897051] (gcs_server) gcs_actor_manager.cc:431: Creating actor job_id=01000000 actor_id=78fc096be4e245ea197bd62901000000
[2026-02-07 10:20:58,596 I 3897051 3897051] (gcs_server) gcs_actor_scheduler.cc:298: Leasing worker for actor. actor_id=78fc096be4e245ea197bd62901000000 job_id=01000000 node_id=7130f8f34587de4f3c7ba6309d5d3a07ab9276e7331b97c346df83e8
[2026-02-07 10:20:59,419 I 3897051 3897051] (gcs_server) gcs_actor_scheduler.cc:642: Finished leasing worker from 7130f8f34587de4f3c7ba6309d5d3a07ab9276e7331b97c346df83e8 for actor 78fc096be4e245ea197bd62901000000, job id = 01000000
[2026-02-07 10:20:59,420 I 3897051 3897051] (gcs_server) gcs_actor_scheduler.cc:444: Submitting actor creation task to worker. actor_id=78fc096be4e245ea197bd62901000000 worker_id=737b59ac53576174dc1da384ad4a57477e34bf0b315ae2877338376d node_id=7130f8f34587de4f3c7ba6309d5d3a07ab9276e7331b97c346df83e8 job_id=01000000
[2026-02-07 10:21:06,736 I 3897051 3897051] (gcs_server) gcs_actor_manager.cc:313: Registering actor job_id=01000000 actor_id=dc683defb695ab59ae87fb2701000000
[2026-02-07 10:21:06,736 I 3897051 3897051] (gcs_server) gcs_actor_manager.cc:317: Registered actor job_id=01000000 actor_id=dc683defb695ab59ae87fb2701000000
[2026-02-07 10:21:06,737 I 3897051 3897051] (gcs_server) gcs_actor_manager.cc:431: Creating actor job_id=01000000 actor_id=dc683defb695ab59ae87fb2701000000
[2026-02-07 10:21:06,737 I 3897051 3897051] (gcs_server) gcs_actor_scheduler.cc:298: Leasing worker for actor. actor_id=dc683defb695ab59ae87fb2701000000 job_id=01000000 node_id=7130f8f34587de4f3c7ba6309d5d3a07ab9276e7331b97c346df83e8
[2026-02-07 10:21:07,841 I 3897051 3897051] (gcs_server) gcs_actor_scheduler.cc:642: Finished leasing worker from 7130f8f34587de4f3c7ba6309d5d3a07ab9276e7331b97c346df83e8 for actor dc683defb695ab59ae87fb2701000000, job id = 01000000
[2026-02-07 10:21:07,842 I 3897051 3897051] (gcs_server) gcs_actor_scheduler.cc:444: Submitting actor creation task to worker. actor_id=dc683defb695ab59ae87fb2701000000 worker_id=1ed85a0b34958fa47bec400a10e26071caea4fd63067e6c3ee179aef node_id=7130f8f34587de4f3c7ba6309d5d3a07ab9276e7331b97c346df83e8 job_id=01000000
[2026-02-07 10:21:08,057 I 3897051 3897051] (gcs_server) gcs_actor_scheduler.cc:483: Actor creation task succeeded. actor_id=dc683defb695ab59ae87fb2701000000 worker_id=1ed85a0b34958fa47bec400a10e26071caea4fd63067e6c3ee179aef job_id=01000000 node_id=7130f8f34587de4f3c7ba6309d5d3a07ab9276e7331b97c346df83e8
[2026-02-07 10:21:08,057 I 3897051 3897051] (gcs_server) gcs_actor_manager.cc:1633: Actor created successfully job_id=01000000 actor_id=dc683defb695ab59ae87fb2701000000
[2026-02-07 10:21:08,057 I 3897051 3897051] (gcs_server) gcs_actor_manager.cc:446: Finished creating actor. Status: OK job_id=01000000 actor_id=dc683defb695ab59ae87fb2701000000
[2026-02-07 10:21:08,064 I 3897051 3897051] (gcs_server) gcs_actor_manager.cc:313: Registering actor job_id=01000000 actor_id=62bb13daed5bef3093a614cc01000000
[2026-02-07 10:21:08,065 I 3897051 3897051] (gcs_server) gcs_actor_manager.cc:317: Registered actor job_id=01000000 actor_id=62bb13daed5bef3093a614cc01000000
[2026-02-07 10:21:08,066 I 3897051 3897051] (gcs_server) gcs_actor_manager.cc:431: Creating actor job_id=01000000 actor_id=62bb13daed5bef3093a614cc01000000
[2026-02-07 10:21:08,066 I 3897051 3897051] (gcs_server) gcs_actor_scheduler.cc:298: Leasing worker for actor. actor_id=62bb13daed5bef3093a614cc01000000 job_id=01000000 node_id=7130f8f34587de4f3c7ba6309d5d3a07ab9276e7331b97c346df83e8
[2026-02-07 10:21:08,931 I 3897051 3897051] (gcs_server) gcs_actor_scheduler.cc:642: Finished leasing worker from 7130f8f34587de4f3c7ba6309d5d3a07ab9276e7331b97c346df83e8 for actor 62bb13daed5bef3093a614cc01000000, job id = 01000000
[2026-02-07 10:21:08,931 I 3897051 3897051] (gcs_server) gcs_actor_scheduler.cc:444: Submitting actor creation task to worker. actor_id=62bb13daed5bef3093a614cc01000000 worker_id=a76c8d2a0a7928cff71cd0b8e19e11b4a0c5f1d7323a9094169cf35b node_id=7130f8f34587de4f3c7ba6309d5d3a07ab9276e7331b97c346df83e8 job_id=01000000
[2026-02-07 10:21:15,323 I 3897051 3897051] (gcs_server) gcs_actor_scheduler.cc:483: Actor creation task succeeded. actor_id=62bb13daed5bef3093a614cc01000000 worker_id=a76c8d2a0a7928cff71cd0b8e19e11b4a0c5f1d7323a9094169cf35b job_id=01000000 node_id=7130f8f34587de4f3c7ba6309d5d3a07ab9276e7331b97c346df83e8
[2026-02-07 10:21:15,323 I 3897051 3897051] (gcs_server) gcs_actor_manager.cc:1633: Actor created successfully job_id=01000000 actor_id=62bb13daed5bef3093a614cc01000000
[2026-02-07 10:21:15,324 I 3897051 3897051] (gcs_server) gcs_actor_manager.cc:446: Finished creating actor. Status: OK job_id=01000000 actor_id=62bb13daed5bef3093a614cc01000000
[2026-02-07 10:21:15,326 I 3897051 3897051] (gcs_server) gcs_actor_scheduler.cc:483: Actor creation task succeeded. actor_id=78fc096be4e245ea197bd62901000000 worker_id=737b59ac53576174dc1da384ad4a57477e34bf0b315ae2877338376d job_id=01000000 node_id=7130f8f34587de4f3c7ba6309d5d3a07ab9276e7331b97c346df83e8
[2026-02-07 10:21:15,326 I 3897051 3897051] (gcs_server) gcs_actor_manager.cc:1633: Actor created successfully job_id=01000000 actor_id=78fc096be4e245ea197bd62901000000
[2026-02-07 10:21:15,326 I 3897051 3897051] (gcs_server) gcs_actor_manager.cc:446: Finished creating actor. Status: OK job_id=01000000 actor_id=78fc096be4e245ea197bd62901000000
[2026-02-07 10:21:42,399 I 3897051 3897051] (gcs_server) gcs_server.cc:943: Gcs Debug state:

GcsNodeManager: 
- RegisterNode request count: 1
- DrainNode request count: 0
- GetAllNodeInfo request count: 124

GcsActorManager: 
- RegisterActor request count: 4
- CreateActor request count: 4
- GetActorInfo request count: 6
- GetNamedActorInfo request count: 9
- GetAllActorInfo request count: 1
- KillActor request count: 0
- ListNamedActors request count: 10
- Registered actors count: 4
- Destroyed actors count: 0
- Named actors count: 3
- Unresolved actors count: 0
- Pending actors count: 0
- Created actors count: 1
- owners_: 1
- actor_to_register_callbacks_: 0
- actor_to_restart_for_lineage_reconstruction_callbacks_: 0
- actor_to_create_callbacks_: 0
- sorted_destroyed_actor_list_: 0

GcsResourceManager: 
- GetAllAvailableResources request count: 1
- GetAllTotalResources request count: 0
- GetAllResourceUsage request count: 12

GcsPlacementGroupManager: 
- CreatePlacementGroup request count: 1
- RemovePlacementGroup request count: 0
- GetPlacementGroup request count: 2
- GetAllPlacementGroup request count: 0
- WaitPlacementGroupUntilReady request count: 0
- GetNamedPlacementGroup request count: 0
- Scheduling pending placement group count: 1
- Registered placement groups count: 1
- Named placement group count: 1
- Pending placement groups count: 0
- Infeasible placement groups count: 0

Publisher:
GCS_ACTOR_CHANNEL
- cumulative published messages: 12
- cumulative published bytes: 7732
- current buffered bytes: 940
GCS_NODE_INFO_CHANNEL
- cumulative published messages: 1
- cumulative published bytes: 601
- current buffered bytes: 601
RAY_LOG_CHANNEL
- cumulative published messages: 51
- cumulative published bytes: 25119
- current buffered bytes: 540
GCS_NODE_ADDRESS_AND_LIVENESS_CHANNEL
- cumulative published messages: 1
- cumulative published bytes: 88
- current buffered bytes: 0
GCS_JOB_CHANNEL
- cumulative published messages: 1
- cumulative published bytes: 1130
- current buffered bytes: 1130
GCS_WORKER_DELTA_CHANNEL
- cumulative published messages: 4
- cumulative published bytes: 384
- current buffered bytes: 96
RAY_NODE_RESOURCE_USAGE_CHANNEL
- cumulative published messages: 10
- cumulative published bytes: 2207552
- current buffered bytes: 222821

[runtime env manager] ID to URIs table:
[runtime env manager] URIs reference table:

GcsTaskManager: 
-Total num task events reported: 49
-Total num status task events dropped: 0
-Total num profile events dropped: 0
-Current num of task events stored: 14
-Total num of actor creation tasks: 4
-Total num of actor tasks: 8
-Total num of normal tasks: 1
-Total num of driver tasks: 1

GcsAutoscalerStateManager: 
- last_seen_autoscaler_state_version_: 0
- last_cluster_resource_state_version_: 12
- pending demands:



[2026-02-07 10:21:42,400 I 3897051 3897051] (gcs_server) gcs_server.cc:957: Main service Event stats:


Global stats: 1891 total (9 active)
Queueing time: mean = 4.26ms, max = 1000.29ms, min = 0.00ms, total = 8051.84ms
Execution time:  mean = 38.47ms, total = 72739.90ms
Event stats:
	GcsInMemoryStore.Get - 207 total (0 active), Execution time: mean = 0.03ms, total = 6.27ms, Queueing time: mean = 0.04ms, max = 0.82ms, min = 0.01ms, total = 8.10ms
	InternalKVGcsService.grpc_server.InternalKVGet.HandleRequestImpl - 202 total (0 active), Execution time: mean = 0.08ms, total = 15.92ms, Queueing time: mean = 0.03ms, max = 0.41ms, min = 0.01ms, total = 5.85ms
	InternalKVGcsService.grpc_server.InternalKVGet - 202 total (0 active), Execution time: mean = 0.39ms, total = 78.33ms, Queueing time: mean = 0.00ms, max = -0.00ms, min = 9223372036854.78ms, total = 0.00ms
	GcsInMemoryStore.Put - 202 total (0 active), Execution time: mean = 3.73ms, total = 753.62ms, Queueing time: mean = 3.80ms, max = 745.60ms, min = 0.01ms, total = 767.50ms
	NodeInfoGcsService.grpc_server.GetClusterId - 70 total (0 active), Execution time: mean = 0.30ms, total = 21.05ms, Queueing time: mean = 0.00ms, max = -0.00ms, min = 9223372036854.78ms, total = 0.00ms
	NodeInfoGcsService.grpc_server.GetClusterId.HandleRequestImpl - 70 total (0 active), Execution time: mean = 0.02ms, total = 1.26ms, Queueing time: mean = 0.05ms, max = 1.19ms, min = 0.01ms, total = 3.41ms
	NodeInfoGcsService.grpc_server.GetAllNodeInfo.HandleRequestImpl - 69 total (0 active), Execution time: mean = 0.03ms, total = 2.08ms, Queueing time: mean = 0.03ms, max = 0.22ms, min = 0.01ms, total = 2.26ms
	NodeInfoGcsService.grpc_server.GetAllNodeInfo - 69 total (0 active), Execution time: mean = 0.32ms, total = 21.99ms, Queueing time: mean = 0.00ms, max = -0.00ms, min = 9223372036854.78ms, total = 0.00ms
	RayletLoadPulled - 60 total (1 active), Execution time: mean = 0.21ms, total = 12.78ms, Queueing time: mean = 0.04ms, max = 0.18ms, min = 0.01ms, total = 2.56ms
	NodeManagerService.grpc_client.GetResourceLoad - 57 total (0 active), Execution time: mean = 1.05ms, total = 59.58ms, Queueing time: mean = 0.00ms, max = -0.00ms, min = 9223372036854.78ms, total = 0.00ms
	NodeManagerService.grpc_client.GetResourceLoad.OnReplyReceived - 57 total (0 active), Execution time: mean = 0.04ms, total = 2.39ms, Queueing time: mean = 0.03ms, max = 0.05ms, min = 0.02ms, total = 1.84ms
	NodeInfoGcsService.grpc_server.GetAllNodeAddressAndLiveness - 55 total (0 active), Execution time: mean = 0.29ms, total = 16.17ms, Queueing time: mean = 0.00ms, max = -0.00ms, min = 9223372036854.78ms, total = 0.00ms
	NodeInfoGcsService.grpc_server.GetAllNodeAddressAndLiveness.HandleRequestImpl - 55 total (0 active), Execution time: mean = 0.02ms, total = 0.85ms, Queueing time: mean = 0.07ms, max = 0.79ms, min = 0.01ms, total = 4.00ms
	WorkerInfoGcsService.grpc_server.AddWorkerInfo - 54 total (0 active), Execution time: mean = 0.38ms, total = 20.64ms, Queueing time: mean = 0.00ms, max = -0.00ms, min = 9223372036854.78ms, total = 0.00ms
	WorkerInfoGcsService.grpc_server.AddWorkerInfo.HandleRequestImpl - 54 total (0 active), Execution time: mean = 0.05ms, total = 2.87ms, Queueing time: mean = 0.02ms, max = 0.13ms, min = 0.01ms, total = 1.27ms
	InternalKVGcsService.grpc_server.InternalKVPut - 48 total (0 active), Execution time: mean = 0.41ms, total = 19.65ms, Queueing time: mean = 0.00ms, max = -0.00ms, min = 9223372036854.78ms, total = 0.00ms
	InternalKVGcsService.grpc_server.InternalKVPut.HandleRequestImpl - 48 total (0 active), Execution time: mean = 0.08ms, total = 3.91ms, Queueing time: mean = 0.04ms, max = 0.60ms, min = 0.01ms, total = 1.99ms
	ClusterResourceManager.ResetRemoteNodeView - 21 total (1 active), Execution time: mean = 0.01ms, total = 0.17ms, Queueing time: mean = 0.04ms, max = 0.07ms, min = 0.02ms, total = 0.91ms
	HealthCheck - 16 total (0 active), Execution time: mean = 0.01ms, total = 0.09ms, Queueing time: mean = 0.03ms, max = 0.05ms, min = 0.02ms, total = 0.48ms
	NodeInfoGcsService.grpc_server.CheckAlive - 13 total (0 active), Execution time: mean = 0.31ms, total = 4.02ms, Queueing time: mean = 0.00ms, max = -0.00ms, min = 9223372036854.78ms, total = 0.00ms
	NodeInfoGcsService.grpc_server.CheckAlive.HandleRequestImpl - 13 total (0 active), Execution time: mean = 0.02ms, total = 0.20ms, Queueing time: mean = 0.03ms, max = 0.06ms, min = 0.02ms, total = 0.41ms
	AutoscalerStateService.grpc_server.GetClusterResourceState - 12 total (0 active), Execution time: mean = 0.29ms, total = 3.43ms, Queueing time: mean = 0.00ms, max = -0.00ms, min = 9223372036854.78ms, total = 0.00ms
	GCSServer.deadline_timer.metrics_report - 12 total (1 active), Execution time: mean = 0.19ms, total = 2.33ms, Queueing time: mean = 0.03ms, max = 0.10ms, min = 0.01ms, total = 0.41ms
	AutoscalerStateService.grpc_server.GetClusterResourceState.HandleRequestImpl - 12 total (0 active), Execution time: mean = 0.05ms, total = 0.56ms, Queueing time: mean = 0.02ms, max = 0.04ms, min = 0.01ms, total = 0.27ms
	NodeResourceInfoGcsService.grpc_server.GetAllResourceUsage.HandleRequestImpl - 12 total (0 active), Execution time: mean = 0.07ms, total = 0.78ms, Queueing time: mean = 0.03ms, max = 0.05ms, min = 0.02ms, total = 0.33ms
	NodeResourceInfoGcsService.grpc_server.GetAllResourceUsage - 12 total (0 active), Execution time: mean = 0.35ms, total = 4.21ms, Queueing time: mean = 0.00ms, max = -0.00ms, min = 9223372036854.78ms, total = 0.00ms
	ActorInfoGcsService.grpc_server.ListNamedActors.HandleRequestImpl - 10 total (0 active), Execution time: mean = 0.03ms, total = 0.26ms, Queueing time: mean = 0.09ms, max = 0.52ms, min = 0.02ms, total = 0.87ms
	ActorInfoGcsService.grpc_server.ListNamedActors - 10 total (0 active), Execution time: mean = 0.40ms, total = 3.97ms, Queueing time: mean = 0.00ms, max = -0.00ms, min = 9223372036854.78ms, total = 0.00ms
	ActorInfoGcsService.grpc_server.GetNamedActorInfo - 9 total (0 active), Execution time: mean = 0.35ms, total = 3.11ms, Queueing time: mean = 0.00ms, max = -0.00ms, min = 9223372036854.78ms, total = 0.00ms
	ActorInfoGcsService.grpc_server.GetNamedActorInfo.HandleRequestImpl - 9 total (0 active), Execution time: mean = 0.05ms, total = 0.41ms, Queueing time: mean = 0.03ms, max = 0.05ms, min = 0.02ms, total = 0.27ms
	event_loop_lag_probe - 8 total (0 active), Execution time: mean = 0.01ms, total = 0.07ms, Queueing time: mean = 0.89ms, max = 6.96ms, min = 0.01ms, total = 7.14ms
	GcsHealthCheckManager::MarkNodeHealthy - 8 total (0 active), Execution time: mean = 0.00ms, total = 0.02ms, Queueing time: mean = 0.03ms, max = 0.05ms, min = 0.02ms, total = 0.21ms
	GcsResourceManager::Update - 8 total (0 active), Execution time: mean = 0.10ms, total = 0.81ms, Queueing time: mean = 0.02ms, max = 0.05ms, min = 0.01ms, total = 0.18ms
	ReporterService.grpc_client.HealthCheck.OnReplyReceived - 6 total (0 active), Execution time: mean = 0.11ms, total = 0.64ms, Queueing time: mean = 124.04ms, max = 744.12ms, min = 0.02ms, total = 744.24ms
	ActorInfoGcsService.grpc_server.GetActorInfo.HandleRequestImpl - 6 total (0 active), Execution time: mean = 0.03ms, total = 0.19ms, Queueing time: mean = 0.03ms, max = 0.05ms, min = 0.01ms, total = 0.17ms
	ReporterService.grpc_client.HealthCheck - 6 total (0 active), Execution time: mean = 0.60ms, total = 3.59ms, Queueing time: mean = 0.00ms, max = -0.00ms, min = 9223372036854.78ms, total = 0.00ms
	ActorInfoGcsService.grpc_server.GetActorInfo - 6 total (0 active), Execution time: mean = 0.27ms, total = 1.62ms, Queueing time: mean = 0.00ms, max = -0.00ms, min = 9223372036854.78ms, total = 0.00ms
	GcsInMemoryStore.GetAll - 6 total (0 active), Execution time: mean = 0.02ms, total = 0.12ms, Queueing time: mean = 0.08ms, max = 0.10ms, min = 0.01ms, total = 0.47ms
	GCSServer.deadline_timer.gcs_global_gc - 6 total (1 active), Execution time: mean = 0.00ms, total = 0.02ms, Queueing time: mean = 0.04ms, max = 0.13ms, min = 0.02ms, total = 0.24ms
	MetricsAgentClient.WaitForServerReadyWithRetry - 5 total (0 active), Execution time: mean = 0.15ms, total = 0.76ms, Queueing time: mean = 1000.10ms, max = 1000.29ms, min = 1000.02ms, total = 5000.50ms
	PeriodicalRunner.RunFnPeriodically - 5 total (0 active), Execution time: mean = 0.23ms, total = 1.15ms, Queueing time: mean = 298.74ms, max = 745.92ms, min = 0.20ms, total = 1493.68ms
	CoreWorkerService.grpc_client.PushTask - 4 total (0 active), Execution time: mean = 7964.85ms, total = 31859.40ms, Queueing time: mean = 0.00ms, max = -0.00ms, min = 9223372036854.78ms, total = 0.00ms
	NodeManagerService.grpc_client.RequestWorkerLease.OnReplyReceived - 4 total (0 active), Execution time: mean = 0.49ms, total = 1.98ms, Queueing time: mean = 0.02ms, max = 0.03ms, min = 0.02ms, total = 0.08ms
	CoreWorkerService.grpc_client.PushTask.OnReplyReceived - 4 total (0 active), Execution time: mean = 0.20ms, total = 0.80ms, Queueing time: mean = 0.03ms, max = 0.06ms, min = 0.02ms, total = 0.12ms
	NodeManagerService.grpc_client.RequestWorkerLease - 4 total (0 active), Execution time: mean = 896.26ms, total = 3585.06ms, Queueing time: mean = 0.00ms, max = -0.00ms, min = 9223372036854.78ms, total = 0.00ms
	ActorInfoGcsService.grpc_server.CreateActor.HandleRequestImpl - 4 total (0 active), Execution time: mean = 0.46ms, total = 1.84ms, Queueing time: mean = 0.03ms, max = 0.05ms, min = 0.01ms, total = 0.13ms
	WorkerInfoGcsService.grpc_server.ReportWorkerFailure.HandleRequestImpl - 4 total (0 active), Execution time: mean = 0.04ms, total = 0.17ms, Queueing time: mean = 0.03ms, max = 0.04ms, min = 0.02ms, total = 0.11ms
	ActorInfoGcsService.grpc_server.RegisterActor - 4 total (0 active), Execution time: mean = 1.12ms, total = 4.47ms, Queueing time: mean = 0.00ms, max = -0.00ms, min = 9223372036854.78ms, total = 0.00ms
	ActorInfoGcsService.grpc_server.CreateActor - 4 total (0 active), Execution time: mean = 8862.85ms, total = 35451.40ms, Queueing time: mean = 0.00ms, max = -0.00ms, min = 9223372036854.78ms, total = 0.00ms
	CoreWorkerService.grpc_client.WaitForActorRefDeleted - 4 total (4 active), Execution time: mean = 0.00ms, total = 0.00ms, Queueing time: mean = 0.00ms, max = -0.00ms, min = 9223372036854.78ms, total = 0.00ms
	WorkerInfoGcsService.grpc_server.ReportWorkerFailure - 4 total (0 active), Execution time: mean = 1.03ms, total = 4.13ms, Queueing time: mean = 0.00ms, max = -0.00ms, min = 9223372036854.78ms, total = 0.00ms
	ActorInfoGcsService.grpc_server.RegisterActor.HandleRequestImpl - 4 total (0 active), Execution time: mean = 0.69ms, total = 2.76ms, Queueing time: mean = 0.04ms, max = 0.05ms, min = 0.02ms, total = 0.14ms
	PlacementGroupInfoGcsService.grpc_server.GetPlacementGroup.HandleRequestImpl - 2 total (0 active), Execution time: mean = 0.03ms, total = 0.06ms, Queueing time: mean = 0.15ms, max = 0.29ms, min = 0.02ms, total = 0.31ms
	PlacementGroupInfoGcsService.grpc_server.GetPlacementGroup - 2 total (0 active), Execution time: mean = 0.43ms, total = 0.87ms, Queueing time: mean = 0.00ms, max = -0.00ms, min = 9223372036854.78ms, total = 0.00ms
	NodeManager.AddNodeCallback - 1 total (0 active), Execution time: mean = 0.39ms, total = 0.39ms, Queueing time: mean = 0.13ms, max = 0.13ms, min = 0.13ms, total = 0.13ms
	GcsPlacementGroupManager.SchedulePendingPlacementGroups - 1 total (0 active), Execution time: mean = 0.00ms, total = 0.00ms, Queueing time: mean = 0.50ms, max = 0.50ms, min = 0.50ms, total = 0.50ms
	JobInfoGcsService.grpc_server.GetNextJobID.HandleRequestImpl - 1 total (0 active), Execution time: mean = 0.03ms, total = 0.03ms, Queueing time: mean = 0.05ms, max = 0.05ms, min = 0.05ms, total = 0.05ms
	GcsInMemoryStore.GetNextJobID - 1 total (0 active), Execution time: mean = 0.01ms, total = 0.01ms, Queueing time: mean = 0.02ms, max = 0.02ms, min = 0.02ms, total = 0.02ms
	NodeManagerService.grpc_client.CommitBundleResources.OnReplyReceived - 1 total (0 active), Execution time: mean = 0.23ms, total = 0.23ms, Queueing time: mean = 0.02ms, max = 0.02ms, min = 0.02ms, total = 0.02ms
	ActorInfoGcsService.grpc_server.GetAllActorInfo - 1 total (0 active), Execution time: mean = 0.27ms, total = 0.27ms, Queueing time: mean = 0.00ms, max = -0.00ms, min = 9223372036854.78ms, total = 0.00ms
	GcsInMemoryStore.Exists - 1 total (0 active), Execution time: mean = 0.03ms, total = 0.03ms, Queueing time: mean = 0.38ms, max = 0.38ms, min = 0.38ms, total = 0.38ms
	InternalKVGcsService.grpc_server.InternalKVDel - 1 total (0 active), Execution time: mean = 0.33ms, total = 0.33ms, Queueing time: mean = 0.00ms, max = -0.00ms, min = 9223372036854.78ms, total = 0.00ms
	NodeManagerService.grpc_client.PrepareBundleResources.OnReplyReceived - 1 total (0 active), Execution time: mean = 0.14ms, total = 0.14ms, Queueing time: mean = 0.02ms, max = 0.02ms, min = 0.02ms, total = 0.02ms
	JobInfoGcsService.grpc_server.GetAllJobInfo - 1 total (0 active), Execution time: mean = 0.39ms, total = 0.39ms, Queueing time: mean = 0.00ms, max = -0.00ms, min = 9223372036854.78ms, total = 0.00ms
	PlacementGroupInfoGcsService.grpc_server.CreatePlacementGroup - 1 total (0 active), Execution time: mean = 0.52ms, total = 0.52ms, Queueing time: mean = 0.00ms, max = -0.00ms, min = 9223372036854.78ms, total = 0.00ms
	InternalKVGcsService.grpc_server.GetInternalConfig - 1 total (0 active), Execution time: mean = 0.56ms, total = 0.56ms, Queueing time: mean = 0.00ms, max = -0.00ms, min = 9223372036854.78ms, total = 0.00ms
	NodeManagerService.grpc_client.PrepareBundleResources - 1 total (0 active), Execution time: mean = 1.48ms, total = 1.48ms, Queueing time: mean = 0.00ms, max = -0.00ms, min = 9223372036854.78ms, total = 0.00ms
	NodeManagerService.grpc_client.CommitBundleResources - 1 total (0 active), Execution time: mean = 1.49ms, total = 1.49ms, Queueing time: mean = 0.00ms, max = -0.00ms, min = 9223372036854.78ms, total = 0.00ms
	PlacementGroupInfoGcsService.grpc_server.CreatePlacementGroup.HandleRequestImpl - 1 total (0 active), Execution time: mean = 0.16ms, total = 0.16ms, Queueing time: mean = 0.02ms, max = 0.02ms, min = 0.02ms, total = 0.02ms
	JobInfoGcsService.grpc_server.GetNextJobID - 1 total (0 active), Execution time: mean = 0.36ms, total = 0.36ms, Queueing time: mean = 0.00ms, max = -0.00ms, min = 9223372036854.78ms, total = 0.00ms
	JobInfoGcsService.grpc_server.GetAllJobInfo.HandleRequestImpl - 1 total (0 active), Execution time: mean = 0.02ms, total = 0.02ms, Queueing time: mean = 0.03ms, max = 0.03ms, min = 0.03ms, total = 0.03ms
	InternalKVGcsService.grpc_server.InternalKVDel.HandleRequestImpl - 1 total (0 active), Execution time: mean = 0.05ms, total = 0.05ms, Queueing time: mean = 0.02ms, max = 0.02ms, min = 0.02ms, total = 0.02ms
	GcsServer.GetOrGenerateClusterId.continuation - 1 total (0 active), Execution time: mean = 745.84ms, total = 745.84ms, Queueing time: mean = 0.00ms, max = 0.00ms, min = 0.00ms, total = 0.00ms
	GcsInMemoryStore.Delete - 1 total (0 active), Execution time: mean = 0.01ms, total = 0.01ms, Queueing time: mean = 0.01ms, max = 0.01ms, min = 0.01ms, total = 0.01ms
	InternalKVGcsService.grpc_server.GetInternalConfig.HandleRequestImpl - 1 total (0 active), Execution time: mean = 0.08ms, total = 0.08ms, Queueing time: mean = 0.06ms, max = 0.06ms, min = 0.06ms, total = 0.06ms
	GcsInitData::AsyncLoad - 1 total (0 active), Execution time: mean = 0.01ms, total = 0.01ms, Queueing time: mean = 0.00ms, max = 0.00ms, min = 0.00ms, total = 0.00ms
	InternalKVGcsService.grpc_server.InternalKVExists.HandleRequestImpl - 1 total (0 active), Execution time: mean = 0.08ms, total = 0.08ms, Queueing time: mean = 0.01ms, max = 0.01ms, min = 0.01ms, total = 0.01ms
	NodeInfoGcsService.grpc_server.RegisterNode - 1 total (0 active), Execution time: mean = 0.57ms, total = 0.57ms, Queueing time: mean = 0.00ms, max = -0.00ms, min = 9223372036854.78ms, total = 0.00ms
	JobInfoGcsService.grpc_server.AddJob - 1 total (0 active), Execution time: mean = 0.56ms, total = 0.56ms, Queueing time: mean = 0.00ms, max = -0.00ms, min = 9223372036854.78ms, total = 0.00ms
	JobInfoGcsService.grpc_server.AddJob.HandleRequestImpl - 1 total (0 active), Execution time: mean = 0.15ms, total = 0.15ms, Queueing time: mean = 0.02ms, max = 0.02ms, min = 0.02ms, total = 0.02ms
	InternalKVGcsService.grpc_server.InternalKVExists - 1 total (0 active), Execution time: mean = 0.76ms, total = 0.76ms, Queueing time: mean = 0.00ms, max = -0.00ms, min = 9223372036854.78ms, total = 0.00ms
	GCSServer.deadline_timer.debug_state_event_stats_print - 1 total (1 active, 1 running), Execution time: mean = 0.00ms, total = 0.00ms, Queueing time: mean = 0.00ms, max = -0.00ms, min = 9223372036854.78ms, total = 0.00ms
	NodeInfoGcsService.grpc_server.RegisterNode.HandleRequestImpl - 1 total (0 active), Execution time: mean = 0.14ms, total = 0.14ms, Queueing time: mean = 0.03ms, max = 0.03ms, min = 0.03ms, total = 0.03ms
	ActorInfoGcsService.grpc_server.GetAllActorInfo.HandleRequestImpl - 1 total (0 active), Execution time: mean = 0.01ms, total = 0.01ms, Queueing time: mean = 0.02ms, max = 0.02ms, min = 0.02ms, total = 0.02ms
	NodeResourceInfoGcsService.grpc_server.GetAllAvailableResources.HandleRequestImpl - 1 total (0 active), Execution time: mean = 0.04ms, total = 0.04ms, Queueing time: mean = 0.02ms, max = 0.02ms, min = 0.02ms, total = 0.02ms
	NodeResourceInfoGcsService.grpc_server.GetAllAvailableResources - 1 total (0 active), Execution time: mean = 0.35ms, total = 0.35ms, Queueing time: mean = 0.00ms, max = -0.00ms, min = 9223372036854.78ms, total = 0.00ms
	GcsHealthCheckManager::AddNode - 1 total (0 active), Execution time: mean = 0.01ms, total = 0.01ms, Queueing time: mean = 0.00ms, max = 0.00ms, min = 0.00ms, total = 0.00ms


[2026-02-07 10:21:42,400 I 3897051 3897051] (gcs_server) gcs_server.cc:961: task_io_context Event stats:


Global stats: 5664 total (1 active)
Queueing time: mean = 0.02ms, max = 0.28ms, min = 0.00ms, total = 86.29ms
Execution time:  mean = 0.14ms, total = 774.72ms
Event stats:
	TaskInfoGcsService.grpc_server.AddTaskEventData - 2821 total (0 active), Execution time: mean = 0.26ms, total = 731.99ms, Queueing time: mean = 0.00ms, max = -0.00ms, min = 9223372036854.78ms, total = 0.00ms
	TaskInfoGcsService.grpc_server.AddTaskEventData.HandleRequestImpl - 2821 total (0 active), Execution time: mean = 0.02ms, total = 42.36ms, Queueing time: mean = 0.03ms, max = 0.22ms, min = 0.00ms, total = 85.32ms
	GcsTaskManager.GcJobSummary - 13 total (1 active), Execution time: mean = 0.01ms, total = 0.11ms, Queueing time: mean = 0.05ms, max = 0.08ms, min = 0.02ms, total = 0.59ms
	event_loop_lag_probe - 8 total (0 active), Execution time: mean = 0.03ms, total = 0.25ms, Queueing time: mean = 0.05ms, max = 0.28ms, min = 0.01ms, total = 0.36ms
	PeriodicalRunner.RunFnPeriodically - 1 total (0 active), Execution time: mean = 0.01ms, total = 0.01ms, Queueing time: mean = 0.01ms, max = 0.01ms, min = 0.01ms, total = 0.01ms


[2026-02-07 10:21:42,401 I 3897051 3897051] (gcs_server) gcs_server.cc:961: pubsub_io_context Event stats:


Global stats: 558 total (58 active)
Queueing time: mean = 0.03ms, max = 0.47ms, min = 0.00ms, total = 15.97ms
Execution time:  mean = 427.64ms, total = 238622.76ms
Event stats:
	InternalPubSubGcsService.grpc_server.GcsSubscriberPoll - 144 total (57 active), Execution time: mean = 1656.55ms, total = 238543.00ms, Queueing time: mean = 0.00ms, max = -0.00ms, min = 9223372036854.78ms, total = 0.00ms
	InternalPubSubGcsService.grpc_server.GcsSubscriberPoll.HandleRequestImpl - 144 total (0 active), Execution time: mean = 0.07ms, total = 9.56ms, Queueing time: mean = 0.07ms, max = 0.40ms, min = 0.01ms, total = 10.07ms
	InternalPubSubGcsService.grpc_server.GcsSubscriberCommandBatch - 67 total (0 active), Execution time: mean = 0.37ms, total = 24.67ms, Queueing time: mean = 0.00ms, max = -0.00ms, min = 9223372036854.78ms, total = 0.00ms
	InternalPubSubGcsService.grpc_server.GcsSubscriberCommandBatch.HandleRequestImpl - 67 total (0 active), Execution time: mean = 0.10ms, total = 6.97ms, Queueing time: mean = 0.04ms, max = 0.32ms, min = 0.01ms, total = 2.72ms
	InternalPubSubGcsService.grpc_server.GcsPublish - 61 total (0 active), Execution time: mean = 0.50ms, total = 30.25ms, Queueing time: mean = 0.00ms, max = -0.00ms, min = 9223372036854.78ms, total = 0.00ms
	InternalPubSubGcsService.grpc_server.GcsPublish.HandleRequestImpl - 61 total (0 active), Execution time: mean = 0.13ms, total = 7.88ms, Queueing time: mean = 0.04ms, max = 0.17ms, min = 0.01ms, total = 2.48ms
	event_loop_lag_probe - 8 total (0 active), Execution time: mean = 0.04ms, total = 0.35ms, Queueing time: mean = 0.07ms, max = 0.47ms, min = 0.00ms, total = 0.57ms
	RemoveSubscriberFrom - 4 total (0 active), Execution time: mean = 0.02ms, total = 0.07ms, Queueing time: mean = 0.02ms, max = 0.03ms, min = 0.01ms, total = 0.09ms
	PeriodicalRunner.RunFnPeriodically - 1 total (0 active), Execution time: mean = 0.03ms, total = 0.03ms, Queueing time: mean = 0.05ms, max = 0.05ms, min = 0.05ms, total = 0.05ms
	Publisher.CheckDeadSubscribers - 1 total (1 active), Execution time: mean = 0.00ms, total = 0.00ms, Queueing time: mean = 0.00ms, max = -0.00ms, min = 9223372036854.78ms, total = 0.00ms


[2026-02-07 10:21:42,401 I 3897051 3897051] (gcs_server) gcs_server.cc:961: ray_syncer_io_context Event stats:


Global stats: 26 total (0 active)
Queueing time: mean = 0.04ms, max = 0.59ms, min = 0.00ms, total = 1.13ms
Execution time:  mean = 0.08ms, total = 2.01ms
Event stats:
	 - 8 total (0 active), Execution time: mean = 0.18ms, total = 1.45ms, Queueing time: mean = 0.03ms, max = 0.05ms, min = 0.02ms, total = 0.26ms
	RaySyncer.BroadcastMessage - 8 total (0 active), Execution time: mean = 0.02ms, total = 0.18ms, Queueing time: mean = 0.00ms, max = 0.00ms, min = 0.00ms, total = 0.00ms
	event_loop_lag_probe - 8 total (0 active), Execution time: mean = 0.05ms, total = 0.38ms, Queueing time: mean = 0.09ms, max = 0.59ms, min = 0.01ms, total = 0.71ms
	RaySyncerRegister - 2 total (0 active), Execution time: mean = 0.00ms, total = 0.00ms, Queueing time: mean = 0.07ms, max = 0.08ms, min = 0.06ms, total = 0.15ms


[2026-02-07 10:21:42,401 I 3897051 3897051] (gcs_server) gcs_server.cc:961: ray_event_io_context Event stats:


Global stats: 8 total (0 active)
Queueing time: mean = 0.22ms, max = 1.65ms, min = 0.01ms, total = 1.72ms
Execution time:  mean = 0.04ms, total = 0.32ms
Event stats:
	event_loop_lag_probe - 8 total (0 active), Execution time: mean = 0.04ms, total = 0.32ms, Queueing time: mean = 0.22ms, max = 1.65ms, min = 0.01ms, total = 1.72ms


[2026-02-07 10:22:42,401 I 3897051 3897051] (gcs_server) gcs_server.cc:943: Gcs Debug state:

GcsNodeManager: 
- RegisterNode request count: 1
- DrainNode request count: 0
- GetAllNodeInfo request count: 136

GcsActorManager: 
- RegisterActor request count: 4
- CreateActor request count: 4
- GetActorInfo request count: 6
- GetNamedActorInfo request count: 9
- GetAllActorInfo request count: 1
- KillActor request count: 0
- ListNamedActors request count: 10
- Registered actors count: 4
- Destroyed actors count: 0
- Named actors count: 3
- Unresolved actors count: 0
- Pending actors count: 0
- Created actors count: 1
- owners_: 1
- actor_to_register_callbacks_: 0
- actor_to_restart_for_lineage_reconstruction_callbacks_: 0
- actor_to_create_callbacks_: 0
- sorted_destroyed_actor_list_: 0

GcsResourceManager: 
- GetAllAvailableResources request count: 1
- GetAllTotalResources request count: 0
- GetAllResourceUsage request count: 24

GcsPlacementGroupManager: 
- CreatePlacementGroup request count: 1
- RemovePlacementGroup request count: 0
- GetPlacementGroup request count: 2
- GetAllPlacementGroup request count: 0
- WaitPlacementGroupUntilReady request count: 0
- GetNamedPlacementGroup request count: 0
- Scheduling pending placement group count: 1
- Registered placement groups count: 1
- Named placement group count: 1
- Pending placement groups count: 0
- Infeasible placement groups count: 0

Publisher:
GCS_ACTOR_CHANNEL
- cumulative published messages: 12
- cumulative published bytes: 7732
- current buffered bytes: 940
GCS_NODE_INFO_CHANNEL
- cumulative published messages: 1
- cumulative published bytes: 601
- current buffered bytes: 601
RAY_LOG_CHANNEL
- cumulative published messages: 70
- cumulative published bytes: 39253
- current buffered bytes: 960
GCS_NODE_ADDRESS_AND_LIVENESS_CHANNEL
- cumulative published messages: 1
- cumulative published bytes: 88
- current buffered bytes: 0
GCS_JOB_CHANNEL
- cumulative published messages: 1
- cumulative published bytes: 1130
- current buffered bytes: 1130
GCS_WORKER_DELTA_CHANNEL
- cumulative published messages: 4
- cumulative published bytes: 384
- current buffered bytes: 96
RAY_NODE_RESOURCE_USAGE_CHANNEL
- cumulative published messages: 20
- cumulative published bytes: 4436915
- current buffered bytes: 223038

[runtime env manager] ID to URIs table:
[runtime env manager] URIs reference table:

GcsTaskManager: 
-Total num task events reported: 62
-Total num status task events dropped: 0
-Total num profile events dropped: 0
-Current num of task events stored: 16
-Total num of actor creation tasks: 4
-Total num of actor tasks: 10
-Total num of normal tasks: 1
-Total num of driver tasks: 1

GcsAutoscalerStateManager: 
- last_seen_autoscaler_state_version_: 0
- last_cluster_resource_state_version_: 24
- pending demands:



[2026-02-07 10:22:42,403 I 3897051 3897051] (gcs_server) gcs_server.cc:957: Main service Event stats:


Global stats: 2570 total (9 active)
Queueing time: mean = 3.14ms, max = 1000.29ms, min = 0.00ms, total = 8080.15ms
Execution time:  mean = 28.36ms, total = 72892.01ms
Event stats:
	GcsInMemoryStore.Put - 298 total (0 active), Execution time: mean = 2.53ms, total = 754.58ms, Queueing time: mean = 2.61ms, max = 745.60ms, min = 0.01ms, total = 777.87ms
	GcsInMemoryStore.Get - 263 total (0 active), Execution time: mean = 0.03ms, total = 7.52ms, Queueing time: mean = 0.04ms, max = 0.82ms, min = 0.01ms, total = 9.49ms
	InternalKVGcsService.grpc_server.InternalKVGet - 258 total (0 active), Execution time: mean = 0.40ms, total = 102.78ms, Queueing time: mean = 0.00ms, max = -0.00ms, min = 9223372036854.78ms, total = 0.00ms
	InternalKVGcsService.grpc_server.InternalKVGet.HandleRequestImpl - 258 total (0 active), Execution time: mean = 0.08ms, total = 21.11ms, Queueing time: mean = 0.03ms, max = 0.41ms, min = 0.01ms, total = 7.98ms
	RayletLoadPulled - 120 total (1 active), Execution time: mean = 0.21ms, total = 25.38ms, Queueing time: mean = 0.05ms, max = 0.18ms, min = 0.01ms, total = 5.49ms
	NodeManagerService.grpc_client.GetResourceLoad - 117 total (0 active), Execution time: mean = 1.05ms, total = 122.69ms, Queueing time: mean = 0.00ms, max = -0.00ms, min = 9223372036854.78ms, total = 0.00ms
	NodeManagerService.grpc_client.GetResourceLoad.OnReplyReceived - 117 total (0 active), Execution time: mean = 0.04ms, total = 5.25ms, Queueing time: mean = 0.03ms, max = 0.06ms, min = 0.02ms, total = 3.98ms
	NodeInfoGcsService.grpc_server.GetClusterId.HandleRequestImpl - 82 total (0 active), Execution time: mean = 0.02ms, total = 1.45ms, Queueing time: mean = 0.05ms, max = 1.19ms, min = 0.01ms, total = 3.87ms
	NodeInfoGcsService.grpc_server.GetClusterId - 82 total (0 active), Execution time: mean = 0.30ms, total = 24.58ms, Queueing time: mean = 0.00ms, max = -0.00ms, min = 9223372036854.78ms, total = 0.00ms
	NodeInfoGcsService.grpc_server.GetAllNodeInfo - 81 total (0 active), Execution time: mean = 0.33ms, total = 26.63ms, Queueing time: mean = 0.00ms, max = -0.00ms, min = 9223372036854.78ms, total = 0.00ms
	NodeInfoGcsService.grpc_server.GetAllNodeInfo.HandleRequestImpl - 81 total (0 active), Execution time: mean = 0.03ms, total = 2.59ms, Queueing time: mean = 0.04ms, max = 0.22ms, min = 0.01ms, total = 2.85ms
	InternalKVGcsService.grpc_server.InternalKVPut - 72 total (0 active), Execution time: mean = 0.41ms, total = 29.65ms, Queueing time: mean = 0.00ms, max = -0.00ms, min = 9223372036854.78ms, total = 0.00ms
	InternalKVGcsService.grpc_server.InternalKVPut.HandleRequestImpl - 72 total (0 active), Execution time: mean = 0.09ms, total = 6.13ms, Queueing time: mean = 0.04ms, max = 0.60ms, min = 0.01ms, total = 2.96ms
	NodeInfoGcsService.grpc_server.GetAllNodeAddressAndLiveness.HandleRequestImpl - 55 total (0 active), Execution time: mean = 0.02ms, total = 0.85ms, Queueing time: mean = 0.07ms, max = 0.79ms, min = 0.01ms, total = 4.00ms
	NodeInfoGcsService.grpc_server.GetAllNodeAddressAndLiveness - 55 total (0 active), Execution time: mean = 0.29ms, total = 16.17ms, Queueing time: mean = 0.00ms, max = -0.00ms, min = 9223372036854.78ms, total = 0.00ms
	WorkerInfoGcsService.grpc_server.AddWorkerInfo - 54 total (0 active), Execution time: mean = 0.38ms, total = 20.64ms, Queueing time: mean = 0.00ms, max = -0.00ms, min = 9223372036854.78ms, total = 0.00ms
	WorkerInfoGcsService.grpc_server.AddWorkerInfo.HandleRequestImpl - 54 total (0 active), Execution time: mean = 0.05ms, total = 2.87ms, Queueing time: mean = 0.02ms, max = 0.13ms, min = 0.01ms, total = 1.27ms
	ClusterResourceManager.ResetRemoteNodeView - 41 total (1 active), Execution time: mean = 0.01ms, total = 0.33ms, Queueing time: mean = 0.05ms, max = 0.08ms, min = 0.02ms, total = 2.13ms
	HealthCheck - 36 total (0 active), Execution time: mean = 0.01ms, total = 0.21ms, Queueing time: mean = 0.03ms, max = 0.06ms, min = 0.02ms, total = 1.24ms
	NodeInfoGcsService.grpc_server.CheckAlive - 26 total (0 active), Execution time: mean = 0.33ms, total = 8.50ms, Queueing time: mean = 0.00ms, max = -0.00ms, min = 9223372036854.78ms, total = 0.00ms
	NodeInfoGcsService.grpc_server.CheckAlive.HandleRequestImpl - 26 total (0 active), Execution time: mean = 0.02ms, total = 0.44ms, Queueing time: mean = 0.04ms, max = 0.07ms, min = 0.02ms, total = 0.95ms
	NodeResourceInfoGcsService.grpc_server.GetAllResourceUsage.HandleRequestImpl - 24 total (0 active), Execution time: mean = 0.07ms, total = 1.71ms, Queueing time: mean = 0.03ms, max = 0.06ms, min = 0.02ms, total = 0.75ms
	NodeResourceInfoGcsService.grpc_server.GetAllResourceUsage - 24 total (0 active), Execution time: mean = 0.37ms, total = 8.77ms, Queueing time: mean = 0.00ms, max = -0.00ms, min = 9223372036854.78ms, total = 0.00ms
	AutoscalerStateService.grpc_server.GetClusterResourceState - 24 total (0 active), Execution time: mean = 0.32ms, total = 7.61ms, Queueing time: mean = 0.00ms, max = -0.00ms, min = 9223372036854.78ms, total = 0.00ms
	AutoscalerStateService.grpc_server.GetClusterResourceState.HandleRequestImpl - 24 total (0 active), Execution time: mean = 0.05ms, total = 1.26ms, Queueing time: mean = 0.03ms, max = 0.06ms, min = 0.01ms, total = 0.66ms
	GCSServer.deadline_timer.metrics_report - 24 total (1 active), Execution time: mean = 0.20ms, total = 4.91ms, Queueing time: mean = 0.07ms, max = 0.79ms, min = 0.01ms, total = 1.78ms
	event_loop_lag_probe - 14 total (0 active), Execution time: mean = 0.01ms, total = 0.13ms, Queueing time: mean = 0.51ms, max = 6.96ms, min = 0.01ms, total = 7.18ms
	GCSServer.deadline_timer.gcs_global_gc - 12 total (1 active), Execution time: mean = 0.01ms, total = 0.06ms, Queueing time: mean = 0.23ms, max = 2.32ms, min = 0.02ms, total = 2.82ms
	ActorInfoGcsService.grpc_server.ListNamedActors - 10 total (0 active), Execution time: mean = 0.40ms, total = 3.97ms, Queueing time: mean = 0.00ms, max = -0.00ms, min = 9223372036854.78ms, total = 0.00ms
	ActorInfoGcsService.grpc_server.ListNamedActors.HandleRequestImpl - 10 total (0 active), Execution time: mean = 0.03ms, total = 0.26ms, Queueing time: mean = 0.09ms, max = 0.52ms, min = 0.02ms, total = 0.87ms
	ActorInfoGcsService.grpc_server.GetNamedActorInfo - 9 total (0 active), Execution time: mean = 0.35ms, total = 3.11ms, Queueing time: mean = 0.00ms, max = -0.00ms, min = 9223372036854.78ms, total = 0.00ms
	ActorInfoGcsService.grpc_server.GetNamedActorInfo.HandleRequestImpl - 9 total (0 active), Execution time: mean = 0.05ms, total = 0.41ms, Queueing time: mean = 0.03ms, max = 0.05ms, min = 0.02ms, total = 0.27ms
	GcsResourceManager::Update - 8 total (0 active), Execution time: mean = 0.10ms, total = 0.81ms, Queueing time: mean = 0.02ms, max = 0.05ms, min = 0.01ms, total = 0.18ms
	GcsHealthCheckManager::MarkNodeHealthy - 8 total (0 active), Execution time: mean = 0.00ms, total = 0.02ms, Queueing time: mean = 0.03ms, max = 0.05ms, min = 0.02ms, total = 0.21ms
	ActorInfoGcsService.grpc_server.GetActorInfo.HandleRequestImpl - 6 total (0 active), Execution time: mean = 0.03ms, total = 0.19ms, Queueing time: mean = 0.03ms, max = 0.05ms, min = 0.01ms, total = 0.17ms
	GcsInMemoryStore.GetAll - 6 total (0 active), Execution time: mean = 0.02ms, total = 0.12ms, Queueing time: mean = 0.08ms, max = 0.10ms, min = 0.01ms, total = 0.47ms
	ReporterService.grpc_client.HealthCheck.OnReplyReceived - 6 total (0 active), Execution time: mean = 0.11ms, total = 0.64ms, Queueing time: mean = 124.04ms, max = 744.12ms, min = 0.02ms, total = 744.24ms
	ActorInfoGcsService.grpc_server.GetActorInfo - 6 total (0 active), Execution time: mean = 0.27ms, total = 1.62ms, Queueing time: mean = 0.00ms, max = -0.00ms, min = 9223372036854.78ms, total = 0.00ms
	ReporterService.grpc_client.HealthCheck - 6 total (0 active), Execution time: mean = 0.60ms, total = 3.59ms, Queueing time: mean = 0.00ms, max = -0.00ms, min = 9223372036854.78ms, total = 0.00ms
	MetricsAgentClient.WaitForServerReadyWithRetry - 5 total (0 active), Execution time: mean = 0.15ms, total = 0.76ms, Queueing time: mean = 1000.10ms, max = 1000.29ms, min = 1000.02ms, total = 5000.50ms
	PeriodicalRunner.RunFnPeriodically - 5 total (0 active), Execution time: mean = 0.23ms, total = 1.15ms, Queueing time: mean = 298.74ms, max = 745.92ms, min = 0.20ms, total = 1493.68ms
	CoreWorkerService.grpc_client.PushTask - 4 total (0 active), Execution time: mean = 7964.85ms, total = 31859.40ms, Queueing time: mean = 0.00ms, max = -0.00ms, min = 9223372036854.78ms, total = 0.00ms
	ActorInfoGcsService.grpc_server.CreateActor.HandleRequestImpl - 4 total (0 active), Execution time: mean = 0.46ms, total = 1.84ms, Queueing time: mean = 0.03ms, max = 0.05ms, min = 0.01ms, total = 0.13ms
	NodeManagerService.grpc_client.RequestWorkerLease.OnReplyReceived - 4 total (0 active), Execution time: mean = 0.49ms, total = 1.98ms, Queueing time: mean = 0.02ms, max = 0.03ms, min = 0.02ms, total = 0.08ms
	CoreWorkerService.grpc_client.PushTask.OnReplyReceived - 4 total (0 active), Execution time: mean = 0.20ms, total = 0.80ms, Queueing time: mean = 0.03ms, max = 0.06ms, min = 0.02ms, total = 0.12ms
	WorkerInfoGcsService.grpc_server.ReportWorkerFailure.HandleRequestImpl - 4 total (0 active), Execution time: mean = 0.04ms, total = 0.17ms, Queueing time: mean = 0.03ms, max = 0.04ms, min = 0.02ms, total = 0.11ms
	NodeManagerService.grpc_client.RequestWorkerLease - 4 total (0 active), Execution time: mean = 896.26ms, total = 3585.06ms, Queueing time: mean = 0.00ms, max = -0.00ms, min = 9223372036854.78ms, total = 0.00ms
	ActorInfoGcsService.grpc_server.RegisterActor - 4 total (0 active), Execution time: mean = 1.12ms, total = 4.47ms, Queueing time: mean = 0.00ms, max = -0.00ms, min = 9223372036854.78ms, total = 0.00ms
	ActorInfoGcsService.grpc_server.CreateActor - 4 total (0 active), Execution time: mean = 8862.85ms, total = 35451.40ms, Queueing time: mean = 0.00ms, max = -0.00ms, min = 9223372036854.78ms, total = 0.00ms
	CoreWorkerService.grpc_client.WaitForActorRefDeleted - 4 total (4 active), Execution time: mean = 0.00ms, total = 0.00ms, Queueing time: mean = 0.00ms, max = -0.00ms, min = 9223372036854.78ms, total = 0.00ms
	WorkerInfoGcsService.grpc_server.ReportWorkerFailure - 4 total (0 active), Execution time: mean = 1.03ms, total = 4.13ms, Queueing time: mean = 0.00ms, max = -0.00ms, min = 9223372036854.78ms, total = 0.00ms
	ActorInfoGcsService.grpc_server.RegisterActor.HandleRequestImpl - 4 total (0 active), Execution time: mean = 0.69ms, total = 2.76ms, Queueing time: mean = 0.04ms, max = 0.05ms, min = 0.02ms, total = 0.14ms
	GCSServer.deadline_timer.debug_state_event_stats_print - 2 total (1 active, 1 running), Execution time: mean = 1.28ms, total = 2.56ms, Queueing time: mean = 0.01ms, max = 0.02ms, min = 0.02ms, total = 0.02ms
	PlacementGroupInfoGcsService.grpc_server.GetPlacementGroup.HandleRequestImpl - 2 total (0 active), Execution time: mean = 0.03ms, total = 0.06ms, Queueing time: mean = 0.15ms, max = 0.29ms, min = 0.02ms, total = 0.31ms
	PlacementGroupInfoGcsService.grpc_server.GetPlacementGroup - 2 total (0 active), Execution time: mean = 0.43ms, total = 0.87ms, Queueing time: mean = 0.00ms, max = -0.00ms, min = 9223372036854.78ms, total = 0.00ms
	JobInfoGcsService.grpc_server.GetNextJobID - 1 total (0 active), Execution time: mean = 0.36ms, total = 0.36ms, Queueing time: mean = 0.00ms, max = -0.00ms, min = 9223372036854.78ms, total = 0.00ms
	JobInfoGcsService.grpc_server.GetNextJobID.HandleRequestImpl - 1 total (0 active), Execution time: mean = 0.03ms, total = 0.03ms, Queueing time: mean = 0.05ms, max = 0.05ms, min = 0.05ms, total = 0.05ms
	GcsInMemoryStore.GetNextJobID - 1 total (0 active), Execution time: mean = 0.01ms, total = 0.01ms, Queueing time: mean = 0.02ms, max = 0.02ms, min = 0.02ms, total = 0.02ms
	NodeManagerService.grpc_client.CommitBundleResources.OnReplyReceived - 1 total (0 active), Execution time: mean = 0.23ms, total = 0.23ms, Queueing time: mean = 0.02ms, max = 0.02ms, min = 0.02ms, total = 0.02ms
	ActorInfoGcsService.grpc_server.GetAllActorInfo - 1 total (0 active), Execution time: mean = 0.27ms, total = 0.27ms, Queueing time: mean = 0.00ms, max = -0.00ms, min = 9223372036854.78ms, total = 0.00ms
	GcsInMemoryStore.Exists - 1 total (0 active), Execution time: mean = 0.03ms, total = 0.03ms, Queueing time: mean = 0.38ms, max = 0.38ms, min = 0.38ms, total = 0.38ms
	InternalKVGcsService.grpc_server.InternalKVDel - 1 total (0 active), Execution time: mean = 0.33ms, total = 0.33ms, Queueing time: mean = 0.00ms, max = -0.00ms, min = 9223372036854.78ms, total = 0.00ms
	NodeManager.AddNodeCallback - 1 total (0 active), Execution time: mean = 0.39ms, total = 0.39ms, Queueing time: mean = 0.13ms, max = 0.13ms, min = 0.13ms, total = 0.13ms
	PlacementGroupInfoGcsService.grpc_server.CreatePlacementGroup.HandleRequestImpl - 1 total (0 active), Execution time: mean = 0.16ms, total = 0.16ms, Queueing time: mean = 0.02ms, max = 0.02ms, min = 0.02ms, total = 0.02ms
	NodeManagerService.grpc_client.PrepareBundleResources.OnReplyReceived - 1 total (0 active), Execution time: mean = 0.14ms, total = 0.14ms, Queueing time: mean = 0.02ms, max = 0.02ms, min = 0.02ms, total = 0.02ms
	JobInfoGcsService.grpc_server.GetAllJobInfo - 1 total (0 active), Execution time: mean = 0.39ms, total = 0.39ms, Queueing time: mean = 0.00ms, max = -0.00ms, min = 9223372036854.78ms, total = 0.00ms
	GcsPlacementGroupManager.SchedulePendingPlacementGroups - 1 total (0 active), Execution time: mean = 0.00ms, total = 0.00ms, Queueing time: mean = 0.50ms, max = 0.50ms, min = 0.50ms, total = 0.50ms
	PlacementGroupInfoGcsService.grpc_server.CreatePlacementGroup - 1 total (0 active), Execution time: mean = 0.52ms, total = 0.52ms, Queueing time: mean = 0.00ms, max = -0.00ms, min = 9223372036854.78ms, total = 0.00ms
	InternalKVGcsService.grpc_server.GetInternalConfig - 1 total (0 active), Execution time: mean = 0.56ms, total = 0.56ms, Queueing time: mean = 0.00ms, max = -0.00ms, min = 9223372036854.78ms, total = 0.00ms
	NodeManagerService.grpc_client.PrepareBundleResources - 1 total (0 active), Execution time: mean = 1.48ms, total = 1.48ms, Queueing time: mean = 0.00ms, max = -0.00ms, min = 9223372036854.78ms, total = 0.00ms
	NodeManagerService.grpc_client.CommitBundleResources - 1 total (0 active), Execution time: mean = 1.49ms, total = 1.49ms, Queueing time: mean = 0.00ms, max = -0.00ms, min = 9223372036854.78ms, total = 0.00ms
	JobInfoGcsService.grpc_server.AddJob.HandleRequestImpl - 1 total (0 active), Execution time: mean = 0.15ms, total = 0.15ms, Queueing time: mean = 0.02ms, max = 0.02ms, min = 0.02ms, total = 0.02ms
	GcsHealthCheckManager::AddNode - 1 total (0 active), Execution time: mean = 0.01ms, total = 0.01ms, Queueing time: mean = 0.00ms, max = 0.00ms, min = 0.00ms, total = 0.00ms
	NodeResourceInfoGcsService.grpc_server.GetAllAvailableResources - 1 total (0 active), Execution time: mean = 0.35ms, total = 0.35ms, Queueing time: mean = 0.00ms, max = -0.00ms, min = 9223372036854.78ms, total = 0.00ms
	NodeResourceInfoGcsService.grpc_server.GetAllAvailableResources.HandleRequestImpl - 1 total (0 active), Execution time: mean = 0.04ms, total = 0.04ms, Queueing time: mean = 0.02ms, max = 0.02ms, min = 0.02ms, total = 0.02ms
	ActorInfoGcsService.grpc_server.GetAllActorInfo.HandleRequestImpl - 1 total (0 active), Execution time: mean = 0.01ms, total = 0.01ms, Queueing time: mean = 0.02ms, max = 0.02ms, min = 0.02ms, total = 0.02ms
	NodeInfoGcsService.grpc_server.RegisterNode.HandleRequestImpl - 1 total (0 active), Execution time: mean = 0.14ms, total = 0.14ms, Queueing time: mean = 0.03ms, max = 0.03ms, min = 0.03ms, total = 0.03ms
	InternalKVGcsService.grpc_server.InternalKVExists - 1 total (0 active), Execution time: mean = 0.76ms, total = 0.76ms, Queueing time: mean = 0.00ms, max = -0.00ms, min = 9223372036854.78ms, total = 0.00ms
	JobInfoGcsService.grpc_server.GetAllJobInfo.HandleRequestImpl - 1 total (0 active), Execution time: mean = 0.02ms, total = 0.02ms, Queueing time: mean = 0.03ms, max = 0.03ms, min = 0.03ms, total = 0.03ms
	JobInfoGcsService.grpc_server.AddJob - 1 total (0 active), Execution time: mean = 0.56ms, total = 0.56ms, Queueing time: mean = 0.00ms, max = -0.00ms, min = 9223372036854.78ms, total = 0.00ms
	NodeInfoGcsService.grpc_server.RegisterNode - 1 total (0 active), Execution time: mean = 0.57ms, total = 0.57ms, Queueing time: mean = 0.00ms, max = -0.00ms, min = 9223372036854.78ms, total = 0.00ms
	InternalKVGcsService.grpc_server.InternalKVExists.HandleRequestImpl - 1 total (0 active), Execution time: mean = 0.08ms, total = 0.08ms, Queueing time: mean = 0.01ms, max = 0.01ms, min = 0.01ms, total = 0.01ms
	GcsInitData::AsyncLoad - 1 total (0 active), Execution time: mean = 0.01ms, total = 0.01ms, Queueing time: mean = 0.00ms, max = 0.00ms, min = 0.00ms, total = 0.00ms
	InternalKVGcsService.grpc_server.GetInternalConfig.HandleRequestImpl - 1 total (0 active), Execution time: mean = 0.08ms, total = 0.08ms, Queueing time: mean = 0.06ms, max = 0.06ms, min = 0.06ms, total = 0.06ms
	GcsInMemoryStore.Delete - 1 total (0 active), Execution time: mean = 0.01ms, total = 0.01ms, Queueing time: mean = 0.01ms, max = 0.01ms, min = 0.01ms, total = 0.01ms
	GcsServer.GetOrGenerateClusterId.continuation - 1 total (0 active), Execution time: mean = 745.84ms, total = 745.84ms, Queueing time: mean = 0.00ms, max = 0.00ms, min = 0.00ms, total = 0.00ms
	InternalKVGcsService.grpc_server.InternalKVDel.HandleRequestImpl - 1 total (0 active), Execution time: mean = 0.05ms, total = 0.05ms, Queueing time: mean = 0.02ms, max = 0.02ms, min = 0.02ms, total = 0.02ms


[2026-02-07 10:22:42,403 I 3897051 3897051] (gcs_server) gcs_server.cc:961: task_io_context Event stats:


Global stats: 11682 total (1 active)
Queueing time: mean = 0.02ms, max = 0.28ms, min = 0.00ms, total = 195.07ms
Execution time:  mean = 0.14ms, total = 1666.53ms
Event stats:
	TaskInfoGcsService.grpc_server.AddTaskEventData - 5821 total (0 active), Execution time: mean = 0.27ms, total = 1577.00ms, Queueing time: mean = 0.00ms, max = -0.00ms, min = 9223372036854.78ms, total = 0.00ms
	TaskInfoGcsService.grpc_server.AddTaskEventData.HandleRequestImpl - 5821 total (0 active), Execution time: mean = 0.02ms, total = 89.00ms, Queueing time: mean = 0.03ms, max = 0.25ms, min = 0.00ms, total = 193.43ms
	GcsTaskManager.GcJobSummary - 25 total (1 active), Execution time: mean = 0.01ms, total = 0.20ms, Queueing time: mean = 0.05ms, max = 0.10ms, min = 0.02ms, total = 1.23ms
	event_loop_lag_probe - 14 total (0 active), Execution time: mean = 0.02ms, total = 0.32ms, Queueing time: mean = 0.03ms, max = 0.28ms, min = 0.01ms, total = 0.40ms
	PeriodicalRunner.RunFnPeriodically - 1 total (0 active), Execution time: mean = 0.01ms, total = 0.01ms, Queueing time: mean = 0.01ms, max = 0.01ms, min = 0.01ms, total = 0.01ms


[2026-02-07 10:22:42,403 I 3897051 3897051] (gcs_server) gcs_server.cc:961: pubsub_io_context Event stats:


Global stats: 680 total (58 active)
Queueing time: mean = 0.03ms, max = 0.47ms, min = 0.00ms, total = 18.23ms
Execution time:  mean = 521.81ms, total = 354830.95ms
Event stats:
	InternalPubSubGcsService.grpc_server.GcsSubscriberPoll - 173 total (57 active), Execution time: mean = 2050.47ms, total = 354730.61ms, Queueing time: mean = 0.00ms, max = -0.00ms, min = 9223372036854.78ms, total = 0.00ms
	InternalPubSubGcsService.grpc_server.GcsSubscriberPoll.HandleRequestImpl - 173 total (0 active), Execution time: mean = 0.07ms, total = 11.56ms, Queueing time: mean = 0.06ms, max = 0.40ms, min = 0.01ms, total = 11.10ms
	InternalPubSubGcsService.grpc_server.GcsPublish - 90 total (0 active), Execution time: mean = 0.49ms, total = 43.91ms, Queueing time: mean = 0.00ms, max = -0.00ms, min = 9223372036854.78ms, total = 0.00ms
	InternalPubSubGcsService.grpc_server.GcsPublish.HandleRequestImpl - 90 total (0 active), Execution time: mean = 0.14ms, total = 12.71ms, Queueing time: mean = 0.04ms, max = 0.17ms, min = 0.01ms, total = 3.66ms
	InternalPubSubGcsService.grpc_server.GcsSubscriberCommandBatch - 67 total (0 active), Execution time: mean = 0.37ms, total = 24.67ms, Queueing time: mean = 0.00ms, max = -0.00ms, min = 9223372036854.78ms, total = 0.00ms
	InternalPubSubGcsService.grpc_server.GcsSubscriberCommandBatch.HandleRequestImpl - 67 total (0 active), Execution time: mean = 0.10ms, total = 6.97ms, Queueing time: mean = 0.04ms, max = 0.32ms, min = 0.01ms, total = 2.72ms
	event_loop_lag_probe - 14 total (0 active), Execution time: mean = 0.03ms, total = 0.43ms, Queueing time: mean = 0.04ms, max = 0.47ms, min = 0.00ms, total = 0.61ms
	RemoveSubscriberFrom - 4 total (0 active), Execution time: mean = 0.02ms, total = 0.07ms, Queueing time: mean = 0.02ms, max = 0.03ms, min = 0.01ms, total = 0.09ms
	PeriodicalRunner.RunFnPeriodically - 1 total (0 active), Execution time: mean = 0.03ms, total = 0.03ms, Queueing time: mean = 0.05ms, max = 0.05ms, min = 0.05ms, total = 0.05ms
	Publisher.CheckDeadSubscribers - 1 total (1 active), Execution time: mean = 0.00ms, total = 0.00ms, Queueing time: mean = 0.00ms, max = -0.00ms, min = 9223372036854.78ms, total = 0.00ms


[2026-02-07 10:22:42,403 I 3897051 3897051] (gcs_server) gcs_server.cc:961: ray_syncer_io_context Event stats:


Global stats: 32 total (0 active)
Queueing time: mean = 0.04ms, max = 0.59ms, min = 0.00ms, total = 1.18ms
Execution time:  mean = 0.07ms, total = 2.11ms
Event stats:
	event_loop_lag_probe - 14 total (0 active), Execution time: mean = 0.03ms, total = 0.48ms, Queueing time: mean = 0.05ms, max = 0.59ms, min = 0.01ms, total = 0.76ms
	 - 8 total (0 active), Execution time: mean = 0.18ms, total = 1.45ms, Queueing time: mean = 0.03ms, max = 0.05ms, min = 0.02ms, total = 0.26ms
	RaySyncer.BroadcastMessage - 8 total (0 active), Execution time: mean = 0.02ms, total = 0.18ms, Queueing time: mean = 0.00ms, max = 0.00ms, min = 0.00ms, total = 0.00ms
	RaySyncerRegister - 2 total (0 active), Execution time: mean = 0.00ms, total = 0.00ms, Queueing time: mean = 0.07ms, max = 0.08ms, min = 0.06ms, total = 0.15ms


[2026-02-07 10:22:42,403 I 3897051 3897051] (gcs_server) gcs_server.cc:961: ray_event_io_context Event stats:


Global stats: 14 total (0 active)
Queueing time: mean = 0.13ms, max = 1.65ms, min = 0.01ms, total = 1.76ms
Execution time:  mean = 0.03ms, total = 0.40ms
Event stats:
	event_loop_lag_probe - 14 total (0 active), Execution time: mean = 0.03ms, total = 0.40ms, Queueing time: mean = 0.13ms, max = 1.65ms, min = 0.01ms, total = 1.76ms


