[2026-02-07 10:21:07,823 I 3901915 3901915] core_worker_process.cc:777: Constructing CoreWorkerProcess. pid: 3901915
[2026-02-07 10:21:07,826 I 3901915 3901915] event.cc:499: Ray Event initialized for CORE_WORKER
[2026-02-07 10:21:07,826 I 3901915 3901915] event.cc:499: Ray Event initialized for EXPORT_TASK
[2026-02-07 10:21:07,826 I 3901915 3901915] event.cc:332: Set ray event level to warning
[2026-02-07 10:21:07,826 I 3901915 3901915] event_aggregator_client.h:50: Initiating the local event aggregator client with port: 56275
[2026-02-07 10:21:07,828 I 3901915 3901915] grpc_server.cc:143: worker server started, listening on port 36857.
[2026-02-07 10:21:07,839 I 3901915 3901915] core_worker_process.cc:262: Initializing worker at address: 172.28.6.5:36857 worker_id=1ed85a0b34958fa47bec400a10e26071caea4fd63067e6c3ee179aef node_id=7130f8f34587de4f3c7ba6309d5d3a07ab9276e7331b97c346df83e8
[2026-02-07 10:21:07,840 I 3901915 3901915] task_event_buffer.cc:480: Reporting task events to GCS every 1000ms.
[2026-02-07 10:21:07,841 I 3901915 3901915] core_worker.cc:515: Adjusted worker niceness to 15
[2026-02-07 10:21:07,841 I 3901915 3901915] metrics_agent_client.cc:45: Initializing exporter ...
[2026-02-07 10:21:07,841 I 3901915 3901966] core_worker.cc:455: Event stats:


Global stats: 12 total (10 active)
Queueing time: mean = 0.00ms, max = 0.01ms, min = 0.01ms, total = 0.03ms
Execution time:  mean = 0.01ms, total = 0.06ms
Event stats:
	PeriodicalRunner.RunFnPeriodically - 7 total (5 active, 1 running), Execution time: mean = 0.01ms, total = 0.06ms, Queueing time: mean = 0.00ms, max = 0.01ms, min = 0.01ms, total = 0.03ms
	Publisher.CheckDeadSubscribers - 1 total (1 active), Execution time: mean = 0.00ms, total = 0.00ms, Queueing time: mean = 0.00ms, max = -0.00ms, min = 9223372036854.78ms, total = 0.00ms
	ray::rpc::InternalPubSubGcsService.grpc_client.GcsSubscriberPoll - 1 total (1 active), Execution time: mean = 0.00ms, total = 0.00ms, Queueing time: mean = 0.00ms, max = -0.00ms, min = 9223372036854.78ms, total = 0.00ms
	ray::rpc::WorkerInfoGcsService.grpc_client.AddWorkerInfo - 1 total (1 active), Execution time: mean = 0.00ms, total = 0.00ms, Queueing time: mean = 0.00ms, max = -0.00ms, min = 9223372036854.78ms, total = 0.00ms
	ray::rpc::InternalPubSubGcsService.grpc_client.GcsSubscriberCommandBatch - 1 total (1 active), Execution time: mean = 0.00ms, total = 0.00ms, Queueing time: mean = 0.00ms, max = -0.00ms, min = 9223372036854.78ms, total = 0.00ms
	CoreWorker.ExitIfParentRayletDies - 1 total (1 active), Execution time: mean = 0.00ms, total = 0.00ms, Queueing time: mean = 0.00ms, max = -0.00ms, min = 9223372036854.78ms, total = 0.00ms

-----------------
Task execution event stats:

Global stats: 0 total (0 active)
Queueing time: mean = -nanms, max = -0.00ms, min = 9223372036854.78ms, total = 0.00ms
Execution time:  mean = -nanms, total = 0.00ms
Event stats:

-----------------
Task Event stats:

IO Service Stats:

Global stats: 4 total (1 active)
Queueing time: mean = 0.01ms, max = 0.04ms, min = 0.01ms, total = 0.05ms
Execution time:  mean = 0.32ms, total = 1.27ms
Event stats:
	CoreWorker.deadline_timer.flush_task_events - 1 total (1 active), Execution time: mean = 0.00ms, total = 0.00ms, Queueing time: mean = 0.00ms, max = -0.00ms, min = 9223372036854.78ms, total = 0.00ms
	PeriodicalRunner.RunFnPeriodically - 1 total (0 active), Execution time: mean = 0.43ms, total = 0.43ms, Queueing time: mean = 0.01ms, max = 0.01ms, min = 0.01ms, total = 0.01ms
	ray::rpc::TaskInfoGcsService.grpc_client.AddTaskEventData - 1 total (0 active), Execution time: mean = 0.82ms, total = 0.82ms, Queueing time: mean = 0.00ms, max = -0.00ms, min = 9223372036854.78ms, total = 0.00ms
	ray::rpc::TaskInfoGcsService.grpc_client.AddTaskEventData.OnReplyReceived - 1 total (0 active), Execution time: mean = 0.03ms, total = 0.03ms, Queueing time: mean = 0.04ms, max = 0.04ms, min = 0.04ms, total = 0.04ms
Other Stats:
	gcs_grpc_in_progress:0
	event_aggregator_grpc_in_progress:0
	current number of task status events in buffer: 0
	current number of profile events in buffer: 0
	current number of dropped task attempts tracked: 0
	total task events sent: 0 MiB
	total number of task attempts sent: 0
	total number of task attempts dropped reported: 0
	total number of sent failure: 0
	num status task events dropped: 0
	num profile task events dropped: 0
	num ray task events reported to aggregator: 0
	num ray task events failed to report to aggregator: 0
	num of task attempts dropped reported to aggregator: 0
	num of failed requests to aggregator: 0

[2026-02-07 10:21:07,843 I 3901915 3901966] metrics_agent_client.cc:59: Exporter initialized.
[2026-02-07 10:21:07,843 I 3901915 3901966] accessor.cc:433: Received address and liveness notification for node, IsAlive = 1 node_id=7130f8f34587de4f3c7ba6309d5d3a07ab9276e7331b97c346df83e8
[2026-02-07 10:21:07,843 I 3901915 3901966] normal_task_submitter.cc:840: Number of alive nodes:1
[2026-02-07 10:21:07,843 I 3901915 3901915] actor_task_submitter.cc:75: Set actor max pending calls to -1 actor_id=dc683defb695ab59ae87fb2701000000
[2026-02-07 10:21:07,843 I 3901915 3901915] core_worker.cc:2904: Creating actor actor_id=dc683defb695ab59ae87fb2701000000
[2026-02-07 10:21:08,056 I 3901915 3901915] task_receiver.cc:142: Actor creation task finished, task_id: ffffffffffffffffdc683defb695ab59ae87fb2701000000, actor_id: dc683defb695ab59ae87fb2701000000, actor_repr_name: 
[2026-02-07 10:22:07,842 I 3901915 3901966] core_worker.cc:455: Event stats:


Global stats: 892 total (8 active)
Queueing time: mean = 0.04ms, max = 1.43ms, min = 0.01ms, total = 39.37ms
Execution time:  mean = 0.33ms, total = 297.00ms
Event stats:
	CoreWorker.RecoverObjects - 600 total (1 active), Execution time: mean = 0.01ms, total = 5.36ms, Queueing time: mean = 0.04ms, max = 0.90ms, min = 0.01ms, total = 26.08ms
	NodeManagerService.grpc_client.ReportWorkerBacklog - 60 total (0 active), Execution time: mean = 0.83ms, total = 49.76ms, Queueing time: mean = 0.00ms, max = -0.00ms, min = 9223372036854.78ms, total = 0.00ms
	CoreWorker.ExitIfParentRayletDies - 60 total (1 active), Execution time: mean = 0.01ms, total = 0.66ms, Queueing time: mean = 0.04ms, max = 0.08ms, min = 0.01ms, total = 2.49ms
	NodeManagerService.grpc_client.ReportWorkerBacklog.OnReplyReceived - 60 total (0 active), Execution time: mean = 0.03ms, total = 1.75ms, Queueing time: mean = 0.03ms, max = 0.07ms, min = 0.01ms, total = 1.85ms
	CoreWorker.InternalHeartbeat - 60 total (1 active), Execution time: mean = 0.20ms, total = 11.79ms, Queueing time: mean = 0.06ms, max = 1.43ms, min = 0.01ms, total = 3.63ms
	CoreWorker.RecordMetrics - 12 total (1 active), Execution time: mean = 0.26ms, total = 3.11ms, Queueing time: mean = 0.03ms, max = 0.06ms, min = 0.02ms, total = 0.42ms
	PeriodicalRunner.RunFnPeriodically - 7 total (0 active), Execution time: mean = 0.16ms, total = 1.09ms, Queueing time: mean = 0.42ms, max = 1.07ms, min = 0.01ms, total = 2.97ms
	CoreWorker.TryDelPendingObjectRefStreams - 6 total (1 active), Execution time: mean = 0.00ms, total = 0.03ms, Queueing time: mean = 0.03ms, max = 0.07ms, min = 0.02ms, total = 0.19ms
	CoreWorkerService.grpc_server.PushTask - 4 total (0 active), Execution time: mean = 54.08ms, total = 216.34ms, Queueing time: mean = 0.00ms, max = -0.00ms, min = 9223372036854.78ms, total = 0.00ms
	CoreWorkerService.grpc_server.GetCoreWorkerStats - 4 total (0 active), Execution time: mean = 0.31ms, total = 1.23ms, Queueing time: mean = 0.00ms, max = -0.00ms, min = 9223372036854.78ms, total = 0.00ms
	CoreWorkerService.grpc_server.PushTask.HandleRequestImpl - 4 total (0 active), Execution time: mean = 0.10ms, total = 0.41ms, Queueing time: mean = 0.04ms, max = 0.09ms, min = 0.01ms, total = 0.14ms
	CoreWorkerService.grpc_server.GetCoreWorkerStats.HandleRequestImpl - 4 total (0 active), Execution time: mean = 0.10ms, total = 0.39ms, Queueing time: mean = 0.03ms, max = 0.03ms, min = 0.02ms, total = 0.10ms
	ray::rpc::NodeInfoGcsService.grpc_client.GetAllNodeAddressAndLiveness.OnReplyReceived - 1 total (0 active), Execution time: mean = 0.10ms, total = 0.10ms, Queueing time: mean = 0.18ms, max = 0.18ms, min = 0.18ms, total = 0.18ms
	ray::rpc::WorkerInfoGcsService.grpc_client.AddWorkerInfo - 1 total (0 active), Execution time: mean = 0.76ms, total = 0.76ms, Queueing time: mean = 0.00ms, max = -0.00ms, min = 9223372036854.78ms, total = 0.00ms
	ray::rpc::InternalPubSubGcsService.grpc_client.GcsSubscriberCommandBatch - 1 total (0 active), Execution time: mean = 0.74ms, total = 0.74ms, Queueing time: mean = 0.00ms, max = -0.00ms, min = 9223372036854.78ms, total = 0.00ms
	ReporterService.grpc_client.HealthCheck - 1 total (0 active), Execution time: mean = 1.86ms, total = 1.86ms, Queueing time: mean = 0.00ms, max = -0.00ms, min = 9223372036854.78ms, total = 0.00ms
	CoreWorker.PrintEventStats - 1 total (1 active, 1 running), Execution time: mean = 0.00ms, total = 0.00ms, Queueing time: mean = 0.00ms, max = -0.00ms, min = 9223372036854.78ms, total = 0.00ms
	ray::rpc::InternalPubSubGcsService.grpc_client.GcsSubscriberPoll - 1 total (1 active), Execution time: mean = 0.00ms, total = 0.00ms, Queueing time: mean = 0.00ms, max = -0.00ms, min = 9223372036854.78ms, total = 0.00ms
	ray::rpc::InternalPubSubGcsService.grpc_client.GcsSubscriberCommandBatch.OnReplyReceived - 1 total (0 active), Execution time: mean = 0.21ms, total = 0.21ms, Queueing time: mean = 0.60ms, max = 0.60ms, min = 0.60ms, total = 0.60ms
	ReporterService.grpc_client.HealthCheck.OnReplyReceived - 1 total (0 active), Execution time: mean = 0.34ms, total = 0.34ms, Queueing time: mean = 0.02ms, max = 0.02ms, min = 0.02ms, total = 0.02ms
	ray::rpc::NodeInfoGcsService.grpc_client.GetAllNodeAddressAndLiveness - 1 total (0 active), Execution time: mean = 1.04ms, total = 1.04ms, Queueing time: mean = 0.00ms, max = -0.00ms, min = 9223372036854.78ms, total = 0.00ms
	Publisher.CheckDeadSubscribers - 1 total (1 active), Execution time: mean = 0.00ms, total = 0.00ms, Queueing time: mean = 0.00ms, max = -0.00ms, min = 9223372036854.78ms, total = 0.00ms
	ray::rpc::WorkerInfoGcsService.grpc_client.AddWorkerInfo.OnReplyReceived - 1 total (0 active), Execution time: mean = 0.04ms, total = 0.04ms, Queueing time: mean = 0.70ms, max = 0.70ms, min = 0.70ms, total = 0.70ms

-----------------
Task execution event stats:

Global stats: 5953 total (1 active)
Queueing time: mean = 0.08ms, max = 203.43ms, min = 0.00ms, total = 464.39ms
Execution time:  mean = 0.05ms, total = 302.84ms
Event stats:
	CoreWorker.CheckSignal - 5948 total (1 active), Execution time: mean = 0.01ms, total = 87.89ms, Queueing time: mean = 0.08ms, max = 203.43ms, min = 0.01ms, total = 464.10ms
	CoreWorker.HandlePushTaskActor - 3 total (0 active), Execution time: mean = 0.56ms, total = 1.69ms, Queueing time: mean = 0.09ms, max = 0.23ms, min = 0.02ms, total = 0.28ms
	PeriodicalRunner.RunFnPeriodically - 1 total (0 active), Execution time: mean = 0.01ms, total = 0.01ms, Queueing time: mean = 0.00ms, max = 0.00ms, min = 0.00ms, total = 0.00ms
	CoreWorker.HandlePushTask - 1 total (0 active), Execution time: mean = 213.26ms, total = 213.26ms, Queueing time: mean = 0.01ms, max = 0.01ms, min = 0.01ms, total = 0.01ms

-----------------
Task Event stats:

IO Service Stats:

Global stats: 181 total (1 active)
Queueing time: mean = 0.03ms, max = 0.09ms, min = 0.01ms, total = 4.86ms
Execution time:  mean = 0.37ms, total = 67.17ms
Event stats:
	CoreWorker.deadline_timer.flush_task_events - 60 total (1 active), Execution time: mean = 0.25ms, total = 15.03ms, Queueing time: mean = 0.05ms, max = 0.09ms, min = 0.02ms, total = 2.85ms
	ray::rpc::TaskInfoGcsService.grpc_client.AddTaskEventData - 60 total (0 active), Execution time: mean = 0.82ms, total = 49.21ms, Queueing time: mean = 0.00ms, max = -0.00ms, min = 9223372036854.78ms, total = 0.00ms
	ray::rpc::TaskInfoGcsService.grpc_client.AddTaskEventData.OnReplyReceived - 60 total (0 active), Execution time: mean = 0.04ms, total = 2.51ms, Queueing time: mean = 0.03ms, max = 0.08ms, min = 0.02ms, total = 2.00ms
	PeriodicalRunner.RunFnPeriodically - 1 total (0 active), Execution time: mean = 0.43ms, total = 0.43ms, Queueing time: mean = 0.01ms, max = 0.01ms, min = 0.01ms, total = 0.01ms
Other Stats:
	gcs_grpc_in_progress:0
	event_aggregator_grpc_in_progress:0
	current number of task status events in buffer: 0
	current number of profile events in buffer: 0
	current number of dropped task attempts tracked: 0
	total task events sent: 0.00162983 MiB
	total number of task attempts sent: 4
	total number of task attempts dropped reported: 0
	total number of sent failure: 0
	num status task events dropped: 0
	num profile task events dropped: 0
	num ray task events reported to aggregator: 0
	num ray task events failed to report to aggregator: 0
	num of task attempts dropped reported to aggregator: 0
	num of failed requests to aggregator: 0

[2026-02-07 10:23:07,843 I 3901915 3901966] core_worker.cc:455: Event stats:


Global stats: 1759 total (8 active)
Queueing time: mean = 0.05ms, max = 1.43ms, min = 0.01ms, total = 79.75ms
Execution time:  mean = 0.21ms, total = 372.29ms
Event stats:
	CoreWorker.RecoverObjects - 1200 total (1 active), Execution time: mean = 0.01ms, total = 11.15ms, Queueing time: mean = 0.05ms, max = 0.90ms, min = 0.01ms, total = 56.16ms
	NodeManagerService.grpc_client.ReportWorkerBacklog - 120 total (0 active), Execution time: mean = 0.83ms, total = 100.10ms, Queueing time: mean = 0.00ms, max = -0.00ms, min = 9223372036854.78ms, total = 0.00ms
	CoreWorker.ExitIfParentRayletDies - 120 total (1 active), Execution time: mean = 0.01ms, total = 1.37ms, Queueing time: mean = 0.05ms, max = 0.08ms, min = 0.01ms, total = 5.67ms
	NodeManagerService.grpc_client.ReportWorkerBacklog.OnReplyReceived - 120 total (0 active), Execution time: mean = 0.03ms, total = 3.78ms, Queueing time: mean = 0.04ms, max = 0.07ms, min = 0.01ms, total = 4.51ms
	CoreWorker.InternalHeartbeat - 120 total (1 active), Execution time: mean = 0.20ms, total = 24.58ms, Queueing time: mean = 0.06ms, max = 1.43ms, min = 0.01ms, total = 6.94ms
	CoreWorker.RecordMetrics - 24 total (1 active), Execution time: mean = 0.17ms, total = 4.19ms, Queueing time: mean = 0.04ms, max = 0.07ms, min = 0.02ms, total = 1.00ms
	CoreWorker.TryDelPendingObjectRefStreams - 12 total (1 active), Execution time: mean = 0.01ms, total = 0.07ms, Queueing time: mean = 0.05ms, max = 0.08ms, min = 0.02ms, total = 0.56ms
	CoreWorkerService.grpc_server.GetCoreWorkerStats.HandleRequestImpl - 8 total (0 active), Execution time: mean = 0.09ms, total = 0.76ms, Queueing time: mean = 0.03ms, max = 0.06ms, min = 0.02ms, total = 0.24ms
	CoreWorkerService.grpc_server.GetCoreWorkerStats - 8 total (0 active), Execution time: mean = 0.32ms, total = 2.53ms, Queueing time: mean = 0.00ms, max = -0.00ms, min = 9223372036854.78ms, total = 0.00ms
	PeriodicalRunner.RunFnPeriodically - 7 total (0 active), Execution time: mean = 0.16ms, total = 1.09ms, Queueing time: mean = 0.42ms, max = 1.07ms, min = 0.01ms, total = 2.97ms
	CoreWorkerService.grpc_server.PushTask - 4 total (0 active), Execution time: mean = 54.08ms, total = 216.34ms, Queueing time: mean = 0.00ms, max = -0.00ms, min = 9223372036854.78ms, total = 0.00ms
	CoreWorkerService.grpc_server.PushTask.HandleRequestImpl - 4 total (0 active), Execution time: mean = 0.10ms, total = 0.41ms, Queueing time: mean = 0.04ms, max = 0.09ms, min = 0.01ms, total = 0.14ms
	CoreWorker.PrintEventStats - 2 total (1 active, 1 running), Execution time: mean = 0.43ms, total = 0.85ms, Queueing time: mean = 0.04ms, max = 0.08ms, min = 0.08ms, total = 0.08ms
	ray::rpc::WorkerInfoGcsService.grpc_client.AddWorkerInfo - 1 total (0 active), Execution time: mean = 0.76ms, total = 0.76ms, Queueing time: mean = 0.00ms, max = -0.00ms, min = 9223372036854.78ms, total = 0.00ms
	ray::rpc::InternalPubSubGcsService.grpc_client.GcsSubscriberCommandBatch - 1 total (0 active), Execution time: mean = 0.74ms, total = 0.74ms, Queueing time: mean = 0.00ms, max = -0.00ms, min = 9223372036854.78ms, total = 0.00ms
	ReporterService.grpc_client.HealthCheck - 1 total (0 active), Execution time: mean = 1.86ms, total = 1.86ms, Queueing time: mean = 0.00ms, max = -0.00ms, min = 9223372036854.78ms, total = 0.00ms
	ray::rpc::NodeInfoGcsService.grpc_client.GetAllNodeAddressAndLiveness.OnReplyReceived - 1 total (0 active), Execution time: mean = 0.10ms, total = 0.10ms, Queueing time: mean = 0.18ms, max = 0.18ms, min = 0.18ms, total = 0.18ms
	ray::rpc::InternalPubSubGcsService.grpc_client.GcsSubscriberPoll - 1 total (1 active), Execution time: mean = 0.00ms, total = 0.00ms, Queueing time: mean = 0.00ms, max = -0.00ms, min = 9223372036854.78ms, total = 0.00ms
	ray::rpc::InternalPubSubGcsService.grpc_client.GcsSubscriberCommandBatch.OnReplyReceived - 1 total (0 active), Execution time: mean = 0.21ms, total = 0.21ms, Queueing time: mean = 0.60ms, max = 0.60ms, min = 0.60ms, total = 0.60ms
	ReporterService.grpc_client.HealthCheck.OnReplyReceived - 1 total (0 active), Execution time: mean = 0.34ms, total = 0.34ms, Queueing time: mean = 0.02ms, max = 0.02ms, min = 0.02ms, total = 0.02ms
	ray::rpc::NodeInfoGcsService.grpc_client.GetAllNodeAddressAndLiveness - 1 total (0 active), Execution time: mean = 1.04ms, total = 1.04ms, Queueing time: mean = 0.00ms, max = -0.00ms, min = 9223372036854.78ms, total = 0.00ms
	Publisher.CheckDeadSubscribers - 1 total (1 active), Execution time: mean = 0.00ms, total = 0.00ms, Queueing time: mean = 0.00ms, max = -0.00ms, min = 9223372036854.78ms, total = 0.00ms
	ray::rpc::WorkerInfoGcsService.grpc_client.AddWorkerInfo.OnReplyReceived - 1 total (0 active), Execution time: mean = 0.04ms, total = 0.04ms, Queueing time: mean = 0.70ms, max = 0.70ms, min = 0.70ms, total = 0.70ms

-----------------
Task execution event stats:

Global stats: 11918 total (1 active)
Queueing time: mean = 0.06ms, max = 203.43ms, min = 0.00ms, total = 756.65ms
Execution time:  mean = 0.03ms, total = 398.39ms
Event stats:
	CoreWorker.CheckSignal - 11913 total (1 active), Execution time: mean = 0.02ms, total = 183.43ms, Queueing time: mean = 0.06ms, max = 203.43ms, min = 0.01ms, total = 756.36ms
	CoreWorker.HandlePushTaskActor - 3 total (0 active), Execution time: mean = 0.56ms, total = 1.69ms, Queueing time: mean = 0.09ms, max = 0.23ms, min = 0.02ms, total = 0.28ms
	PeriodicalRunner.RunFnPeriodically - 1 total (0 active), Execution time: mean = 0.01ms, total = 0.01ms, Queueing time: mean = 0.00ms, max = 0.00ms, min = 0.00ms, total = 0.00ms
	CoreWorker.HandlePushTask - 1 total (0 active), Execution time: mean = 213.26ms, total = 213.26ms, Queueing time: mean = 0.01ms, max = 0.01ms, min = 0.01ms, total = 0.01ms

-----------------
Task Event stats:

IO Service Stats:

Global stats: 361 total (1 active)
Queueing time: mean = 0.03ms, max = 0.09ms, min = 0.01ms, total = 9.77ms
Execution time:  mean = 0.37ms, total = 132.92ms
Event stats:
	CoreWorker.deadline_timer.flush_task_events - 120 total (1 active), Execution time: mean = 0.25ms, total = 29.44ms, Queueing time: mean = 0.05ms, max = 0.09ms, min = 0.02ms, total = 5.58ms
	ray::rpc::TaskInfoGcsService.grpc_client.AddTaskEventData - 120 total (0 active), Execution time: mean = 0.82ms, total = 97.94ms, Queueing time: mean = 0.00ms, max = -0.00ms, min = 9223372036854.78ms, total = 0.00ms
	ray::rpc::TaskInfoGcsService.grpc_client.AddTaskEventData.OnReplyReceived - 120 total (0 active), Execution time: mean = 0.04ms, total = 5.12ms, Queueing time: mean = 0.03ms, max = 0.08ms, min = 0.02ms, total = 4.18ms
	PeriodicalRunner.RunFnPeriodically - 1 total (0 active), Execution time: mean = 0.43ms, total = 0.43ms, Queueing time: mean = 0.01ms, max = 0.01ms, min = 0.01ms, total = 0.01ms
Other Stats:
	gcs_grpc_in_progress:0
	event_aggregator_grpc_in_progress:0
	current number of task status events in buffer: 0
	current number of profile events in buffer: 0
	current number of dropped task attempts tracked: 0
	total task events sent: 0.00162983 MiB
	total number of task attempts sent: 4
	total number of task attempts dropped reported: 0
	total number of sent failure: 0
	num status task events dropped: 0
	num profile task events dropped: 0
	num ray task events reported to aggregator: 0
	num ray task events failed to report to aggregator: 0
	num of task attempts dropped reported to aggregator: 0
	num of failed requests to aggregator: 0

