[2026-02-07 10:20:45,896 I 3897911 3897911] core_worker_process.cc:777: Constructing CoreWorkerProcess. pid: 3897911
[2026-02-07 10:20:45,905 I 3897911 3897911] event.cc:499: Ray Event initialized for CORE_WORKER
[2026-02-07 10:20:45,905 I 3897911 3897911] event.cc:499: Ray Event initialized for EXPORT_TASK
[2026-02-07 10:20:45,905 I 3897911 3897911] event.cc:332: Set ray event level to warning
[2026-02-07 10:20:45,905 I 3897911 3897911] event_aggregator_client.h:50: Initiating the local event aggregator client with port: 56275
[2026-02-07 10:20:45,909 I 3897911 3897911] grpc_server.cc:143: worker server started, listening on port 41533.
[2026-02-07 10:20:45,928 I 3897911 3897911] core_worker_process.cc:262: Initializing worker at address: 172.28.6.5:41533 worker_id=1fd09cbf321e1800517b8c5f78c54a349e25e9fb19e587c932b491b2 node_id=7130f8f34587de4f3c7ba6309d5d3a07ab9276e7331b97c346df83e8
[2026-02-07 10:20:45,929 I 3897911 3897911] task_event_buffer.cc:480: Reporting task events to GCS every 1000ms.
[2026-02-07 10:20:45,930 I 3897911 3897911] core_worker.cc:515: Adjusted worker niceness to 15
[2026-02-07 10:20:45,931 I 3897911 3897911] metrics_agent_client.cc:45: Initializing exporter ...
[2026-02-07 10:20:45,931 I 3897911 3898340] core_worker.cc:455: Event stats:


Global stats: 15 total (11 active)
Queueing time: mean = 0.20ms, max = 2.32ms, min = 0.64ms, total = 2.95ms
Execution time:  mean = 0.12ms, total = 1.79ms
Event stats:
	PeriodicalRunner.RunFnPeriodically - 7 total (5 active, 1 running), Execution time: mean = 0.00ms, total = 0.02ms, Queueing time: mean = 0.42ms, max = 2.32ms, min = 0.64ms, total = 2.95ms
	ray::rpc::InternalPubSubGcsService.grpc_client.GcsSubscriberCommandBatch.OnReplyReceived - 1 total (1 active), Execution time: mean = 0.00ms, total = 0.00ms, Queueing time: mean = 0.00ms, max = -0.00ms, min = 9223372036854.78ms, total = 0.00ms
	ray::rpc::WorkerInfoGcsService.grpc_client.AddWorkerInfo - 1 total (0 active), Execution time: mean = 0.98ms, total = 0.98ms, Queueing time: mean = 0.00ms, max = -0.00ms, min = 9223372036854.78ms, total = 0.00ms
	ray::rpc::InternalPubSubGcsService.grpc_client.GcsSubscriberPoll - 1 total (1 active), Execution time: mean = 0.00ms, total = 0.00ms, Queueing time: mean = 0.00ms, max = -0.00ms, min = 9223372036854.78ms, total = 0.00ms
	CoreWorker.ExitIfParentRayletDies - 1 total (1 active), Execution time: mean = 0.00ms, total = 0.00ms, Queueing time: mean = 0.00ms, max = -0.00ms, min = 9223372036854.78ms, total = 0.00ms
	Publisher.CheckDeadSubscribers - 1 total (1 active), Execution time: mean = 0.00ms, total = 0.00ms, Queueing time: mean = 0.00ms, max = -0.00ms, min = 9223372036854.78ms, total = 0.00ms
	ray::rpc::WorkerInfoGcsService.grpc_client.AddWorkerInfo.OnReplyReceived - 1 total (1 active), Execution time: mean = 0.00ms, total = 0.00ms, Queueing time: mean = 0.00ms, max = -0.00ms, min = 9223372036854.78ms, total = 0.00ms
	ray::rpc::InternalPubSubGcsService.grpc_client.GcsSubscriberCommandBatch - 1 total (0 active), Execution time: mean = 0.79ms, total = 0.79ms, Queueing time: mean = 0.00ms, max = -0.00ms, min = 9223372036854.78ms, total = 0.00ms
	ReporterService.grpc_client.HealthCheck - 1 total (1 active), Execution time: mean = 0.00ms, total = 0.00ms, Queueing time: mean = 0.00ms, max = -0.00ms, min = 9223372036854.78ms, total = 0.00ms

-----------------
Task execution event stats:

Global stats: 0 total (0 active)
Queueing time: mean = -nanms, max = -0.00ms, min = 9223372036854.78ms, total = 0.00ms
Execution time:  mean = -nanms, total = 0.00ms
Event stats:

-----------------
Task Event stats:

IO Service Stats:

Global stats: 4 total (1 active)
Queueing time: mean = 0.42ms, max = 1.67ms, min = 0.02ms, total = 1.69ms
Execution time:  mean = 0.20ms, total = 0.79ms
Event stats:
	ray::rpc::TaskInfoGcsService.grpc_client.AddTaskEventData - 1 total (0 active), Execution time: mean = 0.57ms, total = 0.57ms, Queueing time: mean = 0.00ms, max = -0.00ms, min = 9223372036854.78ms, total = 0.00ms
	ray::rpc::TaskInfoGcsService.grpc_client.AddTaskEventData.OnReplyReceived - 1 total (0 active), Execution time: mean = 0.03ms, total = 0.03ms, Queueing time: mean = 0.02ms, max = 0.02ms, min = 0.02ms, total = 0.02ms
	PeriodicalRunner.RunFnPeriodically - 1 total (0 active), Execution time: mean = 0.19ms, total = 0.19ms, Queueing time: mean = 1.67ms, max = 1.67ms, min = 1.67ms, total = 1.67ms
	CoreWorker.deadline_timer.flush_task_events - 1 total (1 active), Execution time: mean = 0.00ms, total = 0.00ms, Queueing time: mean = 0.00ms, max = -0.00ms, min = 9223372036854.78ms, total = 0.00ms
Other Stats:
	gcs_grpc_in_progress:0
	event_aggregator_grpc_in_progress:0
	current number of task status events in buffer: 0
	current number of profile events in buffer: 0
	current number of dropped task attempts tracked: 0
	total task events sent: 0 MiB
	total number of task attempts sent: 0
	total number of task attempts dropped reported: 0
	total number of sent failure: 0
	num status task events dropped: 0
	num profile task events dropped: 0
	num ray task events reported to aggregator: 0
	num ray task events failed to report to aggregator: 0
	num of task attempts dropped reported to aggregator: 0
	num of failed requests to aggregator: 0

[2026-02-07 10:20:45,932 I 3897911 3898340] accessor.cc:433: Received address and liveness notification for node, IsAlive = 1 node_id=7130f8f34587de4f3c7ba6309d5d3a07ab9276e7331b97c346df83e8
[2026-02-07 10:20:45,932 I 3897911 3898340] normal_task_submitter.cc:840: Number of alive nodes:1
[2026-02-07 10:20:47,933 I 3897911 3898340] metrics_agent_client.cc:59: Exporter initialized.
[2026-02-07 10:21:45,932 I 3897911 3898340] core_worker.cc:455: Event stats:


Global stats: 890 total (8 active)
Queueing time: mean = 2.29ms, max = 1000.02ms, min = 0.01ms, total = 2041.59ms
Execution time:  mean = 0.08ms, total = 71.74ms
Event stats:
	CoreWorker.RecoverObjects - 600 total (1 active), Execution time: mean = 0.01ms, total = 5.69ms, Queueing time: mean = 0.04ms, max = 0.18ms, min = 0.01ms, total = 23.30ms
	CoreWorker.ExitIfParentRayletDies - 60 total (1 active), Execution time: mean = 0.01ms, total = 0.65ms, Queueing time: mean = 0.04ms, max = 0.07ms, min = 0.01ms, total = 2.27ms
	NodeManagerService.grpc_client.ReportWorkerBacklog - 60 total (0 active), Execution time: mean = 0.75ms, total = 44.96ms, Queueing time: mean = 0.00ms, max = -0.00ms, min = 9223372036854.78ms, total = 0.00ms
	CoreWorker.InternalHeartbeat - 60 total (1 active), Execution time: mean = 0.18ms, total = 10.57ms, Queueing time: mean = 0.04ms, max = 0.07ms, min = 0.02ms, total = 2.46ms
	NodeManagerService.grpc_client.ReportWorkerBacklog.OnReplyReceived - 60 total (0 active), Execution time: mean = 0.03ms, total = 1.57ms, Queueing time: mean = 0.04ms, max = 0.14ms, min = 0.01ms, total = 2.11ms
	CoreWorker.RecordMetrics - 12 total (1 active), Execution time: mean = 0.06ms, total = 0.67ms, Queueing time: mean = 0.02ms, max = 0.07ms, min = 0.01ms, total = 0.30ms
	PeriodicalRunner.RunFnPeriodically - 7 total (0 active), Execution time: mean = 0.10ms, total = 0.71ms, Queueing time: mean = 1.16ms, max = 2.32ms, min = 0.64ms, total = 8.13ms
	CoreWorker.TryDelPendingObjectRefStreams - 6 total (1 active), Execution time: mean = 0.01ms, total = 0.04ms, Queueing time: mean = 0.02ms, max = 0.04ms, min = 0.01ms, total = 0.14ms
	CoreWorkerService.grpc_server.GetCoreWorkerStats - 4 total (0 active), Execution time: mean = 0.30ms, total = 1.21ms, Queueing time: mean = 0.00ms, max = -0.00ms, min = 9223372036854.78ms, total = 0.00ms
	CoreWorkerService.grpc_server.GetCoreWorkerStats.HandleRequestImpl - 4 total (0 active), Execution time: mean = 0.10ms, total = 0.40ms, Queueing time: mean = 0.02ms, max = 0.02ms, min = 0.02ms, total = 0.08ms
	ReporterService.grpc_client.HealthCheck - 3 total (0 active), Execution time: mean = 0.69ms, total = 2.06ms, Queueing time: mean = 0.00ms, max = -0.00ms, min = 9223372036854.78ms, total = 0.00ms
	ReporterService.grpc_client.HealthCheck.OnReplyReceived - 3 total (0 active), Execution time: mean = 0.13ms, total = 0.39ms, Queueing time: mean = 0.13ms, max = 0.33ms, min = 0.02ms, total = 0.38ms
	MetricsAgentClient.WaitForServerReadyWithRetry - 2 total (0 active), Execution time: mean = 0.15ms, total = 0.31ms, Queueing time: mean = 1000.02ms, max = 1000.02ms, min = 1000.02ms, total = 2000.05ms
	ray::rpc::WorkerInfoGcsService.grpc_client.AddWorkerInfo.OnReplyReceived - 1 total (0 active), Execution time: mean = 0.02ms, total = 0.02ms, Queueing time: mean = 1.17ms, max = 1.17ms, min = 1.17ms, total = 1.17ms
	ray::rpc::InternalPubSubGcsService.grpc_client.GcsSubscriberCommandBatch.OnReplyReceived - 1 total (0 active), Execution time: mean = 0.13ms, total = 0.13ms, Queueing time: mean = 1.18ms, max = 1.18ms, min = 1.18ms, total = 1.18ms
	ray::rpc::InternalPubSubGcsService.grpc_client.GcsSubscriberPoll - 1 total (1 active), Execution time: mean = 0.00ms, total = 0.00ms, Queueing time: mean = 0.00ms, max = -0.00ms, min = 9223372036854.78ms, total = 0.00ms
	ray::rpc::WorkerInfoGcsService.grpc_client.AddWorkerInfo - 1 total (0 active), Execution time: mean = 0.98ms, total = 0.98ms, Queueing time: mean = 0.00ms, max = -0.00ms, min = 9223372036854.78ms, total = 0.00ms
	CoreWorker.PrintEventStats - 1 total (1 active, 1 running), Execution time: mean = 0.00ms, total = 0.00ms, Queueing time: mean = 0.00ms, max = -0.00ms, min = 9223372036854.78ms, total = 0.00ms
	ray::rpc::NodeInfoGcsService.grpc_client.GetAllNodeAddressAndLiveness - 1 total (0 active), Execution time: mean = 0.52ms, total = 0.52ms, Queueing time: mean = 0.00ms, max = -0.00ms, min = 9223372036854.78ms, total = 0.00ms
	ray::rpc::NodeInfoGcsService.grpc_client.GetAllNodeAddressAndLiveness.OnReplyReceived - 1 total (0 active), Execution time: mean = 0.06ms, total = 0.06ms, Queueing time: mean = 0.02ms, max = 0.02ms, min = 0.02ms, total = 0.02ms
	Publisher.CheckDeadSubscribers - 1 total (1 active), Execution time: mean = 0.00ms, total = 0.00ms, Queueing time: mean = 0.00ms, max = -0.00ms, min = 9223372036854.78ms, total = 0.00ms
	ray::rpc::InternalPubSubGcsService.grpc_client.GcsSubscriberCommandBatch - 1 total (0 active), Execution time: mean = 0.79ms, total = 0.79ms, Queueing time: mean = 0.00ms, max = -0.00ms, min = 9223372036854.78ms, total = 0.00ms

-----------------
Task execution event stats:

Global stats: 5963 total (1 active)
Queueing time: mean = 0.05ms, max = 27.23ms, min = 0.00ms, total = 327.06ms
Execution time:  mean = 0.02ms, total = 90.63ms
Event stats:
	CoreWorker.CheckSignal - 5962 total (1 active), Execution time: mean = 0.02ms, total = 90.61ms, Queueing time: mean = 0.05ms, max = 27.23ms, min = 0.01ms, total = 327.05ms
	PeriodicalRunner.RunFnPeriodically - 1 total (0 active), Execution time: mean = 0.02ms, total = 0.02ms, Queueing time: mean = 0.00ms, max = 0.00ms, min = 0.00ms, total = 0.00ms

-----------------
Task Event stats:

IO Service Stats:

Global stats: 181 total (1 active)
Queueing time: mean = 0.03ms, max = 1.67ms, min = 0.01ms, total = 6.03ms
Execution time:  mean = 0.32ms, total = 57.42ms
Event stats:
	ray::rpc::TaskInfoGcsService.grpc_client.AddTaskEventData - 60 total (0 active), Execution time: mean = 0.71ms, total = 42.48ms, Queueing time: mean = 0.00ms, max = -0.00ms, min = 9223372036854.78ms, total = 0.00ms
	ray::rpc::TaskInfoGcsService.grpc_client.AddTaskEventData.OnReplyReceived - 60 total (0 active), Execution time: mean = 0.03ms, total = 2.00ms, Queueing time: mean = 0.03ms, max = 0.06ms, min = 0.01ms, total = 1.72ms
	CoreWorker.deadline_timer.flush_task_events - 60 total (1 active), Execution time: mean = 0.21ms, total = 12.75ms, Queueing time: mean = 0.04ms, max = 0.12ms, min = 0.02ms, total = 2.64ms
	PeriodicalRunner.RunFnPeriodically - 1 total (0 active), Execution time: mean = 0.19ms, total = 0.19ms, Queueing time: mean = 1.67ms, max = 1.67ms, min = 1.67ms, total = 1.67ms
Other Stats:
	gcs_grpc_in_progress:0
	event_aggregator_grpc_in_progress:0
	current number of task status events in buffer: 0
	current number of profile events in buffer: 0
	current number of dropped task attempts tracked: 0
	total task events sent: 0 MiB
	total number of task attempts sent: 0
	total number of task attempts dropped reported: 0
	total number of sent failure: 0
	num status task events dropped: 0
	num profile task events dropped: 0
	num ray task events reported to aggregator: 0
	num ray task events failed to report to aggregator: 0
	num of task attempts dropped reported to aggregator: 0
	num of failed requests to aggregator: 0

[2026-02-07 10:22:45,933 I 3897911 3898340] core_worker.cc:455: Event stats:


Global stats: 1757 total (8 active)
Queueing time: mean = 1.18ms, max = 1000.02ms, min = 0.00ms, total = 2072.27ms
Execution time:  mean = 0.08ms, total = 143.56ms
Event stats:
	CoreWorker.RecoverObjects - 1200 total (1 active), Execution time: mean = 0.01ms, total = 11.32ms, Queueing time: mean = 0.04ms, max = 0.18ms, min = 0.01ms, total = 46.59ms
	CoreWorker.ExitIfParentRayletDies - 120 total (1 active), Execution time: mean = 0.01ms, total = 1.31ms, Queueing time: mean = 0.04ms, max = 0.07ms, min = 0.01ms, total = 4.52ms
	NodeManagerService.grpc_client.ReportWorkerBacklog - 120 total (0 active), Execution time: mean = 0.78ms, total = 93.38ms, Queueing time: mean = 0.00ms, max = -0.00ms, min = 9223372036854.78ms, total = 0.00ms
	CoreWorker.InternalHeartbeat - 120 total (1 active), Execution time: mean = 0.19ms, total = 22.54ms, Queueing time: mean = 0.04ms, max = 0.07ms, min = 0.00ms, total = 4.68ms
	NodeManagerService.grpc_client.ReportWorkerBacklog.OnReplyReceived - 120 total (0 active), Execution time: mean = 0.03ms, total = 3.43ms, Queueing time: mean = 0.03ms, max = 0.14ms, min = 0.01ms, total = 4.18ms
	CoreWorker.RecordMetrics - 24 total (1 active), Execution time: mean = 0.06ms, total = 1.49ms, Queueing time: mean = 0.03ms, max = 0.07ms, min = 0.01ms, total = 0.72ms
	CoreWorker.TryDelPendingObjectRefStreams - 12 total (1 active), Execution time: mean = 0.01ms, total = 0.07ms, Queueing time: mean = 0.04ms, max = 0.13ms, min = 0.01ms, total = 0.44ms
	CoreWorkerService.grpc_server.GetCoreWorkerStats - 8 total (0 active), Execution time: mean = 0.32ms, total = 2.59ms, Queueing time: mean = 0.00ms, max = -0.00ms, min = 9223372036854.78ms, total = 0.00ms
	CoreWorkerService.grpc_server.GetCoreWorkerStats.HandleRequestImpl - 8 total (0 active), Execution time: mean = 0.10ms, total = 0.80ms, Queueing time: mean = 0.02ms, max = 0.04ms, min = 0.02ms, total = 0.19ms
	PeriodicalRunner.RunFnPeriodically - 7 total (0 active), Execution time: mean = 0.10ms, total = 0.71ms, Queueing time: mean = 1.16ms, max = 2.32ms, min = 0.64ms, total = 8.13ms
	ReporterService.grpc_client.HealthCheck - 3 total (0 active), Execution time: mean = 0.69ms, total = 2.06ms, Queueing time: mean = 0.00ms, max = -0.00ms, min = 9223372036854.78ms, total = 0.00ms
	ReporterService.grpc_client.HealthCheck.OnReplyReceived - 3 total (0 active), Execution time: mean = 0.13ms, total = 0.39ms, Queueing time: mean = 0.13ms, max = 0.33ms, min = 0.02ms, total = 0.38ms
	CoreWorker.PrintEventStats - 2 total (1 active, 1 running), Execution time: mean = 0.32ms, total = 0.65ms, Queueing time: mean = 0.01ms, max = 0.03ms, min = 0.03ms, total = 0.03ms
	MetricsAgentClient.WaitForServerReadyWithRetry - 2 total (0 active), Execution time: mean = 0.15ms, total = 0.31ms, Queueing time: mean = 1000.02ms, max = 1000.02ms, min = 1000.02ms, total = 2000.05ms
	ray::rpc::WorkerInfoGcsService.grpc_client.AddWorkerInfo.OnReplyReceived - 1 total (0 active), Execution time: mean = 0.02ms, total = 0.02ms, Queueing time: mean = 1.17ms, max = 1.17ms, min = 1.17ms, total = 1.17ms
	ray::rpc::InternalPubSubGcsService.grpc_client.GcsSubscriberCommandBatch.OnReplyReceived - 1 total (0 active), Execution time: mean = 0.13ms, total = 0.13ms, Queueing time: mean = 1.18ms, max = 1.18ms, min = 1.18ms, total = 1.18ms
	ray::rpc::InternalPubSubGcsService.grpc_client.GcsSubscriberPoll - 1 total (1 active), Execution time: mean = 0.00ms, total = 0.00ms, Queueing time: mean = 0.00ms, max = -0.00ms, min = 9223372036854.78ms, total = 0.00ms
	ray::rpc::WorkerInfoGcsService.grpc_client.AddWorkerInfo - 1 total (0 active), Execution time: mean = 0.98ms, total = 0.98ms, Queueing time: mean = 0.00ms, max = -0.00ms, min = 9223372036854.78ms, total = 0.00ms
	ray::rpc::NodeInfoGcsService.grpc_client.GetAllNodeAddressAndLiveness - 1 total (0 active), Execution time: mean = 0.52ms, total = 0.52ms, Queueing time: mean = 0.00ms, max = -0.00ms, min = 9223372036854.78ms, total = 0.00ms
	ray::rpc::NodeInfoGcsService.grpc_client.GetAllNodeAddressAndLiveness.OnReplyReceived - 1 total (0 active), Execution time: mean = 0.06ms, total = 0.06ms, Queueing time: mean = 0.02ms, max = 0.02ms, min = 0.02ms, total = 0.02ms
	Publisher.CheckDeadSubscribers - 1 total (1 active), Execution time: mean = 0.00ms, total = 0.00ms, Queueing time: mean = 0.00ms, max = -0.00ms, min = 9223372036854.78ms, total = 0.00ms
	ray::rpc::InternalPubSubGcsService.grpc_client.GcsSubscriberCommandBatch - 1 total (0 active), Execution time: mean = 0.79ms, total = 0.79ms, Queueing time: mean = 0.00ms, max = -0.00ms, min = 9223372036854.78ms, total = 0.00ms

-----------------
Task execution event stats:

Global stats: 11931 total (1 active)
Queueing time: mean = 0.05ms, max = 27.23ms, min = 0.00ms, total = 577.63ms
Execution time:  mean = 0.02ms, total = 182.07ms
Event stats:
	CoreWorker.CheckSignal - 11930 total (1 active), Execution time: mean = 0.02ms, total = 182.06ms, Queueing time: mean = 0.05ms, max = 27.23ms, min = 0.01ms, total = 577.63ms
	PeriodicalRunner.RunFnPeriodically - 1 total (0 active), Execution time: mean = 0.02ms, total = 0.02ms, Queueing time: mean = 0.00ms, max = 0.00ms, min = 0.00ms, total = 0.00ms

-----------------
Task Event stats:

IO Service Stats:

Global stats: 361 total (1 active)
Queueing time: mean = 0.03ms, max = 1.67ms, min = 0.01ms, total = 11.66ms
Execution time:  mean = 0.34ms, total = 120.94ms
Event stats:
	ray::rpc::TaskInfoGcsService.grpc_client.AddTaskEventData - 120 total (0 active), Execution time: mean = 0.74ms, total = 89.18ms, Queueing time: mean = 0.00ms, max = -0.00ms, min = 9223372036854.78ms, total = 0.00ms
	ray::rpc::TaskInfoGcsService.grpc_client.AddTaskEventData.OnReplyReceived - 120 total (0 active), Execution time: mean = 0.04ms, total = 4.36ms, Queueing time: mean = 0.04ms, max = 0.07ms, min = 0.01ms, total = 4.22ms
	CoreWorker.deadline_timer.flush_task_events - 120 total (1 active), Execution time: mean = 0.23ms, total = 27.20ms, Queueing time: mean = 0.05ms, max = 0.12ms, min = 0.02ms, total = 5.77ms
	PeriodicalRunner.RunFnPeriodically - 1 total (0 active), Execution time: mean = 0.19ms, total = 0.19ms, Queueing time: mean = 1.67ms, max = 1.67ms, min = 1.67ms, total = 1.67ms
Other Stats:
	gcs_grpc_in_progress:0
	event_aggregator_grpc_in_progress:0
	current number of task status events in buffer: 0
	current number of profile events in buffer: 0
	current number of dropped task attempts tracked: 0
	total task events sent: 0 MiB
	total number of task attempts sent: 0
	total number of task attempts dropped reported: 0
	total number of sent failure: 0
	num status task events dropped: 0
	num profile task events dropped: 0
	num ray task events reported to aggregator: 0
	num ray task events failed to report to aggregator: 0
	num of task attempts dropped reported to aggregator: 0
	num of failed requests to aggregator: 0

