[2026-02-06 20:54:35,144 I 3848916 3848916] core_worker_process.cc:777: Constructing CoreWorkerProcess. pid: 3848916
[2026-02-06 20:54:35,148 I 3848916 3848916] event.cc:499: Ray Event initialized for CORE_WORKER
[2026-02-06 20:54:35,148 I 3848916 3848916] event.cc:499: Ray Event initialized for EXPORT_TASK
[2026-02-06 20:54:35,148 I 3848916 3848916] event.cc:332: Set ray event level to warning
[2026-02-06 20:54:35,148 I 3848916 3848916] event_aggregator_client.h:50: Initiating the local event aggregator client with port: 56532
[2026-02-06 20:54:35,150 I 3848916 3848916] grpc_server.cc:143: worker server started, listening on port 34105.
[2026-02-06 20:54:35,165 I 3848916 3848916] core_worker_process.cc:262: Initializing worker at address: 172.28.6.5:34105 worker_id=88ca9b8a2df9008bd3934767128c6712b894380fd41b48e895885afb node_id=4394571026ef6a9653e8b4f0fd98682b20d3ebdcb805c6d87bc7f215
[2026-02-06 20:54:35,166 I 3848916 3848916] task_event_buffer.cc:480: Reporting task events to GCS every 1000ms.
[2026-02-06 20:54:35,167 I 3848916 3848916] core_worker.cc:515: Adjusted worker niceness to 15
[2026-02-06 20:54:35,167 I 3848916 3848916] metrics_agent_client.cc:45: Initializing exporter ...
[2026-02-06 20:54:35,167 I 3848916 3849765] core_worker.cc:455: Event stats:


Global stats: 13 total (10 active)
Queueing time: mean = 0.00ms, max = 0.01ms, min = 0.01ms, total = 0.03ms
Execution time:  mean = 0.04ms, total = 0.47ms
Event stats:
	PeriodicalRunner.RunFnPeriodically - 7 total (5 active, 1 running), Execution time: mean = 0.00ms, total = 0.03ms, Queueing time: mean = 0.00ms, max = 0.01ms, min = 0.01ms, total = 0.03ms
	ray::rpc::InternalPubSubGcsService.grpc_client.GcsSubscriberPoll - 1 total (1 active), Execution time: mean = 0.00ms, total = 0.00ms, Queueing time: mean = 0.00ms, max = -0.00ms, min = 9223372036854.78ms, total = 0.00ms
	ray::rpc::WorkerInfoGcsService.grpc_client.AddWorkerInfo - 1 total (0 active), Execution time: mean = 0.44ms, total = 0.44ms, Queueing time: mean = 0.00ms, max = -0.00ms, min = 9223372036854.78ms, total = 0.00ms
	Publisher.CheckDeadSubscribers - 1 total (1 active), Execution time: mean = 0.00ms, total = 0.00ms, Queueing time: mean = 0.00ms, max = -0.00ms, min = 9223372036854.78ms, total = 0.00ms
	ray::rpc::InternalPubSubGcsService.grpc_client.GcsSubscriberCommandBatch - 1 total (1 active), Execution time: mean = 0.00ms, total = 0.00ms, Queueing time: mean = 0.00ms, max = -0.00ms, min = 9223372036854.78ms, total = 0.00ms
	CoreWorker.ExitIfParentRayletDies - 1 total (1 active), Execution time: mean = 0.00ms, total = 0.00ms, Queueing time: mean = 0.00ms, max = -0.00ms, min = 9223372036854.78ms, total = 0.00ms
	ray::rpc::WorkerInfoGcsService.grpc_client.AddWorkerInfo.OnReplyReceived - 1 total (1 active), Execution time: mean = 0.00ms, total = 0.00ms, Queueing time: mean = 0.00ms, max = -0.00ms, min = 9223372036854.78ms, total = 0.00ms

-----------------
Task execution event stats:

Global stats: 0 total (0 active)
Queueing time: mean = -nanms, max = -0.00ms, min = 9223372036854.78ms, total = 0.00ms
Execution time:  mean = -nanms, total = 0.00ms
Event stats:

-----------------
Task Event stats:

IO Service Stats:

Global stats: 4 total (1 active)
Queueing time: mean = 0.01ms, max = 0.01ms, min = 0.01ms, total = 0.02ms
Execution time:  mean = 0.17ms, total = 0.67ms
Event stats:
	ray::rpc::TaskInfoGcsService.grpc_client.AddTaskEventData - 1 total (0 active), Execution time: mean = 0.45ms, total = 0.45ms, Queueing time: mean = 0.00ms, max = -0.00ms, min = 9223372036854.78ms, total = 0.00ms
	CoreWorker.deadline_timer.flush_task_events - 1 total (1 active), Execution time: mean = 0.00ms, total = 0.00ms, Queueing time: mean = 0.00ms, max = -0.00ms, min = 9223372036854.78ms, total = 0.00ms
	ray::rpc::TaskInfoGcsService.grpc_client.AddTaskEventData.OnReplyReceived - 1 total (0 active), Execution time: mean = 0.02ms, total = 0.02ms, Queueing time: mean = 0.01ms, max = 0.01ms, min = 0.01ms, total = 0.01ms
	PeriodicalRunner.RunFnPeriodically - 1 total (0 active), Execution time: mean = 0.21ms, total = 0.21ms, Queueing time: mean = 0.01ms, max = 0.01ms, min = 0.01ms, total = 0.01ms
Other Stats:
	gcs_grpc_in_progress:0
	event_aggregator_grpc_in_progress:0
	current number of task status events in buffer: 0
	current number of profile events in buffer: 0
	current number of dropped task attempts tracked: 0
	total task events sent: 0 MiB
	total number of task attempts sent: 0
	total number of task attempts dropped reported: 0
	total number of sent failure: 0
	num status task events dropped: 0
	num profile task events dropped: 0
	num ray task events reported to aggregator: 0
	num ray task events failed to report to aggregator: 0
	num of task attempts dropped reported to aggregator: 0
	num of failed requests to aggregator: 0

[2026-02-06 20:54:35,168 I 3848916 3849765] accessor.cc:433: Received address and liveness notification for node, IsAlive = 1 node_id=4394571026ef6a9653e8b4f0fd98682b20d3ebdcb805c6d87bc7f215
[2026-02-06 20:54:35,168 I 3848916 3849765] normal_task_submitter.cc:840: Number of alive nodes:1
[2026-02-06 20:54:37,169 I 3848916 3849765] metrics_agent_client.cc:59: Exporter initialized.
[2026-02-06 20:55:35,168 I 3848916 3849765] core_worker.cc:455: Event stats:


Global stats: 890 total (8 active)
Queueing time: mean = 2.28ms, max = 1000.02ms, min = 0.01ms, total = 2033.24ms
Execution time:  mean = 0.08ms, total = 67.83ms
Event stats:
	CoreWorker.RecoverObjects - 600 total (1 active), Execution time: mean = 0.01ms, total = 5.59ms, Queueing time: mean = 0.04ms, max = 0.18ms, min = 0.01ms, total = 23.40ms
	CoreWorker.InternalHeartbeat - 60 total (1 active), Execution time: mean = 0.17ms, total = 10.21ms, Queueing time: mean = 0.03ms, max = 0.07ms, min = 0.01ms, total = 1.86ms
	CoreWorker.ExitIfParentRayletDies - 60 total (1 active), Execution time: mean = 0.01ms, total = 0.66ms, Queueing time: mean = 0.04ms, max = 0.08ms, min = 0.01ms, total = 2.20ms
	NodeManagerService.grpc_client.ReportWorkerBacklog - 60 total (0 active), Execution time: mean = 0.71ms, total = 42.65ms, Queueing time: mean = 0.00ms, max = -0.00ms, min = 9223372036854.78ms, total = 0.00ms
	NodeManagerService.grpc_client.ReportWorkerBacklog.OnReplyReceived - 60 total (0 active), Execution time: mean = 0.03ms, total = 1.52ms, Queueing time: mean = 0.03ms, max = 0.10ms, min = 0.02ms, total = 1.84ms
	CoreWorker.RecordMetrics - 12 total (1 active), Execution time: mean = 0.05ms, total = 0.62ms, Queueing time: mean = 0.02ms, max = 0.07ms, min = 0.01ms, total = 0.30ms
	PeriodicalRunner.RunFnPeriodically - 7 total (0 active), Execution time: mean = 0.10ms, total = 0.70ms, Queueing time: mean = 0.28ms, max = 0.68ms, min = 0.01ms, total = 1.98ms
	CoreWorker.TryDelPendingObjectRefStreams - 6 total (1 active), Execution time: mean = 0.01ms, total = 0.03ms, Queueing time: mean = 0.03ms, max = 0.07ms, min = 0.02ms, total = 0.17ms
	CoreWorkerService.grpc_server.GetCoreWorkerStats - 4 total (0 active), Execution time: mean = 0.31ms, total = 1.22ms, Queueing time: mean = 0.00ms, max = -0.00ms, min = 9223372036854.78ms, total = 0.00ms
	CoreWorkerService.grpc_server.GetCoreWorkerStats.HandleRequestImpl - 4 total (0 active), Execution time: mean = 0.11ms, total = 0.46ms, Queueing time: mean = 0.02ms, max = 0.03ms, min = 0.02ms, total = 0.09ms
	ReporterService.grpc_client.HealthCheck - 3 total (0 active), Execution time: mean = 0.64ms, total = 1.93ms, Queueing time: mean = 0.00ms, max = -0.00ms, min = 9223372036854.78ms, total = 0.00ms
	ReporterService.grpc_client.HealthCheck.OnReplyReceived - 3 total (0 active), Execution time: mean = 0.14ms, total = 0.43ms, Queueing time: mean = 0.07ms, max = 0.13ms, min = 0.02ms, total = 0.20ms
	MetricsAgentClient.WaitForServerReadyWithRetry - 2 total (0 active), Execution time: mean = 0.15ms, total = 0.31ms, Queueing time: mean = 1000.02ms, max = 1000.02ms, min = 1000.02ms, total = 2000.04ms
	ray::rpc::WorkerInfoGcsService.grpc_client.AddWorkerInfo.OnReplyReceived - 1 total (0 active), Execution time: mean = 0.02ms, total = 0.02ms, Queueing time: mean = 0.67ms, max = 0.67ms, min = 0.67ms, total = 0.67ms
	CoreWorker.PrintEventStats - 1 total (1 active, 1 running), Execution time: mean = 0.00ms, total = 0.00ms, Queueing time: mean = 0.00ms, max = -0.00ms, min = 9223372036854.78ms, total = 0.00ms
	ray::rpc::InternalPubSubGcsService.grpc_client.GcsSubscriberPoll - 1 total (1 active), Execution time: mean = 0.00ms, total = 0.00ms, Queueing time: mean = 0.00ms, max = -0.00ms, min = 9223372036854.78ms, total = 0.00ms
	ray::rpc::WorkerInfoGcsService.grpc_client.AddWorkerInfo - 1 total (0 active), Execution time: mean = 0.44ms, total = 0.44ms, Queueing time: mean = 0.00ms, max = -0.00ms, min = 9223372036854.78ms, total = 0.00ms
	ray::rpc::NodeInfoGcsService.grpc_client.GetAllNodeAddressAndLiveness.OnReplyReceived - 1 total (0 active), Execution time: mean = 0.06ms, total = 0.06ms, Queueing time: mean = 0.01ms, max = 0.01ms, min = 0.01ms, total = 0.01ms
	ray::rpc::InternalPubSubGcsService.grpc_client.GcsSubscriberCommandBatch - 1 total (0 active), Execution time: mean = 0.49ms, total = 0.49ms, Queueing time: mean = 0.00ms, max = -0.00ms, min = 9223372036854.78ms, total = 0.00ms
	ray::rpc::InternalPubSubGcsService.grpc_client.GcsSubscriberCommandBatch.OnReplyReceived - 1 total (0 active), Execution time: mean = 0.13ms, total = 0.13ms, Queueing time: mean = 0.48ms, max = 0.48ms, min = 0.48ms, total = 0.48ms
	Publisher.CheckDeadSubscribers - 1 total (1 active), Execution time: mean = 0.00ms, total = 0.00ms, Queueing time: mean = 0.00ms, max = -0.00ms, min = 9223372036854.78ms, total = 0.00ms
	ray::rpc::NodeInfoGcsService.grpc_client.GetAllNodeAddressAndLiveness - 1 total (0 active), Execution time: mean = 0.38ms, total = 0.38ms, Queueing time: mean = 0.00ms, max = -0.00ms, min = 9223372036854.78ms, total = 0.00ms

-----------------
Task execution event stats:

Global stats: 5957 total (1 active)
Queueing time: mean = 0.07ms, max = 13.99ms, min = -0.00ms, total = 388.35ms
Execution time:  mean = 0.01ms, total = 87.82ms
Event stats:
	CoreWorker.CheckSignal - 5956 total (1 active), Execution time: mean = 0.01ms, total = 87.81ms, Queueing time: mean = 0.07ms, max = 13.99ms, min = -0.00ms, total = 388.35ms
	PeriodicalRunner.RunFnPeriodically - 1 total (0 active), Execution time: mean = 0.01ms, total = 0.01ms, Queueing time: mean = 0.00ms, max = 0.00ms, min = 0.00ms, total = 0.00ms

-----------------
Task Event stats:

IO Service Stats:

Global stats: 181 total (1 active)
Queueing time: mean = 0.02ms, max = 0.08ms, min = 0.01ms, total = 4.22ms
Execution time:  mean = 0.31ms, total = 55.53ms
Event stats:
	ray::rpc::TaskInfoGcsService.grpc_client.AddTaskEventData - 60 total (0 active), Execution time: mean = 0.68ms, total = 40.95ms, Queueing time: mean = 0.00ms, max = -0.00ms, min = 9223372036854.78ms, total = 0.00ms
	CoreWorker.deadline_timer.flush_task_events - 60 total (1 active), Execution time: mean = 0.21ms, total = 12.34ms, Queueing time: mean = 0.04ms, max = 0.08ms, min = 0.02ms, total = 2.29ms
	ray::rpc::TaskInfoGcsService.grpc_client.AddTaskEventData.OnReplyReceived - 60 total (0 active), Execution time: mean = 0.03ms, total = 2.04ms, Queueing time: mean = 0.03ms, max = 0.06ms, min = 0.01ms, total = 1.92ms
	PeriodicalRunner.RunFnPeriodically - 1 total (0 active), Execution time: mean = 0.21ms, total = 0.21ms, Queueing time: mean = 0.01ms, max = 0.01ms, min = 0.01ms, total = 0.01ms
Other Stats:
	gcs_grpc_in_progress:0
	event_aggregator_grpc_in_progress:0
	current number of task status events in buffer: 0
	current number of profile events in buffer: 0
	current number of dropped task attempts tracked: 0
	total task events sent: 0 MiB
	total number of task attempts sent: 0
	total number of task attempts dropped reported: 0
	total number of sent failure: 0
	num status task events dropped: 0
	num profile task events dropped: 0
	num ray task events reported to aggregator: 0
	num ray task events failed to report to aggregator: 0
	num of task attempts dropped reported to aggregator: 0
	num of failed requests to aggregator: 0

[2026-02-06 20:56:35,168 I 3848916 3849765] core_worker.cc:455: Event stats:


Global stats: 1757 total (8 active)
Queueing time: mean = 1.18ms, max = 1000.02ms, min = 0.01ms, total = 2068.63ms
Execution time:  mean = 0.08ms, total = 139.04ms
Event stats:
	CoreWorker.RecoverObjects - 1200 total (1 active), Execution time: mean = 0.01ms, total = 11.11ms, Queueing time: mean = 0.04ms, max = 0.18ms, min = 0.01ms, total = 50.28ms
	CoreWorker.InternalHeartbeat - 120 total (1 active), Execution time: mean = 0.19ms, total = 22.43ms, Queueing time: mean = 0.04ms, max = 0.07ms, min = 0.01ms, total = 4.25ms
	CoreWorker.ExitIfParentRayletDies - 120 total (1 active), Execution time: mean = 0.01ms, total = 1.38ms, Queueing time: mean = 0.04ms, max = 0.08ms, min = 0.01ms, total = 4.83ms
	NodeManagerService.grpc_client.ReportWorkerBacklog - 120 total (0 active), Execution time: mean = 0.75ms, total = 90.35ms, Queueing time: mean = 0.00ms, max = -0.00ms, min = 9223372036854.78ms, total = 0.00ms
	NodeManagerService.grpc_client.ReportWorkerBacklog.OnReplyReceived - 120 total (0 active), Execution time: mean = 0.03ms, total = 3.39ms, Queueing time: mean = 0.04ms, max = 0.10ms, min = 0.02ms, total = 4.24ms
	CoreWorker.RecordMetrics - 24 total (1 active), Execution time: mean = 0.06ms, total = 1.46ms, Queueing time: mean = 0.03ms, max = 0.07ms, min = 0.01ms, total = 0.75ms
	CoreWorker.TryDelPendingObjectRefStreams - 12 total (1 active), Execution time: mean = 0.01ms, total = 0.07ms, Queueing time: mean = 0.05ms, max = 0.18ms, min = 0.02ms, total = 0.63ms
	CoreWorkerService.grpc_server.GetCoreWorkerStats.HandleRequestImpl - 8 total (0 active), Execution time: mean = 0.10ms, total = 0.82ms, Queueing time: mean = 0.02ms, max = 0.03ms, min = 0.02ms, total = 0.19ms
	CoreWorkerService.grpc_server.GetCoreWorkerStats - 8 total (0 active), Execution time: mean = 0.31ms, total = 2.49ms, Queueing time: mean = 0.00ms, max = -0.00ms, min = 9223372036854.78ms, total = 0.00ms
	PeriodicalRunner.RunFnPeriodically - 7 total (0 active), Execution time: mean = 0.10ms, total = 0.70ms, Queueing time: mean = 0.28ms, max = 0.68ms, min = 0.01ms, total = 1.98ms
	ReporterService.grpc_client.HealthCheck - 3 total (0 active), Execution time: mean = 0.64ms, total = 1.93ms, Queueing time: mean = 0.00ms, max = -0.00ms, min = 9223372036854.78ms, total = 0.00ms
	ReporterService.grpc_client.HealthCheck.OnReplyReceived - 3 total (0 active), Execution time: mean = 0.14ms, total = 0.43ms, Queueing time: mean = 0.07ms, max = 0.13ms, min = 0.02ms, total = 0.20ms
	MetricsAgentClient.WaitForServerReadyWithRetry - 2 total (0 active), Execution time: mean = 0.15ms, total = 0.31ms, Queueing time: mean = 1000.02ms, max = 1000.02ms, min = 1000.02ms, total = 2000.04ms
	CoreWorker.PrintEventStats - 2 total (1 active, 1 running), Execution time: mean = 0.33ms, total = 0.67ms, Queueing time: mean = 0.04ms, max = 0.09ms, min = 0.09ms, total = 0.09ms
	ray::rpc::WorkerInfoGcsService.grpc_client.AddWorkerInfo.OnReplyReceived - 1 total (0 active), Execution time: mean = 0.02ms, total = 0.02ms, Queueing time: mean = 0.67ms, max = 0.67ms, min = 0.67ms, total = 0.67ms
	ray::rpc::InternalPubSubGcsService.grpc_client.GcsSubscriberPoll - 1 total (1 active), Execution time: mean = 0.00ms, total = 0.00ms, Queueing time: mean = 0.00ms, max = -0.00ms, min = 9223372036854.78ms, total = 0.00ms
	ray::rpc::WorkerInfoGcsService.grpc_client.AddWorkerInfo - 1 total (0 active), Execution time: mean = 0.44ms, total = 0.44ms, Queueing time: mean = 0.00ms, max = -0.00ms, min = 9223372036854.78ms, total = 0.00ms
	ray::rpc::NodeInfoGcsService.grpc_client.GetAllNodeAddressAndLiveness.OnReplyReceived - 1 total (0 active), Execution time: mean = 0.06ms, total = 0.06ms, Queueing time: mean = 0.01ms, max = 0.01ms, min = 0.01ms, total = 0.01ms
	ray::rpc::InternalPubSubGcsService.grpc_client.GcsSubscriberCommandBatch - 1 total (0 active), Execution time: mean = 0.49ms, total = 0.49ms, Queueing time: mean = 0.00ms, max = -0.00ms, min = 9223372036854.78ms, total = 0.00ms
	ray::rpc::InternalPubSubGcsService.grpc_client.GcsSubscriberCommandBatch.OnReplyReceived - 1 total (0 active), Execution time: mean = 0.13ms, total = 0.13ms, Queueing time: mean = 0.48ms, max = 0.48ms, min = 0.48ms, total = 0.48ms
	Publisher.CheckDeadSubscribers - 1 total (1 active), Execution time: mean = 0.00ms, total = 0.00ms, Queueing time: mean = 0.00ms, max = -0.00ms, min = 9223372036854.78ms, total = 0.00ms
	ray::rpc::NodeInfoGcsService.grpc_client.GetAllNodeAddressAndLiveness - 1 total (0 active), Execution time: mean = 0.38ms, total = 0.38ms, Queueing time: mean = 0.00ms, max = -0.00ms, min = 9223372036854.78ms, total = 0.00ms

-----------------
Task execution event stats:

Global stats: 11922 total (1 active)
Queueing time: mean = 0.06ms, max = 13.99ms, min = -0.00ms, total = 672.86ms
Execution time:  mean = 0.02ms, total = 183.24ms
Event stats:
	CoreWorker.CheckSignal - 11921 total (1 active), Execution time: mean = 0.02ms, total = 183.23ms, Queueing time: mean = 0.06ms, max = 13.99ms, min = -0.00ms, total = 672.86ms
	PeriodicalRunner.RunFnPeriodically - 1 total (0 active), Execution time: mean = 0.01ms, total = 0.01ms, Queueing time: mean = 0.00ms, max = 0.00ms, min = 0.00ms, total = 0.00ms

-----------------
Task Event stats:

IO Service Stats:

Global stats: 361 total (1 active)
Queueing time: mean = 0.02ms, max = 0.11ms, min = 0.01ms, total = 8.96ms
Execution time:  mean = 0.32ms, total = 116.61ms
Event stats:
	ray::rpc::TaskInfoGcsService.grpc_client.AddTaskEventData - 120 total (0 active), Execution time: mean = 0.72ms, total = 85.89ms, Queueing time: mean = 0.00ms, max = -0.00ms, min = 9223372036854.78ms, total = 0.00ms
	CoreWorker.deadline_timer.flush_task_events - 120 total (1 active), Execution time: mean = 0.22ms, total = 26.04ms, Queueing time: mean = 0.04ms, max = 0.11ms, min = 0.02ms, total = 5.05ms
	ray::rpc::TaskInfoGcsService.grpc_client.AddTaskEventData.OnReplyReceived - 120 total (0 active), Execution time: mean = 0.04ms, total = 4.47ms, Queueing time: mean = 0.03ms, max = 0.06ms, min = 0.01ms, total = 3.90ms
	PeriodicalRunner.RunFnPeriodically - 1 total (0 active), Execution time: mean = 0.21ms, total = 0.21ms, Queueing time: mean = 0.01ms, max = 0.01ms, min = 0.01ms, total = 0.01ms
Other Stats:
	gcs_grpc_in_progress:0
	event_aggregator_grpc_in_progress:0
	current number of task status events in buffer: 0
	current number of profile events in buffer: 0
	current number of dropped task attempts tracked: 0
	total task events sent: 0 MiB
	total number of task attempts sent: 0
	total number of task attempts dropped reported: 0
	total number of sent failure: 0
	num status task events dropped: 0
	num profile task events dropped: 0
	num ray task events reported to aggregator: 0
	num ray task events failed to report to aggregator: 0
	num of task attempts dropped reported to aggregator: 0
	num of failed requests to aggregator: 0

[2026-02-06 20:57:35,169 I 3848916 3849765] core_worker.cc:455: Event stats:


Global stats: 2624 total (8 active)
Queueing time: mean = 0.80ms, max = 1000.02ms, min = 0.01ms, total = 2101.73ms
Execution time:  mean = 0.08ms, total = 210.88ms
Event stats:
	CoreWorker.RecoverObjects - 1800 total (1 active), Execution time: mean = 0.01ms, total = 16.69ms, Queueing time: mean = 0.04ms, max = 0.18ms, min = 0.01ms, total = 75.23ms
	CoreWorker.InternalHeartbeat - 180 total (1 active), Execution time: mean = 0.19ms, total = 34.72ms, Queueing time: mean = 0.04ms, max = 0.08ms, min = 0.01ms, total = 6.65ms
	CoreWorker.ExitIfParentRayletDies - 180 total (1 active), Execution time: mean = 0.01ms, total = 2.08ms, Queueing time: mean = 0.04ms, max = 0.08ms, min = 0.01ms, total = 7.10ms
	NodeManagerService.grpc_client.ReportWorkerBacklog - 180 total (0 active), Execution time: mean = 0.77ms, total = 138.41ms, Queueing time: mean = 0.00ms, max = -0.00ms, min = 9223372036854.78ms, total = 0.00ms
	NodeManagerService.grpc_client.ReportWorkerBacklog.OnReplyReceived - 180 total (0 active), Execution time: mean = 0.03ms, total = 5.39ms, Queueing time: mean = 0.04ms, max = 0.10ms, min = 0.02ms, total = 6.49ms
	CoreWorker.RecordMetrics - 36 total (1 active), Execution time: mean = 0.06ms, total = 2.23ms, Queueing time: mean = 0.03ms, max = 0.07ms, min = 0.01ms, total = 1.18ms
	CoreWorker.TryDelPendingObjectRefStreams - 18 total (1 active), Execution time: mean = 0.01ms, total = 0.10ms, Queueing time: mean = 0.07ms, max = 0.48ms, min = 0.02ms, total = 1.31ms
	CoreWorkerService.grpc_server.GetCoreWorkerStats.HandleRequestImpl - 12 total (0 active), Execution time: mean = 0.10ms, total = 1.17ms, Queueing time: mean = 0.02ms, max = 0.03ms, min = 0.02ms, total = 0.30ms
	CoreWorkerService.grpc_server.GetCoreWorkerStats - 12 total (0 active), Execution time: mean = 0.32ms, total = 3.78ms, Queueing time: mean = 0.00ms, max = -0.00ms, min = 9223372036854.78ms, total = 0.00ms
	PeriodicalRunner.RunFnPeriodically - 7 total (0 active), Execution time: mean = 0.10ms, total = 0.70ms, Queueing time: mean = 0.28ms, max = 0.68ms, min = 0.01ms, total = 1.98ms
	ReporterService.grpc_client.HealthCheck - 3 total (0 active), Execution time: mean = 0.64ms, total = 1.93ms, Queueing time: mean = 0.00ms, max = -0.00ms, min = 9223372036854.78ms, total = 0.00ms
	ReporterService.grpc_client.HealthCheck.OnReplyReceived - 3 total (0 active), Execution time: mean = 0.14ms, total = 0.43ms, Queueing time: mean = 0.07ms, max = 0.13ms, min = 0.02ms, total = 0.20ms
	CoreWorker.PrintEventStats - 3 total (1 active, 1 running), Execution time: mean = 0.48ms, total = 1.43ms, Queueing time: mean = 0.04ms, max = 0.09ms, min = 0.03ms, total = 0.12ms
	MetricsAgentClient.WaitForServerReadyWithRetry - 2 total (0 active), Execution time: mean = 0.15ms, total = 0.31ms, Queueing time: mean = 1000.02ms, max = 1000.02ms, min = 1000.02ms, total = 2000.04ms
	ray::rpc::WorkerInfoGcsService.grpc_client.AddWorkerInfo.OnReplyReceived - 1 total (0 active), Execution time: mean = 0.02ms, total = 0.02ms, Queueing time: mean = 0.67ms, max = 0.67ms, min = 0.67ms, total = 0.67ms
	ray::rpc::InternalPubSubGcsService.grpc_client.GcsSubscriberPoll - 1 total (1 active), Execution time: mean = 0.00ms, total = 0.00ms, Queueing time: mean = 0.00ms, max = -0.00ms, min = 9223372036854.78ms, total = 0.00ms
	ray::rpc::WorkerInfoGcsService.grpc_client.AddWorkerInfo - 1 total (0 active), Execution time: mean = 0.44ms, total = 0.44ms, Queueing time: mean = 0.00ms, max = -0.00ms, min = 9223372036854.78ms, total = 0.00ms
	ray::rpc::NodeInfoGcsService.grpc_client.GetAllNodeAddressAndLiveness.OnReplyReceived - 1 total (0 active), Execution time: mean = 0.06ms, total = 0.06ms, Queueing time: mean = 0.01ms, max = 0.01ms, min = 0.01ms, total = 0.01ms
	ray::rpc::InternalPubSubGcsService.grpc_client.GcsSubscriberCommandBatch - 1 total (0 active), Execution time: mean = 0.49ms, total = 0.49ms, Queueing time: mean = 0.00ms, max = -0.00ms, min = 9223372036854.78ms, total = 0.00ms
	ray::rpc::InternalPubSubGcsService.grpc_client.GcsSubscriberCommandBatch.OnReplyReceived - 1 total (0 active), Execution time: mean = 0.13ms, total = 0.13ms, Queueing time: mean = 0.48ms, max = 0.48ms, min = 0.48ms, total = 0.48ms
	Publisher.CheckDeadSubscribers - 1 total (1 active), Execution time: mean = 0.00ms, total = 0.00ms, Queueing time: mean = 0.00ms, max = -0.00ms, min = 9223372036854.78ms, total = 0.00ms
	ray::rpc::NodeInfoGcsService.grpc_client.GetAllNodeAddressAndLiveness - 1 total (0 active), Execution time: mean = 0.38ms, total = 0.38ms, Queueing time: mean = 0.00ms, max = -0.00ms, min = 9223372036854.78ms, total = 0.00ms

-----------------
Task execution event stats:

Global stats: 17886 total (1 active)
Queueing time: mean = 0.05ms, max = 13.99ms, min = -0.00ms, total = 973.36ms
Execution time:  mean = 0.02ms, total = 278.54ms
Event stats:
	CoreWorker.CheckSignal - 17885 total (1 active), Execution time: mean = 0.02ms, total = 278.54ms, Queueing time: mean = 0.05ms, max = 13.99ms, min = -0.00ms, total = 973.36ms
	PeriodicalRunner.RunFnPeriodically - 1 total (0 active), Execution time: mean = 0.01ms, total = 0.01ms, Queueing time: mean = 0.00ms, max = 0.00ms, min = 0.00ms, total = 0.00ms

-----------------
Task Event stats:

IO Service Stats:

Global stats: 541 total (1 active)
Queueing time: mean = 0.03ms, max = 0.11ms, min = 0.01ms, total = 13.90ms
Execution time:  mean = 0.33ms, total = 179.25ms
Event stats:
	ray::rpc::TaskInfoGcsService.grpc_client.AddTaskEventData - 180 total (0 active), Execution time: mean = 0.73ms, total = 132.23ms, Queueing time: mean = 0.00ms, max = -0.00ms, min = 9223372036854.78ms, total = 0.00ms
	CoreWorker.deadline_timer.flush_task_events - 180 total (1 active), Execution time: mean = 0.22ms, total = 39.75ms, Queueing time: mean = 0.04ms, max = 0.11ms, min = 0.02ms, total = 7.79ms
	ray::rpc::TaskInfoGcsService.grpc_client.AddTaskEventData.OnReplyReceived - 180 total (0 active), Execution time: mean = 0.04ms, total = 7.06ms, Queueing time: mean = 0.03ms, max = 0.07ms, min = 0.01ms, total = 6.10ms
	PeriodicalRunner.RunFnPeriodically - 1 total (0 active), Execution time: mean = 0.21ms, total = 0.21ms, Queueing time: mean = 0.01ms, max = 0.01ms, min = 0.01ms, total = 0.01ms
Other Stats:
	gcs_grpc_in_progress:0
	event_aggregator_grpc_in_progress:0
	current number of task status events in buffer: 0
	current number of profile events in buffer: 0
	current number of dropped task attempts tracked: 0
	total task events sent: 0 MiB
	total number of task attempts sent: 0
	total number of task attempts dropped reported: 0
	total number of sent failure: 0
	num status task events dropped: 0
	num profile task events dropped: 0
	num ray task events reported to aggregator: 0
	num ray task events failed to report to aggregator: 0
	num of task attempts dropped reported to aggregator: 0
	num of failed requests to aggregator: 0

[2026-02-06 20:58:35,170 I 3848916 3849765] core_worker.cc:455: Event stats:


Global stats: 3490 total (8 active)
Queueing time: mean = 0.61ms, max = 1000.02ms, min = 0.01ms, total = 2138.35ms
Execution time:  mean = 0.08ms, total = 282.62ms
Event stats:
	CoreWorker.RecoverObjects - 2399 total (1 active), Execution time: mean = 0.01ms, total = 22.10ms, Queueing time: mean = 0.04ms, max = 0.18ms, min = 0.01ms, total = 102.55ms
	CoreWorker.InternalHeartbeat - 240 total (1 active), Execution time: mean = 0.19ms, total = 46.71ms, Queueing time: mean = 0.04ms, max = 0.08ms, min = 0.01ms, total = 9.22ms
	CoreWorker.ExitIfParentRayletDies - 240 total (1 active), Execution time: mean = 0.01ms, total = 2.78ms, Queueing time: mean = 0.04ms, max = 0.08ms, min = 0.01ms, total = 9.99ms
	NodeManagerService.grpc_client.ReportWorkerBacklog - 240 total (0 active), Execution time: mean = 0.78ms, total = 186.93ms, Queueing time: mean = 0.00ms, max = -0.00ms, min = 9223372036854.78ms, total = 0.00ms
	NodeManagerService.grpc_client.ReportWorkerBacklog.OnReplyReceived - 240 total (0 active), Execution time: mean = 0.03ms, total = 7.34ms, Queueing time: mean = 0.04ms, max = 0.10ms, min = 0.02ms, total = 8.76ms
	CoreWorker.RecordMetrics - 48 total (1 active), Execution time: mean = 0.06ms, total = 3.00ms, Queueing time: mean = 0.04ms, max = 0.08ms, min = 0.01ms, total = 1.82ms
	CoreWorker.TryDelPendingObjectRefStreams - 24 total (1 active), Execution time: mean = 0.01ms, total = 0.14ms, Queueing time: mean = 0.08ms, max = 0.54ms, min = 0.02ms, total = 2.02ms
	CoreWorkerService.grpc_server.GetCoreWorkerStats.HandleRequestImpl - 16 total (0 active), Execution time: mean = 0.10ms, total = 1.56ms, Queueing time: mean = 0.03ms, max = 0.06ms, min = 0.02ms, total = 0.45ms
	CoreWorkerService.grpc_server.GetCoreWorkerStats - 16 total (0 active), Execution time: mean = 0.32ms, total = 5.04ms, Queueing time: mean = 0.00ms, max = -0.00ms, min = 9223372036854.78ms, total = 0.00ms
	PeriodicalRunner.RunFnPeriodically - 7 total (0 active), Execution time: mean = 0.10ms, total = 0.70ms, Queueing time: mean = 0.28ms, max = 0.68ms, min = 0.01ms, total = 1.98ms
	CoreWorker.PrintEventStats - 4 total (1 active, 1 running), Execution time: mean = 0.53ms, total = 2.13ms, Queueing time: mean = 0.05ms, max = 0.09ms, min = 0.03ms, total = 0.19ms
	ReporterService.grpc_client.HealthCheck - 3 total (0 active), Execution time: mean = 0.64ms, total = 1.93ms, Queueing time: mean = 0.00ms, max = -0.00ms, min = 9223372036854.78ms, total = 0.00ms
	ReporterService.grpc_client.HealthCheck.OnReplyReceived - 3 total (0 active), Execution time: mean = 0.14ms, total = 0.43ms, Queueing time: mean = 0.07ms, max = 0.13ms, min = 0.02ms, total = 0.20ms
	MetricsAgentClient.WaitForServerReadyWithRetry - 2 total (0 active), Execution time: mean = 0.15ms, total = 0.31ms, Queueing time: mean = 1000.02ms, max = 1000.02ms, min = 1000.02ms, total = 2000.04ms
	ray::rpc::WorkerInfoGcsService.grpc_client.AddWorkerInfo.OnReplyReceived - 1 total (0 active), Execution time: mean = 0.02ms, total = 0.02ms, Queueing time: mean = 0.67ms, max = 0.67ms, min = 0.67ms, total = 0.67ms
	ray::rpc::InternalPubSubGcsService.grpc_client.GcsSubscriberPoll - 1 total (1 active), Execution time: mean = 0.00ms, total = 0.00ms, Queueing time: mean = 0.00ms, max = -0.00ms, min = 9223372036854.78ms, total = 0.00ms
	ray::rpc::WorkerInfoGcsService.grpc_client.AddWorkerInfo - 1 total (0 active), Execution time: mean = 0.44ms, total = 0.44ms, Queueing time: mean = 0.00ms, max = -0.00ms, min = 9223372036854.78ms, total = 0.00ms
	ray::rpc::NodeInfoGcsService.grpc_client.GetAllNodeAddressAndLiveness.OnReplyReceived - 1 total (0 active), Execution time: mean = 0.06ms, total = 0.06ms, Queueing time: mean = 0.01ms, max = 0.01ms, min = 0.01ms, total = 0.01ms
	ray::rpc::InternalPubSubGcsService.grpc_client.GcsSubscriberCommandBatch - 1 total (0 active), Execution time: mean = 0.49ms, total = 0.49ms, Queueing time: mean = 0.00ms, max = -0.00ms, min = 9223372036854.78ms, total = 0.00ms
	ray::rpc::InternalPubSubGcsService.grpc_client.GcsSubscriberCommandBatch.OnReplyReceived - 1 total (0 active), Execution time: mean = 0.13ms, total = 0.13ms, Queueing time: mean = 0.48ms, max = 0.48ms, min = 0.48ms, total = 0.48ms
	Publisher.CheckDeadSubscribers - 1 total (1 active), Execution time: mean = 0.00ms, total = 0.00ms, Queueing time: mean = 0.00ms, max = -0.00ms, min = 9223372036854.78ms, total = 0.00ms
	ray::rpc::NodeInfoGcsService.grpc_client.GetAllNodeAddressAndLiveness - 1 total (0 active), Execution time: mean = 0.38ms, total = 0.38ms, Queueing time: mean = 0.00ms, max = -0.00ms, min = 9223372036854.78ms, total = 0.00ms

-----------------
Task execution event stats:

Global stats: 23854 total (1 active)
Queueing time: mean = 0.05ms, max = 13.99ms, min = -0.00ms, total = 1231.44ms
Execution time:  mean = 0.02ms, total = 372.16ms
Event stats:
	CoreWorker.CheckSignal - 23853 total (1 active), Execution time: mean = 0.02ms, total = 372.15ms, Queueing time: mean = 0.05ms, max = 13.99ms, min = -0.00ms, total = 1231.44ms
	PeriodicalRunner.RunFnPeriodically - 1 total (0 active), Execution time: mean = 0.01ms, total = 0.01ms, Queueing time: mean = 0.00ms, max = 0.00ms, min = 0.00ms, total = 0.00ms

-----------------
Task Event stats:

IO Service Stats:

Global stats: 721 total (1 active)
Queueing time: mean = 0.03ms, max = 0.11ms, min = 0.01ms, total = 19.04ms
Execution time:  mean = 0.34ms, total = 242.93ms
Event stats:
	ray::rpc::TaskInfoGcsService.grpc_client.AddTaskEventData - 240 total (0 active), Execution time: mean = 0.75ms, total = 179.35ms, Queueing time: mean = 0.00ms, max = -0.00ms, min = 9223372036854.78ms, total = 0.00ms
	CoreWorker.deadline_timer.flush_task_events - 240 total (1 active), Execution time: mean = 0.22ms, total = 53.75ms, Queueing time: mean = 0.04ms, max = 0.11ms, min = 0.02ms, total = 10.56ms
	ray::rpc::TaskInfoGcsService.grpc_client.AddTaskEventData.OnReplyReceived - 240 total (0 active), Execution time: mean = 0.04ms, total = 9.62ms, Queueing time: mean = 0.04ms, max = 0.07ms, min = 0.01ms, total = 8.47ms
	PeriodicalRunner.RunFnPeriodically - 1 total (0 active), Execution time: mean = 0.21ms, total = 0.21ms, Queueing time: mean = 0.01ms, max = 0.01ms, min = 0.01ms, total = 0.01ms
Other Stats:
	gcs_grpc_in_progress:0
	event_aggregator_grpc_in_progress:0
	current number of task status events in buffer: 0
	current number of profile events in buffer: 0
	current number of dropped task attempts tracked: 0
	total task events sent: 0 MiB
	total number of task attempts sent: 0
	total number of task attempts dropped reported: 0
	total number of sent failure: 0
	num status task events dropped: 0
	num profile task events dropped: 0
	num ray task events reported to aggregator: 0
	num ray task events failed to report to aggregator: 0
	num of task attempts dropped reported to aggregator: 0
	num of failed requests to aggregator: 0

[2026-02-06 20:58:54,180 W 3848916 3849765] core_worker.cc:771: Shutting down the core worker because the local raylet failed. Check out the raylet.out log file. Raylet pid: 3848798
[2026-02-06 20:58:54,198 I 3848916 3849765] core_worker.cc:628: Try killing all child processes of this worker as it exits. Child process pids: 
