[2026-02-01 22:41:44,429 I 1326282 1326282] core_worker_process.cc:777: Constructing CoreWorkerProcess. pid: 1326282
[2026-02-01 22:41:44,486 I 1326282 1326282] event.cc:499: Ray Event initialized for CORE_WORKER
[2026-02-01 22:41:44,486 I 1326282 1326282] event.cc:499: Ray Event initialized for EXPORT_TASK
[2026-02-01 22:41:44,486 I 1326282 1326282] event.cc:332: Set ray event level to warning
[2026-02-01 22:41:44,486 I 1326282 1326282] event_aggregator_client.h:50: Initiating the local event aggregator client with port: 54951
[2026-02-01 22:41:44,490 I 1326282 1326282] grpc_server.cc:143: worker server started, listening on port 42399.
[2026-02-01 22:41:44,503 I 1326282 1326282] core_worker_process.cc:262: Initializing worker at address: 172.28.6.5:42399 worker_id=9b22027c48653e4db7441974c2a20a03b2b69c856d6c11ca23c46176 node_id=cdb80a94060741dc2dec922d882ad415ebf3990ff10846b5ab537ddd
[2026-02-01 22:41:44,504 I 1326282 1326282] task_event_buffer.cc:480: Reporting task events to GCS every 1000ms.
[2026-02-01 22:41:44,506 I 1326282 1326282] core_worker.cc:515: Adjusted worker niceness to 15
[2026-02-01 22:41:44,506 I 1326282 1327742] core_worker.cc:455: Event stats:


Global stats: 12 total (10 active)
Queueing time: mean = 0.00ms, max = 0.02ms, min = 0.01ms, total = 0.03ms
Execution time:  mean = 0.00ms, total = 0.04ms
Event stats:
	PeriodicalRunner.RunFnPeriodically - 7 total (5 active, 1 running), Execution time: mean = 0.01ms, total = 0.04ms, Queueing time: mean = 0.00ms, max = 0.02ms, min = 0.01ms, total = 0.03ms
	ray::rpc::WorkerInfoGcsService.grpc_client.AddWorkerInfo - 1 total (1 active), Execution time: mean = 0.00ms, total = 0.00ms, Queueing time: mean = 0.00ms, max = -0.00ms, min = 9223372036854.78ms, total = 0.00ms
	ray::rpc::InternalPubSubGcsService.grpc_client.GcsSubscriberPoll - 1 total (1 active), Execution time: mean = 0.00ms, total = 0.00ms, Queueing time: mean = 0.00ms, max = -0.00ms, min = 9223372036854.78ms, total = 0.00ms
	Publisher.CheckDeadSubscribers - 1 total (1 active), Execution time: mean = 0.00ms, total = 0.00ms, Queueing time: mean = 0.00ms, max = -0.00ms, min = 9223372036854.78ms, total = 0.00ms
	ray::rpc::InternalPubSubGcsService.grpc_client.GcsSubscriberCommandBatch - 1 total (1 active), Execution time: mean = 0.00ms, total = 0.00ms, Queueing time: mean = 0.00ms, max = -0.00ms, min = 9223372036854.78ms, total = 0.00ms
	CoreWorker.ExitIfParentRayletDies - 1 total (1 active), Execution time: mean = 0.00ms, total = 0.00ms, Queueing time: mean = 0.00ms, max = -0.00ms, min = 9223372036854.78ms, total = 0.00ms

-----------------
Task execution event stats:

Global stats: 0 total (0 active)
Queueing time: mean = -nanms, max = -0.00ms, min = 9223372036854.78ms, total = 0.00ms
Execution time:  mean = -nanms, total = 0.00ms
Event stats:

-----------------
Task Event stats:

IO Service Stats:

Global stats: 4 total (1 active)
Queueing time: mean = 0.01ms, max = 0.01ms, min = 0.01ms, total = 0.02ms
Execution time:  mean = 0.25ms, total = 1.00ms
Event stats:
	PeriodicalRunner.RunFnPeriodically - 1 total (0 active), Execution time: mean = 0.27ms, total = 0.27ms, Queueing time: mean = 0.01ms, max = 0.01ms, min = 0.01ms, total = 0.01ms
	ray::rpc::TaskInfoGcsService.grpc_client.AddTaskEventData - 1 total (0 active), Execution time: mean = 0.70ms, total = 0.70ms, Queueing time: mean = 0.00ms, max = -0.00ms, min = 9223372036854.78ms, total = 0.00ms
	CoreWorker.deadline_timer.flush_task_events - 1 total (1 active), Execution time: mean = 0.00ms, total = 0.00ms, Queueing time: mean = 0.00ms, max = -0.00ms, min = 9223372036854.78ms, total = 0.00ms
	ray::rpc::TaskInfoGcsService.grpc_client.AddTaskEventData.OnReplyReceived - 1 total (0 active), Execution time: mean = 0.02ms, total = 0.02ms, Queueing time: mean = 0.01ms, max = 0.01ms, min = 0.01ms, total = 0.01ms
Other Stats:
	gcs_grpc_in_progress:0
	event_aggregator_grpc_in_progress:0
	current number of task status events in buffer: 0
	current number of profile events in buffer: 0
	current number of dropped task attempts tracked: 0
	total task events sent: 0 MiB
	total number of task attempts sent: 0
	total number of task attempts dropped reported: 0
	total number of sent failure: 0
	num status task events dropped: 0
	num profile task events dropped: 0
	num ray task events reported to aggregator: 0
	num ray task events failed to report to aggregator: 0
	num of task attempts dropped reported to aggregator: 0
	num of failed requests to aggregator: 0

[2026-02-01 22:41:44,506 I 1326282 1326282] metrics_agent_client.cc:45: Initializing exporter ...
[2026-02-01 22:41:44,507 I 1326282 1327742] accessor.cc:433: Received address and liveness notification for node, IsAlive = 1 node_id=cdb80a94060741dc2dec922d882ad415ebf3990ff10846b5ab537ddd
[2026-02-01 22:41:44,507 I 1326282 1327742] normal_task_submitter.cc:840: Number of alive nodes:1
[2026-02-01 22:41:48,512 I 1326282 1327742] metrics_agent_client.cc:59: Exporter initialized.
[2026-02-01 22:42:44,506 I 1326282 1327742] core_worker.cc:455: Event stats:


Global stats: 896 total (8 active)
Queueing time: mean = 4.50ms, max = 1000.07ms, min = 0.01ms, total = 4031.07ms
Execution time:  mean = 0.08ms, total = 75.45ms
Event stats:
	CoreWorker.RecoverObjects - 600 total (1 active), Execution time: mean = 0.01ms, total = 6.02ms, Queueing time: mean = 0.04ms, max = 0.33ms, min = 0.01ms, total = 22.21ms
	NodeManagerService.grpc_client.ReportWorkerBacklog - 60 total (0 active), Execution time: mean = 0.73ms, total = 43.58ms, Queueing time: mean = 0.00ms, max = -0.00ms, min = 9223372036854.78ms, total = 0.00ms
	CoreWorker.ExitIfParentRayletDies - 60 total (1 active), Execution time: mean = 0.01ms, total = 0.67ms, Queueing time: mean = 0.04ms, max = 0.08ms, min = 0.01ms, total = 2.13ms
	NodeManagerService.grpc_client.ReportWorkerBacklog.OnReplyReceived - 60 total (0 active), Execution time: mean = 0.03ms, total = 1.60ms, Queueing time: mean = 0.02ms, max = 0.06ms, min = 0.01ms, total = 1.43ms
	CoreWorker.InternalHeartbeat - 60 total (1 active), Execution time: mean = 0.19ms, total = 11.23ms, Queueing time: mean = 0.03ms, max = 0.08ms, min = 0.01ms, total = 1.80ms
	CoreWorker.RecordMetrics - 12 total (1 active), Execution time: mean = 0.05ms, total = 0.61ms, Queueing time: mean = 0.02ms, max = 0.06ms, min = 0.01ms, total = 0.26ms
	PeriodicalRunner.RunFnPeriodically - 7 total (0 active), Execution time: mean = 0.10ms, total = 0.70ms, Queueing time: mean = 0.27ms, max = 0.65ms, min = 0.01ms, total = 1.92ms
	CoreWorker.TryDelPendingObjectRefStreams - 6 total (1 active), Execution time: mean = 0.01ms, total = 0.03ms, Queueing time: mean = 0.03ms, max = 0.07ms, min = 0.01ms, total = 0.18ms
	ReporterService.grpc_client.HealthCheck - 5 total (0 active), Execution time: mean = 1.02ms, total = 5.12ms, Queueing time: mean = 0.00ms, max = -0.00ms, min = 9223372036854.78ms, total = 0.00ms
	ReporterService.grpc_client.HealthCheck.OnReplyReceived - 5 total (0 active), Execution time: mean = 0.12ms, total = 0.59ms, Queueing time: mean = 0.02ms, max = 0.03ms, min = 0.01ms, total = 0.10ms
	MetricsAgentClient.WaitForServerReadyWithRetry - 4 total (0 active), Execution time: mean = 0.17ms, total = 0.69ms, Queueing time: mean = 1000.04ms, max = 1000.07ms, min = 1000.02ms, total = 4000.16ms
	CoreWorkerService.grpc_server.GetCoreWorkerStats - 4 total (0 active), Execution time: mean = 0.32ms, total = 1.26ms, Queueing time: mean = 0.00ms, max = -0.00ms, min = 9223372036854.78ms, total = 0.00ms
	CoreWorkerService.grpc_server.GetCoreWorkerStats.HandleRequestImpl - 4 total (0 active), Execution time: mean = 0.12ms, total = 0.48ms, Queueing time: mean = 0.03ms, max = 0.03ms, min = 0.02ms, total = 0.10ms
	Publisher.CheckDeadSubscribers - 1 total (1 active), Execution time: mean = 0.00ms, total = 0.00ms, Queueing time: mean = 0.00ms, max = -0.00ms, min = 9223372036854.78ms, total = 0.00ms
	ray::rpc::InternalPubSubGcsService.grpc_client.GcsSubscriberPoll - 1 total (1 active), Execution time: mean = 0.00ms, total = 0.00ms, Queueing time: mean = 0.00ms, max = -0.00ms, min = 9223372036854.78ms, total = 0.00ms
	ray::rpc::NodeInfoGcsService.grpc_client.GetAllNodeAddressAndLiveness - 1 total (0 active), Execution time: mean = 0.89ms, total = 0.89ms, Queueing time: mean = 0.00ms, max = -0.00ms, min = 9223372036854.78ms, total = 0.00ms
	ray::rpc::WorkerInfoGcsService.grpc_client.AddWorkerInfo - 1 total (0 active), Execution time: mean = 0.95ms, total = 0.95ms, Queueing time: mean = 0.00ms, max = -0.00ms, min = 9223372036854.78ms, total = 0.00ms
	CoreWorker.PrintEventStats - 1 total (1 active, 1 running), Execution time: mean = 0.00ms, total = 0.00ms, Queueing time: mean = 0.00ms, max = -0.00ms, min = 9223372036854.78ms, total = 0.00ms
	ray::rpc::NodeInfoGcsService.grpc_client.GetAllNodeAddressAndLiveness.OnReplyReceived - 1 total (0 active), Execution time: mean = 0.07ms, total = 0.07ms, Queueing time: mean = 0.01ms, max = 0.01ms, min = 0.01ms, total = 0.01ms
	ray::rpc::InternalPubSubGcsService.grpc_client.GcsSubscriberCommandBatch.OnReplyReceived - 1 total (0 active), Execution time: mean = 0.14ms, total = 0.14ms, Queueing time: mean = 0.37ms, max = 0.37ms, min = 0.37ms, total = 0.37ms
	ray::rpc::InternalPubSubGcsService.grpc_client.GcsSubscriberCommandBatch - 1 total (0 active), Execution time: mean = 0.76ms, total = 0.76ms, Queueing time: mean = 0.00ms, max = -0.00ms, min = 9223372036854.78ms, total = 0.00ms
	ray::rpc::WorkerInfoGcsService.grpc_client.AddWorkerInfo.OnReplyReceived - 1 total (0 active), Execution time: mean = 0.03ms, total = 0.03ms, Queueing time: mean = 0.40ms, max = 0.40ms, min = 0.40ms, total = 0.40ms

-----------------
Task execution event stats:

Global stats: 5953 total (1 active)
Queueing time: mean = 0.07ms, max = 13.41ms, min = -0.00ms, total = 418.61ms
Execution time:  mean = 0.01ms, total = 85.49ms
Event stats:
	CoreWorker.CheckSignal - 5952 total (1 active), Execution time: mean = 0.01ms, total = 85.47ms, Queueing time: mean = 0.07ms, max = 13.41ms, min = -0.00ms, total = 418.61ms
	PeriodicalRunner.RunFnPeriodically - 1 total (0 active), Execution time: mean = 0.02ms, total = 0.02ms, Queueing time: mean = 0.01ms, max = 0.01ms, min = 0.01ms, total = 0.01ms

-----------------
Task Event stats:

IO Service Stats:

Global stats: 181 total (1 active)
Queueing time: mean = 0.02ms, max = 0.11ms, min = 0.01ms, total = 4.49ms
Execution time:  mean = 0.33ms, total = 59.08ms
Event stats:
	ray::rpc::TaskInfoGcsService.grpc_client.AddTaskEventData - 60 total (0 active), Execution time: mean = 0.73ms, total = 43.73ms, Queueing time: mean = 0.00ms, max = -0.00ms, min = 9223372036854.78ms, total = 0.00ms
	CoreWorker.deadline_timer.flush_task_events - 60 total (1 active), Execution time: mean = 0.22ms, total = 13.02ms, Queueing time: mean = 0.05ms, max = 0.11ms, min = 0.02ms, total = 3.00ms
	ray::rpc::TaskInfoGcsService.grpc_client.AddTaskEventData.OnReplyReceived - 60 total (0 active), Execution time: mean = 0.03ms, total = 2.06ms, Queueing time: mean = 0.02ms, max = 0.06ms, min = 0.01ms, total = 1.48ms
	PeriodicalRunner.RunFnPeriodically - 1 total (0 active), Execution time: mean = 0.27ms, total = 0.27ms, Queueing time: mean = 0.01ms, max = 0.01ms, min = 0.01ms, total = 0.01ms
Other Stats:
	gcs_grpc_in_progress:0
	event_aggregator_grpc_in_progress:0
	current number of task status events in buffer: 0
	current number of profile events in buffer: 0
	current number of dropped task attempts tracked: 0
	total task events sent: 0 MiB
	total number of task attempts sent: 0
	total number of task attempts dropped reported: 0
	total number of sent failure: 0
	num status task events dropped: 0
	num profile task events dropped: 0
	num ray task events reported to aggregator: 0
	num ray task events failed to report to aggregator: 0
	num of task attempts dropped reported to aggregator: 0
	num of failed requests to aggregator: 0

