[2026-02-01 22:41:44,323 I 1326252 1326252] core_worker_process.cc:777: Constructing CoreWorkerProcess. pid: 1326252
[2026-02-01 22:41:44,354 I 1326252 1326252] event.cc:499: Ray Event initialized for CORE_WORKER
[2026-02-01 22:41:44,355 I 1326252 1326252] event.cc:499: Ray Event initialized for EXPORT_TASK
[2026-02-01 22:41:44,355 I 1326252 1326252] event.cc:332: Set ray event level to warning
[2026-02-01 22:41:44,355 I 1326252 1326252] event_aggregator_client.h:50: Initiating the local event aggregator client with port: 54951
[2026-02-01 22:41:44,357 I 1326252 1326252] grpc_server.cc:143: worker server started, listening on port 40609.
[2026-02-01 22:41:44,372 I 1326252 1326252] core_worker_process.cc:262: Initializing worker at address: 172.28.6.5:40609 worker_id=551a8809834a98585de5fd85c1a2f124e4fe9d967f96c6408c27e1d7 node_id=cdb80a94060741dc2dec922d882ad415ebf3990ff10846b5ab537ddd
[2026-02-01 22:41:44,373 I 1326252 1326252] task_event_buffer.cc:480: Reporting task events to GCS every 1000ms.
[2026-02-01 22:41:44,375 I 1326252 1326910] core_worker.cc:455: Event stats:


Global stats: 12 total (10 active)
Queueing time: mean = 0.02ms, max = 0.19ms, min = 0.02ms, total = 0.21ms
Execution time:  mean = 0.00ms, total = 0.05ms
Event stats:
	PeriodicalRunner.RunFnPeriodically - 7 total (5 active, 1 running), Execution time: mean = 0.01ms, total = 0.05ms, Queueing time: mean = 0.03ms, max = 0.19ms, min = 0.02ms, total = 0.21ms
	Publisher.CheckDeadSubscribers - 1 total (1 active), Execution time: mean = 0.00ms, total = 0.00ms, Queueing time: mean = 0.00ms, max = -0.00ms, min = 9223372036854.78ms, total = 0.00ms
	ray::rpc::InternalPubSubGcsService.grpc_client.GcsSubscriberCommandBatch - 1 total (1 active), Execution time: mean = 0.00ms, total = 0.00ms, Queueing time: mean = 0.00ms, max = -0.00ms, min = 9223372036854.78ms, total = 0.00ms
	ray::rpc::InternalPubSubGcsService.grpc_client.GcsSubscriberPoll - 1 total (1 active), Execution time: mean = 0.00ms, total = 0.00ms, Queueing time: mean = 0.00ms, max = -0.00ms, min = 9223372036854.78ms, total = 0.00ms
	CoreWorker.ExitIfParentRayletDies - 1 total (1 active), Execution time: mean = 0.00ms, total = 0.00ms, Queueing time: mean = 0.00ms, max = -0.00ms, min = 9223372036854.78ms, total = 0.00ms
	ray::rpc::WorkerInfoGcsService.grpc_client.AddWorkerInfo - 1 total (1 active), Execution time: mean = 0.00ms, total = 0.00ms, Queueing time: mean = 0.00ms, max = -0.00ms, min = 9223372036854.78ms, total = 0.00ms

-----------------
Task execution event stats:

Global stats: 0 total (0 active)
Queueing time: mean = -nanms, max = -0.00ms, min = 9223372036854.78ms, total = 0.00ms
Execution time:  mean = -nanms, total = 0.00ms
Event stats:

-----------------
Task Event stats:

IO Service Stats:

Global stats: 1 total (1 active)
Queueing time: mean = 0.00ms, max = -0.00ms, min = 9223372036854.78ms, total = 0.00ms
Execution time:  mean = 0.00ms, total = 0.00ms
Event stats:
	PeriodicalRunner.RunFnPeriodically - 1 total (1 active), Execution time: mean = 0.00ms, total = 0.00ms, Queueing time: mean = 0.00ms, max = -0.00ms, min = 9223372036854.78ms, total = 0.00ms
Other Stats:
	gcs_grpc_in_progress:0
	event_aggregator_grpc_in_progress:0
	current number of task status events in buffer: 0
	current number of profile events in buffer: 0
	current number of dropped task attempts tracked: 0
	total task events sent: 0 MiB
	total number of task attempts sent: 0
	total number of task attempts dropped reported: 0
	total number of sent failure: 0
	num status task events dropped: 0
	num profile task events dropped: 0
	num ray task events reported to aggregator: 0
	num ray task events failed to report to aggregator: 0
	num of task attempts dropped reported to aggregator: 0
	num of failed requests to aggregator: 0

[2026-02-01 22:41:44,375 I 1326252 1326252] core_worker.cc:515: Adjusted worker niceness to 15
[2026-02-01 22:41:44,375 I 1326252 1326252] metrics_agent_client.cc:45: Initializing exporter ...
[2026-02-01 22:41:44,379 I 1326252 1326910] accessor.cc:433: Received address and liveness notification for node, IsAlive = 1 node_id=cdb80a94060741dc2dec922d882ad415ebf3990ff10846b5ab537ddd
[2026-02-01 22:41:44,379 I 1326252 1326910] normal_task_submitter.cc:840: Number of alive nodes:1
[2026-02-01 22:41:48,457 I 1326252 1326910] metrics_agent_client.cc:59: Exporter initialized.
[2026-02-01 22:42:44,375 I 1326252 1326910] core_worker.cc:455: Event stats:


Global stats: 896 total (8 active)
Queueing time: mean = 4.51ms, max = 1000.21ms, min = 0.01ms, total = 4040.79ms
Execution time:  mean = 0.18ms, total = 163.76ms
Event stats:
	CoreWorker.RecoverObjects - 600 total (1 active), Execution time: mean = 0.01ms, total = 5.86ms, Queueing time: mean = 0.05ms, max = 0.10ms, min = 0.01ms, total = 28.08ms
	CoreWorker.InternalHeartbeat - 60 total (1 active), Execution time: mean = 0.20ms, total = 12.11ms, Queueing time: mean = 0.04ms, max = 0.08ms, min = 0.01ms, total = 2.63ms
	CoreWorker.ExitIfParentRayletDies - 60 total (1 active), Execution time: mean = 0.01ms, total = 0.67ms, Queueing time: mean = 0.04ms, max = 0.08ms, min = 0.01ms, total = 2.59ms
	NodeManagerService.grpc_client.ReportWorkerBacklog - 60 total (0 active), Execution time: mean = 0.80ms, total = 47.89ms, Queueing time: mean = 0.00ms, max = -0.00ms, min = 9223372036854.78ms, total = 0.00ms
	NodeManagerService.grpc_client.ReportWorkerBacklog.OnReplyReceived - 60 total (0 active), Execution time: mean = 0.03ms, total = 1.59ms, Queueing time: mean = 0.03ms, max = 0.06ms, min = 0.01ms, total = 2.07ms
	CoreWorker.RecordMetrics - 12 total (1 active), Execution time: mean = 0.06ms, total = 0.69ms, Queueing time: mean = 0.03ms, max = 0.08ms, min = 0.01ms, total = 0.41ms
	PeriodicalRunner.RunFnPeriodically - 7 total (0 active), Execution time: mean = 0.22ms, total = 1.54ms, Queueing time: mean = 0.53ms, max = 1.52ms, min = 0.02ms, total = 3.74ms
	CoreWorker.TryDelPendingObjectRefStreams - 6 total (1 active), Execution time: mean = 0.00ms, total = 0.03ms, Queueing time: mean = 0.04ms, max = 0.08ms, min = 0.01ms, total = 0.23ms
	ReporterService.grpc_client.HealthCheck - 5 total (0 active), Execution time: mean = 16.25ms, total = 81.27ms, Queueing time: mean = 0.00ms, max = -0.00ms, min = 9223372036854.78ms, total = 0.00ms
	ReporterService.grpc_client.HealthCheck.OnReplyReceived - 5 total (0 active), Execution time: mean = 0.10ms, total = 0.52ms, Queueing time: mean = 0.12ms, max = 0.49ms, min = 0.02ms, total = 0.58ms
	MetricsAgentClient.WaitForServerReadyWithRetry - 4 total (0 active), Execution time: mean = 0.16ms, total = 0.62ms, Queueing time: mean = 1000.08ms, max = 1000.21ms, min = 1000.02ms, total = 4000.32ms
	CoreWorkerService.grpc_server.GetCoreWorkerStats - 4 total (0 active), Execution time: mean = 0.29ms, total = 1.16ms, Queueing time: mean = 0.00ms, max = -0.00ms, min = 9223372036854.78ms, total = 0.00ms
	CoreWorkerService.grpc_server.GetCoreWorkerStats.HandleRequestImpl - 4 total (0 active), Execution time: mean = 0.10ms, total = 0.42ms, Queueing time: mean = 0.02ms, max = 0.02ms, min = 0.02ms, total = 0.07ms
	ray::rpc::NodeInfoGcsService.grpc_client.GetAllNodeAddressAndLiveness.OnReplyReceived - 1 total (0 active), Execution time: mean = 0.11ms, total = 0.11ms, Queueing time: mean = 0.01ms, max = 0.01ms, min = 0.01ms, total = 0.01ms
	ray::rpc::NodeInfoGcsService.grpc_client.GetAllNodeAddressAndLiveness - 1 total (0 active), Execution time: mean = 0.60ms, total = 0.60ms, Queueing time: mean = 0.00ms, max = -0.00ms, min = 9223372036854.78ms, total = 0.00ms
	ray::rpc::InternalPubSubGcsService.grpc_client.GcsSubscriberCommandBatch - 1 total (0 active), Execution time: mean = 4.15ms, total = 4.15ms, Queueing time: mean = 0.00ms, max = -0.00ms, min = 9223372036854.78ms, total = 0.00ms
	ray::rpc::WorkerInfoGcsService.grpc_client.AddWorkerInfo.OnReplyReceived - 1 total (0 active), Execution time: mean = 0.03ms, total = 0.03ms, Queueing time: mean = 0.02ms, max = 0.02ms, min = 0.02ms, total = 0.02ms
	CoreWorker.PrintEventStats - 1 total (1 active, 1 running), Execution time: mean = 0.00ms, total = 0.00ms, Queueing time: mean = 0.00ms, max = -0.00ms, min = 9223372036854.78ms, total = 0.00ms
	Publisher.CheckDeadSubscribers - 1 total (1 active), Execution time: mean = 0.00ms, total = 0.00ms, Queueing time: mean = 0.00ms, max = -0.00ms, min = 9223372036854.78ms, total = 0.00ms
	ray::rpc::InternalPubSubGcsService.grpc_client.GcsSubscriberPoll - 1 total (1 active), Execution time: mean = 0.00ms, total = 0.00ms, Queueing time: mean = 0.00ms, max = -0.00ms, min = 9223372036854.78ms, total = 0.00ms
	ray::rpc::InternalPubSubGcsService.grpc_client.GcsSubscriberCommandBatch.OnReplyReceived - 1 total (0 active), Execution time: mean = 0.17ms, total = 0.17ms, Queueing time: mean = 0.04ms, max = 0.04ms, min = 0.04ms, total = 0.04ms
	ray::rpc::WorkerInfoGcsService.grpc_client.AddWorkerInfo - 1 total (0 active), Execution time: mean = 4.33ms, total = 4.33ms, Queueing time: mean = 0.00ms, max = -0.00ms, min = 9223372036854.78ms, total = 0.00ms

-----------------
Task execution event stats:

Global stats: 5952 total (1 active)
Queueing time: mean = 0.07ms, max = 14.15ms, min = -0.01ms, total = 439.19ms
Execution time:  mean = 0.01ms, total = 88.65ms
Event stats:
	CoreWorker.CheckSignal - 5951 total (1 active), Execution time: mean = 0.01ms, total = 88.64ms, Queueing time: mean = 0.07ms, max = 14.15ms, min = -0.01ms, total = 439.18ms
	PeriodicalRunner.RunFnPeriodically - 1 total (0 active), Execution time: mean = 0.01ms, total = 0.01ms, Queueing time: mean = 0.00ms, max = 0.00ms, min = 0.00ms, total = 0.00ms

-----------------
Task Event stats:

IO Service Stats:

Global stats: 181 total (1 active)
Queueing time: mean = 0.05ms, max = 3.79ms, min = 0.01ms, total = 8.48ms
Execution time:  mean = 0.31ms, total = 56.72ms
Event stats:
	ray::rpc::TaskInfoGcsService.grpc_client.AddTaskEventData.OnReplyReceived - 60 total (0 active), Execution time: mean = 0.03ms, total = 1.90ms, Queueing time: mean = 0.03ms, max = 0.09ms, min = 0.01ms, total = 1.95ms
	CoreWorker.deadline_timer.flush_task_events - 60 total (1 active), Execution time: mean = 0.20ms, total = 12.15ms, Queueing time: mean = 0.05ms, max = 0.09ms, min = 0.02ms, total = 2.75ms
	ray::rpc::TaskInfoGcsService.grpc_client.AddTaskEventData - 60 total (0 active), Execution time: mean = 0.71ms, total = 42.47ms, Queueing time: mean = 0.00ms, max = -0.00ms, min = 9223372036854.78ms, total = 0.00ms
	PeriodicalRunner.RunFnPeriodically - 1 total (0 active), Execution time: mean = 0.21ms, total = 0.21ms, Queueing time: mean = 3.79ms, max = 3.79ms, min = 3.79ms, total = 3.79ms
Other Stats:
	gcs_grpc_in_progress:0
	event_aggregator_grpc_in_progress:0
	current number of task status events in buffer: 0
	current number of profile events in buffer: 0
	current number of dropped task attempts tracked: 0
	total task events sent: 0 MiB
	total number of task attempts sent: 0
	total number of task attempts dropped reported: 0
	total number of sent failure: 0
	num status task events dropped: 0
	num profile task events dropped: 0
	num ray task events reported to aggregator: 0
	num ray task events failed to report to aggregator: 0
	num of task attempts dropped reported to aggregator: 0
	num of failed requests to aggregator: 0

