2026-02-06 22:24:57,444	INFO monitor.py:715 -- Starting monitor using ray installation: /data1/hhc/miniconda3/envs/TROJail-test/lib/python3.12/site-packages/ray/__init__.py
2026-02-06 22:24:57,444	INFO monitor.py:716 -- Ray version: 2.53.0
2026-02-06 22:24:57,444	INFO monitor.py:717 -- Ray commit: 0de211850589aea71f842873bc32574c702ab492
2026-02-06 22:24:57,444	INFO monitor.py:718 -- Monitor started with command: ['/data1/hhc/miniconda3/envs/TROJail-test/lib/python3.12/site-packages/ray/autoscaler/_private/monitor.py', '--logs-dir=/data1/TROJail/RAGEN/temp/ray/session_2026-02-06_22-24-56_133132_3880425/logs', '--logging-rotate-bytes=536870912', '--logging-rotate-backup-count=5', '--gcs-address=172.28.6.5:43225', '--stdout-filepath=/data1/TROJail/RAGEN/temp/ray/session_2026-02-06_22-24-56_133132_3880425/logs/monitor.out', '--stderr-filepath=/data1/TROJail/RAGEN/temp/ray/session_2026-02-06_22-24-56_133132_3880425/logs/monitor.err', '--monitor-ip=172.28.6.5']
2026-02-06 22:24:57,453	INFO monitor.py:161 -- session_name: session_2026-02-06_22-24-56_133132_3880425
2026-02-06 22:24:57,455	INFO monitor.py:193 -- Starting autoscaler metrics server on port 44217
2026-02-06 22:24:57,456	ERROR monitor.py:210 -- An exception occurred while starting the metrics server.
Traceback (most recent call last):
  File "/data1/hhc/miniconda3/envs/TROJail-test/lib/python3.12/site-packages/ray/autoscaler/_private/monitor.py", line 199, in __init__
    prometheus_client.start_http_server(
  File "/data1/hhc/miniconda3/envs/TROJail-test/lib/python3.12/site-packages/prometheus_client/exposition.py", line 251, in start_wsgi_server
    httpd = make_server(addr, port, app, TmpServer, handler_class=_SilentHandler)
            ^^^^^^^^^^^^^^^^^^^^^^^^^^^^^^^^^^^^^^^^^^^^^^^^^^^^^^^^^^^^^^^^^^^^^
  File "/data1/hhc/miniconda3/envs/TROJail-test/lib/python3.12/wsgiref/simple_server.py", line 154, in make_server
    server = server_class((host, port), handler_class)
             ^^^^^^^^^^^^^^^^^^^^^^^^^^^^^^^^^^^^^^^^^
  File "/data1/hhc/miniconda3/envs/TROJail-test/lib/python3.12/socketserver.py", line 457, in __init__
    self.server_bind()
  File "/data1/hhc/miniconda3/envs/TROJail-test/lib/python3.12/wsgiref/simple_server.py", line 50, in server_bind
    HTTPServer.server_bind(self)
  File "/data1/hhc/miniconda3/envs/TROJail-test/lib/python3.12/http/server.py", line 136, in server_bind
    socketserver.TCPServer.server_bind(self)
  File "/data1/hhc/miniconda3/envs/TROJail-test/lib/python3.12/socketserver.py", line 478, in server_bind
    self.socket.bind(self.server_address)
OSError: [Errno 98] Address already in use
2026-02-06 22:24:57,459	INFO monitor.py:218 -- Monitor: Started
2026-02-06 22:24:57,471	INFO autoscaler.py:280 -- disable_node_updaters:False
2026-02-06 22:24:57,472	INFO autoscaler.py:289 -- disable_launch_config_check:True
2026-02-06 22:24:57,472	INFO autoscaler.py:301 -- foreground_node_launch:False
2026-02-06 22:24:57,472	INFO autoscaler.py:311 -- worker_liveness_check:True
2026-02-06 22:24:57,472	INFO autoscaler.py:361 -- StandardAutoscaler: {'cluster_name': 'default', 'max_workers': 0, 'upscaling_speed': 1.0, 'docker': {}, 'idle_timeout_minutes': 0, 'provider': {'type': 'readonly', 'use_node_id_as_ip': True, 'disable_launch_config_check': True}, 'auth': {}, 'available_node_types': {'ray.head.default': {'resources': {}, 'node_config': {}, 'max_workers': 0}}, 'head_node_type': 'ray.head.default', 'file_mounts': {}, 'cluster_synced_files': [], 'file_mounts_sync_continuously': False, 'rsync_exclude': [], 'rsync_filter': [], 'initialization_commands': [], 'setup_commands': [], 'head_setup_commands': [], 'worker_setup_commands': [], 'head_start_ray_commands': [], 'worker_start_ray_commands': []}
2026-02-06 22:24:57,476	INFO monitor.py:393 -- Autoscaler has not yet received load metrics. Waiting.
2026-02-06 22:25:02,481	INFO autoscaler.py:147 -- The autoscaler took 0.0 seconds to fetch the list of non-terminated nodes.
2026-02-06 22:25:02,481	INFO autoscaler.py:408 -- 
======== Autoscaler status: 2026-02-06 22:25:02.481526 ========
Node status
---------------------------------------------------------------
Active:
 1 node_45b45d6a05722e1aaaa3ceb67d240de1b43438b1dc0815f6981b43ce
Pending:
 (no pending nodes)
Recent failures:
 (no failures)

Resources
---------------------------------------------------------------
Total Usage:
 1.0/48.0 CPU
 0.0/2.0 GPU
 0B/146.17GiB memory
 0B/62.64GiB object_store_memory

From request_resources:
 (none)
Pending Demands:
 (no resource demands)
2026-02-06 22:25:02,483	INFO autoscaler.py:463 -- The autoscaler took 0.002 seconds to complete the update iteration.
2026-02-06 22:25:07,488	INFO autoscaler.py:147 -- The autoscaler took 0.0 seconds to fetch the list of non-terminated nodes.
2026-02-06 22:25:07,489	INFO autoscaler.py:408 -- 
======== Autoscaler status: 2026-02-06 22:25:07.488840 ========
Node status
---------------------------------------------------------------
Active:
 1 node_45b45d6a05722e1aaaa3ceb67d240de1b43438b1dc0815f6981b43ce
Pending:
 (no pending nodes)
Recent failures:
 (no failures)

Resources
---------------------------------------------------------------
Total Usage:
 1.0/48.0 CPU
 0.0/2.0 GPU
 0B/146.17GiB memory
 0B/62.64GiB object_store_memory

From request_resources:
 (none)
Pending Demands:
 (no resource demands)
2026-02-06 22:25:07,490	INFO autoscaler.py:463 -- The autoscaler took 0.002 seconds to complete the update iteration.
2026-02-06 22:25:12,496	INFO autoscaler.py:147 -- The autoscaler took 0.0 seconds to fetch the list of non-terminated nodes.
2026-02-06 22:25:12,496	INFO autoscaler.py:408 -- 
======== Autoscaler status: 2026-02-06 22:25:12.496435 ========
Node status
---------------------------------------------------------------
Active:
 1 node_45b45d6a05722e1aaaa3ceb67d240de1b43438b1dc0815f6981b43ce
Pending:
 (no pending nodes)
Recent failures:
 (no failures)

Resources
---------------------------------------------------------------
Total Usage:
 1.0/48.0 CPU (0.0 used of 2.0 reserved in placement groups)
 0.0/2.0 GPU (0.0 used of 2.0 reserved in placement groups)
 0B/146.17GiB memory
 0B/62.64GiB object_store_memory

From request_resources:
 (none)
Pending Demands:
 (no resource demands)
2026-02-06 22:25:12,619	INFO autoscaler.py:463 -- The autoscaler took 0.123 seconds to complete the update iteration.
2026-02-06 22:25:17,623	INFO autoscaler.py:147 -- The autoscaler took 0.0 seconds to fetch the list of non-terminated nodes.
2026-02-06 22:25:17,624	INFO autoscaler.py:408 -- 
======== Autoscaler status: 2026-02-06 22:25:17.624136 ========
Node status
---------------------------------------------------------------
Active:
 1 node_45b45d6a05722e1aaaa3ceb67d240de1b43438b1dc0815f6981b43ce
Pending:
 (no pending nodes)
Recent failures:
 (no failures)

Resources
---------------------------------------------------------------
Total Usage:
 2.0/48.0 CPU (1.0 used of 2.0 reserved in placement groups)
 1.0/2.0 GPU (1.0 used of 2.0 reserved in placement groups)
 0B/146.17GiB memory
 0B/62.64GiB object_store_memory

From request_resources:
 (none)
Pending Demands:
 (no resource demands)
2026-02-06 22:25:17,634	INFO autoscaler.py:463 -- The autoscaler took 0.01 seconds to complete the update iteration.
2026-02-06 22:25:22,640	INFO autoscaler.py:147 -- The autoscaler took 0.0 seconds to fetch the list of non-terminated nodes.
2026-02-06 22:25:22,640	INFO autoscaler.py:408 -- 
======== Autoscaler status: 2026-02-06 22:25:22.640579 ========
Node status
---------------------------------------------------------------
Active:
 1 node_45b45d6a05722e1aaaa3ceb67d240de1b43438b1dc0815f6981b43ce
Pending:
 (no pending nodes)
Recent failures:
 (no failures)

Resources
---------------------------------------------------------------
Total Usage:
 2.0/48.0 CPU (1.0 used of 2.0 reserved in placement groups)
 1.0/2.0 GPU (1.0 used of 2.0 reserved in placement groups)
 0B/146.17GiB memory
 0B/62.64GiB object_store_memory

From request_resources:
 (none)
Pending Demands:
 (no resource demands)
2026-02-06 22:25:22,642	INFO autoscaler.py:463 -- The autoscaler took 0.003 seconds to complete the update iteration.
