[2026-02-06 22:25:00,633 I 3881718 3881718] core_worker_process.cc:777: Constructing CoreWorkerProcess. pid: 3881718
[2026-02-06 22:25:00,636 I 3881718 3881718] event.cc:499: Ray Event initialized for CORE_WORKER
[2026-02-06 22:25:00,636 I 3881718 3881718] event.cc:499: Ray Event initialized for EXPORT_TASK
[2026-02-06 22:25:00,636 I 3881718 3881718] event.cc:332: Set ray event level to warning
[2026-02-06 22:25:00,636 I 3881718 3881718] event_aggregator_client.h:50: Initiating the local event aggregator client with port: 64190
[2026-02-06 22:25:00,638 I 3881718 3881718] grpc_server.cc:143: worker server started, listening on port 35049.
[2026-02-06 22:25:00,648 I 3881718 3881718] core_worker_process.cc:262: Initializing worker at address: 172.28.6.5:35049 worker_id=007d778fb53f61fdd4b1083f29e85ec52a0a611fdc151f1bc14842ad node_id=45b45d6a05722e1aaaa3ceb67d240de1b43438b1dc0815f6981b43ce
[2026-02-06 22:25:00,648 I 3881718 3881718] task_event_buffer.cc:480: Reporting task events to GCS every 1000ms.
[2026-02-06 22:25:00,649 I 3881718 3881718] core_worker.cc:515: Adjusted worker niceness to 15
[2026-02-06 22:25:00,649 I 3881718 3881718] metrics_agent_client.cc:45: Initializing exporter ...
[2026-02-06 22:25:00,650 I 3881718 3884246] core_worker.cc:455: Event stats:


Global stats: 12 total (10 active)
Queueing time: mean = 0.00ms, max = 0.02ms, min = 0.02ms, total = 0.04ms
Execution time:  mean = 0.01ms, total = 0.06ms
Event stats:
	PeriodicalRunner.RunFnPeriodically - 7 total (5 active, 1 running), Execution time: mean = 0.01ms, total = 0.06ms, Queueing time: mean = 0.01ms, max = 0.02ms, min = 0.02ms, total = 0.04ms
	Publisher.CheckDeadSubscribers - 1 total (1 active), Execution time: mean = 0.00ms, total = 0.00ms, Queueing time: mean = 0.00ms, max = -0.00ms, min = 9223372036854.78ms, total = 0.00ms
	ray::rpc::InternalPubSubGcsService.grpc_client.GcsSubscriberCommandBatch - 1 total (1 active), Execution time: mean = 0.00ms, total = 0.00ms, Queueing time: mean = 0.00ms, max = -0.00ms, min = 9223372036854.78ms, total = 0.00ms
	ray::rpc::InternalPubSubGcsService.grpc_client.GcsSubscriberPoll - 1 total (1 active), Execution time: mean = 0.00ms, total = 0.00ms, Queueing time: mean = 0.00ms, max = -0.00ms, min = 9223372036854.78ms, total = 0.00ms
	CoreWorker.ExitIfParentRayletDies - 1 total (1 active), Execution time: mean = 0.00ms, total = 0.00ms, Queueing time: mean = 0.00ms, max = -0.00ms, min = 9223372036854.78ms, total = 0.00ms
	ray::rpc::WorkerInfoGcsService.grpc_client.AddWorkerInfo - 1 total (1 active), Execution time: mean = 0.00ms, total = 0.00ms, Queueing time: mean = 0.00ms, max = -0.00ms, min = 9223372036854.78ms, total = 0.00ms

-----------------
Task execution event stats:

Global stats: 0 total (0 active)
Queueing time: mean = -nanms, max = -0.00ms, min = 9223372036854.78ms, total = 0.00ms
Execution time:  mean = -nanms, total = 0.00ms
Event stats:

-----------------
Task Event stats:

IO Service Stats:

Global stats: 4 total (1 active)
Queueing time: mean = 0.01ms, max = 0.02ms, min = 0.01ms, total = 0.03ms
Execution time:  mean = 0.27ms, total = 1.10ms
Event stats:
	ray::rpc::TaskInfoGcsService.grpc_client.AddTaskEventData.OnReplyReceived - 1 total (0 active), Execution time: mean = 0.03ms, total = 0.03ms, Queueing time: mean = 0.02ms, max = 0.02ms, min = 0.02ms, total = 0.02ms
	PeriodicalRunner.RunFnPeriodically - 1 total (0 active), Execution time: mean = 0.32ms, total = 0.32ms, Queueing time: mean = 0.01ms, max = 0.01ms, min = 0.01ms, total = 0.01ms
	CoreWorker.deadline_timer.flush_task_events - 1 total (1 active), Execution time: mean = 0.00ms, total = 0.00ms, Queueing time: mean = 0.00ms, max = -0.00ms, min = 9223372036854.78ms, total = 0.00ms
	ray::rpc::TaskInfoGcsService.grpc_client.AddTaskEventData - 1 total (0 active), Execution time: mean = 0.75ms, total = 0.75ms, Queueing time: mean = 0.00ms, max = -0.00ms, min = 9223372036854.78ms, total = 0.00ms
Other Stats:
	gcs_grpc_in_progress:0
	event_aggregator_grpc_in_progress:0
	current number of task status events in buffer: 0
	current number of profile events in buffer: 0
	current number of dropped task attempts tracked: 0
	total task events sent: 0 MiB
	total number of task attempts sent: 0
	total number of task attempts dropped reported: 0
	total number of sent failure: 0
	num status task events dropped: 0
	num profile task events dropped: 0
	num ray task events reported to aggregator: 0
	num ray task events failed to report to aggregator: 0
	num of task attempts dropped reported to aggregator: 0
	num of failed requests to aggregator: 0

[2026-02-06 22:25:00,651 I 3881718 3884246] accessor.cc:433: Received address and liveness notification for node, IsAlive = 1 node_id=45b45d6a05722e1aaaa3ceb67d240de1b43438b1dc0815f6981b43ce
[2026-02-06 22:25:00,651 I 3881718 3884246] normal_task_submitter.cc:840: Number of alive nodes:1
[2026-02-06 22:25:04,944 I 3881718 3884246] metrics_agent_client.cc:59: Exporter initialized.
[2026-02-06 22:25:22,861 I 3881718 3884246] accessor.cc:433: Received address and liveness notification for node, IsAlive = 0 node_id=45b45d6a05722e1aaaa3ceb67d240de1b43438b1dc0815f6981b43ce
[2026-02-06 22:25:22,862 I 3881718 3884246] core_worker.cc:740: Node failure. All objects pinned on that node will be lost if object reconstruction is not enabled. node_id=45b45d6a05722e1aaaa3ceb67d240de1b43438b1dc0815f6981b43ce
