[2026-02-06 22:25:00,216 I 3881702 3881702] core_worker_process.cc:777: Constructing CoreWorkerProcess. pid: 3881702
[2026-02-06 22:25:00,224 I 3881702 3881702] event.cc:499: Ray Event initialized for CORE_WORKER
[2026-02-06 22:25:00,224 I 3881702 3881702] event.cc:499: Ray Event initialized for EXPORT_TASK
[2026-02-06 22:25:00,224 I 3881702 3881702] event.cc:332: Set ray event level to warning
[2026-02-06 22:25:00,224 I 3881702 3881702] event_aggregator_client.h:50: Initiating the local event aggregator client with port: 64190
[2026-02-06 22:25:00,226 I 3881702 3881702] grpc_server.cc:143: worker server started, listening on port 37831.
[2026-02-06 22:25:00,241 I 3881702 3881702] core_worker_process.cc:262: Initializing worker at address: 172.28.6.5:37831 worker_id=039fa4adc431b2aea8ad0e11d17ff2918926f7ebf045938e10e3ca20 node_id=45b45d6a05722e1aaaa3ceb67d240de1b43438b1dc0815f6981b43ce
[2026-02-06 22:25:00,242 I 3881702 3881702] task_event_buffer.cc:480: Reporting task events to GCS every 1000ms.
[2026-02-06 22:25:00,243 I 3881702 3881702] core_worker.cc:515: Adjusted worker niceness to 15
[2026-02-06 22:25:00,243 I 3881702 3881702] metrics_agent_client.cc:45: Initializing exporter ...
[2026-02-06 22:25:00,243 I 3881702 3882202] core_worker.cc:455: Event stats:


Global stats: 12 total (10 active)
Queueing time: mean = 0.03ms, max = 0.32ms, min = 0.02ms, total = 0.33ms
Execution time:  mean = 0.00ms, total = 0.05ms
Event stats:
	PeriodicalRunner.RunFnPeriodically - 7 total (5 active, 1 running), Execution time: mean = 0.01ms, total = 0.05ms, Queueing time: mean = 0.05ms, max = 0.32ms, min = 0.02ms, total = 0.33ms
	ray::rpc::WorkerInfoGcsService.grpc_client.AddWorkerInfo - 1 total (1 active), Execution time: mean = 0.00ms, total = 0.00ms, Queueing time: mean = 0.00ms, max = -0.00ms, min = 9223372036854.78ms, total = 0.00ms
	Publisher.CheckDeadSubscribers - 1 total (1 active), Execution time: mean = 0.00ms, total = 0.00ms, Queueing time: mean = 0.00ms, max = -0.00ms, min = 9223372036854.78ms, total = 0.00ms
	ray::rpc::InternalPubSubGcsService.grpc_client.GcsSubscriberCommandBatch - 1 total (1 active), Execution time: mean = 0.00ms, total = 0.00ms, Queueing time: mean = 0.00ms, max = -0.00ms, min = 9223372036854.78ms, total = 0.00ms
	ray::rpc::InternalPubSubGcsService.grpc_client.GcsSubscriberPoll - 1 total (1 active), Execution time: mean = 0.00ms, total = 0.00ms, Queueing time: mean = 0.00ms, max = -0.00ms, min = 9223372036854.78ms, total = 0.00ms
	CoreWorker.ExitIfParentRayletDies - 1 total (1 active), Execution time: mean = 0.00ms, total = 0.00ms, Queueing time: mean = 0.00ms, max = -0.00ms, min = 9223372036854.78ms, total = 0.00ms

-----------------
Task execution event stats:

Global stats: 0 total (0 active)
Queueing time: mean = -nanms, max = -0.00ms, min = 9223372036854.78ms, total = 0.00ms
Execution time:  mean = -nanms, total = 0.00ms
Event stats:

-----------------
Task Event stats:

IO Service Stats:

Global stats: 1 total (1 active)
Queueing time: mean = 0.00ms, max = -0.00ms, min = 9223372036854.78ms, total = 0.00ms
Execution time:  mean = 0.00ms, total = 0.00ms
Event stats:
	PeriodicalRunner.RunFnPeriodically - 1 total (1 active), Execution time: mean = 0.00ms, total = 0.00ms, Queueing time: mean = 0.00ms, max = -0.00ms, min = 9223372036854.78ms, total = 0.00ms
Other Stats:
	gcs_grpc_in_progress:0
	event_aggregator_grpc_in_progress:0
	current number of task status events in buffer: 0
	current number of profile events in buffer: 0
	current number of dropped task attempts tracked: 0
	total task events sent: 0 MiB
	total number of task attempts sent: 0
	total number of task attempts dropped reported: 0
	total number of sent failure: 0
	num status task events dropped: 0
	num profile task events dropped: 0
	num ray task events reported to aggregator: 0
	num ray task events failed to report to aggregator: 0
	num of task attempts dropped reported to aggregator: 0
	num of failed requests to aggregator: 0

[2026-02-06 22:25:00,245 I 3881702 3882202] accessor.cc:433: Received address and liveness notification for node, IsAlive = 1 node_id=45b45d6a05722e1aaaa3ceb67d240de1b43438b1dc0815f6981b43ce
[2026-02-06 22:25:00,245 I 3881702 3882202] normal_task_submitter.cc:840: Number of alive nodes:1
[2026-02-06 22:25:04,270 I 3881702 3882202] metrics_agent_client.cc:59: Exporter initialized.
[2026-02-06 22:25:22,861 I 3881702 3882202] accessor.cc:433: Received address and liveness notification for node, IsAlive = 0 node_id=45b45d6a05722e1aaaa3ceb67d240de1b43438b1dc0815f6981b43ce
[2026-02-06 22:25:22,861 I 3881702 3882202] core_worker.cc:740: Node failure. All objects pinned on that node will be lost if object reconstruction is not enabled. node_id=45b45d6a05722e1aaaa3ceb67d240de1b43438b1dc0815f6981b43ce
