2026-01-26 23:19:00,021	INFO monitor.py:715 -- Starting monitor using ray installation: /data1/hhc/miniconda3/envs/TROJail-test/lib/python3.12/site-packages/ray/__init__.py
2026-01-26 23:19:00,021	INFO monitor.py:716 -- Ray version: 2.53.0
2026-01-26 23:19:00,021	INFO monitor.py:717 -- Ray commit: 0de211850589aea71f842873bc32574c702ab492
2026-01-26 23:19:00,021	INFO monitor.py:718 -- Monitor started with command: ['/data1/hhc/miniconda3/envs/TROJail-test/lib/python3.12/site-packages/ray/autoscaler/_private/monitor.py', '--logs-dir=/data1/TROJail/RAGEN/temp/ray/session_2026-01-26_23-18-58_748804_2730654/logs', '--logging-rotate-bytes=536870912', '--logging-rotate-backup-count=5', '--gcs-address=172.28.6.5:60044', '--stdout-filepath=/data1/TROJail/RAGEN/temp/ray/session_2026-01-26_23-18-58_748804_2730654/logs/monitor.out', '--stderr-filepath=/data1/TROJail/RAGEN/temp/ray/session_2026-01-26_23-18-58_748804_2730654/logs/monitor.err', '--monitor-ip=172.28.6.5']
2026-01-26 23:19:00,030	INFO monitor.py:161 -- session_name: session_2026-01-26_23-18-58_748804_2730654
2026-01-26 23:19:00,032	INFO monitor.py:193 -- Starting autoscaler metrics server on port 44217
2026-01-26 23:19:00,032	ERROR monitor.py:210 -- An exception occurred while starting the metrics server.
Traceback (most recent call last):
  File "/data1/hhc/miniconda3/envs/TROJail-test/lib/python3.12/site-packages/ray/autoscaler/_private/monitor.py", line 199, in __init__
    prometheus_client.start_http_server(
  File "/data1/hhc/miniconda3/envs/TROJail-test/lib/python3.12/site-packages/prometheus_client/exposition.py", line 251, in start_wsgi_server
    httpd = make_server(addr, port, app, TmpServer, handler_class=_SilentHandler)
            ^^^^^^^^^^^^^^^^^^^^^^^^^^^^^^^^^^^^^^^^^^^^^^^^^^^^^^^^^^^^^^^^^^^^^
  File "/data1/hhc/miniconda3/envs/TROJail-test/lib/python3.12/wsgiref/simple_server.py", line 154, in make_server
    server = server_class((host, port), handler_class)
             ^^^^^^^^^^^^^^^^^^^^^^^^^^^^^^^^^^^^^^^^^
  File "/data1/hhc/miniconda3/envs/TROJail-test/lib/python3.12/socketserver.py", line 457, in __init__
    self.server_bind()
  File "/data1/hhc/miniconda3/envs/TROJail-test/lib/python3.12/wsgiref/simple_server.py", line 50, in server_bind
    HTTPServer.server_bind(self)
  File "/data1/hhc/miniconda3/envs/TROJail-test/lib/python3.12/http/server.py", line 136, in server_bind
    socketserver.TCPServer.server_bind(self)
  File "/data1/hhc/miniconda3/envs/TROJail-test/lib/python3.12/socketserver.py", line 478, in server_bind
    self.socket.bind(self.server_address)
OSError: [Errno 98] Address already in use
2026-01-26 23:19:00,035	INFO monitor.py:218 -- Monitor: Started
2026-01-26 23:19:00,046	INFO autoscaler.py:280 -- disable_node_updaters:False
2026-01-26 23:19:00,046	INFO autoscaler.py:289 -- disable_launch_config_check:True
2026-01-26 23:19:00,046	INFO autoscaler.py:301 -- foreground_node_launch:False
2026-01-26 23:19:00,046	INFO autoscaler.py:311 -- worker_liveness_check:True
2026-01-26 23:19:00,047	INFO autoscaler.py:361 -- StandardAutoscaler: {'cluster_name': 'default', 'max_workers': 0, 'upscaling_speed': 1.0, 'docker': {}, 'idle_timeout_minutes': 0, 'provider': {'type': 'readonly', 'use_node_id_as_ip': True, 'disable_launch_config_check': True}, 'auth': {}, 'available_node_types': {'ray.head.default': {'resources': {}, 'node_config': {}, 'max_workers': 0}}, 'head_node_type': 'ray.head.default', 'file_mounts': {}, 'cluster_synced_files': [], 'file_mounts_sync_continuously': False, 'rsync_exclude': [], 'rsync_filter': [], 'initialization_commands': [], 'setup_commands': [], 'head_setup_commands': [], 'worker_setup_commands': [], 'head_start_ray_commands': [], 'worker_start_ray_commands': []}
2026-01-26 23:19:00,051	INFO monitor.py:393 -- Autoscaler has not yet received load metrics. Waiting.
2026-01-26 23:19:05,056	INFO autoscaler.py:147 -- The autoscaler took 0.0 seconds to fetch the list of non-terminated nodes.
2026-01-26 23:19:05,057	INFO autoscaler.py:408 -- 
======== Autoscaler status: 2026-01-26 23:19:05.056878 ========
Node status
---------------------------------------------------------------
Active:
 1 node_e158aa1a213571185e749e821d3a113bf10f96d4d6eaa0e68c513290
Pending:
 (no pending nodes)
Recent failures:
 (no failures)

Resources
---------------------------------------------------------------
Total Usage:
 1.0/48.0 CPU
 0.0/2.0 GPU
 0B/158.22GiB memory
 0B/67.81GiB object_store_memory

From request_resources:
 (none)
Pending Demands:
 (no resource demands)
2026-01-26 23:19:05,059	INFO autoscaler.py:463 -- The autoscaler took 0.003 seconds to complete the update iteration.
2026-01-26 23:19:10,065	INFO autoscaler.py:147 -- The autoscaler took 0.0 seconds to fetch the list of non-terminated nodes.
2026-01-26 23:19:10,065	INFO autoscaler.py:408 -- 
======== Autoscaler status: 2026-01-26 23:19:10.065665 ========
Node status
---------------------------------------------------------------
Active:
 1 node_e158aa1a213571185e749e821d3a113bf10f96d4d6eaa0e68c513290
Pending:
 (no pending nodes)
Recent failures:
 (no failures)

Resources
---------------------------------------------------------------
Total Usage:
 1.0/48.0 CPU
 0.0/2.0 GPU
 0B/158.22GiB memory
 0B/67.81GiB object_store_memory

From request_resources:
 (none)
Pending Demands:
 (no resource demands)
2026-01-26 23:19:10,067	INFO autoscaler.py:463 -- The autoscaler took 0.003 seconds to complete the update iteration.
2026-01-26 23:19:15,073	INFO autoscaler.py:147 -- The autoscaler took 0.0 seconds to fetch the list of non-terminated nodes.
2026-01-26 23:19:15,074	INFO autoscaler.py:408 -- 
======== Autoscaler status: 2026-01-26 23:19:15.074023 ========
Node status
---------------------------------------------------------------
Active:
 1 node_e158aa1a213571185e749e821d3a113bf10f96d4d6eaa0e68c513290
Pending:
 (no pending nodes)
Recent failures:
 (no failures)

Resources
---------------------------------------------------------------
Total Usage:
 1.0/48.0 CPU (0.0 used of 2.0 reserved in placement groups)
 0.0/2.0 GPU (0.0 used of 2.0 reserved in placement groups)
 0B/158.22GiB memory
 0B/67.81GiB object_store_memory

From request_resources:
 (none)
Pending Demands:
 (no resource demands)
2026-01-26 23:19:15,076	INFO autoscaler.py:463 -- The autoscaler took 0.003 seconds to complete the update iteration.
2026-01-26 23:19:20,082	INFO autoscaler.py:147 -- The autoscaler took 0.0 seconds to fetch the list of non-terminated nodes.
2026-01-26 23:19:20,083	INFO autoscaler.py:408 -- 
======== Autoscaler status: 2026-01-26 23:19:20.083332 ========
Node status
---------------------------------------------------------------
Active:
 1 node_e158aa1a213571185e749e821d3a113bf10f96d4d6eaa0e68c513290
Pending:
 (no pending nodes)
Recent failures:
 (no failures)

Resources
---------------------------------------------------------------
Total Usage:
 2.0/48.0 CPU (1.0 used of 2.0 reserved in placement groups)
 1.0/2.0 GPU (1.0 used of 2.0 reserved in placement groups)
 0B/158.22GiB memory
 0B/67.81GiB object_store_memory

From request_resources:
 (none)
Pending Demands:
 (no resource demands)
2026-01-26 23:19:20,085	INFO autoscaler.py:463 -- The autoscaler took 0.003 seconds to complete the update iteration.
2026-01-26 23:19:25,091	INFO autoscaler.py:147 -- The autoscaler took 0.0 seconds to fetch the list of non-terminated nodes.
2026-01-26 23:19:25,091	INFO autoscaler.py:408 -- 
======== Autoscaler status: 2026-01-26 23:19:25.091574 ========
Node status
---------------------------------------------------------------
Active:
 1 node_e158aa1a213571185e749e821d3a113bf10f96d4d6eaa0e68c513290
Pending:
 (no pending nodes)
Recent failures:
 (no failures)

Resources
---------------------------------------------------------------
Total Usage:
 3.0/48.0 CPU (2.0 used of 2.0 reserved in placement groups)
 2.0/2.0 GPU (2.0 used of 2.0 reserved in placement groups)
 0B/158.22GiB memory
 0B/67.81GiB object_store_memory

From request_resources:
 (none)
Pending Demands:
 (no resource demands)
2026-01-26 23:19:25,093	INFO autoscaler.py:463 -- The autoscaler took 0.002 seconds to complete the update iteration.
2026-01-26 23:19:30,098	INFO autoscaler.py:147 -- The autoscaler took 0.0 seconds to fetch the list of non-terminated nodes.
2026-01-26 23:19:30,099	INFO autoscaler.py:408 -- 
======== Autoscaler status: 2026-01-26 23:19:30.098958 ========
Node status
---------------------------------------------------------------
Active:
 1 node_e158aa1a213571185e749e821d3a113bf10f96d4d6eaa0e68c513290
Pending:
 (no pending nodes)
Recent failures:
 (no failures)

Resources
---------------------------------------------------------------
Total Usage:
 3.0/48.0 CPU (2.0 used of 2.0 reserved in placement groups)
 2.0/2.0 GPU (2.0 used of 2.0 reserved in placement groups)
 0B/158.22GiB memory
 0B/67.81GiB object_store_memory

From request_resources:
 (none)
Pending Demands:
 (no resource demands)
2026-01-26 23:19:30,100	INFO autoscaler.py:463 -- The autoscaler took 0.002 seconds to complete the update iteration.
2026-01-26 23:19:35,106	INFO autoscaler.py:147 -- The autoscaler took 0.0 seconds to fetch the list of non-terminated nodes.
2026-01-26 23:19:35,106	INFO autoscaler.py:408 -- 
======== Autoscaler status: 2026-01-26 23:19:35.106696 ========
Node status
---------------------------------------------------------------
Active:
 1 node_e158aa1a213571185e749e821d3a113bf10f96d4d6eaa0e68c513290
Pending:
 (no pending nodes)
Recent failures:
 (no failures)

Resources
---------------------------------------------------------------
Total Usage:
 3.0/48.0 CPU (2.0 used of 2.0 reserved in placement groups)
 2.0/2.0 GPU (2.0 used of 2.0 reserved in placement groups)
 0B/158.22GiB memory
 0B/67.81GiB object_store_memory

From request_resources:
 (none)
Pending Demands:
 (no resource demands)
2026-01-26 23:19:35,109	INFO autoscaler.py:463 -- The autoscaler took 0.003 seconds to complete the update iteration.
2026-01-26 23:19:40,114	INFO autoscaler.py:147 -- The autoscaler took 0.0 seconds to fetch the list of non-terminated nodes.
2026-01-26 23:19:40,115	INFO autoscaler.py:408 -- 
======== Autoscaler status: 2026-01-26 23:19:40.115029 ========
Node status
---------------------------------------------------------------
Active:
 1 node_e158aa1a213571185e749e821d3a113bf10f96d4d6eaa0e68c513290
Pending:
 (no pending nodes)
Recent failures:
 (no failures)

Resources
---------------------------------------------------------------
Total Usage:
 3.0/48.0 CPU (2.0 used of 2.0 reserved in placement groups)
 2.0/2.0 GPU (2.0 used of 2.0 reserved in placement groups)
 0B/158.22GiB memory
 0B/67.81GiB object_store_memory

From request_resources:
 (none)
Pending Demands:
 (no resource demands)
2026-01-26 23:19:40,117	INFO autoscaler.py:463 -- The autoscaler took 0.002 seconds to complete the update iteration.
2026-01-26 23:19:45,122	INFO autoscaler.py:147 -- The autoscaler took 0.0 seconds to fetch the list of non-terminated nodes.
2026-01-26 23:19:45,123	INFO autoscaler.py:408 -- 
======== Autoscaler status: 2026-01-26 23:19:45.123206 ========
Node status
---------------------------------------------------------------
Active:
 1 node_e158aa1a213571185e749e821d3a113bf10f96d4d6eaa0e68c513290
Pending:
 (no pending nodes)
Recent failures:
 (no failures)

Resources
---------------------------------------------------------------
Total Usage:
 3.0/48.0 CPU (2.0 used of 2.0 reserved in placement groups)
 2.0/2.0 GPU (2.0 used of 2.0 reserved in placement groups)
 0B/158.22GiB memory
 0B/67.81GiB object_store_memory

From request_resources:
 (none)
Pending Demands:
 (no resource demands)
2026-01-26 23:19:45,125	INFO autoscaler.py:463 -- The autoscaler took 0.002 seconds to complete the update iteration.
2026-01-26 23:19:50,131	INFO autoscaler.py:147 -- The autoscaler took 0.0 seconds to fetch the list of non-terminated nodes.
2026-01-26 23:19:50,131	INFO autoscaler.py:408 -- 
======== Autoscaler status: 2026-01-26 23:19:50.131388 ========
Node status
---------------------------------------------------------------
Active:
 1 node_e158aa1a213571185e749e821d3a113bf10f96d4d6eaa0e68c513290
Pending:
 (no pending nodes)
Recent failures:
 (no failures)

Resources
---------------------------------------------------------------
Total Usage:
 3.0/48.0 CPU (2.0 used of 2.0 reserved in placement groups)
 2.0/2.0 GPU (2.0 used of 2.0 reserved in placement groups)
 0B/158.22GiB memory
 0B/67.81GiB object_store_memory

From request_resources:
 (none)
Pending Demands:
 (no resource demands)
2026-01-26 23:19:50,133	INFO autoscaler.py:463 -- The autoscaler took 0.002 seconds to complete the update iteration.
2026-01-26 23:19:55,138	INFO autoscaler.py:147 -- The autoscaler took 0.0 seconds to fetch the list of non-terminated nodes.
2026-01-26 23:19:55,139	INFO autoscaler.py:408 -- 
======== Autoscaler status: 2026-01-26 23:19:55.139170 ========
Node status
---------------------------------------------------------------
Active:
 1 node_e158aa1a213571185e749e821d3a113bf10f96d4d6eaa0e68c513290
Pending:
 (no pending nodes)
Recent failures:
 (no failures)

Resources
---------------------------------------------------------------
Total Usage:
 3.0/48.0 CPU (2.0 used of 2.0 reserved in placement groups)
 2.0/2.0 GPU (2.0 used of 2.0 reserved in placement groups)
 0B/158.22GiB memory
 0B/67.81GiB object_store_memory

From request_resources:
 (none)
Pending Demands:
 (no resource demands)
2026-01-26 23:19:55,141	INFO autoscaler.py:463 -- The autoscaler took 0.002 seconds to complete the update iteration.
2026-01-26 23:20:00,146	INFO autoscaler.py:147 -- The autoscaler took 0.0 seconds to fetch the list of non-terminated nodes.
2026-01-26 23:20:00,147	INFO autoscaler.py:408 -- 
======== Autoscaler status: 2026-01-26 23:20:00.146993 ========
Node status
---------------------------------------------------------------
Active:
 1 node_e158aa1a213571185e749e821d3a113bf10f96d4d6eaa0e68c513290
Pending:
 (no pending nodes)
Recent failures:
 (no failures)

Resources
---------------------------------------------------------------
Total Usage:
 3.0/48.0 CPU (2.0 used of 2.0 reserved in placement groups)
 2.0/2.0 GPU (2.0 used of 2.0 reserved in placement groups)
 0B/158.22GiB memory
 0B/67.81GiB object_store_memory

From request_resources:
 (none)
Pending Demands:
 (no resource demands)
2026-01-26 23:20:00,149	INFO autoscaler.py:463 -- The autoscaler took 0.002 seconds to complete the update iteration.
2026-01-26 23:20:05,154	INFO autoscaler.py:147 -- The autoscaler took 0.0 seconds to fetch the list of non-terminated nodes.
2026-01-26 23:20:05,155	INFO autoscaler.py:408 -- 
======== Autoscaler status: 2026-01-26 23:20:05.154901 ========
Node status
---------------------------------------------------------------
Active:
 1 node_e158aa1a213571185e749e821d3a113bf10f96d4d6eaa0e68c513290
Pending:
 (no pending nodes)
Recent failures:
 (no failures)

Resources
---------------------------------------------------------------
Total Usage:
 3.0/48.0 CPU (2.0 used of 2.0 reserved in placement groups)
 2.0/2.0 GPU (2.0 used of 2.0 reserved in placement groups)
 0B/158.22GiB memory
 0B/67.81GiB object_store_memory

From request_resources:
 (none)
Pending Demands:
 (no resource demands)
2026-01-26 23:20:05,157	INFO autoscaler.py:463 -- The autoscaler took 0.003 seconds to complete the update iteration.
2026-01-26 23:20:10,162	INFO autoscaler.py:147 -- The autoscaler took 0.0 seconds to fetch the list of non-terminated nodes.
2026-01-26 23:20:10,163	INFO autoscaler.py:408 -- 
======== Autoscaler status: 2026-01-26 23:20:10.163076 ========
Node status
---------------------------------------------------------------
Active:
 1 node_e158aa1a213571185e749e821d3a113bf10f96d4d6eaa0e68c513290
Pending:
 (no pending nodes)
Recent failures:
 (no failures)

Resources
---------------------------------------------------------------
Total Usage:
 3.0/48.0 CPU (2.0 used of 2.0 reserved in placement groups)
 2.0/2.0 GPU (2.0 used of 2.0 reserved in placement groups)
 0B/158.22GiB memory
 0B/67.81GiB object_store_memory

From request_resources:
 (none)
Pending Demands:
 (no resource demands)
2026-01-26 23:20:10,164	INFO autoscaler.py:463 -- The autoscaler took 0.002 seconds to complete the update iteration.
2026-01-26 23:20:15,170	INFO autoscaler.py:147 -- The autoscaler took 0.0 seconds to fetch the list of non-terminated nodes.
2026-01-26 23:20:15,171	INFO autoscaler.py:408 -- 
======== Autoscaler status: 2026-01-26 23:20:15.170803 ========
Node status
---------------------------------------------------------------
Active:
 1 node_e158aa1a213571185e749e821d3a113bf10f96d4d6eaa0e68c513290
Pending:
 (no pending nodes)
Recent failures:
 (no failures)

Resources
---------------------------------------------------------------
Total Usage:
 3.0/48.0 CPU (2.0 used of 2.0 reserved in placement groups)
 2.0/2.0 GPU (2.0 used of 2.0 reserved in placement groups)
 0B/158.22GiB memory
 0B/67.81GiB object_store_memory

From request_resources:
 (none)
Pending Demands:
 (no resource demands)
2026-01-26 23:20:15,172	INFO autoscaler.py:463 -- The autoscaler took 0.002 seconds to complete the update iteration.
2026-01-26 23:20:20,178	INFO autoscaler.py:147 -- The autoscaler took 0.0 seconds to fetch the list of non-terminated nodes.
2026-01-26 23:20:20,179	INFO autoscaler.py:408 -- 
======== Autoscaler status: 2026-01-26 23:20:20.178792 ========
Node status
---------------------------------------------------------------
Active:
 1 node_e158aa1a213571185e749e821d3a113bf10f96d4d6eaa0e68c513290
Pending:
 (no pending nodes)
Recent failures:
 (no failures)

Resources
---------------------------------------------------------------
Total Usage:
 3.0/48.0 CPU (2.0 used of 2.0 reserved in placement groups)
 2.0/2.0 GPU (2.0 used of 2.0 reserved in placement groups)
 0B/158.22GiB memory
 0B/67.81GiB object_store_memory

From request_resources:
 (none)
Pending Demands:
 (no resource demands)
2026-01-26 23:20:20,180	INFO autoscaler.py:463 -- The autoscaler took 0.002 seconds to complete the update iteration.
2026-01-26 23:20:25,186	INFO autoscaler.py:147 -- The autoscaler took 0.0 seconds to fetch the list of non-terminated nodes.
2026-01-26 23:20:25,186	INFO autoscaler.py:408 -- 
======== Autoscaler status: 2026-01-26 23:20:25.186562 ========
Node status
---------------------------------------------------------------
Active:
 1 node_e158aa1a213571185e749e821d3a113bf10f96d4d6eaa0e68c513290
Pending:
 (no pending nodes)
Recent failures:
 (no failures)

Resources
---------------------------------------------------------------
Total Usage:
 3.0/48.0 CPU (2.0 used of 2.0 reserved in placement groups)
 2.0/2.0 GPU (2.0 used of 2.0 reserved in placement groups)
 0B/158.22GiB memory
 0B/67.81GiB object_store_memory

From request_resources:
 (none)
Pending Demands:
 (no resource demands)
2026-01-26 23:20:25,188	INFO autoscaler.py:463 -- The autoscaler took 0.002 seconds to complete the update iteration.
2026-01-26 23:20:30,194	INFO autoscaler.py:147 -- The autoscaler took 0.0 seconds to fetch the list of non-terminated nodes.
2026-01-26 23:20:30,194	INFO autoscaler.py:408 -- 
======== Autoscaler status: 2026-01-26 23:20:30.194581 ========
Node status
---------------------------------------------------------------
Active:
 1 node_e158aa1a213571185e749e821d3a113bf10f96d4d6eaa0e68c513290
Pending:
 (no pending nodes)
Recent failures:
 (no failures)

Resources
---------------------------------------------------------------
Total Usage:
 3.0/48.0 CPU (2.0 used of 2.0 reserved in placement groups)
 2.0/2.0 GPU (2.0 used of 2.0 reserved in placement groups)
 0B/158.22GiB memory
 0B/67.81GiB object_store_memory

From request_resources:
 (none)
Pending Demands:
 (no resource demands)
2026-01-26 23:20:30,196	INFO autoscaler.py:463 -- The autoscaler took 0.002 seconds to complete the update iteration.
2026-01-26 23:20:35,202	INFO autoscaler.py:147 -- The autoscaler took 0.0 seconds to fetch the list of non-terminated nodes.
2026-01-26 23:20:35,203	INFO autoscaler.py:408 -- 
======== Autoscaler status: 2026-01-26 23:20:35.202862 ========
Node status
---------------------------------------------------------------
Active:
 1 node_e158aa1a213571185e749e821d3a113bf10f96d4d6eaa0e68c513290
Pending:
 (no pending nodes)
Recent failures:
 (no failures)

Resources
---------------------------------------------------------------
Total Usage:
 3.0/48.0 CPU (2.0 used of 2.0 reserved in placement groups)
 2.0/2.0 GPU (2.0 used of 2.0 reserved in placement groups)
 0B/158.22GiB memory
 0B/67.81GiB object_store_memory

From request_resources:
 (none)
Pending Demands:
 (no resource demands)
2026-01-26 23:20:35,205	INFO autoscaler.py:463 -- The autoscaler took 0.003 seconds to complete the update iteration.
2026-01-26 23:20:40,211	INFO autoscaler.py:147 -- The autoscaler took 0.0 seconds to fetch the list of non-terminated nodes.
2026-01-26 23:20:40,212	INFO autoscaler.py:408 -- 
======== Autoscaler status: 2026-01-26 23:20:40.212084 ========
Node status
---------------------------------------------------------------
Active:
 1 node_e158aa1a213571185e749e821d3a113bf10f96d4d6eaa0e68c513290
Pending:
 (no pending nodes)
Recent failures:
 (no failures)

Resources
---------------------------------------------------------------
Total Usage:
 3.0/48.0 CPU (2.0 used of 2.0 reserved in placement groups)
 2.0/2.0 GPU (2.0 used of 2.0 reserved in placement groups)
 0B/158.22GiB memory
 0B/67.81GiB object_store_memory

From request_resources:
 (none)
Pending Demands:
 (no resource demands)
2026-01-26 23:20:40,214	INFO autoscaler.py:463 -- The autoscaler took 0.003 seconds to complete the update iteration.
2026-01-26 23:20:45,220	INFO autoscaler.py:147 -- The autoscaler took 0.0 seconds to fetch the list of non-terminated nodes.
2026-01-26 23:20:45,221	INFO autoscaler.py:408 -- 
======== Autoscaler status: 2026-01-26 23:20:45.220817 ========
Node status
---------------------------------------------------------------
Active:
 1 node_e158aa1a213571185e749e821d3a113bf10f96d4d6eaa0e68c513290
Pending:
 (no pending nodes)
Recent failures:
 (no failures)

Resources
---------------------------------------------------------------
Total Usage:
 3.0/48.0 CPU (2.0 used of 2.0 reserved in placement groups)
 2.0/2.0 GPU (2.0 used of 2.0 reserved in placement groups)
 0B/158.22GiB memory
 0B/67.81GiB object_store_memory

From request_resources:
 (none)
Pending Demands:
 (no resource demands)
2026-01-26 23:20:45,223	INFO autoscaler.py:463 -- The autoscaler took 0.003 seconds to complete the update iteration.
2026-01-26 23:20:50,228	INFO autoscaler.py:147 -- The autoscaler took 0.0 seconds to fetch the list of non-terminated nodes.
2026-01-26 23:20:50,229	INFO autoscaler.py:408 -- 
======== Autoscaler status: 2026-01-26 23:20:50.229235 ========
Node status
---------------------------------------------------------------
Active:
 1 node_e158aa1a213571185e749e821d3a113bf10f96d4d6eaa0e68c513290
Pending:
 (no pending nodes)
Recent failures:
 (no failures)

Resources
---------------------------------------------------------------
Total Usage:
 3.0/48.0 CPU (2.0 used of 2.0 reserved in placement groups)
 2.0/2.0 GPU (2.0 used of 2.0 reserved in placement groups)
 0B/158.22GiB memory
 0B/67.81GiB object_store_memory

From request_resources:
 (none)
Pending Demands:
 (no resource demands)
2026-01-26 23:20:50,231	INFO autoscaler.py:463 -- The autoscaler took 0.002 seconds to complete the update iteration.
2026-01-26 23:20:55,237	INFO autoscaler.py:147 -- The autoscaler took 0.0 seconds to fetch the list of non-terminated nodes.
2026-01-26 23:20:55,238	INFO autoscaler.py:408 -- 
======== Autoscaler status: 2026-01-26 23:20:55.237808 ========
Node status
---------------------------------------------------------------
Active:
 1 node_e158aa1a213571185e749e821d3a113bf10f96d4d6eaa0e68c513290
Pending:
 (no pending nodes)
Recent failures:
 (no failures)

Resources
---------------------------------------------------------------
Total Usage:
 3.0/48.0 CPU (2.0 used of 2.0 reserved in placement groups)
 2.0/2.0 GPU (2.0 used of 2.0 reserved in placement groups)
 0B/158.22GiB memory
 0B/67.81GiB object_store_memory

From request_resources:
 (none)
Pending Demands:
 (no resource demands)
2026-01-26 23:20:55,239	INFO autoscaler.py:463 -- The autoscaler took 0.003 seconds to complete the update iteration.
2026-01-26 23:21:00,246	INFO autoscaler.py:147 -- The autoscaler took 0.0 seconds to fetch the list of non-terminated nodes.
2026-01-26 23:21:00,246	INFO autoscaler.py:408 -- 
======== Autoscaler status: 2026-01-26 23:21:00.246510 ========
Node status
---------------------------------------------------------------
Active:
 1 node_e158aa1a213571185e749e821d3a113bf10f96d4d6eaa0e68c513290
Pending:
 (no pending nodes)
Recent failures:
 (no failures)

Resources
---------------------------------------------------------------
Total Usage:
 3.0/48.0 CPU (2.0 used of 2.0 reserved in placement groups)
 2.0/2.0 GPU (2.0 used of 2.0 reserved in placement groups)
 0B/158.22GiB memory
 0B/67.81GiB object_store_memory

From request_resources:
 (none)
Pending Demands:
 (no resource demands)
2026-01-26 23:21:00,248	INFO autoscaler.py:463 -- The autoscaler took 0.003 seconds to complete the update iteration.
2026-01-26 23:21:05,254	INFO autoscaler.py:147 -- The autoscaler took 0.0 seconds to fetch the list of non-terminated nodes.
2026-01-26 23:21:05,255	INFO autoscaler.py:408 -- 
======== Autoscaler status: 2026-01-26 23:21:05.255098 ========
Node status
---------------------------------------------------------------
Active:
 1 node_e158aa1a213571185e749e821d3a113bf10f96d4d6eaa0e68c513290
Pending:
 (no pending nodes)
Recent failures:
 (no failures)

Resources
---------------------------------------------------------------
Total Usage:
 3.0/48.0 CPU (2.0 used of 2.0 reserved in placement groups)
 2.0/2.0 GPU (2.0 used of 2.0 reserved in placement groups)
 0B/158.22GiB memory
 0B/67.81GiB object_store_memory

From request_resources:
 (none)
Pending Demands:
 (no resource demands)
2026-01-26 23:21:05,257	INFO autoscaler.py:463 -- The autoscaler took 0.003 seconds to complete the update iteration.
2026-01-26 23:21:10,263	INFO autoscaler.py:147 -- The autoscaler took 0.0 seconds to fetch the list of non-terminated nodes.
2026-01-26 23:21:10,264	INFO autoscaler.py:408 -- 
======== Autoscaler status: 2026-01-26 23:21:10.263995 ========
Node status
---------------------------------------------------------------
Active:
 1 node_e158aa1a213571185e749e821d3a113bf10f96d4d6eaa0e68c513290
Pending:
 (no pending nodes)
Recent failures:
 (no failures)

Resources
---------------------------------------------------------------
Total Usage:
 3.0/48.0 CPU (2.0 used of 2.0 reserved in placement groups)
 2.0/2.0 GPU (2.0 used of 2.0 reserved in placement groups)
 0B/158.22GiB memory
 0B/67.81GiB object_store_memory

From request_resources:
 (none)
Pending Demands:
 (no resource demands)
2026-01-26 23:21:10,266	INFO autoscaler.py:463 -- The autoscaler took 0.003 seconds to complete the update iteration.
2026-01-26 23:21:15,272	INFO autoscaler.py:147 -- The autoscaler took 0.0 seconds to fetch the list of non-terminated nodes.
2026-01-26 23:21:15,272	INFO autoscaler.py:408 -- 
======== Autoscaler status: 2026-01-26 23:21:15.272546 ========
Node status
---------------------------------------------------------------
Active:
 1 node_e158aa1a213571185e749e821d3a113bf10f96d4d6eaa0e68c513290
Pending:
 (no pending nodes)
Recent failures:
 (no failures)

Resources
---------------------------------------------------------------
Total Usage:
 3.0/48.0 CPU (2.0 used of 2.0 reserved in placement groups)
 2.0/2.0 GPU (2.0 used of 2.0 reserved in placement groups)
 0B/158.22GiB memory
 0B/67.81GiB object_store_memory

From request_resources:
 (none)
Pending Demands:
 (no resource demands)
2026-01-26 23:21:15,274	INFO autoscaler.py:463 -- The autoscaler took 0.003 seconds to complete the update iteration.
2026-01-26 23:21:20,280	INFO autoscaler.py:147 -- The autoscaler took 0.0 seconds to fetch the list of non-terminated nodes.
2026-01-26 23:21:20,281	INFO autoscaler.py:408 -- 
======== Autoscaler status: 2026-01-26 23:21:20.280977 ========
Node status
---------------------------------------------------------------
Active:
 1 node_e158aa1a213571185e749e821d3a113bf10f96d4d6eaa0e68c513290
Pending:
 (no pending nodes)
Recent failures:
 (no failures)

Resources
---------------------------------------------------------------
Total Usage:
 3.0/48.0 CPU (2.0 used of 2.0 reserved in placement groups)
 2.0/2.0 GPU (2.0 used of 2.0 reserved in placement groups)
 0B/158.22GiB memory
 0B/67.81GiB object_store_memory

From request_resources:
 (none)
Pending Demands:
 (no resource demands)
2026-01-26 23:21:20,351	INFO autoscaler.py:463 -- The autoscaler took 0.071 seconds to complete the update iteration.
2026-01-26 23:21:25,357	INFO autoscaler.py:147 -- The autoscaler took 0.0 seconds to fetch the list of non-terminated nodes.
2026-01-26 23:21:25,357	INFO autoscaler.py:408 -- 
======== Autoscaler status: 2026-01-26 23:21:25.357668 ========
Node status
---------------------------------------------------------------
Active:
 1 node_e158aa1a213571185e749e821d3a113bf10f96d4d6eaa0e68c513290
Pending:
 (no pending nodes)
Recent failures:
 (no failures)

Resources
---------------------------------------------------------------
Total Usage:
 3.0/48.0 CPU (2.0 used of 2.0 reserved in placement groups)
 2.0/2.0 GPU (2.0 used of 2.0 reserved in placement groups)
 0B/158.22GiB memory
 0B/67.81GiB object_store_memory

From request_resources:
 (none)
Pending Demands:
 (no resource demands)
2026-01-26 23:21:25,359	INFO autoscaler.py:463 -- The autoscaler took 0.002 seconds to complete the update iteration.
2026-01-26 23:21:30,365	INFO autoscaler.py:147 -- The autoscaler took 0.0 seconds to fetch the list of non-terminated nodes.
2026-01-26 23:21:30,366	INFO autoscaler.py:408 -- 
======== Autoscaler status: 2026-01-26 23:21:30.366292 ========
Node status
---------------------------------------------------------------
Active:
 1 node_e158aa1a213571185e749e821d3a113bf10f96d4d6eaa0e68c513290
Pending:
 (no pending nodes)
Recent failures:
 (no failures)

Resources
---------------------------------------------------------------
Total Usage:
 3.0/48.0 CPU (2.0 used of 2.0 reserved in placement groups)
 2.0/2.0 GPU (2.0 used of 2.0 reserved in placement groups)
 0B/158.22GiB memory
 0B/67.81GiB object_store_memory

From request_resources:
 (none)
Pending Demands:
 (no resource demands)
2026-01-26 23:21:30,368	INFO autoscaler.py:463 -- The autoscaler took 0.003 seconds to complete the update iteration.
2026-01-26 23:21:35,374	INFO autoscaler.py:147 -- The autoscaler took 0.0 seconds to fetch the list of non-terminated nodes.
2026-01-26 23:21:35,375	INFO autoscaler.py:408 -- 
======== Autoscaler status: 2026-01-26 23:21:35.374941 ========
Node status
---------------------------------------------------------------
Active:
 1 node_e158aa1a213571185e749e821d3a113bf10f96d4d6eaa0e68c513290
Pending:
 (no pending nodes)
Recent failures:
 (no failures)

Resources
---------------------------------------------------------------
Total Usage:
 3.0/48.0 CPU (2.0 used of 2.0 reserved in placement groups)
 2.0/2.0 GPU (2.0 used of 2.0 reserved in placement groups)
 0B/158.22GiB memory
 0B/67.81GiB object_store_memory

From request_resources:
 (none)
Pending Demands:
 (no resource demands)
2026-01-26 23:21:35,377	INFO autoscaler.py:463 -- The autoscaler took 0.003 seconds to complete the update iteration.
2026-01-26 23:21:40,383	INFO autoscaler.py:147 -- The autoscaler took 0.0 seconds to fetch the list of non-terminated nodes.
2026-01-26 23:21:40,384	INFO autoscaler.py:408 -- 
======== Autoscaler status: 2026-01-26 23:21:40.383799 ========
Node status
---------------------------------------------------------------
Active:
 1 node_e158aa1a213571185e749e821d3a113bf10f96d4d6eaa0e68c513290
Pending:
 (no pending nodes)
Recent failures:
 (no failures)

Resources
---------------------------------------------------------------
Total Usage:
 3.0/48.0 CPU (2.0 used of 2.0 reserved in placement groups)
 2.0/2.0 GPU (2.0 used of 2.0 reserved in placement groups)
 0B/158.22GiB memory
 0B/67.81GiB object_store_memory

From request_resources:
 (none)
Pending Demands:
 (no resource demands)
2026-01-26 23:21:40,387	INFO autoscaler.py:463 -- The autoscaler took 0.004 seconds to complete the update iteration.
2026-01-26 23:21:45,393	INFO autoscaler.py:147 -- The autoscaler took 0.0 seconds to fetch the list of non-terminated nodes.
2026-01-26 23:21:45,394	INFO autoscaler.py:408 -- 
======== Autoscaler status: 2026-01-26 23:21:45.393813 ========
Node status
---------------------------------------------------------------
Active:
 1 node_e158aa1a213571185e749e821d3a113bf10f96d4d6eaa0e68c513290
Pending:
 (no pending nodes)
Recent failures:
 (no failures)

Resources
---------------------------------------------------------------
Total Usage:
 3.0/48.0 CPU (2.0 used of 2.0 reserved in placement groups)
 2.0/2.0 GPU (2.0 used of 2.0 reserved in placement groups)
 0B/158.22GiB memory
 0B/67.81GiB object_store_memory

From request_resources:
 (none)
Pending Demands:
 (no resource demands)
2026-01-26 23:21:45,395	INFO autoscaler.py:463 -- The autoscaler took 0.003 seconds to complete the update iteration.
2026-01-26 23:21:50,402	INFO autoscaler.py:147 -- The autoscaler took 0.0 seconds to fetch the list of non-terminated nodes.
2026-01-26 23:21:50,402	INFO autoscaler.py:408 -- 
======== Autoscaler status: 2026-01-26 23:21:50.402601 ========
Node status
---------------------------------------------------------------
Active:
 1 node_e158aa1a213571185e749e821d3a113bf10f96d4d6eaa0e68c513290
Pending:
 (no pending nodes)
Recent failures:
 (no failures)

Resources
---------------------------------------------------------------
Total Usage:
 3.0/48.0 CPU (2.0 used of 2.0 reserved in placement groups)
 2.0/2.0 GPU (2.0 used of 2.0 reserved in placement groups)
 0B/158.22GiB memory
 0B/67.81GiB object_store_memory

From request_resources:
 (none)
Pending Demands:
 (no resource demands)
2026-01-26 23:21:50,404	INFO autoscaler.py:463 -- The autoscaler took 0.003 seconds to complete the update iteration.
2026-01-26 23:21:55,410	INFO autoscaler.py:147 -- The autoscaler took 0.0 seconds to fetch the list of non-terminated nodes.
2026-01-26 23:21:55,411	INFO autoscaler.py:408 -- 
======== Autoscaler status: 2026-01-26 23:21:55.411371 ========
Node status
---------------------------------------------------------------
Active:
 1 node_e158aa1a213571185e749e821d3a113bf10f96d4d6eaa0e68c513290
Pending:
 (no pending nodes)
Recent failures:
 (no failures)

Resources
---------------------------------------------------------------
Total Usage:
 3.0/48.0 CPU (2.0 used of 2.0 reserved in placement groups)
 2.0/2.0 GPU (2.0 used of 2.0 reserved in placement groups)
 0B/158.22GiB memory
 0B/67.81GiB object_store_memory

From request_resources:
 (none)
Pending Demands:
 (no resource demands)
2026-01-26 23:21:55,413	INFO autoscaler.py:463 -- The autoscaler took 0.003 seconds to complete the update iteration.
2026-01-26 23:22:00,419	INFO autoscaler.py:147 -- The autoscaler took 0.0 seconds to fetch the list of non-terminated nodes.
2026-01-26 23:22:00,419	INFO autoscaler.py:408 -- 
======== Autoscaler status: 2026-01-26 23:22:00.419361 ========
Node status
---------------------------------------------------------------
Active:
 1 node_e158aa1a213571185e749e821d3a113bf10f96d4d6eaa0e68c513290
Pending:
 (no pending nodes)
Recent failures:
 (no failures)

Resources
---------------------------------------------------------------
Total Usage:
 3.0/48.0 CPU (2.0 used of 2.0 reserved in placement groups)
 2.0/2.0 GPU (2.0 used of 2.0 reserved in placement groups)
 0B/158.22GiB memory
 0B/67.81GiB object_store_memory

From request_resources:
 (none)
Pending Demands:
 (no resource demands)
2026-01-26 23:22:00,421	INFO autoscaler.py:463 -- The autoscaler took 0.002 seconds to complete the update iteration.
2026-01-26 23:22:05,427	INFO autoscaler.py:147 -- The autoscaler took 0.0 seconds to fetch the list of non-terminated nodes.
2026-01-26 23:22:05,427	INFO autoscaler.py:408 -- 
======== Autoscaler status: 2026-01-26 23:22:05.427625 ========
Node status
---------------------------------------------------------------
Active:
 1 node_e158aa1a213571185e749e821d3a113bf10f96d4d6eaa0e68c513290
Pending:
 (no pending nodes)
Recent failures:
 (no failures)

Resources
---------------------------------------------------------------
Total Usage:
 3.0/48.0 CPU (2.0 used of 2.0 reserved in placement groups)
 2.0/2.0 GPU (2.0 used of 2.0 reserved in placement groups)
 0B/158.22GiB memory
 0B/67.81GiB object_store_memory

From request_resources:
 (none)
Pending Demands:
 (no resource demands)
2026-01-26 23:22:05,430	INFO autoscaler.py:463 -- The autoscaler took 0.003 seconds to complete the update iteration.
2026-01-26 23:22:10,436	INFO autoscaler.py:147 -- The autoscaler took 0.0 seconds to fetch the list of non-terminated nodes.
2026-01-26 23:22:10,437	INFO autoscaler.py:408 -- 
======== Autoscaler status: 2026-01-26 23:22:10.436874 ========
Node status
---------------------------------------------------------------
Active:
 1 node_e158aa1a213571185e749e821d3a113bf10f96d4d6eaa0e68c513290
Pending:
 (no pending nodes)
Recent failures:
 (no failures)

Resources
---------------------------------------------------------------
Total Usage:
 3.0/48.0 CPU (2.0 used of 2.0 reserved in placement groups)
 2.0/2.0 GPU (2.0 used of 2.0 reserved in placement groups)
 0B/158.22GiB memory
 0B/67.81GiB object_store_memory

From request_resources:
 (none)
Pending Demands:
 (no resource demands)
2026-01-26 23:22:10,439	INFO autoscaler.py:463 -- The autoscaler took 0.003 seconds to complete the update iteration.
2026-01-26 23:22:15,445	INFO autoscaler.py:147 -- The autoscaler took 0.0 seconds to fetch the list of non-terminated nodes.
2026-01-26 23:22:15,446	INFO autoscaler.py:408 -- 
======== Autoscaler status: 2026-01-26 23:22:15.446040 ========
Node status
---------------------------------------------------------------
Active:
 1 node_e158aa1a213571185e749e821d3a113bf10f96d4d6eaa0e68c513290
Pending:
 (no pending nodes)
Recent failures:
 (no failures)

Resources
---------------------------------------------------------------
Total Usage:
 3.0/48.0 CPU (2.0 used of 2.0 reserved in placement groups)
 2.0/2.0 GPU (2.0 used of 2.0 reserved in placement groups)
 0B/158.22GiB memory
 0B/67.81GiB object_store_memory

From request_resources:
 (none)
Pending Demands:
 (no resource demands)
2026-01-26 23:22:15,448	INFO autoscaler.py:463 -- The autoscaler took 0.003 seconds to complete the update iteration.
2026-01-26 23:22:20,454	INFO autoscaler.py:147 -- The autoscaler took 0.0 seconds to fetch the list of non-terminated nodes.
2026-01-26 23:22:20,455	INFO autoscaler.py:408 -- 
======== Autoscaler status: 2026-01-26 23:22:20.454871 ========
Node status
---------------------------------------------------------------
Active:
 1 node_e158aa1a213571185e749e821d3a113bf10f96d4d6eaa0e68c513290
Pending:
 (no pending nodes)
Recent failures:
 (no failures)

Resources
---------------------------------------------------------------
Total Usage:
 3.0/48.0 CPU (2.0 used of 2.0 reserved in placement groups)
 2.0/2.0 GPU (2.0 used of 2.0 reserved in placement groups)
 0B/158.22GiB memory
 0B/67.81GiB object_store_memory

From request_resources:
 (none)
Pending Demands:
 (no resource demands)
2026-01-26 23:22:20,457	INFO autoscaler.py:463 -- The autoscaler took 0.003 seconds to complete the update iteration.
2026-01-26 23:22:25,463	INFO autoscaler.py:147 -- The autoscaler took 0.0 seconds to fetch the list of non-terminated nodes.
2026-01-26 23:22:25,463	INFO autoscaler.py:408 -- 
======== Autoscaler status: 2026-01-26 23:22:25.463561 ========
Node status
---------------------------------------------------------------
Active:
 1 node_e158aa1a213571185e749e821d3a113bf10f96d4d6eaa0e68c513290
Pending:
 (no pending nodes)
Recent failures:
 (no failures)

Resources
---------------------------------------------------------------
Total Usage:
 3.0/48.0 CPU (2.0 used of 2.0 reserved in placement groups)
 2.0/2.0 GPU (2.0 used of 2.0 reserved in placement groups)
 0B/158.22GiB memory
 0B/67.81GiB object_store_memory

From request_resources:
 (none)
Pending Demands:
 (no resource demands)
2026-01-26 23:22:25,465	INFO autoscaler.py:463 -- The autoscaler took 0.003 seconds to complete the update iteration.
