[2026-01-26 23:19:02,805 I 2731938 2731938] core_worker_process.cc:777: Constructing CoreWorkerProcess. pid: 2731938
[2026-01-26 23:19:02,809 I 2731938 2731938] event.cc:499: Ray Event initialized for CORE_WORKER
[2026-01-26 23:19:02,809 I 2731938 2731938] event.cc:499: Ray Event initialized for EXPORT_TASK
[2026-01-26 23:19:02,809 I 2731938 2731938] event.cc:332: Set ray event level to warning
[2026-01-26 23:19:02,809 I 2731938 2731938] event_aggregator_client.h:50: Initiating the local event aggregator client with port: 47794
[2026-01-26 23:19:02,811 I 2731938 2731938] grpc_server.cc:143: worker server started, listening on port 35165.
[2026-01-26 23:19:02,826 I 2731938 2731938] core_worker_process.cc:262: Initializing worker at address: 172.28.6.5:35165 worker_id=5a17790cc665c3b53745585a1d943c73070f0b07e5a673811b94a0d2 node_id=e158aa1a213571185e749e821d3a113bf10f96d4d6eaa0e68c513290
[2026-01-26 23:19:02,827 I 2731938 2731938] task_event_buffer.cc:480: Reporting task events to GCS every 1000ms.
[2026-01-26 23:19:02,829 I 2731938 2732294] core_worker.cc:455: Event stats:


Global stats: 12 total (10 active)
Queueing time: mean = 0.01ms, max = 0.10ms, min = 0.02ms, total = 0.13ms
Execution time:  mean = 0.00ms, total = 0.03ms
Event stats:
	PeriodicalRunner.RunFnPeriodically - 7 total (5 active, 1 running), Execution time: mean = 0.00ms, total = 0.03ms, Queueing time: mean = 0.02ms, max = 0.10ms, min = 0.02ms, total = 0.13ms
	Publisher.CheckDeadSubscribers - 1 total (1 active), Execution time: mean = 0.00ms, total = 0.00ms, Queueing time: mean = 0.00ms, max = -0.00ms, min = 9223372036854.78ms, total = 0.00ms
	ray::rpc::WorkerInfoGcsService.grpc_client.AddWorkerInfo - 1 total (1 active), Execution time: mean = 0.00ms, total = 0.00ms, Queueing time: mean = 0.00ms, max = -0.00ms, min = 9223372036854.78ms, total = 0.00ms
	ray::rpc::InternalPubSubGcsService.grpc_client.GcsSubscriberCommandBatch - 1 total (1 active), Execution time: mean = 0.00ms, total = 0.00ms, Queueing time: mean = 0.00ms, max = -0.00ms, min = 9223372036854.78ms, total = 0.00ms
	ray::rpc::InternalPubSubGcsService.grpc_client.GcsSubscriberPoll - 1 total (1 active), Execution time: mean = 0.00ms, total = 0.00ms, Queueing time: mean = 0.00ms, max = -0.00ms, min = 9223372036854.78ms, total = 0.00ms
	CoreWorker.ExitIfParentRayletDies - 1 total (1 active), Execution time: mean = 0.00ms, total = 0.00ms, Queueing time: mean = 0.00ms, max = -0.00ms, min = 9223372036854.78ms, total = 0.00ms

-----------------
Task execution event stats:

Global stats: 0 total (0 active)
Queueing time: mean = -nanms, max = -0.00ms, min = 9223372036854.78ms, total = 0.00ms
Execution time:  mean = -nanms, total = 0.00ms
Event stats:

-----------------
Task Event stats:

IO Service Stats:

Global stats: 1 total (1 active)
Queueing time: mean = 0.00ms, max = -0.00ms, min = 9223372036854.78ms, total = 0.00ms
Execution time:  mean = 0.00ms, total = 0.00ms
Event stats:
	PeriodicalRunner.RunFnPeriodically - 1 total (1 active), Execution time: mean = 0.00ms, total = 0.00ms, Queueing time: mean = 0.00ms, max = -0.00ms, min = 9223372036854.78ms, total = 0.00ms
Other Stats:
	gcs_grpc_in_progress:0
	event_aggregator_grpc_in_progress:0
	current number of task status events in buffer: 0
	current number of profile events in buffer: 0
	current number of dropped task attempts tracked: 0
	total task events sent: 0 MiB
	total number of task attempts sent: 0
	total number of task attempts dropped reported: 0
	total number of sent failure: 0
	num status task events dropped: 0
	num profile task events dropped: 0
	num ray task events reported to aggregator: 0
	num ray task events failed to report to aggregator: 0
	num of task attempts dropped reported to aggregator: 0
	num of failed requests to aggregator: 0

[2026-01-26 23:19:02,829 I 2731938 2731938] core_worker.cc:515: Adjusted worker niceness to 15
[2026-01-26 23:19:02,830 I 2731938 2731938] metrics_agent_client.cc:45: Initializing exporter ...
[2026-01-26 23:19:02,830 I 2731938 2732294] accessor.cc:433: Received address and liveness notification for node, IsAlive = 1 node_id=e158aa1a213571185e749e821d3a113bf10f96d4d6eaa0e68c513290
[2026-01-26 23:19:02,830 I 2731938 2732294] normal_task_submitter.cc:840: Number of alive nodes:1
[2026-01-26 23:19:07,835 I 2731938 2732294] metrics_agent_client.cc:59: Exporter initialized.
[2026-01-26 23:20:02,829 I 2731938 2732294] core_worker.cc:455: Event stats:


Global stats: 899 total (8 active)
Queueing time: mean = 5.61ms, max = 1000.03ms, min = 0.01ms, total = 5045.49ms
Execution time:  mean = 0.09ms, total = 83.40ms
Event stats:
	CoreWorker.RecoverObjects - 600 total (1 active), Execution time: mean = 0.01ms, total = 5.75ms, Queueing time: mean = 0.06ms, max = 0.11ms, min = 0.02ms, total = 33.97ms
	NodeManagerService.grpc_client.ReportWorkerBacklog - 60 total (0 active), Execution time: mean = 0.85ms, total = 50.92ms, Queueing time: mean = 0.00ms, max = -0.00ms, min = 9223372036854.78ms, total = 0.00ms
	NodeManagerService.grpc_client.ReportWorkerBacklog.OnReplyReceived - 60 total (0 active), Execution time: mean = 0.03ms, total = 1.61ms, Queueing time: mean = 0.03ms, max = 0.06ms, min = 0.01ms, total = 1.86ms
	CoreWorker.ExitIfParentRayletDies - 60 total (1 active), Execution time: mean = 0.01ms, total = 0.68ms, Queueing time: mean = 0.05ms, max = 0.09ms, min = 0.01ms, total = 3.12ms
	CoreWorker.InternalHeartbeat - 60 total (1 active), Execution time: mean = 0.21ms, total = 12.31ms, Queueing time: mean = 0.05ms, max = 0.09ms, min = 0.01ms, total = 2.85ms
	CoreWorker.RecordMetrics - 12 total (1 active), Execution time: mean = 0.06ms, total = 0.70ms, Queueing time: mean = 0.04ms, max = 0.09ms, min = 0.01ms, total = 0.52ms
	PeriodicalRunner.RunFnPeriodically - 7 total (0 active), Execution time: mean = 0.09ms, total = 0.61ms, Queueing time: mean = 0.25ms, max = 0.61ms, min = 0.02ms, total = 1.78ms
	ReporterService.grpc_client.HealthCheck.OnReplyReceived - 6 total (0 active), Execution time: mean = 0.10ms, total = 0.59ms, Queueing time: mean = 0.03ms, max = 0.05ms, min = 0.02ms, total = 0.21ms
	CoreWorker.TryDelPendingObjectRefStreams - 6 total (1 active), Execution time: mean = 0.01ms, total = 0.03ms, Queueing time: mean = 0.03ms, max = 0.04ms, min = 0.02ms, total = 0.17ms
	ReporterService.grpc_client.HealthCheck - 6 total (0 active), Execution time: mean = 0.84ms, total = 5.04ms, Queueing time: mean = 0.00ms, max = -0.00ms, min = 9223372036854.78ms, total = 0.00ms
	MetricsAgentClient.WaitForServerReadyWithRetry - 5 total (0 active), Execution time: mean = 0.16ms, total = 0.80ms, Queueing time: mean = 1000.03ms, max = 1000.03ms, min = 1000.03ms, total = 5000.14ms
	CoreWorkerService.grpc_server.GetCoreWorkerStats - 4 total (0 active), Execution time: mean = 0.29ms, total = 1.16ms, Queueing time: mean = 0.00ms, max = -0.00ms, min = 9223372036854.78ms, total = 0.00ms
	CoreWorkerService.grpc_server.GetCoreWorkerStats.HandleRequestImpl - 4 total (0 active), Execution time: mean = 0.09ms, total = 0.36ms, Queueing time: mean = 0.02ms, max = 0.03ms, min = 0.02ms, total = 0.09ms
	ray::rpc::WorkerInfoGcsService.grpc_client.AddWorkerInfo.OnReplyReceived - 1 total (0 active), Execution time: mean = 0.02ms, total = 0.02ms, Queueing time: mean = 0.47ms, max = 0.47ms, min = 0.47ms, total = 0.47ms
	ray::rpc::InternalPubSubGcsService.grpc_client.GcsSubscriberCommandBatch - 1 total (0 active), Execution time: mean = 0.70ms, total = 0.70ms, Queueing time: mean = 0.00ms, max = -0.00ms, min = 9223372036854.78ms, total = 0.00ms
	Publisher.CheckDeadSubscribers - 1 total (1 active), Execution time: mean = 0.00ms, total = 0.00ms, Queueing time: mean = 0.00ms, max = -0.00ms, min = 9223372036854.78ms, total = 0.00ms
	ray::rpc::NodeInfoGcsService.grpc_client.GetAllNodeAddressAndLiveness.OnReplyReceived - 1 total (0 active), Execution time: mean = 0.07ms, total = 0.07ms, Queueing time: mean = 0.01ms, max = 0.01ms, min = 0.01ms, total = 0.01ms
	CoreWorker.PrintEventStats - 1 total (1 active, 1 running), Execution time: mean = 0.00ms, total = 0.00ms, Queueing time: mean = 0.00ms, max = -0.00ms, min = 9223372036854.78ms, total = 0.00ms
	ray::rpc::WorkerInfoGcsService.grpc_client.AddWorkerInfo - 1 total (0 active), Execution time: mean = 0.82ms, total = 0.82ms, Queueing time: mean = 0.00ms, max = -0.00ms, min = 9223372036854.78ms, total = 0.00ms
	ray::rpc::NodeInfoGcsService.grpc_client.GetAllNodeAddressAndLiveness - 1 total (0 active), Execution time: mean = 0.97ms, total = 0.97ms, Queueing time: mean = 0.00ms, max = -0.00ms, min = 9223372036854.78ms, total = 0.00ms
	ray::rpc::InternalPubSubGcsService.grpc_client.GcsSubscriberPoll - 1 total (1 active), Execution time: mean = 0.00ms, total = 0.00ms, Queueing time: mean = 0.00ms, max = -0.00ms, min = 9223372036854.78ms, total = 0.00ms
	ray::rpc::InternalPubSubGcsService.grpc_client.GcsSubscriberCommandBatch.OnReplyReceived - 1 total (0 active), Execution time: mean = 0.25ms, total = 0.25ms, Queueing time: mean = 0.31ms, max = 0.31ms, min = 0.31ms, total = 0.31ms

-----------------
Task execution event stats:

Global stats: 5947 total (1 active)
Queueing time: mean = 0.08ms, max = 28.73ms, min = -0.00ms, total = 479.33ms
Execution time:  mean = 0.02ms, total = 96.76ms
Event stats:
	CoreWorker.CheckSignal - 5946 total (1 active), Execution time: mean = 0.02ms, total = 96.74ms, Queueing time: mean = 0.08ms, max = 28.73ms, min = -0.00ms, total = 479.33ms
	PeriodicalRunner.RunFnPeriodically - 1 total (0 active), Execution time: mean = 0.03ms, total = 0.03ms, Queueing time: mean = 0.00ms, max = 0.00ms, min = 0.00ms, total = 0.00ms

-----------------
Task Event stats:

IO Service Stats:

Global stats: 181 total (1 active)
Queueing time: mean = 0.04ms, max = 2.21ms, min = 0.01ms, total = 7.12ms
Execution time:  mean = 0.33ms, total = 59.51ms
Event stats:
	CoreWorker.deadline_timer.flush_task_events - 60 total (1 active), Execution time: mean = 0.21ms, total = 12.61ms, Queueing time: mean = 0.05ms, max = 0.09ms, min = 0.02ms, total = 2.82ms
	ray::rpc::TaskInfoGcsService.grpc_client.AddTaskEventData.OnReplyReceived - 60 total (0 active), Execution time: mean = 0.03ms, total = 2.03ms, Queueing time: mean = 0.03ms, max = 0.06ms, min = 0.01ms, total = 2.09ms
	ray::rpc::TaskInfoGcsService.grpc_client.AddTaskEventData - 60 total (0 active), Execution time: mean = 0.74ms, total = 44.21ms, Queueing time: mean = 0.00ms, max = -0.00ms, min = 9223372036854.78ms, total = 0.00ms
	PeriodicalRunner.RunFnPeriodically - 1 total (0 active), Execution time: mean = 0.65ms, total = 0.65ms, Queueing time: mean = 2.21ms, max = 2.21ms, min = 2.21ms, total = 2.21ms
Other Stats:
	gcs_grpc_in_progress:0
	event_aggregator_grpc_in_progress:0
	current number of task status events in buffer: 0
	current number of profile events in buffer: 0
	current number of dropped task attempts tracked: 0
	total task events sent: 0 MiB
	total number of task attempts sent: 0
	total number of task attempts dropped reported: 0
	total number of sent failure: 0
	num status task events dropped: 0
	num profile task events dropped: 0
	num ray task events reported to aggregator: 0
	num ray task events failed to report to aggregator: 0
	num of task attempts dropped reported to aggregator: 0
	num of failed requests to aggregator: 0

[2026-01-26 23:21:02,830 I 2731938 2732294] core_worker.cc:455: Event stats:


Global stats: 1766 total (8 active)
Queueing time: mean = 2.88ms, max = 1000.03ms, min = 0.01ms, total = 5091.21ms
Execution time:  mean = 0.08ms, total = 148.10ms
Event stats:
	CoreWorker.RecoverObjects - 1200 total (1 active), Execution time: mean = 0.01ms, total = 11.12ms, Queueing time: mean = 0.06ms, max = 0.11ms, min = 0.02ms, total = 69.04ms
	NodeManagerService.grpc_client.ReportWorkerBacklog.OnReplyReceived - 120 total (0 active), Execution time: mean = 0.03ms, total = 3.32ms, Queueing time: mean = 0.03ms, max = 0.07ms, min = 0.01ms, total = 3.94ms
	CoreWorker.InternalHeartbeat - 120 total (1 active), Execution time: mean = 0.20ms, total = 23.78ms, Queueing time: mean = 0.05ms, max = 0.12ms, min = 0.01ms, total = 6.44ms
	CoreWorker.ExitIfParentRayletDies - 120 total (1 active), Execution time: mean = 0.01ms, total = 1.32ms, Queueing time: mean = 0.06ms, max = 0.09ms, min = 0.01ms, total = 6.66ms
	NodeManagerService.grpc_client.ReportWorkerBacklog - 120 total (0 active), Execution time: mean = 0.78ms, total = 93.25ms, Queueing time: mean = 0.00ms, max = -0.00ms, min = 9223372036854.78ms, total = 0.00ms
	CoreWorker.RecordMetrics - 24 total (1 active), Execution time: mean = 0.07ms, total = 1.56ms, Queueing time: mean = 0.05ms, max = 0.09ms, min = 0.01ms, total = 1.23ms
	CoreWorker.TryDelPendingObjectRefStreams - 12 total (1 active), Execution time: mean = 0.01ms, total = 0.06ms, Queueing time: mean = 0.06ms, max = 0.19ms, min = 0.02ms, total = 0.70ms
	CoreWorkerService.grpc_server.GetCoreWorkerStats - 8 total (0 active), Execution time: mean = 0.30ms, total = 2.43ms, Queueing time: mean = 0.00ms, max = -0.00ms, min = 9223372036854.78ms, total = 0.00ms
	CoreWorkerService.grpc_server.GetCoreWorkerStats.HandleRequestImpl - 8 total (0 active), Execution time: mean = 0.09ms, total = 0.68ms, Queueing time: mean = 0.03ms, max = 0.06ms, min = 0.02ms, total = 0.21ms
	PeriodicalRunner.RunFnPeriodically - 7 total (0 active), Execution time: mean = 0.09ms, total = 0.61ms, Queueing time: mean = 0.25ms, max = 0.61ms, min = 0.02ms, total = 1.78ms
	ReporterService.grpc_client.HealthCheck.OnReplyReceived - 6 total (0 active), Execution time: mean = 0.10ms, total = 0.59ms, Queueing time: mean = 0.03ms, max = 0.05ms, min = 0.02ms, total = 0.21ms
	ReporterService.grpc_client.HealthCheck - 6 total (0 active), Execution time: mean = 0.84ms, total = 5.04ms, Queueing time: mean = 0.00ms, max = -0.00ms, min = 9223372036854.78ms, total = 0.00ms
	MetricsAgentClient.WaitForServerReadyWithRetry - 5 total (0 active), Execution time: mean = 0.16ms, total = 0.80ms, Queueing time: mean = 1000.03ms, max = 1000.03ms, min = 1000.03ms, total = 5000.14ms
	CoreWorker.PrintEventStats - 2 total (1 active, 1 running), Execution time: mean = 0.35ms, total = 0.70ms, Queueing time: mean = 0.03ms, max = 0.07ms, min = 0.07ms, total = 0.07ms
	Publisher.CheckDeadSubscribers - 1 total (1 active), Execution time: mean = 0.00ms, total = 0.00ms, Queueing time: mean = 0.00ms, max = -0.00ms, min = 9223372036854.78ms, total = 0.00ms
	ray::rpc::WorkerInfoGcsService.grpc_client.AddWorkerInfo.OnReplyReceived - 1 total (0 active), Execution time: mean = 0.02ms, total = 0.02ms, Queueing time: mean = 0.47ms, max = 0.47ms, min = 0.47ms, total = 0.47ms
	ray::rpc::InternalPubSubGcsService.grpc_client.GcsSubscriberCommandBatch - 1 total (0 active), Execution time: mean = 0.70ms, total = 0.70ms, Queueing time: mean = 0.00ms, max = -0.00ms, min = 9223372036854.78ms, total = 0.00ms
	ray::rpc::NodeInfoGcsService.grpc_client.GetAllNodeAddressAndLiveness.OnReplyReceived - 1 total (0 active), Execution time: mean = 0.07ms, total = 0.07ms, Queueing time: mean = 0.01ms, max = 0.01ms, min = 0.01ms, total = 0.01ms
	ray::rpc::WorkerInfoGcsService.grpc_client.AddWorkerInfo - 1 total (0 active), Execution time: mean = 0.82ms, total = 0.82ms, Queueing time: mean = 0.00ms, max = -0.00ms, min = 9223372036854.78ms, total = 0.00ms
	ray::rpc::NodeInfoGcsService.grpc_client.GetAllNodeAddressAndLiveness - 1 total (0 active), Execution time: mean = 0.97ms, total = 0.97ms, Queueing time: mean = 0.00ms, max = -0.00ms, min = 9223372036854.78ms, total = 0.00ms
	ray::rpc::InternalPubSubGcsService.grpc_client.GcsSubscriberPoll - 1 total (1 active), Execution time: mean = 0.00ms, total = 0.00ms, Queueing time: mean = 0.00ms, max = -0.00ms, min = 9223372036854.78ms, total = 0.00ms
	ray::rpc::InternalPubSubGcsService.grpc_client.GcsSubscriberCommandBatch.OnReplyReceived - 1 total (0 active), Execution time: mean = 0.25ms, total = 0.25ms, Queueing time: mean = 0.31ms, max = 0.31ms, min = 0.31ms, total = 0.31ms

-----------------
Task execution event stats:

Global stats: 11906 total (1 active)
Queueing time: mean = 0.07ms, max = 28.73ms, min = -0.00ms, total = 829.46ms
Execution time:  mean = 0.02ms, total = 187.79ms
Event stats:
	CoreWorker.CheckSignal - 11905 total (1 active), Execution time: mean = 0.02ms, total = 187.76ms, Queueing time: mean = 0.07ms, max = 28.73ms, min = -0.00ms, total = 829.46ms
	PeriodicalRunner.RunFnPeriodically - 1 total (0 active), Execution time: mean = 0.03ms, total = 0.03ms, Queueing time: mean = 0.00ms, max = 0.00ms, min = 0.00ms, total = 0.00ms

-----------------
Task Event stats:

IO Service Stats:

Global stats: 361 total (1 active)
Queueing time: mean = 0.03ms, max = 2.21ms, min = 0.01ms, total = 12.59ms
Execution time:  mean = 0.33ms, total = 118.95ms
Event stats:
	CoreWorker.deadline_timer.flush_task_events - 120 total (1 active), Execution time: mean = 0.21ms, total = 25.51ms, Queueing time: mean = 0.05ms, max = 0.09ms, min = 0.01ms, total = 5.56ms
	ray::rpc::TaskInfoGcsService.grpc_client.AddTaskEventData.OnReplyReceived - 120 total (0 active), Execution time: mean = 0.04ms, total = 4.24ms, Queueing time: mean = 0.04ms, max = 0.08ms, min = 0.01ms, total = 4.82ms
	ray::rpc::TaskInfoGcsService.grpc_client.AddTaskEventData - 120 total (0 active), Execution time: mean = 0.74ms, total = 88.55ms, Queueing time: mean = 0.00ms, max = -0.00ms, min = 9223372036854.78ms, total = 0.00ms
	PeriodicalRunner.RunFnPeriodically - 1 total (0 active), Execution time: mean = 0.65ms, total = 0.65ms, Queueing time: mean = 2.21ms, max = 2.21ms, min = 2.21ms, total = 2.21ms
Other Stats:
	gcs_grpc_in_progress:0
	event_aggregator_grpc_in_progress:0
	current number of task status events in buffer: 0
	current number of profile events in buffer: 0
	current number of dropped task attempts tracked: 0
	total task events sent: 0 MiB
	total number of task attempts sent: 0
	total number of task attempts dropped reported: 0
	total number of sent failure: 0
	num status task events dropped: 0
	num profile task events dropped: 0
	num ray task events reported to aggregator: 0
	num ray task events failed to report to aggregator: 0
	num of task attempts dropped reported to aggregator: 0
	num of failed requests to aggregator: 0

[2026-01-26 23:22:02,831 I 2731938 2732294] core_worker.cc:455: Event stats:


Global stats: 2632 total (8 active)
Queueing time: mean = 1.95ms, max = 1000.03ms, min = 0.01ms, total = 5138.24ms
Execution time:  mean = 0.08ms, total = 220.96ms
Event stats:
	CoreWorker.RecoverObjects - 1799 total (1 active), Execution time: mean = 0.01ms, total = 16.59ms, Queueing time: mean = 0.06ms, max = 0.11ms, min = 0.02ms, total = 104.62ms
	NodeManagerService.grpc_client.ReportWorkerBacklog.OnReplyReceived - 180 total (0 active), Execution time: mean = 0.03ms, total = 5.26ms, Queueing time: mean = 0.04ms, max = 0.09ms, min = 0.01ms, total = 6.44ms
	CoreWorker.InternalHeartbeat - 180 total (1 active), Execution time: mean = 0.19ms, total = 35.01ms, Queueing time: mean = 0.06ms, max = 0.12ms, min = 0.01ms, total = 10.07ms
	CoreWorker.ExitIfParentRayletDies - 180 total (1 active), Execution time: mean = 0.01ms, total = 1.99ms, Queueing time: mean = 0.06ms, max = 0.09ms, min = 0.01ms, total = 10.45ms
	NodeManagerService.grpc_client.ReportWorkerBacklog - 180 total (0 active), Execution time: mean = 0.80ms, total = 143.65ms, Queueing time: mean = 0.00ms, max = -0.00ms, min = 9223372036854.78ms, total = 0.00ms
	CoreWorker.RecordMetrics - 36 total (1 active), Execution time: mean = 0.07ms, total = 2.40ms, Queueing time: mean = 0.05ms, max = 0.09ms, min = 0.01ms, total = 1.96ms
	CoreWorker.TryDelPendingObjectRefStreams - 18 total (1 active), Execution time: mean = 0.01ms, total = 0.10ms, Queueing time: mean = 0.07ms, max = 0.36ms, min = 0.02ms, total = 1.35ms
	CoreWorkerService.grpc_server.GetCoreWorkerStats - 12 total (0 active), Execution time: mean = 0.31ms, total = 3.69ms, Queueing time: mean = 0.00ms, max = -0.00ms, min = 9223372036854.78ms, total = 0.00ms
	CoreWorkerService.grpc_server.GetCoreWorkerStats.HandleRequestImpl - 12 total (0 active), Execution time: mean = 0.09ms, total = 1.02ms, Queueing time: mean = 0.03ms, max = 0.06ms, min = 0.02ms, total = 0.32ms
	PeriodicalRunner.RunFnPeriodically - 7 total (0 active), Execution time: mean = 0.09ms, total = 0.61ms, Queueing time: mean = 0.25ms, max = 0.61ms, min = 0.02ms, total = 1.78ms
	ReporterService.grpc_client.HealthCheck.OnReplyReceived - 6 total (0 active), Execution time: mean = 0.10ms, total = 0.59ms, Queueing time: mean = 0.03ms, max = 0.05ms, min = 0.02ms, total = 0.21ms
	ReporterService.grpc_client.HealthCheck - 6 total (0 active), Execution time: mean = 0.84ms, total = 5.04ms, Queueing time: mean = 0.00ms, max = -0.00ms, min = 9223372036854.78ms, total = 0.00ms
	MetricsAgentClient.WaitForServerReadyWithRetry - 5 total (0 active), Execution time: mean = 0.16ms, total = 0.80ms, Queueing time: mean = 1000.03ms, max = 1000.03ms, min = 1000.03ms, total = 5000.14ms
	CoreWorker.PrintEventStats - 3 total (1 active, 1 running), Execution time: mean = 0.46ms, total = 1.38ms, Queueing time: mean = 0.04ms, max = 0.07ms, min = 0.05ms, total = 0.12ms
	Publisher.CheckDeadSubscribers - 1 total (1 active), Execution time: mean = 0.00ms, total = 0.00ms, Queueing time: mean = 0.00ms, max = -0.00ms, min = 9223372036854.78ms, total = 0.00ms
	ray::rpc::WorkerInfoGcsService.grpc_client.AddWorkerInfo.OnReplyReceived - 1 total (0 active), Execution time: mean = 0.02ms, total = 0.02ms, Queueing time: mean = 0.47ms, max = 0.47ms, min = 0.47ms, total = 0.47ms
	ray::rpc::InternalPubSubGcsService.grpc_client.GcsSubscriberCommandBatch - 1 total (0 active), Execution time: mean = 0.70ms, total = 0.70ms, Queueing time: mean = 0.00ms, max = -0.00ms, min = 9223372036854.78ms, total = 0.00ms
	ray::rpc::NodeInfoGcsService.grpc_client.GetAllNodeAddressAndLiveness.OnReplyReceived - 1 total (0 active), Execution time: mean = 0.07ms, total = 0.07ms, Queueing time: mean = 0.01ms, max = 0.01ms, min = 0.01ms, total = 0.01ms
	ray::rpc::WorkerInfoGcsService.grpc_client.AddWorkerInfo - 1 total (0 active), Execution time: mean = 0.82ms, total = 0.82ms, Queueing time: mean = 0.00ms, max = -0.00ms, min = 9223372036854.78ms, total = 0.00ms
	ray::rpc::NodeInfoGcsService.grpc_client.GetAllNodeAddressAndLiveness - 1 total (0 active), Execution time: mean = 0.97ms, total = 0.97ms, Queueing time: mean = 0.00ms, max = -0.00ms, min = 9223372036854.78ms, total = 0.00ms
	ray::rpc::InternalPubSubGcsService.grpc_client.GcsSubscriberPoll - 1 total (1 active), Execution time: mean = 0.00ms, total = 0.00ms, Queueing time: mean = 0.00ms, max = -0.00ms, min = 9223372036854.78ms, total = 0.00ms
	ray::rpc::InternalPubSubGcsService.grpc_client.GcsSubscriberCommandBatch.OnReplyReceived - 1 total (0 active), Execution time: mean = 0.25ms, total = 0.25ms, Queueing time: mean = 0.31ms, max = 0.31ms, min = 0.31ms, total = 0.31ms

-----------------
Task execution event stats:

Global stats: 17863 total (1 active)
Queueing time: mean = 0.07ms, max = 28.73ms, min = -0.00ms, total = 1188.44ms
Execution time:  mean = 0.02ms, total = 284.67ms
Event stats:
	CoreWorker.CheckSignal - 17862 total (1 active), Execution time: mean = 0.02ms, total = 284.65ms, Queueing time: mean = 0.07ms, max = 28.73ms, min = -0.00ms, total = 1188.43ms
	PeriodicalRunner.RunFnPeriodically - 1 total (0 active), Execution time: mean = 0.03ms, total = 0.03ms, Queueing time: mean = 0.00ms, max = 0.00ms, min = 0.00ms, total = 0.00ms

-----------------
Task Event stats:

IO Service Stats:

Global stats: 541 total (1 active)
Queueing time: mean = 0.04ms, max = 2.21ms, min = 0.01ms, total = 19.34ms
Execution time:  mean = 0.34ms, total = 185.25ms
Event stats:
	CoreWorker.deadline_timer.flush_task_events - 180 total (1 active), Execution time: mean = 0.22ms, total = 39.27ms, Queueing time: mean = 0.05ms, max = 0.10ms, min = 0.01ms, total = 9.56ms
	ray::rpc::TaskInfoGcsService.grpc_client.AddTaskEventData.OnReplyReceived - 180 total (0 active), Execution time: mean = 0.04ms, total = 6.74ms, Queueing time: mean = 0.04ms, max = 0.08ms, min = 0.01ms, total = 7.57ms
	ray::rpc::TaskInfoGcsService.grpc_client.AddTaskEventData - 180 total (0 active), Execution time: mean = 0.77ms, total = 138.59ms, Queueing time: mean = 0.00ms, max = -0.00ms, min = 9223372036854.78ms, total = 0.00ms
	PeriodicalRunner.RunFnPeriodically - 1 total (0 active), Execution time: mean = 0.65ms, total = 0.65ms, Queueing time: mean = 2.21ms, max = 2.21ms, min = 2.21ms, total = 2.21ms
Other Stats:
	gcs_grpc_in_progress:0
	event_aggregator_grpc_in_progress:0
	current number of task status events in buffer: 0
	current number of profile events in buffer: 0
	current number of dropped task attempts tracked: 0
	total task events sent: 0 MiB
	total number of task attempts sent: 0
	total number of task attempts dropped reported: 0
	total number of sent failure: 0
	num status task events dropped: 0
	num profile task events dropped: 0
	num ray task events reported to aggregator: 0
	num ray task events failed to report to aggregator: 0
	num of task attempts dropped reported to aggregator: 0
	num of failed requests to aggregator: 0

