[2026-01-26 23:19:02,992 I 2731971 2731971] core_worker_process.cc:777: Constructing CoreWorkerProcess. pid: 2731971
[2026-01-26 23:19:02,994 I 2731971 2731971] event.cc:499: Ray Event initialized for CORE_WORKER
[2026-01-26 23:19:02,994 I 2731971 2731971] event.cc:499: Ray Event initialized for EXPORT_TASK
[2026-01-26 23:19:02,994 I 2731971 2731971] event.cc:332: Set ray event level to warning
[2026-01-26 23:19:02,994 I 2731971 2731971] event_aggregator_client.h:50: Initiating the local event aggregator client with port: 47794
[2026-01-26 23:19:02,996 I 2731971 2731971] grpc_server.cc:143: worker server started, listening on port 39463.
[2026-01-26 23:19:03,006 I 2731971 2731971] core_worker_process.cc:262: Initializing worker at address: 172.28.6.5:39463 worker_id=6a8bfd1bc9717636bdb7d91e1d3a4402d2c13501c427cdc194e60537 node_id=e158aa1a213571185e749e821d3a113bf10f96d4d6eaa0e68c513290
[2026-01-26 23:19:03,006 I 2731971 2731971] task_event_buffer.cc:480: Reporting task events to GCS every 1000ms.
[2026-01-26 23:19:03,007 I 2731971 2731971] core_worker.cc:515: Adjusted worker niceness to 15
[2026-01-26 23:19:03,007 I 2731971 2731971] metrics_agent_client.cc:45: Initializing exporter ...
[2026-01-26 23:19:03,008 I 2731971 2733801] core_worker.cc:455: Event stats:


Global stats: 12 total (10 active)
Queueing time: mean = 0.01ms, max = 0.05ms, min = 0.01ms, total = 0.06ms
Execution time:  mean = 0.00ms, total = 0.06ms
Event stats:
	PeriodicalRunner.RunFnPeriodically - 7 total (5 active, 1 running), Execution time: mean = 0.01ms, total = 0.06ms, Queueing time: mean = 0.01ms, max = 0.05ms, min = 0.01ms, total = 0.06ms
	ray::rpc::InternalPubSubGcsService.grpc_client.GcsSubscriberPoll - 1 total (1 active), Execution time: mean = 0.00ms, total = 0.00ms, Queueing time: mean = 0.00ms, max = -0.00ms, min = 9223372036854.78ms, total = 0.00ms
	Publisher.CheckDeadSubscribers - 1 total (1 active), Execution time: mean = 0.00ms, total = 0.00ms, Queueing time: mean = 0.00ms, max = -0.00ms, min = 9223372036854.78ms, total = 0.00ms
	CoreWorker.ExitIfParentRayletDies - 1 total (1 active), Execution time: mean = 0.00ms, total = 0.00ms, Queueing time: mean = 0.00ms, max = -0.00ms, min = 9223372036854.78ms, total = 0.00ms
	ray::rpc::InternalPubSubGcsService.grpc_client.GcsSubscriberCommandBatch - 1 total (1 active), Execution time: mean = 0.00ms, total = 0.00ms, Queueing time: mean = 0.00ms, max = -0.00ms, min = 9223372036854.78ms, total = 0.00ms
	ray::rpc::WorkerInfoGcsService.grpc_client.AddWorkerInfo - 1 total (1 active), Execution time: mean = 0.00ms, total = 0.00ms, Queueing time: mean = 0.00ms, max = -0.00ms, min = 9223372036854.78ms, total = 0.00ms

-----------------
Task execution event stats:

Global stats: 0 total (0 active)
Queueing time: mean = -nanms, max = -0.00ms, min = 9223372036854.78ms, total = 0.00ms
Execution time:  mean = -nanms, total = 0.00ms
Event stats:

-----------------
Task Event stats:

IO Service Stats:

Global stats: 4 total (1 active)
Queueing time: mean = 0.02ms, max = 0.05ms, min = 0.02ms, total = 0.07ms
Execution time:  mean = 0.28ms, total = 1.10ms
Event stats:
	ray::rpc::TaskInfoGcsService.grpc_client.AddTaskEventData - 1 total (0 active), Execution time: mean = 0.71ms, total = 0.71ms, Queueing time: mean = 0.00ms, max = -0.00ms, min = 9223372036854.78ms, total = 0.00ms
	ray::rpc::TaskInfoGcsService.grpc_client.AddTaskEventData.OnReplyReceived - 1 total (0 active), Execution time: mean = 0.03ms, total = 0.03ms, Queueing time: mean = 0.05ms, max = 0.05ms, min = 0.05ms, total = 0.05ms
	PeriodicalRunner.RunFnPeriodically - 1 total (0 active), Execution time: mean = 0.36ms, total = 0.36ms, Queueing time: mean = 0.02ms, max = 0.02ms, min = 0.02ms, total = 0.02ms
	CoreWorker.deadline_timer.flush_task_events - 1 total (1 active), Execution time: mean = 0.00ms, total = 0.00ms, Queueing time: mean = 0.00ms, max = -0.00ms, min = 9223372036854.78ms, total = 0.00ms
Other Stats:
	gcs_grpc_in_progress:0
	event_aggregator_grpc_in_progress:0
	current number of task status events in buffer: 0
	current number of profile events in buffer: 0
	current number of dropped task attempts tracked: 0
	total task events sent: 0 MiB
	total number of task attempts sent: 0
	total number of task attempts dropped reported: 0
	total number of sent failure: 0
	num status task events dropped: 0
	num profile task events dropped: 0
	num ray task events reported to aggregator: 0
	num ray task events failed to report to aggregator: 0
	num of task attempts dropped reported to aggregator: 0
	num of failed requests to aggregator: 0

[2026-01-26 23:19:03,009 I 2731971 2733801] accessor.cc:433: Received address and liveness notification for node, IsAlive = 1 node_id=e158aa1a213571185e749e821d3a113bf10f96d4d6eaa0e68c513290
[2026-01-26 23:19:03,009 I 2731971 2733801] normal_task_submitter.cc:840: Number of alive nodes:1
[2026-01-26 23:19:07,012 I 2731971 2733801] metrics_agent_client.cc:59: Exporter initialized.
[2026-01-26 23:20:03,008 I 2731971 2733801] core_worker.cc:455: Event stats:


Global stats: 896 total (8 active)
Queueing time: mean = 4.52ms, max = 1000.02ms, min = 0.00ms, total = 4049.34ms
Execution time:  mean = 0.09ms, total = 76.50ms
Event stats:
	CoreWorker.RecoverObjects - 600 total (1 active), Execution time: mean = 0.01ms, total = 6.11ms, Queueing time: mean = 0.06ms, max = 2.01ms, min = 0.01ms, total = 36.44ms
	NodeManagerService.grpc_client.ReportWorkerBacklog - 60 total (0 active), Execution time: mean = 0.78ms, total = 46.52ms, Queueing time: mean = 0.00ms, max = -0.00ms, min = 9223372036854.78ms, total = 0.00ms
	NodeManagerService.grpc_client.ReportWorkerBacklog.OnReplyReceived - 60 total (0 active), Execution time: mean = 0.03ms, total = 1.52ms, Queueing time: mean = 0.04ms, max = 0.13ms, min = 0.01ms, total = 2.12ms
	CoreWorker.InternalHeartbeat - 60 total (1 active), Execution time: mean = 0.19ms, total = 11.45ms, Queueing time: mean = 0.05ms, max = 0.10ms, min = 0.02ms, total = 2.71ms
	CoreWorker.ExitIfParentRayletDies - 60 total (1 active), Execution time: mean = 0.01ms, total = 0.66ms, Queueing time: mean = 0.05ms, max = 0.12ms, min = 0.00ms, total = 3.02ms
	CoreWorker.RecordMetrics - 12 total (1 active), Execution time: mean = 0.05ms, total = 0.66ms, Queueing time: mean = 0.04ms, max = 0.11ms, min = 0.01ms, total = 0.46ms
	PeriodicalRunner.RunFnPeriodically - 7 total (0 active), Execution time: mean = 0.13ms, total = 0.89ms, Queueing time: mean = 0.35ms, max = 0.86ms, min = 0.01ms, total = 2.45ms
	CoreWorker.TryDelPendingObjectRefStreams - 6 total (1 active), Execution time: mean = 0.00ms, total = 0.03ms, Queueing time: mean = 0.04ms, max = 0.07ms, min = 0.02ms, total = 0.23ms
	ReporterService.grpc_client.HealthCheck - 5 total (0 active), Execution time: mean = 0.69ms, total = 3.45ms, Queueing time: mean = 0.00ms, max = -0.00ms, min = 9223372036854.78ms, total = 0.00ms
	ReporterService.grpc_client.HealthCheck.OnReplyReceived - 5 total (0 active), Execution time: mean = 0.10ms, total = 0.52ms, Queueing time: mean = 0.11ms, max = 0.40ms, min = 0.02ms, total = 0.54ms
	CoreWorkerService.grpc_server.GetCoreWorkerStats.HandleRequestImpl - 4 total (0 active), Execution time: mean = 0.15ms, total = 0.59ms, Queueing time: mean = 0.03ms, max = 0.04ms, min = 0.02ms, total = 0.11ms
	MetricsAgentClient.WaitForServerReadyWithRetry - 4 total (0 active), Execution time: mean = 0.15ms, total = 0.61ms, Queueing time: mean = 1000.02ms, max = 1000.02ms, min = 1000.02ms, total = 4000.08ms
	CoreWorkerService.grpc_server.GetCoreWorkerStats - 4 total (0 active), Execution time: mean = 0.36ms, total = 1.43ms, Queueing time: mean = 0.00ms, max = -0.00ms, min = 9223372036854.78ms, total = 0.00ms
	ray::rpc::WorkerInfoGcsService.grpc_client.AddWorkerInfo - 1 total (0 active), Execution time: mean = 0.67ms, total = 0.67ms, Queueing time: mean = 0.00ms, max = -0.00ms, min = 9223372036854.78ms, total = 0.00ms
	ray::rpc::InternalPubSubGcsService.grpc_client.GcsSubscriberCommandBatch.OnReplyReceived - 1 total (0 active), Execution time: mean = 0.20ms, total = 0.20ms, Queueing time: mean = 0.59ms, max = 0.59ms, min = 0.59ms, total = 0.59ms
	ray::rpc::InternalPubSubGcsService.grpc_client.GcsSubscriberPoll - 1 total (1 active), Execution time: mean = 0.00ms, total = 0.00ms, Queueing time: mean = 0.00ms, max = -0.00ms, min = 9223372036854.78ms, total = 0.00ms
	CoreWorker.PrintEventStats - 1 total (1 active, 1 running), Execution time: mean = 0.00ms, total = 0.00ms, Queueing time: mean = 0.00ms, max = -0.00ms, min = 9223372036854.78ms, total = 0.00ms
	ray::rpc::WorkerInfoGcsService.grpc_client.AddWorkerInfo.OnReplyReceived - 1 total (0 active), Execution time: mean = 0.04ms, total = 0.04ms, Queueing time: mean = 0.58ms, max = 0.58ms, min = 0.58ms, total = 0.58ms
	ray::rpc::NodeInfoGcsService.grpc_client.GetAllNodeAddressAndLiveness - 1 total (0 active), Execution time: mean = 0.56ms, total = 0.56ms, Queueing time: mean = 0.00ms, max = -0.00ms, min = 9223372036854.78ms, total = 0.00ms
	ray::rpc::NodeInfoGcsService.grpc_client.GetAllNodeAddressAndLiveness.OnReplyReceived - 1 total (0 active), Execution time: mean = 0.09ms, total = 0.09ms, Queueing time: mean = 0.02ms, max = 0.02ms, min = 0.02ms, total = 0.02ms
	ray::rpc::InternalPubSubGcsService.grpc_client.GcsSubscriberCommandBatch - 1 total (0 active), Execution time: mean = 0.51ms, total = 0.51ms, Queueing time: mean = 0.00ms, max = -0.00ms, min = 9223372036854.78ms, total = 0.00ms
	Publisher.CheckDeadSubscribers - 1 total (1 active), Execution time: mean = 0.00ms, total = 0.00ms, Queueing time: mean = 0.00ms, max = -0.00ms, min = 9223372036854.78ms, total = 0.00ms

-----------------
Task execution event stats:

Global stats: 5943 total (1 active)
Queueing time: mean = 0.09ms, max = 28.62ms, min = -0.00ms, total = 524.92ms
Execution time:  mean = 0.02ms, total = 95.62ms
Event stats:
	CoreWorker.CheckSignal - 5942 total (1 active), Execution time: mean = 0.02ms, total = 95.61ms, Queueing time: mean = 0.09ms, max = 28.62ms, min = -0.00ms, total = 524.91ms
	PeriodicalRunner.RunFnPeriodically - 1 total (0 active), Execution time: mean = 0.01ms, total = 0.01ms, Queueing time: mean = 0.00ms, max = 0.00ms, min = 0.00ms, total = 0.00ms

-----------------
Task Event stats:

IO Service Stats:

Global stats: 181 total (1 active)
Queueing time: mean = 0.04ms, max = 0.87ms, min = 0.01ms, total = 6.87ms
Execution time:  mean = 0.34ms, total = 61.42ms
Event stats:
	ray::rpc::TaskInfoGcsService.grpc_client.AddTaskEventData - 60 total (0 active), Execution time: mean = 0.77ms, total = 45.97ms, Queueing time: mean = 0.00ms, max = -0.00ms, min = 9223372036854.78ms, total = 0.00ms
	ray::rpc::TaskInfoGcsService.grpc_client.AddTaskEventData.OnReplyReceived - 60 total (0 active), Execution time: mean = 0.03ms, total = 1.99ms, Queueing time: mean = 0.06ms, max = 0.87ms, min = 0.01ms, total = 3.45ms
	CoreWorker.deadline_timer.flush_task_events - 60 total (1 active), Execution time: mean = 0.22ms, total = 13.10ms, Queueing time: mean = 0.06ms, max = 0.10ms, min = 0.02ms, total = 3.40ms
	PeriodicalRunner.RunFnPeriodically - 1 total (0 active), Execution time: mean = 0.36ms, total = 0.36ms, Queueing time: mean = 0.02ms, max = 0.02ms, min = 0.02ms, total = 0.02ms
Other Stats:
	gcs_grpc_in_progress:0
	event_aggregator_grpc_in_progress:0
	current number of task status events in buffer: 0
	current number of profile events in buffer: 0
	current number of dropped task attempts tracked: 0
	total task events sent: 0 MiB
	total number of task attempts sent: 0
	total number of task attempts dropped reported: 0
	total number of sent failure: 0
	num status task events dropped: 0
	num profile task events dropped: 0
	num ray task events reported to aggregator: 0
	num ray task events failed to report to aggregator: 0
	num of task attempts dropped reported to aggregator: 0
	num of failed requests to aggregator: 0

[2026-01-26 23:21:03,009 I 2731971 2733801] core_worker.cc:455: Event stats:


Global stats: 1763 total (8 active)
Queueing time: mean = 2.32ms, max = 1000.02ms, min = 0.00ms, total = 4095.47ms
Execution time:  mean = 0.08ms, total = 147.74ms
Event stats:
	CoreWorker.RecoverObjects - 1200 total (1 active), Execution time: mean = 0.01ms, total = 11.69ms, Queueing time: mean = 0.06ms, max = 2.01ms, min = 0.01ms, total = 71.84ms
	NodeManagerService.grpc_client.ReportWorkerBacklog - 120 total (0 active), Execution time: mean = 0.80ms, total = 95.61ms, Queueing time: mean = 0.00ms, max = -0.00ms, min = 9223372036854.78ms, total = 0.00ms
	CoreWorker.InternalHeartbeat - 120 total (1 active), Execution time: mean = 0.19ms, total = 22.46ms, Queueing time: mean = 0.05ms, max = 0.10ms, min = 0.02ms, total = 6.28ms
	NodeManagerService.grpc_client.ReportWorkerBacklog.OnReplyReceived - 120 total (0 active), Execution time: mean = 0.03ms, total = 3.20ms, Queueing time: mean = 0.04ms, max = 0.13ms, min = 0.01ms, total = 4.66ms
	CoreWorker.ExitIfParentRayletDies - 120 total (1 active), Execution time: mean = 0.01ms, total = 1.30ms, Queueing time: mean = 0.05ms, max = 0.12ms, min = 0.00ms, total = 6.50ms
	CoreWorker.RecordMetrics - 24 total (1 active), Execution time: mean = 0.06ms, total = 1.47ms, Queueing time: mean = 0.04ms, max = 0.11ms, min = 0.01ms, total = 1.04ms
	CoreWorker.TryDelPendingObjectRefStreams - 12 total (1 active), Execution time: mean = 0.01ms, total = 0.07ms, Queueing time: mean = 0.05ms, max = 0.09ms, min = 0.02ms, total = 0.59ms
	CoreWorkerService.grpc_server.GetCoreWorkerStats - 8 total (0 active), Execution time: mean = 0.34ms, total = 2.75ms, Queueing time: mean = 0.00ms, max = -0.00ms, min = 9223372036854.78ms, total = 0.00ms
	CoreWorkerService.grpc_server.GetCoreWorkerStats.HandleRequestImpl - 8 total (0 active), Execution time: mean = 0.12ms, total = 0.93ms, Queueing time: mean = 0.04ms, max = 0.06ms, min = 0.02ms, total = 0.28ms
	PeriodicalRunner.RunFnPeriodically - 7 total (0 active), Execution time: mean = 0.13ms, total = 0.89ms, Queueing time: mean = 0.35ms, max = 0.86ms, min = 0.01ms, total = 2.45ms
	ReporterService.grpc_client.HealthCheck - 5 total (0 active), Execution time: mean = 0.69ms, total = 3.45ms, Queueing time: mean = 0.00ms, max = -0.00ms, min = 9223372036854.78ms, total = 0.00ms
	ReporterService.grpc_client.HealthCheck.OnReplyReceived - 5 total (0 active), Execution time: mean = 0.10ms, total = 0.52ms, Queueing time: mean = 0.11ms, max = 0.40ms, min = 0.02ms, total = 0.54ms
	MetricsAgentClient.WaitForServerReadyWithRetry - 4 total (0 active), Execution time: mean = 0.15ms, total = 0.61ms, Queueing time: mean = 1000.02ms, max = 1000.02ms, min = 1000.02ms, total = 4000.08ms
	CoreWorker.PrintEventStats - 2 total (1 active, 1 running), Execution time: mean = 0.36ms, total = 0.72ms, Queueing time: mean = 0.01ms, max = 0.03ms, min = 0.03ms, total = 0.03ms
	ray::rpc::InternalPubSubGcsService.grpc_client.GcsSubscriberCommandBatch.OnReplyReceived - 1 total (0 active), Execution time: mean = 0.20ms, total = 0.20ms, Queueing time: mean = 0.59ms, max = 0.59ms, min = 0.59ms, total = 0.59ms
	ray::rpc::WorkerInfoGcsService.grpc_client.AddWorkerInfo - 1 total (0 active), Execution time: mean = 0.67ms, total = 0.67ms, Queueing time: mean = 0.00ms, max = -0.00ms, min = 9223372036854.78ms, total = 0.00ms
	ray::rpc::InternalPubSubGcsService.grpc_client.GcsSubscriberPoll - 1 total (1 active), Execution time: mean = 0.00ms, total = 0.00ms, Queueing time: mean = 0.00ms, max = -0.00ms, min = 9223372036854.78ms, total = 0.00ms
	ray::rpc::NodeInfoGcsService.grpc_client.GetAllNodeAddressAndLiveness - 1 total (0 active), Execution time: mean = 0.56ms, total = 0.56ms, Queueing time: mean = 0.00ms, max = -0.00ms, min = 9223372036854.78ms, total = 0.00ms
	ray::rpc::WorkerInfoGcsService.grpc_client.AddWorkerInfo.OnReplyReceived - 1 total (0 active), Execution time: mean = 0.04ms, total = 0.04ms, Queueing time: mean = 0.58ms, max = 0.58ms, min = 0.58ms, total = 0.58ms
	ray::rpc::NodeInfoGcsService.grpc_client.GetAllNodeAddressAndLiveness.OnReplyReceived - 1 total (0 active), Execution time: mean = 0.09ms, total = 0.09ms, Queueing time: mean = 0.02ms, max = 0.02ms, min = 0.02ms, total = 0.02ms
	Publisher.CheckDeadSubscribers - 1 total (1 active), Execution time: mean = 0.00ms, total = 0.00ms, Queueing time: mean = 0.00ms, max = -0.00ms, min = 9223372036854.78ms, total = 0.00ms
	ray::rpc::InternalPubSubGcsService.grpc_client.GcsSubscriberCommandBatch - 1 total (0 active), Execution time: mean = 0.51ms, total = 0.51ms, Queueing time: mean = 0.00ms, max = -0.00ms, min = 9223372036854.78ms, total = 0.00ms

-----------------
Task execution event stats:

Global stats: 11904 total (1 active)
Queueing time: mean = 0.07ms, max = 28.62ms, min = -0.00ms, total = 850.51ms
Execution time:  mean = 0.02ms, total = 192.01ms
Event stats:
	CoreWorker.CheckSignal - 11903 total (1 active), Execution time: mean = 0.02ms, total = 192.00ms, Queueing time: mean = 0.07ms, max = 28.62ms, min = -0.00ms, total = 850.51ms
	PeriodicalRunner.RunFnPeriodically - 1 total (0 active), Execution time: mean = 0.01ms, total = 0.01ms, Queueing time: mean = 0.00ms, max = 0.00ms, min = 0.00ms, total = 0.00ms

-----------------
Task Event stats:

IO Service Stats:

Global stats: 361 total (1 active)
Queueing time: mean = 0.04ms, max = 0.87ms, min = 0.01ms, total = 12.77ms
Execution time:  mean = 0.34ms, total = 121.40ms
Event stats:
	ray::rpc::TaskInfoGcsService.grpc_client.AddTaskEventData - 120 total (0 active), Execution time: mean = 0.76ms, total = 91.19ms, Queueing time: mean = 0.00ms, max = -0.00ms, min = 9223372036854.78ms, total = 0.00ms
	ray::rpc::TaskInfoGcsService.grpc_client.AddTaskEventData.OnReplyReceived - 120 total (0 active), Execution time: mean = 0.03ms, total = 4.14ms, Queueing time: mean = 0.05ms, max = 0.87ms, min = 0.01ms, total = 5.84ms
	CoreWorker.deadline_timer.flush_task_events - 120 total (1 active), Execution time: mean = 0.21ms, total = 25.70ms, Queueing time: mean = 0.06ms, max = 0.10ms, min = 0.02ms, total = 6.91ms
	PeriodicalRunner.RunFnPeriodically - 1 total (0 active), Execution time: mean = 0.36ms, total = 0.36ms, Queueing time: mean = 0.02ms, max = 0.02ms, min = 0.02ms, total = 0.02ms
Other Stats:
	gcs_grpc_in_progress:0
	event_aggregator_grpc_in_progress:0
	current number of task status events in buffer: 0
	current number of profile events in buffer: 0
	current number of dropped task attempts tracked: 0
	total task events sent: 0 MiB
	total number of task attempts sent: 0
	total number of task attempts dropped reported: 0
	total number of sent failure: 0
	num status task events dropped: 0
	num profile task events dropped: 0
	num ray task events reported to aggregator: 0
	num ray task events failed to report to aggregator: 0
	num of task attempts dropped reported to aggregator: 0
	num of failed requests to aggregator: 0

[2026-01-26 23:22:03,010 I 2731971 2733801] core_worker.cc:455: Event stats:


Global stats: 2629 total (8 active)
Queueing time: mean = 1.58ms, max = 1000.02ms, min = 0.00ms, total = 4141.88ms
Execution time:  mean = 0.08ms, total = 221.08ms
Event stats:
	CoreWorker.RecoverObjects - 1799 total (1 active), Execution time: mean = 0.01ms, total = 17.24ms, Queueing time: mean = 0.06ms, max = 2.01ms, min = 0.01ms, total = 106.86ms
	NodeManagerService.grpc_client.ReportWorkerBacklog - 180 total (0 active), Execution time: mean = 0.81ms, total = 146.50ms, Queueing time: mean = 0.00ms, max = -0.00ms, min = 9223372036854.78ms, total = 0.00ms
	CoreWorker.InternalHeartbeat - 180 total (1 active), Execution time: mean = 0.19ms, total = 33.59ms, Queueing time: mean = 0.06ms, max = 0.10ms, min = 0.02ms, total = 10.04ms
	NodeManagerService.grpc_client.ReportWorkerBacklog.OnReplyReceived - 180 total (0 active), Execution time: mean = 0.03ms, total = 5.07ms, Queueing time: mean = 0.04ms, max = 0.13ms, min = 0.01ms, total = 7.54ms
	CoreWorker.ExitIfParentRayletDies - 180 total (1 active), Execution time: mean = 0.01ms, total = 1.99ms, Queueing time: mean = 0.05ms, max = 0.12ms, min = 0.00ms, total = 9.81ms
	CoreWorker.RecordMetrics - 36 total (1 active), Execution time: mean = 0.06ms, total = 2.23ms, Queueing time: mean = 0.05ms, max = 0.11ms, min = 0.01ms, total = 1.75ms
	CoreWorker.TryDelPendingObjectRefStreams - 18 total (1 active), Execution time: mean = 0.01ms, total = 0.11ms, Queueing time: mean = 0.06ms, max = 0.35ms, min = 0.02ms, total = 1.11ms
	CoreWorkerService.grpc_server.GetCoreWorkerStats - 12 total (0 active), Execution time: mean = 0.35ms, total = 4.15ms, Queueing time: mean = 0.00ms, max = -0.00ms, min = 9223372036854.78ms, total = 0.00ms
	CoreWorkerService.grpc_server.GetCoreWorkerStats.HandleRequestImpl - 12 total (0 active), Execution time: mean = 0.11ms, total = 1.26ms, Queueing time: mean = 0.04ms, max = 0.06ms, min = 0.02ms, total = 0.42ms
	PeriodicalRunner.RunFnPeriodically - 7 total (0 active), Execution time: mean = 0.13ms, total = 0.89ms, Queueing time: mean = 0.35ms, max = 0.86ms, min = 0.01ms, total = 2.45ms
	ReporterService.grpc_client.HealthCheck - 5 total (0 active), Execution time: mean = 0.69ms, total = 3.45ms, Queueing time: mean = 0.00ms, max = -0.00ms, min = 9223372036854.78ms, total = 0.00ms
	ReporterService.grpc_client.HealthCheck.OnReplyReceived - 5 total (0 active), Execution time: mean = 0.10ms, total = 0.52ms, Queueing time: mean = 0.11ms, max = 0.40ms, min = 0.02ms, total = 0.54ms
	MetricsAgentClient.WaitForServerReadyWithRetry - 4 total (0 active), Execution time: mean = 0.15ms, total = 0.61ms, Queueing time: mean = 1000.02ms, max = 1000.02ms, min = 1000.02ms, total = 4000.08ms
	CoreWorker.PrintEventStats - 3 total (1 active, 1 running), Execution time: mean = 0.47ms, total = 1.41ms, Queueing time: mean = 0.03ms, max = 0.07ms, min = 0.03ms, total = 0.10ms
	ray::rpc::InternalPubSubGcsService.grpc_client.GcsSubscriberCommandBatch.OnReplyReceived - 1 total (0 active), Execution time: mean = 0.20ms, total = 0.20ms, Queueing time: mean = 0.59ms, max = 0.59ms, min = 0.59ms, total = 0.59ms
	ray::rpc::WorkerInfoGcsService.grpc_client.AddWorkerInfo - 1 total (0 active), Execution time: mean = 0.67ms, total = 0.67ms, Queueing time: mean = 0.00ms, max = -0.00ms, min = 9223372036854.78ms, total = 0.00ms
	ray::rpc::InternalPubSubGcsService.grpc_client.GcsSubscriberPoll - 1 total (1 active), Execution time: mean = 0.00ms, total = 0.00ms, Queueing time: mean = 0.00ms, max = -0.00ms, min = 9223372036854.78ms, total = 0.00ms
	ray::rpc::NodeInfoGcsService.grpc_client.GetAllNodeAddressAndLiveness - 1 total (0 active), Execution time: mean = 0.56ms, total = 0.56ms, Queueing time: mean = 0.00ms, max = -0.00ms, min = 9223372036854.78ms, total = 0.00ms
	ray::rpc::WorkerInfoGcsService.grpc_client.AddWorkerInfo.OnReplyReceived - 1 total (0 active), Execution time: mean = 0.04ms, total = 0.04ms, Queueing time: mean = 0.58ms, max = 0.58ms, min = 0.58ms, total = 0.58ms
	ray::rpc::NodeInfoGcsService.grpc_client.GetAllNodeAddressAndLiveness.OnReplyReceived - 1 total (0 active), Execution time: mean = 0.09ms, total = 0.09ms, Queueing time: mean = 0.02ms, max = 0.02ms, min = 0.02ms, total = 0.02ms
	Publisher.CheckDeadSubscribers - 1 total (1 active), Execution time: mean = 0.00ms, total = 0.00ms, Queueing time: mean = 0.00ms, max = -0.00ms, min = 9223372036854.78ms, total = 0.00ms
	ray::rpc::InternalPubSubGcsService.grpc_client.GcsSubscriberCommandBatch - 1 total (0 active), Execution time: mean = 0.51ms, total = 0.51ms, Queueing time: mean = 0.00ms, max = -0.00ms, min = 9223372036854.78ms, total = 0.00ms

-----------------
Task execution event stats:

Global stats: 17862 total (1 active)
Queueing time: mean = 0.07ms, max = 28.62ms, min = -0.00ms, total = 1203.31ms
Execution time:  mean = 0.02ms, total = 295.12ms
Event stats:
	CoreWorker.CheckSignal - 17861 total (1 active), Execution time: mean = 0.02ms, total = 295.11ms, Queueing time: mean = 0.07ms, max = 28.62ms, min = -0.00ms, total = 1203.31ms
	PeriodicalRunner.RunFnPeriodically - 1 total (0 active), Execution time: mean = 0.01ms, total = 0.01ms, Queueing time: mean = 0.00ms, max = 0.00ms, min = 0.00ms, total = 0.00ms

-----------------
Task Event stats:

IO Service Stats:

Global stats: 541 total (1 active)
Queueing time: mean = 0.04ms, max = 0.87ms, min = 0.01ms, total = 19.12ms
Execution time:  mean = 0.34ms, total = 184.75ms
Event stats:
	ray::rpc::TaskInfoGcsService.grpc_client.AddTaskEventData - 180 total (0 active), Execution time: mean = 0.78ms, total = 139.51ms, Queueing time: mean = 0.00ms, max = -0.00ms, min = 9223372036854.78ms, total = 0.00ms
	ray::rpc::TaskInfoGcsService.grpc_client.AddTaskEventData.OnReplyReceived - 180 total (0 active), Execution time: mean = 0.04ms, total = 6.46ms, Queueing time: mean = 0.05ms, max = 0.87ms, min = 0.01ms, total = 8.43ms
	CoreWorker.deadline_timer.flush_task_events - 180 total (1 active), Execution time: mean = 0.21ms, total = 38.42ms, Queueing time: mean = 0.06ms, max = 0.10ms, min = 0.02ms, total = 10.67ms
	PeriodicalRunner.RunFnPeriodically - 1 total (0 active), Execution time: mean = 0.36ms, total = 0.36ms, Queueing time: mean = 0.02ms, max = 0.02ms, min = 0.02ms, total = 0.02ms
Other Stats:
	gcs_grpc_in_progress:0
	event_aggregator_grpc_in_progress:0
	current number of task status events in buffer: 0
	current number of profile events in buffer: 0
	current number of dropped task attempts tracked: 0
	total task events sent: 0 MiB
	total number of task attempts sent: 0
	total number of task attempts dropped reported: 0
	total number of sent failure: 0
	num status task events dropped: 0
	num profile task events dropped: 0
	num ray task events reported to aggregator: 0
	num ray task events failed to report to aggregator: 0
	num of task attempts dropped reported to aggregator: 0
	num of failed requests to aggregator: 0

