[2026-01-26 23:19:15,972 I 2735468 2735468] core_worker_process.cc:777: Constructing CoreWorkerProcess. pid: 2735468
[2026-01-26 23:19:15,975 I 2735468 2735468] event.cc:499: Ray Event initialized for CORE_WORKER
[2026-01-26 23:19:15,975 I 2735468 2735468] event.cc:499: Ray Event initialized for EXPORT_TASK
[2026-01-26 23:19:15,975 I 2735468 2735468] event.cc:332: Set ray event level to warning
[2026-01-26 23:19:15,975 I 2735468 2735468] event_aggregator_client.h:50: Initiating the local event aggregator client with port: 47794
[2026-01-26 23:19:15,977 I 2735468 2735468] grpc_server.cc:143: worker server started, listening on port 41121.
[2026-01-26 23:19:15,986 I 2735468 2735468] core_worker_process.cc:262: Initializing worker at address: 172.28.6.5:41121 worker_id=292eac752fc39e44a21fcb9e01bc86bd6d104ea759e77df0cd46435d node_id=e158aa1a213571185e749e821d3a113bf10f96d4d6eaa0e68c513290
[2026-01-26 23:19:15,986 I 2735468 2735468] task_event_buffer.cc:480: Reporting task events to GCS every 1000ms.
[2026-01-26 23:19:15,987 I 2735468 2735468] core_worker.cc:515: Adjusted worker niceness to 15
[2026-01-26 23:19:15,987 I 2735468 2735468] metrics_agent_client.cc:45: Initializing exporter ...
[2026-01-26 23:19:15,988 I 2735468 2735514] core_worker.cc:455: Event stats:


Global stats: 12 total (10 active)
Queueing time: mean = 0.00ms, max = 0.04ms, min = 0.02ms, total = 0.06ms
Execution time:  mean = 0.00ms, total = 0.05ms
Event stats:
	PeriodicalRunner.RunFnPeriodically - 7 total (5 active, 1 running), Execution time: mean = 0.01ms, total = 0.05ms, Queueing time: mean = 0.01ms, max = 0.04ms, min = 0.02ms, total = 0.06ms
	Publisher.CheckDeadSubscribers - 1 total (1 active), Execution time: mean = 0.00ms, total = 0.00ms, Queueing time: mean = 0.00ms, max = -0.00ms, min = 9223372036854.78ms, total = 0.00ms
	ray::rpc::InternalPubSubGcsService.grpc_client.GcsSubscriberCommandBatch - 1 total (1 active), Execution time: mean = 0.00ms, total = 0.00ms, Queueing time: mean = 0.00ms, max = -0.00ms, min = 9223372036854.78ms, total = 0.00ms
	ray::rpc::WorkerInfoGcsService.grpc_client.AddWorkerInfo - 1 total (1 active), Execution time: mean = 0.00ms, total = 0.00ms, Queueing time: mean = 0.00ms, max = -0.00ms, min = 9223372036854.78ms, total = 0.00ms
	ray::rpc::InternalPubSubGcsService.grpc_client.GcsSubscriberPoll - 1 total (1 active), Execution time: mean = 0.00ms, total = 0.00ms, Queueing time: mean = 0.00ms, max = -0.00ms, min = 9223372036854.78ms, total = 0.00ms
	CoreWorker.ExitIfParentRayletDies - 1 total (1 active), Execution time: mean = 0.00ms, total = 0.00ms, Queueing time: mean = 0.00ms, max = -0.00ms, min = 9223372036854.78ms, total = 0.00ms

-----------------
Task execution event stats:

Global stats: 0 total (0 active)
Queueing time: mean = -nanms, max = -0.00ms, min = 9223372036854.78ms, total = 0.00ms
Execution time:  mean = -nanms, total = 0.00ms
Event stats:

-----------------
Task Event stats:

IO Service Stats:

Global stats: 4 total (1 active)
Queueing time: mean = 0.01ms, max = 0.02ms, min = 0.01ms, total = 0.03ms
Execution time:  mean = 0.27ms, total = 1.06ms
Event stats:
	ray::rpc::TaskInfoGcsService.grpc_client.AddTaskEventData - 1 total (0 active), Execution time: mean = 0.72ms, total = 0.72ms, Queueing time: mean = 0.00ms, max = -0.00ms, min = 9223372036854.78ms, total = 0.00ms
	PeriodicalRunner.RunFnPeriodically - 1 total (0 active), Execution time: mean = 0.31ms, total = 0.31ms, Queueing time: mean = 0.01ms, max = 0.01ms, min = 0.01ms, total = 0.01ms
	CoreWorker.deadline_timer.flush_task_events - 1 total (1 active), Execution time: mean = 0.00ms, total = 0.00ms, Queueing time: mean = 0.00ms, max = -0.00ms, min = 9223372036854.78ms, total = 0.00ms
	ray::rpc::TaskInfoGcsService.grpc_client.AddTaskEventData.OnReplyReceived - 1 total (0 active), Execution time: mean = 0.03ms, total = 0.03ms, Queueing time: mean = 0.02ms, max = 0.02ms, min = 0.02ms, total = 0.02ms
Other Stats:
	gcs_grpc_in_progress:0
	event_aggregator_grpc_in_progress:0
	current number of task status events in buffer: 0
	current number of profile events in buffer: 0
	current number of dropped task attempts tracked: 0
	total task events sent: 0 MiB
	total number of task attempts sent: 0
	total number of task attempts dropped reported: 0
	total number of sent failure: 0
	num status task events dropped: 0
	num profile task events dropped: 0
	num ray task events reported to aggregator: 0
	num ray task events failed to report to aggregator: 0
	num of task attempts dropped reported to aggregator: 0
	num of failed requests to aggregator: 0

[2026-01-26 23:19:15,990 I 2735468 2735514] metrics_agent_client.cc:59: Exporter initialized.
[2026-01-26 23:19:15,990 I 2735468 2735514] accessor.cc:433: Received address and liveness notification for node, IsAlive = 1 node_id=e158aa1a213571185e749e821d3a113bf10f96d4d6eaa0e68c513290
[2026-01-26 23:19:15,990 I 2735468 2735514] normal_task_submitter.cc:840: Number of alive nodes:1
[2026-01-26 23:19:15,991 I 2735468 2735468] actor_task_submitter.cc:75: Set actor max pending calls to -1 actor_id=08076cf0e4b94b081651311f01000000
[2026-01-26 23:19:15,991 I 2735468 2735468] core_worker.cc:2904: Creating actor actor_id=08076cf0e4b94b081651311f01000000
[2026-01-26 23:19:22,556 W 2735468 2735468] actor_manager.cc:110: Failed to look up actor with name 'f9VpwN_register_center'. This could because 1. You are trying to look up a named actor you didn't create. 2. The named actor died. 3. You did not use a namespace matching the namespace of the actor.
[2026-01-26 23:19:22,602 I 2735468 2735468] actor_task_submitter.cc:75: Set actor max pending calls to -1 actor_id=b2612ff29c3367ec4b9bfd6b01000000
[2026-01-26 23:19:22,606 I 2735468 2735514] actor_manager.cc:236: received notification on actor, state: PENDING_CREATION, ip address: , port: 0, num_restarts: 0, death context type=CONTEXT_NOT_SET actor_id=b2612ff29c3367ec4b9bfd6b01000000 worker_id=NIL_ID node_id=e158aa1a213571185e749e821d3a113bf10f96d4d6eaa0e68c513290
[2026-01-26 23:19:23,968 I 2735468 2735514] actor_manager.cc:236: received notification on actor, state: ALIVE, ip address: 172.28.6.5, port: 45445, num_restarts: 0, death context type=CONTEXT_NOT_SET actor_id=b2612ff29c3367ec4b9bfd6b01000000 worker_id=24127e78dc3bcbfb6eeb460887d632fed937e326f8d5f5685e945c33 node_id=e158aa1a213571185e749e821d3a113bf10f96d4d6eaa0e68c513290
[2026-01-26 23:19:31,675 I 2735468 2735468] task_receiver.cc:142: Actor creation task finished, task_id: ffffffffffffffff08076cf0e4b94b081651311f01000000, actor_id: 08076cf0e4b94b081651311f01000000, actor_repr_name: 
[2026-01-26 23:20:15,989 I 2735468 2735514] core_worker.cc:455: Event stats:


Global stats: 910 total (10 active)
Queueing time: mean = 0.18ms, max = 80.97ms, min = 0.01ms, total = 167.86ms
Execution time:  mean = 72.50ms, total = 65971.94ms
Event stats:
	CoreWorker.RecoverObjects - 599 total (1 active), Execution time: mean = 0.01ms, total = 6.28ms, Queueing time: mean = 0.25ms, max = 80.97ms, min = 0.01ms, total = 151.16ms
	NodeManagerService.grpc_client.ReportWorkerBacklog - 60 total (0 active), Execution time: mean = 2.91ms, total = 174.66ms, Queueing time: mean = 0.00ms, max = -0.00ms, min = 9223372036854.78ms, total = 0.00ms
	CoreWorker.ExitIfParentRayletDies - 60 total (1 active), Execution time: mean = 0.01ms, total = 0.76ms, Queueing time: mean = 0.06ms, max = 0.12ms, min = 0.01ms, total = 3.32ms
	NodeManagerService.grpc_client.ReportWorkerBacklog.OnReplyReceived - 60 total (0 active), Execution time: mean = 0.03ms, total = 1.75ms, Queueing time: mean = 0.04ms, max = 0.07ms, min = 0.01ms, total = 2.42ms
	CoreWorker.InternalHeartbeat - 60 total (1 active), Execution time: mean = 2.26ms, total = 135.64ms, Queueing time: mean = 0.07ms, max = 0.63ms, min = 0.02ms, total = 4.05ms
	CoreWorker.RecordMetrics - 12 total (1 active), Execution time: mean = 0.25ms, total = 3.03ms, Queueing time: mean = 0.05ms, max = 0.08ms, min = 0.02ms, total = 0.64ms
	PeriodicalRunner.RunFnPeriodically - 7 total (0 active), Execution time: mean = 0.16ms, total = 1.15ms, Queueing time: mean = 0.46ms, max = 1.13ms, min = 0.02ms, total = 3.22ms
	CoreWorker.TryDelPendingObjectRefStreams - 6 total (1 active), Execution time: mean = 0.01ms, total = 0.06ms, Queueing time: mean = 0.05ms, max = 0.09ms, min = 0.03ms, total = 0.31ms
	CoreWorkerService.grpc_server.GetCoreWorkerStats - 4 total (0 active), Execution time: mean = 0.44ms, total = 1.74ms, Queueing time: mean = 0.00ms, max = -0.00ms, min = 9223372036854.78ms, total = 0.00ms
	CoreWorkerService.grpc_server.GetCoreWorkerStats.HandleRequestImpl - 4 total (0 active), Execution time: mean = 0.14ms, total = 0.58ms, Queueing time: mean = 0.04ms, max = 0.06ms, min = 0.02ms, total = 0.16ms
	CoreWorkerService.grpc_server.PushTask - 4 total (1 active), Execution time: mean = 14071.91ms, total = 56287.63ms, Queueing time: mean = 0.00ms, max = -0.00ms, min = 9223372036854.78ms, total = 0.00ms
	CoreWorkerService.grpc_server.PushTask.HandleRequestImpl - 4 total (0 active), Execution time: mean = 0.12ms, total = 0.47ms, Queueing time: mean = 0.07ms, max = 0.14ms, min = 0.02ms, total = 0.27ms
	ray::rpc::InternalPubSubGcsService.grpc_client.GcsSubscriberPoll - 2 total (1 active), Execution time: mean = 3990.08ms, total = 7980.17ms, Queueing time: mean = 0.00ms, max = -0.00ms, min = 9223372036854.78ms, total = 0.00ms
	ray::rpc::InternalPubSubGcsService.grpc_client.GcsSubscriberCommandBatch - 2 total (0 active), Execution time: mean = 0.66ms, total = 1.31ms, Queueing time: mean = 0.00ms, max = -0.00ms, min = 9223372036854.78ms, total = 0.00ms
	ray::rpc::InternalPubSubGcsService.grpc_client.GcsSubscriberCommandBatch.OnReplyReceived - 2 total (0 active), Execution time: mean = 0.20ms, total = 0.41ms, Queueing time: mean = 0.31ms, max = 0.59ms, min = 0.04ms, total = 0.62ms
	ReporterService.grpc_client.HealthCheck - 1 total (0 active), Execution time: mean = 2.03ms, total = 2.03ms, Queueing time: mean = 0.00ms, max = -0.00ms, min = 9223372036854.78ms, total = 0.00ms
	ray::rpc::NodeInfoGcsService.grpc_client.GetAllNodeAddressAndLiveness - 1 total (0 active), Execution time: mean = 1.63ms, total = 1.63ms, Queueing time: mean = 0.00ms, max = -0.00ms, min = 9223372036854.78ms, total = 0.00ms
	ray::rpc::ActorInfoGcsService.grpc_client.GetActorInfo - 1 total (0 active), Execution time: mean = 0.61ms, total = 0.61ms, Queueing time: mean = 0.00ms, max = -0.00ms, min = 9223372036854.78ms, total = 0.00ms
	ReporterService.grpc_client.HealthCheck.OnReplyReceived - 1 total (0 active), Execution time: mean = 0.27ms, total = 0.27ms, Queueing time: mean = 0.01ms, max = 0.01ms, min = 0.01ms, total = 0.01ms
	CoreWorker.SubmitTask - 1 total (0 active), Execution time: mean = 0.17ms, total = 0.17ms, Queueing time: mean = 0.01ms, max = 0.01ms, min = 0.01ms, total = 0.01ms
	CoreWorker.PrintEventStats - 1 total (1 active, 1 running), Execution time: mean = 0.00ms, total = 0.00ms, Queueing time: mean = 0.00ms, max = -0.00ms, min = 9223372036854.78ms, total = 0.00ms
	CoreWorkerService.grpc_server.WaitForActorRefDeleted - 1 total (1 active), Execution time: mean = 0.00ms, total = 0.00ms, Queueing time: mean = 0.00ms, max = -0.00ms, min = 9223372036854.78ms, total = 0.00ms
	ray::rpc::ActorInfoGcsService.grpc_client.RegisterActor.OnReplyReceived - 1 total (0 active), Execution time: mean = 0.05ms, total = 0.05ms, Queueing time: mean = 0.04ms, max = 0.04ms, min = 0.04ms, total = 0.04ms
	CoreWorkerService.grpc_client.PushTask.OnReplyReceived - 1 total (0 active), Execution time: mean = 0.10ms, total = 0.10ms, Queueing time: mean = 0.02ms, max = 0.02ms, min = 0.02ms, total = 0.02ms
	ray::rpc::ActorInfoGcsService.grpc_client.CreateActor.OnReplyReceived - 1 total (0 active), Execution time: mean = 0.08ms, total = 0.08ms, Queueing time: mean = 0.48ms, max = 0.48ms, min = 0.48ms, total = 0.48ms
	ray::rpc::ActorInfoGcsService.grpc_client.RegisterActor - 1 total (0 active), Execution time: mean = 1.58ms, total = 1.58ms, Queueing time: mean = 0.00ms, max = -0.00ms, min = 9223372036854.78ms, total = 0.00ms
	ray::rpc::ActorInfoGcsService.grpc_client.GetNamedActorInfo - 1 total (0 active), Execution time: mean = 0.74ms, total = 0.74ms, Queueing time: mean = 0.00ms, max = -0.00ms, min = 9223372036854.78ms, total = 0.00ms
	ray::rpc::ActorInfoGcsService.grpc_client.CreateActor - 1 total (0 active), Execution time: mean = 1363.73ms, total = 1363.73ms, Queueing time: mean = 0.00ms, max = -0.00ms, min = 9223372036854.78ms, total = 0.00ms
	ray::rpc::InternalPubSubGcsService.grpc_client.GcsSubscriberPoll.OnReplyReceived - 1 total (0 active), Execution time: mean = 0.49ms, total = 0.49ms, Queueing time: mean = 0.03ms, max = 0.03ms, min = 0.03ms, total = 0.03ms
	ray::rpc::ActorInfoGcsService.grpc_client.GetNamedActorInfo.OnReplyReceived - 1 total (0 active), Execution time: mean = 0.05ms, total = 0.05ms, Queueing time: mean = 0.05ms, max = 0.05ms, min = 0.05ms, total = 0.05ms
	ray::rpc::NodeInfoGcsService.grpc_client.GetAllNodeAddressAndLiveness.OnReplyReceived - 1 total (0 active), Execution time: mean = 0.10ms, total = 0.10ms, Queueing time: mean = 0.05ms, max = 0.05ms, min = 0.05ms, total = 0.05ms
	Subscriber.HandlePublishedMessage_GCS_ACTOR_CHANNEL - 1 total (0 active), Execution time: mean = 0.59ms, total = 0.59ms, Queueing time: mean = 0.26ms, max = 0.26ms, min = 0.26ms, total = 0.26ms
	ray::rpc::WorkerInfoGcsService.grpc_client.AddWorkerInfo - 1 total (0 active), Execution time: mean = 0.80ms, total = 0.80ms, Queueing time: mean = 0.00ms, max = -0.00ms, min = 9223372036854.78ms, total = 0.00ms
	ray::rpc::ActorInfoGcsService.grpc_client.GetActorInfo.OnReplyReceived - 1 total (0 active), Execution time: mean = 1.03ms, total = 1.03ms, Queueing time: mean = 0.04ms, max = 0.04ms, min = 0.04ms, total = 0.04ms
	ActorTaskSubmitter::SubmitTask - 1 total (0 active), Execution time: mean = 0.01ms, total = 0.01ms, Queueing time: mean = 0.01ms, max = 0.01ms, min = 0.01ms, total = 0.01ms
	CoreWorkerService.grpc_server.WaitForActorRefDeleted.HandleRequestImpl - 1 total (0 active), Execution time: mean = 0.05ms, total = 0.05ms, Queueing time: mean = 0.04ms, max = 0.04ms, min = 0.04ms, total = 0.04ms
	CoreWorkerService.grpc_client.PushTask - 1 total (0 active), Execution time: mean = 2.18ms, total = 2.18ms, Queueing time: mean = 0.00ms, max = -0.00ms, min = 9223372036854.78ms, total = 0.00ms
	ray::rpc::WorkerInfoGcsService.grpc_client.AddWorkerInfo.OnReplyReceived - 1 total (0 active), Execution time: mean = 0.03ms, total = 0.03ms, Queueing time: mean = 0.66ms, max = 0.66ms, min = 0.66ms, total = 0.66ms
	Publisher.CheckDeadSubscribers - 1 total (1 active), Execution time: mean = 0.00ms, total = 0.00ms, Queueing time: mean = 0.00ms, max = -0.00ms, min = 9223372036854.78ms, total = 0.00ms

-----------------
Task execution event stats:

Global stats: 222 total (2 active)
Queueing time: mean = 253.48ms, max = 33600.60ms, min = 0.01ms, total = 56273.19ms
Execution time:  mean = 253.55ms, total = 56289.19ms
Event stats:
	CoreWorker.CheckSignal - 217 total (1 active), Execution time: mean = 0.01ms, total = 3.02ms, Queueing time: mean = 259.32ms, max = 33600.60ms, min = 0.02ms, total = 56273.11ms
	CoreWorker.HandlePushTaskActor - 3 total (1 active, 1 running), Execution time: mean = 13533.87ms, total = 40601.61ms, Queueing time: mean = 0.02ms, max = 0.04ms, min = 0.01ms, total = 0.05ms
	PeriodicalRunner.RunFnPeriodically - 1 total (0 active), Execution time: mean = 0.02ms, total = 0.02ms, Queueing time: mean = 0.01ms, max = 0.01ms, min = 0.01ms, total = 0.01ms
	CoreWorker.HandlePushTask - 1 total (0 active), Execution time: mean = 15684.54ms, total = 15684.54ms, Queueing time: mean = 0.02ms, max = 0.02ms, min = 0.02ms, total = 0.02ms

-----------------
Task Event stats:

IO Service Stats:

Global stats: 181 total (1 active)
Queueing time: mean = 0.03ms, max = 0.11ms, min = 0.01ms, total = 5.31ms
Execution time:  mean = 0.33ms, total = 60.17ms
Event stats:
	ray::rpc::TaskInfoGcsService.grpc_client.AddTaskEventData - 60 total (0 active), Execution time: mean = 0.73ms, total = 43.75ms, Queueing time: mean = 0.00ms, max = -0.00ms, min = 9223372036854.78ms, total = 0.00ms
	CoreWorker.deadline_timer.flush_task_events - 60 total (1 active), Execution time: mean = 0.23ms, total = 13.92ms, Queueing time: mean = 0.06ms, max = 0.11ms, min = 0.02ms, total = 3.40ms
	ray::rpc::TaskInfoGcsService.grpc_client.AddTaskEventData.OnReplyReceived - 60 total (0 active), Execution time: mean = 0.04ms, total = 2.19ms, Queueing time: mean = 0.03ms, max = 0.06ms, min = 0.02ms, total = 1.91ms
	PeriodicalRunner.RunFnPeriodically - 1 total (0 active), Execution time: mean = 0.31ms, total = 0.31ms, Queueing time: mean = 0.01ms, max = 0.01ms, min = 0.01ms, total = 0.01ms
Other Stats:
	gcs_grpc_in_progress:0
	event_aggregator_grpc_in_progress:0
	current number of task status events in buffer: 0
	current number of profile events in buffer: 0
	current number of dropped task attempts tracked: 0
	total task events sent: 0.00300312 MiB
	total number of task attempts sent: 13
	total number of task attempts dropped reported: 0
	total number of sent failure: 0
	num status task events dropped: 0
	num profile task events dropped: 0
	num ray task events reported to aggregator: 0
	num ray task events failed to report to aggregator: 0
	num of task attempts dropped reported to aggregator: 0
	num of failed requests to aggregator: 0

[2026-01-26 23:21:15,990 I 2735468 2735514] core_worker.cc:455: Event stats:


Global stats: 1777 total (9 active)
Queueing time: mean = 0.12ms, max = 80.97ms, min = 0.01ms, total = 211.39ms
Execution time:  mean = 39.21ms, total = 69682.94ms
Event stats:
	CoreWorker.RecoverObjects - 1199 total (1 active), Execution time: mean = 0.01ms, total = 11.74ms, Queueing time: mean = 0.15ms, max = 80.97ms, min = 0.01ms, total = 184.29ms
	NodeManagerService.grpc_client.ReportWorkerBacklog.OnReplyReceived - 120 total (0 active), Execution time: mean = 0.03ms, total = 3.69ms, Queueing time: mean = 0.04ms, max = 0.07ms, min = 0.01ms, total = 5.05ms
	CoreWorker.InternalHeartbeat - 120 total (1 active), Execution time: mean = 1.23ms, total = 147.51ms, Queueing time: mean = 0.06ms, max = 0.63ms, min = 0.02ms, total = 7.47ms
	NodeManagerService.grpc_client.ReportWorkerBacklog - 120 total (0 active), Execution time: mean = 1.88ms, total = 225.17ms, Queueing time: mean = 0.00ms, max = -0.00ms, min = 9223372036854.78ms, total = 0.00ms
	CoreWorker.ExitIfParentRayletDies - 120 total (1 active), Execution time: mean = 0.01ms, total = 1.45ms, Queueing time: mean = 0.05ms, max = 0.12ms, min = 0.01ms, total = 6.45ms
	CoreWorker.RecordMetrics - 24 total (1 active), Execution time: mean = 0.17ms, total = 4.16ms, Queueing time: mean = 0.05ms, max = 0.08ms, min = 0.02ms, total = 1.28ms
	CoreWorker.TryDelPendingObjectRefStreams - 12 total (1 active), Execution time: mean = 0.01ms, total = 0.09ms, Queueing time: mean = 0.07ms, max = 0.33ms, min = 0.02ms, total = 0.79ms
	CoreWorkerService.grpc_server.GetCoreWorkerStats.HandleRequestImpl - 8 total (0 active), Execution time: mean = 0.12ms, total = 0.97ms, Queueing time: mean = 0.03ms, max = 0.06ms, min = 0.02ms, total = 0.24ms
	CoreWorkerService.grpc_server.GetCoreWorkerStats - 8 total (0 active), Execution time: mean = 0.38ms, total = 3.05ms, Queueing time: mean = 0.00ms, max = -0.00ms, min = 9223372036854.78ms, total = 0.00ms
	PeriodicalRunner.RunFnPeriodically - 7 total (0 active), Execution time: mean = 0.16ms, total = 1.15ms, Queueing time: mean = 0.46ms, max = 1.13ms, min = 0.02ms, total = 3.22ms
	CoreWorkerService.grpc_server.PushTask.HandleRequestImpl - 4 total (0 active), Execution time: mean = 0.12ms, total = 0.47ms, Queueing time: mean = 0.07ms, max = 0.14ms, min = 0.02ms, total = 0.27ms
	CoreWorkerService.grpc_server.PushTask - 4 total (0 active), Execution time: mean = 14980.99ms, total = 59923.96ms, Queueing time: mean = 0.00ms, max = -0.00ms, min = 9223372036854.78ms, total = 0.00ms
	CoreWorker.PrintEventStats - 2 total (1 active, 1 running), Execution time: mean = 0.67ms, total = 1.34ms, Queueing time: mean = 0.01ms, max = 0.02ms, min = 0.02ms, total = 0.02ms
	ray::rpc::InternalPubSubGcsService.grpc_client.GcsSubscriberCommandBatch - 2 total (0 active), Execution time: mean = 0.66ms, total = 1.31ms, Queueing time: mean = 0.00ms, max = -0.00ms, min = 9223372036854.78ms, total = 0.00ms
	ray::rpc::InternalPubSubGcsService.grpc_client.GcsSubscriberPoll - 2 total (1 active), Execution time: mean = 3990.08ms, total = 7980.17ms, Queueing time: mean = 0.00ms, max = -0.00ms, min = 9223372036854.78ms, total = 0.00ms
	ray::rpc::InternalPubSubGcsService.grpc_client.GcsSubscriberCommandBatch.OnReplyReceived - 2 total (0 active), Execution time: mean = 0.20ms, total = 0.41ms, Queueing time: mean = 0.31ms, max = 0.59ms, min = 0.04ms, total = 0.62ms
	ray::rpc::NodeInfoGcsService.grpc_client.GetAllNodeAddressAndLiveness - 1 total (0 active), Execution time: mean = 1.63ms, total = 1.63ms, Queueing time: mean = 0.00ms, max = -0.00ms, min = 9223372036854.78ms, total = 0.00ms
	ReporterService.grpc_client.HealthCheck - 1 total (0 active), Execution time: mean = 2.03ms, total = 2.03ms, Queueing time: mean = 0.00ms, max = -0.00ms, min = 9223372036854.78ms, total = 0.00ms
	ray::rpc::ActorInfoGcsService.grpc_client.GetActorInfo - 1 total (0 active), Execution time: mean = 0.61ms, total = 0.61ms, Queueing time: mean = 0.00ms, max = -0.00ms, min = 9223372036854.78ms, total = 0.00ms
	ReporterService.grpc_client.HealthCheck.OnReplyReceived - 1 total (0 active), Execution time: mean = 0.27ms, total = 0.27ms, Queueing time: mean = 0.01ms, max = 0.01ms, min = 0.01ms, total = 0.01ms
	CoreWorker.SubmitTask - 1 total (0 active), Execution time: mean = 0.17ms, total = 0.17ms, Queueing time: mean = 0.01ms, max = 0.01ms, min = 0.01ms, total = 0.01ms
	CoreWorkerService.grpc_server.WaitForActorRefDeleted - 1 total (1 active), Execution time: mean = 0.00ms, total = 0.00ms, Queueing time: mean = 0.00ms, max = -0.00ms, min = 9223372036854.78ms, total = 0.00ms
	ray::rpc::ActorInfoGcsService.grpc_client.RegisterActor.OnReplyReceived - 1 total (0 active), Execution time: mean = 0.05ms, total = 0.05ms, Queueing time: mean = 0.04ms, max = 0.04ms, min = 0.04ms, total = 0.04ms
	CoreWorkerService.grpc_client.PushTask.OnReplyReceived - 1 total (0 active), Execution time: mean = 0.10ms, total = 0.10ms, Queueing time: mean = 0.02ms, max = 0.02ms, min = 0.02ms, total = 0.02ms
	ray::rpc::ActorInfoGcsService.grpc_client.CreateActor.OnReplyReceived - 1 total (0 active), Execution time: mean = 0.08ms, total = 0.08ms, Queueing time: mean = 0.48ms, max = 0.48ms, min = 0.48ms, total = 0.48ms
	ray::rpc::ActorInfoGcsService.grpc_client.RegisterActor - 1 total (0 active), Execution time: mean = 1.58ms, total = 1.58ms, Queueing time: mean = 0.00ms, max = -0.00ms, min = 9223372036854.78ms, total = 0.00ms
	ray::rpc::ActorInfoGcsService.grpc_client.GetNamedActorInfo - 1 total (0 active), Execution time: mean = 0.74ms, total = 0.74ms, Queueing time: mean = 0.00ms, max = -0.00ms, min = 9223372036854.78ms, total = 0.00ms
	ray::rpc::ActorInfoGcsService.grpc_client.CreateActor - 1 total (0 active), Execution time: mean = 1363.73ms, total = 1363.73ms, Queueing time: mean = 0.00ms, max = -0.00ms, min = 9223372036854.78ms, total = 0.00ms
	ray::rpc::InternalPubSubGcsService.grpc_client.GcsSubscriberPoll.OnReplyReceived - 1 total (0 active), Execution time: mean = 0.49ms, total = 0.49ms, Queueing time: mean = 0.03ms, max = 0.03ms, min = 0.03ms, total = 0.03ms
	ray::rpc::ActorInfoGcsService.grpc_client.GetNamedActorInfo.OnReplyReceived - 1 total (0 active), Execution time: mean = 0.05ms, total = 0.05ms, Queueing time: mean = 0.05ms, max = 0.05ms, min = 0.05ms, total = 0.05ms
	ray::rpc::NodeInfoGcsService.grpc_client.GetAllNodeAddressAndLiveness.OnReplyReceived - 1 total (0 active), Execution time: mean = 0.10ms, total = 0.10ms, Queueing time: mean = 0.05ms, max = 0.05ms, min = 0.05ms, total = 0.05ms
	Subscriber.HandlePublishedMessage_GCS_ACTOR_CHANNEL - 1 total (0 active), Execution time: mean = 0.59ms, total = 0.59ms, Queueing time: mean = 0.26ms, max = 0.26ms, min = 0.26ms, total = 0.26ms
	ray::rpc::WorkerInfoGcsService.grpc_client.AddWorkerInfo - 1 total (0 active), Execution time: mean = 0.80ms, total = 0.80ms, Queueing time: mean = 0.00ms, max = -0.00ms, min = 9223372036854.78ms, total = 0.00ms
	ray::rpc::ActorInfoGcsService.grpc_client.GetActorInfo.OnReplyReceived - 1 total (0 active), Execution time: mean = 1.03ms, total = 1.03ms, Queueing time: mean = 0.04ms, max = 0.04ms, min = 0.04ms, total = 0.04ms
	ActorTaskSubmitter::SubmitTask - 1 total (0 active), Execution time: mean = 0.01ms, total = 0.01ms, Queueing time: mean = 0.01ms, max = 0.01ms, min = 0.01ms, total = 0.01ms
	CoreWorkerService.grpc_server.WaitForActorRefDeleted.HandleRequestImpl - 1 total (0 active), Execution time: mean = 0.05ms, total = 0.05ms, Queueing time: mean = 0.04ms, max = 0.04ms, min = 0.04ms, total = 0.04ms
	CoreWorkerService.grpc_client.PushTask - 1 total (0 active), Execution time: mean = 2.18ms, total = 2.18ms, Queueing time: mean = 0.00ms, max = -0.00ms, min = 9223372036854.78ms, total = 0.00ms
	ray::rpc::WorkerInfoGcsService.grpc_client.AddWorkerInfo.OnReplyReceived - 1 total (0 active), Execution time: mean = 0.03ms, total = 0.03ms, Queueing time: mean = 0.66ms, max = 0.66ms, min = 0.66ms, total = 0.66ms
	Publisher.CheckDeadSubscribers - 1 total (1 active), Execution time: mean = 0.00ms, total = 0.00ms, Queueing time: mean = 0.00ms, max = -0.00ms, min = 9223372036854.78ms, total = 0.00ms

-----------------
Task execution event stats:

Global stats: 5974 total (1 active)
Queueing time: mean = 10.09ms, max = 33600.60ms, min = 0.01ms, total = 60253.16ms
Execution time:  mean = 10.05ms, total = 60016.28ms
Event stats:
	CoreWorker.CheckSignal - 5969 total (1 active), Execution time: mean = 0.02ms, total = 94.27ms, Queueing time: mean = 10.09ms, max = 33600.60ms, min = 0.02ms, total = 60253.06ms
	CoreWorker.HandlePushTaskActor - 3 total (0 active), Execution time: mean = 14745.82ms, total = 44237.46ms, Queueing time: mean = 0.02ms, max = 0.04ms, min = 0.01ms, total = 0.07ms
	PeriodicalRunner.RunFnPeriodically - 1 total (0 active), Execution time: mean = 0.02ms, total = 0.02ms, Queueing time: mean = 0.01ms, max = 0.01ms, min = 0.01ms, total = 0.01ms
	CoreWorker.HandlePushTask - 1 total (0 active), Execution time: mean = 15684.54ms, total = 15684.54ms, Queueing time: mean = 0.02ms, max = 0.02ms, min = 0.02ms, total = 0.02ms

-----------------
Task Event stats:

IO Service Stats:

Global stats: 361 total (1 active)
Queueing time: mean = 0.03ms, max = 0.11ms, min = 0.01ms, total = 11.53ms
Execution time:  mean = 0.34ms, total = 124.07ms
Event stats:
	ray::rpc::TaskInfoGcsService.grpc_client.AddTaskEventData - 120 total (0 active), Execution time: mean = 0.76ms, total = 91.66ms, Queueing time: mean = 0.00ms, max = -0.00ms, min = 9223372036854.78ms, total = 0.00ms
	CoreWorker.deadline_timer.flush_task_events - 120 total (1 active), Execution time: mean = 0.23ms, total = 27.43ms, Queueing time: mean = 0.06ms, max = 0.11ms, min = 0.02ms, total = 6.79ms
	ray::rpc::TaskInfoGcsService.grpc_client.AddTaskEventData.OnReplyReceived - 120 total (0 active), Execution time: mean = 0.04ms, total = 4.68ms, Queueing time: mean = 0.04ms, max = 0.08ms, min = 0.02ms, total = 4.73ms
	PeriodicalRunner.RunFnPeriodically - 1 total (0 active), Execution time: mean = 0.31ms, total = 0.31ms, Queueing time: mean = 0.01ms, max = 0.01ms, min = 0.01ms, total = 0.01ms
Other Stats:
	gcs_grpc_in_progress:0
	event_aggregator_grpc_in_progress:0
	current number of task status events in buffer: 0
	current number of profile events in buffer: 0
	current number of dropped task attempts tracked: 0
	total task events sent: 0.00334358 MiB
	total number of task attempts sent: 14
	total number of task attempts dropped reported: 0
	total number of sent failure: 0
	num status task events dropped: 0
	num profile task events dropped: 0
	num ray task events reported to aggregator: 0
	num ray task events failed to report to aggregator: 0
	num of task attempts dropped reported to aggregator: 0
	num of failed requests to aggregator: 0

[2026-01-26 23:22:15,991 I 2735468 2735514] core_worker.cc:455: Event stats:


Global stats: 2643 total (9 active)
Queueing time: mean = 0.10ms, max = 80.97ms, min = 0.01ms, total = 256.99ms
Execution time:  mean = 26.39ms, total = 69759.72ms
Event stats:
	CoreWorker.RecoverObjects - 1798 total (1 active), Execution time: mean = 0.01ms, total = 17.32ms, Queueing time: mean = 0.12ms, max = 80.97ms, min = 0.01ms, total = 218.45ms
	NodeManagerService.grpc_client.ReportWorkerBacklog.OnReplyReceived - 180 total (0 active), Execution time: mean = 0.03ms, total = 5.71ms, Queueing time: mean = 0.04ms, max = 0.08ms, min = 0.01ms, total = 7.78ms
	CoreWorker.InternalHeartbeat - 180 total (1 active), Execution time: mean = 0.89ms, total = 159.44ms, Queueing time: mean = 0.06ms, max = 0.63ms, min = 0.02ms, total = 10.80ms
	NodeManagerService.grpc_client.ReportWorkerBacklog - 180 total (0 active), Execution time: mean = 1.54ms, total = 277.67ms, Queueing time: mean = 0.00ms, max = -0.00ms, min = 9223372036854.78ms, total = 0.00ms
	CoreWorker.ExitIfParentRayletDies - 180 total (1 active), Execution time: mean = 0.01ms, total = 2.13ms, Queueing time: mean = 0.05ms, max = 0.12ms, min = 0.01ms, total = 9.88ms
	CoreWorker.RecordMetrics - 36 total (1 active), Execution time: mean = 0.14ms, total = 5.15ms, Queueing time: mean = 0.05ms, max = 0.08ms, min = 0.02ms, total = 1.86ms
	CoreWorker.TryDelPendingObjectRefStreams - 18 total (1 active), Execution time: mean = 0.01ms, total = 0.13ms, Queueing time: mean = 0.11ms, max = 0.99ms, min = 0.02ms, total = 1.98ms
	CoreWorkerService.grpc_server.GetCoreWorkerStats.HandleRequestImpl - 12 total (0 active), Execution time: mean = 0.11ms, total = 1.37ms, Queueing time: mean = 0.03ms, max = 0.06ms, min = 0.02ms, total = 0.38ms
	CoreWorkerService.grpc_server.GetCoreWorkerStats - 12 total (0 active), Execution time: mean = 0.38ms, total = 4.57ms, Queueing time: mean = 0.00ms, max = -0.00ms, min = 9223372036854.78ms, total = 0.00ms
	PeriodicalRunner.RunFnPeriodically - 7 total (0 active), Execution time: mean = 0.16ms, total = 1.15ms, Queueing time: mean = 0.46ms, max = 1.13ms, min = 0.02ms, total = 3.22ms
	CoreWorkerService.grpc_server.PushTask.HandleRequestImpl - 4 total (0 active), Execution time: mean = 0.12ms, total = 0.47ms, Queueing time: mean = 0.07ms, max = 0.14ms, min = 0.02ms, total = 0.27ms
	CoreWorkerService.grpc_server.PushTask - 4 total (0 active), Execution time: mean = 14980.99ms, total = 59923.96ms, Queueing time: mean = 0.00ms, max = -0.00ms, min = 9223372036854.78ms, total = 0.00ms
	CoreWorker.PrintEventStats - 3 total (1 active, 1 running), Execution time: mean = 0.82ms, total = 2.47ms, Queueing time: mean = 0.02ms, max = 0.03ms, min = 0.02ms, total = 0.06ms
	ray::rpc::InternalPubSubGcsService.grpc_client.GcsSubscriberCommandBatch - 2 total (0 active), Execution time: mean = 0.66ms, total = 1.31ms, Queueing time: mean = 0.00ms, max = -0.00ms, min = 9223372036854.78ms, total = 0.00ms
	ray::rpc::InternalPubSubGcsService.grpc_client.GcsSubscriberPoll - 2 total (1 active), Execution time: mean = 3990.08ms, total = 7980.17ms, Queueing time: mean = 0.00ms, max = -0.00ms, min = 9223372036854.78ms, total = 0.00ms
	ray::rpc::InternalPubSubGcsService.grpc_client.GcsSubscriberCommandBatch.OnReplyReceived - 2 total (0 active), Execution time: mean = 0.20ms, total = 0.41ms, Queueing time: mean = 0.31ms, max = 0.59ms, min = 0.04ms, total = 0.62ms
	ray::rpc::NodeInfoGcsService.grpc_client.GetAllNodeAddressAndLiveness - 1 total (0 active), Execution time: mean = 1.63ms, total = 1.63ms, Queueing time: mean = 0.00ms, max = -0.00ms, min = 9223372036854.78ms, total = 0.00ms
	ReporterService.grpc_client.HealthCheck - 1 total (0 active), Execution time: mean = 2.03ms, total = 2.03ms, Queueing time: mean = 0.00ms, max = -0.00ms, min = 9223372036854.78ms, total = 0.00ms
	ray::rpc::ActorInfoGcsService.grpc_client.GetActorInfo - 1 total (0 active), Execution time: mean = 0.61ms, total = 0.61ms, Queueing time: mean = 0.00ms, max = -0.00ms, min = 9223372036854.78ms, total = 0.00ms
	ReporterService.grpc_client.HealthCheck.OnReplyReceived - 1 total (0 active), Execution time: mean = 0.27ms, total = 0.27ms, Queueing time: mean = 0.01ms, max = 0.01ms, min = 0.01ms, total = 0.01ms
	CoreWorker.SubmitTask - 1 total (0 active), Execution time: mean = 0.17ms, total = 0.17ms, Queueing time: mean = 0.01ms, max = 0.01ms, min = 0.01ms, total = 0.01ms
	CoreWorkerService.grpc_server.WaitForActorRefDeleted - 1 total (1 active), Execution time: mean = 0.00ms, total = 0.00ms, Queueing time: mean = 0.00ms, max = -0.00ms, min = 9223372036854.78ms, total = 0.00ms
	ray::rpc::ActorInfoGcsService.grpc_client.RegisterActor.OnReplyReceived - 1 total (0 active), Execution time: mean = 0.05ms, total = 0.05ms, Queueing time: mean = 0.04ms, max = 0.04ms, min = 0.04ms, total = 0.04ms
	CoreWorkerService.grpc_client.PushTask.OnReplyReceived - 1 total (0 active), Execution time: mean = 0.10ms, total = 0.10ms, Queueing time: mean = 0.02ms, max = 0.02ms, min = 0.02ms, total = 0.02ms
	ray::rpc::ActorInfoGcsService.grpc_client.CreateActor.OnReplyReceived - 1 total (0 active), Execution time: mean = 0.08ms, total = 0.08ms, Queueing time: mean = 0.48ms, max = 0.48ms, min = 0.48ms, total = 0.48ms
	ray::rpc::ActorInfoGcsService.grpc_client.RegisterActor - 1 total (0 active), Execution time: mean = 1.58ms, total = 1.58ms, Queueing time: mean = 0.00ms, max = -0.00ms, min = 9223372036854.78ms, total = 0.00ms
	ray::rpc::ActorInfoGcsService.grpc_client.GetNamedActorInfo - 1 total (0 active), Execution time: mean = 0.74ms, total = 0.74ms, Queueing time: mean = 0.00ms, max = -0.00ms, min = 9223372036854.78ms, total = 0.00ms
	ray::rpc::ActorInfoGcsService.grpc_client.CreateActor - 1 total (0 active), Execution time: mean = 1363.73ms, total = 1363.73ms, Queueing time: mean = 0.00ms, max = -0.00ms, min = 9223372036854.78ms, total = 0.00ms
	ray::rpc::InternalPubSubGcsService.grpc_client.GcsSubscriberPoll.OnReplyReceived - 1 total (0 active), Execution time: mean = 0.49ms, total = 0.49ms, Queueing time: mean = 0.03ms, max = 0.03ms, min = 0.03ms, total = 0.03ms
	ray::rpc::ActorInfoGcsService.grpc_client.GetNamedActorInfo.OnReplyReceived - 1 total (0 active), Execution time: mean = 0.05ms, total = 0.05ms, Queueing time: mean = 0.05ms, max = 0.05ms, min = 0.05ms, total = 0.05ms
	ray::rpc::NodeInfoGcsService.grpc_client.GetAllNodeAddressAndLiveness.OnReplyReceived - 1 total (0 active), Execution time: mean = 0.10ms, total = 0.10ms, Queueing time: mean = 0.05ms, max = 0.05ms, min = 0.05ms, total = 0.05ms
	Subscriber.HandlePublishedMessage_GCS_ACTOR_CHANNEL - 1 total (0 active), Execution time: mean = 0.59ms, total = 0.59ms, Queueing time: mean = 0.26ms, max = 0.26ms, min = 0.26ms, total = 0.26ms
	ray::rpc::WorkerInfoGcsService.grpc_client.AddWorkerInfo - 1 total (0 active), Execution time: mean = 0.80ms, total = 0.80ms, Queueing time: mean = 0.00ms, max = -0.00ms, min = 9223372036854.78ms, total = 0.00ms
	ray::rpc::ActorInfoGcsService.grpc_client.GetActorInfo.OnReplyReceived - 1 total (0 active), Execution time: mean = 1.03ms, total = 1.03ms, Queueing time: mean = 0.04ms, max = 0.04ms, min = 0.04ms, total = 0.04ms
	ActorTaskSubmitter::SubmitTask - 1 total (0 active), Execution time: mean = 0.01ms, total = 0.01ms, Queueing time: mean = 0.01ms, max = 0.01ms, min = 0.01ms, total = 0.01ms
	CoreWorkerService.grpc_server.WaitForActorRefDeleted.HandleRequestImpl - 1 total (0 active), Execution time: mean = 0.05ms, total = 0.05ms, Queueing time: mean = 0.04ms, max = 0.04ms, min = 0.04ms, total = 0.04ms
	CoreWorkerService.grpc_client.PushTask - 1 total (0 active), Execution time: mean = 2.18ms, total = 2.18ms, Queueing time: mean = 0.00ms, max = -0.00ms, min = 9223372036854.78ms, total = 0.00ms
	ray::rpc::WorkerInfoGcsService.grpc_client.AddWorkerInfo.OnReplyReceived - 1 total (0 active), Execution time: mean = 0.03ms, total = 0.03ms, Queueing time: mean = 0.66ms, max = 0.66ms, min = 0.66ms, total = 0.66ms
	Publisher.CheckDeadSubscribers - 1 total (1 active), Execution time: mean = 0.00ms, total = 0.00ms, Queueing time: mean = 0.00ms, max = -0.00ms, min = 9223372036854.78ms, total = 0.00ms

-----------------
Task execution event stats:

Global stats: 11930 total (1 active)
Queueing time: mean = 5.08ms, max = 33600.60ms, min = 0.01ms, total = 60622.74ms
Execution time:  mean = 5.04ms, total = 60115.13ms
Event stats:
	CoreWorker.CheckSignal - 11925 total (1 active), Execution time: mean = 0.02ms, total = 193.12ms, Queueing time: mean = 5.08ms, max = 33600.60ms, min = 0.02ms, total = 60622.63ms
	CoreWorker.HandlePushTaskActor - 3 total (0 active), Execution time: mean = 14745.82ms, total = 44237.46ms, Queueing time: mean = 0.02ms, max = 0.04ms, min = 0.01ms, total = 0.07ms
	PeriodicalRunner.RunFnPeriodically - 1 total (0 active), Execution time: mean = 0.02ms, total = 0.02ms, Queueing time: mean = 0.01ms, max = 0.01ms, min = 0.01ms, total = 0.01ms
	CoreWorker.HandlePushTask - 1 total (0 active), Execution time: mean = 15684.54ms, total = 15684.54ms, Queueing time: mean = 0.02ms, max = 0.02ms, min = 0.02ms, total = 0.02ms

-----------------
Task Event stats:

IO Service Stats:

Global stats: 541 total (1 active)
Queueing time: mean = 0.03ms, max = 0.11ms, min = 0.01ms, total = 18.16ms
Execution time:  mean = 0.35ms, total = 190.18ms
Event stats:
	ray::rpc::TaskInfoGcsService.grpc_client.AddTaskEventData - 180 total (0 active), Execution time: mean = 0.79ms, total = 141.53ms, Queueing time: mean = 0.00ms, max = -0.00ms, min = 9223372036854.78ms, total = 0.00ms
	CoreWorker.deadline_timer.flush_task_events - 180 total (1 active), Execution time: mean = 0.23ms, total = 41.04ms, Queueing time: mean = 0.06ms, max = 0.11ms, min = 0.02ms, total = 10.53ms
	ray::rpc::TaskInfoGcsService.grpc_client.AddTaskEventData.OnReplyReceived - 180 total (0 active), Execution time: mean = 0.04ms, total = 7.30ms, Queueing time: mean = 0.04ms, max = 0.08ms, min = 0.02ms, total = 7.62ms
	PeriodicalRunner.RunFnPeriodically - 1 total (0 active), Execution time: mean = 0.31ms, total = 0.31ms, Queueing time: mean = 0.01ms, max = 0.01ms, min = 0.01ms, total = 0.01ms
Other Stats:
	gcs_grpc_in_progress:0
	event_aggregator_grpc_in_progress:0
	current number of task status events in buffer: 0
	current number of profile events in buffer: 0
	current number of dropped task attempts tracked: 0
	total task events sent: 0.00334358 MiB
	total number of task attempts sent: 14
	total number of task attempts dropped reported: 0
	total number of sent failure: 0
	num status task events dropped: 0
	num profile task events dropped: 0
	num ray task events reported to aggregator: 0
	num ray task events failed to report to aggregator: 0
	num of task attempts dropped reported to aggregator: 0
	num of failed requests to aggregator: 0

