[2026-01-25 19:52:54,968 I 2424065 2424065] core_worker_process.cc:777: Constructing CoreWorkerProcess. pid: 2424065
[2026-01-25 19:52:54,970 I 2424065 2424065] event.cc:499: Ray Event initialized for CORE_WORKER
[2026-01-25 19:52:54,970 I 2424065 2424065] event.cc:499: Ray Event initialized for EXPORT_TASK
[2026-01-25 19:52:54,970 I 2424065 2424065] event.cc:332: Set ray event level to warning
[2026-01-25 19:52:54,970 I 2424065 2424065] event_aggregator_client.h:50: Initiating the local event aggregator client with port: 50396
[2026-01-25 19:52:54,972 I 2424065 2424065] grpc_server.cc:143: worker server started, listening on port 36917.
[2026-01-25 19:52:54,987 I 2424065 2424065] core_worker_process.cc:262: Initializing worker at address: 172.28.6.5:36917 worker_id=17d343a0136e439863194d7ba891cfe5a64da40502ac4bf6fb67f340 node_id=e9636deface79f1cb9136c59c030ca71c27568ee05b5944846755bb5
[2026-01-25 19:52:54,988 I 2424065 2424065] task_event_buffer.cc:480: Reporting task events to GCS every 1000ms.
[2026-01-25 19:52:54,989 I 2424065 2424065] core_worker.cc:515: Adjusted worker niceness to 15
[2026-01-25 19:52:54,989 I 2424065 2424979] core_worker.cc:455: Event stats:


Global stats: 12 total (10 active)
Queueing time: mean = 0.00ms, max = 0.02ms, min = 0.01ms, total = 0.03ms
Execution time:  mean = 0.00ms, total = 0.03ms
Event stats:
	PeriodicalRunner.RunFnPeriodically - 7 total (5 active, 1 running), Execution time: mean = 0.00ms, total = 0.03ms, Queueing time: mean = 0.00ms, max = 0.02ms, min = 0.01ms, total = 0.03ms
	CoreWorker.ExitIfParentRayletDies - 1 total (1 active), Execution time: mean = 0.00ms, total = 0.00ms, Queueing time: mean = 0.00ms, max = -0.00ms, min = 9223372036854.78ms, total = 0.00ms
	ray::rpc::InternalPubSubGcsService.grpc_client.GcsSubscriberPoll - 1 total (1 active), Execution time: mean = 0.00ms, total = 0.00ms, Queueing time: mean = 0.00ms, max = -0.00ms, min = 9223372036854.78ms, total = 0.00ms
	ray::rpc::InternalPubSubGcsService.grpc_client.GcsSubscriberCommandBatch - 1 total (1 active), Execution time: mean = 0.00ms, total = 0.00ms, Queueing time: mean = 0.00ms, max = -0.00ms, min = 9223372036854.78ms, total = 0.00ms
	Publisher.CheckDeadSubscribers - 1 total (1 active), Execution time: mean = 0.00ms, total = 0.00ms, Queueing time: mean = 0.00ms, max = -0.00ms, min = 9223372036854.78ms, total = 0.00ms
	ray::rpc::WorkerInfoGcsService.grpc_client.AddWorkerInfo - 1 total (1 active), Execution time: mean = 0.00ms, total = 0.00ms, Queueing time: mean = 0.00ms, max = -0.00ms, min = 9223372036854.78ms, total = 0.00ms

-----------------
Task execution event stats:

Global stats: 0 total (0 active)
Queueing time: mean = -nanms, max = -0.00ms, min = 9223372036854.78ms, total = 0.00ms
Execution time:  mean = -nanms, total = 0.00ms
Event stats:

-----------------
Task Event stats:

IO Service Stats:

Global stats: 4 total (1 active)
Queueing time: mean = 0.00ms, max = 0.01ms, min = 0.01ms, total = 0.02ms
Execution time:  mean = 0.18ms, total = 0.74ms
Event stats:
	CoreWorker.deadline_timer.flush_task_events - 1 total (1 active), Execution time: mean = 0.00ms, total = 0.00ms, Queueing time: mean = 0.00ms, max = -0.00ms, min = 9223372036854.78ms, total = 0.00ms
	ray::rpc::TaskInfoGcsService.grpc_client.AddTaskEventData.OnReplyReceived - 1 total (0 active), Execution time: mean = 0.02ms, total = 0.02ms, Queueing time: mean = 0.01ms, max = 0.01ms, min = 0.01ms, total = 0.01ms
	PeriodicalRunner.RunFnPeriodically - 1 total (0 active), Execution time: mean = 0.22ms, total = 0.22ms, Queueing time: mean = 0.01ms, max = 0.01ms, min = 0.01ms, total = 0.01ms
	ray::rpc::TaskInfoGcsService.grpc_client.AddTaskEventData - 1 total (0 active), Execution time: mean = 0.50ms, total = 0.50ms, Queueing time: mean = 0.00ms, max = -0.00ms, min = 9223372036854.78ms, total = 0.00ms
Other Stats:
	gcs_grpc_in_progress:0
	event_aggregator_grpc_in_progress:0
	current number of task status events in buffer: 0
	current number of profile events in buffer: 0
	current number of dropped task attempts tracked: 0
	total task events sent: 0 MiB
	total number of task attempts sent: 0
	total number of task attempts dropped reported: 0
	total number of sent failure: 0
	num status task events dropped: 0
	num profile task events dropped: 0
	num ray task events reported to aggregator: 0
	num ray task events failed to report to aggregator: 0
	num of task attempts dropped reported to aggregator: 0
	num of failed requests to aggregator: 0

[2026-01-25 19:52:54,989 I 2424065 2424065] metrics_agent_client.cc:45: Initializing exporter ...
[2026-01-25 19:52:54,990 I 2424065 2424979] accessor.cc:433: Received address and liveness notification for node, IsAlive = 1 node_id=e9636deface79f1cb9136c59c030ca71c27568ee05b5944846755bb5
[2026-01-25 19:52:54,990 I 2424065 2424979] normal_task_submitter.cc:840: Number of alive nodes:1
[2026-01-25 19:52:56,992 I 2424065 2424979] metrics_agent_client.cc:59: Exporter initialized.
[2026-01-25 19:53:54,990 I 2424065 2424979] core_worker.cc:455: Event stats:


Global stats: 890 total (8 active)
Queueing time: mean = 2.30ms, max = 1000.05ms, min = 0.01ms, total = 2048.02ms
Execution time:  mean = 0.08ms, total = 73.22ms
Event stats:
	CoreWorker.RecoverObjects - 600 total (1 active), Execution time: mean = 0.01ms, total = 5.67ms, Queueing time: mean = 0.06ms, max = 0.21ms, min = 0.01ms, total = 35.84ms
	NodeManagerService.grpc_client.ReportWorkerBacklog.OnReplyReceived - 60 total (0 active), Execution time: mean = 0.03ms, total = 1.57ms, Queueing time: mean = 0.04ms, max = 0.07ms, min = 0.01ms, total = 2.48ms
	CoreWorker.InternalHeartbeat - 60 total (1 active), Execution time: mean = 0.18ms, total = 10.96ms, Queueing time: mean = 0.05ms, max = 0.08ms, min = 0.01ms, total = 2.81ms
	CoreWorker.ExitIfParentRayletDies - 60 total (1 active), Execution time: mean = 0.01ms, total = 0.65ms, Queueing time: mean = 0.05ms, max = 0.10ms, min = 0.01ms, total = 3.14ms
	NodeManagerService.grpc_client.ReportWorkerBacklog - 60 total (0 active), Execution time: mean = 0.79ms, total = 47.14ms, Queueing time: mean = 0.00ms, max = -0.00ms, min = 9223372036854.78ms, total = 0.00ms
	CoreWorker.RecordMetrics - 12 total (1 active), Execution time: mean = 0.06ms, total = 0.68ms, Queueing time: mean = 0.03ms, max = 0.07ms, min = 0.02ms, total = 0.41ms
	PeriodicalRunner.RunFnPeriodically - 7 total (0 active), Execution time: mean = 0.09ms, total = 0.64ms, Queueing time: mean = 0.27ms, max = 0.62ms, min = 0.01ms, total = 1.86ms
	CoreWorker.TryDelPendingObjectRefStreams - 6 total (1 active), Execution time: mean = 0.00ms, total = 0.03ms, Queueing time: mean = 0.04ms, max = 0.06ms, min = 0.02ms, total = 0.21ms
	CoreWorkerService.grpc_server.GetCoreWorkerStats - 4 total (0 active), Execution time: mean = 0.33ms, total = 1.34ms, Queueing time: mean = 0.00ms, max = -0.00ms, min = 9223372036854.78ms, total = 0.00ms
	CoreWorkerService.grpc_server.GetCoreWorkerStats.HandleRequestImpl - 4 total (0 active), Execution time: mean = 0.10ms, total = 0.40ms, Queueing time: mean = 0.03ms, max = 0.06ms, min = 0.02ms, total = 0.12ms
	ReporterService.grpc_client.HealthCheck - 3 total (0 active), Execution time: mean = 0.66ms, total = 1.99ms, Queueing time: mean = 0.00ms, max = -0.00ms, min = 9223372036854.78ms, total = 0.00ms
	ReporterService.grpc_client.HealthCheck.OnReplyReceived - 3 total (0 active), Execution time: mean = 0.12ms, total = 0.35ms, Queueing time: mean = 0.02ms, max = 0.05ms, min = 0.01ms, total = 0.07ms
	MetricsAgentClient.WaitForServerReadyWithRetry - 2 total (0 active), Execution time: mean = 0.14ms, total = 0.29ms, Queueing time: mean = 1000.03ms, max = 1000.05ms, min = 1000.02ms, total = 2000.07ms
	ray::rpc::InternalPubSubGcsService.grpc_client.GcsSubscriberCommandBatch.OnReplyReceived - 1 total (0 active), Execution time: mean = 0.12ms, total = 0.12ms, Queueing time: mean = 0.45ms, max = 0.45ms, min = 0.45ms, total = 0.45ms
	ray::rpc::WorkerInfoGcsService.grpc_client.AddWorkerInfo - 1 total (0 active), Execution time: mean = 0.49ms, total = 0.49ms, Queueing time: mean = 0.00ms, max = -0.00ms, min = 9223372036854.78ms, total = 0.00ms
	ray::rpc::InternalPubSubGcsService.grpc_client.GcsSubscriberPoll - 1 total (1 active), Execution time: mean = 0.00ms, total = 0.00ms, Queueing time: mean = 0.00ms, max = -0.00ms, min = 9223372036854.78ms, total = 0.00ms
	ray::rpc::NodeInfoGcsService.grpc_client.GetAllNodeAddressAndLiveness.OnReplyReceived - 1 total (0 active), Execution time: mean = 0.06ms, total = 0.06ms, Queueing time: mean = 0.01ms, max = 0.01ms, min = 0.01ms, total = 0.01ms
	ray::rpc::NodeInfoGcsService.grpc_client.GetAllNodeAddressAndLiveness - 1 total (0 active), Execution time: mean = 0.38ms, total = 0.38ms, Queueing time: mean = 0.00ms, max = -0.00ms, min = 9223372036854.78ms, total = 0.00ms
	CoreWorker.PrintEventStats - 1 total (1 active, 1 running), Execution time: mean = 0.00ms, total = 0.00ms, Queueing time: mean = 0.00ms, max = -0.00ms, min = 9223372036854.78ms, total = 0.00ms
	ray::rpc::WorkerInfoGcsService.grpc_client.AddWorkerInfo.OnReplyReceived - 1 total (0 active), Execution time: mean = 0.02ms, total = 0.02ms, Queueing time: mean = 0.55ms, max = 0.55ms, min = 0.55ms, total = 0.55ms
	ray::rpc::InternalPubSubGcsService.grpc_client.GcsSubscriberCommandBatch - 1 total (0 active), Execution time: mean = 0.44ms, total = 0.44ms, Queueing time: mean = 0.00ms, max = -0.00ms, min = 9223372036854.78ms, total = 0.00ms
	Publisher.CheckDeadSubscribers - 1 total (1 active), Execution time: mean = 0.00ms, total = 0.00ms, Queueing time: mean = 0.00ms, max = -0.00ms, min = 9223372036854.78ms, total = 0.00ms

-----------------
Task execution event stats:

Global stats: 5961 total (1 active)
Queueing time: mean = 0.06ms, max = 0.11ms, min = 0.00ms, total = 339.72ms
Execution time:  mean = 0.02ms, total = 90.59ms
Event stats:
	CoreWorker.CheckSignal - 5960 total (1 active), Execution time: mean = 0.02ms, total = 90.58ms, Queueing time: mean = 0.06ms, max = 0.11ms, min = 0.01ms, total = 339.71ms
	PeriodicalRunner.RunFnPeriodically - 1 total (0 active), Execution time: mean = 0.01ms, total = 0.01ms, Queueing time: mean = 0.00ms, max = 0.00ms, min = 0.00ms, total = 0.00ms

-----------------
Task Event stats:

IO Service Stats:

Global stats: 181 total (1 active)
Queueing time: mean = 0.03ms, max = 0.09ms, min = 0.01ms, total = 5.35ms
Execution time:  mean = 0.33ms, total = 59.30ms
Event stats:
	CoreWorker.deadline_timer.flush_task_events - 60 total (1 active), Execution time: mean = 0.22ms, total = 12.94ms, Queueing time: mean = 0.05ms, max = 0.09ms, min = 0.03ms, total = 3.24ms
	ray::rpc::TaskInfoGcsService.grpc_client.AddTaskEventData.OnReplyReceived - 60 total (0 active), Execution time: mean = 0.03ms, total = 1.92ms, Queueing time: mean = 0.04ms, max = 0.06ms, min = 0.01ms, total = 2.11ms
	ray::rpc::TaskInfoGcsService.grpc_client.AddTaskEventData - 60 total (0 active), Execution time: mean = 0.74ms, total = 44.22ms, Queueing time: mean = 0.00ms, max = -0.00ms, min = 9223372036854.78ms, total = 0.00ms
	PeriodicalRunner.RunFnPeriodically - 1 total (0 active), Execution time: mean = 0.22ms, total = 0.22ms, Queueing time: mean = 0.01ms, max = 0.01ms, min = 0.01ms, total = 0.01ms
Other Stats:
	gcs_grpc_in_progress:0
	event_aggregator_grpc_in_progress:0
	current number of task status events in buffer: 0
	current number of profile events in buffer: 0
	current number of dropped task attempts tracked: 0
	total task events sent: 0 MiB
	total number of task attempts sent: 0
	total number of task attempts dropped reported: 0
	total number of sent failure: 0
	num status task events dropped: 0
	num profile task events dropped: 0
	num ray task events reported to aggregator: 0
	num ray task events failed to report to aggregator: 0
	num of task attempts dropped reported to aggregator: 0
	num of failed requests to aggregator: 0

[2026-01-25 19:54:06,374 I 2424065 2424979] accessor.cc:433: Received address and liveness notification for node, IsAlive = 0 node_id=e9636deface79f1cb9136c59c030ca71c27568ee05b5944846755bb5
[2026-01-25 19:54:06,374 I 2424065 2424979] core_worker.cc:740: Node failure. All objects pinned on that node will be lost if object reconstruction is not enabled. node_id=e9636deface79f1cb9136c59c030ca71c27568ee05b5944846755bb5
[2026-01-25 19:54:06,374 I 2424065 2424979] normal_task_submitter.cc:840: Number of alive nodes:0
