[2026-01-25 19:52:55,392 I 2424096 2424096] core_worker_process.cc:777: Constructing CoreWorkerProcess. pid: 2424096
[2026-01-25 19:52:55,395 I 2424096 2424096] event.cc:499: Ray Event initialized for CORE_WORKER
[2026-01-25 19:52:55,395 I 2424096 2424096] event.cc:499: Ray Event initialized for EXPORT_TASK
[2026-01-25 19:52:55,395 I 2424096 2424096] event.cc:332: Set ray event level to warning
[2026-01-25 19:52:55,395 I 2424096 2424096] event_aggregator_client.h:50: Initiating the local event aggregator client with port: 50396
[2026-01-25 19:52:55,397 I 2424096 2424096] grpc_server.cc:143: worker server started, listening on port 35623.
[2026-01-25 19:52:55,406 I 2424096 2424096] core_worker_process.cc:262: Initializing worker at address: 172.28.6.5:35623 worker_id=cb603cb3f6f94ffd1223193b82bb31c31c208515931f5d7c8f306af5 node_id=e9636deface79f1cb9136c59c030ca71c27568ee05b5944846755bb5
[2026-01-25 19:52:55,406 I 2424096 2424096] task_event_buffer.cc:480: Reporting task events to GCS every 1000ms.
[2026-01-25 19:52:55,407 I 2424096 2424096] core_worker.cc:515: Adjusted worker niceness to 15
[2026-01-25 19:52:55,407 I 2424096 2424096] metrics_agent_client.cc:45: Initializing exporter ...
[2026-01-25 19:52:55,407 I 2424096 2426560] core_worker.cc:455: Event stats:


Global stats: 12 total (10 active)
Queueing time: mean = 0.01ms, max = 0.04ms, min = 0.03ms, total = 0.08ms
Execution time:  mean = 0.00ms, total = 0.05ms
Event stats:
	PeriodicalRunner.RunFnPeriodically - 7 total (5 active, 1 running), Execution time: mean = 0.01ms, total = 0.05ms, Queueing time: mean = 0.01ms, max = 0.04ms, min = 0.03ms, total = 0.08ms
	ray::rpc::InternalPubSubGcsService.grpc_client.GcsSubscriberPoll - 1 total (1 active), Execution time: mean = 0.00ms, total = 0.00ms, Queueing time: mean = 0.00ms, max = -0.00ms, min = 9223372036854.78ms, total = 0.00ms
	CoreWorker.ExitIfParentRayletDies - 1 total (1 active), Execution time: mean = 0.00ms, total = 0.00ms, Queueing time: mean = 0.00ms, max = -0.00ms, min = 9223372036854.78ms, total = 0.00ms
	ray::rpc::InternalPubSubGcsService.grpc_client.GcsSubscriberCommandBatch - 1 total (1 active), Execution time: mean = 0.00ms, total = 0.00ms, Queueing time: mean = 0.00ms, max = -0.00ms, min = 9223372036854.78ms, total = 0.00ms
	Publisher.CheckDeadSubscribers - 1 total (1 active), Execution time: mean = 0.00ms, total = 0.00ms, Queueing time: mean = 0.00ms, max = -0.00ms, min = 9223372036854.78ms, total = 0.00ms
	ray::rpc::WorkerInfoGcsService.grpc_client.AddWorkerInfo - 1 total (1 active), Execution time: mean = 0.00ms, total = 0.00ms, Queueing time: mean = 0.00ms, max = -0.00ms, min = 9223372036854.78ms, total = 0.00ms

-----------------
Task execution event stats:

Global stats: 0 total (0 active)
Queueing time: mean = -nanms, max = -0.00ms, min = 9223372036854.78ms, total = 0.00ms
Execution time:  mean = -nanms, total = 0.00ms
Event stats:

-----------------
Task Event stats:

IO Service Stats:

Global stats: 4 total (1 active)
Queueing time: mean = 0.01ms, max = 0.02ms, min = 0.01ms, total = 0.03ms
Execution time:  mean = 0.31ms, total = 1.25ms
Event stats:
	CoreWorker.deadline_timer.flush_task_events - 1 total (1 active), Execution time: mean = 0.00ms, total = 0.00ms, Queueing time: mean = 0.00ms, max = -0.00ms, min = 9223372036854.78ms, total = 0.00ms
	PeriodicalRunner.RunFnPeriodically - 1 total (0 active), Execution time: mean = 0.30ms, total = 0.30ms, Queueing time: mean = 0.01ms, max = 0.01ms, min = 0.01ms, total = 0.01ms
	ray::rpc::TaskInfoGcsService.grpc_client.AddTaskEventData - 1 total (0 active), Execution time: mean = 0.92ms, total = 0.92ms, Queueing time: mean = 0.00ms, max = -0.00ms, min = 9223372036854.78ms, total = 0.00ms
	ray::rpc::TaskInfoGcsService.grpc_client.AddTaskEventData.OnReplyReceived - 1 total (0 active), Execution time: mean = 0.03ms, total = 0.03ms, Queueing time: mean = 0.02ms, max = 0.02ms, min = 0.02ms, total = 0.02ms
Other Stats:
	gcs_grpc_in_progress:0
	event_aggregator_grpc_in_progress:0
	current number of task status events in buffer: 0
	current number of profile events in buffer: 0
	current number of dropped task attempts tracked: 0
	total task events sent: 0 MiB
	total number of task attempts sent: 0
	total number of task attempts dropped reported: 0
	total number of sent failure: 0
	num status task events dropped: 0
	num profile task events dropped: 0
	num ray task events reported to aggregator: 0
	num ray task events failed to report to aggregator: 0
	num of task attempts dropped reported to aggregator: 0
	num of failed requests to aggregator: 0

[2026-01-25 19:52:55,409 I 2424096 2426560] accessor.cc:433: Received address and liveness notification for node, IsAlive = 1 node_id=e9636deface79f1cb9136c59c030ca71c27568ee05b5944846755bb5
[2026-01-25 19:52:55,409 I 2424096 2426560] normal_task_submitter.cc:840: Number of alive nodes:1
[2026-01-25 19:52:56,642 I 2424096 2426560] metrics_agent_client.cc:59: Exporter initialized.
[2026-01-25 19:53:55,408 I 2424096 2426560] core_worker.cc:455: Event stats:


Global stats: 887 total (8 active)
Queueing time: mean = 1.18ms, max = 1000.07ms, min = 0.01ms, total = 1048.34ms
Execution time:  mean = 0.35ms, total = 312.77ms
Event stats:
	CoreWorker.RecoverObjects - 600 total (1 active), Execution time: mean = 0.01ms, total = 5.54ms, Queueing time: mean = 0.06ms, max = 0.18ms, min = 0.02ms, total = 33.19ms
	NodeManagerService.grpc_client.ReportWorkerBacklog - 60 total (0 active), Execution time: mean = 0.87ms, total = 52.35ms, Queueing time: mean = 0.00ms, max = -0.00ms, min = 9223372036854.78ms, total = 0.00ms
	CoreWorker.ExitIfParentRayletDies - 60 total (1 active), Execution time: mean = 0.01ms, total = 0.67ms, Queueing time: mean = 0.06ms, max = 0.13ms, min = 0.01ms, total = 3.40ms
	NodeManagerService.grpc_client.ReportWorkerBacklog.OnReplyReceived - 60 total (0 active), Execution time: mean = 0.03ms, total = 1.66ms, Queueing time: mean = 0.04ms, max = 0.07ms, min = 0.02ms, total = 2.22ms
	CoreWorker.InternalHeartbeat - 60 total (1 active), Execution time: mean = 0.19ms, total = 11.24ms, Queueing time: mean = 0.05ms, max = 0.09ms, min = 0.02ms, total = 3.12ms
	CoreWorker.RecordMetrics - 12 total (1 active), Execution time: mean = 0.05ms, total = 0.64ms, Queueing time: mean = 0.03ms, max = 0.10ms, min = 0.01ms, total = 0.40ms
	PeriodicalRunner.RunFnPeriodically - 7 total (0 active), Execution time: mean = 0.18ms, total = 1.27ms, Queueing time: mean = 0.54ms, max = 1.27ms, min = 0.03ms, total = 3.80ms
	CoreWorker.TryDelPendingObjectRefStreams - 6 total (1 active), Execution time: mean = 0.01ms, total = 0.03ms, Queueing time: mean = 0.05ms, max = 0.07ms, min = 0.03ms, total = 0.28ms
	CoreWorkerService.grpc_server.GetCoreWorkerStats.HandleRequestImpl - 4 total (0 active), Execution time: mean = 0.12ms, total = 0.46ms, Queueing time: mean = 0.04ms, max = 0.06ms, min = 0.03ms, total = 0.15ms
	CoreWorkerService.grpc_server.GetCoreWorkerStats - 4 total (0 active), Execution time: mean = 0.33ms, total = 1.33ms, Queueing time: mean = 0.00ms, max = -0.00ms, min = 9223372036854.78ms, total = 0.00ms
	ReporterService.grpc_client.HealthCheck.OnReplyReceived - 2 total (0 active), Execution time: mean = 0.19ms, total = 0.37ms, Queueing time: mean = 0.05ms, max = 0.05ms, min = 0.05ms, total = 0.10ms
	ReporterService.grpc_client.HealthCheck - 2 total (0 active), Execution time: mean = 117.27ms, total = 234.54ms, Queueing time: mean = 0.00ms, max = -0.00ms, min = 9223372036854.78ms, total = 0.00ms
	CoreWorker.PrintEventStats - 1 total (1 active, 1 running), Execution time: mean = 0.00ms, total = 0.00ms, Queueing time: mean = 0.00ms, max = -0.00ms, min = 9223372036854.78ms, total = 0.00ms
	Publisher.CheckDeadSubscribers - 1 total (1 active), Execution time: mean = 0.00ms, total = 0.00ms, Queueing time: mean = 0.00ms, max = -0.00ms, min = 9223372036854.78ms, total = 0.00ms
	MetricsAgentClient.WaitForServerReadyWithRetry - 1 total (0 active), Execution time: mean = 0.17ms, total = 0.17ms, Queueing time: mean = 1000.07ms, max = 1000.07ms, min = 1000.07ms, total = 1000.07ms
	ray::rpc::WorkerInfoGcsService.grpc_client.AddWorkerInfo.OnReplyReceived - 1 total (0 active), Execution time: mean = 0.04ms, total = 0.04ms, Queueing time: mean = 0.78ms, max = 0.78ms, min = 0.78ms, total = 0.78ms
	ray::rpc::NodeInfoGcsService.grpc_client.GetAllNodeAddressAndLiveness.OnReplyReceived - 1 total (0 active), Execution time: mean = 0.12ms, total = 0.12ms, Queueing time: mean = 0.02ms, max = 0.02ms, min = 0.02ms, total = 0.02ms
	ray::rpc::InternalPubSubGcsService.grpc_client.GcsSubscriberCommandBatch.OnReplyReceived - 1 total (0 active), Execution time: mean = 0.21ms, total = 0.21ms, Queueing time: mean = 0.80ms, max = 0.80ms, min = 0.80ms, total = 0.80ms
	ray::rpc::WorkerInfoGcsService.grpc_client.AddWorkerInfo - 1 total (0 active), Execution time: mean = 0.81ms, total = 0.81ms, Queueing time: mean = 0.00ms, max = -0.00ms, min = 9223372036854.78ms, total = 0.00ms
	ray::rpc::InternalPubSubGcsService.grpc_client.GcsSubscriberCommandBatch - 1 total (0 active), Execution time: mean = 0.69ms, total = 0.69ms, Queueing time: mean = 0.00ms, max = -0.00ms, min = 9223372036854.78ms, total = 0.00ms
	ray::rpc::InternalPubSubGcsService.grpc_client.GcsSubscriberPoll - 1 total (1 active), Execution time: mean = 0.00ms, total = 0.00ms, Queueing time: mean = 0.00ms, max = -0.00ms, min = 9223372036854.78ms, total = 0.00ms
	ray::rpc::NodeInfoGcsService.grpc_client.GetAllNodeAddressAndLiveness - 1 total (0 active), Execution time: mean = 0.64ms, total = 0.64ms, Queueing time: mean = 0.00ms, max = -0.00ms, min = 9223372036854.78ms, total = 0.00ms

-----------------
Task execution event stats:

Global stats: 5963 total (1 active)
Queueing time: mean = 0.05ms, max = 0.15ms, min = 0.00ms, total = 325.65ms
Execution time:  mean = 0.02ms, total = 94.18ms
Event stats:
	CoreWorker.CheckSignal - 5962 total (1 active), Execution time: mean = 0.02ms, total = 94.17ms, Queueing time: mean = 0.05ms, max = 0.15ms, min = 0.01ms, total = 325.65ms
	PeriodicalRunner.RunFnPeriodically - 1 total (0 active), Execution time: mean = 0.01ms, total = 0.01ms, Queueing time: mean = 0.00ms, max = 0.00ms, min = 0.00ms, total = 0.00ms

-----------------
Task Event stats:

IO Service Stats:

Global stats: 181 total (1 active)
Queueing time: mean = 0.03ms, max = 0.10ms, min = 0.01ms, total = 6.01ms
Execution time:  mean = 0.37ms, total = 66.71ms
Event stats:
	CoreWorker.deadline_timer.flush_task_events - 60 total (1 active), Execution time: mean = 0.24ms, total = 14.25ms, Queueing time: mean = 0.06ms, max = 0.10ms, min = 0.02ms, total = 3.84ms
	ray::rpc::TaskInfoGcsService.grpc_client.AddTaskEventData - 60 total (0 active), Execution time: mean = 0.83ms, total = 49.96ms, Queueing time: mean = 0.00ms, max = -0.00ms, min = 9223372036854.78ms, total = 0.00ms
	ray::rpc::TaskInfoGcsService.grpc_client.AddTaskEventData.OnReplyReceived - 60 total (0 active), Execution time: mean = 0.04ms, total = 2.20ms, Queueing time: mean = 0.04ms, max = 0.06ms, min = 0.02ms, total = 2.16ms
	PeriodicalRunner.RunFnPeriodically - 1 total (0 active), Execution time: mean = 0.30ms, total = 0.30ms, Queueing time: mean = 0.01ms, max = 0.01ms, min = 0.01ms, total = 0.01ms
Other Stats:
	gcs_grpc_in_progress:0
	event_aggregator_grpc_in_progress:0
	current number of task status events in buffer: 0
	current number of profile events in buffer: 0
	current number of dropped task attempts tracked: 0
	total task events sent: 0 MiB
	total number of task attempts sent: 0
	total number of task attempts dropped reported: 0
	total number of sent failure: 0
	num status task events dropped: 0
	num profile task events dropped: 0
	num ray task events reported to aggregator: 0
	num ray task events failed to report to aggregator: 0
	num of task attempts dropped reported to aggregator: 0
	num of failed requests to aggregator: 0

[2026-01-25 19:54:06,373 I 2424096 2426560] accessor.cc:433: Received address and liveness notification for node, IsAlive = 0 node_id=e9636deface79f1cb9136c59c030ca71c27568ee05b5944846755bb5
[2026-01-25 19:54:06,374 I 2424096 2426560] core_worker.cc:740: Node failure. All objects pinned on that node will be lost if object reconstruction is not enabled. node_id=e9636deface79f1cb9136c59c030ca71c27568ee05b5944846755bb5
[2026-01-25 19:54:06,374 I 2424096 2426560] normal_task_submitter.cc:840: Number of alive nodes:0
