[2026-01-25 20:12:49,646 I 2437379 2437379] core_worker_process.cc:777: Constructing CoreWorkerProcess. pid: 2437379
[2026-01-25 20:12:49,649 I 2437379 2437379] event.cc:499: Ray Event initialized for CORE_WORKER
[2026-01-25 20:12:49,649 I 2437379 2437379] event.cc:499: Ray Event initialized for EXPORT_TASK
[2026-01-25 20:12:49,649 I 2437379 2437379] event.cc:332: Set ray event level to warning
[2026-01-25 20:12:49,649 I 2437379 2437379] event_aggregator_client.h:50: Initiating the local event aggregator client with port: 59011
[2026-01-25 20:12:49,651 I 2437379 2437379] grpc_server.cc:143: worker server started, listening on port 44283.
[2026-01-25 20:12:49,664 I 2437379 2437379] core_worker_process.cc:262: Initializing worker at address: 172.28.6.5:44283 worker_id=b28a7482b5f677311b01154c2ee97524a45e736107a9005404266877 node_id=064d6f2d53d313ef19022884d25b99b1a07d09385a43308dba166421
[2026-01-25 20:12:49,665 I 2437379 2437379] task_event_buffer.cc:480: Reporting task events to GCS every 1000ms.
[2026-01-25 20:12:49,666 I 2437379 2437379] core_worker.cc:515: Adjusted worker niceness to 15
[2026-01-25 20:12:49,666 I 2437379 2437379] metrics_agent_client.cc:45: Initializing exporter ...
[2026-01-25 20:12:49,666 I 2437379 2438290] core_worker.cc:455: Event stats:


Global stats: 12 total (10 active)
Queueing time: mean = 0.00ms, max = 0.02ms, min = 0.01ms, total = 0.03ms
Execution time:  mean = 0.00ms, total = 0.04ms
Event stats:
	PeriodicalRunner.RunFnPeriodically - 7 total (5 active, 1 running), Execution time: mean = 0.01ms, total = 0.04ms, Queueing time: mean = 0.00ms, max = 0.02ms, min = 0.01ms, total = 0.03ms
	Publisher.CheckDeadSubscribers - 1 total (1 active), Execution time: mean = 0.00ms, total = 0.00ms, Queueing time: mean = 0.00ms, max = -0.00ms, min = 9223372036854.78ms, total = 0.00ms
	ray::rpc::InternalPubSubGcsService.grpc_client.GcsSubscriberCommandBatch - 1 total (1 active), Execution time: mean = 0.00ms, total = 0.00ms, Queueing time: mean = 0.00ms, max = -0.00ms, min = 9223372036854.78ms, total = 0.00ms
	CoreWorker.ExitIfParentRayletDies - 1 total (1 active), Execution time: mean = 0.00ms, total = 0.00ms, Queueing time: mean = 0.00ms, max = -0.00ms, min = 9223372036854.78ms, total = 0.00ms
	ray::rpc::InternalPubSubGcsService.grpc_client.GcsSubscriberPoll - 1 total (1 active), Execution time: mean = 0.00ms, total = 0.00ms, Queueing time: mean = 0.00ms, max = -0.00ms, min = 9223372036854.78ms, total = 0.00ms
	ray::rpc::WorkerInfoGcsService.grpc_client.AddWorkerInfo - 1 total (1 active), Execution time: mean = 0.00ms, total = 0.00ms, Queueing time: mean = 0.00ms, max = -0.00ms, min = 9223372036854.78ms, total = 0.00ms

-----------------
Task execution event stats:

Global stats: 0 total (0 active)
Queueing time: mean = -nanms, max = -0.00ms, min = 9223372036854.78ms, total = 0.00ms
Execution time:  mean = -nanms, total = 0.00ms
Event stats:

-----------------
Task Event stats:

IO Service Stats:

Global stats: 4 total (1 active)
Queueing time: mean = 0.01ms, max = 0.01ms, min = 0.01ms, total = 0.02ms
Execution time:  mean = 0.22ms, total = 0.88ms
Event stats:
	CoreWorker.deadline_timer.flush_task_events - 1 total (1 active), Execution time: mean = 0.00ms, total = 0.00ms, Queueing time: mean = 0.00ms, max = -0.00ms, min = 9223372036854.78ms, total = 0.00ms
	ray::rpc::TaskInfoGcsService.grpc_client.AddTaskEventData.OnReplyReceived - 1 total (0 active), Execution time: mean = 0.02ms, total = 0.02ms, Queueing time: mean = 0.01ms, max = 0.01ms, min = 0.01ms, total = 0.01ms
	PeriodicalRunner.RunFnPeriodically - 1 total (0 active), Execution time: mean = 0.23ms, total = 0.23ms, Queueing time: mean = 0.01ms, max = 0.01ms, min = 0.01ms, total = 0.01ms
	ray::rpc::TaskInfoGcsService.grpc_client.AddTaskEventData - 1 total (0 active), Execution time: mean = 0.63ms, total = 0.63ms, Queueing time: mean = 0.00ms, max = -0.00ms, min = 9223372036854.78ms, total = 0.00ms
Other Stats:
	gcs_grpc_in_progress:0
	event_aggregator_grpc_in_progress:0
	current number of task status events in buffer: 0
	current number of profile events in buffer: 0
	current number of dropped task attempts tracked: 0
	total task events sent: 0 MiB
	total number of task attempts sent: 0
	total number of task attempts dropped reported: 0
	total number of sent failure: 0
	num status task events dropped: 0
	num profile task events dropped: 0
	num ray task events reported to aggregator: 0
	num ray task events failed to report to aggregator: 0
	num of task attempts dropped reported to aggregator: 0
	num of failed requests to aggregator: 0

[2026-01-25 20:12:49,667 I 2437379 2438290] accessor.cc:433: Received address and liveness notification for node, IsAlive = 1 node_id=064d6f2d53d313ef19022884d25b99b1a07d09385a43308dba166421
[2026-01-25 20:12:49,667 I 2437379 2438290] normal_task_submitter.cc:840: Number of alive nodes:1
[2026-01-25 20:12:51,668 I 2437379 2438290] metrics_agent_client.cc:59: Exporter initialized.
[2026-01-25 20:13:49,667 I 2437379 2438290] core_worker.cc:455: Event stats:


Global stats: 890 total (8 active)
Queueing time: mean = 2.30ms, max = 1000.08ms, min = 0.01ms, total = 2047.12ms
Execution time:  mean = 0.09ms, total = 76.29ms
Event stats:
	CoreWorker.RecoverObjects - 600 total (1 active), Execution time: mean = 0.01ms, total = 5.90ms, Queueing time: mean = 0.06ms, max = 0.12ms, min = 0.02ms, total = 34.80ms
	NodeManagerService.grpc_client.ReportWorkerBacklog.OnReplyReceived - 60 total (0 active), Execution time: mean = 0.03ms, total = 1.56ms, Queueing time: mean = 0.03ms, max = 0.06ms, min = 0.01ms, total = 2.03ms
	CoreWorker.InternalHeartbeat - 60 total (1 active), Execution time: mean = 0.18ms, total = 10.88ms, Queueing time: mean = 0.05ms, max = 0.08ms, min = 0.02ms, total = 3.05ms
	CoreWorker.ExitIfParentRayletDies - 60 total (1 active), Execution time: mean = 0.01ms, total = 0.61ms, Queueing time: mean = 0.05ms, max = 0.10ms, min = 0.01ms, total = 3.20ms
	NodeManagerService.grpc_client.ReportWorkerBacklog - 60 total (0 active), Execution time: mean = 0.82ms, total = 49.20ms, Queueing time: mean = 0.00ms, max = -0.00ms, min = 9223372036854.78ms, total = 0.00ms
	CoreWorker.RecordMetrics - 12 total (1 active), Execution time: mean = 0.06ms, total = 0.69ms, Queueing time: mean = 0.04ms, max = 0.08ms, min = 0.01ms, total = 0.47ms
	PeriodicalRunner.RunFnPeriodically - 7 total (0 active), Execution time: mean = 0.11ms, total = 0.74ms, Queueing time: mean = 0.30ms, max = 0.72ms, min = 0.01ms, total = 2.11ms
	CoreWorker.TryDelPendingObjectRefStreams - 6 total (1 active), Execution time: mean = 0.00ms, total = 0.03ms, Queueing time: mean = 0.05ms, max = 0.07ms, min = 0.02ms, total = 0.28ms
	CoreWorkerService.grpc_server.GetCoreWorkerStats - 4 total (0 active), Execution time: mean = 0.35ms, total = 1.41ms, Queueing time: mean = 0.00ms, max = -0.00ms, min = 9223372036854.78ms, total = 0.00ms
	CoreWorkerService.grpc_server.GetCoreWorkerStats.HandleRequestImpl - 4 total (0 active), Execution time: mean = 0.12ms, total = 0.48ms, Queueing time: mean = 0.03ms, max = 0.06ms, min = 0.02ms, total = 0.13ms
	ReporterService.grpc_client.HealthCheck.OnReplyReceived - 3 total (0 active), Execution time: mean = 0.12ms, total = 0.37ms, Queueing time: mean = 0.04ms, max = 0.05ms, min = 0.02ms, total = 0.11ms
	ReporterService.grpc_client.HealthCheck - 3 total (0 active), Execution time: mean = 0.68ms, total = 2.03ms, Queueing time: mean = 0.00ms, max = -0.00ms, min = 9223372036854.78ms, total = 0.00ms
	MetricsAgentClient.WaitForServerReadyWithRetry - 2 total (0 active), Execution time: mean = 0.16ms, total = 0.31ms, Queueing time: mean = 1000.06ms, max = 1000.08ms, min = 1000.04ms, total = 2000.12ms
	ray::rpc::NodeInfoGcsService.grpc_client.GetAllNodeAddressAndLiveness.OnReplyReceived - 1 total (0 active), Execution time: mean = 0.08ms, total = 0.08ms, Queueing time: mean = 0.02ms, max = 0.02ms, min = 0.02ms, total = 0.02ms
	ray::rpc::InternalPubSubGcsService.grpc_client.GcsSubscriberCommandBatch - 1 total (0 active), Execution time: mean = 0.57ms, total = 0.57ms, Queueing time: mean = 0.00ms, max = -0.00ms, min = 9223372036854.78ms, total = 0.00ms
	ray::rpc::NodeInfoGcsService.grpc_client.GetAllNodeAddressAndLiveness - 1 total (0 active), Execution time: mean = 0.48ms, total = 0.48ms, Queueing time: mean = 0.00ms, max = -0.00ms, min = 9223372036854.78ms, total = 0.00ms
	Publisher.CheckDeadSubscribers - 1 total (1 active), Execution time: mean = 0.00ms, total = 0.00ms, Queueing time: mean = 0.00ms, max = -0.00ms, min = 9223372036854.78ms, total = 0.00ms
	ray::rpc::WorkerInfoGcsService.grpc_client.AddWorkerInfo.OnReplyReceived - 1 total (0 active), Execution time: mean = 0.02ms, total = 0.02ms, Queueing time: mean = 0.39ms, max = 0.39ms, min = 0.39ms, total = 0.39ms
	ray::rpc::InternalPubSubGcsService.grpc_client.GcsSubscriberPoll - 1 total (1 active), Execution time: mean = 0.00ms, total = 0.00ms, Queueing time: mean = 0.00ms, max = -0.00ms, min = 9223372036854.78ms, total = 0.00ms
	ray::rpc::WorkerInfoGcsService.grpc_client.AddWorkerInfo - 1 total (0 active), Execution time: mean = 0.80ms, total = 0.80ms, Queueing time: mean = 0.00ms, max = -0.00ms, min = 9223372036854.78ms, total = 0.00ms
	ray::rpc::InternalPubSubGcsService.grpc_client.GcsSubscriberCommandBatch.OnReplyReceived - 1 total (0 active), Execution time: mean = 0.13ms, total = 0.13ms, Queueing time: mean = 0.40ms, max = 0.40ms, min = 0.40ms, total = 0.40ms
	CoreWorker.PrintEventStats - 1 total (1 active, 1 running), Execution time: mean = 0.00ms, total = 0.00ms, Queueing time: mean = 0.00ms, max = -0.00ms, min = 9223372036854.78ms, total = 0.00ms

-----------------
Task execution event stats:

Global stats: 5964 total (1 active)
Queueing time: mean = 0.05ms, max = 0.11ms, min = 0.00ms, total = 317.33ms
Execution time:  mean = 0.01ms, total = 88.05ms
Event stats:
	CoreWorker.CheckSignal - 5963 total (1 active), Execution time: mean = 0.01ms, total = 88.04ms, Queueing time: mean = 0.05ms, max = 0.11ms, min = 0.00ms, total = 317.33ms
	PeriodicalRunner.RunFnPeriodically - 1 total (0 active), Execution time: mean = 0.01ms, total = 0.01ms, Queueing time: mean = 0.00ms, max = 0.00ms, min = 0.00ms, total = 0.00ms

-----------------
Task Event stats:

IO Service Stats:

Global stats: 181 total (1 active)
Queueing time: mean = 0.03ms, max = 0.11ms, min = 0.01ms, total = 5.47ms
Execution time:  mean = 0.32ms, total = 58.69ms
Event stats:
	CoreWorker.deadline_timer.flush_task_events - 60 total (1 active), Execution time: mean = 0.21ms, total = 12.86ms, Queueing time: mean = 0.05ms, max = 0.11ms, min = 0.02ms, total = 3.25ms
	ray::rpc::TaskInfoGcsService.grpc_client.AddTaskEventData.OnReplyReceived - 60 total (0 active), Execution time: mean = 0.03ms, total = 1.96ms, Queueing time: mean = 0.04ms, max = 0.07ms, min = 0.01ms, total = 2.21ms
	ray::rpc::TaskInfoGcsService.grpc_client.AddTaskEventData - 60 total (0 active), Execution time: mean = 0.73ms, total = 43.64ms, Queueing time: mean = 0.00ms, max = -0.00ms, min = 9223372036854.78ms, total = 0.00ms
	PeriodicalRunner.RunFnPeriodically - 1 total (0 active), Execution time: mean = 0.23ms, total = 0.23ms, Queueing time: mean = 0.01ms, max = 0.01ms, min = 0.01ms, total = 0.01ms
Other Stats:
	gcs_grpc_in_progress:0
	event_aggregator_grpc_in_progress:0
	current number of task status events in buffer: 0
	current number of profile events in buffer: 0
	current number of dropped task attempts tracked: 0
	total task events sent: 0 MiB
	total number of task attempts sent: 0
	total number of task attempts dropped reported: 0
	total number of sent failure: 0
	num status task events dropped: 0
	num profile task events dropped: 0
	num ray task events reported to aggregator: 0
	num ray task events failed to report to aggregator: 0
	num of task attempts dropped reported to aggregator: 0
	num of failed requests to aggregator: 0

[2026-01-25 20:14:01,924 I 2437379 2438290] accessor.cc:433: Received address and liveness notification for node, IsAlive = 0 node_id=064d6f2d53d313ef19022884d25b99b1a07d09385a43308dba166421
[2026-01-25 20:14:01,924 I 2437379 2438290] core_worker.cc:740: Node failure. All objects pinned on that node will be lost if object reconstruction is not enabled. node_id=064d6f2d53d313ef19022884d25b99b1a07d09385a43308dba166421
[2026-01-25 20:14:01,924 I 2437379 2438290] normal_task_submitter.cc:840: Number of alive nodes:0
