[2026-01-25 20:12:48,842 I 2437272 2437272] (raylet) main.cc:272: Setting cluster ID to: 4b3b30ed1c8d10c36e207f9f33be354964c1aef485d6765f63b062eb
[2026-01-25 20:12:48,849 I 2437272 2437272] (raylet) main.cc:512: Per-worker process group cleanup is DISABLED, subreaper is DISABLED
[2026-01-25 20:12:48,849 I 2437272 2437272] (raylet) main.cc:646: Setting node ID node_id=064d6f2d53d313ef19022884d25b99b1a07d09385a43308dba166421
[2026-01-25 20:12:48,850 I 2437272 2437272] (raylet) store_runner.cc:50: Allowing the Plasma store to use up to 75.9134GB of memory.
[2026-01-25 20:12:48,850 I 2437272 2437272] (raylet) store_runner.cc:66: Starting object store with directory /dev/shm, fallback /data1/TROJail/RAGEN/temp/ray/session_2026-01-25_20-12-45_794200_2436500, and huge page support disabled
[2026-01-25 20:12:48,850 I 2437272 2437295] (raylet) dlmalloc.cc:324: Setting dlmalloc config: plasma_directory=/dev/shm, fallback_directory=/data1/TROJail/RAGEN/temp/ray/session_2026-01-25_20-12-45_794200_2436500, hugepage_enabled=0, fallback_enabled=1
[2026-01-25 20:12:48,850 I 2437272 2437295] (raylet) dlmalloc.cc:153: create_and_mmap_buffer(75913494536, /dev/shm/plasmaXXXXXX)
[2026-01-25 20:12:48,851 I 2437272 2437295] (raylet) store.cc:572: Plasma store debug dump: 
Current usage: 0 / 75.9134 GB
- num bytes created total: 0
0 pending objects of total size 0MB
- objects spillable: 0
- bytes spillable: 0
- objects unsealed: 0
- bytes unsealed: 0
- objects in use: 0
- bytes in use: 0
- objects evictable: 0
- bytes evictable: 0

- objects created by worker: 0
- bytes created by worker: 0
- objects restored: 0
- bytes restored: 0
- objects received: 0
- bytes received: 0
- objects errored: 0
- bytes errored: 0

[2026-01-25 20:12:48,853 I 2437272 2437272] (raylet) grpc_server.cc:143: ObjectManager server started, listening on port 34451.
[2026-01-25 20:12:48,864 I 2437272 2437272] (raylet) memory_monitor.cc:47: MemoryMonitor initialized with usage threshold at 256622297088 bytes (0.95 system memory), total system memory bytes: 270128750592
[2026-01-25 20:12:48,864 I 2437272 2437272] (raylet) node_manager.cc:243: Initializing NodeManager node_id=064d6f2d53d313ef19022884d25b99b1a07d09385a43308dba166421
[2026-01-25 20:12:48,865 I 2437272 2437272] (raylet) grpc_server.cc:143: NodeManager server started, listening on port 32971.
[2026-01-25 20:12:48,878 I 2437272 2437341] (raylet) agent_manager.cc:81: Monitor agent process with name dashboard_agent
[2026-01-25 20:12:48,879 I 2437272 2437272] (raylet) metrics_agent_client.cc:45: Initializing exporter ...
[2026-01-25 20:12:48,879 I 2437272 2437343] (raylet) agent_manager.cc:81: Monitor agent process with name runtime_env_agent
[2026-01-25 20:12:48,879 I 2437272 2437272] (raylet) event.cc:499: Ray Event initialized for RAYLET
[2026-01-25 20:12:48,879 I 2437272 2437272] (raylet) event.cc:332: Set ray event level to warning
[2026-01-25 20:12:48,881 I 2437272 2437272] (raylet) node_manager.cc:294: Raylet of id, 064d6f2d53d313ef19022884d25b99b1a07d09385a43308dba166421 started. Raylet consists of node_manager and object_manager. node_manager address: 172.28.6.5:0 object_manager address: 172.28.6.5:34451 hostname: adminn
[2026-01-25 20:12:48,885 I 2437272 2437272] (raylet) node_manager.cc:432: [state-dump] NodeManager:
[state-dump] Node ID: 064d6f2d53d313ef19022884d25b99b1a07d09385a43308dba166421
[state-dump] Node name: 172.28.6.5
[state-dump] InitialConfigResources: {GPU: 2, node:__internal_head__: 1, memory: 1.77131e+11, object_store_memory: 7.59134e+10, accelerator_type:G: 1, CPU: 48, node:172.28.6.5: 1}
[state-dump] ClusterLeaseManager:
[state-dump] ========== Node: 064d6f2d53d313ef19022884d25b99b1a07d09385a43308dba166421 =================
[state-dump] Infeasible queue length: 0
[state-dump] Schedule queue length: 0
[state-dump] Grant queue length: 0
[state-dump] num_waiting_for_resource: 0
[state-dump] num_waiting_for_plasma_memory: 0
[state-dump] num_waiting_for_remote_node_resources: 0
[state-dump] num_worker_not_started_by_job_config_not_exist: 0
[state-dump] num_worker_not_started_by_registration_timeout: 0
[state-dump] num_tasks_waiting_for_workers: 0
[state-dump] num_cancelled_leases: 0
[state-dump] cluster_resource_scheduler state: 
[state-dump] Local id: -2058861711284049728 Local resources: {"total":{node:172.28.6.5: [10000], accelerator_type:G: [10000], CPU: [480000], GPU: [10000, 10000], node:__internal_head__: [10000], memory: [1771313152000000], object_store_memory: [759134208000000]}}, "available": {node:172.28.6.5: [10000], accelerator_type:G: [10000], CPU: [480000], GPU: [10000, 10000], node:__internal_head__: [10000], memory: [1771313152000000], object_store_memory: [759134208000000]}}, "labels":{"ray.io/accelerator-type":"G","ray.io/node-id":"064d6f2d53d313ef19022884d25b99b1a07d09385a43308dba166421",} is_draining: 0 is_idle: 1 Cluster resources (at most 20 nodes are shown): node id: -2058861711284049728{"total":{GPU: 20000, node:__internal_head__: 10000, memory: 1771313152000000, object_store_memory: 759134208000000, CPU: 480000, accelerator_type:G: 10000, node:172.28.6.5: 10000}}, "available": {node:172.28.6.5: 10000, memory: 1771313152000000, node:__internal_head__: 10000, object_store_memory: 759134208000000, CPU: 480000, accelerator_type:G: 10000, GPU: 20000}}, "labels":{"ray.io/accelerator-type":"G","ray.io/node-id":"064d6f2d53d313ef19022884d25b99b1a07d09385a43308dba166421",}, "is_draining": 0, "draining_deadline_timestamp_ms": -1} { "placement group locations": [], "node to bundles": []}
[state-dump] Waiting leases size: 0
[state-dump] Number of granted lease arguments: 0
[state-dump] Number of pinned lease arguments: 0
[state-dump] Number of total spilled leases: 0
[state-dump] Number of spilled waiting leases: 0
[state-dump] Number of spilled unschedulable leases: 0
[state-dump] Resource usage {
[state-dump] }
[state-dump] Backlog Size per scheduling descriptor :{workerId: num backlogs}:
[state-dump] 
[state-dump] Granted leases by scheduling class:
[state-dump] ==================================================
[state-dump] 
[state-dump] ClusterResources:
[state-dump] LocalObjectManager:
[state-dump] - num pinned objects: 0
[state-dump] - pinned objects size: 0
[state-dump] - num objects pending restore: 0
[state-dump] - num objects pending spill: 0
[state-dump] - num bytes pending spill: 0
[state-dump] - num bytes currently spilled: 0
[state-dump] - cumulative spill requests: 0
[state-dump] - cumulative restore requests: 0
[state-dump] - spilled objects pending delete: 0
[state-dump] 
[state-dump] ObjectManager:
[state-dump] - num local objects: 0
[state-dump] - num unfulfilled push requests: 0
[state-dump] - num object pull requests: 0
[state-dump] - num chunks received total: 0
[state-dump] - num chunks received failed (all): 0
[state-dump] - num chunks received failed / cancelled: 0
[state-dump] - num chunks received failed / plasma error: 0
[state-dump] Event stats:
[state-dump] Global stats: 0 total (0 active)
[state-dump] Queueing time: mean = -nanms, max = -0.00ms, min = 9223372036854.78ms, total = 0.00ms
[state-dump] Execution time:  mean = -nanms, total = 0.00ms
[state-dump] Event stats:
[state-dump] PushManager:
[state-dump] - num pushes remaining: 0
[state-dump] - num chunks in flight: 0
[state-dump] - num chunks remaining: 0
[state-dump] - max chunks allowed: 409
[state-dump] OwnershipBasedObjectDirectory:
[state-dump] - num listeners: 0
[state-dump] - cumulative location updates: 0
[state-dump] - num location updates per second: 0.000
[state-dump] - num location lookups per second: 0.000
[state-dump] - num locations added per second: 0.000
[state-dump] - num locations removed per second: 0.000
[state-dump] BufferPool:
[state-dump] - create buffer state map size: 0
[state-dump] PullManager:
[state-dump] - num bytes available for pulled objects: 75913420800
[state-dump] - num bytes being pulled (all): 0
[state-dump] - num bytes being pulled / pinned: 0
[state-dump] - get request bundles: BundlePullRequestQueue{0 total, 0 active, 0 inactive, 0 unpullable}
[state-dump] - wait request bundles: BundlePullRequestQueue{0 total, 0 active, 0 inactive, 0 unpullable}
[state-dump] - task request bundles: BundlePullRequestQueue{0 total, 0 active, 0 inactive, 0 unpullable}
[state-dump] - first get request bundle: N/A
[state-dump] - first wait request bundle: N/A
[state-dump] - first task request bundle: N/A
[state-dump] - num objects queued: 0
[state-dump] - num objects actively pulled (all): 0
[state-dump] - num objects actively pulled / pinned: 0
[state-dump] - num bundles being pulled: 0
[state-dump] - num pull retries: 0
[state-dump] - max timeout seconds: 0
[state-dump] - max timeout request is already processed. No entry.
[state-dump] 
[state-dump] WorkerPool:
[state-dump] - registered jobs: 0
[state-dump] - process_failed_job_config_missing: 0
[state-dump] - process_failed_rate_limited: 0
[state-dump] - process_failed_pending_registration: 0
[state-dump] - process_failed_runtime_env_setup_failed: 0
[state-dump] - num PYTHON workers: 0
[state-dump] - num PYTHON drivers: 0
[state-dump] - num PYTHON pending start requests: 0
[state-dump] - num PYTHON pending registration requests: 0
[state-dump] - num object spill callbacks queued: 0
[state-dump] - num object restore queued: 0
[state-dump] - num util functions queued: 0
[state-dump] - num JAVA workers: 0
[state-dump] - num JAVA drivers: 0
[state-dump] - num JAVA pending start requests: 0
[state-dump] - num JAVA pending registration requests: 0
[state-dump] - num object spill callbacks queued: 0
[state-dump] - num object restore queued: 0
[state-dump] - num util functions queued: 0
[state-dump] - num idle workers: 0
[state-dump] LeaseDependencyManager:
[state-dump] - lease deps map size: 0
[state-dump] - get req map size: 0
[state-dump] - wait req map size: 0
[state-dump] - local objects map size: 0
[state-dump] WaitManager:
[state-dump] - num active wait requests: 0
[state-dump] Subscriber:
[state-dump] Channel WORKER_REF_REMOVED_CHANNEL
[state-dump] - cumulative subscribe requests: 0
[state-dump] - cumulative unsubscribe requests: 0
[state-dump] - active subscribed publishers: 0
[state-dump] - cumulative published messages: 0
[state-dump] - cumulative processed messages: 0
[state-dump] Channel WORKER_OBJECT_LOCATIONS_CHANNEL
[state-dump] - cumulative subscribe requests: 0
[state-dump] - cumulative unsubscribe requests: 0
[state-dump] - active subscribed publishers: 0
[state-dump] - cumulative published messages: 0
[state-dump] - cumulative processed messages: 0
[state-dump] Channel WORKER_OBJECT_EVICTION
[state-dump] - cumulative subscribe requests: 0
[state-dump] - cumulative unsubscribe requests: 0
[state-dump] - active subscribed publishers: 0
[state-dump] - cumulative published messages: 0
[state-dump] - cumulative processed messages: 0
[state-dump] num async plasma notifications: 0
[state-dump] Event stats:
[state-dump] Global stats: 34 total (15 active)
[state-dump] Queueing time: mean = 2.37ms, max = 16.14ms, min = 0.00ms, total = 80.49ms
[state-dump] Execution time:  mean = 1.14ms, total = 38.92ms
[state-dump] Event stats:
[state-dump] 	PeriodicalRunner.RunFnPeriodically - 12 total (2 active, 1 running), Execution time: mean = 0.24ms, total = 2.93ms, Queueing time: mean = 6.20ms, max = 16.14ms, min = 0.11ms, total = 74.39ms
[state-dump] 	event_loop_lag_probe - 2 total (0 active), Execution time: mean = 0.01ms, total = 0.02ms, Queueing time: mean = 3.02ms, max = 6.04ms, min = 0.00ms, total = 6.04ms
[state-dump] 	RayletWorkerPool.deadline_timer.kill_idle_workers - 1 total (1 active), Execution time: mean = 0.00ms, total = 0.00ms, Queueing time: mean = 0.00ms, max = -0.00ms, min = 9223372036854.78ms, total = 0.00ms
[state-dump] 	ray::rpc::InternalKVGcsService.grpc_client.GetInternalConfig.OnReplyReceived - 1 total (0 active), Execution time: mean = 30.36ms, total = 30.36ms, Queueing time: mean = 0.01ms, max = 0.01ms, min = 0.01ms, total = 0.01ms
[state-dump] 	NodeManager.deadline_timer.spill_objects_when_over_threshold - 1 total (1 active), Execution time: mean = 0.00ms, total = 0.00ms, Queueing time: mean = 0.00ms, max = -0.00ms, min = 9223372036854.78ms, total = 0.00ms
[state-dump] 	NodeManager.CheckForUnexpectedWorkerDisconnects - 1 total (1 active), Execution time: mean = 0.00ms, total = 0.00ms, Queueing time: mean = 0.00ms, max = -0.00ms, min = 9223372036854.78ms, total = 0.00ms
[state-dump] 	ray::rpc::InternalPubSubGcsService.grpc_client.GcsSubscriberCommandBatch - 1 total (0 active), Execution time: mean = 0.99ms, total = 0.99ms, Queueing time: mean = 0.00ms, max = -0.00ms, min = 9223372036854.78ms, total = 0.00ms
[state-dump] 	NodeManager.ScheduleAndGrantLeases - 1 total (1 active), Execution time: mean = 0.00ms, total = 0.00ms, Queueing time: mean = 0.00ms, max = -0.00ms, min = 9223372036854.78ms, total = 0.00ms
[state-dump] 	MemoryMonitor.CheckIsMemoryUsageAboveThreshold - 1 total (1 active), Execution time: mean = 0.00ms, total = 0.00ms, Queueing time: mean = 0.00ms, max = -0.00ms, min = 9223372036854.78ms, total = 0.00ms
[state-dump] 	ray::rpc::NodeInfoGcsService.grpc_client.RegisterNode.OnReplyReceived - 1 total (0 active), Execution time: mean = 0.63ms, total = 0.63ms, Queueing time: mean = 0.02ms, max = 0.02ms, min = 0.02ms, total = 0.02ms
[state-dump] 	ReporterService.grpc_client.HealthCheck - 1 total (0 active), Execution time: mean = 1.45ms, total = 1.45ms, Queueing time: mean = 0.00ms, max = -0.00ms, min = 9223372036854.78ms, total = 0.00ms
[state-dump] 	NodeManager.deadline_timer.flush_free_objects - 1 total (1 active), Execution time: mean = 0.00ms, total = 0.00ms, Queueing time: mean = 0.00ms, max = -0.00ms, min = 9223372036854.78ms, total = 0.00ms
[state-dump] 	NodeManager.deadline_timer.record_metrics - 1 total (1 active), Execution time: mean = 0.00ms, total = 0.00ms, Queueing time: mean = 0.00ms, max = -0.00ms, min = 9223372036854.78ms, total = 0.00ms
[state-dump] 	ray::rpc::InternalPubSubGcsService.grpc_client.GcsSubscriberPoll - 1 total (1 active), Execution time: mean = 0.00ms, total = 0.00ms, Queueing time: mean = 0.00ms, max = -0.00ms, min = 9223372036854.78ms, total = 0.00ms
[state-dump] 	NodeManager.GCTaskFailureReason - 1 total (1 active), Execution time: mean = 0.00ms, total = 0.00ms, Queueing time: mean = 0.00ms, max = -0.00ms, min = 9223372036854.78ms, total = 0.00ms
[state-dump] 	ClusterResourceManager.ResetRemoteNodeView - 1 total (1 active), Execution time: mean = 0.00ms, total = 0.00ms, Queueing time: mean = 0.00ms, max = -0.00ms, min = 9223372036854.78ms, total = 0.00ms
[state-dump] 	ReporterService.grpc_client.HealthCheck.OnReplyReceived - 1 total (0 active), Execution time: mean = 0.05ms, total = 0.05ms, Queueing time: mean = 0.01ms, max = 0.01ms, min = 0.01ms, total = 0.01ms
[state-dump] 	ray::rpc::InternalKVGcsService.grpc_client.GetInternalConfig - 1 total (0 active), Execution time: mean = 1.16ms, total = 1.16ms, Queueing time: mean = 0.00ms, max = -0.00ms, min = 9223372036854.78ms, total = 0.00ms
[state-dump] 	ray::rpc::NodeInfoGcsService.grpc_client.RegisterNode - 1 total (0 active), Execution time: mean = 1.34ms, total = 1.34ms, Queueing time: mean = 0.00ms, max = -0.00ms, min = 9223372036854.78ms, total = 0.00ms
[state-dump] 	MetricsAgentClient.WaitForServerReadyWithRetry - 1 total (1 active), Execution time: mean = 0.00ms, total = 0.00ms, Queueing time: mean = 0.00ms, max = -0.00ms, min = 9223372036854.78ms, total = 0.00ms
[state-dump] 	NodeManager.deadline_timer.debug_state_dump - 1 total (1 active), Execution time: mean = 0.00ms, total = 0.00ms, Queueing time: mean = 0.00ms, max = -0.00ms, min = 9223372036854.78ms, total = 0.00ms
[state-dump] 	ray::rpc::InternalPubSubGcsService.grpc_client.GcsSubscriberCommandBatch.OnReplyReceived - 1 total (1 active), Execution time: mean = 0.00ms, total = 0.00ms, Queueing time: mean = 0.00ms, max = -0.00ms, min = 9223372036854.78ms, total = 0.00ms
[state-dump] DebugString() time ms: 0
[state-dump] 
[state-dump] 
[2026-01-25 20:12:48,886 I 2437272 2437272] (raylet) accessor.cc:433: Received address and liveness notification for node, IsAlive = 1 node_id=064d6f2d53d313ef19022884d25b99b1a07d09385a43308dba166421
[2026-01-25 20:12:48,955 I 2437272 2437272] (raylet) worker_pool.cc:746: [Eagerly] Start install runtime environment for job 01000000.
[2026-01-25 20:12:48,959 I 2437272 2437272] (raylet) worker_pool.cc:527: Started worker process with pid 2437365, the token is 0
[2026-01-25 20:12:48,962 I 2437272 2437272] (raylet) worker_pool.cc:527: Started worker process with pid 2437366, the token is 1
[2026-01-25 20:12:48,965 I 2437272 2437272] (raylet) worker_pool.cc:527: Started worker process with pid 2437367, the token is 2
[2026-01-25 20:12:48,967 I 2437272 2437272] (raylet) worker_pool.cc:527: Started worker process with pid 2437368, the token is 3
[2026-01-25 20:12:48,969 I 2437272 2437272] (raylet) worker_pool.cc:527: Started worker process with pid 2437369, the token is 4
[2026-01-25 20:12:48,971 I 2437272 2437272] (raylet) worker_pool.cc:527: Started worker process with pid 2437370, the token is 5
[2026-01-25 20:12:48,973 I 2437272 2437272] (raylet) worker_pool.cc:527: Started worker process with pid 2437371, the token is 6
[2026-01-25 20:12:48,974 I 2437272 2437272] (raylet) worker_pool.cc:527: Started worker process with pid 2437372, the token is 7
[2026-01-25 20:12:48,977 I 2437272 2437272] (raylet) worker_pool.cc:527: Started worker process with pid 2437373, the token is 8
[2026-01-25 20:12:48,979 I 2437272 2437272] (raylet) worker_pool.cc:527: Started worker process with pid 2437374, the token is 9
[2026-01-25 20:12:48,981 I 2437272 2437272] (raylet) worker_pool.cc:527: Started worker process with pid 2437375, the token is 10
[2026-01-25 20:12:48,982 I 2437272 2437272] (raylet) worker_pool.cc:527: Started worker process with pid 2437376, the token is 11
[2026-01-25 20:12:48,985 I 2437272 2437272] (raylet) worker_pool.cc:527: Started worker process with pid 2437377, the token is 12
[2026-01-25 20:12:48,987 I 2437272 2437272] (raylet) worker_pool.cc:527: Started worker process with pid 2437378, the token is 13
[2026-01-25 20:12:48,989 I 2437272 2437272] (raylet) worker_pool.cc:527: Started worker process with pid 2437379, the token is 14
[2026-01-25 20:12:48,991 I 2437272 2437272] (raylet) worker_pool.cc:527: Started worker process with pid 2437380, the token is 15
[2026-01-25 20:12:48,993 I 2437272 2437272] (raylet) worker_pool.cc:527: Started worker process with pid 2437381, the token is 16
[2026-01-25 20:12:48,995 I 2437272 2437272] (raylet) worker_pool.cc:527: Started worker process with pid 2437382, the token is 17
[2026-01-25 20:12:48,997 I 2437272 2437272] (raylet) worker_pool.cc:527: Started worker process with pid 2437383, the token is 18
[2026-01-25 20:12:49,024 I 2437272 2437272] (raylet) worker_pool.cc:527: Started worker process with pid 2437384, the token is 19
[2026-01-25 20:12:49,026 I 2437272 2437272] (raylet) worker_pool.cc:527: Started worker process with pid 2437385, the token is 20
[2026-01-25 20:12:49,029 I 2437272 2437272] (raylet) worker_pool.cc:527: Started worker process with pid 2437386, the token is 21
[2026-01-25 20:12:49,032 I 2437272 2437272] (raylet) worker_pool.cc:527: Started worker process with pid 2437387, the token is 22
[2026-01-25 20:12:49,035 I 2437272 2437272] (raylet) worker_pool.cc:527: Started worker process with pid 2437388, the token is 23
[2026-01-25 20:12:49,038 I 2437272 2437272] (raylet) worker_pool.cc:527: Started worker process with pid 2437389, the token is 24
[2026-01-25 20:12:49,040 I 2437272 2437272] (raylet) worker_pool.cc:527: Started worker process with pid 2437390, the token is 25
[2026-01-25 20:12:49,042 I 2437272 2437272] (raylet) worker_pool.cc:527: Started worker process with pid 2437391, the token is 26
[2026-01-25 20:12:49,044 I 2437272 2437272] (raylet) worker_pool.cc:527: Started worker process with pid 2437392, the token is 27
[2026-01-25 20:12:49,046 I 2437272 2437272] (raylet) worker_pool.cc:527: Started worker process with pid 2437393, the token is 28
[2026-01-25 20:12:49,049 I 2437272 2437272] (raylet) worker_pool.cc:527: Started worker process with pid 2437394, the token is 29
[2026-01-25 20:12:49,052 I 2437272 2437272] (raylet) worker_pool.cc:527: Started worker process with pid 2437395, the token is 30
[2026-01-25 20:12:49,054 I 2437272 2437272] (raylet) worker_pool.cc:527: Started worker process with pid 2437396, the token is 31
[2026-01-25 20:12:49,057 I 2437272 2437272] (raylet) worker_pool.cc:527: Started worker process with pid 2437397, the token is 32
[2026-01-25 20:12:49,060 I 2437272 2437272] (raylet) worker_pool.cc:527: Started worker process with pid 2437398, the token is 33
[2026-01-25 20:12:49,062 I 2437272 2437272] (raylet) worker_pool.cc:527: Started worker process with pid 2437399, the token is 34
[2026-01-25 20:12:49,065 I 2437272 2437272] (raylet) worker_pool.cc:527: Started worker process with pid 2437400, the token is 35
[2026-01-25 20:12:49,068 I 2437272 2437272] (raylet) worker_pool.cc:527: Started worker process with pid 2437401, the token is 36
[2026-01-25 20:12:49,071 I 2437272 2437272] (raylet) worker_pool.cc:527: Started worker process with pid 2437402, the token is 37
[2026-01-25 20:12:49,073 I 2437272 2437272] (raylet) worker_pool.cc:527: Started worker process with pid 2437403, the token is 38
[2026-01-25 20:12:49,076 I 2437272 2437272] (raylet) worker_pool.cc:527: Started worker process with pid 2437404, the token is 39
[2026-01-25 20:12:49,079 I 2437272 2437272] (raylet) worker_pool.cc:527: Started worker process with pid 2437405, the token is 40
[2026-01-25 20:12:49,082 I 2437272 2437272] (raylet) worker_pool.cc:527: Started worker process with pid 2437406, the token is 41
[2026-01-25 20:12:49,085 I 2437272 2437272] (raylet) worker_pool.cc:527: Started worker process with pid 2437407, the token is 42
[2026-01-25 20:12:49,088 I 2437272 2437272] (raylet) worker_pool.cc:527: Started worker process with pid 2437408, the token is 43
[2026-01-25 20:12:49,092 I 2437272 2437272] (raylet) worker_pool.cc:527: Started worker process with pid 2437409, the token is 44
[2026-01-25 20:12:49,095 I 2437272 2437272] (raylet) worker_pool.cc:527: Started worker process with pid 2437410, the token is 45
[2026-01-25 20:12:49,098 I 2437272 2437272] (raylet) worker_pool.cc:527: Started worker process with pid 2437411, the token is 46
[2026-01-25 20:12:49,101 I 2437272 2437272] (raylet) worker_pool.cc:527: Started worker process with pid 2437412, the token is 47
[2026-01-25 20:12:49,101 I 2437272 2437272] (raylet) runtime_env_agent_client.cc:350: Runtime Env Agent network error: NotFound: on_connect Connection refused, the server may be still starting or is already failed. Scheduling a retry in 1000ms...
[2026-01-25 20:12:49,581 I 2437272 2437295] (raylet) object_store.cc:37: Object store current usage 8e-09 / 75.9134 GB.
[2026-01-25 20:12:50,105 I 2437272 2437272] (raylet) runtime_env_agent_client.cc:393: Create runtime env for job 01000000
[2026-01-25 20:12:50,105 I 2437272 2437272] (raylet) worker_pool.cc:757: [Eagerly] Create runtime env successful for job 01000000.
[2026-01-25 20:12:50,342 I 2437272 2437272] (raylet) worker_pool.cc:736: Job 01000000 already started in worker pool.
[2026-01-25 20:12:50,376 I 2437272 2437272] (raylet) runtime_env_agent_client.cc:393: Create runtime env for job 01000000
[2026-01-25 20:12:50,381 I 2437272 2437272] (raylet) worker_pool.cc:527: Started worker process with pid 2440222, the token is 48
[2026-01-25 20:12:51,522 I 2437272 2437272] (raylet) node_manager.cc:1409: Disconnecting worker, graceful=true, disconnect_type=1, has_creation_task_exception=false worker_id=e6c0be2fc3e008dc317ae67d768e86e1c411f1bf16f4b3df12ed6496 job_id=NIL_ID
[2026-01-25 20:12:51,526 W 2437272 2437295] (raylet) store.cc:365: Disconnecting client due to connection error with code 2: End of file
[2026-01-25 20:12:51,882 I 2437272 2437272] (raylet) metrics_agent_client.cc:59: Exporter initialized.
[2026-01-25 20:13:00,648 I 2437272 2437272] (raylet) runtime_env_agent_client.cc:393: Create runtime env for job 01000000
[2026-01-25 20:13:00,655 I 2437272 2437272] (raylet) worker_pool.cc:527: Started worker process with pid 2440583, the token is 49
[2026-01-25 20:13:00,727 I 2437272 2437272] (raylet) node_manager.cc:1409: Disconnecting worker, graceful=true, disconnect_type=1, has_creation_task_exception=false worker_id=cf3e189c660f2e54d015456e2d13f11e218c2100d251769c9ef6e565 job_id=NIL_ID
[2026-01-25 20:13:00,728 I 2437272 2437272] (raylet) node_manager.cc:1409: Disconnecting worker, graceful=true, disconnect_type=1, has_creation_task_exception=false worker_id=9dc63e1a36c19ff6076b41a76a2d2946de0819b5a535d909fc3b7292 job_id=NIL_ID
[2026-01-25 20:13:00,733 W 2437272 2437295] (raylet) store.cc:365: Disconnecting client due to connection error with code 2: End of file
[2026-01-25 20:13:00,733 W 2437272 2437295] (raylet) store.cc:365: Disconnecting client due to connection error with code 2: End of file
[2026-01-25 20:13:01,698 I 2437272 2437272] (raylet) runtime_env_agent_client.cc:393: Create runtime env for job 01000000
[2026-01-25 20:13:01,706 I 2437272 2437272] (raylet) worker_pool.cc:527: Started worker process with pid 2440751, the token is 50
[2026-01-25 20:13:02,729 I 2437272 2437272] (raylet) node_manager.cc:1409: Disconnecting worker, graceful=true, disconnect_type=1, has_creation_task_exception=false worker_id=0788e55cf923c8a26decd817fa90cd5b2d0fe6bb2b92932722c3922b job_id=NIL_ID
[2026-01-25 20:13:02,735 W 2437272 2437295] (raylet) store.cc:365: Disconnecting client due to connection error with code 2: End of file
[2026-01-25 20:13:08,374 I 2437272 2437272] (raylet) runtime_env_agent_client.cc:393: Create runtime env for job 01000000
[2026-01-25 20:13:08,378 I 2437272 2437272] (raylet) worker_pool.cc:527: Started worker process with pid 2441002, the token is 51
[2026-01-25 20:13:09,386 I 2437272 2437272] (raylet) runtime_env_agent_client.cc:393: Create runtime env for job 01000000
[2026-01-25 20:13:09,392 I 2437272 2437272] (raylet) worker_pool.cc:527: Started worker process with pid 2441065, the token is 52
[2026-01-25 20:13:48,851 I 2437272 2437295] (raylet) store.cc:572: Plasma store debug dump: 
Current usage: 0 / 75.9134 GB
- num bytes created total: 432
0 pending objects of total size 0MB
- objects spillable: 0
- bytes spillable: 0
- objects unsealed: 0
- bytes unsealed: 0
- objects in use: 0
- bytes in use: 0
- objects evictable: 0
- bytes evictable: 0

- objects created by worker: 0
- bytes created by worker: 0
- objects restored: 0
- bytes restored: 0
- objects received: 0
- bytes received: 0
- objects errored: 0
- bytes errored: 0

[2026-01-25 20:13:48,888 I 2437272 2437272] (raylet) node_manager.cc:432: [state-dump] NodeManager:
[state-dump] Node ID: 064d6f2d53d313ef19022884d25b99b1a07d09385a43308dba166421
[state-dump] Node name: 172.28.6.5
[state-dump] InitialConfigResources: {GPU: 2, node:__internal_head__: 1, memory: 1.77131e+11, object_store_memory: 7.59134e+10, accelerator_type:G: 1, CPU: 48, node:172.28.6.5: 1}
[state-dump] ClusterLeaseManager:
[state-dump] ========== Node: 064d6f2d53d313ef19022884d25b99b1a07d09385a43308dba166421 =================
[state-dump] Infeasible queue length: 0
[state-dump] Schedule queue length: 0
[state-dump] Grant queue length: 0
[state-dump] num_waiting_for_resource: 0
[state-dump] num_waiting_for_plasma_memory: 0
[state-dump] num_waiting_for_remote_node_resources: 0
[state-dump] num_worker_not_started_by_job_config_not_exist: 0
[state-dump] num_worker_not_started_by_registration_timeout: 0
[state-dump] num_tasks_waiting_for_workers: 0
[state-dump] num_cancelled_leases: 0
[state-dump] cluster_resource_scheduler state: 
[state-dump] Local id: -2058861711284049728 Local resources: {"total":{bundle_group_8f463ee9c44267fc0f1ff79a4c1501000000: [20000000], object_store_memory: [759134208000000], GPU_group_0_8f463ee9c44267fc0f1ff79a4c1501000000: [10000, 0], GPU: [10000, 10000], GPU_group_8f463ee9c44267fc0f1ff79a4c1501000000: [10000, 10000], bundle_group_0_8f463ee9c44267fc0f1ff79a4c1501000000: [10000000], CPU_group_8f463ee9c44267fc0f1ff79a4c1501000000: [20000], node:__internal_head__: [10000], memory: [1771313152000000], CPU_group_0_8f463ee9c44267fc0f1ff79a4c1501000000: [10000], CPU: [480000], CPU_group_1_8f463ee9c44267fc0f1ff79a4c1501000000: [10000], node:172.28.6.5: [10000], bundle_group_1_8f463ee9c44267fc0f1ff79a4c1501000000: [10000000], accelerator_type:G: [10000], GPU_group_1_8f463ee9c44267fc0f1ff79a4c1501000000: [0, 10000]}}, "available": {bundle_group_8f463ee9c44267fc0f1ff79a4c1501000000: [19999980], object_store_memory: [759134208000000], GPU_group_0_8f463ee9c44267fc0f1ff79a4c1501000000: [0, 0], GPU: [0, 0], GPU_group_8f463ee9c44267fc0f1ff79a4c1501000000: [0, 0], bundle_group_0_8f463ee9c44267fc0f1ff79a4c1501000000: [9999990], CPU_group_8f463ee9c44267fc0f1ff79a4c1501000000: [0], node:__internal_head__: [10000], memory: [1771313152000000], CPU_group_0_8f463ee9c44267fc0f1ff79a4c1501000000: [0], CPU: [450000], CPU_group_1_8f463ee9c44267fc0f1ff79a4c1501000000: [0], node:172.28.6.5: [10000], bundle_group_1_8f463ee9c44267fc0f1ff79a4c1501000000: [9999990], accelerator_type:G: [10000], GPU_group_1_8f463ee9c44267fc0f1ff79a4c1501000000: [0, 0]}}, "labels":{"ray.io/accelerator-type":"G","ray.io/node-id":"064d6f2d53d313ef19022884d25b99b1a07d09385a43308dba166421",} is_draining: 0 is_idle: 0 Cluster resources (at most 20 nodes are shown): node id: -2058861711284049728{"total":{CPU_group_8f463ee9c44267fc0f1ff79a4c1501000000: 20000, bundle_group_0_8f463ee9c44267fc0f1ff79a4c1501000000: 10000000, node:__internal_head__: 10000, CPU_group_1_8f463ee9c44267fc0f1ff79a4c1501000000: 10000, memory: 1771313152000000, GPU_group_8f463ee9c44267fc0f1ff79a4c1501000000: 20000, GPU: 20000, GPU_group_0_8f463ee9c44267fc0f1ff79a4c1501000000: 10000, object_store_memory: 759134208000000, bundle_group_8f463ee9c44267fc0f1ff79a4c1501000000: 20000000, node:172.28.6.5: 10000, bundle_group_1_8f463ee9c44267fc0f1ff79a4c1501000000: 10000000, accelerator_type:G: 10000, GPU_group_1_8f463ee9c44267fc0f1ff79a4c1501000000: 10000, CPU_group_0_8f463ee9c44267fc0f1ff79a4c1501000000: 10000, CPU: 480000}}, "available": {node:172.28.6.5: 10000, object_store_memory: 759134208000000, CPU: 450000, bundle_group_8f463ee9c44267fc0f1ff79a4c1501000000: 19999980, bundle_group_0_8f463ee9c44267fc0f1ff79a4c1501000000: 9999990, memory: 1771313152000000, node:__internal_head__: 10000, bundle_group_1_8f463ee9c44267fc0f1ff79a4c1501000000: 9999990, accelerator_type:G: 10000}}, "labels":{"ray.io/accelerator-type":"G","ray.io/node-id":"064d6f2d53d313ef19022884d25b99b1a07d09385a43308dba166421",}, "is_draining": 0, "draining_deadline_timestamp_ms": -1} { "placement group locations": [], "node to bundles": []}
[state-dump] Waiting leases size: 0
[state-dump] Number of granted lease arguments: 0
[state-dump] Number of pinned lease arguments: 0
[state-dump] Number of total spilled leases: 0
[state-dump] Number of spilled waiting leases: 0
[state-dump] Number of spilled unschedulable leases: 0
[state-dump] Resource usage {
[state-dump]     - (language=PYTHON actor_or_taskWorkerGroupRegisterCenter.__init__ pid=2441002 worker_id=efe3de5cba4e52acf378c2e19756095a6238fe44016cb99a3ae3a137): {}
[state-dump]     - (language=PYTHON actor_or_taskTaskRunner.__init__ pid=2440222 worker_id=ca8a13facffa549cf27f1a07f44f8f2c89ef0a18385e2e0f3a5a56cd): {CPU: 1}
[state-dump]     - (language=PYTHON actor_or_taskWorkerDict.__init__ pid=2440751 worker_id=fdfc3286979cd7abe7839f0feb60961b4567510cbed64e18fabd073c): {CPU_group_0_8f463ee9c44267fc0f1ff79a4c1501000000: 1, GPU_group_8f463ee9c44267fc0f1ff79a4c1501000000: 1, bundle_group_8f463ee9c44267fc0f1ff79a4c1501000000: 0.001, CPU_group_8f463ee9c44267fc0f1ff79a4c1501000000: 1, GPU_group_0_8f463ee9c44267fc0f1ff79a4c1501000000: 1, bundle_group_0_8f463ee9c44267fc0f1ff79a4c1501000000: 0.001}
[state-dump]     - (language=PYTHON actor_or_taskWorkerDict.__init__ pid=2441065 worker_id=a37e93012af8da70c47a53511cae3fdf7d4633074c1ed8cacc4787d4): {bundle_group_8f463ee9c44267fc0f1ff79a4c1501000000: 0.001, CPU_group_8f463ee9c44267fc0f1ff79a4c1501000000: 1, CPU_group_1_8f463ee9c44267fc0f1ff79a4c1501000000: 1, GPU_group_8f463ee9c44267fc0f1ff79a4c1501000000: 1, bundle_group_1_8f463ee9c44267fc0f1ff79a4c1501000000: 0.001, GPU_group_1_8f463ee9c44267fc0f1ff79a4c1501000000: 1}
[state-dump] }
[state-dump] Backlog Size per scheduling descriptor :{workerId: num backlogs}:
[state-dump] 
[state-dump] Granted leases by scheduling class:
[state-dump] ==================================================
[state-dump] 
[state-dump] ClusterResources:
[state-dump] LocalObjectManager:
[state-dump] - num pinned objects: 0
[state-dump] - pinned objects size: 0
[state-dump] - num objects pending restore: 0
[state-dump] - num objects pending spill: 0
[state-dump] - num bytes pending spill: 0
[state-dump] - num bytes currently spilled: 0
[state-dump] - cumulative spill requests: 0
[state-dump] - cumulative restore requests: 0
[state-dump] - spilled objects pending delete: 0
[state-dump] 
[state-dump] ObjectManager:
[state-dump] - num local objects: 0
[state-dump] - num unfulfilled push requests: 0
[state-dump] - num object pull requests: 0
[state-dump] - num chunks received total: 0
[state-dump] - num chunks received failed (all): 0
[state-dump] - num chunks received failed / cancelled: 0
[state-dump] - num chunks received failed / plasma error: 0
[state-dump] Event stats:
[state-dump] Global stats: 0 total (0 active)
[state-dump] Queueing time: mean = -nanms, max = -0.00ms, min = 9223372036854.78ms, total = 0.00ms
[state-dump] Execution time:  mean = -nanms, total = 0.00ms
[state-dump] Event stats:
[state-dump] PushManager:
[state-dump] - num pushes remaining: 0
[state-dump] - num chunks in flight: 0
[state-dump] - num chunks remaining: 0
[state-dump] - max chunks allowed: 409
[state-dump] OwnershipBasedObjectDirectory:
[state-dump] - num listeners: 0
[state-dump] - cumulative location updates: 0
[state-dump] - num location updates per second: 0.000
[state-dump] - num location lookups per second: 0.000
[state-dump] - num locations added per second: 0.000
[state-dump] - num locations removed per second: 0.000
[state-dump] BufferPool:
[state-dump] - create buffer state map size: 0
[state-dump] PullManager:
[state-dump] - num bytes available for pulled objects: 75913420800
[state-dump] - num bytes being pulled (all): 0
[state-dump] - num bytes being pulled / pinned: 0
[state-dump] - get request bundles: BundlePullRequestQueue{0 total, 0 active, 0 inactive, 0 unpullable}
[state-dump] - wait request bundles: BundlePullRequestQueue{0 total, 0 active, 0 inactive, 0 unpullable}
[state-dump] - task request bundles: BundlePullRequestQueue{0 total, 0 active, 0 inactive, 0 unpullable}
[state-dump] - first get request bundle: N/A
[state-dump] - first wait request bundle: N/A
[state-dump] - first task request bundle: N/A
[state-dump] - num objects queued: 0
[state-dump] - num objects actively pulled (all): 0
[state-dump] - num objects actively pulled / pinned: 0
[state-dump] - num bundles being pulled: 0
[state-dump] - num pull retries: 0
[state-dump] - max timeout seconds: 0
[state-dump] - max timeout request is already processed. No entry.
[state-dump] 
[state-dump] WorkerPool:
[state-dump] - registered jobs: 1
[state-dump] - process_failed_job_config_missing: 0
[state-dump] - process_failed_rate_limited: 0
[state-dump] - process_failed_pending_registration: 0
[state-dump] - process_failed_runtime_env_setup_failed: 0
[state-dump] - num PYTHON workers: 49
[state-dump] - num PYTHON drivers: 1
[state-dump] - num PYTHON pending start requests: 0
[state-dump] - num PYTHON pending registration requests: 0
[state-dump] - num object spill callbacks queued: 0
[state-dump] - num object restore queued: 0
[state-dump] - num util functions queued: 0
[state-dump] - num JAVA workers: 0
[state-dump] - num JAVA drivers: 0
[state-dump] - num JAVA pending start requests: 0
[state-dump] - num JAVA pending registration requests: 0
[state-dump] - num object spill callbacks queued: 0
[state-dump] - num object restore queued: 0
[state-dump] - num util functions queued: 0
[state-dump] - num idle workers: 45
[state-dump] LeaseDependencyManager:
[state-dump] - lease deps map size: 0
[state-dump] - get req map size: 0
[state-dump] - wait req map size: 0
[state-dump] - local objects map size: 0
[state-dump] WaitManager:
[state-dump] - num active wait requests: 0
[state-dump] Subscriber:
[state-dump] Channel WORKER_REF_REMOVED_CHANNEL
[state-dump] - cumulative subscribe requests: 0
[state-dump] - cumulative unsubscribe requests: 0
[state-dump] - active subscribed publishers: 0
[state-dump] - cumulative published messages: 0
[state-dump] - cumulative processed messages: 0
[state-dump] Channel WORKER_OBJECT_LOCATIONS_CHANNEL
[state-dump] - cumulative subscribe requests: 0
[state-dump] - cumulative unsubscribe requests: 0
[state-dump] - active subscribed publishers: 0
[state-dump] - cumulative published messages: 0
[state-dump] - cumulative processed messages: 0
[state-dump] Channel WORKER_OBJECT_EVICTION
[state-dump] - cumulative subscribe requests: 0
[state-dump] - cumulative unsubscribe requests: 0
[state-dump] - active subscribed publishers: 0
[state-dump] - cumulative published messages: 0
[state-dump] - cumulative processed messages: 0
[state-dump] num async plasma notifications: 0
[state-dump] Event stats:
[state-dump] Global stats: 9853 total (65 active)
[state-dump] Queueing time: mean = 7.23ms, max = 13895.94ms, min = 0.00ms, total = 71262.26ms
[state-dump] Execution time:  mean = 2.02ms, total = 19857.28ms
[state-dump] Event stats:
[state-dump] 	NodeManagerService.grpc_server.ReportWorkerBacklog - 2953 total (0 active), Execution time: mean = 0.34ms, total = 1003.90ms, Queueing time: mean = 0.00ms, max = -0.00ms, min = 9223372036854.78ms, total = 0.00ms
[state-dump] 	NodeManagerService.grpc_server.ReportWorkerBacklog.HandleRequestImpl - 2953 total (0 active), Execution time: mean = 0.07ms, total = 202.16ms, Queueing time: mean = 0.05ms, max = 21.54ms, min = 0.00ms, total = 149.47ms
[state-dump] 	ObjectManager.UpdateAvailableMemory - 598 total (0 active), Execution time: mean = 0.00ms, total = 2.28ms, Queueing time: mean = 0.02ms, max = 0.48ms, min = 0.01ms, total = 12.34ms
[state-dump] 	NodeManager.CheckGC - 598 total (1 active), Execution time: mean = 0.00ms, total = 1.42ms, Queueing time: mean = 0.35ms, max = 114.05ms, min = 0.01ms, total = 212.11ms
[state-dump] 	RaySyncer.OnDemandBroadcasting - 598 total (1 active), Execution time: mean = 0.02ms, total = 9.26ms, Queueing time: mean = 0.34ms, max = 114.03ms, min = 0.01ms, total = 205.56ms
[state-dump] 	RayletWorkerPool.deadline_timer.kill_idle_workers - 300 total (1 active), Execution time: mean = 0.02ms, total = 7.34ms, Queueing time: mean = 0.33ms, max = 58.85ms, min = 0.02ms, total = 97.83ms
[state-dump] 	MemoryMonitor.CheckIsMemoryUsageAboveThreshold - 240 total (1 active), Execution time: mean = 0.39ms, total = 93.71ms, Queueing time: mean = 0.08ms, max = 6.07ms, min = 0.01ms, total = 19.55ms
[state-dump] 	ClientConnection.async_read.ProcessMessageHeader - 224 total (50 active), Execution time: mean = 0.01ms, total = 1.27ms, Queueing time: mean = 293.73ms, max = 13895.94ms, min = 0.02ms, total = 65795.41ms
[state-dump] 	CoreWorkerService.grpc_client.GetCoreWorkerStats.OnReplyReceived - 198 total (0 active), Execution time: mean = 0.01ms, total = 2.48ms, Queueing time: mean = 8.22ms, max = 59.12ms, min = 0.44ms, total = 1626.64ms
[state-dump] 	CoreWorkerService.grpc_client.GetCoreWorkerStats - 198 total (0 active), Execution time: mean = 1.13ms, total = 223.94ms, Queueing time: mean = 0.00ms, max = -0.00ms, min = 9223372036854.78ms, total = 0.00ms
[state-dump] 	ClientConnection.async_read.ProcessMessage - 174 total (0 active), Execution time: mean = 0.97ms, total = 168.10ms, Queueing time: mean = 0.01ms, max = 0.08ms, min = 0.00ms, total = 2.00ms
[state-dump] 	NodeManager.ScheduleAndGrantLeases - 61 total (1 active), Execution time: mean = 0.01ms, total = 0.72ms, Queueing time: mean = 0.05ms, max = 0.17ms, min = 0.01ms, total = 3.18ms
[state-dump] 	NodeManager.deadline_timer.spill_objects_when_over_threshold - 60 total (1 active), Execution time: mean = 0.00ms, total = 0.16ms, Queueing time: mean = 0.18ms, max = 1.49ms, min = 0.03ms, total = 10.53ms
[state-dump] 	NodeManagerService.grpc_server.GetResourceLoad - 60 total (0 active), Execution time: mean = 0.52ms, total = 30.92ms, Queueing time: mean = 0.00ms, max = -0.00ms, min = 9223372036854.78ms, total = 0.00ms
[state-dump] 	NodeManagerService.grpc_server.GetResourceLoad.HandleRequestImpl - 60 total (0 active), Execution time: mean = 0.17ms, total = 9.95ms, Queueing time: mean = 0.04ms, max = 0.08ms, min = 0.02ms, total = 2.41ms
[state-dump] 	NodeManager.CheckForUnexpectedWorkerDisconnects - 60 total (1 active), Execution time: mean = 0.07ms, total = 4.27ms, Queueing time: mean = 0.05ms, max = 0.10ms, min = 0.01ms, total = 2.74ms
[state-dump] 	NodeManager.deadline_timer.flush_free_objects - 60 total (1 active), Execution time: mean = 0.01ms, total = 0.32ms, Queueing time: mean = 0.17ms, max = 1.49ms, min = 0.02ms, total = 10.44ms
[state-dump] 	ClientConnection.async_write.DoAsyncWrites - 55 total (0 active), Execution time: mean = 0.00ms, total = 0.05ms, Queueing time: mean = 0.04ms, max = 0.42ms, min = 0.01ms, total = 2.17ms
[state-dump] 	NodeManagerService.grpc_server.GetSystemConfig - 54 total (0 active), Execution time: mean = 0.37ms, total = 19.96ms, Queueing time: mean = 0.00ms, max = -0.00ms, min = 9223372036854.78ms, total = 0.00ms
[state-dump] 	NodeManagerService.grpc_server.GetSystemConfig.HandleRequestImpl - 54 total (0 active), Execution time: mean = 0.08ms, total = 4.18ms, Queueing time: mean = 0.06ms, max = 0.24ms, min = 0.01ms, total = 3.11ms
[state-dump] 	ObjectManager.ObjectAdded - 54 total (0 active), Execution time: mean = 0.01ms, total = 0.50ms, Queueing time: mean = 0.03ms, max = 0.19ms, min = 0.01ms, total = 1.63ms
[state-dump] 	ObjectManager.ObjectDeleted - 54 total (0 active), Execution time: mean = 0.01ms, total = 0.78ms, Queueing time: mean = 0.04ms, max = 0.07ms, min = 0.02ms, total = 2.06ms
[state-dump] 	ClusterResourceManager.ResetRemoteNodeView - 21 total (1 active), Execution time: mean = 0.01ms, total = 0.15ms, Queueing time: mean = 0.06ms, max = 0.11ms, min = 0.01ms, total = 1.23ms
[state-dump] 	PeriodicalRunner.RunFnPeriodically - 14 total (0 active), Execution time: mean = 0.32ms, total = 4.52ms, Queueing time: mean = 5.87ms, max = 16.14ms, min = 0.11ms, total = 82.24ms
[state-dump] 	NodeManager.deadline_timer.record_metrics - 12 total (1 active), Execution time: mean = 0.41ms, total = 4.94ms, Queueing time: mean = 0.46ms, max = 1.30ms, min = 0.06ms, total = 5.48ms
[state-dump] 	NodeManagerService.grpc_server.GetWorkerPIDs.HandleRequestImpl - 11 total (0 active), Execution time: mean = 0.11ms, total = 1.19ms, Queueing time: mean = 0.04ms, max = 0.07ms, min = 0.02ms, total = 0.49ms
[state-dump] 	NodeManagerService.grpc_server.GetWorkerPIDs - 11 total (0 active), Execution time: mean = 0.47ms, total = 5.19ms, Queueing time: mean = 0.00ms, max = -0.00ms, min = 9223372036854.78ms, total = 0.00ms
[state-dump] 	event_loop_lag_probe - 8 total (0 active), Execution time: mean = 0.02ms, total = 0.12ms, Queueing time: mean = 0.76ms, max = 6.04ms, min = 0.00ms, total = 6.09ms
[state-dump] 	RaySyncer.BroadcastMessage - 8 total (0 active), Execution time: mean = 0.24ms, total = 1.90ms, Queueing time: mean = 0.00ms, max = 0.00ms, min = 0.00ms, total = 0.01ms
[state-dump] 	 - 8 total (0 active), Execution time: mean = 0.00ms, total = 0.01ms, Queueing time: mean = 0.02ms, max = 0.02ms, min = 0.02ms, total = 0.17ms
[state-dump] 	ray::rpc::InternalPubSubGcsService.grpc_client.GcsSubscriberPoll - 6 total (1 active), Execution time: mean = 2308.16ms, total = 13848.95ms, Queueing time: mean = 0.00ms, max = -0.00ms, min = 9223372036854.78ms, total = 0.00ms
[state-dump] 	NodeManager.deadline_timer.debug_state_dump - 6 total (1 active), Execution time: mean = 1.59ms, total = 9.51ms, Queueing time: mean = 0.04ms, max = 0.07ms, min = 0.02ms, total = 0.22ms
[state-dump] 	NodeManagerService.grpc_server.RequestWorkerLease.HandleRequestImpl - 5 total (0 active), Execution time: mean = 0.44ms, total = 2.22ms, Queueing time: mean = 0.04ms, max = 0.07ms, min = 0.02ms, total = 0.22ms
[state-dump] 	ray::rpc::InternalPubSubGcsService.grpc_client.GcsSubscriberPoll.OnReplyReceived - 5 total (0 active), Execution time: mean = 0.28ms, total = 1.42ms, Queueing time: mean = 0.04ms, max = 0.12ms, min = 0.01ms, total = 0.22ms
[state-dump] 	NodeManagerService.grpc_server.RequestWorkerLease - 5 total (0 active), Execution time: mean = 790.92ms, total = 3954.58ms, Queueing time: mean = 0.00ms, max = -0.00ms, min = 9223372036854.78ms, total = 0.00ms
[state-dump] 	ray::rpc::WorkerInfoGcsService.grpc_client.ReportWorkerFailure - 4 total (0 active), Execution time: mean = 1.58ms, total = 6.31ms, Queueing time: mean = 0.00ms, max = -0.00ms, min = 9223372036854.78ms, total = 0.00ms
[state-dump] 	CoreWorkerService.grpc_client.Exit - 4 total (0 active), Execution time: mean = 2.02ms, total = 8.08ms, Queueing time: mean = 0.00ms, max = -0.00ms, min = 9223372036854.78ms, total = 0.00ms
[state-dump] 	ray::rpc::WorkerInfoGcsService.grpc_client.ReportWorkerFailure.OnReplyReceived - 4 total (0 active), Execution time: mean = 0.03ms, total = 0.11ms, Queueing time: mean = 0.08ms, max = 0.22ms, min = 0.02ms, total = 0.32ms
[state-dump] 	NodeManagerService.grpc_server.GetNodeStats - 4 total (0 active), Execution time: mean = 22.31ms, total = 89.25ms, Queueing time: mean = 0.00ms, max = -0.00ms, min = 9223372036854.78ms, total = 0.00ms
[state-dump] 	CoreWorkerService.grpc_client.Exit.OnReplyReceived - 4 total (0 active), Execution time: mean = 0.04ms, total = 0.15ms, Queueing time: mean = 0.05ms, max = 0.06ms, min = 0.03ms, total = 0.20ms
[state-dump] 	Subscriber.HandlePublishedMessage_GCS_WORKER_DELTA_CHANNEL - 4 total (0 active), Execution time: mean = 0.01ms, total = 0.03ms, Queueing time: mean = 0.29ms, max = 0.42ms, min = 0.23ms, total = 1.15ms
[state-dump] 	NodeManagerService.grpc_server.GetNodeStats.HandleRequestImpl - 4 total (0 active), Execution time: mean = 20.69ms, total = 82.74ms, Queueing time: mean = 0.06ms, max = 0.07ms, min = 0.05ms, total = 0.23ms
[state-dump] 	ReporterService.grpc_client.HealthCheck.OnReplyReceived - 4 total (0 active), Execution time: mean = 0.13ms, total = 0.52ms, Queueing time: mean = 0.03ms, max = 0.05ms, min = 0.01ms, total = 0.10ms
[state-dump] 	ReporterService.grpc_client.HealthCheck - 4 total (0 active), Execution time: mean = 0.78ms, total = 3.13ms, Queueing time: mean = 0.00ms, max = -0.00ms, min = 9223372036854.78ms, total = 0.00ms
[state-dump] 	MetricsAgentClient.WaitForServerReadyWithRetry - 3 total (0 active), Execution time: mean = 0.21ms, total = 0.63ms, Queueing time: mean = 1000.03ms, max = 1000.06ms, min = 1000.02ms, total = 3000.10ms
[state-dump] 	RaySyncerRegister - 2 total (0 active), Execution time: mean = 0.02ms, total = 0.04ms, Queueing time: mean = 0.00ms, max = 0.00ms, min = 0.00ms, total = 0.00ms
[state-dump] 	ray::rpc::InternalPubSubGcsService.grpc_client.GcsSubscriberCommandBatch.OnReplyReceived - 2 total (0 active), Execution time: mean = 0.24ms, total = 0.49ms, Queueing time: mean = 2.00ms, max = 3.77ms, min = 0.24ms, total = 4.01ms
[state-dump] 	ray::rpc::InternalPubSubGcsService.grpc_client.GcsSubscriberCommandBatch - 2 total (0 active), Execution time: mean = 0.91ms, total = 1.83ms, Queueing time: mean = 0.00ms, max = -0.00ms, min = 9223372036854.78ms, total = 0.00ms
[state-dump] 	ray::rpc::NodeInfoGcsService.grpc_client.GetAllNodeAddressAndLiveness - 1 total (0 active), Execution time: mean = 0.79ms, total = 0.79ms, Queueing time: mean = 0.00ms, max = -0.00ms, min = 9223372036854.78ms, total = 0.00ms
[state-dump] 	NodeManager.GcsCheckAlive - 1 total (1 active), Execution time: mean = 0.00ms, total = 0.00ms, Queueing time: mean = 0.00ms, max = -0.00ms, min = 9223372036854.78ms, total = 0.00ms
[state-dump] 	ray::rpc::JobInfoGcsService.grpc_client.AddJob - 1 total (0 active), Execution time: mean = 1.12ms, total = 1.12ms, Queueing time: mean = 0.00ms, max = -0.00ms, min = 9223372036854.78ms, total = 0.00ms
[state-dump] 	NodeManager.deadline_timer.print_event_loop_stats - 1 total (1 active, 1 running), Execution time: mean = 0.00ms, total = 0.00ms, Queueing time: mean = 0.00ms, max = -0.00ms, min = 9223372036854.78ms, total = 0.00ms
[state-dump] 	ray::rpc::NodeInfoGcsService.grpc_client.CheckAlive.OnReplyReceived - 1 total (0 active), Execution time: mean = 0.02ms, total = 0.02ms, Queueing time: mean = 0.05ms, max = 0.05ms, min = 0.05ms, total = 0.05ms
[state-dump] 	ray::rpc::InternalKVGcsService.grpc_client.GetInternalConfig - 1 total (0 active), Execution time: mean = 1.16ms, total = 1.16ms, Queueing time: mean = 0.00ms, max = -0.00ms, min = 9223372036854.78ms, total = 0.00ms
[state-dump] 	NodeManagerService.grpc_server.ReturnWorkerLease - 1 total (0 active), Execution time: mean = 0.45ms, total = 0.45ms, Queueing time: mean = 0.00ms, max = -0.00ms, min = 9223372036854.78ms, total = 0.00ms
[state-dump] 	ray::rpc::InternalKVGcsService.grpc_client.GetInternalConfig.OnReplyReceived - 1 total (0 active), Execution time: mean = 30.36ms, total = 30.36ms, Queueing time: mean = 0.01ms, max = 0.01ms, min = 0.01ms, total = 0.01ms
[state-dump] 	ray::rpc::NodeInfoGcsService.grpc_client.CheckAlive - 1 total (0 active), Execution time: mean = 0.98ms, total = 0.98ms, Queueing time: mean = 0.00ms, max = -0.00ms, min = 9223372036854.78ms, total = 0.00ms
[state-dump] 	ray::rpc::JobInfoGcsService.grpc_client.AddJob.OnReplyReceived - 1 total (0 active), Execution time: mean = 0.08ms, total = 0.08ms, Queueing time: mean = 0.02ms, max = 0.02ms, min = 0.02ms, total = 0.02ms
[state-dump] 	NodeManagerService.grpc_server.PrepareBundleResources.HandleRequestImpl - 1 total (0 active), Execution time: mean = 0.59ms, total = 0.59ms, Queueing time: mean = 0.02ms, max = 0.02ms, min = 0.02ms, total = 0.02ms
[state-dump] 	NodeManagerService.grpc_server.PrepareBundleResources - 1 total (0 active), Execution time: mean = 0.87ms, total = 0.87ms, Queueing time: mean = 0.00ms, max = -0.00ms, min = 9223372036854.78ms, total = 0.00ms
[state-dump] 	ray::rpc::NodeInfoGcsService.grpc_client.RegisterNode.OnReplyReceived - 1 total (0 active), Execution time: mean = 0.63ms, total = 0.63ms, Queueing time: mean = 0.02ms, max = 0.02ms, min = 0.02ms, total = 0.02ms
[state-dump] 	Subscriber.HandlePublishedMessage_GCS_JOB_CHANNEL - 1 total (0 active), Execution time: mean = 0.06ms, total = 0.06ms, Queueing time: mean = 0.33ms, max = 0.33ms, min = 0.33ms, total = 0.33ms
[state-dump] 	NodeManagerService.grpc_server.ReturnWorkerLease.HandleRequestImpl - 1 total (0 active), Execution time: mean = 0.18ms, total = 0.18ms, Queueing time: mean = 0.02ms, max = 0.02ms, min = 0.02ms, total = 0.02ms
[state-dump] 	NodeManagerService.grpc_server.CommitBundleResources - 1 total (0 active), Execution time: mean = 1.07ms, total = 1.07ms, Queueing time: mean = 0.00ms, max = -0.00ms, min = 9223372036854.78ms, total = 0.00ms
[state-dump] 	ray::rpc::JobInfoGcsService.grpc_client.GetAllJobInfo.OnReplyReceived - 1 total (0 active), Execution time: mean = 0.02ms, total = 0.02ms, Queueing time: mean = 0.02ms, max = 0.02ms, min = 0.02ms, total = 0.02ms
[state-dump] 	NodeManager.GCTaskFailureReason - 1 total (1 active), Execution time: mean = 0.00ms, total = 0.00ms, Queueing time: mean = 0.00ms, max = -0.00ms, min = 9223372036854.78ms, total = 0.00ms
[state-dump] 	ray::rpc::NodeInfoGcsService.grpc_client.RegisterNode - 1 total (0 active), Execution time: mean = 1.34ms, total = 1.34ms, Queueing time: mean = 0.00ms, max = -0.00ms, min = 9223372036854.78ms, total = 0.00ms
[state-dump] 	ray::rpc::NodeInfoGcsService.grpc_client.GetAllNodeAddressAndLiveness.OnReplyReceived - 1 total (0 active), Execution time: mean = 0.37ms, total = 0.37ms, Queueing time: mean = 0.07ms, max = 0.07ms, min = 0.07ms, total = 0.07ms
[state-dump] 	NodeManagerService.grpc_server.CommitBundleResources.HandleRequestImpl - 1 total (0 active), Execution time: mean = 0.80ms, total = 0.80ms, Queueing time: mean = 0.05ms, max = 0.05ms, min = 0.05ms, total = 0.05ms
[state-dump] 	ray::rpc::JobInfoGcsService.grpc_client.GetAllJobInfo - 1 total (0 active), Execution time: mean = 0.73ms, total = 0.73ms, Queueing time: mean = 0.00ms, max = -0.00ms, min = 9223372036854.78ms, total = 0.00ms
[state-dump] DebugString() time ms: 1
[state-dump] 
[state-dump] 
[2026-01-25 20:14:01,817 I 2437272 2437272] (raylet) node_manager.cc:1416: Disconnecting driver, graceful=true, disconnect_type=3 worker_id=01000000ffffffffffffffffffffffffffffffffffffffffffffffff job_id=01000000
[2026-01-25 20:14:01,818 I 2437272 2437272] (raylet) node_manager.cc:1545: Driver (pid=2436500) is disconnected. worker_id=01000000ffffffffffffffffffffffffffffffffffffffffffffffff job_id=01000000
[2026-01-25 20:14:01,820 I 2437272 2437272] (raylet) node_manager.cc:979: Killing leased worker because its owner died. worker_id=ca8a13facffa549cf27f1a07f44f8f2c89ef0a18385e2e0f3a5a56cd owner_worker_id=01000000ffffffffffffffffffffffffffffffffffffffffffffffff
[2026-01-25 20:14:01,820 I 2437272 2437272] (raylet) node_manager.cc:1409: Disconnecting worker, graceful=false, disconnect_type=1, has_creation_task_exception=false worker_id=a37e93012af8da70c47a53511cae3fdf7d4633074c1ed8cacc4787d4 job_id=01000000
[2026-01-25 20:14:01,821 I 2437272 2437272] (raylet) node_manager.cc:1409: Disconnecting worker, graceful=false, disconnect_type=1, has_creation_task_exception=false worker_id=fdfc3286979cd7abe7839f0feb60961b4567510cbed64e18fabd073c job_id=01000000
[2026-01-25 20:14:01,822 I 2437272 2437272] (raylet) node_manager.cc:1420: Got disconnect message from an unregistered client, ignoring.
[2026-01-25 20:14:01,822 I 2437272 2437272] (raylet) node_manager.cc:1420: Got disconnect message from an unregistered client, ignoring.
[2026-01-25 20:14:01,823 I 2437272 2437272] (raylet) worker_pool.cc:736: Job 01000000 already started in worker pool.
[2026-01-25 20:14:01,823 I 2437272 2437272] (raylet) node_manager.cc:556: Killing leased worker because its job finished. worker_id=ca8a13facffa549cf27f1a07f44f8f2c89ef0a18385e2e0f3a5a56cd job_id=01000000
[2026-01-25 20:14:01,823 I 2437272 2437272] (raylet) node_manager.cc:556: Killing leased worker because its job finished. worker_id=efe3de5cba4e52acf378c2e19756095a6238fe44016cb99a3ae3a137 job_id=01000000
[2026-01-25 20:14:01,824 I 2437272 2437272] (raylet) node_manager.cc:979: Killing leased worker because its owner died. worker_id=efe3de5cba4e52acf378c2e19756095a6238fe44016cb99a3ae3a137 owner_worker_id=fdfc3286979cd7abe7839f0feb60961b4567510cbed64e18fabd073c
[2026-01-25 20:14:01,837 I 2437272 2437272] (raylet) node_manager.cc:1409: Disconnecting worker, graceful=true, disconnect_type=1, has_creation_task_exception=false worker_id=ca8a13facffa549cf27f1a07f44f8f2c89ef0a18385e2e0f3a5a56cd job_id=01000000
[2026-01-25 20:14:01,847 I 2437272 2437272] (raylet) node_manager.cc:1409: Disconnecting worker, graceful=true, disconnect_type=1, has_creation_task_exception=false worker_id=efe3de5cba4e52acf378c2e19756095a6238fe44016cb99a3ae3a137 job_id=01000000
[2026-01-25 20:14:01,859 W 2437272 2437295] (raylet) store.cc:365: Disconnecting client due to connection error with code 2: End of file
[2026-01-25 20:14:01,860 W 2437272 2437272] (raylet) node_manager.cc:563: Failed to send exit request to worker : RpcError: RPC error: Socket closed rpc_code: 14. Killing it using SIGKILL instead. worker_id=efe3de5cba4e52acf378c2e19756095a6238fe44016cb99a3ae3a137
[2026-01-25 20:14:01,901 W 2437272 2437295] (raylet) store.cc:365: Disconnecting client due to connection error with code 2: End of file
[2026-01-25 20:14:01,901 W 2437272 2437272] (raylet) node_manager.cc:563: Failed to send exit request to worker : RpcError: RPC error: Socket closed rpc_code: 14. Killing it using SIGKILL instead. worker_id=ca8a13facffa549cf27f1a07f44f8f2c89ef0a18385e2e0f3a5a56cd
[2026-01-25 20:14:01,916 W 2437272 2437295] (raylet) store.cc:365: Disconnecting client due to connection error with code 2: End of file
[2026-01-25 20:14:01,921 I 2437272 2437272] (raylet) main.cc:1086: received SIGTERM. Existing local drain request = None
[2026-01-25 20:14:01,921 I 2437272 2437272] (raylet) main.cc:466: Raylet graceful shutdown triggered with death info: reason: EXPECTED_TERMINATION
reason_message: "received SIGTERM"

[2026-01-25 20:14:01,921 I 2437272 2437272] (raylet) accessor.cc:186: Unregistering node node_id=064d6f2d53d313ef19022884d25b99b1a07d09385a43308dba166421
[2026-01-25 20:14:01,922 I 2437272 2437272] (raylet) accessor.cc:194: Finished unregistering node info, status = OK node_id=064d6f2d53d313ef19022884d25b99b1a07d09385a43308dba166421
[2026-01-25 20:14:01,922 W 2437272 2437295] (raylet) store.cc:365: Disconnecting client due to connection error with code 2: End of file
[2026-01-25 20:14:01,927 I 2437272 2437272] (raylet) agent_manager.cc:116: Killing agent dashboard_agent, pid 2437340.
[2026-01-25 20:14:02,001 I 2437272 2437341] (raylet) agent_manager.cc:83: Agent process with name dashboard_agent exited, exit code 0.
[2026-01-25 20:14:02,001 I 2437272 2437272] (raylet) agent_manager.cc:116: Killing agent runtime_env_agent, pid 2437342.
[2026-01-25 20:14:02,008 I 2437272 2437343] (raylet) agent_manager.cc:83: Agent process with name runtime_env_agent exited, exit code 0.
[2026-01-25 20:14:02,010 W 2437272 2442360] (raylet) open_telemetry_metric_recorder.cc:66: Failed to export metrics to the metrics agent. Result: 1
[2026-01-25 20:14:02,011 I 2437272 2437272] (raylet) stats.h:149: Stats module has shutdown.
