[2026-01-25 22:53:37,892 I 2448490 2448490] core_worker_process.cc:777: Constructing CoreWorkerProcess. pid: 2448490
[2026-01-25 22:53:37,894 I 2448490 2448490] event.cc:499: Ray Event initialized for CORE_WORKER
[2026-01-25 22:53:37,894 I 2448490 2448490] event.cc:499: Ray Event initialized for EXPORT_TASK
[2026-01-25 22:53:37,894 I 2448490 2448490] event.cc:332: Set ray event level to warning
[2026-01-25 22:53:37,894 I 2448490 2448490] event_aggregator_client.h:50: Initiating the local event aggregator client with port: 62344
[2026-01-25 22:53:37,896 I 2448490 2448490] grpc_server.cc:143: worker server started, listening on port 41893.
[2026-01-25 22:53:37,905 I 2448490 2448490] core_worker_process.cc:262: Initializing worker at address: 172.28.6.5:41893 worker_id=8a1622f82a5288bee147c9ac8e51cb08c47a621d4a65ebe47062136c node_id=15128e37d5cbf12622844ecbea1254d0da5d57fc8aa86df36f954ab1
[2026-01-25 22:53:37,906 I 2448490 2448490] task_event_buffer.cc:480: Reporting task events to GCS every 1000ms.
[2026-01-25 22:53:37,906 I 2448490 2448490] core_worker.cc:515: Adjusted worker niceness to 15
[2026-01-25 22:53:37,907 I 2448490 2448490] metrics_agent_client.cc:45: Initializing exporter ...
[2026-01-25 22:53:37,907 I 2448490 2450288] core_worker.cc:455: Event stats:


Global stats: 12 total (10 active)
Queueing time: mean = 0.00ms, max = 0.01ms, min = 0.01ms, total = 0.03ms
Execution time:  mean = 0.00ms, total = 0.04ms
Event stats:
	PeriodicalRunner.RunFnPeriodically - 7 total (5 active, 1 running), Execution time: mean = 0.01ms, total = 0.04ms, Queueing time: mean = 0.00ms, max = 0.01ms, min = 0.01ms, total = 0.03ms
	Publisher.CheckDeadSubscribers - 1 total (1 active), Execution time: mean = 0.00ms, total = 0.00ms, Queueing time: mean = 0.00ms, max = -0.00ms, min = 9223372036854.78ms, total = 0.00ms
	ray::rpc::WorkerInfoGcsService.grpc_client.AddWorkerInfo - 1 total (1 active), Execution time: mean = 0.00ms, total = 0.00ms, Queueing time: mean = 0.00ms, max = -0.00ms, min = 9223372036854.78ms, total = 0.00ms
	ray::rpc::InternalPubSubGcsService.grpc_client.GcsSubscriberCommandBatch - 1 total (1 active), Execution time: mean = 0.00ms, total = 0.00ms, Queueing time: mean = 0.00ms, max = -0.00ms, min = 9223372036854.78ms, total = 0.00ms
	ray::rpc::InternalPubSubGcsService.grpc_client.GcsSubscriberPoll - 1 total (1 active), Execution time: mean = 0.00ms, total = 0.00ms, Queueing time: mean = 0.00ms, max = -0.00ms, min = 9223372036854.78ms, total = 0.00ms
	CoreWorker.ExitIfParentRayletDies - 1 total (1 active), Execution time: mean = 0.00ms, total = 0.00ms, Queueing time: mean = 0.00ms, max = -0.00ms, min = 9223372036854.78ms, total = 0.00ms

-----------------
Task execution event stats:

Global stats: 0 total (0 active)
Queueing time: mean = -nanms, max = -0.00ms, min = 9223372036854.78ms, total = 0.00ms
Execution time:  mean = -nanms, total = 0.00ms
Event stats:

-----------------
Task Event stats:

IO Service Stats:

Global stats: 4 total (2 active)
Queueing time: mean = 0.01ms, max = 0.02ms, min = 0.01ms, total = 0.04ms
Execution time:  mean = 0.27ms, total = 1.08ms
Event stats:
	PeriodicalRunner.RunFnPeriodically - 1 total (0 active), Execution time: mean = 0.22ms, total = 0.22ms, Queueing time: mean = 0.01ms, max = 0.01ms, min = 0.01ms, total = 0.01ms
	CoreWorker.deadline_timer.flush_task_events - 1 total (1 active), Execution time: mean = 0.00ms, total = 0.00ms, Queueing time: mean = 0.00ms, max = -0.00ms, min = 9223372036854.78ms, total = 0.00ms
	ray::rpc::TaskInfoGcsService.grpc_client.AddTaskEventData - 1 total (0 active), Execution time: mean = 0.86ms, total = 0.86ms, Queueing time: mean = 0.00ms, max = -0.00ms, min = 9223372036854.78ms, total = 0.00ms
	ray::rpc::TaskInfoGcsService.grpc_client.AddTaskEventData.OnReplyReceived - 1 total (1 active, 1 running), Execution time: mean = 0.00ms, total = 0.00ms, Queueing time: mean = 0.00ms, max = -0.00ms, min = 9223372036854.78ms, total = 0.00ms
Other Stats:
	gcs_grpc_in_progress:0
	event_aggregator_grpc_in_progress:0
	current number of task status events in buffer: 0
	current number of profile events in buffer: 0
	current number of dropped task attempts tracked: 0
	total task events sent: 0 MiB
	total number of task attempts sent: 0
	total number of task attempts dropped reported: 0
	total number of sent failure: 0
	num status task events dropped: 0
	num profile task events dropped: 0
	num ray task events reported to aggregator: 0
	num ray task events failed to report to aggregator: 0
	num of task attempts dropped reported to aggregator: 0
	num of failed requests to aggregator: 0

[2026-01-25 22:53:37,908 I 2448490 2450288] accessor.cc:433: Received address and liveness notification for node, IsAlive = 1 node_id=15128e37d5cbf12622844ecbea1254d0da5d57fc8aa86df36f954ab1
[2026-01-25 22:53:37,908 I 2448490 2450288] normal_task_submitter.cc:840: Number of alive nodes:1
[2026-01-25 22:53:39,951 I 2448490 2450288] metrics_agent_client.cc:59: Exporter initialized.
[2026-01-25 22:54:37,907 I 2448490 2450288] core_worker.cc:455: Event stats:


Global stats: 890 total (8 active)
Queueing time: mean = 2.30ms, max = 1000.05ms, min = 0.01ms, total = 2045.73ms
Execution time:  mean = 0.14ms, total = 125.09ms
Event stats:
	CoreWorker.RecoverObjects - 600 total (1 active), Execution time: mean = 0.01ms, total = 5.94ms, Queueing time: mean = 0.06ms, max = 0.11ms, min = 0.01ms, total = 33.95ms
	NodeManagerService.grpc_client.ReportWorkerBacklog - 60 total (0 active), Execution time: mean = 0.80ms, total = 47.94ms, Queueing time: mean = 0.00ms, max = -0.00ms, min = 9223372036854.78ms, total = 0.00ms
	CoreWorker.InternalHeartbeat - 60 total (1 active), Execution time: mean = 0.18ms, total = 10.78ms, Queueing time: mean = 0.05ms, max = 0.08ms, min = 0.01ms, total = 3.02ms
	CoreWorker.ExitIfParentRayletDies - 60 total (1 active), Execution time: mean = 0.01ms, total = 0.71ms, Queueing time: mean = 0.05ms, max = 0.08ms, min = 0.01ms, total = 3.06ms
	NodeManagerService.grpc_client.ReportWorkerBacklog.OnReplyReceived - 60 total (0 active), Execution time: mean = 0.03ms, total = 1.52ms, Queueing time: mean = 0.03ms, max = 0.07ms, min = 0.01ms, total = 1.93ms
	CoreWorker.RecordMetrics - 12 total (1 active), Execution time: mean = 0.05ms, total = 0.63ms, Queueing time: mean = 0.03ms, max = 0.08ms, min = 0.01ms, total = 0.40ms
	PeriodicalRunner.RunFnPeriodically - 7 total (0 active), Execution time: mean = 0.11ms, total = 0.76ms, Queueing time: mean = 0.30ms, max = 0.75ms, min = 0.01ms, total = 2.08ms
	CoreWorker.TryDelPendingObjectRefStreams - 6 total (1 active), Execution time: mean = 0.00ms, total = 0.03ms, Queueing time: mean = 0.04ms, max = 0.08ms, min = 0.01ms, total = 0.25ms
	CoreWorkerService.grpc_server.GetCoreWorkerStats - 4 total (0 active), Execution time: mean = 0.31ms, total = 1.25ms, Queueing time: mean = 0.00ms, max = -0.00ms, min = 9223372036854.78ms, total = 0.00ms
	CoreWorkerService.grpc_server.GetCoreWorkerStats.HandleRequestImpl - 4 total (0 active), Execution time: mean = 0.11ms, total = 0.42ms, Queueing time: mean = 0.02ms, max = 0.03ms, min = 0.02ms, total = 0.09ms
	ReporterService.grpc_client.HealthCheck - 3 total (0 active), Execution time: mean = 14.77ms, total = 44.30ms, Queueing time: mean = 0.00ms, max = -0.00ms, min = 9223372036854.78ms, total = 0.00ms
	ReporterService.grpc_client.HealthCheck.OnReplyReceived - 3 total (0 active), Execution time: mean = 2.72ms, total = 8.16ms, Queueing time: mean = 0.07ms, max = 0.17ms, min = 0.02ms, total = 0.22ms
	MetricsAgentClient.WaitForServerReadyWithRetry - 2 total (0 active), Execution time: mean = 0.15ms, total = 0.30ms, Queueing time: mean = 1000.04ms, max = 1000.05ms, min = 1000.02ms, total = 2000.07ms
	ray::rpc::InternalPubSubGcsService.grpc_client.GcsSubscriberPoll - 1 total (1 active), Execution time: mean = 0.00ms, total = 0.00ms, Queueing time: mean = 0.00ms, max = -0.00ms, min = 9223372036854.78ms, total = 0.00ms
	ray::rpc::WorkerInfoGcsService.grpc_client.AddWorkerInfo - 1 total (0 active), Execution time: mean = 0.66ms, total = 0.66ms, Queueing time: mean = 0.00ms, max = -0.00ms, min = 9223372036854.78ms, total = 0.00ms
	ray::rpc::InternalPubSubGcsService.grpc_client.GcsSubscriberCommandBatch.OnReplyReceived - 1 total (0 active), Execution time: mean = 0.13ms, total = 0.13ms, Queueing time: mean = 0.24ms, max = 0.24ms, min = 0.24ms, total = 0.24ms
	ray::rpc::InternalPubSubGcsService.grpc_client.GcsSubscriberCommandBatch - 1 total (0 active), Execution time: mean = 0.72ms, total = 0.72ms, Queueing time: mean = 0.00ms, max = -0.00ms, min = 9223372036854.78ms, total = 0.00ms
	CoreWorker.PrintEventStats - 1 total (1 active, 1 running), Execution time: mean = 0.00ms, total = 0.00ms, Queueing time: mean = 0.00ms, max = -0.00ms, min = 9223372036854.78ms, total = 0.00ms
	Publisher.CheckDeadSubscribers - 1 total (1 active), Execution time: mean = 0.00ms, total = 0.00ms, Queueing time: mean = 0.00ms, max = -0.00ms, min = 9223372036854.78ms, total = 0.00ms
	ray::rpc::WorkerInfoGcsService.grpc_client.AddWorkerInfo.OnReplyReceived - 1 total (0 active), Execution time: mean = 0.02ms, total = 0.02ms, Queueing time: mean = 0.41ms, max = 0.41ms, min = 0.41ms, total = 0.41ms
	ray::rpc::NodeInfoGcsService.grpc_client.GetAllNodeAddressAndLiveness.OnReplyReceived - 1 total (0 active), Execution time: mean = 0.06ms, total = 0.06ms, Queueing time: mean = 0.01ms, max = 0.01ms, min = 0.01ms, total = 0.01ms
	ray::rpc::NodeInfoGcsService.grpc_client.GetAllNodeAddressAndLiveness - 1 total (0 active), Execution time: mean = 0.74ms, total = 0.74ms, Queueing time: mean = 0.00ms, max = -0.00ms, min = 9223372036854.78ms, total = 0.00ms

-----------------
Task execution event stats:

Global stats: 5956 total (1 active)
Queueing time: mean = 0.07ms, max = 14.00ms, min = 0.00ms, total = 389.10ms
Execution time:  mean = 0.02ms, total = 96.33ms
Event stats:
	CoreWorker.CheckSignal - 5955 total (1 active), Execution time: mean = 0.02ms, total = 96.32ms, Queueing time: mean = 0.07ms, max = 14.00ms, min = 0.01ms, total = 389.09ms
	PeriodicalRunner.RunFnPeriodically - 1 total (0 active), Execution time: mean = 0.01ms, total = 0.01ms, Queueing time: mean = 0.00ms, max = 0.00ms, min = 0.00ms, total = 0.00ms

-----------------
Task Event stats:

IO Service Stats:

Global stats: 181 total (1 active)
Queueing time: mean = 0.03ms, max = 0.09ms, min = 0.01ms, total = 5.53ms
Execution time:  mean = 0.34ms, total = 60.90ms
Event stats:
	CoreWorker.deadline_timer.flush_task_events - 60 total (1 active), Execution time: mean = 0.21ms, total = 12.54ms, Queueing time: mean = 0.06ms, max = 0.09ms, min = 0.02ms, total = 3.39ms
	ray::rpc::TaskInfoGcsService.grpc_client.AddTaskEventData - 60 total (0 active), Execution time: mean = 0.77ms, total = 46.12ms, Queueing time: mean = 0.00ms, max = -0.00ms, min = 9223372036854.78ms, total = 0.00ms
	ray::rpc::TaskInfoGcsService.grpc_client.AddTaskEventData.OnReplyReceived - 60 total (0 active), Execution time: mean = 0.03ms, total = 2.02ms, Queueing time: mean = 0.04ms, max = 0.07ms, min = 0.01ms, total = 2.13ms
	PeriodicalRunner.RunFnPeriodically - 1 total (0 active), Execution time: mean = 0.22ms, total = 0.22ms, Queueing time: mean = 0.01ms, max = 0.01ms, min = 0.01ms, total = 0.01ms
Other Stats:
	gcs_grpc_in_progress:0
	event_aggregator_grpc_in_progress:0
	current number of task status events in buffer: 0
	current number of profile events in buffer: 0
	current number of dropped task attempts tracked: 0
	total task events sent: 0 MiB
	total number of task attempts sent: 0
	total number of task attempts dropped reported: 0
	total number of sent failure: 0
	num status task events dropped: 0
	num profile task events dropped: 0
	num ray task events reported to aggregator: 0
	num ray task events failed to report to aggregator: 0
	num of task attempts dropped reported to aggregator: 0
	num of failed requests to aggregator: 0

[2026-01-25 22:55:37,908 I 2448490 2450288] core_worker.cc:455: Event stats:


Global stats: 1757 total (8 active)
Queueing time: mean = 1.19ms, max = 1000.05ms, min = 0.01ms, total = 2088.09ms
Execution time:  mean = 0.11ms, total = 193.16ms
Event stats:
	CoreWorker.RecoverObjects - 1200 total (1 active), Execution time: mean = 0.01ms, total = 11.20ms, Queueing time: mean = 0.06ms, max = 0.13ms, min = 0.01ms, total = 66.63ms
	NodeManagerService.grpc_client.ReportWorkerBacklog - 120 total (0 active), Execution time: mean = 0.79ms, total = 94.73ms, Queueing time: mean = 0.00ms, max = -0.00ms, min = 9223372036854.78ms, total = 0.00ms
	CoreWorker.InternalHeartbeat - 120 total (1 active), Execution time: mean = 0.18ms, total = 21.88ms, Queueing time: mean = 0.05ms, max = 0.08ms, min = 0.01ms, total = 6.36ms
	CoreWorker.ExitIfParentRayletDies - 120 total (1 active), Execution time: mean = 0.01ms, total = 1.32ms, Queueing time: mean = 0.05ms, max = 0.10ms, min = 0.01ms, total = 6.05ms
	NodeManagerService.grpc_client.ReportWorkerBacklog.OnReplyReceived - 120 total (0 active), Execution time: mean = 0.03ms, total = 3.14ms, Queueing time: mean = 0.04ms, max = 0.07ms, min = 0.01ms, total = 4.35ms
	CoreWorker.RecordMetrics - 24 total (1 active), Execution time: mean = 0.06ms, total = 1.33ms, Queueing time: mean = 0.04ms, max = 0.08ms, min = 0.01ms, total = 0.93ms
	CoreWorker.TryDelPendingObjectRefStreams - 12 total (1 active), Execution time: mean = 0.01ms, total = 0.06ms, Queueing time: mean = 0.04ms, max = 0.08ms, min = 0.01ms, total = 0.53ms
	CoreWorkerService.grpc_server.GetCoreWorkerStats - 8 total (0 active), Execution time: mean = 0.30ms, total = 2.41ms, Queueing time: mean = 0.00ms, max = -0.00ms, min = 9223372036854.78ms, total = 0.00ms
	CoreWorkerService.grpc_server.GetCoreWorkerStats.HandleRequestImpl - 8 total (0 active), Execution time: mean = 0.09ms, total = 0.73ms, Queueing time: mean = 0.02ms, max = 0.03ms, min = 0.02ms, total = 0.18ms
	PeriodicalRunner.RunFnPeriodically - 7 total (0 active), Execution time: mean = 0.11ms, total = 0.76ms, Queueing time: mean = 0.30ms, max = 0.75ms, min = 0.01ms, total = 2.08ms
	ReporterService.grpc_client.HealthCheck - 3 total (0 active), Execution time: mean = 14.77ms, total = 44.30ms, Queueing time: mean = 0.00ms, max = -0.00ms, min = 9223372036854.78ms, total = 0.00ms
	ReporterService.grpc_client.HealthCheck.OnReplyReceived - 3 total (0 active), Execution time: mean = 2.72ms, total = 8.16ms, Queueing time: mean = 0.07ms, max = 0.17ms, min = 0.02ms, total = 0.22ms
	MetricsAgentClient.WaitForServerReadyWithRetry - 2 total (0 active), Execution time: mean = 0.15ms, total = 0.30ms, Queueing time: mean = 1000.04ms, max = 1000.05ms, min = 1000.02ms, total = 2000.07ms
	CoreWorker.PrintEventStats - 2 total (1 active, 1 running), Execution time: mean = 0.25ms, total = 0.50ms, Queueing time: mean = 0.01ms, max = 0.03ms, min = 0.03ms, total = 0.03ms
	ray::rpc::InternalPubSubGcsService.grpc_client.GcsSubscriberPoll - 1 total (1 active), Execution time: mean = 0.00ms, total = 0.00ms, Queueing time: mean = 0.00ms, max = -0.00ms, min = 9223372036854.78ms, total = 0.00ms
	ray::rpc::WorkerInfoGcsService.grpc_client.AddWorkerInfo - 1 total (0 active), Execution time: mean = 0.66ms, total = 0.66ms, Queueing time: mean = 0.00ms, max = -0.00ms, min = 9223372036854.78ms, total = 0.00ms
	ray::rpc::InternalPubSubGcsService.grpc_client.GcsSubscriberCommandBatch.OnReplyReceived - 1 total (0 active), Execution time: mean = 0.13ms, total = 0.13ms, Queueing time: mean = 0.24ms, max = 0.24ms, min = 0.24ms, total = 0.24ms
	ray::rpc::InternalPubSubGcsService.grpc_client.GcsSubscriberCommandBatch - 1 total (0 active), Execution time: mean = 0.72ms, total = 0.72ms, Queueing time: mean = 0.00ms, max = -0.00ms, min = 9223372036854.78ms, total = 0.00ms
	Publisher.CheckDeadSubscribers - 1 total (1 active), Execution time: mean = 0.00ms, total = 0.00ms, Queueing time: mean = 0.00ms, max = -0.00ms, min = 9223372036854.78ms, total = 0.00ms
	ray::rpc::WorkerInfoGcsService.grpc_client.AddWorkerInfo.OnReplyReceived - 1 total (0 active), Execution time: mean = 0.02ms, total = 0.02ms, Queueing time: mean = 0.41ms, max = 0.41ms, min = 0.41ms, total = 0.41ms
	ray::rpc::NodeInfoGcsService.grpc_client.GetAllNodeAddressAndLiveness.OnReplyReceived - 1 total (0 active), Execution time: mean = 0.06ms, total = 0.06ms, Queueing time: mean = 0.01ms, max = 0.01ms, min = 0.01ms, total = 0.01ms
	ray::rpc::NodeInfoGcsService.grpc_client.GetAllNodeAddressAndLiveness - 1 total (0 active), Execution time: mean = 0.74ms, total = 0.74ms, Queueing time: mean = 0.00ms, max = -0.00ms, min = 9223372036854.78ms, total = 0.00ms

-----------------
Task execution event stats:

Global stats: 11919 total (1 active)
Queueing time: mean = 0.06ms, max = 14.00ms, min = -0.00ms, total = 706.44ms
Execution time:  mean = 0.02ms, total = 183.54ms
Event stats:
	CoreWorker.CheckSignal - 11918 total (1 active), Execution time: mean = 0.02ms, total = 183.53ms, Queueing time: mean = 0.06ms, max = 14.00ms, min = -0.00ms, total = 706.43ms
	PeriodicalRunner.RunFnPeriodically - 1 total (0 active), Execution time: mean = 0.01ms, total = 0.01ms, Queueing time: mean = 0.00ms, max = 0.00ms, min = 0.00ms, total = 0.00ms

-----------------
Task Event stats:

IO Service Stats:

Global stats: 361 total (1 active)
Queueing time: mean = 0.03ms, max = 0.11ms, min = 0.01ms, total = 11.18ms
Execution time:  mean = 0.33ms, total = 119.87ms
Event stats:
	CoreWorker.deadline_timer.flush_task_events - 120 total (1 active), Execution time: mean = 0.21ms, total = 24.75ms, Queueing time: mean = 0.05ms, max = 0.11ms, min = 0.02ms, total = 6.29ms
	ray::rpc::TaskInfoGcsService.grpc_client.AddTaskEventData - 120 total (0 active), Execution time: mean = 0.76ms, total = 90.78ms, Queueing time: mean = 0.00ms, max = -0.00ms, min = 9223372036854.78ms, total = 0.00ms
	ray::rpc::TaskInfoGcsService.grpc_client.AddTaskEventData.OnReplyReceived - 120 total (0 active), Execution time: mean = 0.03ms, total = 4.12ms, Queueing time: mean = 0.04ms, max = 0.07ms, min = 0.01ms, total = 4.88ms
	PeriodicalRunner.RunFnPeriodically - 1 total (0 active), Execution time: mean = 0.22ms, total = 0.22ms, Queueing time: mean = 0.01ms, max = 0.01ms, min = 0.01ms, total = 0.01ms
Other Stats:
	gcs_grpc_in_progress:0
	event_aggregator_grpc_in_progress:0
	current number of task status events in buffer: 0
	current number of profile events in buffer: 0
	current number of dropped task attempts tracked: 0
	total task events sent: 0 MiB
	total number of task attempts sent: 0
	total number of task attempts dropped reported: 0
	total number of sent failure: 0
	num status task events dropped: 0
	num profile task events dropped: 0
	num ray task events reported to aggregator: 0
	num ray task events failed to report to aggregator: 0
	num of task attempts dropped reported to aggregator: 0
	num of failed requests to aggregator: 0

[2026-01-25 22:56:37,909 I 2448490 2450288] core_worker.cc:455: Event stats:


Global stats: 2623 total (8 active)
Queueing time: mean = 0.81ms, max = 1000.05ms, min = 0.01ms, total = 2128.27ms
Execution time:  mean = 0.10ms, total = 258.83ms
Event stats:
	CoreWorker.RecoverObjects - 1799 total (1 active), Execution time: mean = 0.01ms, total = 16.30ms, Queueing time: mean = 0.05ms, max = 0.13ms, min = 0.01ms, total = 97.20ms
	NodeManagerService.grpc_client.ReportWorkerBacklog - 180 total (0 active), Execution time: mean = 0.78ms, total = 139.77ms, Queueing time: mean = 0.00ms, max = -0.00ms, min = 9223372036854.78ms, total = 0.00ms
	CoreWorker.InternalHeartbeat - 180 total (1 active), Execution time: mean = 0.18ms, total = 32.35ms, Queueing time: mean = 0.05ms, max = 0.08ms, min = 0.01ms, total = 9.59ms
	CoreWorker.ExitIfParentRayletDies - 180 total (1 active), Execution time: mean = 0.01ms, total = 1.92ms, Queueing time: mean = 0.05ms, max = 0.10ms, min = 0.01ms, total = 9.07ms
	NodeManagerService.grpc_client.ReportWorkerBacklog.OnReplyReceived - 180 total (0 active), Execution time: mean = 0.03ms, total = 4.66ms, Queueing time: mean = 0.04ms, max = 0.07ms, min = 0.01ms, total = 6.51ms
	CoreWorker.RecordMetrics - 36 total (1 active), Execution time: mean = 0.06ms, total = 2.02ms, Queueing time: mean = 0.04ms, max = 0.08ms, min = 0.01ms, total = 1.53ms
	CoreWorker.TryDelPendingObjectRefStreams - 18 total (1 active), Execution time: mean = 0.01ms, total = 0.09ms, Queueing time: mean = 0.06ms, max = 0.25ms, min = 0.01ms, total = 1.00ms
	CoreWorkerService.grpc_server.GetCoreWorkerStats - 12 total (0 active), Execution time: mean = 0.30ms, total = 3.57ms, Queueing time: mean = 0.00ms, max = -0.00ms, min = 9223372036854.78ms, total = 0.00ms
	CoreWorkerService.grpc_server.GetCoreWorkerStats.HandleRequestImpl - 12 total (0 active), Execution time: mean = 0.09ms, total = 1.06ms, Queueing time: mean = 0.02ms, max = 0.03ms, min = 0.02ms, total = 0.28ms
	PeriodicalRunner.RunFnPeriodically - 7 total (0 active), Execution time: mean = 0.11ms, total = 0.76ms, Queueing time: mean = 0.30ms, max = 0.75ms, min = 0.01ms, total = 2.08ms
	ReporterService.grpc_client.HealthCheck - 3 total (0 active), Execution time: mean = 14.77ms, total = 44.30ms, Queueing time: mean = 0.00ms, max = -0.00ms, min = 9223372036854.78ms, total = 0.00ms
	ReporterService.grpc_client.HealthCheck.OnReplyReceived - 3 total (0 active), Execution time: mean = 2.72ms, total = 8.16ms, Queueing time: mean = 0.07ms, max = 0.17ms, min = 0.02ms, total = 0.22ms
	CoreWorker.PrintEventStats - 3 total (1 active, 1 running), Execution time: mean = 0.41ms, total = 1.22ms, Queueing time: mean = 0.02ms, max = 0.03ms, min = 0.03ms, total = 0.06ms
	MetricsAgentClient.WaitForServerReadyWithRetry - 2 total (0 active), Execution time: mean = 0.15ms, total = 0.30ms, Queueing time: mean = 1000.04ms, max = 1000.05ms, min = 1000.02ms, total = 2000.07ms
	ray::rpc::InternalPubSubGcsService.grpc_client.GcsSubscriberPoll - 1 total (1 active), Execution time: mean = 0.00ms, total = 0.00ms, Queueing time: mean = 0.00ms, max = -0.00ms, min = 9223372036854.78ms, total = 0.00ms
	ray::rpc::WorkerInfoGcsService.grpc_client.AddWorkerInfo - 1 total (0 active), Execution time: mean = 0.66ms, total = 0.66ms, Queueing time: mean = 0.00ms, max = -0.00ms, min = 9223372036854.78ms, total = 0.00ms
	ray::rpc::InternalPubSubGcsService.grpc_client.GcsSubscriberCommandBatch.OnReplyReceived - 1 total (0 active), Execution time: mean = 0.13ms, total = 0.13ms, Queueing time: mean = 0.24ms, max = 0.24ms, min = 0.24ms, total = 0.24ms
	ray::rpc::InternalPubSubGcsService.grpc_client.GcsSubscriberCommandBatch - 1 total (0 active), Execution time: mean = 0.72ms, total = 0.72ms, Queueing time: mean = 0.00ms, max = -0.00ms, min = 9223372036854.78ms, total = 0.00ms
	Publisher.CheckDeadSubscribers - 1 total (1 active), Execution time: mean = 0.00ms, total = 0.00ms, Queueing time: mean = 0.00ms, max = -0.00ms, min = 9223372036854.78ms, total = 0.00ms
	ray::rpc::WorkerInfoGcsService.grpc_client.AddWorkerInfo.OnReplyReceived - 1 total (0 active), Execution time: mean = 0.02ms, total = 0.02ms, Queueing time: mean = 0.41ms, max = 0.41ms, min = 0.41ms, total = 0.41ms
	ray::rpc::NodeInfoGcsService.grpc_client.GetAllNodeAddressAndLiveness.OnReplyReceived - 1 total (0 active), Execution time: mean = 0.06ms, total = 0.06ms, Queueing time: mean = 0.01ms, max = 0.01ms, min = 0.01ms, total = 0.01ms
	ray::rpc::NodeInfoGcsService.grpc_client.GetAllNodeAddressAndLiveness - 1 total (0 active), Execution time: mean = 0.74ms, total = 0.74ms, Queueing time: mean = 0.00ms, max = -0.00ms, min = 9223372036854.78ms, total = 0.00ms

-----------------
Task execution event stats:

Global stats: 17880 total (1 active)
Queueing time: mean = 0.06ms, max = 14.00ms, min = -0.00ms, total = 1033.94ms
Execution time:  mean = 0.02ms, total = 272.82ms
Event stats:
	CoreWorker.CheckSignal - 17879 total (1 active), Execution time: mean = 0.02ms, total = 272.81ms, Queueing time: mean = 0.06ms, max = 14.00ms, min = -0.00ms, total = 1033.93ms
	PeriodicalRunner.RunFnPeriodically - 1 total (0 active), Execution time: mean = 0.01ms, total = 0.01ms, Queueing time: mean = 0.00ms, max = 0.00ms, min = 0.00ms, total = 0.00ms

-----------------
Task Event stats:

IO Service Stats:

Global stats: 541 total (1 active)
Queueing time: mean = 0.03ms, max = 0.11ms, min = 0.01ms, total = 17.30ms
Execution time:  mean = 0.33ms, total = 178.09ms
Event stats:
	CoreWorker.deadline_timer.flush_task_events - 180 total (1 active), Execution time: mean = 0.20ms, total = 36.63ms, Queueing time: mean = 0.05ms, max = 0.11ms, min = 0.02ms, total = 9.71ms
	ray::rpc::TaskInfoGcsService.grpc_client.AddTaskEventData - 180 total (0 active), Execution time: mean = 0.75ms, total = 135.08ms, Queueing time: mean = 0.00ms, max = -0.00ms, min = 9223372036854.78ms, total = 0.00ms
	ray::rpc::TaskInfoGcsService.grpc_client.AddTaskEventData.OnReplyReceived - 180 total (0 active), Execution time: mean = 0.03ms, total = 6.16ms, Queueing time: mean = 0.04ms, max = 0.07ms, min = 0.01ms, total = 7.59ms
	PeriodicalRunner.RunFnPeriodically - 1 total (0 active), Execution time: mean = 0.22ms, total = 0.22ms, Queueing time: mean = 0.01ms, max = 0.01ms, min = 0.01ms, total = 0.01ms
Other Stats:
	gcs_grpc_in_progress:0
	event_aggregator_grpc_in_progress:0
	current number of task status events in buffer: 0
	current number of profile events in buffer: 0
	current number of dropped task attempts tracked: 0
	total task events sent: 0 MiB
	total number of task attempts sent: 0
	total number of task attempts dropped reported: 0
	total number of sent failure: 0
	num status task events dropped: 0
	num profile task events dropped: 0
	num ray task events reported to aggregator: 0
	num ray task events failed to report to aggregator: 0
	num of task attempts dropped reported to aggregator: 0
	num of failed requests to aggregator: 0

[2026-01-25 22:57:37,909 I 2448490 2450288] core_worker.cc:455: Event stats:


Global stats: 3490 total (8 active)
Queueing time: mean = 0.62ms, max = 1000.05ms, min = 0.01ms, total = 2171.33ms
Execution time:  mean = 0.09ms, total = 330.28ms
Event stats:
	CoreWorker.RecoverObjects - 2399 total (1 active), Execution time: mean = 0.01ms, total = 21.23ms, Queueing time: mean = 0.05ms, max = 0.13ms, min = 0.01ms, total = 129.54ms
	NodeManagerService.grpc_client.ReportWorkerBacklog - 240 total (0 active), Execution time: mean = 0.79ms, total = 190.77ms, Queueing time: mean = 0.00ms, max = -0.00ms, min = 9223372036854.78ms, total = 0.00ms
	CoreWorker.InternalHeartbeat - 240 total (1 active), Execution time: mean = 0.18ms, total = 42.92ms, Queueing time: mean = 0.05ms, max = 0.08ms, min = 0.01ms, total = 12.78ms
	CoreWorker.ExitIfParentRayletDies - 240 total (1 active), Execution time: mean = 0.01ms, total = 2.53ms, Queueing time: mean = 0.05ms, max = 0.10ms, min = 0.01ms, total = 12.34ms
	NodeManagerService.grpc_client.ReportWorkerBacklog.OnReplyReceived - 240 total (0 active), Execution time: mean = 0.03ms, total = 6.26ms, Queueing time: mean = 0.04ms, max = 0.07ms, min = 0.01ms, total = 9.11ms
	CoreWorker.RecordMetrics - 48 total (1 active), Execution time: mean = 0.06ms, total = 2.69ms, Queueing time: mean = 0.05ms, max = 0.08ms, min = 0.01ms, total = 2.24ms
	CoreWorker.TryDelPendingObjectRefStreams - 24 total (1 active), Execution time: mean = 0.01ms, total = 0.12ms, Queueing time: mean = 0.08ms, max = 0.52ms, min = 0.01ms, total = 1.80ms
	CoreWorkerService.grpc_server.GetCoreWorkerStats - 16 total (0 active), Execution time: mean = 0.29ms, total = 4.63ms, Queueing time: mean = 0.00ms, max = -0.00ms, min = 9223372036854.78ms, total = 0.00ms
	CoreWorkerService.grpc_server.GetCoreWorkerStats.HandleRequestImpl - 16 total (0 active), Execution time: mean = 0.09ms, total = 1.36ms, Queueing time: mean = 0.02ms, max = 0.03ms, min = 0.02ms, total = 0.37ms
	PeriodicalRunner.RunFnPeriodically - 7 total (0 active), Execution time: mean = 0.11ms, total = 0.76ms, Queueing time: mean = 0.30ms, max = 0.75ms, min = 0.01ms, total = 2.08ms
	CoreWorker.PrintEventStats - 4 total (1 active, 1 running), Execution time: mean = 0.48ms, total = 1.92ms, Queueing time: mean = 0.03ms, max = 0.07ms, min = 0.03ms, total = 0.13ms
	ReporterService.grpc_client.HealthCheck - 3 total (0 active), Execution time: mean = 14.77ms, total = 44.30ms, Queueing time: mean = 0.00ms, max = -0.00ms, min = 9223372036854.78ms, total = 0.00ms
	ReporterService.grpc_client.HealthCheck.OnReplyReceived - 3 total (0 active), Execution time: mean = 2.72ms, total = 8.16ms, Queueing time: mean = 0.07ms, max = 0.17ms, min = 0.02ms, total = 0.22ms
	MetricsAgentClient.WaitForServerReadyWithRetry - 2 total (0 active), Execution time: mean = 0.15ms, total = 0.30ms, Queueing time: mean = 1000.04ms, max = 1000.05ms, min = 1000.02ms, total = 2000.07ms
	ray::rpc::InternalPubSubGcsService.grpc_client.GcsSubscriberPoll - 1 total (1 active), Execution time: mean = 0.00ms, total = 0.00ms, Queueing time: mean = 0.00ms, max = -0.00ms, min = 9223372036854.78ms, total = 0.00ms
	ray::rpc::WorkerInfoGcsService.grpc_client.AddWorkerInfo - 1 total (0 active), Execution time: mean = 0.66ms, total = 0.66ms, Queueing time: mean = 0.00ms, max = -0.00ms, min = 9223372036854.78ms, total = 0.00ms
	ray::rpc::InternalPubSubGcsService.grpc_client.GcsSubscriberCommandBatch.OnReplyReceived - 1 total (0 active), Execution time: mean = 0.13ms, total = 0.13ms, Queueing time: mean = 0.24ms, max = 0.24ms, min = 0.24ms, total = 0.24ms
	ray::rpc::InternalPubSubGcsService.grpc_client.GcsSubscriberCommandBatch - 1 total (0 active), Execution time: mean = 0.72ms, total = 0.72ms, Queueing time: mean = 0.00ms, max = -0.00ms, min = 9223372036854.78ms, total = 0.00ms
	Publisher.CheckDeadSubscribers - 1 total (1 active), Execution time: mean = 0.00ms, total = 0.00ms, Queueing time: mean = 0.00ms, max = -0.00ms, min = 9223372036854.78ms, total = 0.00ms
	ray::rpc::WorkerInfoGcsService.grpc_client.AddWorkerInfo.OnReplyReceived - 1 total (0 active), Execution time: mean = 0.02ms, total = 0.02ms, Queueing time: mean = 0.41ms, max = 0.41ms, min = 0.41ms, total = 0.41ms
	ray::rpc::NodeInfoGcsService.grpc_client.GetAllNodeAddressAndLiveness.OnReplyReceived - 1 total (0 active), Execution time: mean = 0.06ms, total = 0.06ms, Queueing time: mean = 0.01ms, max = 0.01ms, min = 0.01ms, total = 0.01ms
	ray::rpc::NodeInfoGcsService.grpc_client.GetAllNodeAddressAndLiveness - 1 total (0 active), Execution time: mean = 0.74ms, total = 0.74ms, Queueing time: mean = 0.00ms, max = -0.00ms, min = 9223372036854.78ms, total = 0.00ms

-----------------
Task execution event stats:

Global stats: 23841 total (1 active)
Queueing time: mean = 0.06ms, max = 14.00ms, min = -0.00ms, total = 1366.29ms
Execution time:  mean = 0.02ms, total = 373.60ms
Event stats:
	CoreWorker.CheckSignal - 23840 total (1 active), Execution time: mean = 0.02ms, total = 373.58ms, Queueing time: mean = 0.06ms, max = 14.00ms, min = -0.00ms, total = 1366.29ms
	PeriodicalRunner.RunFnPeriodically - 1 total (0 active), Execution time: mean = 0.01ms, total = 0.01ms, Queueing time: mean = 0.00ms, max = 0.00ms, min = 0.00ms, total = 0.00ms

-----------------
Task Event stats:

IO Service Stats:

Global stats: 721 total (1 active)
Queueing time: mean = 0.03ms, max = 0.11ms, min = 0.01ms, total = 22.96ms
Execution time:  mean = 0.33ms, total = 235.87ms
Event stats:
	CoreWorker.deadline_timer.flush_task_events - 240 total (1 active), Execution time: mean = 0.20ms, total = 48.54ms, Queueing time: mean = 0.05ms, max = 0.11ms, min = 0.02ms, total = 13.05ms
	ray::rpc::TaskInfoGcsService.grpc_client.AddTaskEventData - 240 total (0 active), Execution time: mean = 0.75ms, total = 178.96ms, Queueing time: mean = 0.00ms, max = -0.00ms, min = 9223372036854.78ms, total = 0.00ms
	ray::rpc::TaskInfoGcsService.grpc_client.AddTaskEventData.OnReplyReceived - 240 total (0 active), Execution time: mean = 0.03ms, total = 8.14ms, Queueing time: mean = 0.04ms, max = 0.07ms, min = 0.01ms, total = 9.90ms
	PeriodicalRunner.RunFnPeriodically - 1 total (0 active), Execution time: mean = 0.22ms, total = 0.22ms, Queueing time: mean = 0.01ms, max = 0.01ms, min = 0.01ms, total = 0.01ms
Other Stats:
	gcs_grpc_in_progress:0
	event_aggregator_grpc_in_progress:0
	current number of task status events in buffer: 0
	current number of profile events in buffer: 0
	current number of dropped task attempts tracked: 0
	total task events sent: 0 MiB
	total number of task attempts sent: 0
	total number of task attempts dropped reported: 0
	total number of sent failure: 0
	num status task events dropped: 0
	num profile task events dropped: 0
	num ray task events reported to aggregator: 0
	num ray task events failed to report to aggregator: 0
	num of task attempts dropped reported to aggregator: 0
	num of failed requests to aggregator: 0

[2026-01-25 22:58:37,910 I 2448490 2450288] core_worker.cc:455: Event stats:


Global stats: 4358 total (8 active)
Queueing time: mean = 0.51ms, max = 1000.05ms, min = 0.01ms, total = 2212.67ms
Execution time:  mean = 0.09ms, total = 395.95ms
Event stats:
	CoreWorker.RecoverObjects - 2999 total (1 active), Execution time: mean = 0.01ms, total = 26.19ms, Queueing time: mean = 0.05ms, max = 0.13ms, min = 0.01ms, total = 160.49ms
	NodeManagerService.grpc_client.ReportWorkerBacklog - 300 total (0 active), Execution time: mean = 0.79ms, total = 235.82ms, Queueing time: mean = 0.00ms, max = -0.00ms, min = 9223372036854.78ms, total = 0.00ms
	CoreWorker.InternalHeartbeat - 300 total (1 active), Execution time: mean = 0.18ms, total = 53.49ms, Queueing time: mean = 0.05ms, max = 0.11ms, min = 0.01ms, total = 15.93ms
	CoreWorker.ExitIfParentRayletDies - 300 total (1 active), Execution time: mean = 0.01ms, total = 3.16ms, Queueing time: mean = 0.05ms, max = 0.10ms, min = 0.01ms, total = 15.42ms
	NodeManagerService.grpc_client.ReportWorkerBacklog.OnReplyReceived - 300 total (0 active), Execution time: mean = 0.03ms, total = 7.77ms, Queueing time: mean = 0.04ms, max = 0.07ms, min = 0.01ms, total = 11.58ms
	CoreWorker.RecordMetrics - 60 total (1 active), Execution time: mean = 0.06ms, total = 3.39ms, Queueing time: mean = 0.05ms, max = 0.08ms, min = 0.01ms, total = 2.86ms
	CoreWorker.TryDelPendingObjectRefStreams - 30 total (1 active), Execution time: mean = 0.01ms, total = 0.16ms, Queueing time: mean = 0.09ms, max = 0.52ms, min = 0.01ms, total = 2.59ms
	CoreWorkerService.grpc_server.GetCoreWorkerStats - 20 total (0 active), Execution time: mean = 0.29ms, total = 5.83ms, Queueing time: mean = 0.00ms, max = -0.00ms, min = 9223372036854.78ms, total = 0.00ms
	CoreWorkerService.grpc_server.GetCoreWorkerStats.HandleRequestImpl - 20 total (0 active), Execution time: mean = 0.08ms, total = 1.67ms, Queueing time: mean = 0.02ms, max = 0.06ms, min = 0.02ms, total = 0.50ms
	PeriodicalRunner.RunFnPeriodically - 7 total (0 active), Execution time: mean = 0.11ms, total = 0.76ms, Queueing time: mean = 0.30ms, max = 0.75ms, min = 0.01ms, total = 2.08ms
	CoreWorker.PrintEventStats - 5 total (1 active, 1 running), Execution time: mean = 0.52ms, total = 2.61ms, Queueing time: mean = 0.04ms, max = 0.07ms, min = 0.03ms, total = 0.20ms
	ReporterService.grpc_client.HealthCheck - 3 total (0 active), Execution time: mean = 14.77ms, total = 44.30ms, Queueing time: mean = 0.00ms, max = -0.00ms, min = 9223372036854.78ms, total = 0.00ms
	ReporterService.grpc_client.HealthCheck.OnReplyReceived - 3 total (0 active), Execution time: mean = 2.72ms, total = 8.16ms, Queueing time: mean = 0.07ms, max = 0.17ms, min = 0.02ms, total = 0.22ms
	MetricsAgentClient.WaitForServerReadyWithRetry - 2 total (0 active), Execution time: mean = 0.15ms, total = 0.30ms, Queueing time: mean = 1000.04ms, max = 1000.05ms, min = 1000.02ms, total = 2000.07ms
	Publisher.CheckDeadSubscribers - 2 total (1 active), Execution time: mean = 0.00ms, total = 0.01ms, Queueing time: mean = 0.03ms, max = 0.06ms, min = 0.06ms, total = 0.06ms
	ray::rpc::InternalPubSubGcsService.grpc_client.GcsSubscriberPoll - 1 total (1 active), Execution time: mean = 0.00ms, total = 0.00ms, Queueing time: mean = 0.00ms, max = -0.00ms, min = 9223372036854.78ms, total = 0.00ms
	ray::rpc::WorkerInfoGcsService.grpc_client.AddWorkerInfo - 1 total (0 active), Execution time: mean = 0.66ms, total = 0.66ms, Queueing time: mean = 0.00ms, max = -0.00ms, min = 9223372036854.78ms, total = 0.00ms
	ray::rpc::InternalPubSubGcsService.grpc_client.GcsSubscriberCommandBatch.OnReplyReceived - 1 total (0 active), Execution time: mean = 0.13ms, total = 0.13ms, Queueing time: mean = 0.24ms, max = 0.24ms, min = 0.24ms, total = 0.24ms
	ray::rpc::InternalPubSubGcsService.grpc_client.GcsSubscriberCommandBatch - 1 total (0 active), Execution time: mean = 0.72ms, total = 0.72ms, Queueing time: mean = 0.00ms, max = -0.00ms, min = 9223372036854.78ms, total = 0.00ms
	ray::rpc::WorkerInfoGcsService.grpc_client.AddWorkerInfo.OnReplyReceived - 1 total (0 active), Execution time: mean = 0.02ms, total = 0.02ms, Queueing time: mean = 0.41ms, max = 0.41ms, min = 0.41ms, total = 0.41ms
	ray::rpc::NodeInfoGcsService.grpc_client.GetAllNodeAddressAndLiveness.OnReplyReceived - 1 total (0 active), Execution time: mean = 0.06ms, total = 0.06ms, Queueing time: mean = 0.01ms, max = 0.01ms, min = 0.01ms, total = 0.01ms
	ray::rpc::NodeInfoGcsService.grpc_client.GetAllNodeAddressAndLiveness - 1 total (0 active), Execution time: mean = 0.74ms, total = 0.74ms, Queueing time: mean = 0.00ms, max = -0.00ms, min = 9223372036854.78ms, total = 0.00ms

-----------------
Task execution event stats:

Global stats: 29804 total (1 active)
Queueing time: mean = 0.06ms, max = 14.00ms, min = -0.00ms, total = 1681.35ms
Execution time:  mean = 0.02ms, total = 464.00ms
Event stats:
	CoreWorker.CheckSignal - 29803 total (1 active), Execution time: mean = 0.02ms, total = 463.98ms, Queueing time: mean = 0.06ms, max = 14.00ms, min = -0.00ms, total = 1681.35ms
	PeriodicalRunner.RunFnPeriodically - 1 total (0 active), Execution time: mean = 0.01ms, total = 0.01ms, Queueing time: mean = 0.00ms, max = 0.00ms, min = 0.00ms, total = 0.00ms

-----------------
Task Event stats:

IO Service Stats:

Global stats: 901 total (1 active)
Queueing time: mean = 0.03ms, max = 0.11ms, min = 0.01ms, total = 28.64ms
Execution time:  mean = 0.33ms, total = 292.90ms
Event stats:
	CoreWorker.deadline_timer.flush_task_events - 300 total (1 active), Execution time: mean = 0.20ms, total = 60.45ms, Queueing time: mean = 0.05ms, max = 0.11ms, min = 0.02ms, total = 16.39ms
	ray::rpc::TaskInfoGcsService.grpc_client.AddTaskEventData - 300 total (0 active), Execution time: mean = 0.74ms, total = 222.01ms, Queueing time: mean = 0.00ms, max = -0.00ms, min = 9223372036854.78ms, total = 0.00ms
	ray::rpc::TaskInfoGcsService.grpc_client.AddTaskEventData.OnReplyReceived - 300 total (0 active), Execution time: mean = 0.03ms, total = 10.21ms, Queueing time: mean = 0.04ms, max = 0.07ms, min = 0.01ms, total = 12.24ms
	PeriodicalRunner.RunFnPeriodically - 1 total (0 active), Execution time: mean = 0.22ms, total = 0.22ms, Queueing time: mean = 0.01ms, max = 0.01ms, min = 0.01ms, total = 0.01ms
Other Stats:
	gcs_grpc_in_progress:0
	event_aggregator_grpc_in_progress:0
	current number of task status events in buffer: 0
	current number of profile events in buffer: 0
	current number of dropped task attempts tracked: 0
	total task events sent: 0 MiB
	total number of task attempts sent: 0
	total number of task attempts dropped reported: 0
	total number of sent failure: 0
	num status task events dropped: 0
	num profile task events dropped: 0
	num ray task events reported to aggregator: 0
	num ray task events failed to report to aggregator: 0
	num of task attempts dropped reported to aggregator: 0
	num of failed requests to aggregator: 0

[2026-01-25 22:59:37,911 I 2448490 2450288] core_worker.cc:455: Event stats:


Global stats: 5225 total (8 active)
Queueing time: mean = 0.43ms, max = 1000.05ms, min = -0.00ms, total = 2247.08ms
Execution time:  mean = 0.09ms, total = 459.84ms
Event stats:
	CoreWorker.RecoverObjects - 3599 total (1 active), Execution time: mean = 0.01ms, total = 30.73ms, Queueing time: mean = 0.05ms, max = 0.13ms, min = 0.01ms, total = 186.16ms
	NodeManagerService.grpc_client.ReportWorkerBacklog - 360 total (0 active), Execution time: mean = 0.78ms, total = 280.44ms, Queueing time: mean = 0.00ms, max = -0.00ms, min = 9223372036854.78ms, total = 0.00ms
	CoreWorker.InternalHeartbeat - 360 total (1 active), Execution time: mean = 0.18ms, total = 63.45ms, Queueing time: mean = 0.05ms, max = 0.11ms, min = 0.01ms, total = 18.43ms
	CoreWorker.ExitIfParentRayletDies - 360 total (1 active), Execution time: mean = 0.01ms, total = 3.73ms, Queueing time: mean = 0.05ms, max = 0.10ms, min = -0.00ms, total = 18.18ms
	NodeManagerService.grpc_client.ReportWorkerBacklog.OnReplyReceived - 360 total (0 active), Execution time: mean = 0.03ms, total = 9.23ms, Queueing time: mean = 0.04ms, max = 0.07ms, min = 0.01ms, total = 13.58ms
	CoreWorker.RecordMetrics - 72 total (1 active), Execution time: mean = 0.06ms, total = 4.04ms, Queueing time: mean = 0.05ms, max = 0.09ms, min = 0.01ms, total = 3.47ms
	CoreWorker.TryDelPendingObjectRefStreams - 36 total (1 active), Execution time: mean = 0.01ms, total = 0.19ms, Queueing time: mean = 0.09ms, max = 0.52ms, min = 0.01ms, total = 3.33ms
	CoreWorkerService.grpc_server.GetCoreWorkerStats - 24 total (0 active), Execution time: mean = 0.29ms, total = 6.84ms, Queueing time: mean = 0.00ms, max = -0.00ms, min = 9223372036854.78ms, total = 0.00ms
	CoreWorkerService.grpc_server.GetCoreWorkerStats.HandleRequestImpl - 24 total (0 active), Execution time: mean = 0.08ms, total = 1.95ms, Queueing time: mean = 0.02ms, max = 0.06ms, min = 0.02ms, total = 0.58ms
	PeriodicalRunner.RunFnPeriodically - 7 total (0 active), Execution time: mean = 0.11ms, total = 0.76ms, Queueing time: mean = 0.30ms, max = 0.75ms, min = 0.01ms, total = 2.08ms
	CoreWorker.PrintEventStats - 6 total (1 active, 1 running), Execution time: mean = 0.56ms, total = 3.37ms, Queueing time: mean = 0.04ms, max = 0.07ms, min = 0.03ms, total = 0.25ms
	ReporterService.grpc_client.HealthCheck - 3 total (0 active), Execution time: mean = 14.77ms, total = 44.30ms, Queueing time: mean = 0.00ms, max = -0.00ms, min = 9223372036854.78ms, total = 0.00ms
	ReporterService.grpc_client.HealthCheck.OnReplyReceived - 3 total (0 active), Execution time: mean = 2.72ms, total = 8.16ms, Queueing time: mean = 0.07ms, max = 0.17ms, min = 0.02ms, total = 0.22ms
	MetricsAgentClient.WaitForServerReadyWithRetry - 2 total (0 active), Execution time: mean = 0.15ms, total = 0.30ms, Queueing time: mean = 1000.04ms, max = 1000.05ms, min = 1000.02ms, total = 2000.07ms
	Publisher.CheckDeadSubscribers - 2 total (1 active), Execution time: mean = 0.00ms, total = 0.01ms, Queueing time: mean = 0.03ms, max = 0.06ms, min = 0.06ms, total = 0.06ms
	ray::rpc::InternalPubSubGcsService.grpc_client.GcsSubscriberPoll - 1 total (1 active), Execution time: mean = 0.00ms, total = 0.00ms, Queueing time: mean = 0.00ms, max = -0.00ms, min = 9223372036854.78ms, total = 0.00ms
	ray::rpc::WorkerInfoGcsService.grpc_client.AddWorkerInfo - 1 total (0 active), Execution time: mean = 0.66ms, total = 0.66ms, Queueing time: mean = 0.00ms, max = -0.00ms, min = 9223372036854.78ms, total = 0.00ms
	ray::rpc::InternalPubSubGcsService.grpc_client.GcsSubscriberCommandBatch.OnReplyReceived - 1 total (0 active), Execution time: mean = 0.13ms, total = 0.13ms, Queueing time: mean = 0.24ms, max = 0.24ms, min = 0.24ms, total = 0.24ms
	ray::rpc::InternalPubSubGcsService.grpc_client.GcsSubscriberCommandBatch - 1 total (0 active), Execution time: mean = 0.72ms, total = 0.72ms, Queueing time: mean = 0.00ms, max = -0.00ms, min = 9223372036854.78ms, total = 0.00ms
	ray::rpc::WorkerInfoGcsService.grpc_client.AddWorkerInfo.OnReplyReceived - 1 total (0 active), Execution time: mean = 0.02ms, total = 0.02ms, Queueing time: mean = 0.41ms, max = 0.41ms, min = 0.41ms, total = 0.41ms
	ray::rpc::NodeInfoGcsService.grpc_client.GetAllNodeAddressAndLiveness.OnReplyReceived - 1 total (0 active), Execution time: mean = 0.06ms, total = 0.06ms, Queueing time: mean = 0.01ms, max = 0.01ms, min = 0.01ms, total = 0.01ms
	ray::rpc::NodeInfoGcsService.grpc_client.GetAllNodeAddressAndLiveness - 1 total (0 active), Execution time: mean = 0.74ms, total = 0.74ms, Queueing time: mean = 0.00ms, max = -0.00ms, min = 9223372036854.78ms, total = 0.00ms

-----------------
Task execution event stats:

Global stats: 35768 total (1 active)
Queueing time: mean = 0.06ms, max = 14.00ms, min = -0.00ms, total = 1983.97ms
Execution time:  mean = 0.02ms, total = 552.48ms
Event stats:
	CoreWorker.CheckSignal - 35767 total (1 active), Execution time: mean = 0.02ms, total = 552.47ms, Queueing time: mean = 0.06ms, max = 14.00ms, min = -0.00ms, total = 1983.96ms
	PeriodicalRunner.RunFnPeriodically - 1 total (0 active), Execution time: mean = 0.01ms, total = 0.01ms, Queueing time: mean = 0.00ms, max = 0.00ms, min = 0.00ms, total = 0.00ms

-----------------
Task Event stats:

IO Service Stats:

Global stats: 1081 total (1 active)
Queueing time: mean = 0.03ms, max = 0.11ms, min = 0.01ms, total = 34.44ms
Execution time:  mean = 0.33ms, total = 351.47ms
Event stats:
	CoreWorker.deadline_timer.flush_task_events - 360 total (1 active), Execution time: mean = 0.20ms, total = 72.33ms, Queueing time: mean = 0.05ms, max = 0.11ms, min = 0.02ms, total = 19.49ms
	ray::rpc::TaskInfoGcsService.grpc_client.AddTaskEventData - 360 total (0 active), Execution time: mean = 0.74ms, total = 266.62ms, Queueing time: mean = 0.00ms, max = -0.00ms, min = 9223372036854.78ms, total = 0.00ms
	ray::rpc::TaskInfoGcsService.grpc_client.AddTaskEventData.OnReplyReceived - 360 total (0 active), Execution time: mean = 0.03ms, total = 12.30ms, Queueing time: mean = 0.04ms, max = 0.07ms, min = 0.01ms, total = 14.94ms
	PeriodicalRunner.RunFnPeriodically - 1 total (0 active), Execution time: mean = 0.22ms, total = 0.22ms, Queueing time: mean = 0.01ms, max = 0.01ms, min = 0.01ms, total = 0.01ms
Other Stats:
	gcs_grpc_in_progress:0
	event_aggregator_grpc_in_progress:0
	current number of task status events in buffer: 0
	current number of profile events in buffer: 0
	current number of dropped task attempts tracked: 0
	total task events sent: 0 MiB
	total number of task attempts sent: 0
	total number of task attempts dropped reported: 0
	total number of sent failure: 0
	num status task events dropped: 0
	num profile task events dropped: 0
	num ray task events reported to aggregator: 0
	num ray task events failed to report to aggregator: 0
	num of task attempts dropped reported to aggregator: 0
	num of failed requests to aggregator: 0

[2026-01-25 23:00:37,912 I 2448490 2450288] core_worker.cc:455: Event stats:


Global stats: 6091 total (8 active)
Queueing time: mean = 0.38ms, max = 1000.05ms, min = -0.00ms, total = 2288.42ms
Execution time:  mean = 0.09ms, total = 525.64ms
Event stats:
	CoreWorker.RecoverObjects - 4198 total (1 active), Execution time: mean = 0.01ms, total = 35.71ms, Queueing time: mean = 0.05ms, max = 0.13ms, min = 0.01ms, total = 217.52ms
	NodeManagerService.grpc_client.ReportWorkerBacklog - 420 total (0 active), Execution time: mean = 0.78ms, total = 325.69ms, Queueing time: mean = 0.00ms, max = -0.00ms, min = 9223372036854.78ms, total = 0.00ms
	CoreWorker.InternalHeartbeat - 420 total (1 active), Execution time: mean = 0.18ms, total = 74.16ms, Queueing time: mean = 0.05ms, max = 0.11ms, min = 0.01ms, total = 21.29ms
	CoreWorker.ExitIfParentRayletDies - 420 total (1 active), Execution time: mean = 0.01ms, total = 4.33ms, Queueing time: mean = 0.05ms, max = 0.10ms, min = -0.00ms, total = 21.29ms
	NodeManagerService.grpc_client.ReportWorkerBacklog.OnReplyReceived - 420 total (0 active), Execution time: mean = 0.03ms, total = 10.78ms, Queueing time: mean = 0.04ms, max = 0.07ms, min = 0.01ms, total = 15.93ms
	CoreWorker.RecordMetrics - 84 total (1 active), Execution time: mean = 0.06ms, total = 4.72ms, Queueing time: mean = 0.05ms, max = 0.09ms, min = 0.01ms, total = 4.28ms
	CoreWorker.TryDelPendingObjectRefStreams - 42 total (1 active), Execution time: mean = 0.01ms, total = 0.22ms, Queueing time: mean = 0.10ms, max = 0.52ms, min = 0.01ms, total = 4.00ms
	CoreWorkerService.grpc_server.GetCoreWorkerStats - 28 total (0 active), Execution time: mean = 0.28ms, total = 7.85ms, Queueing time: mean = 0.00ms, max = -0.00ms, min = 9223372036854.78ms, total = 0.00ms
	CoreWorkerService.grpc_server.GetCoreWorkerStats.HandleRequestImpl - 28 total (0 active), Execution time: mean = 0.08ms, total = 2.26ms, Queueing time: mean = 0.02ms, max = 0.06ms, min = 0.02ms, total = 0.69ms
	CoreWorker.PrintEventStats - 7 total (1 active, 1 running), Execution time: mean = 0.58ms, total = 4.04ms, Queueing time: mean = 0.05ms, max = 0.08ms, min = 0.03ms, total = 0.33ms
	PeriodicalRunner.RunFnPeriodically - 7 total (0 active), Execution time: mean = 0.11ms, total = 0.76ms, Queueing time: mean = 0.30ms, max = 0.75ms, min = 0.01ms, total = 2.08ms
	ReporterService.grpc_client.HealthCheck - 3 total (0 active), Execution time: mean = 14.77ms, total = 44.30ms, Queueing time: mean = 0.00ms, max = -0.00ms, min = 9223372036854.78ms, total = 0.00ms
	ReporterService.grpc_client.HealthCheck.OnReplyReceived - 3 total (0 active), Execution time: mean = 2.72ms, total = 8.16ms, Queueing time: mean = 0.07ms, max = 0.17ms, min = 0.02ms, total = 0.22ms
	MetricsAgentClient.WaitForServerReadyWithRetry - 2 total (0 active), Execution time: mean = 0.15ms, total = 0.30ms, Queueing time: mean = 1000.04ms, max = 1000.05ms, min = 1000.02ms, total = 2000.07ms
	Publisher.CheckDeadSubscribers - 2 total (1 active), Execution time: mean = 0.00ms, total = 0.01ms, Queueing time: mean = 0.03ms, max = 0.06ms, min = 0.06ms, total = 0.06ms
	ray::rpc::InternalPubSubGcsService.grpc_client.GcsSubscriberPoll - 1 total (1 active), Execution time: mean = 0.00ms, total = 0.00ms, Queueing time: mean = 0.00ms, max = -0.00ms, min = 9223372036854.78ms, total = 0.00ms
	ray::rpc::WorkerInfoGcsService.grpc_client.AddWorkerInfo - 1 total (0 active), Execution time: mean = 0.66ms, total = 0.66ms, Queueing time: mean = 0.00ms, max = -0.00ms, min = 9223372036854.78ms, total = 0.00ms
	ray::rpc::InternalPubSubGcsService.grpc_client.GcsSubscriberCommandBatch.OnReplyReceived - 1 total (0 active), Execution time: mean = 0.13ms, total = 0.13ms, Queueing time: mean = 0.24ms, max = 0.24ms, min = 0.24ms, total = 0.24ms
	ray::rpc::InternalPubSubGcsService.grpc_client.GcsSubscriberCommandBatch - 1 total (0 active), Execution time: mean = 0.72ms, total = 0.72ms, Queueing time: mean = 0.00ms, max = -0.00ms, min = 9223372036854.78ms, total = 0.00ms
	ray::rpc::WorkerInfoGcsService.grpc_client.AddWorkerInfo.OnReplyReceived - 1 total (0 active), Execution time: mean = 0.02ms, total = 0.02ms, Queueing time: mean = 0.41ms, max = 0.41ms, min = 0.41ms, total = 0.41ms
	ray::rpc::NodeInfoGcsService.grpc_client.GetAllNodeAddressAndLiveness.OnReplyReceived - 1 total (0 active), Execution time: mean = 0.06ms, total = 0.06ms, Queueing time: mean = 0.01ms, max = 0.01ms, min = 0.01ms, total = 0.01ms
	ray::rpc::NodeInfoGcsService.grpc_client.GetAllNodeAddressAndLiveness - 1 total (0 active), Execution time: mean = 0.74ms, total = 0.74ms, Queueing time: mean = 0.00ms, max = -0.00ms, min = 9223372036854.78ms, total = 0.00ms

-----------------
Task execution event stats:

Global stats: 41730 total (1 active)
Queueing time: mean = 0.06ms, max = 14.00ms, min = -0.00ms, total = 2307.50ms
Execution time:  mean = 0.02ms, total = 638.92ms
Event stats:
	CoreWorker.CheckSignal - 41729 total (1 active), Execution time: mean = 0.02ms, total = 638.91ms, Queueing time: mean = 0.06ms, max = 14.00ms, min = -0.00ms, total = 2307.50ms
	PeriodicalRunner.RunFnPeriodically - 1 total (0 active), Execution time: mean = 0.01ms, total = 0.01ms, Queueing time: mean = 0.00ms, max = 0.00ms, min = 0.00ms, total = 0.00ms

-----------------
Task Event stats:

IO Service Stats:

Global stats: 1261 total (1 active)
Queueing time: mean = 0.03ms, max = 0.11ms, min = 0.01ms, total = 40.68ms
Execution time:  mean = 0.32ms, total = 407.71ms
Event stats:
	CoreWorker.deadline_timer.flush_task_events - 420 total (1 active), Execution time: mean = 0.20ms, total = 84.00ms, Queueing time: mean = 0.06ms, max = 0.11ms, min = 0.02ms, total = 23.18ms
	ray::rpc::TaskInfoGcsService.grpc_client.AddTaskEventData - 420 total (0 active), Execution time: mean = 0.74ms, total = 309.29ms, Queueing time: mean = 0.00ms, max = -0.00ms, min = 9223372036854.78ms, total = 0.00ms
	ray::rpc::TaskInfoGcsService.grpc_client.AddTaskEventData.OnReplyReceived - 420 total (0 active), Execution time: mean = 0.03ms, total = 14.20ms, Queueing time: mean = 0.04ms, max = 0.07ms, min = 0.01ms, total = 17.49ms
	PeriodicalRunner.RunFnPeriodically - 1 total (0 active), Execution time: mean = 0.22ms, total = 0.22ms, Queueing time: mean = 0.01ms, max = 0.01ms, min = 0.01ms, total = 0.01ms
Other Stats:
	gcs_grpc_in_progress:0
	event_aggregator_grpc_in_progress:0
	current number of task status events in buffer: 0
	current number of profile events in buffer: 0
	current number of dropped task attempts tracked: 0
	total task events sent: 0 MiB
	total number of task attempts sent: 0
	total number of task attempts dropped reported: 0
	total number of sent failure: 0
	num status task events dropped: 0
	num profile task events dropped: 0
	num ray task events reported to aggregator: 0
	num ray task events failed to report to aggregator: 0
	num of task attempts dropped reported to aggregator: 0
	num of failed requests to aggregator: 0

[2026-01-25 23:01:29,664 I 2448490 2450288] accessor.cc:433: Received address and liveness notification for node, IsAlive = 0 node_id=15128e37d5cbf12622844ecbea1254d0da5d57fc8aa86df36f954ab1
[2026-01-25 23:01:29,664 I 2448490 2450288] core_worker.cc:740: Node failure. All objects pinned on that node will be lost if object reconstruction is not enabled. node_id=15128e37d5cbf12622844ecbea1254d0da5d57fc8aa86df36f954ab1
[2026-01-25 23:01:29,664 I 2448490 2450288] normal_task_submitter.cc:840: Number of alive nodes:0
