2026-02-15 11:24:29,716	INFO utils.py:307 -- Get all modules by type: DashboardHeadModule
2026-02-15 11:24:30,197	INFO utils.py:340 -- Available modules: [<class 'ray.dashboard.modules.usage_stats.usage_stats_head.UsageStatsHead'>]
2026-02-15 11:24:30,198	INFO head.py:235 -- DashboardHeadModules to load: None.
2026-02-15 11:24:30,198	INFO head.py:238 -- Loading DashboardHeadModule: <class 'ray.dashboard.modules.usage_stats.usage_stats_head.UsageStatsHead'>.
2026-02-15 11:24:30,198	INFO head.py:242 -- Loaded 1 dashboard head modules: [<ray.dashboard.modules.usage_stats.usage_stats_head.UsageStatsHead object at 0x7f5438f9f560>].
2026-02-15 11:24:30,198	INFO utils.py:307 -- Get all modules by type: SubprocessModule
2026-02-15 11:24:30,200	INFO utils.py:340 -- Available modules: [<class 'ray.dashboard.modules.metrics.metrics_head.MetricsHead'>, <class 'ray.dashboard.modules.data.data_head.DataHead'>, <class 'ray.dashboard.modules.event.event_head.EventHead'>, <class 'ray.dashboard.modules.job.job_head.JobHead'>, <class 'ray.dashboard.modules.node.node_head.NodeHead'>, <class 'ray.dashboard.modules.reporter.reporter_head.ReportHead'>, <class 'ray.dashboard.modules.serve.serve_head.ServeHead'>, <class 'ray.dashboard.modules.state.state_head.StateHead'>, <class 'ray.dashboard.modules.train.train_head.TrainHead'>]
2026-02-15 11:24:30,200	INFO head.py:292 -- Loading SubprocessModule: <class 'ray.dashboard.modules.metrics.metrics_head.MetricsHead'>.
2026-02-15 11:24:30,200	INFO head.py:292 -- Loading SubprocessModule: <class 'ray.dashboard.modules.data.data_head.DataHead'>.
2026-02-15 11:24:30,200	INFO head.py:292 -- Loading SubprocessModule: <class 'ray.dashboard.modules.event.event_head.EventHead'>.
2026-02-15 11:24:30,200	INFO head.py:292 -- Loading SubprocessModule: <class 'ray.dashboard.modules.job.job_head.JobHead'>.
2026-02-15 11:24:30,200	INFO head.py:292 -- Loading SubprocessModule: <class 'ray.dashboard.modules.node.node_head.NodeHead'>.
2026-02-15 11:24:30,200	INFO head.py:292 -- Loading SubprocessModule: <class 'ray.dashboard.modules.reporter.reporter_head.ReportHead'>.
2026-02-15 11:24:30,200	INFO head.py:292 -- Loading SubprocessModule: <class 'ray.dashboard.modules.serve.serve_head.ServeHead'>.
2026-02-15 11:24:30,200	INFO head.py:292 -- Loading SubprocessModule: <class 'ray.dashboard.modules.state.state_head.StateHead'>.
2026-02-15 11:24:30,200	INFO head.py:292 -- Loading SubprocessModule: <class 'ray.dashboard.modules.train.train_head.TrainHead'>.
2026-02-15 11:24:30,200	INFO head.py:296 -- Loaded 9 subprocess modules: [<ray.dashboard.subprocesses.handle.SubprocessModuleHandle object at 0x7f5446bafc50>, <ray.dashboard.subprocesses.handle.SubprocessModuleHandle object at 0x7f5430167590>, <ray.dashboard.subprocesses.handle.SubprocessModuleHandle object at 0x7f54345c0170>, <ray.dashboard.subprocesses.handle.SubprocessModuleHandle object at 0x7f5446d2da30>, <ray.dashboard.subprocesses.handle.SubprocessModuleHandle object at 0x7f543bd5e690>, <ray.dashboard.subprocesses.handle.SubprocessModuleHandle object at 0x7f543dba77d0>, <ray.dashboard.subprocesses.handle.SubprocessModuleHandle object at 0x7f543dba7200>, <ray.dashboard.subprocesses.handle.SubprocessModuleHandle object at 0x7f543dba72c0>, <ray.dashboard.subprocesses.handle.SubprocessModuleHandle object at 0x7f543dba6ff0>].
2026-02-15 11:24:31,149	INFO head.py:311 -- Starting dashboard metrics server on port 44227
2026-02-15 11:24:31,150	INFO head.py:435 -- Initialize the http server.
2026-02-15 11:24:31,151	INFO http_server_head.py:111 -- Setup static dir for dashboard: /home/zkf/miniconda3/envs/TROJail-test/lib/python3.12/site-packages/ray/dashboard/client/build
2026-02-15 11:24:31,154	WARNING __init__.py:161 -- DeprecationWarning: `ray.ray_constants.DASHBOARD_CLIENT_MAX_SIZE` is a private attribute and access will be removed in a future Ray version.
2026-02-15 11:24:31,187	INFO http_server_head.py:435 -- Dashboard head http address: 127.0.0.1:8265
2026-02-15 11:24:31,187	INFO http_server_head.py:442 -- <ResourceRoute [GET] <PlainResource  /usage_stats_enabled> -> <function UsageStatsHead.get_usage_stats_enabled at 0x7f542e76e7a0>
2026-02-15 11:24:31,187	INFO http_server_head.py:442 -- <ResourceRoute [GET] <PlainResource  /cluster_id> -> <function UsageStatsHead.get_cluster_id at 0x7f542e76e8e0>
2026-02-15 11:24:31,187	INFO http_server_head.py:442 -- <ResourceRoute [GET] <PlainResource  /> -> <function HttpServerDashboardHead.get_index at 0x7f542e79a340>
2026-02-15 11:24:31,187	INFO http_server_head.py:442 -- <ResourceRoute [GET] <PlainResource  /favicon.ico> -> <function HttpServerDashboardHead.get_favicon at 0x7f542e79a480>
2026-02-15 11:24:31,187	INFO http_server_head.py:442 -- <ResourceRoute [GET] <PlainResource  /timezone> -> <function HttpServerDashboardHead.get_timezone at 0x7f542e79a5c0>
2026-02-15 11:24:31,187	INFO http_server_head.py:442 -- <ResourceRoute [GET] <PlainResource  /api/authentication_mode> -> <function HttpServerDashboardHead.get_authentication_mode at 0x7f542e79a700>
2026-02-15 11:24:31,187	INFO http_server_head.py:442 -- <ResourceRoute [POST] <PlainResource  /api/authenticate> -> <function HttpServerDashboardHead.authenticate at 0x7f542e79a840>
2026-02-15 11:24:31,187	INFO http_server_head.py:442 -- <ResourceRoute [GET] <StaticResource  /static -> PosixPath('/home/zkf/miniconda3/envs/TROJail-test/lib/python3.12/site-packages/ray/dashboard/client/build/static')> -> <bound method StaticResource._handle of <StaticResource  /static -> PosixPath('/home/zkf/miniconda3/envs/TROJail-test/lib/python3.12/site-packages/ray/dashboard/client/build/static')>>
2026-02-15 11:24:31,187	INFO http_server_head.py:442 -- <ResourceRoute [GET] <PlainResource  /api/grafana_health> -> <function SubprocessRouteTable._register_route.<locals>._wrapper.<locals>.parent_side_handler at 0x7f5438fcde40>
2026-02-15 11:24:31,187	INFO http_server_head.py:442 -- <ResourceRoute [GET] <PlainResource  /api/prometheus_health> -> <function SubprocessRouteTable._register_route.<locals>._wrapper.<locals>.parent_side_handler at 0x7f5438fcdf80>
2026-02-15 11:24:31,187	INFO http_server_head.py:442 -- <ResourceRoute [GET] <DynamicResource  /api/data/datasets/{job_id}> -> <function SubprocessRouteTable._register_route.<locals>._wrapper.<locals>.parent_side_handler at 0x7f5438fce340>
2026-02-15 11:24:31,188	INFO http_server_head.py:442 -- <ResourceRoute [POST] <PlainResource  /report_events> -> <function SubprocessRouteTable._register_route.<locals>._wrapper.<locals>.parent_side_handler at 0x7f54301b45e0>
2026-02-15 11:24:31,188	INFO http_server_head.py:442 -- <ResourceRoute [GET] <PlainResource  /events> -> <function SubprocessRouteTable._register_route.<locals>._wrapper.<locals>.parent_side_handler at 0x7f54301b47c0>
2026-02-15 11:24:31,188	INFO http_server_head.py:442 -- <ResourceRoute [GET] <PlainResource  /api/v0/cluster_events> -> <function SubprocessRouteTable._register_route.<locals>._wrapper.<locals>.parent_side_handler at 0x7f54301b4a40>
2026-02-15 11:24:31,188	INFO http_server_head.py:442 -- <ResourceRoute [GET] <PlainResource  /api/version> -> <function SubprocessRouteTable._register_route.<locals>._wrapper.<locals>.parent_side_handler at 0x7f54301df060>
2026-02-15 11:24:31,188	INFO http_server_head.py:442 -- <ResourceRoute [GET] <DynamicResource  /api/packages/{protocol}/{package_name}> -> <function SubprocessRouteTable._register_route.<locals>._wrapper.<locals>.parent_side_handler at 0x7f54301df240>
2026-02-15 11:24:31,188	INFO http_server_head.py:442 -- <ResourceRoute [PUT] <DynamicResource  /api/packages/{protocol}/{package_name}> -> <function SubprocessRouteTable._register_route.<locals>._wrapper.<locals>.parent_side_handler at 0x7f54301df4c0>
2026-02-15 11:24:31,188	INFO http_server_head.py:442 -- <ResourceRoute [POST] <PlainResource  /api/jobs/> -> <function SubprocessRouteTable._register_route.<locals>._wrapper.<locals>.parent_side_handler at 0x7f54301df6a0>
2026-02-15 11:24:31,188	INFO http_server_head.py:442 -- <ResourceRoute [POST] <DynamicResource  /api/jobs/{job_or_submission_id}/stop> -> <function SubprocessRouteTable._register_route.<locals>._wrapper.<locals>.parent_side_handler at 0x7f54301df7e0>
2026-02-15 11:24:31,188	INFO http_server_head.py:442 -- <ResourceRoute [DELETE] <DynamicResource  /api/jobs/{job_or_submission_id}> -> <function SubprocessRouteTable._register_route.<locals>._wrapper.<locals>.parent_side_handler at 0x7f54301df920>
2026-02-15 11:24:31,188	INFO http_server_head.py:442 -- <ResourceRoute [GET] <DynamicResource  /api/jobs/{job_or_submission_id}> -> <function SubprocessRouteTable._register_route.<locals>._wrapper.<locals>.parent_side_handler at 0x7f54301dfa60>
2026-02-15 11:24:31,188	INFO http_server_head.py:442 -- <ResourceRoute [GET] <PlainResource  /api/jobs/> -> <function SubprocessRouteTable._register_route.<locals>._wrapper.<locals>.parent_side_handler at 0x7f54301dfba0>
2026-02-15 11:24:31,188	INFO http_server_head.py:442 -- <ResourceRoute [GET] <DynamicResource  /api/jobs/{job_or_submission_id}/logs> -> <function SubprocessRouteTable._register_route.<locals>._wrapper.<locals>.parent_side_handler at 0x7f54301dfce0>
2026-02-15 11:24:31,188	INFO http_server_head.py:442 -- <ResourceRoute [GET] <DynamicResource  /api/jobs/{job_or_submission_id}/logs/tail> -> <function SubprocessRouteTable._register_route.<locals>._wrapper.<locals>.parent_side_handler at 0x7f54301dfe20>
2026-02-15 11:24:31,188	INFO http_server_head.py:442 -- <ResourceRoute [GET] <PlainResource  /api/component_activities> -> <function SubprocessRouteTable._register_route.<locals>._wrapper.<locals>.parent_side_handler at 0x7f54301f4040>
2026-02-15 11:24:31,188	INFO http_server_head.py:442 -- <ResourceRoute [GET] <PlainResource  /nodes> -> <function SubprocessRouteTable._register_route.<locals>._wrapper.<locals>.parent_side_handler at 0x7f542f3a14e0>
2026-02-15 11:24:31,188	INFO http_server_head.py:442 -- <ResourceRoute [GET] <DynamicResource  /nodes/{node_id}> -> <function SubprocessRouteTable._register_route.<locals>._wrapper.<locals>.parent_side_handler at 0x7f542f3a16c0>
2026-02-15 11:24:31,188	INFO http_server_head.py:442 -- <ResourceRoute [GET] <PlainResource  /logical/actors> -> <function SubprocessRouteTable._register_route.<locals>._wrapper.<locals>.parent_side_handler at 0x7f542f3a1da0>
2026-02-15 11:24:31,188	INFO http_server_head.py:442 -- <ResourceRoute [GET] <DynamicResource  /logical/actors/{actor_id}> -> <function SubprocessRouteTable._register_route.<locals>._wrapper.<locals>.parent_side_handler at 0x7f542f3a1f80>
2026-02-15 11:24:31,188	INFO http_server_head.py:442 -- <ResourceRoute [GET] <PlainResource  /test/dump> -> <function SubprocessRouteTable._register_route.<locals>._wrapper.<locals>.parent_side_handler at 0x7f542f3a2160>
2026-02-15 11:24:31,188	INFO http_server_head.py:442 -- <ResourceRoute [GET] <PlainResource  /api/v0/cluster_metadata> -> <function SubprocessRouteTable._register_route.<locals>._wrapper.<locals>.parent_side_handler at 0x7f542e754f40>
2026-02-15 11:24:31,188	INFO http_server_head.py:442 -- <ResourceRoute [GET] <PlainResource  /api/cluster_status> -> <function SubprocessRouteTable._register_route.<locals>._wrapper.<locals>.parent_side_handler at 0x7f542e755080>
2026-02-15 11:24:31,189	INFO http_server_head.py:442 -- <ResourceRoute [GET] <PlainResource  /task/traceback> -> <function SubprocessRouteTable._register_route.<locals>._wrapper.<locals>.parent_side_handler at 0x7f542e755300>
2026-02-15 11:24:31,189	INFO http_server_head.py:442 -- <ResourceRoute [GET] <PlainResource  /task/cpu_profile> -> <function SubprocessRouteTable._register_route.<locals>._wrapper.<locals>.parent_side_handler at 0x7f542e755440>
2026-02-15 11:24:31,189	INFO http_server_head.py:442 -- <ResourceRoute [GET] <PlainResource  /worker/traceback> -> <function SubprocessRouteTable._register_route.<locals>._wrapper.<locals>.parent_side_handler at 0x7f542e755580>
2026-02-15 11:24:31,189	INFO http_server_head.py:442 -- <ResourceRoute [GET] <PlainResource  /worker/cpu_profile> -> <function SubprocessRouteTable._register_route.<locals>._wrapper.<locals>.parent_side_handler at 0x7f542e7556c0>
2026-02-15 11:24:31,189	INFO http_server_head.py:442 -- <ResourceRoute [GET] <PlainResource  /worker/gpu_profile> -> <function SubprocessRouteTable._register_route.<locals>._wrapper.<locals>.parent_side_handler at 0x7f542e755800>
2026-02-15 11:24:31,189	INFO http_server_head.py:442 -- <ResourceRoute [GET] <PlainResource  /memory_profile> -> <function SubprocessRouteTable._register_route.<locals>._wrapper.<locals>.parent_side_handler at 0x7f542e755940>
2026-02-15 11:24:31,189	INFO http_server_head.py:442 -- <ResourceRoute [GET] <PlainResource  /api/gcs_healthz> -> <function SubprocessRouteTable._register_route.<locals>._wrapper.<locals>.parent_side_handler at 0x7f542e755a80>
2026-02-15 11:24:31,189	INFO http_server_head.py:442 -- <ResourceRoute [GET] <PlainResource  /api/prometheus/sd> -> <function SubprocessRouteTable._register_route.<locals>._wrapper.<locals>.parent_side_handler at 0x7f542e755bc0>
2026-02-15 11:24:31,189	INFO http_server_head.py:442 -- <ResourceRoute [GET] <PlainResource  /api/ray/version> -> <function SubprocessRouteTable._register_route.<locals>._wrapper.<locals>.parent_side_handler at 0x7f542e7567a0>
2026-02-15 11:24:31,189	INFO http_server_head.py:442 -- <ResourceRoute [GET] <PlainResource  /api/serve/applications/> -> <function SubprocessRouteTable._register_route.<locals>._wrapper.<locals>.parent_side_handler at 0x7f542e756840>
2026-02-15 11:24:31,189	INFO http_server_head.py:442 -- <ResourceRoute [DELETE] <PlainResource  /api/serve/applications/> -> <function SubprocessRouteTable._register_route.<locals>._wrapper.<locals>.parent_side_handler at 0x7f542e756ac0>
2026-02-15 11:24:31,189	INFO http_server_head.py:442 -- <ResourceRoute [PUT] <PlainResource  /api/serve/applications/> -> <function SubprocessRouteTable._register_route.<locals>._wrapper.<locals>.parent_side_handler at 0x7f542e756ca0>
2026-02-15 11:24:31,189	INFO http_server_head.py:442 -- <ResourceRoute [POST] <DynamicResource  /api/v1/applications/{application_name}/deployments/{deployment_name}/scale> -> <function SubprocessRouteTable._register_route.<locals>._wrapper.<locals>.parent_side_handler at 0x7f542e756fc0>
2026-02-15 11:24:31,189	INFO http_server_head.py:442 -- <ResourceRoute [GET] <PlainResource  /api/v0/actors> -> <function SubprocessRouteTable._register_route.<locals>._wrapper.<locals>.parent_side_handler at 0x7f542e757920>
2026-02-15 11:24:31,189	INFO http_server_head.py:442 -- <ResourceRoute [GET] <PlainResource  /api/v0/jobs> -> <function SubprocessRouteTable._register_route.<locals>._wrapper.<locals>.parent_side_handler at 0x7f542e757b00>
2026-02-15 11:24:31,189	INFO http_server_head.py:442 -- <ResourceRoute [GET] <PlainResource  /api/v0/nodes> -> <function SubprocessRouteTable._register_route.<locals>._wrapper.<locals>.parent_side_handler at 0x7f542e757ce0>
2026-02-15 11:24:31,189	INFO http_server_head.py:442 -- <ResourceRoute [GET] <PlainResource  /api/v0/placement_groups> -> <function SubprocessRouteTable._register_route.<locals>._wrapper.<locals>.parent_side_handler at 0x7f542e757ec0>
2026-02-15 11:24:31,189	INFO http_server_head.py:442 -- <ResourceRoute [GET] <PlainResource  /api/v0/workers> -> <function SubprocessRouteTable._register_route.<locals>._wrapper.<locals>.parent_side_handler at 0x7f542e76c0e0>
2026-02-15 11:24:31,189	INFO http_server_head.py:442 -- <ResourceRoute [GET] <PlainResource  /api/v0/tasks> -> <function SubprocessRouteTable._register_route.<locals>._wrapper.<locals>.parent_side_handler at 0x7f542e76c2c0>
2026-02-15 11:24:31,189	INFO http_server_head.py:442 -- <ResourceRoute [GET] <PlainResource  /api/v0/objects> -> <function SubprocessRouteTable._register_route.<locals>._wrapper.<locals>.parent_side_handler at 0x7f542e76c4a0>
2026-02-15 11:24:31,189	INFO http_server_head.py:442 -- <ResourceRoute [GET] <PlainResource  /api/v0/runtime_envs> -> <function SubprocessRouteTable._register_route.<locals>._wrapper.<locals>.parent_side_handler at 0x7f542e76c680>
2026-02-15 11:24:31,189	INFO http_server_head.py:442 -- <ResourceRoute [GET] <PlainResource  /api/v0/logs> -> <function SubprocessRouteTable._register_route.<locals>._wrapper.<locals>.parent_side_handler at 0x7f542e76c860>
2026-02-15 11:24:31,189	INFO http_server_head.py:442 -- <ResourceRoute [GET] <DynamicResource  /api/v0/logs/{media_type}> -> <function SubprocessRouteTable._register_route.<locals>._wrapper.<locals>.parent_side_handler at 0x7f542e76ca40>
2026-02-15 11:24:31,189	INFO http_server_head.py:442 -- <ResourceRoute [GET] <PlainResource  /api/v0/tasks/summarize> -> <function SubprocessRouteTable._register_route.<locals>._wrapper.<locals>.parent_side_handler at 0x7f542e76cc20>
2026-02-15 11:24:31,189	INFO http_server_head.py:442 -- <ResourceRoute [GET] <PlainResource  /api/v0/actors/summarize> -> <function SubprocessRouteTable._register_route.<locals>._wrapper.<locals>.parent_side_handler at 0x7f542e76ce00>
2026-02-15 11:24:31,190	INFO http_server_head.py:442 -- <ResourceRoute [GET] <PlainResource  /api/v0/objects/summarize> -> <function SubprocessRouteTable._register_route.<locals>._wrapper.<locals>.parent_side_handler at 0x7f542e76cfe0>
2026-02-15 11:24:31,190	INFO http_server_head.py:442 -- <ResourceRoute [GET] <PlainResource  /api/v0/tasks/timeline> -> <function SubprocessRouteTable._register_route.<locals>._wrapper.<locals>.parent_side_handler at 0x7f542e76d1c0>
2026-02-15 11:24:31,190	INFO http_server_head.py:442 -- <ResourceRoute [GET] <DynamicResource  /api/v0/delay/{delay_s}> -> <function SubprocessRouteTable._register_route.<locals>._wrapper.<locals>.parent_side_handler at 0x7f542e76d300>
2026-02-15 11:24:31,190	INFO http_server_head.py:442 -- <ResourceRoute [GET] <PlainResource  /api/train/v2/runs/v1> -> <function SubprocessRouteTable._register_route.<locals>._wrapper.<locals>.parent_side_handler at 0x7f542e76db20>
2026-02-15 11:24:31,190	INFO http_server_head.py:442 -- <ResourceRoute [GET] <PlainResource  /api/train/v2/runs> -> <function SubprocessRouteTable._register_route.<locals>._wrapper.<locals>.parent_side_handler at 0x7f542e76df80>
2026-02-15 11:24:31,190	INFO http_server_head.py:443 -- Registered 62 routes.
2026-02-15 11:24:31,190	INFO head.py:440 -- http server initialized at 127.0.0.1:8265
2026-02-15 11:24:33,310	INFO usage_stats_head.py:200 -- Usage reporting is disabled.
2026-02-15 11:31:07,039	WARNING dashboard.py:285 -- Exiting with SIGTERM immediately...
