[2026-02-15 11:24:32,182 I 4014878 4014878] core_worker_process.cc:777: Constructing CoreWorkerProcess. pid: 4014878
[2026-02-15 11:24:32,189 I 4014878 4014878] event.cc:499: Ray Event initialized for CORE_WORKER
[2026-02-15 11:24:32,189 I 4014878 4014878] event.cc:499: Ray Event initialized for EXPORT_TASK
[2026-02-15 11:24:32,189 I 4014878 4014878] event.cc:332: Set ray event level to warning
[2026-02-15 11:24:32,189 I 4014878 4014878] event_aggregator_client.h:50: Initiating the local event aggregator client with port: 63726
[2026-02-15 11:24:32,192 I 4014878 4014878] grpc_server.cc:143: worker server started, listening on port 38797.
[2026-02-15 11:24:32,208 I 4014878 4014878] core_worker_process.cc:262: Initializing worker at address: 172.28.6.3:38797 worker_id=6d51495b8dd5c85abee640f4e5947f3cbb4f26e626cafbe433a560d0 node_id=c2bfde67e395a3752e8985a56c1ecdcdf8b24b49131776d920f97d6f
[2026-02-15 11:24:32,209 I 4014878 4014878] task_event_buffer.cc:480: Reporting task events to GCS every 1000ms.
[2026-02-15 11:24:32,210 I 4014878 4014878] core_worker.cc:515: Adjusted worker niceness to 15
[2026-02-15 11:24:32,210 I 4014878 4015247] core_worker.cc:455: Event stats:


Global stats: 12 total (10 active)
Queueing time: mean = 0.01ms, max = 0.06ms, min = 0.02ms, total = 0.08ms
Execution time:  mean = 0.00ms, total = 0.04ms
Event stats:
	PeriodicalRunner.RunFnPeriodically - 7 total (5 active, 1 running), Execution time: mean = 0.01ms, total = 0.04ms, Queueing time: mean = 0.01ms, max = 0.06ms, min = 0.02ms, total = 0.08ms
	Publisher.CheckDeadSubscribers - 1 total (1 active), Execution time: mean = 0.00ms, total = 0.00ms, Queueing time: mean = 0.00ms, max = -0.00ms, min = 9223372036854.78ms, total = 0.00ms
	ray::rpc::InternalPubSubGcsService.grpc_client.GcsSubscriberPoll - 1 total (1 active), Execution time: mean = 0.00ms, total = 0.00ms, Queueing time: mean = 0.00ms, max = -0.00ms, min = 9223372036854.78ms, total = 0.00ms
	CoreWorker.ExitIfParentRayletDies - 1 total (1 active), Execution time: mean = 0.00ms, total = 0.00ms, Queueing time: mean = 0.00ms, max = -0.00ms, min = 9223372036854.78ms, total = 0.00ms
	ray::rpc::WorkerInfoGcsService.grpc_client.AddWorkerInfo - 1 total (1 active), Execution time: mean = 0.00ms, total = 0.00ms, Queueing time: mean = 0.00ms, max = -0.00ms, min = 9223372036854.78ms, total = 0.00ms
	ray::rpc::InternalPubSubGcsService.grpc_client.GcsSubscriberCommandBatch - 1 total (1 active), Execution time: mean = 0.00ms, total = 0.00ms, Queueing time: mean = 0.00ms, max = -0.00ms, min = 9223372036854.78ms, total = 0.00ms

-----------------
Task execution event stats:

Global stats: 0 total (0 active)
Queueing time: mean = -nanms, max = -0.00ms, min = 9223372036854.78ms, total = 0.00ms
Execution time:  mean = -nanms, total = 0.00ms
Event stats:

-----------------
Task Event stats:

IO Service Stats:

Global stats: 4 total (1 active)
Queueing time: mean = 0.01ms, max = 0.02ms, min = 0.01ms, total = 0.03ms
Execution time:  mean = 0.27ms, total = 1.08ms
Event stats:
	ray::rpc::TaskInfoGcsService.grpc_client.AddTaskEventData - 1 total (0 active), Execution time: mean = 0.68ms, total = 0.68ms, Queueing time: mean = 0.00ms, max = -0.00ms, min = 9223372036854.78ms, total = 0.00ms
	CoreWorker.deadline_timer.flush_task_events - 1 total (1 active), Execution time: mean = 0.00ms, total = 0.00ms, Queueing time: mean = 0.00ms, max = -0.00ms, min = 9223372036854.78ms, total = 0.00ms
	ray::rpc::TaskInfoGcsService.grpc_client.AddTaskEventData.OnReplyReceived - 1 total (0 active), Execution time: mean = 0.02ms, total = 0.02ms, Queueing time: mean = 0.02ms, max = 0.02ms, min = 0.02ms, total = 0.02ms
	PeriodicalRunner.RunFnPeriodically - 1 total (0 active), Execution time: mean = 0.38ms, total = 0.38ms, Queueing time: mean = 0.01ms, max = 0.01ms, min = 0.01ms, total = 0.01ms
Other Stats:
	gcs_grpc_in_progress:0
	event_aggregator_grpc_in_progress:0
	current number of task status events in buffer: 0
	current number of profile events in buffer: 0
	current number of dropped task attempts tracked: 0
	total task events sent: 0 MiB
	total number of task attempts sent: 0
	total number of task attempts dropped reported: 0
	total number of sent failure: 0
	num status task events dropped: 0
	num profile task events dropped: 0
	num ray task events reported to aggregator: 0
	num ray task events failed to report to aggregator: 0
	num of task attempts dropped reported to aggregator: 0
	num of failed requests to aggregator: 0

[2026-02-15 11:24:32,210 I 4014878 4014878] metrics_agent_client.cc:45: Initializing exporter ...
[2026-02-15 11:24:32,212 I 4014878 4015247] accessor.cc:433: Received address and liveness notification for node, IsAlive = 1 node_id=c2bfde67e395a3752e8985a56c1ecdcdf8b24b49131776d920f97d6f
[2026-02-15 11:24:32,212 I 4014878 4015247] normal_task_submitter.cc:840: Number of alive nodes:1
[2026-02-15 11:24:34,220 I 4014878 4015247] metrics_agent_client.cc:59: Exporter initialized.
[2026-02-15 11:25:32,211 I 4014878 4015247] core_worker.cc:455: Event stats:


Global stats: 890 total (8 active)
Queueing time: mean = 2.30ms, max = 1000.04ms, min = 0.00ms, total = 2048.53ms
Execution time:  mean = 0.10ms, total = 86.81ms
Event stats:
	CoreWorker.RecoverObjects - 600 total (1 active), Execution time: mean = 0.01ms, total = 5.94ms, Queueing time: mean = 0.06ms, max = 0.14ms, min = 0.01ms, total = 35.25ms
	NodeManagerService.grpc_client.ReportWorkerBacklog.OnReplyReceived - 60 total (0 active), Execution time: mean = 0.03ms, total = 1.67ms, Queueing time: mean = 0.04ms, max = 0.13ms, min = 0.02ms, total = 2.62ms
	NodeManagerService.grpc_client.ReportWorkerBacklog - 60 total (0 active), Execution time: mean = 0.87ms, total = 52.10ms, Queueing time: mean = 0.00ms, max = -0.00ms, min = 9223372036854.78ms, total = 0.00ms
	CoreWorker.ExitIfParentRayletDies - 60 total (1 active), Execution time: mean = 0.01ms, total = 0.71ms, Queueing time: mean = 0.05ms, max = 0.10ms, min = 0.01ms, total = 3.20ms
	CoreWorker.InternalHeartbeat - 60 total (1 active), Execution time: mean = 0.19ms, total = 11.40ms, Queueing time: mean = 0.05ms, max = 0.09ms, min = 0.00ms, total = 2.89ms
	CoreWorker.RecordMetrics - 12 total (1 active), Execution time: mean = 0.06ms, total = 0.72ms, Queueing time: mean = 0.04ms, max = 0.08ms, min = 0.02ms, total = 0.43ms
	PeriodicalRunner.RunFnPeriodically - 7 total (0 active), Execution time: mean = 0.13ms, total = 0.94ms, Queueing time: mean = 0.35ms, max = 0.92ms, min = 0.02ms, total = 2.45ms
	CoreWorker.TryDelPendingObjectRefStreams - 6 total (1 active), Execution time: mean = 0.00ms, total = 0.02ms, Queueing time: mean = 0.04ms, max = 0.08ms, min = 0.02ms, total = 0.23ms
	CoreWorkerService.grpc_server.GetCoreWorkerStats.HandleRequestImpl - 4 total (0 active), Execution time: mean = 0.10ms, total = 0.40ms, Queueing time: mean = 0.03ms, max = 0.06ms, min = 0.02ms, total = 0.14ms
	CoreWorkerService.grpc_server.GetCoreWorkerStats - 4 total (0 active), Execution time: mean = 0.27ms, total = 1.10ms, Queueing time: mean = 0.00ms, max = -0.00ms, min = 9223372036854.78ms, total = 0.00ms
	ReporterService.grpc_client.HealthCheck.OnReplyReceived - 3 total (0 active), Execution time: mean = 0.15ms, total = 0.45ms, Queueing time: mean = 0.03ms, max = 0.06ms, min = 0.01ms, total = 0.09ms
	ReporterService.grpc_client.HealthCheck - 3 total (0 active), Execution time: mean = 2.87ms, total = 8.61ms, Queueing time: mean = 0.00ms, max = -0.00ms, min = 9223372036854.78ms, total = 0.00ms
	MetricsAgentClient.WaitForServerReadyWithRetry - 2 total (0 active), Execution time: mean = 0.17ms, total = 0.34ms, Queueing time: mean = 1000.03ms, max = 1000.04ms, min = 1000.02ms, total = 2000.06ms
	ray::rpc::InternalPubSubGcsService.grpc_client.GcsSubscriberCommandBatch - 1 total (0 active), Execution time: mean = 0.77ms, total = 0.77ms, Queueing time: mean = 0.00ms, max = -0.00ms, min = 9223372036854.78ms, total = 0.00ms
	ray::rpc::NodeInfoGcsService.grpc_client.GetAllNodeAddressAndLiveness - 1 total (0 active), Execution time: mean = 0.74ms, total = 0.74ms, Queueing time: mean = 0.00ms, max = -0.00ms, min = 9223372036854.78ms, total = 0.00ms
	ray::rpc::NodeInfoGcsService.grpc_client.GetAllNodeAddressAndLiveness.OnReplyReceived - 1 total (0 active), Execution time: mean = 0.07ms, total = 0.07ms, Queueing time: mean = 0.02ms, max = 0.02ms, min = 0.02ms, total = 0.02ms
	ray::rpc::WorkerInfoGcsService.grpc_client.AddWorkerInfo - 1 total (0 active), Execution time: mean = 0.67ms, total = 0.67ms, Queueing time: mean = 0.00ms, max = -0.00ms, min = 9223372036854.78ms, total = 0.00ms
	Publisher.CheckDeadSubscribers - 1 total (1 active), Execution time: mean = 0.00ms, total = 0.00ms, Queueing time: mean = 0.00ms, max = -0.00ms, min = 9223372036854.78ms, total = 0.00ms
	ray::rpc::InternalPubSubGcsService.grpc_client.GcsSubscriberCommandBatch.OnReplyReceived - 1 total (0 active), Execution time: mean = 0.15ms, total = 0.15ms, Queueing time: mean = 0.45ms, max = 0.45ms, min = 0.45ms, total = 0.45ms
	CoreWorker.PrintEventStats - 1 total (1 active, 1 running), Execution time: mean = 0.00ms, total = 0.00ms, Queueing time: mean = 0.00ms, max = -0.00ms, min = 9223372036854.78ms, total = 0.00ms
	ray::rpc::InternalPubSubGcsService.grpc_client.GcsSubscriberPoll - 1 total (1 active), Execution time: mean = 0.00ms, total = 0.00ms, Queueing time: mean = 0.00ms, max = -0.00ms, min = 9223372036854.78ms, total = 0.00ms
	ray::rpc::WorkerInfoGcsService.grpc_client.AddWorkerInfo.OnReplyReceived - 1 total (0 active), Execution time: mean = 0.02ms, total = 0.02ms, Queueing time: mean = 0.72ms, max = 0.72ms, min = 0.72ms, total = 0.72ms

-----------------
Task execution event stats:

Global stats: 5963 total (1 active)
Queueing time: mean = 0.05ms, max = 0.33ms, min = 0.00ms, total = 319.30ms
Execution time:  mean = 0.02ms, total = 93.17ms
Event stats:
	CoreWorker.CheckSignal - 5962 total (1 active), Execution time: mean = 0.02ms, total = 93.16ms, Queueing time: mean = 0.05ms, max = 0.33ms, min = 0.01ms, total = 319.29ms
	PeriodicalRunner.RunFnPeriodically - 1 total (0 active), Execution time: mean = 0.01ms, total = 0.01ms, Queueing time: mean = 0.00ms, max = 0.00ms, min = 0.00ms, total = 0.00ms

-----------------
Task Event stats:

IO Service Stats:

Global stats: 181 total (1 active)
Queueing time: mean = 0.03ms, max = 0.10ms, min = 0.01ms, total = 5.93ms
Execution time:  mean = 0.36ms, total = 64.98ms
Event stats:
	ray::rpc::TaskInfoGcsService.grpc_client.AddTaskEventData - 60 total (0 active), Execution time: mean = 0.81ms, total = 48.44ms, Queueing time: mean = 0.00ms, max = -0.00ms, min = 9223372036854.78ms, total = 0.00ms
	CoreWorker.deadline_timer.flush_task_events - 60 total (1 active), Execution time: mean = 0.24ms, total = 14.12ms, Queueing time: mean = 0.06ms, max = 0.10ms, min = 0.02ms, total = 3.60ms
	ray::rpc::TaskInfoGcsService.grpc_client.AddTaskEventData.OnReplyReceived - 60 total (0 active), Execution time: mean = 0.03ms, total = 2.03ms, Queueing time: mean = 0.04ms, max = 0.07ms, min = 0.02ms, total = 2.32ms
	PeriodicalRunner.RunFnPeriodically - 1 total (0 active), Execution time: mean = 0.38ms, total = 0.38ms, Queueing time: mean = 0.01ms, max = 0.01ms, min = 0.01ms, total = 0.01ms
Other Stats:
	gcs_grpc_in_progress:0
	event_aggregator_grpc_in_progress:0
	current number of task status events in buffer: 0
	current number of profile events in buffer: 0
	current number of dropped task attempts tracked: 0
	total task events sent: 0 MiB
	total number of task attempts sent: 0
	total number of task attempts dropped reported: 0
	total number of sent failure: 0
	num status task events dropped: 0
	num profile task events dropped: 0
	num ray task events reported to aggregator: 0
	num ray task events failed to report to aggregator: 0
	num of task attempts dropped reported to aggregator: 0
	num of failed requests to aggregator: 0

[2026-02-15 11:26:32,212 I 4014878 4015247] core_worker.cc:455: Event stats:


Global stats: 1757 total (8 active)
Queueing time: mean = 1.19ms, max = 1000.04ms, min = 0.00ms, total = 2090.82ms
Execution time:  mean = 0.09ms, total = 161.35ms
Event stats:
	CoreWorker.RecoverObjects - 1200 total (1 active), Execution time: mean = 0.01ms, total = 11.19ms, Queueing time: mean = 0.06ms, max = 0.20ms, min = 0.01ms, total = 67.62ms
	NodeManagerService.grpc_client.ReportWorkerBacklog.OnReplyReceived - 120 total (0 active), Execution time: mean = 0.03ms, total = 3.29ms, Queueing time: mean = 0.04ms, max = 0.13ms, min = 0.02ms, total = 5.27ms
	NodeManagerService.grpc_client.ReportWorkerBacklog - 120 total (0 active), Execution time: mean = 0.87ms, total = 103.83ms, Queueing time: mean = 0.00ms, max = -0.00ms, min = 9223372036854.78ms, total = 0.00ms
	CoreWorker.ExitIfParentRayletDies - 120 total (1 active), Execution time: mean = 0.01ms, total = 1.36ms, Queueing time: mean = 0.05ms, max = 0.10ms, min = 0.01ms, total = 6.38ms
	CoreWorker.InternalHeartbeat - 120 total (1 active), Execution time: mean = 0.19ms, total = 23.31ms, Queueing time: mean = 0.05ms, max = 0.09ms, min = 0.00ms, total = 5.80ms
	CoreWorker.RecordMetrics - 24 total (1 active), Execution time: mean = 0.07ms, total = 1.76ms, Queueing time: mean = 0.05ms, max = 0.08ms, min = 0.02ms, total = 1.15ms
	CoreWorker.TryDelPendingObjectRefStreams - 12 total (1 active), Execution time: mean = 0.00ms, total = 0.06ms, Queueing time: mean = 0.04ms, max = 0.08ms, min = 0.02ms, total = 0.53ms
	CoreWorkerService.grpc_server.GetCoreWorkerStats.HandleRequestImpl - 8 total (0 active), Execution time: mean = 0.09ms, total = 0.71ms, Queueing time: mean = 0.03ms, max = 0.06ms, min = 0.02ms, total = 0.23ms
	CoreWorkerService.grpc_server.GetCoreWorkerStats - 8 total (0 active), Execution time: mean = 0.30ms, total = 2.36ms, Queueing time: mean = 0.00ms, max = -0.00ms, min = 9223372036854.78ms, total = 0.00ms
	PeriodicalRunner.RunFnPeriodically - 7 total (0 active), Execution time: mean = 0.13ms, total = 0.94ms, Queueing time: mean = 0.35ms, max = 0.92ms, min = 0.02ms, total = 2.45ms
	ReporterService.grpc_client.HealthCheck.OnReplyReceived - 3 total (0 active), Execution time: mean = 0.15ms, total = 0.45ms, Queueing time: mean = 0.03ms, max = 0.06ms, min = 0.01ms, total = 0.09ms
	ReporterService.grpc_client.HealthCheck - 3 total (0 active), Execution time: mean = 2.87ms, total = 8.61ms, Queueing time: mean = 0.00ms, max = -0.00ms, min = 9223372036854.78ms, total = 0.00ms
	MetricsAgentClient.WaitForServerReadyWithRetry - 2 total (0 active), Execution time: mean = 0.17ms, total = 0.34ms, Queueing time: mean = 1000.03ms, max = 1000.04ms, min = 1000.02ms, total = 2000.06ms
	CoreWorker.PrintEventStats - 2 total (1 active, 1 running), Execution time: mean = 0.36ms, total = 0.72ms, Queueing time: mean = 0.03ms, max = 0.05ms, min = 0.05ms, total = 0.05ms
	ray::rpc::NodeInfoGcsService.grpc_client.GetAllNodeAddressAndLiveness - 1 total (0 active), Execution time: mean = 0.74ms, total = 0.74ms, Queueing time: mean = 0.00ms, max = -0.00ms, min = 9223372036854.78ms, total = 0.00ms
	ray::rpc::NodeInfoGcsService.grpc_client.GetAllNodeAddressAndLiveness.OnReplyReceived - 1 total (0 active), Execution time: mean = 0.07ms, total = 0.07ms, Queueing time: mean = 0.02ms, max = 0.02ms, min = 0.02ms, total = 0.02ms
	ray::rpc::InternalPubSubGcsService.grpc_client.GcsSubscriberCommandBatch - 1 total (0 active), Execution time: mean = 0.77ms, total = 0.77ms, Queueing time: mean = 0.00ms, max = -0.00ms, min = 9223372036854.78ms, total = 0.00ms
	Publisher.CheckDeadSubscribers - 1 total (1 active), Execution time: mean = 0.00ms, total = 0.00ms, Queueing time: mean = 0.00ms, max = -0.00ms, min = 9223372036854.78ms, total = 0.00ms
	ray::rpc::InternalPubSubGcsService.grpc_client.GcsSubscriberCommandBatch.OnReplyReceived - 1 total (0 active), Execution time: mean = 0.15ms, total = 0.15ms, Queueing time: mean = 0.45ms, max = 0.45ms, min = 0.45ms, total = 0.45ms
	ray::rpc::WorkerInfoGcsService.grpc_client.AddWorkerInfo - 1 total (0 active), Execution time: mean = 0.67ms, total = 0.67ms, Queueing time: mean = 0.00ms, max = -0.00ms, min = 9223372036854.78ms, total = 0.00ms
	ray::rpc::InternalPubSubGcsService.grpc_client.GcsSubscriberPoll - 1 total (1 active), Execution time: mean = 0.00ms, total = 0.00ms, Queueing time: mean = 0.00ms, max = -0.00ms, min = 9223372036854.78ms, total = 0.00ms
	ray::rpc::WorkerInfoGcsService.grpc_client.AddWorkerInfo.OnReplyReceived - 1 total (0 active), Execution time: mean = 0.02ms, total = 0.02ms, Queueing time: mean = 0.72ms, max = 0.72ms, min = 0.72ms, total = 0.72ms

-----------------
Task execution event stats:

Global stats: 11927 total (1 active)
Queueing time: mean = 0.05ms, max = 1.15ms, min = -0.00ms, total = 624.37ms
Execution time:  mean = 0.02ms, total = 183.89ms
Event stats:
	CoreWorker.CheckSignal - 11926 total (1 active), Execution time: mean = 0.02ms, total = 183.88ms, Queueing time: mean = 0.05ms, max = 1.15ms, min = -0.00ms, total = 624.36ms
	PeriodicalRunner.RunFnPeriodically - 1 total (0 active), Execution time: mean = 0.01ms, total = 0.01ms, Queueing time: mean = 0.00ms, max = 0.00ms, min = 0.00ms, total = 0.00ms

-----------------
Task Event stats:

IO Service Stats:

Global stats: 361 total (1 active)
Queueing time: mean = 0.03ms, max = 0.11ms, min = 0.01ms, total = 11.74ms
Execution time:  mean = 0.35ms, total = 128.15ms
Event stats:
	ray::rpc::TaskInfoGcsService.grpc_client.AddTaskEventData - 120 total (0 active), Execution time: mean = 0.80ms, total = 95.90ms, Queueing time: mean = 0.00ms, max = -0.00ms, min = 9223372036854.78ms, total = 0.00ms
	CoreWorker.deadline_timer.flush_task_events - 120 total (1 active), Execution time: mean = 0.23ms, total = 27.68ms, Queueing time: mean = 0.06ms, max = 0.11ms, min = 0.02ms, total = 6.96ms
	ray::rpc::TaskInfoGcsService.grpc_client.AddTaskEventData.OnReplyReceived - 120 total (0 active), Execution time: mean = 0.03ms, total = 4.19ms, Queueing time: mean = 0.04ms, max = 0.07ms, min = 0.02ms, total = 4.76ms
	PeriodicalRunner.RunFnPeriodically - 1 total (0 active), Execution time: mean = 0.38ms, total = 0.38ms, Queueing time: mean = 0.01ms, max = 0.01ms, min = 0.01ms, total = 0.01ms
Other Stats:
	gcs_grpc_in_progress:0
	event_aggregator_grpc_in_progress:0
	current number of task status events in buffer: 0
	current number of profile events in buffer: 0
	current number of dropped task attempts tracked: 0
	total task events sent: 0 MiB
	total number of task attempts sent: 0
	total number of task attempts dropped reported: 0
	total number of sent failure: 0
	num status task events dropped: 0
	num profile task events dropped: 0
	num ray task events reported to aggregator: 0
	num ray task events failed to report to aggregator: 0
	num of task attempts dropped reported to aggregator: 0
	num of failed requests to aggregator: 0

[2026-02-15 11:27:32,213 I 4014878 4015247] core_worker.cc:455: Event stats:


Global stats: 2623 total (8 active)
Queueing time: mean = 0.81ms, max = 1000.04ms, min = 0.00ms, total = 2133.36ms
Execution time:  mean = 0.09ms, total = 233.56ms
Event stats:
	CoreWorker.RecoverObjects - 1799 total (1 active), Execution time: mean = 0.01ms, total = 16.56ms, Queueing time: mean = 0.06ms, max = 0.20ms, min = 0.01ms, total = 99.34ms
	NodeManagerService.grpc_client.ReportWorkerBacklog.OnReplyReceived - 180 total (0 active), Execution time: mean = 0.03ms, total = 4.96ms, Queueing time: mean = 0.05ms, max = 0.13ms, min = 0.01ms, total = 8.16ms
	NodeManagerService.grpc_client.ReportWorkerBacklog - 180 total (0 active), Execution time: mean = 0.85ms, total = 153.85ms, Queueing time: mean = 0.00ms, max = -0.00ms, min = 9223372036854.78ms, total = 0.00ms
	CoreWorker.ExitIfParentRayletDies - 180 total (1 active), Execution time: mean = 0.01ms, total = 2.01ms, Queueing time: mean = 0.05ms, max = 0.10ms, min = 0.01ms, total = 9.80ms
	CoreWorker.InternalHeartbeat - 180 total (1 active), Execution time: mean = 0.19ms, total = 34.80ms, Queueing time: mean = 0.05ms, max = 0.09ms, min = 0.00ms, total = 8.89ms
	CoreWorker.RecordMetrics - 36 total (1 active), Execution time: mean = 0.07ms, total = 2.51ms, Queueing time: mean = 0.05ms, max = 0.08ms, min = 0.02ms, total = 1.69ms
	CoreWorker.TryDelPendingObjectRefStreams - 18 total (1 active), Execution time: mean = 0.00ms, total = 0.09ms, Queueing time: mean = 0.07ms, max = 0.46ms, min = 0.02ms, total = 1.26ms
	CoreWorkerService.grpc_server.GetCoreWorkerStats.HandleRequestImpl - 12 total (0 active), Execution time: mean = 0.09ms, total = 1.04ms, Queueing time: mean = 0.03ms, max = 0.06ms, min = 0.02ms, total = 0.32ms
	CoreWorkerService.grpc_server.GetCoreWorkerStats - 12 total (0 active), Execution time: mean = 0.28ms, total = 3.42ms, Queueing time: mean = 0.00ms, max = -0.00ms, min = 9223372036854.78ms, total = 0.00ms
	PeriodicalRunner.RunFnPeriodically - 7 total (0 active), Execution time: mean = 0.13ms, total = 0.94ms, Queueing time: mean = 0.35ms, max = 0.92ms, min = 0.02ms, total = 2.45ms
	ReporterService.grpc_client.HealthCheck.OnReplyReceived - 3 total (0 active), Execution time: mean = 0.15ms, total = 0.45ms, Queueing time: mean = 0.03ms, max = 0.06ms, min = 0.01ms, total = 0.09ms
	ReporterService.grpc_client.HealthCheck - 3 total (0 active), Execution time: mean = 2.87ms, total = 8.61ms, Queueing time: mean = 0.00ms, max = -0.00ms, min = 9223372036854.78ms, total = 0.00ms
	CoreWorker.PrintEventStats - 3 total (1 active, 1 running), Execution time: mean = 0.52ms, total = 1.57ms, Queueing time: mean = 0.04ms, max = 0.06ms, min = 0.05ms, total = 0.12ms
	MetricsAgentClient.WaitForServerReadyWithRetry - 2 total (0 active), Execution time: mean = 0.17ms, total = 0.34ms, Queueing time: mean = 1000.03ms, max = 1000.04ms, min = 1000.02ms, total = 2000.06ms
	ray::rpc::NodeInfoGcsService.grpc_client.GetAllNodeAddressAndLiveness - 1 total (0 active), Execution time: mean = 0.74ms, total = 0.74ms, Queueing time: mean = 0.00ms, max = -0.00ms, min = 9223372036854.78ms, total = 0.00ms
	ray::rpc::NodeInfoGcsService.grpc_client.GetAllNodeAddressAndLiveness.OnReplyReceived - 1 total (0 active), Execution time: mean = 0.07ms, total = 0.07ms, Queueing time: mean = 0.02ms, max = 0.02ms, min = 0.02ms, total = 0.02ms
	ray::rpc::InternalPubSubGcsService.grpc_client.GcsSubscriberCommandBatch - 1 total (0 active), Execution time: mean = 0.77ms, total = 0.77ms, Queueing time: mean = 0.00ms, max = -0.00ms, min = 9223372036854.78ms, total = 0.00ms
	Publisher.CheckDeadSubscribers - 1 total (1 active), Execution time: mean = 0.00ms, total = 0.00ms, Queueing time: mean = 0.00ms, max = -0.00ms, min = 9223372036854.78ms, total = 0.00ms
	ray::rpc::InternalPubSubGcsService.grpc_client.GcsSubscriberCommandBatch.OnReplyReceived - 1 total (0 active), Execution time: mean = 0.15ms, total = 0.15ms, Queueing time: mean = 0.45ms, max = 0.45ms, min = 0.45ms, total = 0.45ms
	ray::rpc::WorkerInfoGcsService.grpc_client.AddWorkerInfo - 1 total (0 active), Execution time: mean = 0.67ms, total = 0.67ms, Queueing time: mean = 0.00ms, max = -0.00ms, min = 9223372036854.78ms, total = 0.00ms
	ray::rpc::InternalPubSubGcsService.grpc_client.GcsSubscriberPoll - 1 total (1 active), Execution time: mean = 0.00ms, total = 0.00ms, Queueing time: mean = 0.00ms, max = -0.00ms, min = 9223372036854.78ms, total = 0.00ms
	ray::rpc::WorkerInfoGcsService.grpc_client.AddWorkerInfo.OnReplyReceived - 1 total (0 active), Execution time: mean = 0.02ms, total = 0.02ms, Queueing time: mean = 0.72ms, max = 0.72ms, min = 0.72ms, total = 0.72ms

-----------------
Task execution event stats:

Global stats: 17893 total (1 active)
Queueing time: mean = 0.05ms, max = 1.15ms, min = -0.00ms, total = 916.01ms
Execution time:  mean = 0.02ms, total = 273.77ms
Event stats:
	CoreWorker.CheckSignal - 17892 total (1 active), Execution time: mean = 0.02ms, total = 273.76ms, Queueing time: mean = 0.05ms, max = 1.15ms, min = -0.00ms, total = 916.01ms
	PeriodicalRunner.RunFnPeriodically - 1 total (0 active), Execution time: mean = 0.01ms, total = 0.01ms, Queueing time: mean = 0.00ms, max = 0.00ms, min = 0.00ms, total = 0.00ms

-----------------
Task Event stats:

IO Service Stats:

Global stats: 541 total (1 active)
Queueing time: mean = 0.03ms, max = 0.11ms, min = 0.01ms, total = 17.22ms
Execution time:  mean = 0.35ms, total = 187.75ms
Event stats:
	ray::rpc::TaskInfoGcsService.grpc_client.AddTaskEventData - 180 total (0 active), Execution time: mean = 0.78ms, total = 140.82ms, Queueing time: mean = 0.00ms, max = -0.00ms, min = 9223372036854.78ms, total = 0.00ms
	CoreWorker.deadline_timer.flush_task_events - 180 total (1 active), Execution time: mean = 0.22ms, total = 40.36ms, Queueing time: mean = 0.06ms, max = 0.11ms, min = 0.02ms, total = 10.12ms
	ray::rpc::TaskInfoGcsService.grpc_client.AddTaskEventData.OnReplyReceived - 180 total (0 active), Execution time: mean = 0.03ms, total = 6.20ms, Queueing time: mean = 0.04ms, max = 0.07ms, min = 0.02ms, total = 7.09ms
	PeriodicalRunner.RunFnPeriodically - 1 total (0 active), Execution time: mean = 0.38ms, total = 0.38ms, Queueing time: mean = 0.01ms, max = 0.01ms, min = 0.01ms, total = 0.01ms
Other Stats:
	gcs_grpc_in_progress:0
	event_aggregator_grpc_in_progress:0
	current number of task status events in buffer: 0
	current number of profile events in buffer: 0
	current number of dropped task attempts tracked: 0
	total task events sent: 0 MiB
	total number of task attempts sent: 0
	total number of task attempts dropped reported: 0
	total number of sent failure: 0
	num status task events dropped: 0
	num profile task events dropped: 0
	num ray task events reported to aggregator: 0
	num ray task events failed to report to aggregator: 0
	num of task attempts dropped reported to aggregator: 0
	num of failed requests to aggregator: 0

[2026-02-15 11:28:32,213 I 4014878 4015247] core_worker.cc:455: Event stats:


Global stats: 3490 total (8 active)
Queueing time: mean = 0.62ms, max = 1000.04ms, min = 0.00ms, total = 2174.70ms
Execution time:  mean = 0.09ms, total = 304.18ms
Event stats:
	CoreWorker.RecoverObjects - 2399 total (1 active), Execution time: mean = 0.01ms, total = 21.51ms, Queueing time: mean = 0.05ms, max = 0.20ms, min = 0.00ms, total = 129.92ms
	NodeManagerService.grpc_client.ReportWorkerBacklog.OnReplyReceived - 240 total (0 active), Execution time: mean = 0.03ms, total = 6.49ms, Queueing time: mean = 0.05ms, max = 0.13ms, min = 0.01ms, total = 10.89ms
	NodeManagerService.grpc_client.ReportWorkerBacklog - 240 total (0 active), Execution time: mean = 0.85ms, total = 203.27ms, Queueing time: mean = 0.00ms, max = -0.00ms, min = 9223372036854.78ms, total = 0.00ms
	CoreWorker.ExitIfParentRayletDies - 240 total (1 active), Execution time: mean = 0.01ms, total = 2.64ms, Queueing time: mean = 0.05ms, max = 0.10ms, min = 0.01ms, total = 13.09ms
	CoreWorker.InternalHeartbeat - 240 total (1 active), Execution time: mean = 0.19ms, total = 46.01ms, Queueing time: mean = 0.05ms, max = 0.10ms, min = 0.00ms, total = 11.96ms
	CoreWorker.RecordMetrics - 48 total (1 active), Execution time: mean = 0.07ms, total = 3.27ms, Queueing time: mean = 0.05ms, max = 0.08ms, min = 0.02ms, total = 2.42ms
	CoreWorker.TryDelPendingObjectRefStreams - 24 total (1 active), Execution time: mean = 0.00ms, total = 0.12ms, Queueing time: mean = 0.08ms, max = 0.50ms, min = 0.02ms, total = 2.02ms
	CoreWorkerService.grpc_server.GetCoreWorkerStats.HandleRequestImpl - 16 total (0 active), Execution time: mean = 0.08ms, total = 1.31ms, Queueing time: mean = 0.03ms, max = 0.06ms, min = 0.02ms, total = 0.43ms
	CoreWorkerService.grpc_server.GetCoreWorkerStats - 16 total (0 active), Execution time: mean = 0.28ms, total = 4.51ms, Queueing time: mean = 0.00ms, max = -0.00ms, min = 9223372036854.78ms, total = 0.00ms
	PeriodicalRunner.RunFnPeriodically - 7 total (0 active), Execution time: mean = 0.13ms, total = 0.94ms, Queueing time: mean = 0.35ms, max = 0.92ms, min = 0.02ms, total = 2.45ms
	CoreWorker.PrintEventStats - 4 total (1 active, 1 running), Execution time: mean = 0.57ms, total = 2.29ms, Queueing time: mean = 0.05ms, max = 0.07ms, min = 0.05ms, total = 0.19ms
	ReporterService.grpc_client.HealthCheck.OnReplyReceived - 3 total (0 active), Execution time: mean = 0.15ms, total = 0.45ms, Queueing time: mean = 0.03ms, max = 0.06ms, min = 0.01ms, total = 0.09ms
	ReporterService.grpc_client.HealthCheck - 3 total (0 active), Execution time: mean = 2.87ms, total = 8.61ms, Queueing time: mean = 0.00ms, max = -0.00ms, min = 9223372036854.78ms, total = 0.00ms
	MetricsAgentClient.WaitForServerReadyWithRetry - 2 total (0 active), Execution time: mean = 0.17ms, total = 0.34ms, Queueing time: mean = 1000.03ms, max = 1000.04ms, min = 1000.02ms, total = 2000.06ms
	ray::rpc::NodeInfoGcsService.grpc_client.GetAllNodeAddressAndLiveness - 1 total (0 active), Execution time: mean = 0.74ms, total = 0.74ms, Queueing time: mean = 0.00ms, max = -0.00ms, min = 9223372036854.78ms, total = 0.00ms
	ray::rpc::NodeInfoGcsService.grpc_client.GetAllNodeAddressAndLiveness.OnReplyReceived - 1 total (0 active), Execution time: mean = 0.07ms, total = 0.07ms, Queueing time: mean = 0.02ms, max = 0.02ms, min = 0.02ms, total = 0.02ms
	ray::rpc::InternalPubSubGcsService.grpc_client.GcsSubscriberCommandBatch - 1 total (0 active), Execution time: mean = 0.77ms, total = 0.77ms, Queueing time: mean = 0.00ms, max = -0.00ms, min = 9223372036854.78ms, total = 0.00ms
	Publisher.CheckDeadSubscribers - 1 total (1 active), Execution time: mean = 0.00ms, total = 0.00ms, Queueing time: mean = 0.00ms, max = -0.00ms, min = 9223372036854.78ms, total = 0.00ms
	ray::rpc::InternalPubSubGcsService.grpc_client.GcsSubscriberCommandBatch.OnReplyReceived - 1 total (0 active), Execution time: mean = 0.15ms, total = 0.15ms, Queueing time: mean = 0.45ms, max = 0.45ms, min = 0.45ms, total = 0.45ms
	ray::rpc::WorkerInfoGcsService.grpc_client.AddWorkerInfo - 1 total (0 active), Execution time: mean = 0.67ms, total = 0.67ms, Queueing time: mean = 0.00ms, max = -0.00ms, min = 9223372036854.78ms, total = 0.00ms
	ray::rpc::InternalPubSubGcsService.grpc_client.GcsSubscriberPoll - 1 total (1 active), Execution time: mean = 0.00ms, total = 0.00ms, Queueing time: mean = 0.00ms, max = -0.00ms, min = 9223372036854.78ms, total = 0.00ms
	ray::rpc::WorkerInfoGcsService.grpc_client.AddWorkerInfo.OnReplyReceived - 1 total (0 active), Execution time: mean = 0.02ms, total = 0.02ms, Queueing time: mean = 0.72ms, max = 0.72ms, min = 0.72ms, total = 0.72ms

-----------------
Task execution event stats:

Global stats: 23858 total (1 active)
Queueing time: mean = 0.05ms, max = 1.15ms, min = -0.01ms, total = 1208.06ms
Execution time:  mean = 0.02ms, total = 363.94ms
Event stats:
	CoreWorker.CheckSignal - 23857 total (1 active), Execution time: mean = 0.02ms, total = 363.92ms, Queueing time: mean = 0.05ms, max = 1.15ms, min = -0.01ms, total = 1208.06ms
	PeriodicalRunner.RunFnPeriodically - 1 total (0 active), Execution time: mean = 0.01ms, total = 0.01ms, Queueing time: mean = 0.00ms, max = 0.00ms, min = 0.00ms, total = 0.00ms

-----------------
Task Event stats:

IO Service Stats:

Global stats: 721 total (1 active)
Queueing time: mean = 0.03ms, max = 0.11ms, min = 0.01ms, total = 22.50ms
Execution time:  mean = 0.35ms, total = 249.85ms
Event stats:
	ray::rpc::TaskInfoGcsService.grpc_client.AddTaskEventData - 240 total (0 active), Execution time: mean = 0.78ms, total = 187.65ms, Queueing time: mean = 0.00ms, max = -0.00ms, min = 9223372036854.78ms, total = 0.00ms
	CoreWorker.deadline_timer.flush_task_events - 240 total (1 active), Execution time: mean = 0.22ms, total = 53.55ms, Queueing time: mean = 0.06ms, max = 0.11ms, min = 0.02ms, total = 13.30ms
	ray::rpc::TaskInfoGcsService.grpc_client.AddTaskEventData.OnReplyReceived - 240 total (0 active), Execution time: mean = 0.03ms, total = 8.27ms, Queueing time: mean = 0.04ms, max = 0.08ms, min = 0.01ms, total = 9.19ms
	PeriodicalRunner.RunFnPeriodically - 1 total (0 active), Execution time: mean = 0.38ms, total = 0.38ms, Queueing time: mean = 0.01ms, max = 0.01ms, min = 0.01ms, total = 0.01ms
Other Stats:
	gcs_grpc_in_progress:0
	event_aggregator_grpc_in_progress:0
	current number of task status events in buffer: 0
	current number of profile events in buffer: 0
	current number of dropped task attempts tracked: 0
	total task events sent: 0 MiB
	total number of task attempts sent: 0
	total number of task attempts dropped reported: 0
	total number of sent failure: 0
	num status task events dropped: 0
	num profile task events dropped: 0
	num ray task events reported to aggregator: 0
	num ray task events failed to report to aggregator: 0
	num of task attempts dropped reported to aggregator: 0
	num of failed requests to aggregator: 0

[2026-02-15 11:29:32,214 I 4014878 4015247] core_worker.cc:455: Event stats:


Global stats: 4358 total (8 active)
Queueing time: mean = 0.51ms, max = 1000.04ms, min = 0.00ms, total = 2210.24ms
Execution time:  mean = 0.09ms, total = 375.08ms
Event stats:
	CoreWorker.RecoverObjects - 2999 total (1 active), Execution time: mean = 0.01ms, total = 26.04ms, Queueing time: mean = 0.05ms, max = 0.20ms, min = 0.00ms, total = 157.15ms
	NodeManagerService.grpc_client.ReportWorkerBacklog.OnReplyReceived - 300 total (0 active), Execution time: mean = 0.03ms, total = 7.93ms, Queueing time: mean = 0.04ms, max = 0.13ms, min = 0.01ms, total = 12.97ms
	NodeManagerService.grpc_client.ReportWorkerBacklog - 300 total (0 active), Execution time: mean = 0.85ms, total = 253.57ms, Queueing time: mean = 0.00ms, max = -0.00ms, min = 9223372036854.78ms, total = 0.00ms
	CoreWorker.ExitIfParentRayletDies - 300 total (1 active), Execution time: mean = 0.01ms, total = 3.27ms, Queueing time: mean = 0.05ms, max = 0.10ms, min = 0.01ms, total = 15.63ms
	CoreWorker.InternalHeartbeat - 300 total (1 active), Execution time: mean = 0.19ms, total = 57.19ms, Queueing time: mean = 0.05ms, max = 0.11ms, min = 0.00ms, total = 14.36ms
	CoreWorker.RecordMetrics - 60 total (1 active), Execution time: mean = 0.07ms, total = 4.04ms, Queueing time: mean = 0.05ms, max = 0.08ms, min = 0.01ms, total = 3.01ms
	CoreWorker.TryDelPendingObjectRefStreams - 30 total (1 active), Execution time: mean = 0.00ms, total = 0.15ms, Queueing time: mean = 0.09ms, max = 0.50ms, min = 0.02ms, total = 2.58ms
	CoreWorkerService.grpc_server.GetCoreWorkerStats.HandleRequestImpl - 20 total (0 active), Execution time: mean = 0.08ms, total = 1.64ms, Queueing time: mean = 0.03ms, max = 0.06ms, min = 0.02ms, total = 0.53ms
	CoreWorkerService.grpc_server.GetCoreWorkerStats - 20 total (0 active), Execution time: mean = 0.28ms, total = 5.63ms, Queueing time: mean = 0.00ms, max = -0.00ms, min = 9223372036854.78ms, total = 0.00ms
	PeriodicalRunner.RunFnPeriodically - 7 total (0 active), Execution time: mean = 0.13ms, total = 0.94ms, Queueing time: mean = 0.35ms, max = 0.92ms, min = 0.02ms, total = 2.45ms
	CoreWorker.PrintEventStats - 5 total (1 active, 1 running), Execution time: mean = 0.57ms, total = 2.86ms, Queueing time: mean = 0.04ms, max = 0.07ms, min = 0.02ms, total = 0.21ms
	ReporterService.grpc_client.HealthCheck.OnReplyReceived - 3 total (0 active), Execution time: mean = 0.15ms, total = 0.45ms, Queueing time: mean = 0.03ms, max = 0.06ms, min = 0.01ms, total = 0.09ms
	ReporterService.grpc_client.HealthCheck - 3 total (0 active), Execution time: mean = 2.87ms, total = 8.61ms, Queueing time: mean = 0.00ms, max = -0.00ms, min = 9223372036854.78ms, total = 0.00ms
	MetricsAgentClient.WaitForServerReadyWithRetry - 2 total (0 active), Execution time: mean = 0.17ms, total = 0.34ms, Queueing time: mean = 1000.03ms, max = 1000.04ms, min = 1000.02ms, total = 2000.06ms
	Publisher.CheckDeadSubscribers - 2 total (1 active), Execution time: mean = 0.00ms, total = 0.01ms, Queueing time: mean = 0.01ms, max = 0.02ms, min = 0.02ms, total = 0.02ms
	ray::rpc::NodeInfoGcsService.grpc_client.GetAllNodeAddressAndLiveness.OnReplyReceived - 1 total (0 active), Execution time: mean = 0.07ms, total = 0.07ms, Queueing time: mean = 0.02ms, max = 0.02ms, min = 0.02ms, total = 0.02ms
	ray::rpc::NodeInfoGcsService.grpc_client.GetAllNodeAddressAndLiveness - 1 total (0 active), Execution time: mean = 0.74ms, total = 0.74ms, Queueing time: mean = 0.00ms, max = -0.00ms, min = 9223372036854.78ms, total = 0.00ms
	ray::rpc::InternalPubSubGcsService.grpc_client.GcsSubscriberCommandBatch - 1 total (0 active), Execution time: mean = 0.77ms, total = 0.77ms, Queueing time: mean = 0.00ms, max = -0.00ms, min = 9223372036854.78ms, total = 0.00ms
	ray::rpc::InternalPubSubGcsService.grpc_client.GcsSubscriberCommandBatch.OnReplyReceived - 1 total (0 active), Execution time: mean = 0.15ms, total = 0.15ms, Queueing time: mean = 0.45ms, max = 0.45ms, min = 0.45ms, total = 0.45ms
	ray::rpc::WorkerInfoGcsService.grpc_client.AddWorkerInfo - 1 total (0 active), Execution time: mean = 0.67ms, total = 0.67ms, Queueing time: mean = 0.00ms, max = -0.00ms, min = 9223372036854.78ms, total = 0.00ms
	ray::rpc::InternalPubSubGcsService.grpc_client.GcsSubscriberPoll - 1 total (1 active), Execution time: mean = 0.00ms, total = 0.00ms, Queueing time: mean = 0.00ms, max = -0.00ms, min = 9223372036854.78ms, total = 0.00ms
	ray::rpc::WorkerInfoGcsService.grpc_client.AddWorkerInfo.OnReplyReceived - 1 total (0 active), Execution time: mean = 0.02ms, total = 0.02ms, Queueing time: mean = 0.72ms, max = 0.72ms, min = 0.72ms, total = 0.72ms

-----------------
Task execution event stats:

Global stats: 29821 total (1 active)
Queueing time: mean = 0.05ms, max = 1.47ms, min = -0.01ms, total = 1518.33ms
Execution time:  mean = 0.02ms, total = 451.18ms
Event stats:
	CoreWorker.CheckSignal - 29820 total (1 active), Execution time: mean = 0.02ms, total = 451.17ms, Queueing time: mean = 0.05ms, max = 1.47ms, min = -0.01ms, total = 1518.33ms
	PeriodicalRunner.RunFnPeriodically - 1 total (0 active), Execution time: mean = 0.01ms, total = 0.01ms, Queueing time: mean = 0.00ms, max = 0.00ms, min = 0.00ms, total = 0.00ms

-----------------
Task Event stats:

IO Service Stats:

Global stats: 901 total (1 active)
Queueing time: mean = 0.03ms, max = 0.11ms, min = 0.01ms, total = 28.47ms
Execution time:  mean = 0.35ms, total = 312.44ms
Event stats:
	ray::rpc::TaskInfoGcsService.grpc_client.AddTaskEventData - 300 total (0 active), Execution time: mean = 0.78ms, total = 234.88ms, Queueing time: mean = 0.00ms, max = -0.00ms, min = 9223372036854.78ms, total = 0.00ms
	CoreWorker.deadline_timer.flush_task_events - 300 total (1 active), Execution time: mean = 0.22ms, total = 66.86ms, Queueing time: mean = 0.06ms, max = 0.11ms, min = 0.02ms, total = 16.76ms
	ray::rpc::TaskInfoGcsService.grpc_client.AddTaskEventData.OnReplyReceived - 300 total (0 active), Execution time: mean = 0.03ms, total = 10.31ms, Queueing time: mean = 0.04ms, max = 0.08ms, min = 0.01ms, total = 11.69ms
	PeriodicalRunner.RunFnPeriodically - 1 total (0 active), Execution time: mean = 0.38ms, total = 0.38ms, Queueing time: mean = 0.01ms, max = 0.01ms, min = 0.01ms, total = 0.01ms
Other Stats:
	gcs_grpc_in_progress:0
	event_aggregator_grpc_in_progress:0
	current number of task status events in buffer: 0
	current number of profile events in buffer: 0
	current number of dropped task attempts tracked: 0
	total task events sent: 0 MiB
	total number of task attempts sent: 0
	total number of task attempts dropped reported: 0
	total number of sent failure: 0
	num status task events dropped: 0
	num profile task events dropped: 0
	num ray task events reported to aggregator: 0
	num ray task events failed to report to aggregator: 0
	num of task attempts dropped reported to aggregator: 0
	num of failed requests to aggregator: 0

[2026-02-15 11:30:32,215 I 4014878 4015247] core_worker.cc:455: Event stats:


Global stats: 5225 total (8 active)
Queueing time: mean = 0.43ms, max = 1000.04ms, min = 0.00ms, total = 2250.42ms
Execution time:  mean = 0.09ms, total = 448.00ms
Event stats:
	CoreWorker.RecoverObjects - 3599 total (1 active), Execution time: mean = 0.01ms, total = 31.40ms, Queueing time: mean = 0.05ms, max = 0.20ms, min = 0.00ms, total = 187.34ms
	NodeManagerService.grpc_client.ReportWorkerBacklog.OnReplyReceived - 360 total (0 active), Execution time: mean = 0.03ms, total = 9.53ms, Queueing time: mean = 0.04ms, max = 0.13ms, min = 0.01ms, total = 15.30ms
	NodeManagerService.grpc_client.ReportWorkerBacklog - 360 total (0 active), Execution time: mean = 0.84ms, total = 303.84ms, Queueing time: mean = 0.00ms, max = -0.00ms, min = 9223372036854.78ms, total = 0.00ms
	CoreWorker.ExitIfParentRayletDies - 360 total (1 active), Execution time: mean = 0.01ms, total = 3.95ms, Queueing time: mean = 0.05ms, max = 0.10ms, min = 0.01ms, total = 18.63ms
	CoreWorker.InternalHeartbeat - 360 total (1 active), Execution time: mean = 0.19ms, total = 69.20ms, Queueing time: mean = 0.05ms, max = 0.11ms, min = 0.00ms, total = 17.55ms
	CoreWorker.RecordMetrics - 72 total (1 active), Execution time: mean = 0.07ms, total = 4.76ms, Queueing time: mean = 0.05ms, max = 0.08ms, min = 0.01ms, total = 3.58ms
	CoreWorker.TryDelPendingObjectRefStreams - 36 total (1 active), Execution time: mean = 0.00ms, total = 0.17ms, Queueing time: mean = 0.09ms, max = 0.52ms, min = 0.02ms, total = 3.33ms
	CoreWorkerService.grpc_server.GetCoreWorkerStats.HandleRequestImpl - 24 total (0 active), Execution time: mean = 0.08ms, total = 1.97ms, Queueing time: mean = 0.03ms, max = 0.06ms, min = 0.02ms, total = 0.64ms
	CoreWorkerService.grpc_server.GetCoreWorkerStats - 24 total (0 active), Execution time: mean = 0.28ms, total = 6.80ms, Queueing time: mean = 0.00ms, max = -0.00ms, min = 9223372036854.78ms, total = 0.00ms
	PeriodicalRunner.RunFnPeriodically - 7 total (0 active), Execution time: mean = 0.13ms, total = 0.94ms, Queueing time: mean = 0.35ms, max = 0.92ms, min = 0.02ms, total = 2.45ms
	CoreWorker.PrintEventStats - 6 total (1 active, 1 running), Execution time: mean = 0.60ms, total = 3.62ms, Queueing time: mean = 0.04ms, max = 0.07ms, min = 0.02ms, total = 0.24ms
	ReporterService.grpc_client.HealthCheck.OnReplyReceived - 3 total (0 active), Execution time: mean = 0.15ms, total = 0.45ms, Queueing time: mean = 0.03ms, max = 0.06ms, min = 0.01ms, total = 0.09ms
	ReporterService.grpc_client.HealthCheck - 3 total (0 active), Execution time: mean = 2.87ms, total = 8.61ms, Queueing time: mean = 0.00ms, max = -0.00ms, min = 9223372036854.78ms, total = 0.00ms
	MetricsAgentClient.WaitForServerReadyWithRetry - 2 total (0 active), Execution time: mean = 0.17ms, total = 0.34ms, Queueing time: mean = 1000.03ms, max = 1000.04ms, min = 1000.02ms, total = 2000.06ms
	Publisher.CheckDeadSubscribers - 2 total (1 active), Execution time: mean = 0.00ms, total = 0.01ms, Queueing time: mean = 0.01ms, max = 0.02ms, min = 0.02ms, total = 0.02ms
	ray::rpc::NodeInfoGcsService.grpc_client.GetAllNodeAddressAndLiveness.OnReplyReceived - 1 total (0 active), Execution time: mean = 0.07ms, total = 0.07ms, Queueing time: mean = 0.02ms, max = 0.02ms, min = 0.02ms, total = 0.02ms
	ray::rpc::NodeInfoGcsService.grpc_client.GetAllNodeAddressAndLiveness - 1 total (0 active), Execution time: mean = 0.74ms, total = 0.74ms, Queueing time: mean = 0.00ms, max = -0.00ms, min = 9223372036854.78ms, total = 0.00ms
	ray::rpc::InternalPubSubGcsService.grpc_client.GcsSubscriberCommandBatch - 1 total (0 active), Execution time: mean = 0.77ms, total = 0.77ms, Queueing time: mean = 0.00ms, max = -0.00ms, min = 9223372036854.78ms, total = 0.00ms
	ray::rpc::InternalPubSubGcsService.grpc_client.GcsSubscriberCommandBatch.OnReplyReceived - 1 total (0 active), Execution time: mean = 0.15ms, total = 0.15ms, Queueing time: mean = 0.45ms, max = 0.45ms, min = 0.45ms, total = 0.45ms
	ray::rpc::WorkerInfoGcsService.grpc_client.AddWorkerInfo - 1 total (0 active), Execution time: mean = 0.67ms, total = 0.67ms, Queueing time: mean = 0.00ms, max = -0.00ms, min = 9223372036854.78ms, total = 0.00ms
	ray::rpc::InternalPubSubGcsService.grpc_client.GcsSubscriberPoll - 1 total (1 active), Execution time: mean = 0.00ms, total = 0.00ms, Queueing time: mean = 0.00ms, max = -0.00ms, min = 9223372036854.78ms, total = 0.00ms
	ray::rpc::WorkerInfoGcsService.grpc_client.AddWorkerInfo.OnReplyReceived - 1 total (0 active), Execution time: mean = 0.02ms, total = 0.02ms, Queueing time: mean = 0.72ms, max = 0.72ms, min = 0.72ms, total = 0.72ms

-----------------
Task execution event stats:

Global stats: 35783 total (1 active)
Queueing time: mean = 0.05ms, max = 1.75ms, min = -0.01ms, total = 1843.92ms
Execution time:  mean = 0.02ms, total = 539.21ms
Event stats:
	CoreWorker.CheckSignal - 35782 total (1 active), Execution time: mean = 0.02ms, total = 539.20ms, Queueing time: mean = 0.05ms, max = 1.75ms, min = -0.01ms, total = 1843.92ms
	PeriodicalRunner.RunFnPeriodically - 1 total (0 active), Execution time: mean = 0.01ms, total = 0.01ms, Queueing time: mean = 0.00ms, max = 0.00ms, min = 0.00ms, total = 0.00ms

-----------------
Task Event stats:

IO Service Stats:

Global stats: 1081 total (1 active)
Queueing time: mean = 0.03ms, max = 0.11ms, min = 0.01ms, total = 34.58ms
Execution time:  mean = 0.35ms, total = 377.54ms
Event stats:
	ray::rpc::TaskInfoGcsService.grpc_client.AddTaskEventData - 360 total (0 active), Execution time: mean = 0.79ms, total = 283.69ms, Queueing time: mean = 0.00ms, max = -0.00ms, min = 9223372036854.78ms, total = 0.00ms
	CoreWorker.deadline_timer.flush_task_events - 360 total (1 active), Execution time: mean = 0.23ms, total = 81.01ms, Queueing time: mean = 0.06ms, max = 0.11ms, min = 0.02ms, total = 20.31ms
	ray::rpc::TaskInfoGcsService.grpc_client.AddTaskEventData.OnReplyReceived - 360 total (0 active), Execution time: mean = 0.03ms, total = 12.46ms, Queueing time: mean = 0.04ms, max = 0.08ms, min = 0.01ms, total = 14.26ms
	PeriodicalRunner.RunFnPeriodically - 1 total (0 active), Execution time: mean = 0.38ms, total = 0.38ms, Queueing time: mean = 0.01ms, max = 0.01ms, min = 0.01ms, total = 0.01ms
Other Stats:
	gcs_grpc_in_progress:0
	event_aggregator_grpc_in_progress:0
	current number of task status events in buffer: 0
	current number of profile events in buffer: 0
	current number of dropped task attempts tracked: 0
	total task events sent: 0 MiB
	total number of task attempts sent: 0
	total number of task attempts dropped reported: 0
	total number of sent failure: 0
	num status task events dropped: 0
	num profile task events dropped: 0
	num ray task events reported to aggregator: 0
	num ray task events failed to report to aggregator: 0
	num of task attempts dropped reported to aggregator: 0
	num of failed requests to aggregator: 0

[2026-02-15 11:31:05,563 I 4014878 4015247] accessor.cc:433: Received address and liveness notification for node, IsAlive = 0 node_id=c2bfde67e395a3752e8985a56c1ecdcdf8b24b49131776d920f97d6f
[2026-02-15 11:31:05,563 I 4014878 4015247] core_worker.cc:740: Node failure. All objects pinned on that node will be lost if object reconstruction is not enabled. node_id=c2bfde67e395a3752e8985a56c1ecdcdf8b24b49131776d920f97d6f
[2026-02-15 11:31:05,563 I 4014878 4015247] normal_task_submitter.cc:840: Number of alive nodes:0
