[2026-02-15 11:24:53,216 I 4018523 4018523] core_worker_process.cc:777: Constructing CoreWorkerProcess. pid: 4018523
[2026-02-15 11:24:53,218 I 4018523 4018523] event.cc:499: Ray Event initialized for CORE_WORKER
[2026-02-15 11:24:53,218 I 4018523 4018523] event.cc:499: Ray Event initialized for EXPORT_TASK
[2026-02-15 11:24:53,218 I 4018523 4018523] event.cc:332: Set ray event level to warning
[2026-02-15 11:24:53,218 I 4018523 4018523] event_aggregator_client.h:50: Initiating the local event aggregator client with port: 63726
[2026-02-15 11:24:53,220 I 4018523 4018523] grpc_server.cc:143: worker server started, listening on port 42303.
[2026-02-15 11:24:53,231 I 4018523 4018523] core_worker_process.cc:262: Initializing worker at address: 172.28.6.3:42303 worker_id=f6f323782b0df7c4ca43277adfbd7a631f70640dccb70555ad493d0e node_id=c2bfde67e395a3752e8985a56c1ecdcdf8b24b49131776d920f97d6f
[2026-02-15 11:24:53,232 I 4018523 4018523] task_event_buffer.cc:480: Reporting task events to GCS every 1000ms.
[2026-02-15 11:24:53,233 I 4018523 4018523] core_worker.cc:515: Adjusted worker niceness to 15
[2026-02-15 11:24:53,233 I 4018523 4018523] metrics_agent_client.cc:45: Initializing exporter ...
[2026-02-15 11:24:53,233 I 4018523 4018570] core_worker.cc:455: Event stats:


Global stats: 12 total (10 active)
Queueing time: mean = 0.01ms, max = 0.04ms, min = 0.03ms, total = 0.07ms
Execution time:  mean = 0.00ms, total = 0.03ms
Event stats:
	PeriodicalRunner.RunFnPeriodically - 7 total (5 active, 1 running), Execution time: mean = 0.00ms, total = 0.03ms, Queueing time: mean = 0.01ms, max = 0.04ms, min = 0.03ms, total = 0.07ms
	Publisher.CheckDeadSubscribers - 1 total (1 active), Execution time: mean = 0.00ms, total = 0.00ms, Queueing time: mean = 0.00ms, max = -0.00ms, min = 9223372036854.78ms, total = 0.00ms
	ray::rpc::WorkerInfoGcsService.grpc_client.AddWorkerInfo - 1 total (1 active), Execution time: mean = 0.00ms, total = 0.00ms, Queueing time: mean = 0.00ms, max = -0.00ms, min = 9223372036854.78ms, total = 0.00ms
	CoreWorker.ExitIfParentRayletDies - 1 total (1 active), Execution time: mean = 0.00ms, total = 0.00ms, Queueing time: mean = 0.00ms, max = -0.00ms, min = 9223372036854.78ms, total = 0.00ms
	ray::rpc::InternalPubSubGcsService.grpc_client.GcsSubscriberCommandBatch - 1 total (1 active), Execution time: mean = 0.00ms, total = 0.00ms, Queueing time: mean = 0.00ms, max = -0.00ms, min = 9223372036854.78ms, total = 0.00ms
	ray::rpc::InternalPubSubGcsService.grpc_client.GcsSubscriberPoll - 1 total (1 active), Execution time: mean = 0.00ms, total = 0.00ms, Queueing time: mean = 0.00ms, max = -0.00ms, min = 9223372036854.78ms, total = 0.00ms

-----------------
Task execution event stats:

Global stats: 0 total (0 active)
Queueing time: mean = -nanms, max = -0.00ms, min = 9223372036854.78ms, total = 0.00ms
Execution time:  mean = -nanms, total = 0.00ms
Event stats:

-----------------
Task Event stats:

IO Service Stats:

Global stats: 4 total (1 active)
Queueing time: mean = 0.01ms, max = 0.04ms, min = 0.01ms, total = 0.05ms
Execution time:  mean = 0.28ms, total = 1.11ms
Event stats:
	CoreWorker.deadline_timer.flush_task_events - 1 total (1 active), Execution time: mean = 0.00ms, total = 0.00ms, Queueing time: mean = 0.00ms, max = -0.00ms, min = 9223372036854.78ms, total = 0.00ms
	PeriodicalRunner.RunFnPeriodically - 1 total (0 active), Execution time: mean = 0.33ms, total = 0.33ms, Queueing time: mean = 0.01ms, max = 0.01ms, min = 0.01ms, total = 0.01ms
	ray::rpc::TaskInfoGcsService.grpc_client.AddTaskEventData.OnReplyReceived - 1 total (0 active), Execution time: mean = 0.03ms, total = 0.03ms, Queueing time: mean = 0.04ms, max = 0.04ms, min = 0.04ms, total = 0.04ms
	ray::rpc::TaskInfoGcsService.grpc_client.AddTaskEventData - 1 total (0 active), Execution time: mean = 0.74ms, total = 0.74ms, Queueing time: mean = 0.00ms, max = -0.00ms, min = 9223372036854.78ms, total = 0.00ms
Other Stats:
	gcs_grpc_in_progress:0
	event_aggregator_grpc_in_progress:0
	current number of task status events in buffer: 0
	current number of profile events in buffer: 0
	current number of dropped task attempts tracked: 0
	total task events sent: 0 MiB
	total number of task attempts sent: 0
	total number of task attempts dropped reported: 0
	total number of sent failure: 0
	num status task events dropped: 0
	num profile task events dropped: 0
	num ray task events reported to aggregator: 0
	num ray task events failed to report to aggregator: 0
	num of task attempts dropped reported to aggregator: 0
	num of failed requests to aggregator: 0

[2026-02-15 11:24:53,234 I 4018523 4018570] accessor.cc:433: Received address and liveness notification for node, IsAlive = 1 node_id=c2bfde67e395a3752e8985a56c1ecdcdf8b24b49131776d920f97d6f
[2026-02-15 11:24:53,234 I 4018523 4018570] normal_task_submitter.cc:840: Number of alive nodes:1
[2026-02-15 11:24:53,235 I 4018523 4018570] metrics_agent_client.cc:59: Exporter initialized.
[2026-02-15 11:24:53,235 I 4018523 4018523] actor_task_submitter.cc:75: Set actor max pending calls to -1 actor_id=7b913c843e0888762c83432d01000000
[2026-02-15 11:24:53,235 I 4018523 4018523] core_worker.cc:2904: Creating actor actor_id=7b913c843e0888762c83432d01000000
[2026-02-15 11:24:59,332 I 4018523 4018523] actor_task_submitter.cc:75: Set actor max pending calls to 0 actor_id=f5cc18b2256412bccb44be6401000000
[2026-02-15 11:24:59,364 I 4018523 4018570] actor_manager.cc:236: received notification on actor, state: ALIVE, ip address: 172.28.6.3, port: 32999, num_restarts: 0, death context type=CONTEXT_NOT_SET actor_id=f5cc18b2256412bccb44be6401000000 worker_id=97f6673c001566ed92bf7ad8cc45e7de7f33ed31cd7203d66624f06f node_id=c2bfde67e395a3752e8985a56c1ecdcdf8b24b49131776d920f97d6f
[2026-02-15 11:25:00,490 I 4018523 4018523] task_receiver.cc:142: Actor creation task finished, task_id: ffffffffffffffff7b913c843e0888762c83432d01000000, actor_id: 7b913c843e0888762c83432d01000000, actor_repr_name: 
[2026-02-15 11:25:53,234 I 4018523 4018570] core_worker.cc:455: Event stats:


Global stats: 903 total (9 active)
Queueing time: mean = 0.05ms, max = 1.58ms, min = 0.01ms, total = 45.81ms
Execution time:  mean = 46.06ms, total = 41588.26ms
Event stats:
	CoreWorker.RecoverObjects - 600 total (1 active), Execution time: mean = 0.01ms, total = 6.19ms, Queueing time: mean = 0.06ms, max = 0.17ms, min = 0.01ms, total = 33.26ms
	CoreWorker.InternalHeartbeat - 60 total (1 active), Execution time: mean = 0.20ms, total = 11.93ms, Queueing time: mean = 0.07ms, max = 1.58ms, min = 0.01ms, total = 4.04ms
	CoreWorker.ExitIfParentRayletDies - 60 total (1 active), Execution time: mean = 0.01ms, total = 0.80ms, Queueing time: mean = 0.05ms, max = 0.11ms, min = 0.01ms, total = 3.12ms
	NodeManagerService.grpc_client.ReportWorkerBacklog - 60 total (0 active), Execution time: mean = 0.78ms, total = 46.55ms, Queueing time: mean = 0.00ms, max = -0.00ms, min = 9223372036854.78ms, total = 0.00ms
	NodeManagerService.grpc_client.ReportWorkerBacklog.OnReplyReceived - 60 total (0 active), Execution time: mean = 0.03ms, total = 1.59ms, Queueing time: mean = 0.04ms, max = 0.08ms, min = 0.01ms, total = 2.35ms
	CoreWorker.RecordMetrics - 12 total (1 active), Execution time: mean = 0.34ms, total = 4.12ms, Queueing time: mean = 0.04ms, max = 0.07ms, min = 0.02ms, total = 0.46ms
	PeriodicalRunner.RunFnPeriodically - 7 total (0 active), Execution time: mean = 0.07ms, total = 0.49ms, Queueing time: mean = 0.21ms, max = 0.50ms, min = 0.03ms, total = 1.49ms
	CoreWorker.TryDelPendingObjectRefStreams - 6 total (1 active), Execution time: mean = 0.01ms, total = 0.04ms, Queueing time: mean = 0.06ms, max = 0.09ms, min = 0.07ms, total = 0.38ms
	CoreWorkerService.grpc_server.PushTask - 5 total (1 active), Execution time: mean = 8300.43ms, total = 41502.14ms, Queueing time: mean = 0.00ms, max = -0.00ms, min = 9223372036854.78ms, total = 0.00ms
	CoreWorkerService.grpc_server.PushTask.HandleRequestImpl - 5 total (0 active), Execution time: mean = 0.09ms, total = 0.43ms, Queueing time: mean = 0.02ms, max = 0.03ms, min = 0.01ms, total = 0.12ms
	CoreWorkerService.grpc_server.GetCoreWorkerStats - 4 total (0 active), Execution time: mean = 0.44ms, total = 1.76ms, Queueing time: mean = 0.00ms, max = -0.00ms, min = 9223372036854.78ms, total = 0.00ms
	CoreWorkerService.grpc_server.GetCoreWorkerStats.HandleRequestImpl - 4 total (0 active), Execution time: mean = 0.14ms, total = 0.54ms, Queueing time: mean = 0.05ms, max = 0.07ms, min = 0.04ms, total = 0.18ms
	ray::rpc::InternalPubSubGcsService.grpc_client.GcsSubscriberCommandBatch.OnReplyReceived - 2 total (0 active), Execution time: mean = 0.15ms, total = 0.29ms, Queueing time: mean = 0.02ms, max = 0.04ms, min = 0.01ms, total = 0.05ms
	ray::rpc::InternalPubSubGcsService.grpc_client.GcsSubscriberCommandBatch - 2 total (0 active), Execution time: mean = 0.80ms, total = 1.60ms, Queueing time: mean = 0.00ms, max = -0.00ms, min = 9223372036854.78ms, total = 0.00ms
	ReporterService.grpc_client.HealthCheck.OnReplyReceived - 1 total (0 active), Execution time: mean = 0.20ms, total = 0.20ms, Queueing time: mean = 0.05ms, max = 0.05ms, min = 0.05ms, total = 0.05ms
	ray::rpc::NodeInfoGcsService.grpc_client.GetAllNodeAddressAndLiveness.OnReplyReceived - 1 total (0 active), Execution time: mean = 0.05ms, total = 0.05ms, Queueing time: mean = 0.01ms, max = 0.01ms, min = 0.01ms, total = 0.01ms
	ray::rpc::ActorInfoGcsService.grpc_client.GetActorInfo - 1 total (0 active), Execution time: mean = 0.84ms, total = 0.84ms, Queueing time: mean = 0.00ms, max = -0.00ms, min = 9223372036854.78ms, total = 0.00ms
	CoreWorker.PrintEventStats - 1 total (1 active, 1 running), Execution time: mean = 0.00ms, total = 0.00ms, Queueing time: mean = 0.00ms, max = -0.00ms, min = 9223372036854.78ms, total = 0.00ms
	CoreWorkerService.grpc_client.PushTask - 1 total (0 active), Execution time: mean = 2.65ms, total = 2.65ms, Queueing time: mean = 0.00ms, max = -0.00ms, min = 9223372036854.78ms, total = 0.00ms
	CoreWorkerService.grpc_client.PushTask.OnReplyReceived - 1 total (0 active), Execution time: mean = 0.08ms, total = 0.08ms, Queueing time: mean = 0.04ms, max = 0.04ms, min = 0.04ms, total = 0.04ms
	Publisher.CheckDeadSubscribers - 1 total (1 active), Execution time: mean = 0.00ms, total = 0.00ms, Queueing time: mean = 0.00ms, max = -0.00ms, min = 9223372036854.78ms, total = 0.00ms
	ReporterService.grpc_client.HealthCheck - 1 total (0 active), Execution time: mean = 1.52ms, total = 1.52ms, Queueing time: mean = 0.00ms, max = -0.00ms, min = 9223372036854.78ms, total = 0.00ms
	ray::rpc::InternalPubSubGcsService.grpc_client.GcsSubscriberPoll - 1 total (1 active), Execution time: mean = 0.00ms, total = 0.00ms, Queueing time: mean = 0.00ms, max = -0.00ms, min = 9223372036854.78ms, total = 0.00ms
	ray::rpc::NodeInfoGcsService.grpc_client.GetAllNodeAddressAndLiveness - 1 total (0 active), Execution time: mean = 0.77ms, total = 0.77ms, Queueing time: mean = 0.00ms, max = -0.00ms, min = 9223372036854.78ms, total = 0.00ms
	ray::rpc::WorkerInfoGcsService.grpc_client.AddWorkerInfo - 1 total (0 active), Execution time: mean = 0.76ms, total = 0.76ms, Queueing time: mean = 0.00ms, max = -0.00ms, min = 9223372036854.78ms, total = 0.00ms
	ray::rpc::WorkerInfoGcsService.grpc_client.AddWorkerInfo.OnReplyReceived - 1 total (0 active), Execution time: mean = 0.03ms, total = 0.03ms, Queueing time: mean = 0.11ms, max = 0.11ms, min = 0.11ms, total = 0.11ms
	ray::rpc::ActorInfoGcsService.grpc_client.GetNamedActorInfo.OnReplyReceived - 1 total (0 active), Execution time: mean = 0.12ms, total = 0.12ms, Queueing time: mean = 0.06ms, max = 0.06ms, min = 0.06ms, total = 0.06ms
	ActorTaskSubmitter::SubmitTask - 1 total (0 active), Execution time: mean = 0.02ms, total = 0.02ms, Queueing time: mean = 0.02ms, max = 0.02ms, min = 0.02ms, total = 0.02ms
	ray::rpc::ActorInfoGcsService.grpc_client.GetActorInfo.OnReplyReceived - 1 total (0 active), Execution time: mean = 1.71ms, total = 1.71ms, Queueing time: mean = 0.06ms, max = 0.06ms, min = 0.06ms, total = 0.06ms
	ray::rpc::ActorInfoGcsService.grpc_client.GetNamedActorInfo - 1 total (0 active), Execution time: mean = 1.06ms, total = 1.06ms, Queueing time: mean = 0.00ms, max = -0.00ms, min = 9223372036854.78ms, total = 0.00ms

-----------------
Task execution event stats:

Global stats: 1572 total (2 active)
Queueing time: mean = 26.44ms, max = 24396.40ms, min = 0.00ms, total = 41563.18ms
Execution time:  mean = 26.41ms, total = 41523.40ms
Event stats:
	CoreWorker.CheckSignal - 1566 total (1 active), Execution time: mean = 0.01ms, total = 23.01ms, Queueing time: mean = 21.91ms, max = 24396.40ms, min = 0.00ms, total = 34308.06ms
	CoreWorker.HandlePushTaskActor - 4 total (1 active, 1 running), Execution time: mean = 8561.36ms, total = 34245.42ms, Queueing time: mean = 0.03ms, max = 0.04ms, min = 0.03ms, total = 0.11ms
	CoreWorker.HandlePushTask - 1 total (0 active), Execution time: mean = 7254.95ms, total = 7254.95ms, Queueing time: mean = 0.05ms, max = 0.05ms, min = 0.05ms, total = 0.05ms
	PeriodicalRunner.RunFnPeriodically - 1 total (0 active), Execution time: mean = 0.02ms, total = 0.02ms, Queueing time: mean = 7254.97ms, max = 7254.97ms, min = 7254.97ms, total = 7254.97ms

-----------------
Task Event stats:

IO Service Stats:

Global stats: 181 total (1 active)
Queueing time: mean = 0.03ms, max = 0.14ms, min = 0.01ms, total = 5.65ms
Execution time:  mean = 0.36ms, total = 65.62ms
Event stats:
	CoreWorker.deadline_timer.flush_task_events - 60 total (1 active), Execution time: mean = 0.25ms, total = 15.00ms, Queueing time: mean = 0.06ms, max = 0.14ms, min = 0.02ms, total = 3.54ms
	ray::rpc::TaskInfoGcsService.grpc_client.AddTaskEventData.OnReplyReceived - 60 total (0 active), Execution time: mean = 0.04ms, total = 2.24ms, Queueing time: mean = 0.03ms, max = 0.08ms, min = 0.01ms, total = 2.09ms
	ray::rpc::TaskInfoGcsService.grpc_client.AddTaskEventData - 60 total (0 active), Execution time: mean = 0.80ms, total = 48.04ms, Queueing time: mean = 0.00ms, max = -0.00ms, min = 9223372036854.78ms, total = 0.00ms
	PeriodicalRunner.RunFnPeriodically - 1 total (0 active), Execution time: mean = 0.33ms, total = 0.33ms, Queueing time: mean = 0.01ms, max = 0.01ms, min = 0.01ms, total = 0.01ms
Other Stats:
	gcs_grpc_in_progress:0
	event_aggregator_grpc_in_progress:0
	current number of task status events in buffer: 0
	current number of profile events in buffer: 0
	current number of dropped task attempts tracked: 0
	total task events sent: 0.00283146 MiB
	total number of task attempts sent: 11
	total number of task attempts dropped reported: 0
	total number of sent failure: 0
	num status task events dropped: 0
	num profile task events dropped: 0
	num ray task events reported to aggregator: 0
	num ray task events failed to report to aggregator: 0
	num of task attempts dropped reported to aggregator: 0
	num of failed requests to aggregator: 0

[2026-02-15 11:26:53,235 I 4018523 4018570] core_worker.cc:455: Event stats:


Global stats: 1780 total (8 active)
Queueing time: mean = 0.05ms, max = 1.58ms, min = 0.00ms, total = 85.94ms
Execution time:  mean = 33.17ms, total = 59041.90ms
Event stats:
	CoreWorker.RecoverObjects - 1200 total (1 active), Execution time: mean = 0.01ms, total = 11.65ms, Queueing time: mean = 0.05ms, max = 0.17ms, min = 0.00ms, total = 63.97ms
	NodeManagerService.grpc_client.ReportWorkerBacklog.OnReplyReceived - 120 total (0 active), Execution time: mean = 0.03ms, total = 3.24ms, Queueing time: mean = 0.04ms, max = 0.08ms, min = 0.01ms, total = 4.73ms
	CoreWorker.ExitIfParentRayletDies - 120 total (1 active), Execution time: mean = 0.01ms, total = 1.50ms, Queueing time: mean = 0.05ms, max = 0.11ms, min = 0.01ms, total = 5.96ms
	CoreWorker.InternalHeartbeat - 120 total (1 active), Execution time: mean = 0.20ms, total = 23.57ms, Queueing time: mean = 0.05ms, max = 1.58ms, min = 0.01ms, total = 6.59ms
	NodeManagerService.grpc_client.ReportWorkerBacklog - 120 total (0 active), Execution time: mean = 0.78ms, total = 93.28ms, Queueing time: mean = 0.00ms, max = -0.00ms, min = 9223372036854.78ms, total = 0.00ms
	CoreWorker.RecordMetrics - 24 total (1 active), Execution time: mean = 0.25ms, total = 5.92ms, Queueing time: mean = 0.04ms, max = 0.07ms, min = 0.02ms, total = 0.97ms
	CoreWorker.TryDelPendingObjectRefStreams - 12 total (1 active), Execution time: mean = 0.01ms, total = 0.08ms, Queueing time: mean = 0.09ms, max = 0.48ms, min = 0.03ms, total = 1.11ms
	CoreWorkerService.grpc_server.GetCoreWorkerStats - 8 total (0 active), Execution time: mean = 0.39ms, total = 3.15ms, Queueing time: mean = 0.00ms, max = -0.00ms, min = 9223372036854.78ms, total = 0.00ms
	CoreWorkerService.grpc_server.GetCoreWorkerStats.HandleRequestImpl - 8 total (0 active), Execution time: mean = 0.12ms, total = 0.93ms, Queueing time: mean = 0.04ms, max = 0.07ms, min = 0.02ms, total = 0.30ms
	CoreWorkerService.grpc_server.PushTask.HandleRequestImpl - 8 total (0 active), Execution time: mean = 0.09ms, total = 0.70ms, Queueing time: mean = 0.03ms, max = 0.06ms, min = 0.01ms, total = 0.24ms
	CoreWorkerService.grpc_server.PushTask - 8 total (0 active), Execution time: mean = 7360.37ms, total = 58882.93ms, Queueing time: mean = 0.00ms, max = -0.00ms, min = 9223372036854.78ms, total = 0.00ms
	PeriodicalRunner.RunFnPeriodically - 7 total (0 active), Execution time: mean = 0.07ms, total = 0.49ms, Queueing time: mean = 0.21ms, max = 0.50ms, min = 0.03ms, total = 1.49ms
	CoreWorker.PrintEventStats - 2 total (1 active, 1 running), Execution time: mean = 0.55ms, total = 1.11ms, Queueing time: mean = 0.04ms, max = 0.08ms, min = 0.08ms, total = 0.08ms
	ray::rpc::InternalPubSubGcsService.grpc_client.GcsSubscriberCommandBatch.OnReplyReceived - 2 total (0 active), Execution time: mean = 0.15ms, total = 0.29ms, Queueing time: mean = 0.02ms, max = 0.04ms, min = 0.01ms, total = 0.05ms
	ray::rpc::InternalPubSubGcsService.grpc_client.GcsSubscriberCommandBatch - 2 total (0 active), Execution time: mean = 0.80ms, total = 1.60ms, Queueing time: mean = 0.00ms, max = -0.00ms, min = 9223372036854.78ms, total = 0.00ms
	ray::rpc::ActorInfoGcsService.grpc_client.GetNamedActorInfo - 1 total (0 active), Execution time: mean = 1.06ms, total = 1.06ms, Queueing time: mean = 0.00ms, max = -0.00ms, min = 9223372036854.78ms, total = 0.00ms
	ray::rpc::WorkerInfoGcsService.grpc_client.AddWorkerInfo.OnReplyReceived - 1 total (0 active), Execution time: mean = 0.03ms, total = 0.03ms, Queueing time: mean = 0.11ms, max = 0.11ms, min = 0.11ms, total = 0.11ms
	ray::rpc::ActorInfoGcsService.grpc_client.GetActorInfo - 1 total (0 active), Execution time: mean = 0.84ms, total = 0.84ms, Queueing time: mean = 0.00ms, max = -0.00ms, min = 9223372036854.78ms, total = 0.00ms
	Publisher.CheckDeadSubscribers - 1 total (1 active), Execution time: mean = 0.00ms, total = 0.00ms, Queueing time: mean = 0.00ms, max = -0.00ms, min = 9223372036854.78ms, total = 0.00ms
	CoreWorkerService.grpc_client.PushTask - 1 total (0 active), Execution time: mean = 2.65ms, total = 2.65ms, Queueing time: mean = 0.00ms, max = -0.00ms, min = 9223372036854.78ms, total = 0.00ms
	ray::rpc::NodeInfoGcsService.grpc_client.GetAllNodeAddressAndLiveness.OnReplyReceived - 1 total (0 active), Execution time: mean = 0.05ms, total = 0.05ms, Queueing time: mean = 0.01ms, max = 0.01ms, min = 0.01ms, total = 0.01ms
	CoreWorkerService.grpc_client.PushTask.OnReplyReceived - 1 total (0 active), Execution time: mean = 0.08ms, total = 0.08ms, Queueing time: mean = 0.04ms, max = 0.04ms, min = 0.04ms, total = 0.04ms
	ray::rpc::ActorInfoGcsService.grpc_client.GetActorInfo.OnReplyReceived - 1 total (0 active), Execution time: mean = 1.71ms, total = 1.71ms, Queueing time: mean = 0.06ms, max = 0.06ms, min = 0.06ms, total = 0.06ms
	ReporterService.grpc_client.HealthCheck - 1 total (0 active), Execution time: mean = 1.52ms, total = 1.52ms, Queueing time: mean = 0.00ms, max = -0.00ms, min = 9223372036854.78ms, total = 0.00ms
	ray::rpc::InternalPubSubGcsService.grpc_client.GcsSubscriberPoll - 1 total (1 active), Execution time: mean = 0.00ms, total = 0.00ms, Queueing time: mean = 0.00ms, max = -0.00ms, min = 9223372036854.78ms, total = 0.00ms
	ray::rpc::NodeInfoGcsService.grpc_client.GetAllNodeAddressAndLiveness - 1 total (0 active), Execution time: mean = 0.77ms, total = 0.77ms, Queueing time: mean = 0.00ms, max = -0.00ms, min = 9223372036854.78ms, total = 0.00ms
	ReporterService.grpc_client.HealthCheck.OnReplyReceived - 1 total (0 active), Execution time: mean = 0.20ms, total = 0.20ms, Queueing time: mean = 0.05ms, max = 0.05ms, min = 0.05ms, total = 0.05ms
	ActorTaskSubmitter::SubmitTask - 1 total (0 active), Execution time: mean = 0.02ms, total = 0.02ms, Queueing time: mean = 0.02ms, max = 0.02ms, min = 0.02ms, total = 0.02ms
	NodeManagerService.grpc_client.PinObjectIDs.OnReplyReceived - 1 total (0 active), Execution time: mean = 0.08ms, total = 0.08ms, Queueing time: mean = 0.03ms, max = 0.03ms, min = 0.03ms, total = 0.03ms
	ray::rpc::ActorInfoGcsService.grpc_client.GetNamedActorInfo.OnReplyReceived - 1 total (0 active), Execution time: mean = 0.12ms, total = 0.12ms, Queueing time: mean = 0.06ms, max = 0.06ms, min = 0.06ms, total = 0.06ms
	NodeManagerService.grpc_client.PinObjectIDs - 1 total (0 active), Execution time: mean = 1.07ms, total = 1.07ms, Queueing time: mean = 0.00ms, max = -0.00ms, min = 9223372036854.78ms, total = 0.00ms
	CoreWorkerService.grpc_server.ActorCallArgWaitComplete.HandleRequestImpl - 1 total (0 active), Execution time: mean = 0.12ms, total = 0.12ms, Queueing time: mean = 0.06ms, max = 0.06ms, min = 0.06ms, total = 0.06ms
	ray::rpc::WorkerInfoGcsService.grpc_client.AddWorkerInfo - 1 total (0 active), Execution time: mean = 0.76ms, total = 0.76ms, Queueing time: mean = 0.00ms, max = -0.00ms, min = 9223372036854.78ms, total = 0.00ms
	CoreWorkerService.grpc_server.ActorCallArgWaitComplete - 1 total (0 active), Execution time: mean = 0.42ms, total = 0.42ms, Queueing time: mean = 0.00ms, max = -0.00ms, min = 9223372036854.78ms, total = 0.00ms

-----------------
Task execution event stats:

Global stats: 6089 total (1 active)
Queueing time: mean = 9.72ms, max = 24396.40ms, min = -0.32ms, total = 59161.01ms
Execution time:  mean = 9.68ms, total = 58969.57ms
Event stats:
	CoreWorker.CheckSignal - 6079 total (1 active), Execution time: mean = 0.01ms, total = 91.00ms, Queueing time: mean = 8.54ms, max = 24396.40ms, min = -0.32ms, total = 51905.65ms
	CoreWorker.HandlePushTaskActor - 7 total (0 active), Execution time: mean = 6899.39ms, total = 48295.72ms, Queueing time: mean = 0.05ms, max = 0.06ms, min = 0.03ms, total = 0.32ms
	CoreWorker.HandlePushTask - 1 total (0 active), Execution time: mean = 7254.95ms, total = 7254.95ms, Queueing time: mean = 0.05ms, max = 0.05ms, min = 0.05ms, total = 0.05ms
	CoreWorker.ArgWaitComplete - 1 total (0 active), Execution time: mean = 3327.89ms, total = 3327.89ms, Queueing time: mean = 0.03ms, max = 0.03ms, min = 0.03ms, total = 0.03ms
	PeriodicalRunner.RunFnPeriodically - 1 total (0 active), Execution time: mean = 0.02ms, total = 0.02ms, Queueing time: mean = 7254.97ms, max = 7254.97ms, min = 7254.97ms, total = 7254.97ms

-----------------
Task Event stats:

IO Service Stats:

Global stats: 361 total (1 active)
Queueing time: mean = 0.03ms, max = 0.19ms, min = 0.01ms, total = 10.82ms
Execution time:  mean = 0.36ms, total = 129.55ms
Event stats:
	CoreWorker.deadline_timer.flush_task_events - 120 total (1 active), Execution time: mean = 0.24ms, total = 28.71ms, Queueing time: mean = 0.05ms, max = 0.19ms, min = 0.02ms, total = 6.37ms
	ray::rpc::TaskInfoGcsService.grpc_client.AddTaskEventData.OnReplyReceived - 120 total (0 active), Execution time: mean = 0.04ms, total = 4.54ms, Queueing time: mean = 0.04ms, max = 0.08ms, min = 0.01ms, total = 4.44ms
	ray::rpc::TaskInfoGcsService.grpc_client.AddTaskEventData - 120 total (0 active), Execution time: mean = 0.80ms, total = 95.96ms, Queueing time: mean = 0.00ms, max = -0.00ms, min = 9223372036854.78ms, total = 0.00ms
	PeriodicalRunner.RunFnPeriodically - 1 total (0 active), Execution time: mean = 0.33ms, total = 0.33ms, Queueing time: mean = 0.01ms, max = 0.01ms, min = 0.01ms, total = 0.01ms
Other Stats:
	gcs_grpc_in_progress:0
	event_aggregator_grpc_in_progress:0
	current number of task status events in buffer: 0
	current number of profile events in buffer: 0
	current number of dropped task attempts tracked: 0
	total task events sent: 0.0047102 MiB
	total number of task attempts sent: 18
	total number of task attempts dropped reported: 0
	total number of sent failure: 0
	num status task events dropped: 0
	num profile task events dropped: 0
	num ray task events reported to aggregator: 0
	num ray task events failed to report to aggregator: 0
	num of task attempts dropped reported to aggregator: 0
	num of failed requests to aggregator: 0

[2026-02-15 11:27:53,236 I 4018523 4018570] core_worker.cc:455: Event stats:


Global stats: 2658 total (8 active)
Queueing time: mean = 0.05ms, max = 1.58ms, min = 0.00ms, total = 128.41ms
Execution time:  mean = 28.06ms, total = 74594.94ms
Event stats:
	CoreWorker.RecoverObjects - 1799 total (1 active), Execution time: mean = 0.01ms, total = 17.25ms, Queueing time: mean = 0.05ms, max = 0.17ms, min = 0.00ms, total = 96.48ms
	NodeManagerService.grpc_client.ReportWorkerBacklog.OnReplyReceived - 180 total (0 active), Execution time: mean = 0.03ms, total = 4.93ms, Queueing time: mean = 0.04ms, max = 0.09ms, min = 0.01ms, total = 6.91ms
	CoreWorker.ExitIfParentRayletDies - 180 total (1 active), Execution time: mean = 0.01ms, total = 2.18ms, Queueing time: mean = 0.05ms, max = 0.11ms, min = 0.01ms, total = 9.01ms
	CoreWorker.InternalHeartbeat - 180 total (1 active), Execution time: mean = 0.19ms, total = 34.96ms, Queueing time: mean = 0.05ms, max = 1.58ms, min = 0.01ms, total = 9.38ms
	NodeManagerService.grpc_client.ReportWorkerBacklog - 180 total (0 active), Execution time: mean = 0.76ms, total = 136.68ms, Queueing time: mean = 0.00ms, max = -0.00ms, min = 9223372036854.78ms, total = 0.00ms
	CoreWorker.RecordMetrics - 36 total (1 active), Execution time: mean = 0.20ms, total = 7.10ms, Queueing time: mean = 0.04ms, max = 0.08ms, min = 0.02ms, total = 1.43ms
	CoreWorker.TryDelPendingObjectRefStreams - 18 total (1 active), Execution time: mean = 0.01ms, total = 0.12ms, Queueing time: mean = 0.12ms, max = 0.80ms, min = 0.01ms, total = 2.19ms
	CoreWorkerService.grpc_server.GetCoreWorkerStats - 12 total (0 active), Execution time: mean = 0.40ms, total = 4.83ms, Queueing time: mean = 0.00ms, max = -0.00ms, min = 9223372036854.78ms, total = 0.00ms
	CoreWorkerService.grpc_server.GetCoreWorkerStats.HandleRequestImpl - 12 total (0 active), Execution time: mean = 0.13ms, total = 1.52ms, Queueing time: mean = 0.04ms, max = 0.07ms, min = 0.02ms, total = 0.46ms
	CoreWorkerService.grpc_server.PushTask.HandleRequestImpl - 10 total (0 active), Execution time: mean = 0.09ms, total = 0.89ms, Queueing time: mean = 0.03ms, max = 0.06ms, min = 0.01ms, total = 0.30ms
	CoreWorkerService.grpc_server.PushTask - 10 total (0 active), Execution time: mean = 7436.53ms, total = 74365.33ms, Queueing time: mean = 0.00ms, max = -0.00ms, min = 9223372036854.78ms, total = 0.00ms
	PeriodicalRunner.RunFnPeriodically - 7 total (0 active), Execution time: mean = 0.07ms, total = 0.49ms, Queueing time: mean = 0.21ms, max = 0.50ms, min = 0.03ms, total = 1.49ms
	NodeManagerService.grpc_client.PinObjectIDs.OnReplyReceived - 3 total (0 active), Execution time: mean = 0.08ms, total = 0.24ms, Queueing time: mean = 0.03ms, max = 0.03ms, min = 0.02ms, total = 0.08ms
	CoreWorkerService.grpc_server.ActorCallArgWaitComplete.HandleRequestImpl - 3 total (0 active), Execution time: mean = 0.08ms, total = 0.24ms, Queueing time: mean = 0.06ms, max = 0.06ms, min = 0.06ms, total = 0.18ms
	NodeManagerService.grpc_client.PinObjectIDs - 3 total (0 active), Execution time: mean = 1.11ms, total = 3.32ms, Queueing time: mean = 0.00ms, max = -0.00ms, min = 9223372036854.78ms, total = 0.00ms
	CoreWorker.PrintEventStats - 3 total (1 active, 1 running), Execution time: mean = 0.72ms, total = 2.16ms, Queueing time: mean = 0.03ms, max = 0.08ms, min = 0.02ms, total = 0.10ms
	CoreWorkerService.grpc_server.ActorCallArgWaitComplete - 3 total (0 active), Execution time: mean = 0.34ms, total = 1.02ms, Queueing time: mean = 0.00ms, max = -0.00ms, min = 9223372036854.78ms, total = 0.00ms
	ray::rpc::InternalPubSubGcsService.grpc_client.GcsSubscriberCommandBatch - 2 total (0 active), Execution time: mean = 0.80ms, total = 1.60ms, Queueing time: mean = 0.00ms, max = -0.00ms, min = 9223372036854.78ms, total = 0.00ms
	ray::rpc::InternalPubSubGcsService.grpc_client.GcsSubscriberCommandBatch.OnReplyReceived - 2 total (0 active), Execution time: mean = 0.15ms, total = 0.29ms, Queueing time: mean = 0.02ms, max = 0.04ms, min = 0.01ms, total = 0.05ms
	ray::rpc::ActorInfoGcsService.grpc_client.GetActorInfo - 1 total (0 active), Execution time: mean = 0.84ms, total = 0.84ms, Queueing time: mean = 0.00ms, max = -0.00ms, min = 9223372036854.78ms, total = 0.00ms
	ray::rpc::ActorInfoGcsService.grpc_client.GetNamedActorInfo - 1 total (0 active), Execution time: mean = 1.06ms, total = 1.06ms, Queueing time: mean = 0.00ms, max = -0.00ms, min = 9223372036854.78ms, total = 0.00ms
	Publisher.CheckDeadSubscribers - 1 total (1 active), Execution time: mean = 0.00ms, total = 0.00ms, Queueing time: mean = 0.00ms, max = -0.00ms, min = 9223372036854.78ms, total = 0.00ms
	CoreWorkerService.grpc_client.PushTask - 1 total (0 active), Execution time: mean = 2.65ms, total = 2.65ms, Queueing time: mean = 0.00ms, max = -0.00ms, min = 9223372036854.78ms, total = 0.00ms
	ray::rpc::NodeInfoGcsService.grpc_client.GetAllNodeAddressAndLiveness.OnReplyReceived - 1 total (0 active), Execution time: mean = 0.05ms, total = 0.05ms, Queueing time: mean = 0.01ms, max = 0.01ms, min = 0.01ms, total = 0.01ms
	CoreWorkerService.grpc_client.PushTask.OnReplyReceived - 1 total (0 active), Execution time: mean = 0.08ms, total = 0.08ms, Queueing time: mean = 0.04ms, max = 0.04ms, min = 0.04ms, total = 0.04ms
	ray::rpc::InternalPubSubGcsService.grpc_client.GcsSubscriberPoll - 1 total (1 active), Execution time: mean = 0.00ms, total = 0.00ms, Queueing time: mean = 0.00ms, max = -0.00ms, min = 9223372036854.78ms, total = 0.00ms
	ray::rpc::ActorInfoGcsService.grpc_client.GetActorInfo.OnReplyReceived - 1 total (0 active), Execution time: mean = 1.71ms, total = 1.71ms, Queueing time: mean = 0.06ms, max = 0.06ms, min = 0.06ms, total = 0.06ms
	ReporterService.grpc_client.HealthCheck - 1 total (0 active), Execution time: mean = 1.52ms, total = 1.52ms, Queueing time: mean = 0.00ms, max = -0.00ms, min = 9223372036854.78ms, total = 0.00ms
	ray::rpc::NodeInfoGcsService.grpc_client.GetAllNodeAddressAndLiveness - 1 total (0 active), Execution time: mean = 0.77ms, total = 0.77ms, Queueing time: mean = 0.00ms, max = -0.00ms, min = 9223372036854.78ms, total = 0.00ms
	ReporterService.grpc_client.HealthCheck.OnReplyReceived - 1 total (0 active), Execution time: mean = 0.20ms, total = 0.20ms, Queueing time: mean = 0.05ms, max = 0.05ms, min = 0.05ms, total = 0.05ms
	ActorTaskSubmitter::SubmitTask - 1 total (0 active), Execution time: mean = 0.02ms, total = 0.02ms, Queueing time: mean = 0.02ms, max = 0.02ms, min = 0.02ms, total = 0.02ms
	ray::rpc::WorkerInfoGcsService.grpc_client.AddWorkerInfo - 1 total (0 active), Execution time: mean = 0.76ms, total = 0.76ms, Queueing time: mean = 0.00ms, max = -0.00ms, min = 9223372036854.78ms, total = 0.00ms
	ray::rpc::WorkerInfoGcsService.grpc_client.AddWorkerInfo.OnReplyReceived - 1 total (0 active), Execution time: mean = 0.03ms, total = 0.03ms, Queueing time: mean = 0.11ms, max = 0.11ms, min = 0.11ms, total = 0.11ms
	ray::rpc::ActorInfoGcsService.grpc_client.GetNamedActorInfo.OnReplyReceived - 1 total (0 active), Execution time: mean = 0.12ms, total = 0.12ms, Queueing time: mean = 0.06ms, max = 0.06ms, min = 0.06ms, total = 0.06ms

-----------------
Task execution event stats:

Global stats: 10517 total (1 active)
Queueing time: mean = 7.12ms, max = 24396.40ms, min = -0.32ms, total = 74875.14ms
Execution time:  mean = 7.09ms, total = 74518.87ms
Event stats:
	CoreWorker.CheckSignal - 10503 total (1 active), Execution time: mean = 0.02ms, total = 159.89ms, Queueing time: mean = 6.44ms, max = 24396.40ms, min = -0.32ms, total = 67619.67ms
	CoreWorker.HandlePushTaskActor - 9 total (0 active), Execution time: mean = 5366.22ms, total = 48295.97ms, Queueing time: mean = 0.04ms, max = 0.06ms, min = 0.02ms, total = 0.38ms
	CoreWorker.ArgWaitComplete - 3 total (0 active), Execution time: mean = 6269.34ms, total = 18808.03ms, Queueing time: mean = 0.02ms, max = 0.03ms, min = 0.02ms, total = 0.07ms
	CoreWorker.HandlePushTask - 1 total (0 active), Execution time: mean = 7254.95ms, total = 7254.95ms, Queueing time: mean = 0.05ms, max = 0.05ms, min = 0.05ms, total = 0.05ms
	PeriodicalRunner.RunFnPeriodically - 1 total (0 active), Execution time: mean = 0.02ms, total = 0.02ms, Queueing time: mean = 7254.97ms, max = 7254.97ms, min = 7254.97ms, total = 7254.97ms

-----------------
Task Event stats:

IO Service Stats:

Global stats: 541 total (1 active)
Queueing time: mean = 0.03ms, max = 0.19ms, min = 0.01ms, total = 16.26ms
Execution time:  mean = 0.36ms, total = 192.90ms
Event stats:
	CoreWorker.deadline_timer.flush_task_events - 180 total (1 active), Execution time: mean = 0.23ms, total = 42.09ms, Queueing time: mean = 0.05ms, max = 0.19ms, min = 0.02ms, total = 9.48ms
	ray::rpc::TaskInfoGcsService.grpc_client.AddTaskEventData.OnReplyReceived - 180 total (0 active), Execution time: mean = 0.04ms, total = 6.75ms, Queueing time: mean = 0.04ms, max = 0.08ms, min = 0.01ms, total = 6.77ms
	ray::rpc::TaskInfoGcsService.grpc_client.AddTaskEventData - 180 total (0 active), Execution time: mean = 0.80ms, total = 143.73ms, Queueing time: mean = 0.00ms, max = -0.00ms, min = 9223372036854.78ms, total = 0.00ms
	PeriodicalRunner.RunFnPeriodically - 1 total (0 active), Execution time: mean = 0.33ms, total = 0.33ms, Queueing time: mean = 0.01ms, max = 0.01ms, min = 0.01ms, total = 0.01ms
Other Stats:
	gcs_grpc_in_progress:0
	event_aggregator_grpc_in_progress:0
	current number of task status events in buffer: 0
	current number of profile events in buffer: 0
	current number of dropped task attempts tracked: 0
	total task events sent: 0.00575352 MiB
	total number of task attempts sent: 22
	total number of task attempts dropped reported: 0
	total number of sent failure: 0
	num status task events dropped: 0
	num profile task events dropped: 0
	num ray task events reported to aggregator: 0
	num ray task events failed to report to aggregator: 0
	num of task attempts dropped reported to aggregator: 0
	num of failed requests to aggregator: 0

[2026-02-15 11:28:53,237 I 4018523 4018570] core_worker.cc:455: Event stats:


Global stats: 3531 total (8 active)
Queueing time: mean = 0.05ms, max = 1.58ms, min = 0.00ms, total = 170.42ms
Execution time:  mean = 24.07ms, total = 84973.73ms
Event stats:
	CoreWorker.RecoverObjects - 2399 total (1 active), Execution time: mean = 0.01ms, total = 22.65ms, Queueing time: mean = 0.05ms, max = 0.17ms, min = 0.00ms, total = 128.16ms
	NodeManagerService.grpc_client.ReportWorkerBacklog.OnReplyReceived - 240 total (0 active), Execution time: mean = 0.03ms, total = 6.69ms, Queueing time: mean = 0.04ms, max = 0.09ms, min = 0.01ms, total = 9.15ms
	CoreWorker.ExitIfParentRayletDies - 240 total (1 active), Execution time: mean = 0.01ms, total = 2.87ms, Queueing time: mean = 0.05ms, max = 0.11ms, min = 0.01ms, total = 12.01ms
	CoreWorker.InternalHeartbeat - 240 total (1 active), Execution time: mean = 0.20ms, total = 47.85ms, Queueing time: mean = 0.05ms, max = 1.58ms, min = 0.01ms, total = 12.51ms
	NodeManagerService.grpc_client.ReportWorkerBacklog - 240 total (0 active), Execution time: mean = 0.78ms, total = 187.76ms, Queueing time: mean = 0.00ms, max = -0.00ms, min = 9223372036854.78ms, total = 0.00ms
	CoreWorker.RecordMetrics - 48 total (1 active), Execution time: mean = 0.17ms, total = 8.24ms, Queueing time: mean = 0.04ms, max = 0.09ms, min = 0.02ms, total = 1.96ms
	CoreWorker.TryDelPendingObjectRefStreams - 24 total (1 active), Execution time: mean = 0.01ms, total = 0.16ms, Queueing time: mean = 0.13ms, max = 0.80ms, min = 0.01ms, total = 3.23ms
	CoreWorkerService.grpc_server.GetCoreWorkerStats - 16 total (0 active), Execution time: mean = 0.40ms, total = 6.35ms, Queueing time: mean = 0.00ms, max = -0.00ms, min = 9223372036854.78ms, total = 0.00ms
	CoreWorkerService.grpc_server.GetCoreWorkerStats.HandleRequestImpl - 16 total (0 active), Execution time: mean = 0.12ms, total = 1.95ms, Queueing time: mean = 0.04ms, max = 0.08ms, min = 0.02ms, total = 0.71ms
	CoreWorkerService.grpc_server.PushTask.HandleRequestImpl - 11 total (0 active), Execution time: mean = 0.09ms, total = 0.97ms, Queueing time: mean = 0.03ms, max = 0.06ms, min = 0.01ms, total = 0.33ms
	CoreWorkerService.grpc_server.PushTask - 11 total (0 active), Execution time: mean = 7696.96ms, total = 84666.53ms, Queueing time: mean = 0.00ms, max = -0.00ms, min = 9223372036854.78ms, total = 0.00ms
	PeriodicalRunner.RunFnPeriodically - 7 total (0 active), Execution time: mean = 0.07ms, total = 0.49ms, Queueing time: mean = 0.21ms, max = 0.50ms, min = 0.03ms, total = 1.49ms
	NodeManagerService.grpc_client.PinObjectIDs.OnReplyReceived - 4 total (0 active), Execution time: mean = 0.08ms, total = 0.31ms, Queueing time: mean = 0.03ms, max = 0.03ms, min = 0.02ms, total = 0.11ms
	CoreWorkerService.grpc_server.ActorCallArgWaitComplete.HandleRequestImpl - 4 total (0 active), Execution time: mean = 0.08ms, total = 0.33ms, Queueing time: mean = 0.05ms, max = 0.06ms, min = 0.02ms, total = 0.20ms
	NodeManagerService.grpc_client.PinObjectIDs - 4 total (0 active), Execution time: mean = 1.07ms, total = 4.30ms, Queueing time: mean = 0.00ms, max = -0.00ms, min = 9223372036854.78ms, total = 0.00ms
	CoreWorker.PrintEventStats - 4 total (1 active, 1 running), Execution time: mean = 0.80ms, total = 3.19ms, Queueing time: mean = 0.04ms, max = 0.08ms, min = 0.02ms, total = 0.17ms
	CoreWorkerService.grpc_server.ActorCallArgWaitComplete - 4 total (0 active), Execution time: mean = 0.35ms, total = 1.40ms, Queueing time: mean = 0.00ms, max = -0.00ms, min = 9223372036854.78ms, total = 0.00ms
	ray::rpc::InternalPubSubGcsService.grpc_client.GcsSubscriberCommandBatch - 2 total (0 active), Execution time: mean = 0.80ms, total = 1.60ms, Queueing time: mean = 0.00ms, max = -0.00ms, min = 9223372036854.78ms, total = 0.00ms
	ray::rpc::InternalPubSubGcsService.grpc_client.GcsSubscriberCommandBatch.OnReplyReceived - 2 total (0 active), Execution time: mean = 0.15ms, total = 0.29ms, Queueing time: mean = 0.02ms, max = 0.04ms, min = 0.01ms, total = 0.05ms
	ray::rpc::ActorInfoGcsService.grpc_client.GetActorInfo - 1 total (0 active), Execution time: mean = 0.84ms, total = 0.84ms, Queueing time: mean = 0.00ms, max = -0.00ms, min = 9223372036854.78ms, total = 0.00ms
	ray::rpc::ActorInfoGcsService.grpc_client.GetNamedActorInfo - 1 total (0 active), Execution time: mean = 1.06ms, total = 1.06ms, Queueing time: mean = 0.00ms, max = -0.00ms, min = 9223372036854.78ms, total = 0.00ms
	Publisher.CheckDeadSubscribers - 1 total (1 active), Execution time: mean = 0.00ms, total = 0.00ms, Queueing time: mean = 0.00ms, max = -0.00ms, min = 9223372036854.78ms, total = 0.00ms
	CoreWorkerService.grpc_client.PushTask - 1 total (0 active), Execution time: mean = 2.65ms, total = 2.65ms, Queueing time: mean = 0.00ms, max = -0.00ms, min = 9223372036854.78ms, total = 0.00ms
	ray::rpc::NodeInfoGcsService.grpc_client.GetAllNodeAddressAndLiveness.OnReplyReceived - 1 total (0 active), Execution time: mean = 0.05ms, total = 0.05ms, Queueing time: mean = 0.01ms, max = 0.01ms, min = 0.01ms, total = 0.01ms
	CoreWorkerService.grpc_client.PushTask.OnReplyReceived - 1 total (0 active), Execution time: mean = 0.08ms, total = 0.08ms, Queueing time: mean = 0.04ms, max = 0.04ms, min = 0.04ms, total = 0.04ms
	ray::rpc::InternalPubSubGcsService.grpc_client.GcsSubscriberPoll - 1 total (1 active), Execution time: mean = 0.00ms, total = 0.00ms, Queueing time: mean = 0.00ms, max = -0.00ms, min = 9223372036854.78ms, total = 0.00ms
	ray::rpc::ActorInfoGcsService.grpc_client.GetActorInfo.OnReplyReceived - 1 total (0 active), Execution time: mean = 1.71ms, total = 1.71ms, Queueing time: mean = 0.06ms, max = 0.06ms, min = 0.06ms, total = 0.06ms
	ReporterService.grpc_client.HealthCheck - 1 total (0 active), Execution time: mean = 1.52ms, total = 1.52ms, Queueing time: mean = 0.00ms, max = -0.00ms, min = 9223372036854.78ms, total = 0.00ms
	ray::rpc::NodeInfoGcsService.grpc_client.GetAllNodeAddressAndLiveness - 1 total (0 active), Execution time: mean = 0.77ms, total = 0.77ms, Queueing time: mean = 0.00ms, max = -0.00ms, min = 9223372036854.78ms, total = 0.00ms
	ReporterService.grpc_client.HealthCheck.OnReplyReceived - 1 total (0 active), Execution time: mean = 0.20ms, total = 0.20ms, Queueing time: mean = 0.05ms, max = 0.05ms, min = 0.05ms, total = 0.05ms
	ActorTaskSubmitter::SubmitTask - 1 total (0 active), Execution time: mean = 0.02ms, total = 0.02ms, Queueing time: mean = 0.02ms, max = 0.02ms, min = 0.02ms, total = 0.02ms
	ray::rpc::WorkerInfoGcsService.grpc_client.AddWorkerInfo - 1 total (0 active), Execution time: mean = 0.76ms, total = 0.76ms, Queueing time: mean = 0.00ms, max = -0.00ms, min = 9223372036854.78ms, total = 0.00ms
	ray::rpc::WorkerInfoGcsService.grpc_client.AddWorkerInfo.OnReplyReceived - 1 total (0 active), Execution time: mean = 0.03ms, total = 0.03ms, Queueing time: mean = 0.11ms, max = 0.11ms, min = 0.11ms, total = 0.11ms
	ray::rpc::ActorInfoGcsService.grpc_client.GetNamedActorInfo.OnReplyReceived - 1 total (0 active), Execution time: mean = 0.12ms, total = 0.12ms, Queueing time: mean = 0.06ms, max = 0.06ms, min = 0.06ms, total = 0.06ms

-----------------
Task execution event stats:

Global stats: 15460 total (1 active)
Queueing time: mean = 5.53ms, max = 24396.40ms, min = -0.32ms, total = 85421.31ms
Execution time:  mean = 5.49ms, total = 84893.64ms
Event stats:
	CoreWorker.CheckSignal - 15444 total (1 active), Execution time: mean = 0.02ms, total = 234.26ms, Queueing time: mean = 5.06ms, max = 24396.40ms, min = -0.32ms, total = 78165.80ms
	CoreWorker.HandlePushTaskActor - 10 total (0 active), Execution time: mean = 4829.61ms, total = 48296.13ms, Queueing time: mean = 0.04ms, max = 0.06ms, min = 0.02ms, total = 0.40ms
	CoreWorker.ArgWaitComplete - 4 total (0 active), Execution time: mean = 7277.07ms, total = 29108.27ms, Queueing time: mean = 0.02ms, max = 0.03ms, min = 0.02ms, total = 0.09ms
	CoreWorker.HandlePushTask - 1 total (0 active), Execution time: mean = 7254.95ms, total = 7254.95ms, Queueing time: mean = 0.05ms, max = 0.05ms, min = 0.05ms, total = 0.05ms
	PeriodicalRunner.RunFnPeriodically - 1 total (0 active), Execution time: mean = 0.02ms, total = 0.02ms, Queueing time: mean = 7254.97ms, max = 7254.97ms, min = 7254.97ms, total = 7254.97ms

-----------------
Task Event stats:

IO Service Stats:

Global stats: 721 total (1 active)
Queueing time: mean = 0.03ms, max = 0.19ms, min = 0.01ms, total = 21.65ms
Execution time:  mean = 0.35ms, total = 253.72ms
Event stats:
	CoreWorker.deadline_timer.flush_task_events - 240 total (1 active), Execution time: mean = 0.23ms, total = 55.35ms, Queueing time: mean = 0.05ms, max = 0.19ms, min = 0.02ms, total = 12.36ms
	ray::rpc::TaskInfoGcsService.grpc_client.AddTaskEventData.OnReplyReceived - 240 total (0 active), Execution time: mean = 0.04ms, total = 8.94ms, Queueing time: mean = 0.04ms, max = 0.08ms, min = 0.01ms, total = 9.27ms
	ray::rpc::TaskInfoGcsService.grpc_client.AddTaskEventData - 240 total (0 active), Execution time: mean = 0.79ms, total = 189.10ms, Queueing time: mean = 0.00ms, max = -0.00ms, min = 9223372036854.78ms, total = 0.00ms
	PeriodicalRunner.RunFnPeriodically - 1 total (0 active), Execution time: mean = 0.33ms, total = 0.33ms, Queueing time: mean = 0.01ms, max = 0.01ms, min = 0.01ms, total = 0.01ms
Other Stats:
	gcs_grpc_in_progress:0
	event_aggregator_grpc_in_progress:0
	current number of task status events in buffer: 0
	current number of profile events in buffer: 0
	current number of dropped task attempts tracked: 0
	total task events sent: 0.00627518 MiB
	total number of task attempts sent: 24
	total number of task attempts dropped reported: 0
	total number of sent failure: 0
	num status task events dropped: 0
	num profile task events dropped: 0
	num ray task events reported to aggregator: 0
	num ray task events failed to report to aggregator: 0
	num of task attempts dropped reported to aggregator: 0
	num of failed requests to aggregator: 0

[2026-02-15 11:29:53,238 I 4018523 4018570] core_worker.cc:455: Event stats:


Global stats: 4405 total (8 active)
Queueing time: mean = 0.05ms, max = 1.58ms, min = 0.00ms, total = 211.98ms
Execution time:  mean = 21.90ms, total = 96467.43ms
Event stats:
	CoreWorker.RecoverObjects - 2999 total (1 active), Execution time: mean = 0.01ms, total = 27.92ms, Queueing time: mean = 0.05ms, max = 0.17ms, min = 0.00ms, total = 159.93ms
	NodeManagerService.grpc_client.ReportWorkerBacklog.OnReplyReceived - 300 total (0 active), Execution time: mean = 0.03ms, total = 8.29ms, Queueing time: mean = 0.04ms, max = 0.09ms, min = 0.01ms, total = 11.29ms
	CoreWorker.ExitIfParentRayletDies - 300 total (1 active), Execution time: mean = 0.01ms, total = 3.54ms, Queueing time: mean = 0.05ms, max = 0.11ms, min = 0.01ms, total = 15.02ms
	CoreWorker.InternalHeartbeat - 300 total (1 active), Execution time: mean = 0.20ms, total = 59.50ms, Queueing time: mean = 0.05ms, max = 1.58ms, min = 0.01ms, total = 14.92ms
	NodeManagerService.grpc_client.ReportWorkerBacklog - 300 total (0 active), Execution time: mean = 0.77ms, total = 231.09ms, Queueing time: mean = 0.00ms, max = -0.00ms, min = 9223372036854.78ms, total = 0.00ms
	CoreWorker.RecordMetrics - 60 total (1 active), Execution time: mean = 0.16ms, total = 9.46ms, Queueing time: mean = 0.04ms, max = 0.09ms, min = 0.02ms, total = 2.50ms
	CoreWorker.TryDelPendingObjectRefStreams - 30 total (1 active), Execution time: mean = 0.01ms, total = 0.21ms, Queueing time: mean = 0.15ms, max = 0.93ms, min = 0.01ms, total = 4.49ms
	CoreWorkerService.grpc_server.GetCoreWorkerStats - 20 total (0 active), Execution time: mean = 0.39ms, total = 7.76ms, Queueing time: mean = 0.00ms, max = -0.00ms, min = 9223372036854.78ms, total = 0.00ms
	CoreWorkerService.grpc_server.GetCoreWorkerStats.HandleRequestImpl - 20 total (0 active), Execution time: mean = 0.12ms, total = 2.48ms, Queueing time: mean = 0.05ms, max = 0.08ms, min = 0.02ms, total = 0.90ms
	CoreWorkerService.grpc_server.PushTask.HandleRequestImpl - 12 total (0 active), Execution time: mean = 0.09ms, total = 1.05ms, Queueing time: mean = 0.03ms, max = 0.06ms, min = 0.01ms, total = 0.39ms
	CoreWorkerService.grpc_server.PushTask - 12 total (0 active), Execution time: mean = 8007.63ms, total = 96091.61ms, Queueing time: mean = 0.00ms, max = -0.00ms, min = 9223372036854.78ms, total = 0.00ms
	PeriodicalRunner.RunFnPeriodically - 7 total (0 active), Execution time: mean = 0.07ms, total = 0.49ms, Queueing time: mean = 0.21ms, max = 0.50ms, min = 0.03ms, total = 1.49ms
	NodeManagerService.grpc_client.PinObjectIDs.OnReplyReceived - 5 total (0 active), Execution time: mean = 0.08ms, total = 0.38ms, Queueing time: mean = 0.03ms, max = 0.05ms, min = 0.02ms, total = 0.16ms
	CoreWorkerService.grpc_server.ActorCallArgWaitComplete.HandleRequestImpl - 5 total (0 active), Execution time: mean = 0.08ms, total = 0.38ms, Queueing time: mean = 0.04ms, max = 0.06ms, min = 0.02ms, total = 0.22ms
	NodeManagerService.grpc_client.PinObjectIDs - 5 total (0 active), Execution time: mean = 1.10ms, total = 5.52ms, Queueing time: mean = 0.00ms, max = -0.00ms, min = 9223372036854.78ms, total = 0.00ms
	CoreWorker.PrintEventStats - 5 total (1 active, 1 running), Execution time: mean = 0.87ms, total = 4.33ms, Queueing time: mean = 0.05ms, max = 0.08ms, min = 0.02ms, total = 0.25ms
	CoreWorkerService.grpc_server.ActorCallArgWaitComplete - 5 total (0 active), Execution time: mean = 0.35ms, total = 1.73ms, Queueing time: mean = 0.00ms, max = -0.00ms, min = 9223372036854.78ms, total = 0.00ms
	Publisher.CheckDeadSubscribers - 2 total (1 active), Execution time: mean = 0.00ms, total = 0.01ms, Queueing time: mean = 0.01ms, max = 0.02ms, min = 0.02ms, total = 0.02ms
	ray::rpc::InternalPubSubGcsService.grpc_client.GcsSubscriberCommandBatch - 2 total (0 active), Execution time: mean = 0.80ms, total = 1.60ms, Queueing time: mean = 0.00ms, max = -0.00ms, min = 9223372036854.78ms, total = 0.00ms
	ray::rpc::InternalPubSubGcsService.grpc_client.GcsSubscriberCommandBatch.OnReplyReceived - 2 total (0 active), Execution time: mean = 0.15ms, total = 0.29ms, Queueing time: mean = 0.02ms, max = 0.04ms, min = 0.01ms, total = 0.05ms
	ray::rpc::ActorInfoGcsService.grpc_client.GetActorInfo - 1 total (0 active), Execution time: mean = 0.84ms, total = 0.84ms, Queueing time: mean = 0.00ms, max = -0.00ms, min = 9223372036854.78ms, total = 0.00ms
	ray::rpc::ActorInfoGcsService.grpc_client.GetNamedActorInfo - 1 total (0 active), Execution time: mean = 1.06ms, total = 1.06ms, Queueing time: mean = 0.00ms, max = -0.00ms, min = 9223372036854.78ms, total = 0.00ms
	CoreWorkerService.grpc_client.PushTask - 1 total (0 active), Execution time: mean = 2.65ms, total = 2.65ms, Queueing time: mean = 0.00ms, max = -0.00ms, min = 9223372036854.78ms, total = 0.00ms
	ray::rpc::NodeInfoGcsService.grpc_client.GetAllNodeAddressAndLiveness.OnReplyReceived - 1 total (0 active), Execution time: mean = 0.05ms, total = 0.05ms, Queueing time: mean = 0.01ms, max = 0.01ms, min = 0.01ms, total = 0.01ms
	CoreWorkerService.grpc_client.PushTask.OnReplyReceived - 1 total (0 active), Execution time: mean = 0.08ms, total = 0.08ms, Queueing time: mean = 0.04ms, max = 0.04ms, min = 0.04ms, total = 0.04ms
	ray::rpc::InternalPubSubGcsService.grpc_client.GcsSubscriberPoll - 1 total (1 active), Execution time: mean = 0.00ms, total = 0.00ms, Queueing time: mean = 0.00ms, max = -0.00ms, min = 9223372036854.78ms, total = 0.00ms
	ray::rpc::ActorInfoGcsService.grpc_client.GetActorInfo.OnReplyReceived - 1 total (0 active), Execution time: mean = 1.71ms, total = 1.71ms, Queueing time: mean = 0.06ms, max = 0.06ms, min = 0.06ms, total = 0.06ms
	ReporterService.grpc_client.HealthCheck - 1 total (0 active), Execution time: mean = 1.52ms, total = 1.52ms, Queueing time: mean = 0.00ms, max = -0.00ms, min = 9223372036854.78ms, total = 0.00ms
	ray::rpc::NodeInfoGcsService.grpc_client.GetAllNodeAddressAndLiveness - 1 total (0 active), Execution time: mean = 0.77ms, total = 0.77ms, Queueing time: mean = 0.00ms, max = -0.00ms, min = 9223372036854.78ms, total = 0.00ms
	ReporterService.grpc_client.HealthCheck.OnReplyReceived - 1 total (0 active), Execution time: mean = 0.20ms, total = 0.20ms, Queueing time: mean = 0.05ms, max = 0.05ms, min = 0.05ms, total = 0.05ms
	ActorTaskSubmitter::SubmitTask - 1 total (0 active), Execution time: mean = 0.02ms, total = 0.02ms, Queueing time: mean = 0.02ms, max = 0.02ms, min = 0.02ms, total = 0.02ms
	ray::rpc::WorkerInfoGcsService.grpc_client.AddWorkerInfo - 1 total (0 active), Execution time: mean = 0.76ms, total = 0.76ms, Queueing time: mean = 0.00ms, max = -0.00ms, min = 9223372036854.78ms, total = 0.00ms
	ray::rpc::WorkerInfoGcsService.grpc_client.AddWorkerInfo.OnReplyReceived - 1 total (0 active), Execution time: mean = 0.03ms, total = 0.03ms, Queueing time: mean = 0.11ms, max = 0.11ms, min = 0.11ms, total = 0.11ms
	ray::rpc::ActorInfoGcsService.grpc_client.GetNamedActorInfo.OnReplyReceived - 1 total (0 active), Execution time: mean = 0.12ms, total = 0.12ms, Queueing time: mean = 0.06ms, max = 0.06ms, min = 0.06ms, total = 0.06ms

-----------------
Task execution event stats:

Global stats: 20293 total (1 active)
Queueing time: mean = 4.78ms, max = 24396.40ms, min = -0.32ms, total = 97065.59ms
Execution time:  mean = 4.75ms, total = 96392.60ms
Event stats:
	CoreWorker.CheckSignal - 20275 total (1 active), Execution time: mean = 0.02ms, total = 309.10ms, Queueing time: mean = 4.43ms, max = 24396.40ms, min = -0.32ms, total = 89810.02ms
	CoreWorker.HandlePushTaskActor - 11 total (0 active), Execution time: mean = 4390.57ms, total = 48296.32ms, Queueing time: mean = 0.04ms, max = 0.06ms, min = 0.02ms, total = 0.43ms
	CoreWorker.ArgWaitComplete - 5 total (0 active), Execution time: mean = 8106.44ms, total = 40532.22ms, Queueing time: mean = 0.03ms, max = 0.03ms, min = 0.02ms, total = 0.13ms
	CoreWorker.HandlePushTask - 1 total (0 active), Execution time: mean = 7254.95ms, total = 7254.95ms, Queueing time: mean = 0.05ms, max = 0.05ms, min = 0.05ms, total = 0.05ms
	PeriodicalRunner.RunFnPeriodically - 1 total (0 active), Execution time: mean = 0.02ms, total = 0.02ms, Queueing time: mean = 7254.97ms, max = 7254.97ms, min = 7254.97ms, total = 7254.97ms

-----------------
Task Event stats:

IO Service Stats:

Global stats: 901 total (1 active)
Queueing time: mean = 0.03ms, max = 0.19ms, min = 0.01ms, total = 26.77ms
Execution time:  mean = 0.35ms, total = 312.59ms
Event stats:
	CoreWorker.deadline_timer.flush_task_events - 300 total (1 active), Execution time: mean = 0.23ms, total = 68.53ms, Queueing time: mean = 0.05ms, max = 0.19ms, min = 0.02ms, total = 15.20ms
	ray::rpc::TaskInfoGcsService.grpc_client.AddTaskEventData.OnReplyReceived - 300 total (0 active), Execution time: mean = 0.04ms, total = 11.11ms, Queueing time: mean = 0.04ms, max = 0.08ms, min = 0.01ms, total = 11.55ms
	ray::rpc::TaskInfoGcsService.grpc_client.AddTaskEventData - 300 total (0 active), Execution time: mean = 0.78ms, total = 232.62ms, Queueing time: mean = 0.00ms, max = -0.00ms, min = 9223372036854.78ms, total = 0.00ms
	PeriodicalRunner.RunFnPeriodically - 1 total (0 active), Execution time: mean = 0.33ms, total = 0.33ms, Queueing time: mean = 0.01ms, max = 0.01ms, min = 0.01ms, total = 0.01ms
Other Stats:
	gcs_grpc_in_progress:0
	event_aggregator_grpc_in_progress:0
	current number of task status events in buffer: 0
	current number of profile events in buffer: 0
	current number of dropped task attempts tracked: 0
	total task events sent: 0.00679684 MiB
	total number of task attempts sent: 26
	total number of task attempts dropped reported: 0
	total number of sent failure: 0
	num status task events dropped: 0
	num profile task events dropped: 0
	num ray task events reported to aggregator: 0
	num ray task events failed to report to aggregator: 0
	num of task attempts dropped reported to aggregator: 0
	num of failed requests to aggregator: 0

[2026-02-15 11:30:53,239 I 4018523 4018570] core_worker.cc:455: Event stats:


Global stats: 5271 total (8 active)
Queueing time: mean = 0.05ms, max = 1.58ms, min = 0.00ms, total = 253.61ms
Execution time:  mean = 18.31ms, total = 96533.02ms
Event stats:
	CoreWorker.RecoverObjects - 3598 total (1 active), Execution time: mean = 0.01ms, total = 33.32ms, Queueing time: mean = 0.05ms, max = 0.17ms, min = 0.00ms, total = 191.32ms
	NodeManagerService.grpc_client.ReportWorkerBacklog.OnReplyReceived - 360 total (0 active), Execution time: mean = 0.03ms, total = 9.94ms, Queueing time: mean = 0.04ms, max = 0.09ms, min = 0.01ms, total = 13.99ms
	CoreWorker.ExitIfParentRayletDies - 360 total (1 active), Execution time: mean = 0.01ms, total = 4.21ms, Queueing time: mean = 0.05ms, max = 0.11ms, min = 0.01ms, total = 18.00ms
	CoreWorker.InternalHeartbeat - 360 total (1 active), Execution time: mean = 0.20ms, total = 71.32ms, Queueing time: mean = 0.05ms, max = 1.58ms, min = 0.01ms, total = 17.63ms
	NodeManagerService.grpc_client.ReportWorkerBacklog - 360 total (0 active), Execution time: mean = 0.76ms, total = 273.18ms, Queueing time: mean = 0.00ms, max = -0.00ms, min = 9223372036854.78ms, total = 0.00ms
	CoreWorker.RecordMetrics - 72 total (1 active), Execution time: mean = 0.15ms, total = 10.46ms, Queueing time: mean = 0.04ms, max = 0.09ms, min = 0.02ms, total = 3.16ms
	CoreWorker.TryDelPendingObjectRefStreams - 36 total (1 active), Execution time: mean = 0.01ms, total = 0.24ms, Queueing time: mean = 0.15ms, max = 0.93ms, min = 0.01ms, total = 5.42ms
	CoreWorkerService.grpc_server.GetCoreWorkerStats - 24 total (0 active), Execution time: mean = 0.39ms, total = 9.26ms, Queueing time: mean = 0.00ms, max = -0.00ms, min = 9223372036854.78ms, total = 0.00ms
	CoreWorkerService.grpc_server.GetCoreWorkerStats.HandleRequestImpl - 24 total (0 active), Execution time: mean = 0.12ms, total = 2.87ms, Queueing time: mean = 0.05ms, max = 0.08ms, min = 0.02ms, total = 1.10ms
	CoreWorkerService.grpc_server.PushTask.HandleRequestImpl - 12 total (0 active), Execution time: mean = 0.09ms, total = 1.05ms, Queueing time: mean = 0.03ms, max = 0.06ms, min = 0.01ms, total = 0.39ms
	CoreWorkerService.grpc_server.PushTask - 12 total (0 active), Execution time: mean = 8007.63ms, total = 96091.61ms, Queueing time: mean = 0.00ms, max = -0.00ms, min = 9223372036854.78ms, total = 0.00ms
	PeriodicalRunner.RunFnPeriodically - 7 total (0 active), Execution time: mean = 0.07ms, total = 0.49ms, Queueing time: mean = 0.21ms, max = 0.50ms, min = 0.03ms, total = 1.49ms
	CoreWorker.PrintEventStats - 6 total (1 active, 1 running), Execution time: mean = 0.90ms, total = 5.37ms, Queueing time: mean = 0.05ms, max = 0.08ms, min = 0.02ms, total = 0.31ms
	NodeManagerService.grpc_client.PinObjectIDs.OnReplyReceived - 5 total (0 active), Execution time: mean = 0.08ms, total = 0.38ms, Queueing time: mean = 0.03ms, max = 0.05ms, min = 0.02ms, total = 0.16ms
	CoreWorkerService.grpc_server.ActorCallArgWaitComplete.HandleRequestImpl - 5 total (0 active), Execution time: mean = 0.08ms, total = 0.38ms, Queueing time: mean = 0.04ms, max = 0.06ms, min = 0.02ms, total = 0.22ms
	NodeManagerService.grpc_client.PinObjectIDs - 5 total (0 active), Execution time: mean = 1.10ms, total = 5.52ms, Queueing time: mean = 0.00ms, max = -0.00ms, min = 9223372036854.78ms, total = 0.00ms
	CoreWorkerService.grpc_server.ActorCallArgWaitComplete - 5 total (0 active), Execution time: mean = 0.35ms, total = 1.73ms, Queueing time: mean = 0.00ms, max = -0.00ms, min = 9223372036854.78ms, total = 0.00ms
	Publisher.CheckDeadSubscribers - 2 total (1 active), Execution time: mean = 0.00ms, total = 0.01ms, Queueing time: mean = 0.01ms, max = 0.02ms, min = 0.02ms, total = 0.02ms
	ray::rpc::InternalPubSubGcsService.grpc_client.GcsSubscriberCommandBatch - 2 total (0 active), Execution time: mean = 0.80ms, total = 1.60ms, Queueing time: mean = 0.00ms, max = -0.00ms, min = 9223372036854.78ms, total = 0.00ms
	ray::rpc::InternalPubSubGcsService.grpc_client.GcsSubscriberCommandBatch.OnReplyReceived - 2 total (0 active), Execution time: mean = 0.15ms, total = 0.29ms, Queueing time: mean = 0.02ms, max = 0.04ms, min = 0.01ms, total = 0.05ms
	ray::rpc::ActorInfoGcsService.grpc_client.GetActorInfo - 1 total (0 active), Execution time: mean = 0.84ms, total = 0.84ms, Queueing time: mean = 0.00ms, max = -0.00ms, min = 9223372036854.78ms, total = 0.00ms
	ray::rpc::ActorInfoGcsService.grpc_client.GetNamedActorInfo - 1 total (0 active), Execution time: mean = 1.06ms, total = 1.06ms, Queueing time: mean = 0.00ms, max = -0.00ms, min = 9223372036854.78ms, total = 0.00ms
	CoreWorkerService.grpc_client.PushTask - 1 total (0 active), Execution time: mean = 2.65ms, total = 2.65ms, Queueing time: mean = 0.00ms, max = -0.00ms, min = 9223372036854.78ms, total = 0.00ms
	ray::rpc::NodeInfoGcsService.grpc_client.GetAllNodeAddressAndLiveness.OnReplyReceived - 1 total (0 active), Execution time: mean = 0.05ms, total = 0.05ms, Queueing time: mean = 0.01ms, max = 0.01ms, min = 0.01ms, total = 0.01ms
	CoreWorkerService.grpc_client.PushTask.OnReplyReceived - 1 total (0 active), Execution time: mean = 0.08ms, total = 0.08ms, Queueing time: mean = 0.04ms, max = 0.04ms, min = 0.04ms, total = 0.04ms
	ray::rpc::InternalPubSubGcsService.grpc_client.GcsSubscriberPoll - 1 total (1 active), Execution time: mean = 0.00ms, total = 0.00ms, Queueing time: mean = 0.00ms, max = -0.00ms, min = 9223372036854.78ms, total = 0.00ms
	ray::rpc::ActorInfoGcsService.grpc_client.GetActorInfo.OnReplyReceived - 1 total (0 active), Execution time: mean = 1.71ms, total = 1.71ms, Queueing time: mean = 0.06ms, max = 0.06ms, min = 0.06ms, total = 0.06ms
	ReporterService.grpc_client.HealthCheck - 1 total (0 active), Execution time: mean = 1.52ms, total = 1.52ms, Queueing time: mean = 0.00ms, max = -0.00ms, min = 9223372036854.78ms, total = 0.00ms
	ray::rpc::NodeInfoGcsService.grpc_client.GetAllNodeAddressAndLiveness - 1 total (0 active), Execution time: mean = 0.77ms, total = 0.77ms, Queueing time: mean = 0.00ms, max = -0.00ms, min = 9223372036854.78ms, total = 0.00ms
	ReporterService.grpc_client.HealthCheck.OnReplyReceived - 1 total (0 active), Execution time: mean = 0.20ms, total = 0.20ms, Queueing time: mean = 0.05ms, max = 0.05ms, min = 0.05ms, total = 0.05ms
	ActorTaskSubmitter::SubmitTask - 1 total (0 active), Execution time: mean = 0.02ms, total = 0.02ms, Queueing time: mean = 0.02ms, max = 0.02ms, min = 0.02ms, total = 0.02ms
	ray::rpc::WorkerInfoGcsService.grpc_client.AddWorkerInfo - 1 total (0 active), Execution time: mean = 0.76ms, total = 0.76ms, Queueing time: mean = 0.00ms, max = -0.00ms, min = 9223372036854.78ms, total = 0.00ms
	ray::rpc::WorkerInfoGcsService.grpc_client.AddWorkerInfo.OnReplyReceived - 1 total (0 active), Execution time: mean = 0.03ms, total = 0.03ms, Queueing time: mean = 0.11ms, max = 0.11ms, min = 0.11ms, total = 0.11ms
	ray::rpc::ActorInfoGcsService.grpc_client.GetNamedActorInfo.OnReplyReceived - 1 total (0 active), Execution time: mean = 0.12ms, total = 0.12ms, Queueing time: mean = 0.06ms, max = 0.06ms, min = 0.06ms, total = 0.06ms

-----------------
Task execution event stats:

Global stats: 26258 total (1 active)
Queueing time: mean = 3.71ms, max = 24396.40ms, min = -0.32ms, total = 97361.64ms
Execution time:  mean = 3.67ms, total = 96480.39ms
Event stats:
	CoreWorker.CheckSignal - 26240 total (1 active), Execution time: mean = 0.02ms, total = 396.88ms, Queueing time: mean = 3.43ms, max = 24396.40ms, min = -0.32ms, total = 90106.07ms
	CoreWorker.HandlePushTaskActor - 11 total (0 active), Execution time: mean = 4390.57ms, total = 48296.32ms, Queueing time: mean = 0.04ms, max = 0.06ms, min = 0.02ms, total = 0.43ms
	CoreWorker.ArgWaitComplete - 5 total (0 active), Execution time: mean = 8106.44ms, total = 40532.22ms, Queueing time: mean = 0.03ms, max = 0.03ms, min = 0.02ms, total = 0.13ms
	CoreWorker.HandlePushTask - 1 total (0 active), Execution time: mean = 7254.95ms, total = 7254.95ms, Queueing time: mean = 0.05ms, max = 0.05ms, min = 0.05ms, total = 0.05ms
	PeriodicalRunner.RunFnPeriodically - 1 total (0 active), Execution time: mean = 0.02ms, total = 0.02ms, Queueing time: mean = 7254.97ms, max = 7254.97ms, min = 7254.97ms, total = 7254.97ms

-----------------
Task Event stats:

IO Service Stats:

Global stats: 1081 total (1 active)
Queueing time: mean = 0.03ms, max = 0.19ms, min = 0.01ms, total = 33.27ms
Execution time:  mean = 0.35ms, total = 377.69ms
Event stats:
	CoreWorker.deadline_timer.flush_task_events - 360 total (1 active), Execution time: mean = 0.23ms, total = 83.00ms, Queueing time: mean = 0.05ms, max = 0.19ms, min = 0.02ms, total = 18.92ms
	ray::rpc::TaskInfoGcsService.grpc_client.AddTaskEventData.OnReplyReceived - 360 total (0 active), Execution time: mean = 0.04ms, total = 13.52ms, Queueing time: mean = 0.04ms, max = 0.08ms, min = 0.01ms, total = 14.34ms
	ray::rpc::TaskInfoGcsService.grpc_client.AddTaskEventData - 360 total (0 active), Execution time: mean = 0.78ms, total = 280.83ms, Queueing time: mean = 0.00ms, max = -0.00ms, min = 9223372036854.78ms, total = 0.00ms
	PeriodicalRunner.RunFnPeriodically - 1 total (0 active), Execution time: mean = 0.33ms, total = 0.33ms, Queueing time: mean = 0.01ms, max = 0.01ms, min = 0.01ms, total = 0.01ms
Other Stats:
	gcs_grpc_in_progress:0
	event_aggregator_grpc_in_progress:0
	current number of task status events in buffer: 0
	current number of profile events in buffer: 0
	current number of dropped task attempts tracked: 0
	total task events sent: 0.00679684 MiB
	total number of task attempts sent: 26
	total number of task attempts dropped reported: 0
	total number of sent failure: 0
	num status task events dropped: 0
	num profile task events dropped: 0
	num ray task events reported to aggregator: 0
	num ray task events failed to report to aggregator: 0
	num of task attempts dropped reported to aggregator: 0
	num of failed requests to aggregator: 0

[2026-02-15 11:31:05,536 I 4018523 4018570] actor_manager.cc:236: received notification on actor, state: DEAD, ip address: 172.28.6.3, port: 32999, num_restarts: 0, death context type=ActorDiedErrorContext actor_id=f5cc18b2256412bccb44be6401000000 worker_id=97f6673c001566ed92bf7ad8cc45e7de7f33ed31cd7203d66624f06f node_id=c2bfde67e395a3752e8985a56c1ecdcdf8b24b49131776d920f97d6f
[2026-02-15 11:31:05,536 I 4018523 4018570] actor_task_submitter.cc:424: Failing pending tasks for actor because the actor is already dead. actor_id=f5cc18b2256412bccb44be6401000000
[2026-02-15 11:31:05,542 I 4018523 4018523] core_worker_shutdown_executor.cc:94: Executing worker exit: SYSTEM_ERROR - Worker exits unexpectedly by a signal. SystemExit is raised (sys.exit is called). Exit code: 1. The process receives a SIGTERM. (timeout: -1ms)
[2026-02-15 11:31:05,542 I 4018523 4018523] core_worker_shutdown_executor.cc:128: Wait for currently executing tasks in the underlying thread pools to finish.
[2026-02-15 11:31:05,542 W 4018523 4018523] core_worker_shutdown_executor.cc:138: Failed to notify Raylet. The raylet may have already shut down or the connection was lost.
[2026-02-15 11:31:05,542 I 4018523 4018523] core_worker_shutdown_executor.cc:170: Not draining reference counter since this is an actor worker.
[2026-02-15 11:31:05,576 I 4018523 4018523] core_worker_shutdown_executor.cc:217: Try killing all child processes of this worker as it exits. Child process pids: 
[2026-02-15 11:31:05,576 I 4018523 4018523] core_worker_shutdown_executor.cc:262: Sending disconnect message to the local raylet.
[2026-02-15 11:31:05,576 I 4018523 4018523] raylet_ipc_client.cc:135: RayletIpcClient::Disconnect, exit_type=SYSTEM_ERROR, exit_detail=Worker exits unexpectedly by a signal. SystemExit is raised (sys.exit is called). Exit code: 1. The process receives a SIGTERM., has creation_task_exception_pb_bytes=0
[2026-02-15 11:31:05,577 W 4018523 4018523] core_worker_shutdown_executor.cc:281: Failed to disconnect from the local raylet: IOError: Broken pipe
[2026-02-15 11:31:05,779 I 4018523 4018523] task_event_buffer.cc:491: Shutting down TaskEventBuffer.
[2026-02-15 11:31:05,779 I 4018523 4018590] task_event_buffer.cc:459: Task event buffer io service stopped.
[2026-02-15 11:31:05,779 I 4018523 4018523] core_worker_shutdown_executor.cc:54: Waiting for joining a core worker io thread. If it hangs here, there might be deadlock or a high load in the core worker io service.
[2026-02-15 11:31:05,779 I 4018523 4018570] core_worker_process.cc:195: Core worker main io service stopped.
[2026-02-15 11:31:05,783 I 4018523 4018523] core_worker_shutdown_executor.cc:72: Disconnecting a GCS client.
[2026-02-15 11:31:05,783 I 4018523 4018523] core_worker_shutdown_executor.cc:79: Core worker ready to be deallocated.
[2026-02-15 11:31:05,783 I 4018523 4018523] core_worker_process.cc:955: Task execution loop terminated. Removing the global worker.
[2026-02-15 11:31:05,783 I 4018523 4018523] core_worker.cc:539: Core worker is destructed
[2026-02-15 11:31:05,783 I 4018523 4018523] task_event_buffer.cc:491: Shutting down TaskEventBuffer.
[2026-02-15 11:31:05,787 I 4018523 4018523] core_worker_process.cc:851: Destructing CoreWorkerProcessImpl. pid: 4018523
[2026-02-15 11:31:05,790 W 4018523 4027972] open_telemetry_metric_recorder.cc:66: Failed to export metrics to the metrics agent. Result: 1
[2026-02-15 11:31:05,790 I 4018523 4018523] stats.h:149: Stats module has shutdown.
[2026-02-15 11:31:12,932 E 4018523 4018523] logging.cc:118: Unhandled exception: N3c105ErrorE. what(): Trying to free a pointer not allocated here
Exception raised from raw_delete at /pytorch/torch/csrc/cuda/CUDAPluggableAllocator.cpp:151 (most recent call first):
frame #0: c10::Error::Error(c10::SourceLocation, std::string) + 0x96 (0x7a77abb6c1b6 in /home/zkf/miniconda3/envs/TROJail-test/lib/python3.12/site-packages/torch/lib/libc10.so)
frame #1: c10::detail::torchCheckFail(char const*, char const*, unsigned int, char const*) + 0x68 (0x7a77abb15b3f in /home/zkf/miniconda3/envs/TROJail-test/lib/python3.12/site-packages/torch/lib/libc10.so)
frame #2: torch::cuda::CUDAPluggableAllocator::CUDAPluggableAllocator::raw_delete(void*) + 0x1a7 (0x7a775c463667 in /home/zkf/miniconda3/envs/TROJail-test/lib/python3.12/site-packages/torch/lib/libtorch_cuda.so)
frame #3: <unknown function> + 0x22b78 (0x7a77abf6bb78 in /home/zkf/miniconda3/envs/TROJail-test/lib/python3.12/site-packages/torch/lib/libc10_cuda.so)
frame #4: <unknown function> + 0x2320e (0x7a77abf6c20e in /home/zkf/miniconda3/envs/TROJail-test/lib/python3.12/site-packages/torch/lib/libc10_cuda.so)
frame #5: <unknown function> + 0x39afa (0x7a77abf82afa in /home/zkf/miniconda3/envs/TROJail-test/lib/python3.12/site-packages/torch/lib/libc10_cuda.so)
frame #6: c10::cuda::MemPool::~MemPool() + 0x1b9 (0x7a77abf6e329 in /home/zkf/miniconda3/envs/TROJail-test/lib/python3.12/site-packages/torch/lib/libc10_cuda.so)
frame #7: <unknown function> + 0xdffa90 (0x7a77a3bffa90 in /home/zkf/miniconda3/envs/TROJail-test/lib/python3.12/site-packages/torch/lib/libtorch_python.so)
frame #8: <unknown function> + 0x517c37 (0x7a77a3317c37 in /home/zkf/miniconda3/envs/TROJail-test/lib/python3.12/site-packages/torch/lib/libtorch_python.so)
frame #9: <unknown function> + 0x518881 (0x7a77a3318881 in /home/zkf/miniconda3/envs/TROJail-test/lib/python3.12/site-packages/torch/lib/libtorch_python.so)
frame #10: ray::WorkerDict() [0x570d05]
frame #11: ray::WorkerDict() [0x5154bc]
frame #12: ray::WorkerDict() [0x515cf3]
frame #13: ray::WorkerDict() [0x570f35]
frame #14: ray::WorkerDict() [0x515f73]
frame #15: ray::WorkerDict() [0x612427]
frame #16: ray::WorkerDict() [0x530869]
frame #17: ray::WorkerDict() [0x61a88c]
frame #18: Py_FinalizeEx + 0x181 (0x600061 in ray::WorkerDict)
frame #19: Py_Exit + 0x8 (0x61aac8 in ray::WorkerDict)
frame #20: ray::WorkerDict() [0x61827b]
frame #21: ray::WorkerDict() [0x617ed1]
frame #22: ray::WorkerDict() [0x4685e9]
frame #23: _PyRun_AnyFileObject + 0x43 (0x6118c3 in ray::WorkerDict)
frame #24: Py_RunMain + 0x3a7 (0x60e707 in ray::WorkerDict)
frame #25: Py_BytesMain + 0x39 (0x5c5bd9 in ray::WorkerDict)
frame #26: <unknown function> + 0x29d90 (0x7a8a64a29d90 in /lib/x86_64-linux-gnu/libc.so.6)
frame #27: __libc_start_main + 0x80 (0x7a8a64a29e40 in /lib/x86_64-linux-gnu/libc.so.6)
frame #28: ray::WorkerDict() [0x5c5a09]
 /home/zkf/miniconda3/envs/TROJail-test/lib/python3.12/site-packages/ray/_raylet.so(+0x16cacfa) [0x7a8a634cacfa] ray::operator<<()
/home/zkf/miniconda3/envs/TROJail-test/lib/python3.12/site-packages/ray/_raylet.so(+0x16cb7ac) [0x7a8a634cb7ac] ray::RayLog::operator<< <>()
/home/zkf/miniconda3/envs/TROJail-test/lib/python3.12/site-packages/ray/_raylet.so(+0x861967) [0x7a8a62661967] ray::TerminateHandler()
/home/zkf/miniconda3/envs/TROJail-test/bin/../lib/libstdc++.so.6(+0xc2519) [0x7a8a61ccd519] __cxxabiv1::__terminate()
/home/zkf/miniconda3/envs/TROJail-test/bin/../lib/libstdc++.so.6(__cxa_call_terminate+0x2e) [0x7a8a61cc704c] __cxa_call_terminate
/home/zkf/miniconda3/envs/TROJail-test/bin/../lib/libstdc++.so.6(__gxx_personality_v0+0x72) [0x7a8a61ccce55] __gxx_personality_v0
/home/zkf/miniconda3/envs/TROJail-test/bin/../lib/libgcc_s.so.1(+0x16194) [0x7a8a63cd1194] _Unwind_RaiseException_Phase2
/home/zkf/miniconda3/envs/TROJail-test/bin/../lib/libgcc_s.so.1(_Unwind_Resume+0x63) [0x7a8a63cd176a] _Unwind_Resume
/home/zkf/miniconda3/envs/TROJail-test/lib/python3.12/site-packages/torch/lib/libc10_cuda.so(+0x14524) [0x7a77abf5d524] c10::cuda::MemPool::~MemPool()
/home/zkf/miniconda3/envs/TROJail-test/lib/python3.12/site-packages/torch/lib/libtorch_python.so(+0xdffa90) [0x7a77a3bffa90] pybind11::class_<>::dealloc()
/home/zkf/miniconda3/envs/TROJail-test/lib/python3.12/site-packages/torch/lib/libtorch_python.so(+0x517c37) [0x7a77a3317c37] pybind11::detail::clear_instance()
/home/zkf/miniconda3/envs/TROJail-test/lib/python3.12/site-packages/torch/lib/libtorch_python.so(+0x518881) [0x7a77a3318881] pybind11_object_dealloc
ray::WorkerDict() [0x570d05] subtype_dealloc
ray::WorkerDict() [0x5154bc] tupledealloc
ray::WorkerDict() [0x515cf3] dict_dealloc
ray::WorkerDict() [0x570f35] subtype_dealloc
ray::WorkerDict() [0x515f73] free_keys_object
ray::WorkerDict() [0x612427] type_clear
ray::WorkerDict() [0x530869] gc_collect_main
ray::WorkerDict() [0x61a88c] _PyGC_CollectNoFail.isra.0
ray::WorkerDict(Py_FinalizeEx+0x181) [0x600061] Py_FinalizeEx
ray::WorkerDict(Py_Exit+0x8) [0x61aac8] Py_Exit
ray::WorkerDict() [0x61827b] handle_system_exit
ray::WorkerDict() [0x617ed1] _PyErr_PrintEx
ray::WorkerDict() [0x4685e9] _PyRun_SimpleFileObject.cold
ray::WorkerDict(_PyRun_AnyFileObject+0x43) [0x6118c3] _PyRun_AnyFileObject
ray::WorkerDict(Py_RunMain+0x3a7) [0x60e707] Py_RunMain
ray::WorkerDict(Py_BytesMain+0x39) [0x5c5bd9] Py_BytesMain
/lib/x86_64-linux-gnu/libc.so.6(+0x29d90) [0x7a8a64a29d90]
/lib/x86_64-linux-gnu/libc.so.6(__libc_start_main+0x80) [0x7a8a64a29e40] __libc_start_main
ray::WorkerDict() [0x5c5a09]

[2026-02-15 11:31:12,941 E 4018523 4018523] logging.cc:125: Stack trace: 
 /home/zkf/miniconda3/envs/TROJail-test/lib/python3.12/site-packages/ray/_raylet.so(+0x16cacfa) [0x7a8a634cacfa] ray::operator<<()
/home/zkf/miniconda3/envs/TROJail-test/lib/python3.12/site-packages/ray/_raylet.so(+0x16cb7ac) [0x7a8a634cb7ac] ray::RayLog::operator<< <>()
/home/zkf/miniconda3/envs/TROJail-test/lib/python3.12/site-packages/ray/_raylet.so(+0x16cdd68) [0x7a8a634cdd68] ray::TerminateHandler()
/home/zkf/miniconda3/envs/TROJail-test/bin/../lib/libstdc++.so.6(+0xc2519) [0x7a8a61ccd519] __cxxabiv1::__terminate()
/home/zkf/miniconda3/envs/TROJail-test/bin/../lib/libstdc++.so.6(__cxa_call_terminate+0x2e) [0x7a8a61cc704c] __cxa_call_terminate
/home/zkf/miniconda3/envs/TROJail-test/bin/../lib/libstdc++.so.6(__gxx_personality_v0+0x72) [0x7a8a61ccce55] __gxx_personality_v0
/home/zkf/miniconda3/envs/TROJail-test/bin/../lib/libgcc_s.so.1(+0x16194) [0x7a8a63cd1194] _Unwind_RaiseException_Phase2
/home/zkf/miniconda3/envs/TROJail-test/bin/../lib/libgcc_s.so.1(_Unwind_Resume+0x63) [0x7a8a63cd176a] _Unwind_Resume
/home/zkf/miniconda3/envs/TROJail-test/lib/python3.12/site-packages/torch/lib/libc10_cuda.so(+0x14524) [0x7a77abf5d524] c10::cuda::MemPool::~MemPool()
/home/zkf/miniconda3/envs/TROJail-test/lib/python3.12/site-packages/torch/lib/libtorch_python.so(+0xdffa90) [0x7a77a3bffa90] pybind11::class_<>::dealloc()
/home/zkf/miniconda3/envs/TROJail-test/lib/python3.12/site-packages/torch/lib/libtorch_python.so(+0x517c37) [0x7a77a3317c37] pybind11::detail::clear_instance()
/home/zkf/miniconda3/envs/TROJail-test/lib/python3.12/site-packages/torch/lib/libtorch_python.so(+0x518881) [0x7a77a3318881] pybind11_object_dealloc
ray::WorkerDict() [0x570d05] subtype_dealloc
ray::WorkerDict() [0x5154bc] tupledealloc
ray::WorkerDict() [0x515cf3] dict_dealloc
ray::WorkerDict() [0x570f35] subtype_dealloc
ray::WorkerDict() [0x515f73] free_keys_object
ray::WorkerDict() [0x612427] type_clear
ray::WorkerDict() [0x530869] gc_collect_main
ray::WorkerDict() [0x61a88c] _PyGC_CollectNoFail.isra.0
ray::WorkerDict(Py_FinalizeEx+0x181) [0x600061] Py_FinalizeEx
ray::WorkerDict(Py_Exit+0x8) [0x61aac8] Py_Exit
ray::WorkerDict() [0x61827b] handle_system_exit
ray::WorkerDict() [0x617ed1] _PyErr_PrintEx
ray::WorkerDict() [0x4685e9] _PyRun_SimpleFileObject.cold
ray::WorkerDict(_PyRun_AnyFileObject+0x43) [0x6118c3] _PyRun_AnyFileObject
ray::WorkerDict(Py_RunMain+0x3a7) [0x60e707] Py_RunMain
ray::WorkerDict(Py_BytesMain+0x39) [0x5c5bd9] Py_BytesMain
/lib/x86_64-linux-gnu/libc.so.6(+0x29d90) [0x7a8a64a29d90]
/lib/x86_64-linux-gnu/libc.so.6(__libc_start_main+0x80) [0x7a8a64a29e40] __libc_start_main
ray::WorkerDict() [0x5c5a09]

