[2026-02-15 11:24:32,421 I 4014903 4014903] core_worker_process.cc:777: Constructing CoreWorkerProcess. pid: 4014903
[2026-02-15 11:24:32,423 I 4014903 4014903] event.cc:499: Ray Event initialized for CORE_WORKER
[2026-02-15 11:24:32,423 I 4014903 4014903] event.cc:499: Ray Event initialized for EXPORT_TASK
[2026-02-15 11:24:32,423 I 4014903 4014903] event.cc:332: Set ray event level to warning
[2026-02-15 11:24:32,423 I 4014903 4014903] event_aggregator_client.h:50: Initiating the local event aggregator client with port: 63726
[2026-02-15 11:24:32,426 I 4014903 4014903] grpc_server.cc:143: worker server started, listening on port 33969.
[2026-02-15 11:24:32,436 I 4014903 4014903] core_worker_process.cc:262: Initializing worker at address: 172.28.6.3:33969 worker_id=827c2c43b8a409de10441a1a8da8aa8268d6142612d87aee773b4245 node_id=c2bfde67e395a3752e8985a56c1ecdcdf8b24b49131776d920f97d6f
[2026-02-15 11:24:32,437 I 4014903 4014903] task_event_buffer.cc:480: Reporting task events to GCS every 1000ms.
[2026-02-15 11:24:32,437 I 4014903 4014903] core_worker.cc:515: Adjusted worker niceness to 15
[2026-02-15 11:24:32,438 I 4014903 4014903] metrics_agent_client.cc:45: Initializing exporter ...
[2026-02-15 11:24:32,438 I 4014903 4017429] core_worker.cc:455: Event stats:


Global stats: 12 total (10 active)
Queueing time: mean = 0.00ms, max = 0.03ms, min = 0.01ms, total = 0.04ms
Execution time:  mean = 0.00ms, total = 0.03ms
Event stats:
	PeriodicalRunner.RunFnPeriodically - 7 total (5 active, 1 running), Execution time: mean = 0.00ms, total = 0.03ms, Queueing time: mean = 0.01ms, max = 0.03ms, min = 0.01ms, total = 0.04ms
	ray::rpc::WorkerInfoGcsService.grpc_client.AddWorkerInfo - 1 total (1 active), Execution time: mean = 0.00ms, total = 0.00ms, Queueing time: mean = 0.00ms, max = -0.00ms, min = 9223372036854.78ms, total = 0.00ms
	ray::rpc::InternalPubSubGcsService.grpc_client.GcsSubscriberCommandBatch - 1 total (1 active), Execution time: mean = 0.00ms, total = 0.00ms, Queueing time: mean = 0.00ms, max = -0.00ms, min = 9223372036854.78ms, total = 0.00ms
	ray::rpc::InternalPubSubGcsService.grpc_client.GcsSubscriberPoll - 1 total (1 active), Execution time: mean = 0.00ms, total = 0.00ms, Queueing time: mean = 0.00ms, max = -0.00ms, min = 9223372036854.78ms, total = 0.00ms
	CoreWorker.ExitIfParentRayletDies - 1 total (1 active), Execution time: mean = 0.00ms, total = 0.00ms, Queueing time: mean = 0.00ms, max = -0.00ms, min = 9223372036854.78ms, total = 0.00ms
	Publisher.CheckDeadSubscribers - 1 total (1 active), Execution time: mean = 0.00ms, total = 0.00ms, Queueing time: mean = 0.00ms, max = -0.00ms, min = 9223372036854.78ms, total = 0.00ms

-----------------
Task execution event stats:

Global stats: 0 total (0 active)
Queueing time: mean = -nanms, max = -0.00ms, min = 9223372036854.78ms, total = 0.00ms
Execution time:  mean = -nanms, total = 0.00ms
Event stats:

-----------------
Task Event stats:

IO Service Stats:

Global stats: 4 total (1 active)
Queueing time: mean = 0.00ms, max = 0.01ms, min = 0.01ms, total = 0.02ms
Execution time:  mean = 0.16ms, total = 0.63ms
Event stats:
	CoreWorker.deadline_timer.flush_task_events - 1 total (1 active), Execution time: mean = 0.00ms, total = 0.00ms, Queueing time: mean = 0.00ms, max = -0.00ms, min = 9223372036854.78ms, total = 0.00ms
	PeriodicalRunner.RunFnPeriodically - 1 total (0 active), Execution time: mean = 0.18ms, total = 0.18ms, Queueing time: mean = 0.01ms, max = 0.01ms, min = 0.01ms, total = 0.01ms
	ray::rpc::TaskInfoGcsService.grpc_client.AddTaskEventData - 1 total (0 active), Execution time: mean = 0.44ms, total = 0.44ms, Queueing time: mean = 0.00ms, max = -0.00ms, min = 9223372036854.78ms, total = 0.00ms
	ray::rpc::TaskInfoGcsService.grpc_client.AddTaskEventData.OnReplyReceived - 1 total (0 active), Execution time: mean = 0.01ms, total = 0.01ms, Queueing time: mean = 0.01ms, max = 0.01ms, min = 0.01ms, total = 0.01ms
Other Stats:
	gcs_grpc_in_progress:0
	event_aggregator_grpc_in_progress:0
	current number of task status events in buffer: 0
	current number of profile events in buffer: 0
	current number of dropped task attempts tracked: 0
	total task events sent: 0 MiB
	total number of task attempts sent: 0
	total number of task attempts dropped reported: 0
	total number of sent failure: 0
	num status task events dropped: 0
	num profile task events dropped: 0
	num ray task events reported to aggregator: 0
	num ray task events failed to report to aggregator: 0
	num of task attempts dropped reported to aggregator: 0
	num of failed requests to aggregator: 0

[2026-02-15 11:24:32,438 I 4014903 4017429] accessor.cc:433: Received address and liveness notification for node, IsAlive = 1 node_id=c2bfde67e395a3752e8985a56c1ecdcdf8b24b49131776d920f97d6f
[2026-02-15 11:24:32,438 I 4014903 4017429] normal_task_submitter.cc:840: Number of alive nodes:1
[2026-02-15 11:24:34,440 I 4014903 4017429] metrics_agent_client.cc:59: Exporter initialized.
[2026-02-15 11:25:32,438 I 4014903 4017429] core_worker.cc:455: Event stats:


Global stats: 890 total (8 active)
Queueing time: mean = 2.30ms, max = 1000.04ms, min = 0.01ms, total = 2047.65ms
Execution time:  mean = 0.09ms, total = 77.05ms
Event stats:
	CoreWorker.RecoverObjects - 600 total (1 active), Execution time: mean = 0.01ms, total = 6.14ms, Queueing time: mean = 0.06ms, max = 0.14ms, min = 0.02ms, total = 35.74ms
	NodeManagerService.grpc_client.ReportWorkerBacklog.OnReplyReceived - 60 total (0 active), Execution time: mean = 0.03ms, total = 1.59ms, Queueing time: mean = 0.04ms, max = 0.08ms, min = 0.01ms, total = 2.44ms
	CoreWorker.InternalHeartbeat - 60 total (1 active), Execution time: mean = 0.20ms, total = 11.81ms, Queueing time: mean = 0.05ms, max = 0.10ms, min = 0.01ms, total = 3.00ms
	NodeManagerService.grpc_client.ReportWorkerBacklog - 60 total (0 active), Execution time: mean = 0.82ms, total = 49.47ms, Queueing time: mean = 0.00ms, max = -0.00ms, min = 9223372036854.78ms, total = 0.00ms
	CoreWorker.ExitIfParentRayletDies - 60 total (1 active), Execution time: mean = 0.01ms, total = 0.71ms, Queueing time: mean = 0.05ms, max = 0.10ms, min = 0.02ms, total = 3.26ms
	CoreWorker.RecordMetrics - 12 total (1 active), Execution time: mean = 0.06ms, total = 0.69ms, Queueing time: mean = 0.03ms, max = 0.08ms, min = 0.02ms, total = 0.37ms
	PeriodicalRunner.RunFnPeriodically - 7 total (0 active), Execution time: mean = 0.07ms, total = 0.52ms, Queueing time: mean = 0.20ms, max = 0.50ms, min = 0.01ms, total = 1.43ms
	CoreWorker.TryDelPendingObjectRefStreams - 6 total (1 active), Execution time: mean = 0.01ms, total = 0.04ms, Queueing time: mean = 0.07ms, max = 0.09ms, min = 0.07ms, total = 0.41ms
	CoreWorkerService.grpc_server.GetCoreWorkerStats.HandleRequestImpl - 4 total (0 active), Execution time: mean = 0.13ms, total = 0.51ms, Queueing time: mean = 0.04ms, max = 0.06ms, min = 0.03ms, total = 0.16ms
	CoreWorkerService.grpc_server.GetCoreWorkerStats - 4 total (0 active), Execution time: mean = 0.38ms, total = 1.51ms, Queueing time: mean = 0.00ms, max = -0.00ms, min = 9223372036854.78ms, total = 0.00ms
	ReporterService.grpc_client.HealthCheck.OnReplyReceived - 3 total (0 active), Execution time: mean = 0.15ms, total = 0.44ms, Queueing time: mean = 0.03ms, max = 0.04ms, min = 0.02ms, total = 0.08ms
	ReporterService.grpc_client.HealthCheck - 3 total (0 active), Execution time: mean = 0.61ms, total = 1.84ms, Queueing time: mean = 0.00ms, max = -0.00ms, min = 9223372036854.78ms, total = 0.00ms
	MetricsAgentClient.WaitForServerReadyWithRetry - 2 total (0 active), Execution time: mean = 0.18ms, total = 0.36ms, Queueing time: mean = 1000.03ms, max = 1000.04ms, min = 1000.02ms, total = 2000.06ms
	Publisher.CheckDeadSubscribers - 1 total (1 active), Execution time: mean = 0.00ms, total = 0.00ms, Queueing time: mean = 0.00ms, max = -0.00ms, min = 9223372036854.78ms, total = 0.00ms
	ray::rpc::NodeInfoGcsService.grpc_client.GetAllNodeAddressAndLiveness.OnReplyReceived - 1 total (0 active), Execution time: mean = 0.06ms, total = 0.06ms, Queueing time: mean = 0.01ms, max = 0.01ms, min = 0.01ms, total = 0.01ms
	ray::rpc::InternalPubSubGcsService.grpc_client.GcsSubscriberCommandBatch - 1 total (0 active), Execution time: mean = 0.42ms, total = 0.42ms, Queueing time: mean = 0.00ms, max = -0.00ms, min = 9223372036854.78ms, total = 0.00ms
	ray::rpc::InternalPubSubGcsService.grpc_client.GcsSubscriberPoll - 1 total (1 active), Execution time: mean = 0.00ms, total = 0.00ms, Queueing time: mean = 0.00ms, max = -0.00ms, min = 9223372036854.78ms, total = 0.00ms
	ray::rpc::NodeInfoGcsService.grpc_client.GetAllNodeAddressAndLiveness - 1 total (0 active), Execution time: mean = 0.38ms, total = 0.38ms, Queueing time: mean = 0.00ms, max = -0.00ms, min = 9223372036854.78ms, total = 0.00ms
	CoreWorker.PrintEventStats - 1 total (1 active, 1 running), Execution time: mean = 0.00ms, total = 0.00ms, Queueing time: mean = 0.00ms, max = -0.00ms, min = 9223372036854.78ms, total = 0.00ms
	ray::rpc::InternalPubSubGcsService.grpc_client.GcsSubscriberCommandBatch.OnReplyReceived - 1 total (0 active), Execution time: mean = 0.12ms, total = 0.12ms, Queueing time: mean = 0.32ms, max = 0.32ms, min = 0.32ms, total = 0.32ms
	ray::rpc::WorkerInfoGcsService.grpc_client.AddWorkerInfo.OnReplyReceived - 1 total (0 active), Execution time: mean = 0.02ms, total = 0.02ms, Queueing time: mean = 0.37ms, max = 0.37ms, min = 0.37ms, total = 0.37ms
	ray::rpc::WorkerInfoGcsService.grpc_client.AddWorkerInfo - 1 total (0 active), Execution time: mean = 0.43ms, total = 0.43ms, Queueing time: mean = 0.00ms, max = -0.00ms, min = 9223372036854.78ms, total = 0.00ms

-----------------
Task execution event stats:

Global stats: 5963 total (1 active)
Queueing time: mean = 0.05ms, max = 0.21ms, min = 0.00ms, total = 326.85ms
Execution time:  mean = 0.01ms, total = 87.43ms
Event stats:
	CoreWorker.CheckSignal - 5962 total (1 active), Execution time: mean = 0.01ms, total = 87.42ms, Queueing time: mean = 0.05ms, max = 0.21ms, min = 0.01ms, total = 326.84ms
	PeriodicalRunner.RunFnPeriodically - 1 total (0 active), Execution time: mean = 0.01ms, total = 0.01ms, Queueing time: mean = 0.00ms, max = 0.00ms, min = 0.00ms, total = 0.00ms

-----------------
Task Event stats:

IO Service Stats:

Global stats: 181 total (1 active)
Queueing time: mean = 0.03ms, max = 0.09ms, min = 0.01ms, total = 5.86ms
Execution time:  mean = 0.34ms, total = 62.41ms
Event stats:
	CoreWorker.deadline_timer.flush_task_events - 60 total (1 active), Execution time: mean = 0.21ms, total = 12.88ms, Queueing time: mean = 0.06ms, max = 0.09ms, min = 0.02ms, total = 3.32ms
	ray::rpc::TaskInfoGcsService.grpc_client.AddTaskEventData - 60 total (0 active), Execution time: mean = 0.79ms, total = 47.35ms, Queueing time: mean = 0.00ms, max = -0.00ms, min = 9223372036854.78ms, total = 0.00ms
	ray::rpc::TaskInfoGcsService.grpc_client.AddTaskEventData.OnReplyReceived - 60 total (0 active), Execution time: mean = 0.03ms, total = 2.00ms, Queueing time: mean = 0.04ms, max = 0.08ms, min = 0.01ms, total = 2.54ms
	PeriodicalRunner.RunFnPeriodically - 1 total (0 active), Execution time: mean = 0.18ms, total = 0.18ms, Queueing time: mean = 0.01ms, max = 0.01ms, min = 0.01ms, total = 0.01ms
Other Stats:
	gcs_grpc_in_progress:0
	event_aggregator_grpc_in_progress:0
	current number of task status events in buffer: 0
	current number of profile events in buffer: 0
	current number of dropped task attempts tracked: 0
	total task events sent: 0 MiB
	total number of task attempts sent: 0
	total number of task attempts dropped reported: 0
	total number of sent failure: 0
	num status task events dropped: 0
	num profile task events dropped: 0
	num ray task events reported to aggregator: 0
	num ray task events failed to report to aggregator: 0
	num of task attempts dropped reported to aggregator: 0
	num of failed requests to aggregator: 0

[2026-02-15 11:26:32,439 I 4014903 4017429] core_worker.cc:455: Event stats:


Global stats: 1757 total (8 active)
Queueing time: mean = 1.19ms, max = 1000.04ms, min = 0.01ms, total = 2087.71ms
Execution time:  mean = 0.09ms, total = 149.35ms
Event stats:
	CoreWorker.RecoverObjects - 1200 total (1 active), Execution time: mean = 0.01ms, total = 11.39ms, Queueing time: mean = 0.06ms, max = 0.26ms, min = 0.01ms, total = 66.34ms
	NodeManagerService.grpc_client.ReportWorkerBacklog.OnReplyReceived - 120 total (0 active), Execution time: mean = 0.03ms, total = 3.21ms, Queueing time: mean = 0.04ms, max = 0.08ms, min = 0.01ms, total = 4.66ms
	CoreWorker.InternalHeartbeat - 120 total (1 active), Execution time: mean = 0.20ms, total = 23.73ms, Queueing time: mean = 0.05ms, max = 0.10ms, min = 0.01ms, total = 6.01ms
	NodeManagerService.grpc_client.ReportWorkerBacklog - 120 total (0 active), Execution time: mean = 0.82ms, total = 98.99ms, Queueing time: mean = 0.00ms, max = -0.00ms, min = 9223372036854.78ms, total = 0.00ms
	CoreWorker.ExitIfParentRayletDies - 120 total (1 active), Execution time: mean = 0.01ms, total = 1.37ms, Queueing time: mean = 0.05ms, max = 0.12ms, min = 0.02ms, total = 6.46ms
	CoreWorker.RecordMetrics - 24 total (1 active), Execution time: mean = 0.07ms, total = 1.60ms, Queueing time: mean = 0.04ms, max = 0.08ms, min = 0.02ms, total = 0.98ms
	CoreWorker.TryDelPendingObjectRefStreams - 12 total (1 active), Execution time: mean = 0.01ms, total = 0.07ms, Queueing time: mean = 0.05ms, max = 0.09ms, min = 0.03ms, total = 0.65ms
	CoreWorkerService.grpc_server.GetCoreWorkerStats.HandleRequestImpl - 8 total (0 active), Execution time: mean = 0.10ms, total = 0.83ms, Queueing time: mean = 0.04ms, max = 0.06ms, min = 0.02ms, total = 0.30ms
	CoreWorkerService.grpc_server.GetCoreWorkerStats - 8 total (0 active), Execution time: mean = 0.37ms, total = 2.97ms, Queueing time: mean = 0.00ms, max = -0.00ms, min = 9223372036854.78ms, total = 0.00ms
	PeriodicalRunner.RunFnPeriodically - 7 total (0 active), Execution time: mean = 0.07ms, total = 0.52ms, Queueing time: mean = 0.20ms, max = 0.50ms, min = 0.01ms, total = 1.43ms
	ReporterService.grpc_client.HealthCheck.OnReplyReceived - 3 total (0 active), Execution time: mean = 0.15ms, total = 0.44ms, Queueing time: mean = 0.03ms, max = 0.04ms, min = 0.02ms, total = 0.08ms
	ReporterService.grpc_client.HealthCheck - 3 total (0 active), Execution time: mean = 0.61ms, total = 1.84ms, Queueing time: mean = 0.00ms, max = -0.00ms, min = 9223372036854.78ms, total = 0.00ms
	CoreWorker.PrintEventStats - 2 total (1 active, 1 running), Execution time: mean = 0.31ms, total = 0.62ms, Queueing time: mean = 0.02ms, max = 0.04ms, min = 0.04ms, total = 0.04ms
	MetricsAgentClient.WaitForServerReadyWithRetry - 2 total (0 active), Execution time: mean = 0.18ms, total = 0.36ms, Queueing time: mean = 1000.03ms, max = 1000.04ms, min = 1000.02ms, total = 2000.06ms
	Publisher.CheckDeadSubscribers - 1 total (1 active), Execution time: mean = 0.00ms, total = 0.00ms, Queueing time: mean = 0.00ms, max = -0.00ms, min = 9223372036854.78ms, total = 0.00ms
	ray::rpc::InternalPubSubGcsService.grpc_client.GcsSubscriberPoll - 1 total (1 active), Execution time: mean = 0.00ms, total = 0.00ms, Queueing time: mean = 0.00ms, max = -0.00ms, min = 9223372036854.78ms, total = 0.00ms
	ray::rpc::NodeInfoGcsService.grpc_client.GetAllNodeAddressAndLiveness.OnReplyReceived - 1 total (0 active), Execution time: mean = 0.06ms, total = 0.06ms, Queueing time: mean = 0.01ms, max = 0.01ms, min = 0.01ms, total = 0.01ms
	ray::rpc::InternalPubSubGcsService.grpc_client.GcsSubscriberCommandBatch - 1 total (0 active), Execution time: mean = 0.42ms, total = 0.42ms, Queueing time: mean = 0.00ms, max = -0.00ms, min = 9223372036854.78ms, total = 0.00ms
	ray::rpc::NodeInfoGcsService.grpc_client.GetAllNodeAddressAndLiveness - 1 total (0 active), Execution time: mean = 0.38ms, total = 0.38ms, Queueing time: mean = 0.00ms, max = -0.00ms, min = 9223372036854.78ms, total = 0.00ms
	ray::rpc::InternalPubSubGcsService.grpc_client.GcsSubscriberCommandBatch.OnReplyReceived - 1 total (0 active), Execution time: mean = 0.12ms, total = 0.12ms, Queueing time: mean = 0.32ms, max = 0.32ms, min = 0.32ms, total = 0.32ms
	ray::rpc::WorkerInfoGcsService.grpc_client.AddWorkerInfo.OnReplyReceived - 1 total (0 active), Execution time: mean = 0.02ms, total = 0.02ms, Queueing time: mean = 0.37ms, max = 0.37ms, min = 0.37ms, total = 0.37ms
	ray::rpc::WorkerInfoGcsService.grpc_client.AddWorkerInfo - 1 total (0 active), Execution time: mean = 0.43ms, total = 0.43ms, Queueing time: mean = 0.00ms, max = -0.00ms, min = 9223372036854.78ms, total = 0.00ms

-----------------
Task execution event stats:

Global stats: 11925 total (1 active)
Queueing time: mean = 0.05ms, max = 1.23ms, min = 0.00ms, total = 649.19ms
Execution time:  mean = 0.01ms, total = 174.33ms
Event stats:
	CoreWorker.CheckSignal - 11924 total (1 active), Execution time: mean = 0.01ms, total = 174.33ms, Queueing time: mean = 0.05ms, max = 1.23ms, min = 0.01ms, total = 649.19ms
	PeriodicalRunner.RunFnPeriodically - 1 total (0 active), Execution time: mean = 0.01ms, total = 0.01ms, Queueing time: mean = 0.00ms, max = 0.00ms, min = 0.00ms, total = 0.00ms

-----------------
Task Event stats:

IO Service Stats:

Global stats: 361 total (1 active)
Queueing time: mean = 0.03ms, max = 0.14ms, min = 0.01ms, total = 11.87ms
Execution time:  mean = 0.34ms, total = 123.30ms
Event stats:
	CoreWorker.deadline_timer.flush_task_events - 120 total (1 active), Execution time: mean = 0.21ms, total = 25.70ms, Queueing time: mean = 0.06ms, max = 0.14ms, min = 0.02ms, total = 6.82ms
	ray::rpc::TaskInfoGcsService.grpc_client.AddTaskEventData - 120 total (0 active), Execution time: mean = 0.78ms, total = 93.37ms, Queueing time: mean = 0.00ms, max = -0.00ms, min = 9223372036854.78ms, total = 0.00ms
	ray::rpc::TaskInfoGcsService.grpc_client.AddTaskEventData.OnReplyReceived - 120 total (0 active), Execution time: mean = 0.03ms, total = 4.04ms, Queueing time: mean = 0.04ms, max = 0.08ms, min = 0.01ms, total = 5.04ms
	PeriodicalRunner.RunFnPeriodically - 1 total (0 active), Execution time: mean = 0.18ms, total = 0.18ms, Queueing time: mean = 0.01ms, max = 0.01ms, min = 0.01ms, total = 0.01ms
Other Stats:
	gcs_grpc_in_progress:0
	event_aggregator_grpc_in_progress:0
	current number of task status events in buffer: 0
	current number of profile events in buffer: 0
	current number of dropped task attempts tracked: 0
	total task events sent: 0 MiB
	total number of task attempts sent: 0
	total number of task attempts dropped reported: 0
	total number of sent failure: 0
	num status task events dropped: 0
	num profile task events dropped: 0
	num ray task events reported to aggregator: 0
	num ray task events failed to report to aggregator: 0
	num of task attempts dropped reported to aggregator: 0
	num of failed requests to aggregator: 0

[2026-02-15 11:27:32,440 I 4014903 4017429] core_worker.cc:455: Event stats:


Global stats: 2623 total (8 active)
Queueing time: mean = 0.81ms, max = 1000.04ms, min = 0.00ms, total = 2127.93ms
Execution time:  mean = 0.09ms, total = 228.37ms
Event stats:
	CoreWorker.RecoverObjects - 1799 total (1 active), Execution time: mean = 0.01ms, total = 16.53ms, Queueing time: mean = 0.05ms, max = 0.26ms, min = 0.01ms, total = 96.90ms
	NodeManagerService.grpc_client.ReportWorkerBacklog.OnReplyReceived - 180 total (0 active), Execution time: mean = 0.03ms, total = 4.82ms, Queueing time: mean = 0.04ms, max = 0.08ms, min = 0.01ms, total = 7.13ms
	CoreWorker.InternalHeartbeat - 180 total (1 active), Execution time: mean = 0.19ms, total = 34.80ms, Queueing time: mean = 0.05ms, max = 0.10ms, min = 0.01ms, total = 9.16ms
	NodeManagerService.grpc_client.ReportWorkerBacklog - 180 total (0 active), Execution time: mean = 0.87ms, total = 156.54ms, Queueing time: mean = 0.00ms, max = -0.00ms, min = 9223372036854.78ms, total = 0.00ms
	CoreWorker.ExitIfParentRayletDies - 180 total (1 active), Execution time: mean = 0.01ms, total = 2.07ms, Queueing time: mean = 0.05ms, max = 0.12ms, min = 0.00ms, total = 9.17ms
	CoreWorker.RecordMetrics - 36 total (1 active), Execution time: mean = 0.06ms, total = 2.29ms, Queueing time: mean = 0.04ms, max = 0.08ms, min = 0.02ms, total = 1.44ms
	CoreWorker.TryDelPendingObjectRefStreams - 18 total (1 active), Execution time: mean = 0.01ms, total = 0.10ms, Queueing time: mean = 0.08ms, max = 0.43ms, min = 0.03ms, total = 1.40ms
	CoreWorkerService.grpc_server.GetCoreWorkerStats.HandleRequestImpl - 12 total (0 active), Execution time: mean = 0.10ms, total = 1.17ms, Queueing time: mean = 0.03ms, max = 0.06ms, min = 0.02ms, total = 0.42ms
	CoreWorkerService.grpc_server.GetCoreWorkerStats - 12 total (0 active), Execution time: mean = 0.34ms, total = 4.10ms, Queueing time: mean = 0.00ms, max = -0.00ms, min = 9223372036854.78ms, total = 0.00ms
	PeriodicalRunner.RunFnPeriodically - 7 total (0 active), Execution time: mean = 0.07ms, total = 0.52ms, Queueing time: mean = 0.20ms, max = 0.50ms, min = 0.01ms, total = 1.43ms
	ReporterService.grpc_client.HealthCheck.OnReplyReceived - 3 total (0 active), Execution time: mean = 0.15ms, total = 0.44ms, Queueing time: mean = 0.03ms, max = 0.04ms, min = 0.02ms, total = 0.08ms
	CoreWorker.PrintEventStats - 3 total (1 active, 1 running), Execution time: mean = 0.46ms, total = 1.38ms, Queueing time: mean = 0.02ms, max = 0.04ms, min = 0.02ms, total = 0.06ms
	ReporterService.grpc_client.HealthCheck - 3 total (0 active), Execution time: mean = 0.61ms, total = 1.84ms, Queueing time: mean = 0.00ms, max = -0.00ms, min = 9223372036854.78ms, total = 0.00ms
	MetricsAgentClient.WaitForServerReadyWithRetry - 2 total (0 active), Execution time: mean = 0.18ms, total = 0.36ms, Queueing time: mean = 1000.03ms, max = 1000.04ms, min = 1000.02ms, total = 2000.06ms
	Publisher.CheckDeadSubscribers - 1 total (1 active), Execution time: mean = 0.00ms, total = 0.00ms, Queueing time: mean = 0.00ms, max = -0.00ms, min = 9223372036854.78ms, total = 0.00ms
	ray::rpc::InternalPubSubGcsService.grpc_client.GcsSubscriberPoll - 1 total (1 active), Execution time: mean = 0.00ms, total = 0.00ms, Queueing time: mean = 0.00ms, max = -0.00ms, min = 9223372036854.78ms, total = 0.00ms
	ray::rpc::NodeInfoGcsService.grpc_client.GetAllNodeAddressAndLiveness.OnReplyReceived - 1 total (0 active), Execution time: mean = 0.06ms, total = 0.06ms, Queueing time: mean = 0.01ms, max = 0.01ms, min = 0.01ms, total = 0.01ms
	ray::rpc::InternalPubSubGcsService.grpc_client.GcsSubscriberCommandBatch - 1 total (0 active), Execution time: mean = 0.42ms, total = 0.42ms, Queueing time: mean = 0.00ms, max = -0.00ms, min = 9223372036854.78ms, total = 0.00ms
	ray::rpc::NodeInfoGcsService.grpc_client.GetAllNodeAddressAndLiveness - 1 total (0 active), Execution time: mean = 0.38ms, total = 0.38ms, Queueing time: mean = 0.00ms, max = -0.00ms, min = 9223372036854.78ms, total = 0.00ms
	ray::rpc::InternalPubSubGcsService.grpc_client.GcsSubscriberCommandBatch.OnReplyReceived - 1 total (0 active), Execution time: mean = 0.12ms, total = 0.12ms, Queueing time: mean = 0.32ms, max = 0.32ms, min = 0.32ms, total = 0.32ms
	ray::rpc::WorkerInfoGcsService.grpc_client.AddWorkerInfo.OnReplyReceived - 1 total (0 active), Execution time: mean = 0.02ms, total = 0.02ms, Queueing time: mean = 0.37ms, max = 0.37ms, min = 0.37ms, total = 0.37ms
	ray::rpc::WorkerInfoGcsService.grpc_client.AddWorkerInfo - 1 total (0 active), Execution time: mean = 0.43ms, total = 0.43ms, Queueing time: mean = 0.00ms, max = -0.00ms, min = 9223372036854.78ms, total = 0.00ms

-----------------
Task execution event stats:

Global stats: 17889 total (1 active)
Queueing time: mean = 0.05ms, max = 1.23ms, min = 0.00ms, total = 957.13ms
Execution time:  mean = 0.01ms, total = 264.97ms
Event stats:
	CoreWorker.CheckSignal - 17888 total (1 active), Execution time: mean = 0.01ms, total = 264.96ms, Queueing time: mean = 0.05ms, max = 1.23ms, min = 0.00ms, total = 957.13ms
	PeriodicalRunner.RunFnPeriodically - 1 total (0 active), Execution time: mean = 0.01ms, total = 0.01ms, Queueing time: mean = 0.00ms, max = 0.00ms, min = 0.00ms, total = 0.00ms

-----------------
Task Event stats:

IO Service Stats:

Global stats: 541 total (1 active)
Queueing time: mean = 0.03ms, max = 0.14ms, min = 0.01ms, total = 18.13ms
Execution time:  mean = 0.34ms, total = 183.95ms
Event stats:
	CoreWorker.deadline_timer.flush_task_events - 180 total (1 active), Execution time: mean = 0.21ms, total = 37.91ms, Queueing time: mean = 0.06ms, max = 0.14ms, min = 0.02ms, total = 10.33ms
	ray::rpc::TaskInfoGcsService.grpc_client.AddTaskEventData - 180 total (0 active), Execution time: mean = 0.78ms, total = 139.77ms, Queueing time: mean = 0.00ms, max = -0.00ms, min = 9223372036854.78ms, total = 0.00ms
	ray::rpc::TaskInfoGcsService.grpc_client.AddTaskEventData.OnReplyReceived - 180 total (0 active), Execution time: mean = 0.03ms, total = 6.10ms, Queueing time: mean = 0.04ms, max = 0.08ms, min = 0.01ms, total = 7.79ms
	PeriodicalRunner.RunFnPeriodically - 1 total (0 active), Execution time: mean = 0.18ms, total = 0.18ms, Queueing time: mean = 0.01ms, max = 0.01ms, min = 0.01ms, total = 0.01ms
Other Stats:
	gcs_grpc_in_progress:0
	event_aggregator_grpc_in_progress:0
	current number of task status events in buffer: 0
	current number of profile events in buffer: 0
	current number of dropped task attempts tracked: 0
	total task events sent: 0 MiB
	total number of task attempts sent: 0
	total number of task attempts dropped reported: 0
	total number of sent failure: 0
	num status task events dropped: 0
	num profile task events dropped: 0
	num ray task events reported to aggregator: 0
	num ray task events failed to report to aggregator: 0
	num of task attempts dropped reported to aggregator: 0
	num of failed requests to aggregator: 0

[2026-02-15 11:28:32,440 I 4014903 4017429] core_worker.cc:455: Event stats:


Global stats: 3490 total (8 active)
Queueing time: mean = 0.62ms, max = 1000.04ms, min = 0.00ms, total = 2171.29ms
Execution time:  mean = 0.09ms, total = 301.09ms
Event stats:
	CoreWorker.RecoverObjects - 2399 total (1 active), Execution time: mean = 0.01ms, total = 21.72ms, Queueing time: mean = 0.05ms, max = 0.26ms, min = 0.01ms, total = 129.74ms
	NodeManagerService.grpc_client.ReportWorkerBacklog.OnReplyReceived - 240 total (0 active), Execution time: mean = 0.03ms, total = 6.43ms, Queueing time: mean = 0.04ms, max = 0.08ms, min = 0.01ms, total = 9.97ms
	CoreWorker.InternalHeartbeat - 240 total (1 active), Execution time: mean = 0.19ms, total = 46.56ms, Queueing time: mean = 0.05ms, max = 0.10ms, min = 0.01ms, total = 12.21ms
	NodeManagerService.grpc_client.ReportWorkerBacklog - 240 total (0 active), Execution time: mean = 0.86ms, total = 207.07ms, Queueing time: mean = 0.00ms, max = -0.00ms, min = 9223372036854.78ms, total = 0.00ms
	CoreWorker.ExitIfParentRayletDies - 240 total (1 active), Execution time: mean = 0.01ms, total = 2.74ms, Queueing time: mean = 0.05ms, max = 0.12ms, min = 0.00ms, total = 12.14ms
	CoreWorker.RecordMetrics - 48 total (1 active), Execution time: mean = 0.06ms, total = 2.99ms, Queueing time: mean = 0.04ms, max = 0.09ms, min = 0.02ms, total = 2.13ms
	CoreWorker.TryDelPendingObjectRefStreams - 24 total (1 active), Execution time: mean = 0.01ms, total = 0.13ms, Queueing time: mean = 0.09ms, max = 0.43ms, min = 0.03ms, total = 2.08ms
	CoreWorkerService.grpc_server.GetCoreWorkerStats.HandleRequestImpl - 16 total (0 active), Execution time: mean = 0.09ms, total = 1.46ms, Queueing time: mean = 0.04ms, max = 0.07ms, min = 0.02ms, total = 0.61ms
	CoreWorkerService.grpc_server.GetCoreWorkerStats - 16 total (0 active), Execution time: mean = 0.34ms, total = 5.40ms, Queueing time: mean = 0.00ms, max = -0.00ms, min = 9223372036854.78ms, total = 0.00ms
	PeriodicalRunner.RunFnPeriodically - 7 total (0 active), Execution time: mean = 0.07ms, total = 0.52ms, Queueing time: mean = 0.20ms, max = 0.50ms, min = 0.01ms, total = 1.43ms
	CoreWorker.PrintEventStats - 4 total (1 active, 1 running), Execution time: mean = 0.50ms, total = 2.01ms, Queueing time: mean = 0.03ms, max = 0.07ms, min = 0.02ms, total = 0.13ms
	ReporterService.grpc_client.HealthCheck.OnReplyReceived - 3 total (0 active), Execution time: mean = 0.15ms, total = 0.44ms, Queueing time: mean = 0.03ms, max = 0.04ms, min = 0.02ms, total = 0.08ms
	ReporterService.grpc_client.HealthCheck - 3 total (0 active), Execution time: mean = 0.61ms, total = 1.84ms, Queueing time: mean = 0.00ms, max = -0.00ms, min = 9223372036854.78ms, total = 0.00ms
	MetricsAgentClient.WaitForServerReadyWithRetry - 2 total (0 active), Execution time: mean = 0.18ms, total = 0.36ms, Queueing time: mean = 1000.03ms, max = 1000.04ms, min = 1000.02ms, total = 2000.06ms
	Publisher.CheckDeadSubscribers - 1 total (1 active), Execution time: mean = 0.00ms, total = 0.00ms, Queueing time: mean = 0.00ms, max = -0.00ms, min = 9223372036854.78ms, total = 0.00ms
	ray::rpc::InternalPubSubGcsService.grpc_client.GcsSubscriberPoll - 1 total (1 active), Execution time: mean = 0.00ms, total = 0.00ms, Queueing time: mean = 0.00ms, max = -0.00ms, min = 9223372036854.78ms, total = 0.00ms
	ray::rpc::NodeInfoGcsService.grpc_client.GetAllNodeAddressAndLiveness.OnReplyReceived - 1 total (0 active), Execution time: mean = 0.06ms, total = 0.06ms, Queueing time: mean = 0.01ms, max = 0.01ms, min = 0.01ms, total = 0.01ms
	ray::rpc::InternalPubSubGcsService.grpc_client.GcsSubscriberCommandBatch - 1 total (0 active), Execution time: mean = 0.42ms, total = 0.42ms, Queueing time: mean = 0.00ms, max = -0.00ms, min = 9223372036854.78ms, total = 0.00ms
	ray::rpc::NodeInfoGcsService.grpc_client.GetAllNodeAddressAndLiveness - 1 total (0 active), Execution time: mean = 0.38ms, total = 0.38ms, Queueing time: mean = 0.00ms, max = -0.00ms, min = 9223372036854.78ms, total = 0.00ms
	ray::rpc::InternalPubSubGcsService.grpc_client.GcsSubscriberCommandBatch.OnReplyReceived - 1 total (0 active), Execution time: mean = 0.12ms, total = 0.12ms, Queueing time: mean = 0.32ms, max = 0.32ms, min = 0.32ms, total = 0.32ms
	ray::rpc::WorkerInfoGcsService.grpc_client.AddWorkerInfo.OnReplyReceived - 1 total (0 active), Execution time: mean = 0.02ms, total = 0.02ms, Queueing time: mean = 0.37ms, max = 0.37ms, min = 0.37ms, total = 0.37ms
	ray::rpc::WorkerInfoGcsService.grpc_client.AddWorkerInfo - 1 total (0 active), Execution time: mean = 0.43ms, total = 0.43ms, Queueing time: mean = 0.00ms, max = -0.00ms, min = 9223372036854.78ms, total = 0.00ms

-----------------
Task execution event stats:

Global stats: 23852 total (1 active)
Queueing time: mean = 0.05ms, max = 1.23ms, min = -0.00ms, total = 1265.12ms
Execution time:  mean = 0.01ms, total = 354.46ms
Event stats:
	CoreWorker.CheckSignal - 23851 total (1 active), Execution time: mean = 0.01ms, total = 354.46ms, Queueing time: mean = 0.05ms, max = 1.23ms, min = -0.00ms, total = 1265.12ms
	PeriodicalRunner.RunFnPeriodically - 1 total (0 active), Execution time: mean = 0.01ms, total = 0.01ms, Queueing time: mean = 0.00ms, max = 0.00ms, min = 0.00ms, total = 0.00ms

-----------------
Task Event stats:

IO Service Stats:

Global stats: 721 total (1 active)
Queueing time: mean = 0.03ms, max = 0.14ms, min = 0.01ms, total = 24.22ms
Execution time:  mean = 0.34ms, total = 245.59ms
Event stats:
	CoreWorker.deadline_timer.flush_task_events - 240 total (1 active), Execution time: mean = 0.21ms, total = 50.43ms, Queueing time: mean = 0.06ms, max = 0.14ms, min = 0.02ms, total = 13.82ms
	ray::rpc::TaskInfoGcsService.grpc_client.AddTaskEventData - 240 total (0 active), Execution time: mean = 0.78ms, total = 186.84ms, Queueing time: mean = 0.00ms, max = -0.00ms, min = 9223372036854.78ms, total = 0.00ms
	ray::rpc::TaskInfoGcsService.grpc_client.AddTaskEventData.OnReplyReceived - 240 total (0 active), Execution time: mean = 0.03ms, total = 8.14ms, Queueing time: mean = 0.04ms, max = 0.08ms, min = 0.01ms, total = 10.40ms
	PeriodicalRunner.RunFnPeriodically - 1 total (0 active), Execution time: mean = 0.18ms, total = 0.18ms, Queueing time: mean = 0.01ms, max = 0.01ms, min = 0.01ms, total = 0.01ms
Other Stats:
	gcs_grpc_in_progress:0
	event_aggregator_grpc_in_progress:0
	current number of task status events in buffer: 0
	current number of profile events in buffer: 0
	current number of dropped task attempts tracked: 0
	total task events sent: 0 MiB
	total number of task attempts sent: 0
	total number of task attempts dropped reported: 0
	total number of sent failure: 0
	num status task events dropped: 0
	num profile task events dropped: 0
	num ray task events reported to aggregator: 0
	num ray task events failed to report to aggregator: 0
	num of task attempts dropped reported to aggregator: 0
	num of failed requests to aggregator: 0

[2026-02-15 11:29:32,441 I 4014903 4017429] core_worker.cc:455: Event stats:


Global stats: 4358 total (8 active)
Queueing time: mean = 0.51ms, max = 1000.04ms, min = 0.00ms, total = 2211.45ms
Execution time:  mean = 0.09ms, total = 370.49ms
Event stats:
	CoreWorker.RecoverObjects - 2999 total (1 active), Execution time: mean = 0.01ms, total = 26.79ms, Queueing time: mean = 0.05ms, max = 0.26ms, min = 0.01ms, total = 160.76ms
	NodeManagerService.grpc_client.ReportWorkerBacklog.OnReplyReceived - 300 total (0 active), Execution time: mean = 0.03ms, total = 8.07ms, Queueing time: mean = 0.04ms, max = 0.08ms, min = 0.01ms, total = 12.37ms
	CoreWorker.InternalHeartbeat - 300 total (1 active), Execution time: mean = 0.19ms, total = 57.85ms, Queueing time: mean = 0.05ms, max = 0.10ms, min = 0.01ms, total = 14.85ms
	NodeManagerService.grpc_client.ReportWorkerBacklog - 300 total (0 active), Execution time: mean = 0.85ms, total = 254.98ms, Queueing time: mean = 0.00ms, max = -0.00ms, min = 9223372036854.78ms, total = 0.00ms
	CoreWorker.ExitIfParentRayletDies - 300 total (1 active), Execution time: mean = 0.01ms, total = 3.39ms, Queueing time: mean = 0.05ms, max = 0.12ms, min = 0.00ms, total = 15.23ms
	CoreWorker.RecordMetrics - 60 total (1 active), Execution time: mean = 0.06ms, total = 3.71ms, Queueing time: mean = 0.05ms, max = 0.09ms, min = 0.02ms, total = 2.74ms
	CoreWorker.TryDelPendingObjectRefStreams - 30 total (1 active), Execution time: mean = 0.01ms, total = 0.19ms, Queueing time: mean = 0.08ms, max = 0.43ms, min = 0.01ms, total = 2.28ms
	CoreWorkerService.grpc_server.GetCoreWorkerStats.HandleRequestImpl - 20 total (0 active), Execution time: mean = 0.09ms, total = 1.82ms, Queueing time: mean = 0.04ms, max = 0.07ms, min = 0.02ms, total = 0.78ms
	CoreWorkerService.grpc_server.GetCoreWorkerStats - 20 total (0 active), Execution time: mean = 0.34ms, total = 6.76ms, Queueing time: mean = 0.00ms, max = -0.00ms, min = 9223372036854.78ms, total = 0.00ms
	PeriodicalRunner.RunFnPeriodically - 7 total (0 active), Execution time: mean = 0.07ms, total = 0.52ms, Queueing time: mean = 0.20ms, max = 0.50ms, min = 0.01ms, total = 1.43ms
	CoreWorker.PrintEventStats - 5 total (1 active, 1 running), Execution time: mean = 0.47ms, total = 2.34ms, Queueing time: mean = 0.03ms, max = 0.07ms, min = 0.02ms, total = 0.15ms
	ReporterService.grpc_client.HealthCheck.OnReplyReceived - 3 total (0 active), Execution time: mean = 0.15ms, total = 0.44ms, Queueing time: mean = 0.03ms, max = 0.04ms, min = 0.02ms, total = 0.08ms
	ReporterService.grpc_client.HealthCheck - 3 total (0 active), Execution time: mean = 0.61ms, total = 1.84ms, Queueing time: mean = 0.00ms, max = -0.00ms, min = 9223372036854.78ms, total = 0.00ms
	Publisher.CheckDeadSubscribers - 2 total (1 active), Execution time: mean = 0.00ms, total = 0.01ms, Queueing time: mean = 0.01ms, max = 0.02ms, min = 0.02ms, total = 0.02ms
	MetricsAgentClient.WaitForServerReadyWithRetry - 2 total (0 active), Execution time: mean = 0.18ms, total = 0.36ms, Queueing time: mean = 1000.03ms, max = 1000.04ms, min = 1000.02ms, total = 2000.06ms
	ray::rpc::InternalPubSubGcsService.grpc_client.GcsSubscriberPoll - 1 total (1 active), Execution time: mean = 0.00ms, total = 0.00ms, Queueing time: mean = 0.00ms, max = -0.00ms, min = 9223372036854.78ms, total = 0.00ms
	ray::rpc::NodeInfoGcsService.grpc_client.GetAllNodeAddressAndLiveness.OnReplyReceived - 1 total (0 active), Execution time: mean = 0.06ms, total = 0.06ms, Queueing time: mean = 0.01ms, max = 0.01ms, min = 0.01ms, total = 0.01ms
	ray::rpc::InternalPubSubGcsService.grpc_client.GcsSubscriberCommandBatch - 1 total (0 active), Execution time: mean = 0.42ms, total = 0.42ms, Queueing time: mean = 0.00ms, max = -0.00ms, min = 9223372036854.78ms, total = 0.00ms
	ray::rpc::NodeInfoGcsService.grpc_client.GetAllNodeAddressAndLiveness - 1 total (0 active), Execution time: mean = 0.38ms, total = 0.38ms, Queueing time: mean = 0.00ms, max = -0.00ms, min = 9223372036854.78ms, total = 0.00ms
	ray::rpc::InternalPubSubGcsService.grpc_client.GcsSubscriberCommandBatch.OnReplyReceived - 1 total (0 active), Execution time: mean = 0.12ms, total = 0.12ms, Queueing time: mean = 0.32ms, max = 0.32ms, min = 0.32ms, total = 0.32ms
	ray::rpc::WorkerInfoGcsService.grpc_client.AddWorkerInfo.OnReplyReceived - 1 total (0 active), Execution time: mean = 0.02ms, total = 0.02ms, Queueing time: mean = 0.37ms, max = 0.37ms, min = 0.37ms, total = 0.37ms
	ray::rpc::WorkerInfoGcsService.grpc_client.AddWorkerInfo - 1 total (0 active), Execution time: mean = 0.43ms, total = 0.43ms, Queueing time: mean = 0.00ms, max = -0.00ms, min = 9223372036854.78ms, total = 0.00ms

-----------------
Task execution event stats:

Global stats: 29815 total (1 active)
Queueing time: mean = 0.05ms, max = 1.61ms, min = -0.00ms, total = 1582.45ms
Execution time:  mean = 0.01ms, total = 442.14ms
Event stats:
	CoreWorker.CheckSignal - 29814 total (1 active), Execution time: mean = 0.01ms, total = 442.14ms, Queueing time: mean = 0.05ms, max = 1.61ms, min = -0.00ms, total = 1582.45ms
	PeriodicalRunner.RunFnPeriodically - 1 total (0 active), Execution time: mean = 0.01ms, total = 0.01ms, Queueing time: mean = 0.00ms, max = 0.00ms, min = 0.00ms, total = 0.00ms

-----------------
Task Event stats:

IO Service Stats:

Global stats: 901 total (1 active)
Queueing time: mean = 0.03ms, max = 0.14ms, min = 0.01ms, total = 29.57ms
Execution time:  mean = 0.34ms, total = 306.49ms
Event stats:
	CoreWorker.deadline_timer.flush_task_events - 300 total (1 active), Execution time: mean = 0.21ms, total = 62.52ms, Queueing time: mean = 0.06ms, max = 0.14ms, min = 0.02ms, total = 16.89ms
	ray::rpc::TaskInfoGcsService.grpc_client.AddTaskEventData - 300 total (0 active), Execution time: mean = 0.78ms, total = 233.66ms, Queueing time: mean = 0.00ms, max = -0.00ms, min = 9223372036854.78ms, total = 0.00ms
	ray::rpc::TaskInfoGcsService.grpc_client.AddTaskEventData.OnReplyReceived - 300 total (0 active), Execution time: mean = 0.03ms, total = 10.13ms, Queueing time: mean = 0.04ms, max = 0.08ms, min = 0.01ms, total = 12.68ms
	PeriodicalRunner.RunFnPeriodically - 1 total (0 active), Execution time: mean = 0.18ms, total = 0.18ms, Queueing time: mean = 0.01ms, max = 0.01ms, min = 0.01ms, total = 0.01ms
Other Stats:
	gcs_grpc_in_progress:0
	event_aggregator_grpc_in_progress:0
	current number of task status events in buffer: 0
	current number of profile events in buffer: 0
	current number of dropped task attempts tracked: 0
	total task events sent: 0 MiB
	total number of task attempts sent: 0
	total number of task attempts dropped reported: 0
	total number of sent failure: 0
	num status task events dropped: 0
	num profile task events dropped: 0
	num ray task events reported to aggregator: 0
	num ray task events failed to report to aggregator: 0
	num of task attempts dropped reported to aggregator: 0
	num of failed requests to aggregator: 0

[2026-02-15 11:30:32,442 I 4014903 4017429] core_worker.cc:455: Event stats:


Global stats: 5224 total (8 active)
Queueing time: mean = 0.43ms, max = 1000.04ms, min = 0.00ms, total = 2252.10ms
Execution time:  mean = 0.08ms, total = 438.95ms
Event stats:
	CoreWorker.RecoverObjects - 3598 total (1 active), Execution time: mean = 0.01ms, total = 32.18ms, Queueing time: mean = 0.05ms, max = 0.26ms, min = 0.01ms, total = 191.68ms
	NodeManagerService.grpc_client.ReportWorkerBacklog.OnReplyReceived - 360 total (0 active), Execution time: mean = 0.03ms, total = 9.59ms, Queueing time: mean = 0.04ms, max = 0.08ms, min = 0.01ms, total = 14.78ms
	CoreWorker.InternalHeartbeat - 360 total (1 active), Execution time: mean = 0.19ms, total = 69.03ms, Queueing time: mean = 0.05ms, max = 0.10ms, min = 0.01ms, total = 17.93ms
	NodeManagerService.grpc_client.ReportWorkerBacklog - 360 total (0 active), Execution time: mean = 0.84ms, total = 301.66ms, Queueing time: mean = 0.00ms, max = -0.00ms, min = 9223372036854.78ms, total = 0.00ms
	CoreWorker.ExitIfParentRayletDies - 360 total (1 active), Execution time: mean = 0.01ms, total = 4.06ms, Queueing time: mean = 0.05ms, max = 0.12ms, min = 0.00ms, total = 17.89ms
	CoreWorker.RecordMetrics - 72 total (1 active), Execution time: mean = 0.06ms, total = 4.47ms, Queueing time: mean = 0.05ms, max = 0.09ms, min = 0.02ms, total = 3.28ms
	CoreWorker.TryDelPendingObjectRefStreams - 36 total (1 active), Execution time: mean = 0.01ms, total = 0.22ms, Queueing time: mean = 0.09ms, max = 0.51ms, min = 0.01ms, total = 3.09ms
	CoreWorkerService.grpc_server.GetCoreWorkerStats.HandleRequestImpl - 24 total (0 active), Execution time: mean = 0.09ms, total = 2.12ms, Queueing time: mean = 0.04ms, max = 0.07ms, min = 0.02ms, total = 0.93ms
	CoreWorkerService.grpc_server.GetCoreWorkerStats - 24 total (0 active), Execution time: mean = 0.33ms, total = 8.03ms, Queueing time: mean = 0.00ms, max = -0.00ms, min = 9223372036854.78ms, total = 0.00ms
	PeriodicalRunner.RunFnPeriodically - 7 total (0 active), Execution time: mean = 0.07ms, total = 0.52ms, Queueing time: mean = 0.20ms, max = 0.50ms, min = 0.01ms, total = 1.43ms
	CoreWorker.PrintEventStats - 6 total (1 active, 1 running), Execution time: mean = 0.50ms, total = 3.02ms, Queueing time: mean = 0.04ms, max = 0.07ms, min = 0.02ms, total = 0.23ms
	ReporterService.grpc_client.HealthCheck.OnReplyReceived - 3 total (0 active), Execution time: mean = 0.15ms, total = 0.44ms, Queueing time: mean = 0.03ms, max = 0.04ms, min = 0.02ms, total = 0.08ms
	ReporterService.grpc_client.HealthCheck - 3 total (0 active), Execution time: mean = 0.61ms, total = 1.84ms, Queueing time: mean = 0.00ms, max = -0.00ms, min = 9223372036854.78ms, total = 0.00ms
	Publisher.CheckDeadSubscribers - 2 total (1 active), Execution time: mean = 0.00ms, total = 0.01ms, Queueing time: mean = 0.01ms, max = 0.02ms, min = 0.02ms, total = 0.02ms
	MetricsAgentClient.WaitForServerReadyWithRetry - 2 total (0 active), Execution time: mean = 0.18ms, total = 0.36ms, Queueing time: mean = 1000.03ms, max = 1000.04ms, min = 1000.02ms, total = 2000.06ms
	ray::rpc::InternalPubSubGcsService.grpc_client.GcsSubscriberPoll - 1 total (1 active), Execution time: mean = 0.00ms, total = 0.00ms, Queueing time: mean = 0.00ms, max = -0.00ms, min = 9223372036854.78ms, total = 0.00ms
	ray::rpc::NodeInfoGcsService.grpc_client.GetAllNodeAddressAndLiveness.OnReplyReceived - 1 total (0 active), Execution time: mean = 0.06ms, total = 0.06ms, Queueing time: mean = 0.01ms, max = 0.01ms, min = 0.01ms, total = 0.01ms
	ray::rpc::InternalPubSubGcsService.grpc_client.GcsSubscriberCommandBatch - 1 total (0 active), Execution time: mean = 0.42ms, total = 0.42ms, Queueing time: mean = 0.00ms, max = -0.00ms, min = 9223372036854.78ms, total = 0.00ms
	ray::rpc::NodeInfoGcsService.grpc_client.GetAllNodeAddressAndLiveness - 1 total (0 active), Execution time: mean = 0.38ms, total = 0.38ms, Queueing time: mean = 0.00ms, max = -0.00ms, min = 9223372036854.78ms, total = 0.00ms
	ray::rpc::InternalPubSubGcsService.grpc_client.GcsSubscriberCommandBatch.OnReplyReceived - 1 total (0 active), Execution time: mean = 0.12ms, total = 0.12ms, Queueing time: mean = 0.32ms, max = 0.32ms, min = 0.32ms, total = 0.32ms
	ray::rpc::WorkerInfoGcsService.grpc_client.AddWorkerInfo.OnReplyReceived - 1 total (0 active), Execution time: mean = 0.02ms, total = 0.02ms, Queueing time: mean = 0.37ms, max = 0.37ms, min = 0.37ms, total = 0.37ms
	ray::rpc::WorkerInfoGcsService.grpc_client.AddWorkerInfo - 1 total (0 active), Execution time: mean = 0.43ms, total = 0.43ms, Queueing time: mean = 0.00ms, max = -0.00ms, min = 9223372036854.78ms, total = 0.00ms

-----------------
Task execution event stats:

Global stats: 35775 total (1 active)
Queueing time: mean = 0.05ms, max = 1.61ms, min = -0.00ms, total = 1924.22ms
Execution time:  mean = 0.01ms, total = 532.53ms
Event stats:
	CoreWorker.CheckSignal - 35774 total (1 active), Execution time: mean = 0.01ms, total = 532.52ms, Queueing time: mean = 0.05ms, max = 1.61ms, min = -0.00ms, total = 1924.22ms
	PeriodicalRunner.RunFnPeriodically - 1 total (0 active), Execution time: mean = 0.01ms, total = 0.01ms, Queueing time: mean = 0.00ms, max = 0.00ms, min = 0.00ms, total = 0.00ms

-----------------
Task Event stats:

IO Service Stats:

Global stats: 1081 total (1 active)
Queueing time: mean = 0.03ms, max = 0.14ms, min = 0.01ms, total = 35.94ms
Execution time:  mean = 0.34ms, total = 368.18ms
Event stats:
	CoreWorker.deadline_timer.flush_task_events - 360 total (1 active), Execution time: mean = 0.21ms, total = 75.28ms, Queueing time: mean = 0.06ms, max = 0.14ms, min = 0.02ms, total = 20.36ms
	ray::rpc::TaskInfoGcsService.grpc_client.AddTaskEventData - 360 total (0 active), Execution time: mean = 0.78ms, total = 280.52ms, Queueing time: mean = 0.00ms, max = -0.00ms, min = 9223372036854.78ms, total = 0.00ms
	ray::rpc::TaskInfoGcsService.grpc_client.AddTaskEventData.OnReplyReceived - 360 total (0 active), Execution time: mean = 0.03ms, total = 12.20ms, Queueing time: mean = 0.04ms, max = 0.08ms, min = 0.01ms, total = 15.58ms
	PeriodicalRunner.RunFnPeriodically - 1 total (0 active), Execution time: mean = 0.18ms, total = 0.18ms, Queueing time: mean = 0.01ms, max = 0.01ms, min = 0.01ms, total = 0.01ms
Other Stats:
	gcs_grpc_in_progress:0
	event_aggregator_grpc_in_progress:0
	current number of task status events in buffer: 0
	current number of profile events in buffer: 0
	current number of dropped task attempts tracked: 0
	total task events sent: 0 MiB
	total number of task attempts sent: 0
	total number of task attempts dropped reported: 0
	total number of sent failure: 0
	num status task events dropped: 0
	num profile task events dropped: 0
	num ray task events reported to aggregator: 0
	num ray task events failed to report to aggregator: 0
	num of task attempts dropped reported to aggregator: 0
	num of failed requests to aggregator: 0

[2026-02-15 11:31:05,564 I 4014903 4017429] accessor.cc:433: Received address and liveness notification for node, IsAlive = 0 node_id=c2bfde67e395a3752e8985a56c1ecdcdf8b24b49131776d920f97d6f
[2026-02-15 11:31:05,564 I 4014903 4017429] core_worker.cc:740: Node failure. All objects pinned on that node will be lost if object reconstruction is not enabled. node_id=c2bfde67e395a3752e8985a56c1ecdcdf8b24b49131776d920f97d6f
[2026-02-15 11:31:05,564 I 4014903 4017429] normal_task_submitter.cc:840: Number of alive nodes:0
