[2026-02-15 11:14:43,583 I 3999440 3999440] core_worker_process.cc:777: Constructing CoreWorkerProcess. pid: 3999440
[2026-02-15 11:14:43,585 I 3999440 3999440] event.cc:499: Ray Event initialized for CORE_WORKER
[2026-02-15 11:14:43,585 I 3999440 3999440] event.cc:499: Ray Event initialized for EXPORT_TASK
[2026-02-15 11:14:43,585 I 3999440 3999440] event.cc:332: Set ray event level to warning
[2026-02-15 11:14:43,585 I 3999440 3999440] event_aggregator_client.h:50: Initiating the local event aggregator client with port: 64938
[2026-02-15 11:14:43,587 I 3999440 3999440] grpc_server.cc:143: worker server started, listening on port 36359.
[2026-02-15 11:14:43,596 I 3999440 3999440] core_worker_process.cc:262: Initializing worker at address: 172.28.6.3:36359 worker_id=d699f1af13beb724e78125feab296b964062139953d3859c108c0249 node_id=e1e36a4cadb97d7e82b62c4426600c8ae57b021f0f3a7cf49049d1f6
[2026-02-15 11:14:43,597 I 3999440 3999440] task_event_buffer.cc:480: Reporting task events to GCS every 1000ms.
[2026-02-15 11:14:43,598 I 3999440 3999440] core_worker.cc:515: Adjusted worker niceness to 15
[2026-02-15 11:14:43,598 I 3999440 3999440] metrics_agent_client.cc:45: Initializing exporter ...
[2026-02-15 11:14:43,598 I 3999440 3999496] core_worker.cc:455: Event stats:


Global stats: 12 total (10 active)
Queueing time: mean = 0.00ms, max = 0.04ms, min = 0.01ms, total = 0.05ms
Execution time:  mean = 0.00ms, total = 0.03ms
Event stats:
	PeriodicalRunner.RunFnPeriodically - 7 total (5 active, 1 running), Execution time: mean = 0.00ms, total = 0.03ms, Queueing time: mean = 0.01ms, max = 0.04ms, min = 0.01ms, total = 0.05ms
	CoreWorker.ExitIfParentRayletDies - 1 total (1 active), Execution time: mean = 0.00ms, total = 0.00ms, Queueing time: mean = 0.00ms, max = -0.00ms, min = 9223372036854.78ms, total = 0.00ms
	Publisher.CheckDeadSubscribers - 1 total (1 active), Execution time: mean = 0.00ms, total = 0.00ms, Queueing time: mean = 0.00ms, max = -0.00ms, min = 9223372036854.78ms, total = 0.00ms
	ray::rpc::InternalPubSubGcsService.grpc_client.GcsSubscriberCommandBatch - 1 total (1 active), Execution time: mean = 0.00ms, total = 0.00ms, Queueing time: mean = 0.00ms, max = -0.00ms, min = 9223372036854.78ms, total = 0.00ms
	ray::rpc::InternalPubSubGcsService.grpc_client.GcsSubscriberPoll - 1 total (1 active), Execution time: mean = 0.00ms, total = 0.00ms, Queueing time: mean = 0.00ms, max = -0.00ms, min = 9223372036854.78ms, total = 0.00ms
	ray::rpc::WorkerInfoGcsService.grpc_client.AddWorkerInfo - 1 total (1 active), Execution time: mean = 0.00ms, total = 0.00ms, Queueing time: mean = 0.00ms, max = -0.00ms, min = 9223372036854.78ms, total = 0.00ms

-----------------
Task execution event stats:

Global stats: 0 total (0 active)
Queueing time: mean = -nanms, max = -0.00ms, min = 9223372036854.78ms, total = 0.00ms
Execution time:  mean = -nanms, total = 0.00ms
Event stats:

-----------------
Task Event stats:

IO Service Stats:

Global stats: 4 total (1 active)
Queueing time: mean = 0.01ms, max = 0.03ms, min = 0.01ms, total = 0.04ms
Execution time:  mean = 0.20ms, total = 0.80ms
Event stats:
	ray::rpc::TaskInfoGcsService.grpc_client.AddTaskEventData - 1 total (0 active), Execution time: mean = 0.57ms, total = 0.57ms, Queueing time: mean = 0.00ms, max = -0.00ms, min = 9223372036854.78ms, total = 0.00ms
	CoreWorker.deadline_timer.flush_task_events - 1 total (1 active), Execution time: mean = 0.00ms, total = 0.00ms, Queueing time: mean = 0.00ms, max = -0.00ms, min = 9223372036854.78ms, total = 0.00ms
	ray::rpc::TaskInfoGcsService.grpc_client.AddTaskEventData.OnReplyReceived - 1 total (0 active), Execution time: mean = 0.02ms, total = 0.02ms, Queueing time: mean = 0.03ms, max = 0.03ms, min = 0.03ms, total = 0.03ms
	PeriodicalRunner.RunFnPeriodically - 1 total (0 active), Execution time: mean = 0.21ms, total = 0.21ms, Queueing time: mean = 0.01ms, max = 0.01ms, min = 0.01ms, total = 0.01ms
Other Stats:
	gcs_grpc_in_progress:0
	event_aggregator_grpc_in_progress:0
	current number of task status events in buffer: 0
	current number of profile events in buffer: 0
	current number of dropped task attempts tracked: 0
	total task events sent: 0 MiB
	total number of task attempts sent: 0
	total number of task attempts dropped reported: 0
	total number of sent failure: 0
	num status task events dropped: 0
	num profile task events dropped: 0
	num ray task events reported to aggregator: 0
	num ray task events failed to report to aggregator: 0
	num of task attempts dropped reported to aggregator: 0
	num of failed requests to aggregator: 0

[2026-02-15 11:14:43,599 I 3999440 3999496] accessor.cc:433: Received address and liveness notification for node, IsAlive = 1 node_id=e1e36a4cadb97d7e82b62c4426600c8ae57b021f0f3a7cf49049d1f6
[2026-02-15 11:14:43,599 I 3999440 3999496] normal_task_submitter.cc:840: Number of alive nodes:1
[2026-02-15 11:14:43,600 I 3999440 3999496] metrics_agent_client.cc:59: Exporter initialized.
[2026-02-15 11:15:43,599 I 3999440 3999496] core_worker.cc:455: Event stats:


Global stats: 886 total (8 active)
Queueing time: mean = 0.06ms, max = 1.43ms, min = 0.01ms, total = 49.24ms
Execution time:  mean = 0.33ms, total = 291.38ms
Event stats:
	CoreWorker.RecoverObjects - 600 total (1 active), Execution time: mean = 0.01ms, total = 6.18ms, Queueing time: mean = 0.06ms, max = 0.14ms, min = 0.01ms, total = 35.50ms
	NodeManagerService.grpc_client.ReportWorkerBacklog.OnReplyReceived - 60 total (0 active), Execution time: mean = 0.03ms, total = 1.85ms, Queueing time: mean = 0.04ms, max = 0.08ms, min = 0.01ms, total = 2.69ms
	CoreWorker.InternalHeartbeat - 60 total (1 active), Execution time: mean = 0.21ms, total = 12.86ms, Queueing time: mean = 0.08ms, max = 1.43ms, min = 0.02ms, total = 4.52ms
	NodeManagerService.grpc_client.ReportWorkerBacklog - 60 total (0 active), Execution time: mean = 0.95ms, total = 56.96ms, Queueing time: mean = 0.00ms, max = -0.00ms, min = 9223372036854.78ms, total = 0.00ms
	CoreWorker.ExitIfParentRayletDies - 60 total (1 active), Execution time: mean = 0.01ms, total = 0.81ms, Queueing time: mean = 0.06ms, max = 0.11ms, min = 0.02ms, total = 3.58ms
	CoreWorker.RecordMetrics - 12 total (1 active), Execution time: mean = 0.24ms, total = 2.83ms, Queueing time: mean = 0.05ms, max = 0.07ms, min = 0.02ms, total = 0.56ms
	PeriodicalRunner.RunFnPeriodically - 7 total (0 active), Execution time: mean = 0.08ms, total = 0.55ms, Queueing time: mean = 0.21ms, max = 0.53ms, min = 0.01ms, total = 1.48ms
	CoreWorker.TryDelPendingObjectRefStreams - 6 total (1 active), Execution time: mean = 0.01ms, total = 0.04ms, Queueing time: mean = 0.05ms, max = 0.08ms, min = 0.03ms, total = 0.29ms
	CoreWorkerService.grpc_server.GetCoreWorkerStats.HandleRequestImpl - 4 total (0 active), Execution time: mean = 0.07ms, total = 0.28ms, Queueing time: mean = 0.02ms, max = 0.03ms, min = 0.01ms, total = 0.08ms
	CoreWorkerService.grpc_server.GetCoreWorkerStats - 4 total (0 active), Execution time: mean = 0.24ms, total = 0.96ms, Queueing time: mean = 0.00ms, max = -0.00ms, min = 9223372036854.78ms, total = 0.00ms
	ReporterService.grpc_client.HealthCheck - 1 total (0 active), Execution time: mean = 1.44ms, total = 1.44ms, Queueing time: mean = 0.00ms, max = -0.00ms, min = 9223372036854.78ms, total = 0.00ms
	CoreWorker.PrintEventStats - 1 total (1 active, 1 running), Execution time: mean = 0.00ms, total = 0.00ms, Queueing time: mean = 0.00ms, max = -0.00ms, min = 9223372036854.78ms, total = 0.00ms
	ray::rpc::InternalPubSubGcsService.grpc_client.GcsSubscriberPoll - 1 total (1 active), Execution time: mean = 0.00ms, total = 0.00ms, Queueing time: mean = 0.00ms, max = -0.00ms, min = 9223372036854.78ms, total = 0.00ms
	ray::rpc::InternalPubSubGcsService.grpc_client.GcsSubscriberCommandBatch.OnReplyReceived - 1 total (0 active), Execution time: mean = 0.12ms, total = 0.12ms, Queueing time: mean = 0.15ms, max = 0.15ms, min = 0.15ms, total = 0.15ms
	ray::rpc::NodeInfoGcsService.grpc_client.GetAllNodeAddressAndLiveness - 1 total (0 active), Execution time: mean = 0.46ms, total = 0.46ms, Queueing time: mean = 0.00ms, max = -0.00ms, min = 9223372036854.78ms, total = 0.00ms
	CoreWorkerService.grpc_server.PushTask - 1 total (0 active), Execution time: mean = 204.53ms, total = 204.53ms, Queueing time: mean = 0.00ms, max = -0.00ms, min = 9223372036854.78ms, total = 0.00ms
	ray::rpc::WorkerInfoGcsService.grpc_client.AddWorkerInfo - 1 total (0 active), Execution time: mean = 0.54ms, total = 0.54ms, Queueing time: mean = 0.00ms, max = -0.00ms, min = 9223372036854.78ms, total = 0.00ms
	CoreWorkerService.grpc_server.PushTask.HandleRequestImpl - 1 total (0 active), Execution time: mean = 0.08ms, total = 0.08ms, Queueing time: mean = 0.01ms, max = 0.01ms, min = 0.01ms, total = 0.01ms
	ray::rpc::InternalPubSubGcsService.grpc_client.GcsSubscriberCommandBatch - 1 total (0 active), Execution time: mean = 0.62ms, total = 0.62ms, Queueing time: mean = 0.00ms, max = -0.00ms, min = 9223372036854.78ms, total = 0.00ms
	ReporterService.grpc_client.HealthCheck.OnReplyReceived - 1 total (0 active), Execution time: mean = 0.19ms, total = 0.19ms, Queueing time: mean = 0.01ms, max = 0.01ms, min = 0.01ms, total = 0.01ms
	ray::rpc::WorkerInfoGcsService.grpc_client.AddWorkerInfo.OnReplyReceived - 1 total (0 active), Execution time: mean = 0.03ms, total = 0.03ms, Queueing time: mean = 0.33ms, max = 0.33ms, min = 0.33ms, total = 0.33ms
	ray::rpc::NodeInfoGcsService.grpc_client.GetAllNodeAddressAndLiveness.OnReplyReceived - 1 total (0 active), Execution time: mean = 0.06ms, total = 0.06ms, Queueing time: mean = 0.04ms, max = 0.04ms, min = 0.04ms, total = 0.04ms
	Publisher.CheckDeadSubscribers - 1 total (1 active), Execution time: mean = 0.00ms, total = 0.00ms, Queueing time: mean = 0.00ms, max = -0.00ms, min = 9223372036854.78ms, total = 0.00ms

-----------------
Task execution event stats:

Global stats: 5947 total (1 active)
Queueing time: mean = 0.08ms, max = 194.43ms, min = -0.00ms, total = 500.91ms
Execution time:  mean = 0.05ms, total = 295.39ms
Event stats:
	CoreWorker.CheckSignal - 5945 total (1 active), Execution time: mean = 0.02ms, total = 91.19ms, Queueing time: mean = 0.08ms, max = 194.43ms, min = -0.00ms, total = 500.90ms
	CoreWorker.HandlePushTask - 1 total (0 active), Execution time: mean = 204.20ms, total = 204.20ms, Queueing time: mean = 0.01ms, max = 0.01ms, min = 0.01ms, total = 0.01ms
	PeriodicalRunner.RunFnPeriodically - 1 total (0 active), Execution time: mean = 0.01ms, total = 0.01ms, Queueing time: mean = 0.00ms, max = 0.00ms, min = 0.00ms, total = 0.00ms

-----------------
Task Event stats:

IO Service Stats:

Global stats: 181 total (1 active)
Queueing time: mean = 0.03ms, max = 0.12ms, min = 0.01ms, total = 6.32ms
Execution time:  mean = 0.40ms, total = 72.75ms
Event stats:
	ray::rpc::TaskInfoGcsService.grpc_client.AddTaskEventData - 60 total (0 active), Execution time: mean = 0.91ms, total = 54.64ms, Queueing time: mean = 0.00ms, max = -0.00ms, min = 9223372036854.78ms, total = 0.00ms
	CoreWorker.deadline_timer.flush_task_events - 60 total (1 active), Execution time: mean = 0.26ms, total = 15.49ms, Queueing time: mean = 0.06ms, max = 0.12ms, min = 0.02ms, total = 3.73ms
	ray::rpc::TaskInfoGcsService.grpc_client.AddTaskEventData.OnReplyReceived - 60 total (0 active), Execution time: mean = 0.04ms, total = 2.41ms, Queueing time: mean = 0.04ms, max = 0.08ms, min = 0.02ms, total = 2.58ms
	PeriodicalRunner.RunFnPeriodically - 1 total (0 active), Execution time: mean = 0.21ms, total = 0.21ms, Queueing time: mean = 0.01ms, max = 0.01ms, min = 0.01ms, total = 0.01ms
Other Stats:
	gcs_grpc_in_progress:0
	event_aggregator_grpc_in_progress:0
	current number of task status events in buffer: 0
	current number of profile events in buffer: 0
	current number of dropped task attempts tracked: 0
	total task events sent: 0.000761986 MiB
	total number of task attempts sent: 1
	total number of task attempts dropped reported: 0
	total number of sent failure: 0
	num status task events dropped: 0
	num profile task events dropped: 0
	num ray task events reported to aggregator: 0
	num ray task events failed to report to aggregator: 0
	num of task attempts dropped reported to aggregator: 0
	num of failed requests to aggregator: 0

[2026-02-15 11:16:43,600 I 3999440 3999496] core_worker.cc:455: Event stats:


Global stats: 1753 total (8 active)
Queueing time: mean = 0.05ms, max = 1.43ms, min = 0.01ms, total = 92.43ms
Execution time:  mean = 0.21ms, total = 375.38ms
Event stats:
	CoreWorker.RecoverObjects - 1200 total (1 active), Execution time: mean = 0.01ms, total = 11.68ms, Queueing time: mean = 0.06ms, max = 0.14ms, min = 0.01ms, total = 68.13ms
	NodeManagerService.grpc_client.ReportWorkerBacklog.OnReplyReceived - 120 total (0 active), Execution time: mean = 0.03ms, total = 3.88ms, Queueing time: mean = 0.04ms, max = 0.08ms, min = 0.01ms, total = 5.25ms
	CoreWorker.InternalHeartbeat - 120 total (1 active), Execution time: mean = 0.23ms, total = 27.02ms, Queueing time: mean = 0.06ms, max = 1.43ms, min = 0.02ms, total = 7.75ms
	NodeManagerService.grpc_client.ReportWorkerBacklog - 120 total (0 active), Execution time: mean = 0.96ms, total = 115.52ms, Queueing time: mean = 0.00ms, max = -0.00ms, min = 9223372036854.78ms, total = 0.00ms
	CoreWorker.ExitIfParentRayletDies - 120 total (1 active), Execution time: mean = 0.01ms, total = 1.54ms, Queueing time: mean = 0.06ms, max = 0.11ms, min = 0.02ms, total = 6.94ms
	CoreWorker.RecordMetrics - 24 total (1 active), Execution time: mean = 0.15ms, total = 3.63ms, Queueing time: mean = 0.05ms, max = 0.09ms, min = 0.02ms, total = 1.25ms
	CoreWorker.TryDelPendingObjectRefStreams - 12 total (1 active), Execution time: mean = 0.01ms, total = 0.07ms, Queueing time: mean = 0.07ms, max = 0.20ms, min = 0.03ms, total = 0.85ms
	CoreWorkerService.grpc_server.GetCoreWorkerStats.HandleRequestImpl - 8 total (0 active), Execution time: mean = 0.07ms, total = 0.58ms, Queueing time: mean = 0.02ms, max = 0.03ms, min = 0.01ms, total = 0.18ms
	CoreWorkerService.grpc_server.GetCoreWorkerStats - 8 total (0 active), Execution time: mean = 0.26ms, total = 2.05ms, Queueing time: mean = 0.00ms, max = -0.00ms, min = 9223372036854.78ms, total = 0.00ms
	PeriodicalRunner.RunFnPeriodically - 7 total (0 active), Execution time: mean = 0.08ms, total = 0.55ms, Queueing time: mean = 0.21ms, max = 0.53ms, min = 0.01ms, total = 1.48ms
	CoreWorker.PrintEventStats - 2 total (1 active, 1 running), Execution time: mean = 0.40ms, total = 0.80ms, Queueing time: mean = 0.04ms, max = 0.07ms, min = 0.07ms, total = 0.07ms
	ReporterService.grpc_client.HealthCheck - 1 total (0 active), Execution time: mean = 1.44ms, total = 1.44ms, Queueing time: mean = 0.00ms, max = -0.00ms, min = 9223372036854.78ms, total = 0.00ms
	ray::rpc::InternalPubSubGcsService.grpc_client.GcsSubscriberPoll - 1 total (1 active), Execution time: mean = 0.00ms, total = 0.00ms, Queueing time: mean = 0.00ms, max = -0.00ms, min = 9223372036854.78ms, total = 0.00ms
	ray::rpc::InternalPubSubGcsService.grpc_client.GcsSubscriberCommandBatch.OnReplyReceived - 1 total (0 active), Execution time: mean = 0.12ms, total = 0.12ms, Queueing time: mean = 0.15ms, max = 0.15ms, min = 0.15ms, total = 0.15ms
	ray::rpc::NodeInfoGcsService.grpc_client.GetAllNodeAddressAndLiveness - 1 total (0 active), Execution time: mean = 0.46ms, total = 0.46ms, Queueing time: mean = 0.00ms, max = -0.00ms, min = 9223372036854.78ms, total = 0.00ms
	CoreWorkerService.grpc_server.PushTask - 1 total (0 active), Execution time: mean = 204.53ms, total = 204.53ms, Queueing time: mean = 0.00ms, max = -0.00ms, min = 9223372036854.78ms, total = 0.00ms
	ray::rpc::WorkerInfoGcsService.grpc_client.AddWorkerInfo - 1 total (0 active), Execution time: mean = 0.54ms, total = 0.54ms, Queueing time: mean = 0.00ms, max = -0.00ms, min = 9223372036854.78ms, total = 0.00ms
	CoreWorkerService.grpc_server.PushTask.HandleRequestImpl - 1 total (0 active), Execution time: mean = 0.08ms, total = 0.08ms, Queueing time: mean = 0.01ms, max = 0.01ms, min = 0.01ms, total = 0.01ms
	ray::rpc::InternalPubSubGcsService.grpc_client.GcsSubscriberCommandBatch - 1 total (0 active), Execution time: mean = 0.62ms, total = 0.62ms, Queueing time: mean = 0.00ms, max = -0.00ms, min = 9223372036854.78ms, total = 0.00ms
	ReporterService.grpc_client.HealthCheck.OnReplyReceived - 1 total (0 active), Execution time: mean = 0.19ms, total = 0.19ms, Queueing time: mean = 0.01ms, max = 0.01ms, min = 0.01ms, total = 0.01ms
	ray::rpc::WorkerInfoGcsService.grpc_client.AddWorkerInfo.OnReplyReceived - 1 total (0 active), Execution time: mean = 0.03ms, total = 0.03ms, Queueing time: mean = 0.33ms, max = 0.33ms, min = 0.33ms, total = 0.33ms
	ray::rpc::NodeInfoGcsService.grpc_client.GetAllNodeAddressAndLiveness.OnReplyReceived - 1 total (0 active), Execution time: mean = 0.06ms, total = 0.06ms, Queueing time: mean = 0.04ms, max = 0.04ms, min = 0.04ms, total = 0.04ms
	Publisher.CheckDeadSubscribers - 1 total (1 active), Execution time: mean = 0.00ms, total = 0.00ms, Queueing time: mean = 0.00ms, max = -0.00ms, min = 9223372036854.78ms, total = 0.00ms

-----------------
Task execution event stats:

Global stats: 11912 total (1 active)
Queueing time: mean = 0.07ms, max = 194.43ms, min = -0.00ms, total = 794.53ms
Execution time:  mean = 0.03ms, total = 382.32ms
Event stats:
	CoreWorker.CheckSignal - 11910 total (1 active), Execution time: mean = 0.01ms, total = 178.12ms, Queueing time: mean = 0.07ms, max = 194.43ms, min = -0.00ms, total = 794.51ms
	CoreWorker.HandlePushTask - 1 total (0 active), Execution time: mean = 204.20ms, total = 204.20ms, Queueing time: mean = 0.01ms, max = 0.01ms, min = 0.01ms, total = 0.01ms
	PeriodicalRunner.RunFnPeriodically - 1 total (0 active), Execution time: mean = 0.01ms, total = 0.01ms, Queueing time: mean = 0.00ms, max = 0.00ms, min = 0.00ms, total = 0.00ms

-----------------
Task Event stats:

IO Service Stats:

Global stats: 361 total (1 active)
Queueing time: mean = 0.03ms, max = 0.12ms, min = 0.01ms, total = 12.61ms
Execution time:  mean = 0.39ms, total = 141.83ms
Event stats:
	ray::rpc::TaskInfoGcsService.grpc_client.AddTaskEventData - 120 total (0 active), Execution time: mean = 0.89ms, total = 106.78ms, Queueing time: mean = 0.00ms, max = -0.00ms, min = 9223372036854.78ms, total = 0.00ms
	CoreWorker.deadline_timer.flush_task_events - 120 total (1 active), Execution time: mean = 0.25ms, total = 30.01ms, Queueing time: mean = 0.06ms, max = 0.12ms, min = 0.02ms, total = 7.38ms
	ray::rpc::TaskInfoGcsService.grpc_client.AddTaskEventData.OnReplyReceived - 120 total (0 active), Execution time: mean = 0.04ms, total = 4.83ms, Queueing time: mean = 0.04ms, max = 0.08ms, min = 0.02ms, total = 5.22ms
	PeriodicalRunner.RunFnPeriodically - 1 total (0 active), Execution time: mean = 0.21ms, total = 0.21ms, Queueing time: mean = 0.01ms, max = 0.01ms, min = 0.01ms, total = 0.01ms
Other Stats:
	gcs_grpc_in_progress:0
	event_aggregator_grpc_in_progress:0
	current number of task status events in buffer: 0
	current number of profile events in buffer: 0
	current number of dropped task attempts tracked: 0
	total task events sent: 0.000761986 MiB
	total number of task attempts sent: 1
	total number of task attempts dropped reported: 0
	total number of sent failure: 0
	num status task events dropped: 0
	num profile task events dropped: 0
	num ray task events reported to aggregator: 0
	num ray task events failed to report to aggregator: 0
	num of task attempts dropped reported to aggregator: 0
	num of failed requests to aggregator: 0

[2026-02-15 11:17:43,600 I 3999440 3999496] core_worker.cc:455: Event stats:


Global stats: 2619 total (8 active)
Queueing time: mean = 0.05ms, max = 1.43ms, min = 0.01ms, total = 139.21ms
Execution time:  mean = 0.17ms, total = 453.41ms
Event stats:
	CoreWorker.RecoverObjects - 1799 total (1 active), Execution time: mean = 0.01ms, total = 16.96ms, Queueing time: mean = 0.06ms, max = 0.14ms, min = 0.01ms, total = 103.40ms
	NodeManagerService.grpc_client.ReportWorkerBacklog.OnReplyReceived - 180 total (0 active), Execution time: mean = 0.03ms, total = 5.73ms, Queueing time: mean = 0.05ms, max = 0.08ms, min = 0.01ms, total = 8.15ms
	CoreWorker.InternalHeartbeat - 180 total (1 active), Execution time: mean = 0.22ms, total = 39.74ms, Queueing time: mean = 0.06ms, max = 1.43ms, min = 0.01ms, total = 11.17ms
	NodeManagerService.grpc_client.ReportWorkerBacklog - 180 total (0 active), Execution time: mean = 0.95ms, total = 170.22ms, Queueing time: mean = 0.00ms, max = -0.00ms, min = 9223372036854.78ms, total = 0.00ms
	CoreWorker.ExitIfParentRayletDies - 180 total (1 active), Execution time: mean = 0.01ms, total = 2.21ms, Queueing time: mean = 0.06ms, max = 0.11ms, min = 0.02ms, total = 10.57ms
	CoreWorker.RecordMetrics - 36 total (1 active), Execution time: mean = 0.12ms, total = 4.36ms, Queueing time: mean = 0.05ms, max = 0.09ms, min = 0.02ms, total = 1.93ms
	CoreWorker.TryDelPendingObjectRefStreams - 18 total (1 active), Execution time: mean = 0.01ms, total = 0.10ms, Queueing time: mean = 0.09ms, max = 0.38ms, min = 0.03ms, total = 1.59ms
	CoreWorkerService.grpc_server.GetCoreWorkerStats.HandleRequestImpl - 12 total (0 active), Execution time: mean = 0.07ms, total = 0.87ms, Queueing time: mean = 0.02ms, max = 0.03ms, min = 0.01ms, total = 0.28ms
	CoreWorkerService.grpc_server.GetCoreWorkerStats - 12 total (0 active), Execution time: mean = 0.26ms, total = 3.08ms, Queueing time: mean = 0.00ms, max = -0.00ms, min = 9223372036854.78ms, total = 0.00ms
	PeriodicalRunner.RunFnPeriodically - 7 total (0 active), Execution time: mean = 0.08ms, total = 0.55ms, Queueing time: mean = 0.21ms, max = 0.53ms, min = 0.01ms, total = 1.48ms
	CoreWorker.PrintEventStats - 3 total (1 active, 1 running), Execution time: mean = 0.51ms, total = 1.53ms, Queueing time: mean = 0.04ms, max = 0.07ms, min = 0.04ms, total = 0.11ms
	ReporterService.grpc_client.HealthCheck - 1 total (0 active), Execution time: mean = 1.44ms, total = 1.44ms, Queueing time: mean = 0.00ms, max = -0.00ms, min = 9223372036854.78ms, total = 0.00ms
	ray::rpc::InternalPubSubGcsService.grpc_client.GcsSubscriberPoll - 1 total (1 active), Execution time: mean = 0.00ms, total = 0.00ms, Queueing time: mean = 0.00ms, max = -0.00ms, min = 9223372036854.78ms, total = 0.00ms
	ray::rpc::InternalPubSubGcsService.grpc_client.GcsSubscriberCommandBatch.OnReplyReceived - 1 total (0 active), Execution time: mean = 0.12ms, total = 0.12ms, Queueing time: mean = 0.15ms, max = 0.15ms, min = 0.15ms, total = 0.15ms
	ray::rpc::NodeInfoGcsService.grpc_client.GetAllNodeAddressAndLiveness - 1 total (0 active), Execution time: mean = 0.46ms, total = 0.46ms, Queueing time: mean = 0.00ms, max = -0.00ms, min = 9223372036854.78ms, total = 0.00ms
	CoreWorkerService.grpc_server.PushTask - 1 total (0 active), Execution time: mean = 204.53ms, total = 204.53ms, Queueing time: mean = 0.00ms, max = -0.00ms, min = 9223372036854.78ms, total = 0.00ms
	ray::rpc::WorkerInfoGcsService.grpc_client.AddWorkerInfo - 1 total (0 active), Execution time: mean = 0.54ms, total = 0.54ms, Queueing time: mean = 0.00ms, max = -0.00ms, min = 9223372036854.78ms, total = 0.00ms
	CoreWorkerService.grpc_server.PushTask.HandleRequestImpl - 1 total (0 active), Execution time: mean = 0.08ms, total = 0.08ms, Queueing time: mean = 0.01ms, max = 0.01ms, min = 0.01ms, total = 0.01ms
	ray::rpc::InternalPubSubGcsService.grpc_client.GcsSubscriberCommandBatch - 1 total (0 active), Execution time: mean = 0.62ms, total = 0.62ms, Queueing time: mean = 0.00ms, max = -0.00ms, min = 9223372036854.78ms, total = 0.00ms
	ReporterService.grpc_client.HealthCheck.OnReplyReceived - 1 total (0 active), Execution time: mean = 0.19ms, total = 0.19ms, Queueing time: mean = 0.01ms, max = 0.01ms, min = 0.01ms, total = 0.01ms
	ray::rpc::WorkerInfoGcsService.grpc_client.AddWorkerInfo.OnReplyReceived - 1 total (0 active), Execution time: mean = 0.03ms, total = 0.03ms, Queueing time: mean = 0.33ms, max = 0.33ms, min = 0.33ms, total = 0.33ms
	ray::rpc::NodeInfoGcsService.grpc_client.GetAllNodeAddressAndLiveness.OnReplyReceived - 1 total (0 active), Execution time: mean = 0.06ms, total = 0.06ms, Queueing time: mean = 0.04ms, max = 0.04ms, min = 0.04ms, total = 0.04ms
	Publisher.CheckDeadSubscribers - 1 total (1 active), Execution time: mean = 0.00ms, total = 0.00ms, Queueing time: mean = 0.00ms, max = -0.00ms, min = 9223372036854.78ms, total = 0.00ms

-----------------
Task execution event stats:

Global stats: 17876 total (1 active)
Queueing time: mean = 0.06ms, max = 194.43ms, min = -0.01ms, total = 1091.25ms
Execution time:  mean = 0.03ms, total = 471.97ms
Event stats:
	CoreWorker.CheckSignal - 17874 total (1 active), Execution time: mean = 0.01ms, total = 267.77ms, Queueing time: mean = 0.06ms, max = 194.43ms, min = -0.01ms, total = 1091.23ms
	CoreWorker.HandlePushTask - 1 total (0 active), Execution time: mean = 204.20ms, total = 204.20ms, Queueing time: mean = 0.01ms, max = 0.01ms, min = 0.01ms, total = 0.01ms
	PeriodicalRunner.RunFnPeriodically - 1 total (0 active), Execution time: mean = 0.01ms, total = 0.01ms, Queueing time: mean = 0.00ms, max = 0.00ms, min = 0.00ms, total = 0.00ms

-----------------
Task Event stats:

IO Service Stats:

Global stats: 541 total (1 active)
Queueing time: mean = 0.03ms, max = 0.12ms, min = 0.01ms, total = 18.92ms
Execution time:  mean = 0.39ms, total = 213.08ms
Event stats:
	ray::rpc::TaskInfoGcsService.grpc_client.AddTaskEventData - 180 total (0 active), Execution time: mean = 0.89ms, total = 160.25ms, Queueing time: mean = 0.00ms, max = -0.00ms, min = 9223372036854.78ms, total = 0.00ms
	CoreWorker.deadline_timer.flush_task_events - 180 total (1 active), Execution time: mean = 0.25ms, total = 45.37ms, Queueing time: mean = 0.06ms, max = 0.12ms, min = 0.02ms, total = 11.19ms
	ray::rpc::TaskInfoGcsService.grpc_client.AddTaskEventData.OnReplyReceived - 180 total (0 active), Execution time: mean = 0.04ms, total = 7.25ms, Queueing time: mean = 0.04ms, max = 0.08ms, min = 0.02ms, total = 7.72ms
	PeriodicalRunner.RunFnPeriodically - 1 total (0 active), Execution time: mean = 0.21ms, total = 0.21ms, Queueing time: mean = 0.01ms, max = 0.01ms, min = 0.01ms, total = 0.01ms
Other Stats:
	gcs_grpc_in_progress:0
	event_aggregator_grpc_in_progress:0
	current number of task status events in buffer: 0
	current number of profile events in buffer: 0
	current number of dropped task attempts tracked: 0
	total task events sent: 0.000761986 MiB
	total number of task attempts sent: 1
	total number of task attempts dropped reported: 0
	total number of sent failure: 0
	num status task events dropped: 0
	num profile task events dropped: 0
	num ray task events reported to aggregator: 0
	num ray task events failed to report to aggregator: 0
	num of task attempts dropped reported to aggregator: 0
	num of failed requests to aggregator: 0

[2026-02-15 11:18:43,601 I 3999440 3999496] core_worker.cc:455: Event stats:


Global stats: 3486 total (8 active)
Queueing time: mean = 0.05ms, max = 1.43ms, min = 0.01ms, total = 187.26ms
Execution time:  mean = 0.15ms, total = 532.27ms
Event stats:
	CoreWorker.RecoverObjects - 2399 total (1 active), Execution time: mean = 0.01ms, total = 22.07ms, Queueing time: mean = 0.06ms, max = 0.17ms, min = 0.01ms, total = 139.82ms
	NodeManagerService.grpc_client.ReportWorkerBacklog.OnReplyReceived - 240 total (0 active), Execution time: mean = 0.03ms, total = 7.57ms, Queueing time: mean = 0.05ms, max = 0.08ms, min = 0.01ms, total = 10.90ms
	CoreWorker.InternalHeartbeat - 240 total (1 active), Execution time: mean = 0.22ms, total = 52.74ms, Queueing time: mean = 0.06ms, max = 1.43ms, min = 0.01ms, total = 14.63ms
	NodeManagerService.grpc_client.ReportWorkerBacklog - 240 total (0 active), Execution time: mean = 0.94ms, total = 225.21ms, Queueing time: mean = 0.00ms, max = -0.00ms, min = 9223372036854.78ms, total = 0.00ms
	CoreWorker.ExitIfParentRayletDies - 240 total (1 active), Execution time: mean = 0.01ms, total = 2.93ms, Queueing time: mean = 0.06ms, max = 0.11ms, min = 0.02ms, total = 14.38ms
	CoreWorker.RecordMetrics - 48 total (1 active), Execution time: mean = 0.11ms, total = 5.26ms, Queueing time: mean = 0.06ms, max = 0.09ms, min = 0.02ms, total = 2.71ms
	CoreWorker.TryDelPendingObjectRefStreams - 24 total (1 active), Execution time: mean = 0.01ms, total = 0.14ms, Queueing time: mean = 0.09ms, max = 0.39ms, min = 0.03ms, total = 2.28ms
	CoreWorkerService.grpc_server.GetCoreWorkerStats.HandleRequestImpl - 16 total (0 active), Execution time: mean = 0.08ms, total = 1.26ms, Queueing time: mean = 0.02ms, max = 0.03ms, min = 0.01ms, total = 0.39ms
	CoreWorkerService.grpc_server.GetCoreWorkerStats - 16 total (0 active), Execution time: mean = 0.26ms, total = 4.23ms, Queueing time: mean = 0.00ms, max = -0.00ms, min = 9223372036854.78ms, total = 0.00ms
	PeriodicalRunner.RunFnPeriodically - 7 total (0 active), Execution time: mean = 0.08ms, total = 0.55ms, Queueing time: mean = 0.21ms, max = 0.53ms, min = 0.01ms, total = 1.48ms
	CoreWorker.PrintEventStats - 4 total (1 active, 1 running), Execution time: mean = 0.56ms, total = 2.26ms, Queueing time: mean = 0.04ms, max = 0.07ms, min = 0.04ms, total = 0.15ms
	ReporterService.grpc_client.HealthCheck - 1 total (0 active), Execution time: mean = 1.44ms, total = 1.44ms, Queueing time: mean = 0.00ms, max = -0.00ms, min = 9223372036854.78ms, total = 0.00ms
	ray::rpc::InternalPubSubGcsService.grpc_client.GcsSubscriberPoll - 1 total (1 active), Execution time: mean = 0.00ms, total = 0.00ms, Queueing time: mean = 0.00ms, max = -0.00ms, min = 9223372036854.78ms, total = 0.00ms
	ray::rpc::InternalPubSubGcsService.grpc_client.GcsSubscriberCommandBatch.OnReplyReceived - 1 total (0 active), Execution time: mean = 0.12ms, total = 0.12ms, Queueing time: mean = 0.15ms, max = 0.15ms, min = 0.15ms, total = 0.15ms
	ray::rpc::NodeInfoGcsService.grpc_client.GetAllNodeAddressAndLiveness - 1 total (0 active), Execution time: mean = 0.46ms, total = 0.46ms, Queueing time: mean = 0.00ms, max = -0.00ms, min = 9223372036854.78ms, total = 0.00ms
	CoreWorkerService.grpc_server.PushTask - 1 total (0 active), Execution time: mean = 204.53ms, total = 204.53ms, Queueing time: mean = 0.00ms, max = -0.00ms, min = 9223372036854.78ms, total = 0.00ms
	ray::rpc::WorkerInfoGcsService.grpc_client.AddWorkerInfo - 1 total (0 active), Execution time: mean = 0.54ms, total = 0.54ms, Queueing time: mean = 0.00ms, max = -0.00ms, min = 9223372036854.78ms, total = 0.00ms
	CoreWorkerService.grpc_server.PushTask.HandleRequestImpl - 1 total (0 active), Execution time: mean = 0.08ms, total = 0.08ms, Queueing time: mean = 0.01ms, max = 0.01ms, min = 0.01ms, total = 0.01ms
	ray::rpc::InternalPubSubGcsService.grpc_client.GcsSubscriberCommandBatch - 1 total (0 active), Execution time: mean = 0.62ms, total = 0.62ms, Queueing time: mean = 0.00ms, max = -0.00ms, min = 9223372036854.78ms, total = 0.00ms
	ReporterService.grpc_client.HealthCheck.OnReplyReceived - 1 total (0 active), Execution time: mean = 0.19ms, total = 0.19ms, Queueing time: mean = 0.01ms, max = 0.01ms, min = 0.01ms, total = 0.01ms
	ray::rpc::WorkerInfoGcsService.grpc_client.AddWorkerInfo.OnReplyReceived - 1 total (0 active), Execution time: mean = 0.03ms, total = 0.03ms, Queueing time: mean = 0.33ms, max = 0.33ms, min = 0.33ms, total = 0.33ms
	ray::rpc::NodeInfoGcsService.grpc_client.GetAllNodeAddressAndLiveness.OnReplyReceived - 1 total (0 active), Execution time: mean = 0.06ms, total = 0.06ms, Queueing time: mean = 0.04ms, max = 0.04ms, min = 0.04ms, total = 0.04ms
	Publisher.CheckDeadSubscribers - 1 total (1 active), Execution time: mean = 0.00ms, total = 0.00ms, Queueing time: mean = 0.00ms, max = -0.00ms, min = 9223372036854.78ms, total = 0.00ms

-----------------
Task execution event stats:

Global stats: 23841 total (1 active)
Queueing time: mean = 0.06ms, max = 194.43ms, min = -0.01ms, total = 1392.95ms
Execution time:  mean = 0.02ms, total = 560.92ms
Event stats:
	CoreWorker.CheckSignal - 23839 total (1 active), Execution time: mean = 0.01ms, total = 356.71ms, Queueing time: mean = 0.06ms, max = 194.43ms, min = -0.01ms, total = 1392.93ms
	CoreWorker.HandlePushTask - 1 total (0 active), Execution time: mean = 204.20ms, total = 204.20ms, Queueing time: mean = 0.01ms, max = 0.01ms, min = 0.01ms, total = 0.01ms
	PeriodicalRunner.RunFnPeriodically - 1 total (0 active), Execution time: mean = 0.01ms, total = 0.01ms, Queueing time: mean = 0.00ms, max = 0.00ms, min = 0.00ms, total = 0.00ms

-----------------
Task Event stats:

IO Service Stats:

Global stats: 721 total (1 active)
Queueing time: mean = 0.04ms, max = 0.21ms, min = 0.01ms, total = 25.50ms
Execution time:  mean = 0.40ms, total = 285.25ms
Event stats:
	ray::rpc::TaskInfoGcsService.grpc_client.AddTaskEventData - 240 total (0 active), Execution time: mean = 0.89ms, total = 214.47ms, Queueing time: mean = 0.00ms, max = -0.00ms, min = 9223372036854.78ms, total = 0.00ms
	CoreWorker.deadline_timer.flush_task_events - 240 total (1 active), Execution time: mean = 0.25ms, total = 60.78ms, Queueing time: mean = 0.06ms, max = 0.21ms, min = 0.02ms, total = 15.08ms
	ray::rpc::TaskInfoGcsService.grpc_client.AddTaskEventData.OnReplyReceived - 240 total (0 active), Execution time: mean = 0.04ms, total = 9.79ms, Queueing time: mean = 0.04ms, max = 0.08ms, min = 0.01ms, total = 10.42ms
	PeriodicalRunner.RunFnPeriodically - 1 total (0 active), Execution time: mean = 0.21ms, total = 0.21ms, Queueing time: mean = 0.01ms, max = 0.01ms, min = 0.01ms, total = 0.01ms
Other Stats:
	gcs_grpc_in_progress:0
	event_aggregator_grpc_in_progress:0
	current number of task status events in buffer: 0
	current number of profile events in buffer: 0
	current number of dropped task attempts tracked: 0
	total task events sent: 0.000761986 MiB
	total number of task attempts sent: 1
	total number of task attempts dropped reported: 0
	total number of sent failure: 0
	num status task events dropped: 0
	num profile task events dropped: 0
	num ray task events reported to aggregator: 0
	num ray task events failed to report to aggregator: 0
	num of task attempts dropped reported to aggregator: 0
	num of failed requests to aggregator: 0

[2026-02-15 11:19:43,602 I 3999440 3999496] core_worker.cc:455: Event stats:


Global stats: 4354 total (8 active)
Queueing time: mean = 0.05ms, max = 1.43ms, min = 0.01ms, total = 233.66ms
Execution time:  mean = 0.14ms, total = 611.02ms
Event stats:
	CoreWorker.RecoverObjects - 2999 total (1 active), Execution time: mean = 0.01ms, total = 27.35ms, Queueing time: mean = 0.06ms, max = 0.17ms, min = 0.01ms, total = 174.65ms
	NodeManagerService.grpc_client.ReportWorkerBacklog.OnReplyReceived - 300 total (0 active), Execution time: mean = 0.03ms, total = 9.52ms, Queueing time: mean = 0.05ms, max = 0.08ms, min = 0.01ms, total = 13.58ms
	CoreWorker.InternalHeartbeat - 300 total (1 active), Execution time: mean = 0.22ms, total = 65.52ms, Queueing time: mean = 0.06ms, max = 1.43ms, min = 0.01ms, total = 18.20ms
	NodeManagerService.grpc_client.ReportWorkerBacklog - 300 total (0 active), Execution time: mean = 0.93ms, total = 280.42ms, Queueing time: mean = 0.00ms, max = -0.00ms, min = 9223372036854.78ms, total = 0.00ms
	CoreWorker.ExitIfParentRayletDies - 300 total (1 active), Execution time: mean = 0.01ms, total = 3.60ms, Queueing time: mean = 0.06ms, max = 0.11ms, min = 0.02ms, total = 18.05ms
	CoreWorker.RecordMetrics - 60 total (1 active), Execution time: mean = 0.10ms, total = 5.96ms, Queueing time: mean = 0.06ms, max = 0.09ms, min = 0.02ms, total = 3.38ms
	CoreWorker.TryDelPendingObjectRefStreams - 30 total (1 active), Execution time: mean = 0.01ms, total = 0.19ms, Queueing time: mean = 0.10ms, max = 0.49ms, min = 0.02ms, total = 2.98ms
	CoreWorkerService.grpc_server.GetCoreWorkerStats.HandleRequestImpl - 20 total (0 active), Execution time: mean = 0.08ms, total = 1.56ms, Queueing time: mean = 0.03ms, max = 0.06ms, min = 0.01ms, total = 0.52ms
	CoreWorkerService.grpc_server.GetCoreWorkerStats - 20 total (0 active), Execution time: mean = 0.26ms, total = 5.26ms, Queueing time: mean = 0.00ms, max = -0.00ms, min = 9223372036854.78ms, total = 0.00ms
	PeriodicalRunner.RunFnPeriodically - 7 total (0 active), Execution time: mean = 0.08ms, total = 0.55ms, Queueing time: mean = 0.21ms, max = 0.53ms, min = 0.01ms, total = 1.48ms
	CoreWorker.PrintEventStats - 5 total (1 active, 1 running), Execution time: mean = 0.61ms, total = 3.03ms, Queueing time: mean = 0.04ms, max = 0.07ms, min = 0.04ms, total = 0.22ms
	Publisher.CheckDeadSubscribers - 2 total (1 active), Execution time: mean = 0.00ms, total = 0.01ms, Queueing time: mean = 0.04ms, max = 0.07ms, min = 0.07ms, total = 0.07ms
	ReporterService.grpc_client.HealthCheck - 1 total (0 active), Execution time: mean = 1.44ms, total = 1.44ms, Queueing time: mean = 0.00ms, max = -0.00ms, min = 9223372036854.78ms, total = 0.00ms
	ray::rpc::InternalPubSubGcsService.grpc_client.GcsSubscriberPoll - 1 total (1 active), Execution time: mean = 0.00ms, total = 0.00ms, Queueing time: mean = 0.00ms, max = -0.00ms, min = 9223372036854.78ms, total = 0.00ms
	ray::rpc::InternalPubSubGcsService.grpc_client.GcsSubscriberCommandBatch.OnReplyReceived - 1 total (0 active), Execution time: mean = 0.12ms, total = 0.12ms, Queueing time: mean = 0.15ms, max = 0.15ms, min = 0.15ms, total = 0.15ms
	ray::rpc::NodeInfoGcsService.grpc_client.GetAllNodeAddressAndLiveness - 1 total (0 active), Execution time: mean = 0.46ms, total = 0.46ms, Queueing time: mean = 0.00ms, max = -0.00ms, min = 9223372036854.78ms, total = 0.00ms
	CoreWorkerService.grpc_server.PushTask - 1 total (0 active), Execution time: mean = 204.53ms, total = 204.53ms, Queueing time: mean = 0.00ms, max = -0.00ms, min = 9223372036854.78ms, total = 0.00ms
	ray::rpc::WorkerInfoGcsService.grpc_client.AddWorkerInfo - 1 total (0 active), Execution time: mean = 0.54ms, total = 0.54ms, Queueing time: mean = 0.00ms, max = -0.00ms, min = 9223372036854.78ms, total = 0.00ms
	CoreWorkerService.grpc_server.PushTask.HandleRequestImpl - 1 total (0 active), Execution time: mean = 0.08ms, total = 0.08ms, Queueing time: mean = 0.01ms, max = 0.01ms, min = 0.01ms, total = 0.01ms
	ray::rpc::InternalPubSubGcsService.grpc_client.GcsSubscriberCommandBatch - 1 total (0 active), Execution time: mean = 0.62ms, total = 0.62ms, Queueing time: mean = 0.00ms, max = -0.00ms, min = 9223372036854.78ms, total = 0.00ms
	ReporterService.grpc_client.HealthCheck.OnReplyReceived - 1 total (0 active), Execution time: mean = 0.19ms, total = 0.19ms, Queueing time: mean = 0.01ms, max = 0.01ms, min = 0.01ms, total = 0.01ms
	ray::rpc::WorkerInfoGcsService.grpc_client.AddWorkerInfo.OnReplyReceived - 1 total (0 active), Execution time: mean = 0.03ms, total = 0.03ms, Queueing time: mean = 0.33ms, max = 0.33ms, min = 0.33ms, total = 0.33ms
	ray::rpc::NodeInfoGcsService.grpc_client.GetAllNodeAddressAndLiveness.OnReplyReceived - 1 total (0 active), Execution time: mean = 0.06ms, total = 0.06ms, Queueing time: mean = 0.04ms, max = 0.04ms, min = 0.04ms, total = 0.04ms

-----------------
Task execution event stats:

Global stats: 29807 total (1 active)
Queueing time: mean = 0.06ms, max = 194.43ms, min = -0.01ms, total = 1676.93ms
Execution time:  mean = 0.02ms, total = 650.36ms
Event stats:
	CoreWorker.CheckSignal - 29805 total (1 active), Execution time: mean = 0.01ms, total = 446.15ms, Queueing time: mean = 0.06ms, max = 194.43ms, min = -0.01ms, total = 1676.91ms
	CoreWorker.HandlePushTask - 1 total (0 active), Execution time: mean = 204.20ms, total = 204.20ms, Queueing time: mean = 0.01ms, max = 0.01ms, min = 0.01ms, total = 0.01ms
	PeriodicalRunner.RunFnPeriodically - 1 total (0 active), Execution time: mean = 0.01ms, total = 0.01ms, Queueing time: mean = 0.00ms, max = 0.00ms, min = 0.00ms, total = 0.00ms

-----------------
Task Event stats:

IO Service Stats:

Global stats: 901 total (1 active)
Queueing time: mean = 0.04ms, max = 0.21ms, min = 0.01ms, total = 31.86ms
Execution time:  mean = 0.39ms, total = 353.44ms
Event stats:
	ray::rpc::TaskInfoGcsService.grpc_client.AddTaskEventData - 300 total (0 active), Execution time: mean = 0.89ms, total = 266.48ms, Queueing time: mean = 0.00ms, max = -0.00ms, min = 9223372036854.78ms, total = 0.00ms
	CoreWorker.deadline_timer.flush_task_events - 300 total (1 active), Execution time: mean = 0.25ms, total = 74.68ms, Queueing time: mean = 0.06ms, max = 0.21ms, min = 0.02ms, total = 18.78ms
	ray::rpc::TaskInfoGcsService.grpc_client.AddTaskEventData.OnReplyReceived - 300 total (0 active), Execution time: mean = 0.04ms, total = 12.07ms, Queueing time: mean = 0.04ms, max = 0.08ms, min = 0.01ms, total = 13.08ms
	PeriodicalRunner.RunFnPeriodically - 1 total (0 active), Execution time: mean = 0.21ms, total = 0.21ms, Queueing time: mean = 0.01ms, max = 0.01ms, min = 0.01ms, total = 0.01ms
Other Stats:
	gcs_grpc_in_progress:0
	event_aggregator_grpc_in_progress:0
	current number of task status events in buffer: 0
	current number of profile events in buffer: 0
	current number of dropped task attempts tracked: 0
	total task events sent: 0.000761986 MiB
	total number of task attempts sent: 1
	total number of task attempts dropped reported: 0
	total number of sent failure: 0
	num status task events dropped: 0
	num profile task events dropped: 0
	num ray task events reported to aggregator: 0
	num ray task events failed to report to aggregator: 0
	num of task attempts dropped reported to aggregator: 0
	num of failed requests to aggregator: 0

[2026-02-15 11:20:43,603 I 3999440 3999496] core_worker.cc:455: Event stats:


Global stats: 5220 total (8 active)
Queueing time: mean = 0.05ms, max = 1.43ms, min = 0.01ms, total = 278.11ms
Execution time:  mean = 0.13ms, total = 693.33ms
Event stats:
	CoreWorker.RecoverObjects - 3598 total (1 active), Execution time: mean = 0.01ms, total = 32.74ms, Queueing time: mean = 0.06ms, max = 0.17ms, min = 0.01ms, total = 207.95ms
	NodeManagerService.grpc_client.ReportWorkerBacklog.OnReplyReceived - 360 total (0 active), Execution time: mean = 0.03ms, total = 11.53ms, Queueing time: mean = 0.05ms, max = 0.09ms, min = 0.01ms, total = 16.38ms
	CoreWorker.InternalHeartbeat - 360 total (1 active), Execution time: mean = 0.22ms, total = 79.35ms, Queueing time: mean = 0.06ms, max = 1.43ms, min = 0.01ms, total = 21.45ms
	NodeManagerService.grpc_client.ReportWorkerBacklog - 360 total (0 active), Execution time: mean = 0.94ms, total = 337.90ms, Queueing time: mean = 0.00ms, max = -0.00ms, min = 9223372036854.78ms, total = 0.00ms
	CoreWorker.ExitIfParentRayletDies - 360 total (1 active), Execution time: mean = 0.01ms, total = 4.29ms, Queueing time: mean = 0.06ms, max = 0.11ms, min = 0.02ms, total = 21.52ms
	CoreWorker.RecordMetrics - 72 total (1 active), Execution time: mean = 0.09ms, total = 6.73ms, Queueing time: mean = 0.05ms, max = 0.10ms, min = 0.02ms, total = 3.93ms
	CoreWorker.TryDelPendingObjectRefStreams - 36 total (1 active), Execution time: mean = 0.01ms, total = 0.23ms, Queueing time: mean = 0.11ms, max = 0.54ms, min = 0.02ms, total = 3.87ms
	CoreWorkerService.grpc_server.GetCoreWorkerStats.HandleRequestImpl - 24 total (0 active), Execution time: mean = 0.08ms, total = 1.86ms, Queueing time: mean = 0.03ms, max = 0.06ms, min = 0.01ms, total = 0.62ms
	CoreWorkerService.grpc_server.GetCoreWorkerStats - 24 total (0 active), Execution time: mean = 0.26ms, total = 6.32ms, Queueing time: mean = 0.00ms, max = -0.00ms, min = 9223372036854.78ms, total = 0.00ms
	PeriodicalRunner.RunFnPeriodically - 7 total (0 active), Execution time: mean = 0.08ms, total = 0.55ms, Queueing time: mean = 0.21ms, max = 0.53ms, min = 0.01ms, total = 1.48ms
	CoreWorker.PrintEventStats - 6 total (1 active, 1 running), Execution time: mean = 0.63ms, total = 3.76ms, Queueing time: mean = 0.05ms, max = 0.08ms, min = 0.04ms, total = 0.30ms
	Publisher.CheckDeadSubscribers - 2 total (1 active), Execution time: mean = 0.00ms, total = 0.01ms, Queueing time: mean = 0.04ms, max = 0.07ms, min = 0.07ms, total = 0.07ms
	ReporterService.grpc_client.HealthCheck - 1 total (0 active), Execution time: mean = 1.44ms, total = 1.44ms, Queueing time: mean = 0.00ms, max = -0.00ms, min = 9223372036854.78ms, total = 0.00ms
	ray::rpc::InternalPubSubGcsService.grpc_client.GcsSubscriberPoll - 1 total (1 active), Execution time: mean = 0.00ms, total = 0.00ms, Queueing time: mean = 0.00ms, max = -0.00ms, min = 9223372036854.78ms, total = 0.00ms
	ray::rpc::InternalPubSubGcsService.grpc_client.GcsSubscriberCommandBatch.OnReplyReceived - 1 total (0 active), Execution time: mean = 0.12ms, total = 0.12ms, Queueing time: mean = 0.15ms, max = 0.15ms, min = 0.15ms, total = 0.15ms
	ray::rpc::NodeInfoGcsService.grpc_client.GetAllNodeAddressAndLiveness - 1 total (0 active), Execution time: mean = 0.46ms, total = 0.46ms, Queueing time: mean = 0.00ms, max = -0.00ms, min = 9223372036854.78ms, total = 0.00ms
	CoreWorkerService.grpc_server.PushTask - 1 total (0 active), Execution time: mean = 204.53ms, total = 204.53ms, Queueing time: mean = 0.00ms, max = -0.00ms, min = 9223372036854.78ms, total = 0.00ms
	ray::rpc::WorkerInfoGcsService.grpc_client.AddWorkerInfo - 1 total (0 active), Execution time: mean = 0.54ms, total = 0.54ms, Queueing time: mean = 0.00ms, max = -0.00ms, min = 9223372036854.78ms, total = 0.00ms
	CoreWorkerService.grpc_server.PushTask.HandleRequestImpl - 1 total (0 active), Execution time: mean = 0.08ms, total = 0.08ms, Queueing time: mean = 0.01ms, max = 0.01ms, min = 0.01ms, total = 0.01ms
	ray::rpc::InternalPubSubGcsService.grpc_client.GcsSubscriberCommandBatch - 1 total (0 active), Execution time: mean = 0.62ms, total = 0.62ms, Queueing time: mean = 0.00ms, max = -0.00ms, min = 9223372036854.78ms, total = 0.00ms
	ReporterService.grpc_client.HealthCheck.OnReplyReceived - 1 total (0 active), Execution time: mean = 0.19ms, total = 0.19ms, Queueing time: mean = 0.01ms, max = 0.01ms, min = 0.01ms, total = 0.01ms
	ray::rpc::WorkerInfoGcsService.grpc_client.AddWorkerInfo.OnReplyReceived - 1 total (0 active), Execution time: mean = 0.03ms, total = 0.03ms, Queueing time: mean = 0.33ms, max = 0.33ms, min = 0.33ms, total = 0.33ms
	ray::rpc::NodeInfoGcsService.grpc_client.GetAllNodeAddressAndLiveness.OnReplyReceived - 1 total (0 active), Execution time: mean = 0.06ms, total = 0.06ms, Queueing time: mean = 0.04ms, max = 0.04ms, min = 0.04ms, total = 0.04ms

-----------------
Task execution event stats:

Global stats: 35773 total (1 active)
Queueing time: mean = 0.05ms, max = 194.43ms, min = -0.01ms, total = 1958.53ms
Execution time:  mean = 0.02ms, total = 741.66ms
Event stats:
	CoreWorker.CheckSignal - 35771 total (1 active), Execution time: mean = 0.02ms, total = 537.46ms, Queueing time: mean = 0.05ms, max = 194.43ms, min = -0.01ms, total = 1958.51ms
	CoreWorker.HandlePushTask - 1 total (0 active), Execution time: mean = 204.20ms, total = 204.20ms, Queueing time: mean = 0.01ms, max = 0.01ms, min = 0.01ms, total = 0.01ms
	PeriodicalRunner.RunFnPeriodically - 1 total (0 active), Execution time: mean = 0.01ms, total = 0.01ms, Queueing time: mean = 0.00ms, max = 0.00ms, min = 0.00ms, total = 0.00ms

-----------------
Task Event stats:

IO Service Stats:

Global stats: 1081 total (1 active)
Queueing time: mean = 0.04ms, max = 0.21ms, min = 0.01ms, total = 37.86ms
Execution time:  mean = 0.39ms, total = 421.41ms
Event stats:
	ray::rpc::TaskInfoGcsService.grpc_client.AddTaskEventData - 360 total (0 active), Execution time: mean = 0.88ms, total = 318.32ms, Queueing time: mean = 0.00ms, max = -0.00ms, min = 9223372036854.78ms, total = 0.00ms
	CoreWorker.deadline_timer.flush_task_events - 360 total (1 active), Execution time: mean = 0.25ms, total = 88.62ms, Queueing time: mean = 0.06ms, max = 0.21ms, min = 0.02ms, total = 22.50ms
	ray::rpc::TaskInfoGcsService.grpc_client.AddTaskEventData.OnReplyReceived - 360 total (0 active), Execution time: mean = 0.04ms, total = 14.26ms, Queueing time: mean = 0.04ms, max = 0.08ms, min = 0.01ms, total = 15.35ms
	PeriodicalRunner.RunFnPeriodically - 1 total (0 active), Execution time: mean = 0.21ms, total = 0.21ms, Queueing time: mean = 0.01ms, max = 0.01ms, min = 0.01ms, total = 0.01ms
Other Stats:
	gcs_grpc_in_progress:0
	event_aggregator_grpc_in_progress:0
	current number of task status events in buffer: 0
	current number of profile events in buffer: 0
	current number of dropped task attempts tracked: 0
	total task events sent: 0.000761986 MiB
	total number of task attempts sent: 1
	total number of task attempts dropped reported: 0
	total number of sent failure: 0
	num status task events dropped: 0
	num profile task events dropped: 0
	num ray task events reported to aggregator: 0
	num ray task events failed to report to aggregator: 0
	num of task attempts dropped reported to aggregator: 0
	num of failed requests to aggregator: 0

[2026-02-15 11:21:12,622 I 3999440 3999496] accessor.cc:433: Received address and liveness notification for node, IsAlive = 0 node_id=e1e36a4cadb97d7e82b62c4426600c8ae57b021f0f3a7cf49049d1f6
[2026-02-15 11:21:12,622 I 3999440 3999496] core_worker.cc:740: Node failure. All objects pinned on that node will be lost if object reconstruction is not enabled. node_id=e1e36a4cadb97d7e82b62c4426600c8ae57b021f0f3a7cf49049d1f6
[2026-02-15 11:21:12,622 I 3999440 3999496] normal_task_submitter.cc:840: Number of alive nodes:0
