[2026-02-15 11:14:31,020 I 3995217 3995217] core_worker_process.cc:777: Constructing CoreWorkerProcess. pid: 3995217
[2026-02-15 11:14:31,025 I 3995217 3995217] event.cc:499: Ray Event initialized for CORE_WORKER
[2026-02-15 11:14:31,025 I 3995217 3995217] event.cc:499: Ray Event initialized for EXPORT_TASK
[2026-02-15 11:14:31,025 I 3995217 3995217] event.cc:332: Set ray event level to warning
[2026-02-15 11:14:31,025 I 3995217 3995217] event_aggregator_client.h:50: Initiating the local event aggregator client with port: 64938
[2026-02-15 11:14:32,028 I 3995217 3995217] grpc_server.cc:143: driver server started, listening on port 36363.
[2026-02-15 11:14:32,037 I 3995217 3995217] core_worker_process.cc:262: Initializing worker at address: 172.28.6.3:36363 worker_id=01000000ffffffffffffffffffffffffffffffffffffffffffffffff node_id=e1e36a4cadb97d7e82b62c4426600c8ae57b021f0f3a7cf49049d1f6
[2026-02-15 11:14:32,038 I 3995217 3995217] task_event_buffer.cc:480: Reporting task events to GCS every 1000ms.
[2026-02-15 11:14:32,039 I 3995217 3996282] core_worker.cc:455: Event stats:


Global stats: 10 total (9 active)
Queueing time: mean = 0.00ms, max = 0.01ms, min = 0.01ms, total = 0.01ms
Execution time:  mean = 0.00ms, total = 0.03ms
Event stats:
	PeriodicalRunner.RunFnPeriodically - 6 total (5 active, 1 running), Execution time: mean = 0.00ms, total = 0.03ms, Queueing time: mean = 0.00ms, max = 0.01ms, min = 0.01ms, total = 0.01ms
	ray::rpc::WorkerInfoGcsService.grpc_client.AddWorkerInfo - 1 total (1 active), Execution time: mean = 0.00ms, total = 0.00ms, Queueing time: mean = 0.00ms, max = -0.00ms, min = 9223372036854.78ms, total = 0.00ms
	ray::rpc::InternalPubSubGcsService.grpc_client.GcsSubscriberPoll - 1 total (1 active), Execution time: mean = 0.00ms, total = 0.00ms, Queueing time: mean = 0.00ms, max = -0.00ms, min = 9223372036854.78ms, total = 0.00ms
	ray::rpc::InternalPubSubGcsService.grpc_client.GcsSubscriberCommandBatch - 1 total (1 active), Execution time: mean = 0.00ms, total = 0.00ms, Queueing time: mean = 0.00ms, max = -0.00ms, min = 9223372036854.78ms, total = 0.00ms
	Publisher.CheckDeadSubscribers - 1 total (1 active), Execution time: mean = 0.00ms, total = 0.00ms, Queueing time: mean = 0.00ms, max = -0.00ms, min = 9223372036854.78ms, total = 0.00ms

-----------------
Task execution event stats:

Global stats: 0 total (0 active)
Queueing time: mean = -nanms, max = -0.00ms, min = 9223372036854.78ms, total = 0.00ms
Execution time:  mean = -nanms, total = 0.00ms
Event stats:

-----------------
Task Event stats:

IO Service Stats:

Global stats: 4 total (1 active)
Queueing time: mean = 0.01ms, max = 0.04ms, min = 0.01ms, total = 0.04ms
Execution time:  mean = 0.20ms, total = 0.79ms
Event stats:
	PeriodicalRunner.RunFnPeriodically - 1 total (0 active), Execution time: mean = 0.20ms, total = 0.20ms, Queueing time: mean = 0.01ms, max = 0.01ms, min = 0.01ms, total = 0.01ms
	ray::rpc::TaskInfoGcsService.grpc_client.AddTaskEventData.OnReplyReceived - 1 total (0 active), Execution time: mean = 0.02ms, total = 0.02ms, Queueing time: mean = 0.04ms, max = 0.04ms, min = 0.04ms, total = 0.04ms
	ray::rpc::TaskInfoGcsService.grpc_client.AddTaskEventData - 1 total (0 active), Execution time: mean = 0.58ms, total = 0.58ms, Queueing time: mean = 0.00ms, max = -0.00ms, min = 9223372036854.78ms, total = 0.00ms
	CoreWorker.deadline_timer.flush_task_events - 1 total (1 active), Execution time: mean = 0.00ms, total = 0.00ms, Queueing time: mean = 0.00ms, max = -0.00ms, min = 9223372036854.78ms, total = 0.00ms
Other Stats:
	gcs_grpc_in_progress:0
	event_aggregator_grpc_in_progress:0
	current number of task status events in buffer: 1
	current number of profile events in buffer: 0
	current number of dropped task attempts tracked: 0
	total task events sent: 0 MiB
	total number of task attempts sent: 0
	total number of task attempts dropped reported: 0
	total number of sent failure: 0
	num status task events dropped: 0
	num profile task events dropped: 0
	num ray task events reported to aggregator: 0
	num ray task events failed to report to aggregator: 0
	num of task attempts dropped reported to aggregator: 0
	num of failed requests to aggregator: 0

[2026-02-15 11:14:32,040 I 3995217 3995217] metrics_agent_client.cc:45: Initializing exporter ...
[2026-02-15 11:14:32,040 I 3995217 3996282] accessor.cc:433: Received address and liveness notification for node, IsAlive = 1 node_id=e1e36a4cadb97d7e82b62c4426600c8ae57b021f0f3a7cf49049d1f6
[2026-02-15 11:14:32,040 I 3995217 3996282] normal_task_submitter.cc:840: Number of alive nodes:1
[2026-02-15 11:14:32,073 I 3995217 3995217] actor_task_submitter.cc:75: Set actor max pending calls to -1 actor_id=eecefddd2b0c6ca17c2771eb01000000
[2026-02-15 11:14:32,082 I 3995217 3996282] actor_manager.cc:236: received notification on actor, state: PENDING_CREATION, ip address: , port: 0, num_restarts: 0, death context type=CONTEXT_NOT_SET actor_id=eecefddd2b0c6ca17c2771eb01000000 worker_id=NIL_ID node_id=e1e36a4cadb97d7e82b62c4426600c8ae57b021f0f3a7cf49049d1f6
[2026-02-15 11:14:33,403 I 3995217 3996282] metrics_agent_client.cc:59: Exporter initialized.
[2026-02-15 11:14:42,021 I 3995217 3996282] actor_manager.cc:236: received notification on actor, state: ALIVE, ip address: 172.28.6.3, port: 35211, num_restarts: 0, death context type=CONTEXT_NOT_SET actor_id=eecefddd2b0c6ca17c2771eb01000000 worker_id=4acbb1963b7adba0bd0ab1fd3d8dfb1d5d9a94f44adbc3fa9110eb34 node_id=e1e36a4cadb97d7e82b62c4426600c8ae57b021f0f3a7cf49049d1f6
[2026-02-15 11:15:32,040 I 3995217 3996282] core_worker.cc:455: Event stats:


Global stats: 842 total (9 active)
Queueing time: mean = 1.24ms, max = 1000.08ms, min = 0.01ms, total = 1045.71ms
Execution time:  mean = 24.20ms, total = 20378.13ms
Event stats:
	CoreWorker.RecoverObjects - 600 total (1 active), Execution time: mean = 0.01ms, total = 5.91ms, Queueing time: mean = 0.06ms, max = 0.11ms, min = 0.02ms, total = 34.22ms
	NodeManagerService.grpc_client.ReportWorkerBacklog.OnReplyReceived - 60 total (0 active), Execution time: mean = 0.03ms, total = 1.63ms, Queueing time: mean = 0.05ms, max = 0.08ms, min = 0.01ms, total = 2.81ms
	NodeManagerService.grpc_client.ReportWorkerBacklog - 60 total (0 active), Execution time: mean = 0.90ms, total = 54.19ms, Queueing time: mean = 0.00ms, max = -0.00ms, min = 9223372036854.78ms, total = 0.00ms
	CoreWorker.InternalHeartbeat - 60 total (1 active), Execution time: mean = 0.19ms, total = 11.60ms, Queueing time: mean = 0.07ms, max = 1.13ms, min = 0.02ms, total = 4.49ms
	CoreWorker.RecordMetrics - 12 total (1 active), Execution time: mean = 0.23ms, total = 2.77ms, Queueing time: mean = 0.05ms, max = 0.08ms, min = 0.03ms, total = 0.61ms
	PeriodicalRunner.RunFnPeriodically - 6 total (0 active), Execution time: mean = 0.09ms, total = 0.52ms, Queueing time: mean = 0.26ms, max = 0.53ms, min = 0.01ms, total = 1.55ms
	CoreWorker.TryDelPendingObjectRefStreams - 6 total (1 active), Execution time: mean = 0.01ms, total = 0.04ms, Queueing time: mean = 0.05ms, max = 0.08ms, min = 0.03ms, total = 0.29ms
	CoreWorkerService.grpc_server.GetCoreWorkerStats.HandleRequestImpl - 4 total (0 active), Execution time: mean = 0.10ms, total = 0.40ms, Queueing time: mean = 0.02ms, max = 0.03ms, min = 0.01ms, total = 0.09ms
	CoreWorkerService.grpc_server.GetCoreWorkerStats - 4 total (0 active), Execution time: mean = 0.29ms, total = 1.17ms, Queueing time: mean = 0.00ms, max = -0.00ms, min = 9223372036854.78ms, total = 0.00ms
	ray::rpc::InternalPubSubGcsService.grpc_client.GcsSubscriberPoll - 2 total (1 active), Execution time: mean = 4990.95ms, total = 9981.89ms, Queueing time: mean = 0.00ms, max = -0.00ms, min = 9223372036854.78ms, total = 0.00ms
	ray::rpc::InternalPubSubGcsService.grpc_client.GcsSubscriberCommandBatch.OnReplyReceived - 2 total (0 active), Execution time: mean = 0.19ms, total = 0.38ms, Queueing time: mean = 0.14ms, max = 0.24ms, min = 0.03ms, total = 0.27ms
	ReporterService.grpc_client.HealthCheck.OnReplyReceived - 2 total (0 active), Execution time: mean = 0.26ms, total = 0.53ms, Queueing time: mean = 0.05ms, max = 0.06ms, min = 0.04ms, total = 0.09ms
	ray::rpc::InternalPubSubGcsService.grpc_client.GcsSubscriberCommandBatch - 2 total (0 active), Execution time: mean = 0.68ms, total = 1.37ms, Queueing time: mean = 0.00ms, max = -0.00ms, min = 9223372036854.78ms, total = 0.00ms
	ReporterService.grpc_client.HealthCheck - 2 total (0 active), Execution time: mean = 181.19ms, total = 362.39ms, Queueing time: mean = 0.00ms, max = -0.00ms, min = 9223372036854.78ms, total = 0.00ms
	ActorTaskSubmitter::SubmitTask - 1 total (0 active), Execution time: mean = 0.02ms, total = 0.02ms, Queueing time: mean = 0.03ms, max = 0.03ms, min = 0.03ms, total = 0.03ms
	ray::rpc::WorkerInfoGcsService.grpc_client.AddWorkerInfo.OnReplyReceived - 1 total (0 active), Execution time: mean = 0.03ms, total = 0.03ms, Queueing time: mean = 0.37ms, max = 0.37ms, min = 0.37ms, total = 0.37ms
	ray::rpc::NodeInfoGcsService.grpc_client.GetAllNodeAddressAndLiveness - 1 total (0 active), Execution time: mean = 0.47ms, total = 0.47ms, Queueing time: mean = 0.00ms, max = -0.00ms, min = 9223372036854.78ms, total = 0.00ms
	ray::rpc::NodeInfoGcsService.grpc_client.GetAllNodeAddressAndLiveness.OnReplyReceived - 1 total (0 active), Execution time: mean = 0.04ms, total = 0.04ms, Queueing time: mean = 0.01ms, max = 0.01ms, min = 0.01ms, total = 0.01ms
	ray::rpc::ActorInfoGcsService.grpc_client.RegisterActor - 1 total (0 active), Execution time: mean = 2.28ms, total = 2.28ms, Queueing time: mean = 0.00ms, max = -0.00ms, min = 9223372036854.78ms, total = 0.00ms
	ray::rpc::WorkerInfoGcsService.grpc_client.AddWorkerInfo - 1 total (0 active), Execution time: mean = 0.46ms, total = 0.46ms, Queueing time: mean = 0.00ms, max = -0.00ms, min = 9223372036854.78ms, total = 0.00ms
	Subscriber.HandlePublishedMessage_GCS_ACTOR_CHANNEL - 1 total (0 active), Execution time: mean = 1.14ms, total = 1.14ms, Queueing time: mean = 0.29ms, max = 0.29ms, min = 0.29ms, total = 0.29ms
	CoreWorkerService.grpc_client.PushTask - 1 total (1 active), Execution time: mean = 0.00ms, total = 0.00ms, Queueing time: mean = 0.00ms, max = -0.00ms, min = 9223372036854.78ms, total = 0.00ms
	CoreWorker.PrintEventStats - 1 total (1 active, 1 running), Execution time: mean = 0.00ms, total = 0.00ms, Queueing time: mean = 0.00ms, max = -0.00ms, min = 9223372036854.78ms, total = 0.00ms
	ray::rpc::ActorInfoGcsService.grpc_client.GetActorInfo - 1 total (0 active), Execution time: mean = 1.03ms, total = 1.03ms, Queueing time: mean = 0.00ms, max = -0.00ms, min = 9223372036854.78ms, total = 0.00ms
	ActorCreator.AsyncRegisterActor - 1 total (0 active), Execution time: mean = 0.28ms, total = 0.28ms, Queueing time: mean = 0.06ms, max = 0.06ms, min = 0.06ms, total = 0.06ms
	CoreWorkerService.grpc_server.WaitForActorRefDeleted - 1 total (1 active), Execution time: mean = 0.00ms, total = 0.00ms, Queueing time: mean = 0.00ms, max = -0.00ms, min = 9223372036854.78ms, total = 0.00ms
	ray::rpc::ActorInfoGcsService.grpc_client.CreateActor - 1 total (0 active), Execution time: mean = 9944.78ms, total = 9944.78ms, Queueing time: mean = 0.00ms, max = -0.00ms, min = 9223372036854.78ms, total = 0.00ms
	CoreWorkerService.grpc_server.WaitForActorRefDeleted.HandleRequestImpl - 1 total (0 active), Execution time: mean = 0.05ms, total = 0.05ms, Queueing time: mean = 0.29ms, max = 0.29ms, min = 0.29ms, total = 0.29ms
	ray::rpc::ActorInfoGcsService.grpc_client.RegisterActor.OnReplyReceived - 1 total (0 active), Execution time: mean = 0.30ms, total = 0.30ms, Queueing time: mean = 0.03ms, max = 0.03ms, min = 0.03ms, total = 0.03ms
	Publisher.CheckDeadSubscribers - 1 total (1 active), Execution time: mean = 0.00ms, total = 0.00ms, Queueing time: mean = 0.00ms, max = -0.00ms, min = 9223372036854.78ms, total = 0.00ms
	MetricsAgentClient.WaitForServerReadyWithRetry - 1 total (0 active), Execution time: mean = 0.22ms, total = 0.22ms, Queueing time: mean = 1000.08ms, max = 1000.08ms, min = 1000.08ms, total = 1000.08ms
	ray::rpc::ActorInfoGcsService.grpc_client.GetActorInfo.OnReplyReceived - 1 total (0 active), Execution time: mean = 1.52ms, total = 1.52ms, Queueing time: mean = 0.03ms, max = 0.03ms, min = 0.03ms, total = 0.03ms
	ray::rpc::InternalPubSubGcsService.grpc_client.GcsSubscriberPoll.OnReplyReceived - 1 total (0 active), Execution time: mean = 0.65ms, total = 0.65ms, Queueing time: mean = 0.02ms, max = 0.02ms, min = 0.02ms, total = 0.02ms
	ray::rpc::ActorInfoGcsService.grpc_client.CreateActor.OnReplyReceived - 1 total (0 active), Execution time: mean = 0.10ms, total = 0.10ms, Queueing time: mean = 0.06ms, max = 0.06ms, min = 0.06ms, total = 0.06ms

-----------------
Task execution event stats:

Global stats: 0 total (0 active)
Queueing time: mean = -nanms, max = -0.00ms, min = 9223372036854.78ms, total = 0.00ms
Execution time:  mean = -nanms, total = 0.00ms
Event stats:

-----------------
Task Event stats:

IO Service Stats:

Global stats: 181 total (1 active)
Queueing time: mean = 0.03ms, max = 0.11ms, min = 0.01ms, total = 6.08ms
Execution time:  mean = 0.39ms, total = 70.22ms
Event stats:
	ray::rpc::TaskInfoGcsService.grpc_client.AddTaskEventData.OnReplyReceived - 60 total (0 active), Execution time: mean = 0.04ms, total = 2.39ms, Queueing time: mean = 0.04ms, max = 0.07ms, min = 0.01ms, total = 2.43ms
	ray::rpc::TaskInfoGcsService.grpc_client.AddTaskEventData - 60 total (0 active), Execution time: mean = 0.87ms, total = 52.32ms, Queueing time: mean = 0.00ms, max = -0.00ms, min = 9223372036854.78ms, total = 0.00ms
	CoreWorker.deadline_timer.flush_task_events - 60 total (1 active), Execution time: mean = 0.26ms, total = 15.31ms, Queueing time: mean = 0.06ms, max = 0.11ms, min = 0.02ms, total = 3.65ms
	PeriodicalRunner.RunFnPeriodically - 1 total (0 active), Execution time: mean = 0.20ms, total = 0.20ms, Queueing time: mean = 0.01ms, max = 0.01ms, min = 0.01ms, total = 0.01ms
Other Stats:
	gcs_grpc_in_progress:0
	event_aggregator_grpc_in_progress:0
	current number of task status events in buffer: 0
	current number of profile events in buffer: 0
	current number of dropped task attempts tracked: 0
	total task events sent: 0.00111294 MiB
	total number of task attempts sent: 5
	total number of task attempts dropped reported: 0
	total number of sent failure: 0
	num status task events dropped: 0
	num profile task events dropped: 0
	num ray task events reported to aggregator: 0
	num ray task events failed to report to aggregator: 0
	num of task attempts dropped reported to aggregator: 0
	num of failed requests to aggregator: 0

[2026-02-15 11:16:32,041 I 3995217 3996282] core_worker.cc:455: Event stats:


Global stats: 1649 total (9 active)
Queueing time: mean = 0.66ms, max = 1000.08ms, min = 0.01ms, total = 1084.82ms
Execution time:  mean = 12.40ms, total = 20452.32ms
Event stats:
	CoreWorker.RecoverObjects - 1200 total (1 active), Execution time: mean = 0.01ms, total = 11.30ms, Queueing time: mean = 0.05ms, max = 0.11ms, min = 0.01ms, total = 65.56ms
	NodeManagerService.grpc_client.ReportWorkerBacklog - 120 total (0 active), Execution time: mean = 0.88ms, total = 106.15ms, Queueing time: mean = 0.00ms, max = -0.00ms, min = 9223372036854.78ms, total = 0.00ms
	CoreWorker.InternalHeartbeat - 120 total (1 active), Execution time: mean = 0.20ms, total = 23.68ms, Queueing time: mean = 0.07ms, max = 1.13ms, min = 0.02ms, total = 8.09ms
	NodeManagerService.grpc_client.ReportWorkerBacklog.OnReplyReceived - 120 total (0 active), Execution time: mean = 0.03ms, total = 3.29ms, Queueing time: mean = 0.05ms, max = 0.09ms, min = 0.01ms, total = 5.44ms
	CoreWorker.RecordMetrics - 24 total (1 active), Execution time: mean = 0.15ms, total = 3.55ms, Queueing time: mean = 0.05ms, max = 0.08ms, min = 0.03ms, total = 1.23ms
	CoreWorker.TryDelPendingObjectRefStreams - 12 total (1 active), Execution time: mean = 0.01ms, total = 0.07ms, Queueing time: mean = 0.09ms, max = 0.43ms, min = 0.03ms, total = 1.03ms
	CoreWorkerService.grpc_server.GetCoreWorkerStats - 8 total (0 active), Execution time: mean = 0.27ms, total = 2.19ms, Queueing time: mean = 0.00ms, max = -0.00ms, min = 9223372036854.78ms, total = 0.00ms
	CoreWorkerService.grpc_server.GetCoreWorkerStats.HandleRequestImpl - 8 total (0 active), Execution time: mean = 0.09ms, total = 0.71ms, Queueing time: mean = 0.02ms, max = 0.03ms, min = 0.01ms, total = 0.18ms
	PeriodicalRunner.RunFnPeriodically - 6 total (0 active), Execution time: mean = 0.09ms, total = 0.52ms, Queueing time: mean = 0.26ms, max = 0.53ms, min = 0.01ms, total = 1.55ms
	CoreWorker.PrintEventStats - 2 total (1 active, 1 running), Execution time: mean = 0.47ms, total = 0.94ms, Queueing time: mean = 0.05ms, max = 0.09ms, min = 0.09ms, total = 0.09ms
	ReporterService.grpc_client.HealthCheck.OnReplyReceived - 2 total (0 active), Execution time: mean = 0.26ms, total = 0.53ms, Queueing time: mean = 0.05ms, max = 0.06ms, min = 0.04ms, total = 0.09ms
	ray::rpc::InternalPubSubGcsService.grpc_client.GcsSubscriberCommandBatch.OnReplyReceived - 2 total (0 active), Execution time: mean = 0.19ms, total = 0.38ms, Queueing time: mean = 0.14ms, max = 0.24ms, min = 0.03ms, total = 0.27ms
	ray::rpc::InternalPubSubGcsService.grpc_client.GcsSubscriberPoll - 2 total (1 active), Execution time: mean = 4990.95ms, total = 9981.89ms, Queueing time: mean = 0.00ms, max = -0.00ms, min = 9223372036854.78ms, total = 0.00ms
	ray::rpc::InternalPubSubGcsService.grpc_client.GcsSubscriberCommandBatch - 2 total (0 active), Execution time: mean = 0.68ms, total = 1.37ms, Queueing time: mean = 0.00ms, max = -0.00ms, min = 9223372036854.78ms, total = 0.00ms
	ReporterService.grpc_client.HealthCheck - 2 total (0 active), Execution time: mean = 181.19ms, total = 362.39ms, Queueing time: mean = 0.00ms, max = -0.00ms, min = 9223372036854.78ms, total = 0.00ms
	ActorTaskSubmitter::SubmitTask - 1 total (0 active), Execution time: mean = 0.02ms, total = 0.02ms, Queueing time: mean = 0.03ms, max = 0.03ms, min = 0.03ms, total = 0.03ms
	ray::rpc::NodeInfoGcsService.grpc_client.GetAllNodeAddressAndLiveness.OnReplyReceived - 1 total (0 active), Execution time: mean = 0.04ms, total = 0.04ms, Queueing time: mean = 0.01ms, max = 0.01ms, min = 0.01ms, total = 0.01ms
	ray::rpc::ActorInfoGcsService.grpc_client.RegisterActor - 1 total (0 active), Execution time: mean = 2.28ms, total = 2.28ms, Queueing time: mean = 0.00ms, max = -0.00ms, min = 9223372036854.78ms, total = 0.00ms
	ray::rpc::WorkerInfoGcsService.grpc_client.AddWorkerInfo.OnReplyReceived - 1 total (0 active), Execution time: mean = 0.03ms, total = 0.03ms, Queueing time: mean = 0.37ms, max = 0.37ms, min = 0.37ms, total = 0.37ms
	ray::rpc::WorkerInfoGcsService.grpc_client.AddWorkerInfo - 1 total (0 active), Execution time: mean = 0.46ms, total = 0.46ms, Queueing time: mean = 0.00ms, max = -0.00ms, min = 9223372036854.78ms, total = 0.00ms
	Subscriber.HandlePublishedMessage_GCS_ACTOR_CHANNEL - 1 total (0 active), Execution time: mean = 1.14ms, total = 1.14ms, Queueing time: mean = 0.29ms, max = 0.29ms, min = 0.29ms, total = 0.29ms
	CoreWorkerService.grpc_client.PushTask - 1 total (1 active), Execution time: mean = 0.00ms, total = 0.00ms, Queueing time: mean = 0.00ms, max = -0.00ms, min = 9223372036854.78ms, total = 0.00ms
	ray::rpc::NodeInfoGcsService.grpc_client.GetAllNodeAddressAndLiveness - 1 total (0 active), Execution time: mean = 0.47ms, total = 0.47ms, Queueing time: mean = 0.00ms, max = -0.00ms, min = 9223372036854.78ms, total = 0.00ms
	ray::rpc::ActorInfoGcsService.grpc_client.GetActorInfo - 1 total (0 active), Execution time: mean = 1.03ms, total = 1.03ms, Queueing time: mean = 0.00ms, max = -0.00ms, min = 9223372036854.78ms, total = 0.00ms
	ActorCreator.AsyncRegisterActor - 1 total (0 active), Execution time: mean = 0.28ms, total = 0.28ms, Queueing time: mean = 0.06ms, max = 0.06ms, min = 0.06ms, total = 0.06ms
	CoreWorkerService.grpc_server.WaitForActorRefDeleted - 1 total (1 active), Execution time: mean = 0.00ms, total = 0.00ms, Queueing time: mean = 0.00ms, max = -0.00ms, min = 9223372036854.78ms, total = 0.00ms
	ray::rpc::ActorInfoGcsService.grpc_client.CreateActor - 1 total (0 active), Execution time: mean = 9944.78ms, total = 9944.78ms, Queueing time: mean = 0.00ms, max = -0.00ms, min = 9223372036854.78ms, total = 0.00ms
	CoreWorkerService.grpc_server.WaitForActorRefDeleted.HandleRequestImpl - 1 total (0 active), Execution time: mean = 0.05ms, total = 0.05ms, Queueing time: mean = 0.29ms, max = 0.29ms, min = 0.29ms, total = 0.29ms
	ray::rpc::ActorInfoGcsService.grpc_client.RegisterActor.OnReplyReceived - 1 total (0 active), Execution time: mean = 0.30ms, total = 0.30ms, Queueing time: mean = 0.03ms, max = 0.03ms, min = 0.03ms, total = 0.03ms
	Publisher.CheckDeadSubscribers - 1 total (1 active), Execution time: mean = 0.00ms, total = 0.00ms, Queueing time: mean = 0.00ms, max = -0.00ms, min = 9223372036854.78ms, total = 0.00ms
	MetricsAgentClient.WaitForServerReadyWithRetry - 1 total (0 active), Execution time: mean = 0.22ms, total = 0.22ms, Queueing time: mean = 1000.08ms, max = 1000.08ms, min = 1000.08ms, total = 1000.08ms
	ray::rpc::ActorInfoGcsService.grpc_client.GetActorInfo.OnReplyReceived - 1 total (0 active), Execution time: mean = 1.52ms, total = 1.52ms, Queueing time: mean = 0.03ms, max = 0.03ms, min = 0.03ms, total = 0.03ms
	ray::rpc::InternalPubSubGcsService.grpc_client.GcsSubscriberPoll.OnReplyReceived - 1 total (0 active), Execution time: mean = 0.65ms, total = 0.65ms, Queueing time: mean = 0.02ms, max = 0.02ms, min = 0.02ms, total = 0.02ms
	ray::rpc::ActorInfoGcsService.grpc_client.CreateActor.OnReplyReceived - 1 total (0 active), Execution time: mean = 0.10ms, total = 0.10ms, Queueing time: mean = 0.06ms, max = 0.06ms, min = 0.06ms, total = 0.06ms

-----------------
Task execution event stats:

Global stats: 0 total (0 active)
Queueing time: mean = -nanms, max = -0.00ms, min = 9223372036854.78ms, total = 0.00ms
Execution time:  mean = -nanms, total = 0.00ms
Event stats:

-----------------
Task Event stats:

IO Service Stats:

Global stats: 361 total (1 active)
Queueing time: mean = 0.03ms, max = 0.11ms, min = 0.01ms, total = 12.18ms
Execution time:  mean = 0.37ms, total = 132.96ms
Event stats:
	ray::rpc::TaskInfoGcsService.grpc_client.AddTaskEventData.OnReplyReceived - 120 total (0 active), Execution time: mean = 0.04ms, total = 4.42ms, Queueing time: mean = 0.04ms, max = 0.09ms, min = 0.01ms, total = 5.14ms
	ray::rpc::TaskInfoGcsService.grpc_client.AddTaskEventData - 120 total (0 active), Execution time: mean = 0.83ms, total = 100.01ms, Queueing time: mean = 0.00ms, max = -0.00ms, min = 9223372036854.78ms, total = 0.00ms
	CoreWorker.deadline_timer.flush_task_events - 120 total (1 active), Execution time: mean = 0.24ms, total = 28.33ms, Queueing time: mean = 0.06ms, max = 0.11ms, min = 0.02ms, total = 7.04ms
	PeriodicalRunner.RunFnPeriodically - 1 total (0 active), Execution time: mean = 0.20ms, total = 0.20ms, Queueing time: mean = 0.01ms, max = 0.01ms, min = 0.01ms, total = 0.01ms
Other Stats:
	gcs_grpc_in_progress:0
	event_aggregator_grpc_in_progress:0
	current number of task status events in buffer: 0
	current number of profile events in buffer: 0
	current number of dropped task attempts tracked: 0
	total task events sent: 0.00111294 MiB
	total number of task attempts sent: 5
	total number of task attempts dropped reported: 0
	total number of sent failure: 0
	num status task events dropped: 0
	num profile task events dropped: 0
	num ray task events reported to aggregator: 0
	num ray task events failed to report to aggregator: 0
	num of task attempts dropped reported to aggregator: 0
	num of failed requests to aggregator: 0

[2026-02-15 11:17:32,042 I 3995217 3996282] core_worker.cc:455: Event stats:


Global stats: 2456 total (9 active)
Queueing time: mean = 0.46ms, max = 1000.08ms, min = 0.01ms, total = 1119.74ms
Execution time:  mean = 8.36ms, total = 20520.58ms
Event stats:
	CoreWorker.RecoverObjects - 1800 total (1 active), Execution time: mean = 0.01ms, total = 15.90ms, Queueing time: mean = 0.05ms, max = 0.12ms, min = 0.01ms, total = 93.65ms
	NodeManagerService.grpc_client.ReportWorkerBacklog - 180 total (0 active), Execution time: mean = 0.86ms, total = 155.32ms, Queueing time: mean = 0.00ms, max = -0.00ms, min = 9223372036854.78ms, total = 0.00ms
	CoreWorker.InternalHeartbeat - 180 total (1 active), Execution time: mean = 0.19ms, total = 34.00ms, Queueing time: mean = 0.06ms, max = 1.13ms, min = 0.01ms, total = 11.07ms
	NodeManagerService.grpc_client.ReportWorkerBacklog.OnReplyReceived - 180 total (0 active), Execution time: mean = 0.03ms, total = 4.66ms, Queueing time: mean = 0.04ms, max = 0.09ms, min = 0.01ms, total = 7.76ms
	CoreWorker.RecordMetrics - 36 total (1 active), Execution time: mean = 0.12ms, total = 4.22ms, Queueing time: mean = 0.05ms, max = 0.08ms, min = 0.02ms, total = 1.70ms
	CoreWorker.TryDelPendingObjectRefStreams - 18 total (1 active), Execution time: mean = 0.01ms, total = 0.09ms, Queueing time: mean = 0.11ms, max = 0.64ms, min = 0.02ms, total = 1.92ms
	CoreWorkerService.grpc_server.GetCoreWorkerStats - 12 total (0 active), Execution time: mean = 0.26ms, total = 3.11ms, Queueing time: mean = 0.00ms, max = -0.00ms, min = 9223372036854.78ms, total = 0.00ms
	CoreWorkerService.grpc_server.GetCoreWorkerStats.HandleRequestImpl - 12 total (0 active), Execution time: mean = 0.08ms, total = 1.01ms, Queueing time: mean = 0.02ms, max = 0.03ms, min = 0.01ms, total = 0.28ms
	PeriodicalRunner.RunFnPeriodically - 6 total (0 active), Execution time: mean = 0.09ms, total = 0.52ms, Queueing time: mean = 0.26ms, max = 0.53ms, min = 0.01ms, total = 1.55ms
	CoreWorker.PrintEventStats - 3 total (1 active, 1 running), Execution time: mean = 0.62ms, total = 1.86ms, Queueing time: mean = 0.05ms, max = 0.09ms, min = 0.07ms, total = 0.16ms
	ray::rpc::InternalPubSubGcsService.grpc_client.GcsSubscriberPoll - 2 total (1 active), Execution time: mean = 4990.95ms, total = 9981.89ms, Queueing time: mean = 0.00ms, max = -0.00ms, min = 9223372036854.78ms, total = 0.00ms
	ray::rpc::InternalPubSubGcsService.grpc_client.GcsSubscriberCommandBatch.OnReplyReceived - 2 total (0 active), Execution time: mean = 0.19ms, total = 0.38ms, Queueing time: mean = 0.14ms, max = 0.24ms, min = 0.03ms, total = 0.27ms
	ReporterService.grpc_client.HealthCheck.OnReplyReceived - 2 total (0 active), Execution time: mean = 0.26ms, total = 0.53ms, Queueing time: mean = 0.05ms, max = 0.06ms, min = 0.04ms, total = 0.09ms
	ray::rpc::InternalPubSubGcsService.grpc_client.GcsSubscriberCommandBatch - 2 total (0 active), Execution time: mean = 0.68ms, total = 1.37ms, Queueing time: mean = 0.00ms, max = -0.00ms, min = 9223372036854.78ms, total = 0.00ms
	ReporterService.grpc_client.HealthCheck - 2 total (0 active), Execution time: mean = 181.19ms, total = 362.39ms, Queueing time: mean = 0.00ms, max = -0.00ms, min = 9223372036854.78ms, total = 0.00ms
	ActorTaskSubmitter::SubmitTask - 1 total (0 active), Execution time: mean = 0.02ms, total = 0.02ms, Queueing time: mean = 0.03ms, max = 0.03ms, min = 0.03ms, total = 0.03ms
	ray::rpc::WorkerInfoGcsService.grpc_client.AddWorkerInfo.OnReplyReceived - 1 total (0 active), Execution time: mean = 0.03ms, total = 0.03ms, Queueing time: mean = 0.37ms, max = 0.37ms, min = 0.37ms, total = 0.37ms
	ray::rpc::NodeInfoGcsService.grpc_client.GetAllNodeAddressAndLiveness.OnReplyReceived - 1 total (0 active), Execution time: mean = 0.04ms, total = 0.04ms, Queueing time: mean = 0.01ms, max = 0.01ms, min = 0.01ms, total = 0.01ms
	ray::rpc::ActorInfoGcsService.grpc_client.RegisterActor - 1 total (0 active), Execution time: mean = 2.28ms, total = 2.28ms, Queueing time: mean = 0.00ms, max = -0.00ms, min = 9223372036854.78ms, total = 0.00ms
	ray::rpc::WorkerInfoGcsService.grpc_client.AddWorkerInfo - 1 total (0 active), Execution time: mean = 0.46ms, total = 0.46ms, Queueing time: mean = 0.00ms, max = -0.00ms, min = 9223372036854.78ms, total = 0.00ms
	Subscriber.HandlePublishedMessage_GCS_ACTOR_CHANNEL - 1 total (0 active), Execution time: mean = 1.14ms, total = 1.14ms, Queueing time: mean = 0.29ms, max = 0.29ms, min = 0.29ms, total = 0.29ms
	CoreWorkerService.grpc_client.PushTask - 1 total (1 active), Execution time: mean = 0.00ms, total = 0.00ms, Queueing time: mean = 0.00ms, max = -0.00ms, min = 9223372036854.78ms, total = 0.00ms
	ray::rpc::NodeInfoGcsService.grpc_client.GetAllNodeAddressAndLiveness - 1 total (0 active), Execution time: mean = 0.47ms, total = 0.47ms, Queueing time: mean = 0.00ms, max = -0.00ms, min = 9223372036854.78ms, total = 0.00ms
	ray::rpc::ActorInfoGcsService.grpc_client.GetActorInfo - 1 total (0 active), Execution time: mean = 1.03ms, total = 1.03ms, Queueing time: mean = 0.00ms, max = -0.00ms, min = 9223372036854.78ms, total = 0.00ms
	ActorCreator.AsyncRegisterActor - 1 total (0 active), Execution time: mean = 0.28ms, total = 0.28ms, Queueing time: mean = 0.06ms, max = 0.06ms, min = 0.06ms, total = 0.06ms
	CoreWorkerService.grpc_server.WaitForActorRefDeleted - 1 total (1 active), Execution time: mean = 0.00ms, total = 0.00ms, Queueing time: mean = 0.00ms, max = -0.00ms, min = 9223372036854.78ms, total = 0.00ms
	ray::rpc::ActorInfoGcsService.grpc_client.CreateActor - 1 total (0 active), Execution time: mean = 9944.78ms, total = 9944.78ms, Queueing time: mean = 0.00ms, max = -0.00ms, min = 9223372036854.78ms, total = 0.00ms
	CoreWorkerService.grpc_server.WaitForActorRefDeleted.HandleRequestImpl - 1 total (0 active), Execution time: mean = 0.05ms, total = 0.05ms, Queueing time: mean = 0.29ms, max = 0.29ms, min = 0.29ms, total = 0.29ms
	ray::rpc::ActorInfoGcsService.grpc_client.RegisterActor.OnReplyReceived - 1 total (0 active), Execution time: mean = 0.30ms, total = 0.30ms, Queueing time: mean = 0.03ms, max = 0.03ms, min = 0.03ms, total = 0.03ms
	Publisher.CheckDeadSubscribers - 1 total (1 active), Execution time: mean = 0.00ms, total = 0.00ms, Queueing time: mean = 0.00ms, max = -0.00ms, min = 9223372036854.78ms, total = 0.00ms
	MetricsAgentClient.WaitForServerReadyWithRetry - 1 total (0 active), Execution time: mean = 0.22ms, total = 0.22ms, Queueing time: mean = 1000.08ms, max = 1000.08ms, min = 1000.08ms, total = 1000.08ms
	ray::rpc::ActorInfoGcsService.grpc_client.GetActorInfo.OnReplyReceived - 1 total (0 active), Execution time: mean = 1.52ms, total = 1.52ms, Queueing time: mean = 0.03ms, max = 0.03ms, min = 0.03ms, total = 0.03ms
	ray::rpc::InternalPubSubGcsService.grpc_client.GcsSubscriberPoll.OnReplyReceived - 1 total (0 active), Execution time: mean = 0.65ms, total = 0.65ms, Queueing time: mean = 0.02ms, max = 0.02ms, min = 0.02ms, total = 0.02ms
	ray::rpc::ActorInfoGcsService.grpc_client.CreateActor.OnReplyReceived - 1 total (0 active), Execution time: mean = 0.10ms, total = 0.10ms, Queueing time: mean = 0.06ms, max = 0.06ms, min = 0.06ms, total = 0.06ms

-----------------
Task execution event stats:

Global stats: 0 total (0 active)
Queueing time: mean = -nanms, max = -0.00ms, min = 9223372036854.78ms, total = 0.00ms
Execution time:  mean = -nanms, total = 0.00ms
Event stats:

-----------------
Task Event stats:

IO Service Stats:

Global stats: 541 total (1 active)
Queueing time: mean = 0.04ms, max = 0.11ms, min = 0.01ms, total = 19.11ms
Execution time:  mean = 0.36ms, total = 197.23ms
Event stats:
	ray::rpc::TaskInfoGcsService.grpc_client.AddTaskEventData.OnReplyReceived - 180 total (0 active), Execution time: mean = 0.04ms, total = 6.65ms, Queueing time: mean = 0.05ms, max = 0.09ms, min = 0.01ms, total = 8.16ms
	ray::rpc::TaskInfoGcsService.grpc_client.AddTaskEventData - 180 total (0 active), Execution time: mean = 0.83ms, total = 149.15ms, Queueing time: mean = 0.00ms, max = -0.00ms, min = 9223372036854.78ms, total = 0.00ms
	CoreWorker.deadline_timer.flush_task_events - 180 total (1 active), Execution time: mean = 0.23ms, total = 41.23ms, Queueing time: mean = 0.06ms, max = 0.11ms, min = 0.02ms, total = 10.94ms
	PeriodicalRunner.RunFnPeriodically - 1 total (0 active), Execution time: mean = 0.20ms, total = 0.20ms, Queueing time: mean = 0.01ms, max = 0.01ms, min = 0.01ms, total = 0.01ms
Other Stats:
	gcs_grpc_in_progress:0
	event_aggregator_grpc_in_progress:0
	current number of task status events in buffer: 0
	current number of profile events in buffer: 0
	current number of dropped task attempts tracked: 0
	total task events sent: 0.00111294 MiB
	total number of task attempts sent: 5
	total number of task attempts dropped reported: 0
	total number of sent failure: 0
	num status task events dropped: 0
	num profile task events dropped: 0
	num ray task events reported to aggregator: 0
	num ray task events failed to report to aggregator: 0
	num of task attempts dropped reported to aggregator: 0
	num of failed requests to aggregator: 0

[2026-02-15 11:18:32,043 I 3995217 3996282] core_worker.cc:455: Event stats:


Global stats: 3262 total (9 active)
Queueing time: mean = 0.35ms, max = 1000.08ms, min = 0.01ms, total = 1157.99ms
Execution time:  mean = 6.31ms, total = 20593.74ms
Event stats:
	CoreWorker.RecoverObjects - 2399 total (1 active), Execution time: mean = 0.01ms, total = 21.30ms, Queueing time: mean = 0.05ms, max = 0.12ms, min = 0.01ms, total = 124.47ms
	NodeManagerService.grpc_client.ReportWorkerBacklog - 240 total (0 active), Execution time: mean = 0.86ms, total = 206.13ms, Queueing time: mean = 0.00ms, max = -0.00ms, min = 9223372036854.78ms, total = 0.00ms
	CoreWorker.InternalHeartbeat - 240 total (1 active), Execution time: mean = 0.19ms, total = 46.06ms, Queueing time: mean = 0.06ms, max = 1.13ms, min = 0.01ms, total = 14.05ms
	NodeManagerService.grpc_client.ReportWorkerBacklog.OnReplyReceived - 240 total (0 active), Execution time: mean = 0.03ms, total = 6.34ms, Queueing time: mean = 0.04ms, max = 0.09ms, min = 0.01ms, total = 10.40ms
	CoreWorker.RecordMetrics - 48 total (1 active), Execution time: mean = 0.10ms, total = 5.00ms, Queueing time: mean = 0.05ms, max = 0.11ms, min = 0.02ms, total = 2.27ms
	CoreWorker.TryDelPendingObjectRefStreams - 24 total (1 active), Execution time: mean = 0.01ms, total = 0.16ms, Queueing time: mean = 0.12ms, max = 0.68ms, min = 0.02ms, total = 2.95ms
	CoreWorkerService.grpc_server.GetCoreWorkerStats - 16 total (0 active), Execution time: mean = 0.27ms, total = 4.27ms, Queueing time: mean = 0.00ms, max = -0.00ms, min = 9223372036854.78ms, total = 0.00ms
	CoreWorkerService.grpc_server.GetCoreWorkerStats.HandleRequestImpl - 16 total (0 active), Execution time: mean = 0.08ms, total = 1.33ms, Queueing time: mean = 0.03ms, max = 0.06ms, min = 0.01ms, total = 0.41ms
	PeriodicalRunner.RunFnPeriodically - 6 total (0 active), Execution time: mean = 0.09ms, total = 0.52ms, Queueing time: mean = 0.26ms, max = 0.53ms, min = 0.01ms, total = 1.55ms
	CoreWorker.PrintEventStats - 4 total (1 active, 1 running), Execution time: mean = 0.68ms, total = 2.73ms, Queueing time: mean = 0.06ms, max = 0.09ms, min = 0.07ms, total = 0.24ms
	ray::rpc::InternalPubSubGcsService.grpc_client.GcsSubscriberPoll - 2 total (1 active), Execution time: mean = 4990.95ms, total = 9981.89ms, Queueing time: mean = 0.00ms, max = -0.00ms, min = 9223372036854.78ms, total = 0.00ms
	ray::rpc::InternalPubSubGcsService.grpc_client.GcsSubscriberCommandBatch.OnReplyReceived - 2 total (0 active), Execution time: mean = 0.19ms, total = 0.38ms, Queueing time: mean = 0.14ms, max = 0.24ms, min = 0.03ms, total = 0.27ms
	ReporterService.grpc_client.HealthCheck.OnReplyReceived - 2 total (0 active), Execution time: mean = 0.26ms, total = 0.53ms, Queueing time: mean = 0.05ms, max = 0.06ms, min = 0.04ms, total = 0.09ms
	ray::rpc::InternalPubSubGcsService.grpc_client.GcsSubscriberCommandBatch - 2 total (0 active), Execution time: mean = 0.68ms, total = 1.37ms, Queueing time: mean = 0.00ms, max = -0.00ms, min = 9223372036854.78ms, total = 0.00ms
	ReporterService.grpc_client.HealthCheck - 2 total (0 active), Execution time: mean = 181.19ms, total = 362.39ms, Queueing time: mean = 0.00ms, max = -0.00ms, min = 9223372036854.78ms, total = 0.00ms
	ActorTaskSubmitter::SubmitTask - 1 total (0 active), Execution time: mean = 0.02ms, total = 0.02ms, Queueing time: mean = 0.03ms, max = 0.03ms, min = 0.03ms, total = 0.03ms
	ray::rpc::WorkerInfoGcsService.grpc_client.AddWorkerInfo.OnReplyReceived - 1 total (0 active), Execution time: mean = 0.03ms, total = 0.03ms, Queueing time: mean = 0.37ms, max = 0.37ms, min = 0.37ms, total = 0.37ms
	ray::rpc::NodeInfoGcsService.grpc_client.GetAllNodeAddressAndLiveness.OnReplyReceived - 1 total (0 active), Execution time: mean = 0.04ms, total = 0.04ms, Queueing time: mean = 0.01ms, max = 0.01ms, min = 0.01ms, total = 0.01ms
	ray::rpc::ActorInfoGcsService.grpc_client.RegisterActor - 1 total (0 active), Execution time: mean = 2.28ms, total = 2.28ms, Queueing time: mean = 0.00ms, max = -0.00ms, min = 9223372036854.78ms, total = 0.00ms
	ray::rpc::WorkerInfoGcsService.grpc_client.AddWorkerInfo - 1 total (0 active), Execution time: mean = 0.46ms, total = 0.46ms, Queueing time: mean = 0.00ms, max = -0.00ms, min = 9223372036854.78ms, total = 0.00ms
	Subscriber.HandlePublishedMessage_GCS_ACTOR_CHANNEL - 1 total (0 active), Execution time: mean = 1.14ms, total = 1.14ms, Queueing time: mean = 0.29ms, max = 0.29ms, min = 0.29ms, total = 0.29ms
	CoreWorkerService.grpc_client.PushTask - 1 total (1 active), Execution time: mean = 0.00ms, total = 0.00ms, Queueing time: mean = 0.00ms, max = -0.00ms, min = 9223372036854.78ms, total = 0.00ms
	ray::rpc::NodeInfoGcsService.grpc_client.GetAllNodeAddressAndLiveness - 1 total (0 active), Execution time: mean = 0.47ms, total = 0.47ms, Queueing time: mean = 0.00ms, max = -0.00ms, min = 9223372036854.78ms, total = 0.00ms
	ray::rpc::ActorInfoGcsService.grpc_client.GetActorInfo - 1 total (0 active), Execution time: mean = 1.03ms, total = 1.03ms, Queueing time: mean = 0.00ms, max = -0.00ms, min = 9223372036854.78ms, total = 0.00ms
	ActorCreator.AsyncRegisterActor - 1 total (0 active), Execution time: mean = 0.28ms, total = 0.28ms, Queueing time: mean = 0.06ms, max = 0.06ms, min = 0.06ms, total = 0.06ms
	CoreWorkerService.grpc_server.WaitForActorRefDeleted - 1 total (1 active), Execution time: mean = 0.00ms, total = 0.00ms, Queueing time: mean = 0.00ms, max = -0.00ms, min = 9223372036854.78ms, total = 0.00ms
	ray::rpc::ActorInfoGcsService.grpc_client.CreateActor - 1 total (0 active), Execution time: mean = 9944.78ms, total = 9944.78ms, Queueing time: mean = 0.00ms, max = -0.00ms, min = 9223372036854.78ms, total = 0.00ms
	CoreWorkerService.grpc_server.WaitForActorRefDeleted.HandleRequestImpl - 1 total (0 active), Execution time: mean = 0.05ms, total = 0.05ms, Queueing time: mean = 0.29ms, max = 0.29ms, min = 0.29ms, total = 0.29ms
	ray::rpc::ActorInfoGcsService.grpc_client.RegisterActor.OnReplyReceived - 1 total (0 active), Execution time: mean = 0.30ms, total = 0.30ms, Queueing time: mean = 0.03ms, max = 0.03ms, min = 0.03ms, total = 0.03ms
	Publisher.CheckDeadSubscribers - 1 total (1 active), Execution time: mean = 0.00ms, total = 0.00ms, Queueing time: mean = 0.00ms, max = -0.00ms, min = 9223372036854.78ms, total = 0.00ms
	MetricsAgentClient.WaitForServerReadyWithRetry - 1 total (0 active), Execution time: mean = 0.22ms, total = 0.22ms, Queueing time: mean = 1000.08ms, max = 1000.08ms, min = 1000.08ms, total = 1000.08ms
	ray::rpc::ActorInfoGcsService.grpc_client.GetActorInfo.OnReplyReceived - 1 total (0 active), Execution time: mean = 1.52ms, total = 1.52ms, Queueing time: mean = 0.03ms, max = 0.03ms, min = 0.03ms, total = 0.03ms
	ray::rpc::InternalPubSubGcsService.grpc_client.GcsSubscriberPoll.OnReplyReceived - 1 total (0 active), Execution time: mean = 0.65ms, total = 0.65ms, Queueing time: mean = 0.02ms, max = 0.02ms, min = 0.02ms, total = 0.02ms
	ray::rpc::ActorInfoGcsService.grpc_client.CreateActor.OnReplyReceived - 1 total (0 active), Execution time: mean = 0.10ms, total = 0.10ms, Queueing time: mean = 0.06ms, max = 0.06ms, min = 0.06ms, total = 0.06ms

-----------------
Task execution event stats:

Global stats: 0 total (0 active)
Queueing time: mean = -nanms, max = -0.00ms, min = 9223372036854.78ms, total = 0.00ms
Execution time:  mean = -nanms, total = 0.00ms
Event stats:

-----------------
Task Event stats:

IO Service Stats:

Global stats: 721 total (1 active)
Queueing time: mean = 0.04ms, max = 0.11ms, min = 0.01ms, total = 25.73ms
Execution time:  mean = 0.36ms, total = 261.02ms
Event stats:
	ray::rpc::TaskInfoGcsService.grpc_client.AddTaskEventData.OnReplyReceived - 240 total (0 active), Execution time: mean = 0.04ms, total = 8.86ms, Queueing time: mean = 0.05ms, max = 0.09ms, min = 0.01ms, total = 10.92ms
	ray::rpc::TaskInfoGcsService.grpc_client.AddTaskEventData - 240 total (0 active), Execution time: mean = 0.82ms, total = 197.46ms, Queueing time: mean = 0.00ms, max = -0.00ms, min = 9223372036854.78ms, total = 0.00ms
	CoreWorker.deadline_timer.flush_task_events - 240 total (1 active), Execution time: mean = 0.23ms, total = 54.50ms, Queueing time: mean = 0.06ms, max = 0.11ms, min = 0.02ms, total = 14.80ms
	PeriodicalRunner.RunFnPeriodically - 1 total (0 active), Execution time: mean = 0.20ms, total = 0.20ms, Queueing time: mean = 0.01ms, max = 0.01ms, min = 0.01ms, total = 0.01ms
Other Stats:
	gcs_grpc_in_progress:0
	event_aggregator_grpc_in_progress:0
	current number of task status events in buffer: 0
	current number of profile events in buffer: 0
	current number of dropped task attempts tracked: 0
	total task events sent: 0.00111294 MiB
	total number of task attempts sent: 5
	total number of task attempts dropped reported: 0
	total number of sent failure: 0
	num status task events dropped: 0
	num profile task events dropped: 0
	num ray task events reported to aggregator: 0
	num ray task events failed to report to aggregator: 0
	num of task attempts dropped reported to aggregator: 0
	num of failed requests to aggregator: 0

[2026-02-15 11:19:32,044 I 3995217 3996282] core_worker.cc:455: Event stats:


Global stats: 4070 total (9 active)
Queueing time: mean = 0.29ms, max = 1000.08ms, min = 0.01ms, total = 1195.79ms
Execution time:  mean = 5.08ms, total = 20667.74ms
Event stats:
	CoreWorker.RecoverObjects - 2999 total (1 active), Execution time: mean = 0.01ms, total = 26.90ms, Queueing time: mean = 0.05ms, max = 0.70ms, min = 0.01ms, total = 155.32ms
	NodeManagerService.grpc_client.ReportWorkerBacklog - 300 total (0 active), Execution time: mean = 0.86ms, total = 257.45ms, Queueing time: mean = 0.00ms, max = -0.00ms, min = 9223372036854.78ms, total = 0.00ms
	NodeManagerService.grpc_client.ReportWorkerBacklog.OnReplyReceived - 300 total (0 active), Execution time: mean = 0.03ms, total = 8.00ms, Queueing time: mean = 0.04ms, max = 0.09ms, min = 0.01ms, total = 13.03ms
	CoreWorker.InternalHeartbeat - 300 total (1 active), Execution time: mean = 0.19ms, total = 58.34ms, Queueing time: mean = 0.06ms, max = 1.13ms, min = 0.01ms, total = 16.86ms
	CoreWorker.RecordMetrics - 60 total (1 active), Execution time: mean = 0.10ms, total = 5.80ms, Queueing time: mean = 0.05ms, max = 0.11ms, min = 0.02ms, total = 2.72ms
	CoreWorker.TryDelPendingObjectRefStreams - 30 total (1 active), Execution time: mean = 0.01ms, total = 0.19ms, Queueing time: mean = 0.13ms, max = 0.68ms, min = 0.02ms, total = 3.78ms
	CoreWorkerService.grpc_server.GetCoreWorkerStats - 20 total (0 active), Execution time: mean = 0.27ms, total = 5.38ms, Queueing time: mean = 0.00ms, max = -0.00ms, min = 9223372036854.78ms, total = 0.00ms
	CoreWorkerService.grpc_server.GetCoreWorkerStats.HandleRequestImpl - 20 total (0 active), Execution time: mean = 0.08ms, total = 1.63ms, Queueing time: mean = 0.03ms, max = 0.06ms, min = 0.01ms, total = 0.50ms
	PeriodicalRunner.RunFnPeriodically - 6 total (0 active), Execution time: mean = 0.09ms, total = 0.52ms, Queueing time: mean = 0.26ms, max = 0.53ms, min = 0.01ms, total = 1.55ms
	CoreWorker.PrintEventStats - 5 total (1 active, 1 running), Execution time: mean = 0.72ms, total = 3.62ms, Queueing time: mean = 0.06ms, max = 0.09ms, min = 0.07ms, total = 0.31ms
	Publisher.CheckDeadSubscribers - 2 total (1 active), Execution time: mean = 0.00ms, total = 0.01ms, Queueing time: mean = 0.03ms, max = 0.07ms, min = 0.07ms, total = 0.07ms
	ray::rpc::InternalPubSubGcsService.grpc_client.GcsSubscriberPoll - 2 total (1 active), Execution time: mean = 4990.95ms, total = 9981.89ms, Queueing time: mean = 0.00ms, max = -0.00ms, min = 9223372036854.78ms, total = 0.00ms
	ray::rpc::InternalPubSubGcsService.grpc_client.GcsSubscriberCommandBatch.OnReplyReceived - 2 total (0 active), Execution time: mean = 0.19ms, total = 0.38ms, Queueing time: mean = 0.14ms, max = 0.24ms, min = 0.03ms, total = 0.27ms
	ReporterService.grpc_client.HealthCheck.OnReplyReceived - 2 total (0 active), Execution time: mean = 0.26ms, total = 0.53ms, Queueing time: mean = 0.05ms, max = 0.06ms, min = 0.04ms, total = 0.09ms
	ray::rpc::InternalPubSubGcsService.grpc_client.GcsSubscriberCommandBatch - 2 total (0 active), Execution time: mean = 0.68ms, total = 1.37ms, Queueing time: mean = 0.00ms, max = -0.00ms, min = 9223372036854.78ms, total = 0.00ms
	ReporterService.grpc_client.HealthCheck - 2 total (0 active), Execution time: mean = 181.19ms, total = 362.39ms, Queueing time: mean = 0.00ms, max = -0.00ms, min = 9223372036854.78ms, total = 0.00ms
	ray::rpc::WorkerInfoGcsService.grpc_client.AddWorkerInfo.OnReplyReceived - 1 total (0 active), Execution time: mean = 0.03ms, total = 0.03ms, Queueing time: mean = 0.37ms, max = 0.37ms, min = 0.37ms, total = 0.37ms
	ActorTaskSubmitter::SubmitTask - 1 total (0 active), Execution time: mean = 0.02ms, total = 0.02ms, Queueing time: mean = 0.03ms, max = 0.03ms, min = 0.03ms, total = 0.03ms
	ray::rpc::NodeInfoGcsService.grpc_client.GetAllNodeAddressAndLiveness.OnReplyReceived - 1 total (0 active), Execution time: mean = 0.04ms, total = 0.04ms, Queueing time: mean = 0.01ms, max = 0.01ms, min = 0.01ms, total = 0.01ms
	ray::rpc::ActorInfoGcsService.grpc_client.RegisterActor - 1 total (0 active), Execution time: mean = 2.28ms, total = 2.28ms, Queueing time: mean = 0.00ms, max = -0.00ms, min = 9223372036854.78ms, total = 0.00ms
	ray::rpc::WorkerInfoGcsService.grpc_client.AddWorkerInfo - 1 total (0 active), Execution time: mean = 0.46ms, total = 0.46ms, Queueing time: mean = 0.00ms, max = -0.00ms, min = 9223372036854.78ms, total = 0.00ms
	Subscriber.HandlePublishedMessage_GCS_ACTOR_CHANNEL - 1 total (0 active), Execution time: mean = 1.14ms, total = 1.14ms, Queueing time: mean = 0.29ms, max = 0.29ms, min = 0.29ms, total = 0.29ms
	ray::rpc::NodeInfoGcsService.grpc_client.GetAllNodeAddressAndLiveness - 1 total (0 active), Execution time: mean = 0.47ms, total = 0.47ms, Queueing time: mean = 0.00ms, max = -0.00ms, min = 9223372036854.78ms, total = 0.00ms
	CoreWorkerService.grpc_client.PushTask - 1 total (1 active), Execution time: mean = 0.00ms, total = 0.00ms, Queueing time: mean = 0.00ms, max = -0.00ms, min = 9223372036854.78ms, total = 0.00ms
	ray::rpc::ActorInfoGcsService.grpc_client.GetActorInfo - 1 total (0 active), Execution time: mean = 1.03ms, total = 1.03ms, Queueing time: mean = 0.00ms, max = -0.00ms, min = 9223372036854.78ms, total = 0.00ms
	ActorCreator.AsyncRegisterActor - 1 total (0 active), Execution time: mean = 0.28ms, total = 0.28ms, Queueing time: mean = 0.06ms, max = 0.06ms, min = 0.06ms, total = 0.06ms
	CoreWorkerService.grpc_server.WaitForActorRefDeleted - 1 total (1 active), Execution time: mean = 0.00ms, total = 0.00ms, Queueing time: mean = 0.00ms, max = -0.00ms, min = 9223372036854.78ms, total = 0.00ms
	ray::rpc::ActorInfoGcsService.grpc_client.CreateActor - 1 total (0 active), Execution time: mean = 9944.78ms, total = 9944.78ms, Queueing time: mean = 0.00ms, max = -0.00ms, min = 9223372036854.78ms, total = 0.00ms
	CoreWorkerService.grpc_server.WaitForActorRefDeleted.HandleRequestImpl - 1 total (0 active), Execution time: mean = 0.05ms, total = 0.05ms, Queueing time: mean = 0.29ms, max = 0.29ms, min = 0.29ms, total = 0.29ms
	ray::rpc::ActorInfoGcsService.grpc_client.RegisterActor.OnReplyReceived - 1 total (0 active), Execution time: mean = 0.30ms, total = 0.30ms, Queueing time: mean = 0.03ms, max = 0.03ms, min = 0.03ms, total = 0.03ms
	MetricsAgentClient.WaitForServerReadyWithRetry - 1 total (0 active), Execution time: mean = 0.22ms, total = 0.22ms, Queueing time: mean = 1000.08ms, max = 1000.08ms, min = 1000.08ms, total = 1000.08ms
	ray::rpc::ActorInfoGcsService.grpc_client.GetActorInfo.OnReplyReceived - 1 total (0 active), Execution time: mean = 1.52ms, total = 1.52ms, Queueing time: mean = 0.03ms, max = 0.03ms, min = 0.03ms, total = 0.03ms
	ray::rpc::InternalPubSubGcsService.grpc_client.GcsSubscriberPoll.OnReplyReceived - 1 total (0 active), Execution time: mean = 0.65ms, total = 0.65ms, Queueing time: mean = 0.02ms, max = 0.02ms, min = 0.02ms, total = 0.02ms
	ray::rpc::ActorInfoGcsService.grpc_client.CreateActor.OnReplyReceived - 1 total (0 active), Execution time: mean = 0.10ms, total = 0.10ms, Queueing time: mean = 0.06ms, max = 0.06ms, min = 0.06ms, total = 0.06ms

-----------------
Task execution event stats:

Global stats: 0 total (0 active)
Queueing time: mean = -nanms, max = -0.00ms, min = 9223372036854.78ms, total = 0.00ms
Execution time:  mean = -nanms, total = 0.00ms
Event stats:

-----------------
Task Event stats:

IO Service Stats:

Global stats: 901 total (1 active)
Queueing time: mean = 0.04ms, max = 0.11ms, min = 0.01ms, total = 32.76ms
Execution time:  mean = 0.36ms, total = 325.31ms
Event stats:
	ray::rpc::TaskInfoGcsService.grpc_client.AddTaskEventData.OnReplyReceived - 300 total (0 active), Execution time: mean = 0.04ms, total = 11.11ms, Queueing time: mean = 0.05ms, max = 0.09ms, min = 0.01ms, total = 14.09ms
	ray::rpc::TaskInfoGcsService.grpc_client.AddTaskEventData - 300 total (0 active), Execution time: mean = 0.82ms, total = 246.30ms, Queueing time: mean = 0.00ms, max = -0.00ms, min = 9223372036854.78ms, total = 0.00ms
	CoreWorker.deadline_timer.flush_task_events - 300 total (1 active), Execution time: mean = 0.23ms, total = 67.69ms, Queueing time: mean = 0.06ms, max = 0.11ms, min = 0.02ms, total = 18.66ms
	PeriodicalRunner.RunFnPeriodically - 1 total (0 active), Execution time: mean = 0.20ms, total = 0.20ms, Queueing time: mean = 0.01ms, max = 0.01ms, min = 0.01ms, total = 0.01ms
Other Stats:
	gcs_grpc_in_progress:0
	event_aggregator_grpc_in_progress:0
	current number of task status events in buffer: 0
	current number of profile events in buffer: 0
	current number of dropped task attempts tracked: 0
	total task events sent: 0.00111294 MiB
	total number of task attempts sent: 5
	total number of task attempts dropped reported: 0
	total number of sent failure: 0
	num status task events dropped: 0
	num profile task events dropped: 0
	num ray task events reported to aggregator: 0
	num ray task events failed to report to aggregator: 0
	num of task attempts dropped reported to aggregator: 0
	num of failed requests to aggregator: 0

[2026-02-15 11:20:32,045 I 3995217 3996282] core_worker.cc:455: Event stats:


Global stats: 4877 total (9 active)
Queueing time: mean = 0.25ms, max = 1000.08ms, min = 0.01ms, total = 1235.77ms
Execution time:  mean = 4.25ms, total = 20741.14ms
Event stats:
	CoreWorker.RecoverObjects - 3599 total (1 active), Execution time: mean = 0.01ms, total = 32.29ms, Queueing time: mean = 0.05ms, max = 0.70ms, min = 0.01ms, total = 187.43ms
	NodeManagerService.grpc_client.ReportWorkerBacklog - 360 total (0 active), Execution time: mean = 0.86ms, total = 308.77ms, Queueing time: mean = 0.00ms, max = -0.00ms, min = 9223372036854.78ms, total = 0.00ms
	NodeManagerService.grpc_client.ReportWorkerBacklog.OnReplyReceived - 360 total (0 active), Execution time: mean = 0.03ms, total = 9.60ms, Queueing time: mean = 0.04ms, max = 0.09ms, min = 0.01ms, total = 15.60ms
	CoreWorker.InternalHeartbeat - 360 total (1 active), Execution time: mean = 0.20ms, total = 70.44ms, Queueing time: mean = 0.06ms, max = 1.13ms, min = 0.01ms, total = 20.18ms
	CoreWorker.RecordMetrics - 72 total (1 active), Execution time: mean = 0.09ms, total = 6.60ms, Queueing time: mean = 0.05ms, max = 0.11ms, min = 0.02ms, total = 3.49ms
	CoreWorker.TryDelPendingObjectRefStreams - 36 total (1 active), Execution time: mean = 0.01ms, total = 0.23ms, Queueing time: mean = 0.13ms, max = 0.68ms, min = 0.02ms, total = 4.83ms
	CoreWorkerService.grpc_server.GetCoreWorkerStats - 24 total (0 active), Execution time: mean = 0.27ms, total = 6.39ms, Queueing time: mean = 0.00ms, max = -0.00ms, min = 9223372036854.78ms, total = 0.00ms
	CoreWorkerService.grpc_server.GetCoreWorkerStats.HandleRequestImpl - 24 total (0 active), Execution time: mean = 0.08ms, total = 1.91ms, Queueing time: mean = 0.02ms, max = 0.06ms, min = 0.01ms, total = 0.60ms
	CoreWorker.PrintEventStats - 6 total (1 active, 1 running), Execution time: mean = 0.75ms, total = 4.50ms, Queueing time: mean = 0.06ms, max = 0.09ms, min = 0.07ms, total = 0.38ms
	PeriodicalRunner.RunFnPeriodically - 6 total (0 active), Execution time: mean = 0.09ms, total = 0.52ms, Queueing time: mean = 0.26ms, max = 0.53ms, min = 0.01ms, total = 1.55ms
	Publisher.CheckDeadSubscribers - 2 total (1 active), Execution time: mean = 0.00ms, total = 0.01ms, Queueing time: mean = 0.03ms, max = 0.07ms, min = 0.07ms, total = 0.07ms
	ray::rpc::InternalPubSubGcsService.grpc_client.GcsSubscriberPoll - 2 total (1 active), Execution time: mean = 4990.95ms, total = 9981.89ms, Queueing time: mean = 0.00ms, max = -0.00ms, min = 9223372036854.78ms, total = 0.00ms
	ray::rpc::InternalPubSubGcsService.grpc_client.GcsSubscriberCommandBatch.OnReplyReceived - 2 total (0 active), Execution time: mean = 0.19ms, total = 0.38ms, Queueing time: mean = 0.14ms, max = 0.24ms, min = 0.03ms, total = 0.27ms
	ReporterService.grpc_client.HealthCheck.OnReplyReceived - 2 total (0 active), Execution time: mean = 0.26ms, total = 0.53ms, Queueing time: mean = 0.05ms, max = 0.06ms, min = 0.04ms, total = 0.09ms
	ray::rpc::InternalPubSubGcsService.grpc_client.GcsSubscriberCommandBatch - 2 total (0 active), Execution time: mean = 0.68ms, total = 1.37ms, Queueing time: mean = 0.00ms, max = -0.00ms, min = 9223372036854.78ms, total = 0.00ms
	ReporterService.grpc_client.HealthCheck - 2 total (0 active), Execution time: mean = 181.19ms, total = 362.39ms, Queueing time: mean = 0.00ms, max = -0.00ms, min = 9223372036854.78ms, total = 0.00ms
	ray::rpc::WorkerInfoGcsService.grpc_client.AddWorkerInfo.OnReplyReceived - 1 total (0 active), Execution time: mean = 0.03ms, total = 0.03ms, Queueing time: mean = 0.37ms, max = 0.37ms, min = 0.37ms, total = 0.37ms
	ActorTaskSubmitter::SubmitTask - 1 total (0 active), Execution time: mean = 0.02ms, total = 0.02ms, Queueing time: mean = 0.03ms, max = 0.03ms, min = 0.03ms, total = 0.03ms
	ray::rpc::NodeInfoGcsService.grpc_client.GetAllNodeAddressAndLiveness.OnReplyReceived - 1 total (0 active), Execution time: mean = 0.04ms, total = 0.04ms, Queueing time: mean = 0.01ms, max = 0.01ms, min = 0.01ms, total = 0.01ms
	ray::rpc::ActorInfoGcsService.grpc_client.RegisterActor - 1 total (0 active), Execution time: mean = 2.28ms, total = 2.28ms, Queueing time: mean = 0.00ms, max = -0.00ms, min = 9223372036854.78ms, total = 0.00ms
	ray::rpc::WorkerInfoGcsService.grpc_client.AddWorkerInfo - 1 total (0 active), Execution time: mean = 0.46ms, total = 0.46ms, Queueing time: mean = 0.00ms, max = -0.00ms, min = 9223372036854.78ms, total = 0.00ms
	Subscriber.HandlePublishedMessage_GCS_ACTOR_CHANNEL - 1 total (0 active), Execution time: mean = 1.14ms, total = 1.14ms, Queueing time: mean = 0.29ms, max = 0.29ms, min = 0.29ms, total = 0.29ms
	ray::rpc::NodeInfoGcsService.grpc_client.GetAllNodeAddressAndLiveness - 1 total (0 active), Execution time: mean = 0.47ms, total = 0.47ms, Queueing time: mean = 0.00ms, max = -0.00ms, min = 9223372036854.78ms, total = 0.00ms
	CoreWorkerService.grpc_client.PushTask - 1 total (1 active), Execution time: mean = 0.00ms, total = 0.00ms, Queueing time: mean = 0.00ms, max = -0.00ms, min = 9223372036854.78ms, total = 0.00ms
	ray::rpc::ActorInfoGcsService.grpc_client.GetActorInfo - 1 total (0 active), Execution time: mean = 1.03ms, total = 1.03ms, Queueing time: mean = 0.00ms, max = -0.00ms, min = 9223372036854.78ms, total = 0.00ms
	ActorCreator.AsyncRegisterActor - 1 total (0 active), Execution time: mean = 0.28ms, total = 0.28ms, Queueing time: mean = 0.06ms, max = 0.06ms, min = 0.06ms, total = 0.06ms
	CoreWorkerService.grpc_server.WaitForActorRefDeleted - 1 total (1 active), Execution time: mean = 0.00ms, total = 0.00ms, Queueing time: mean = 0.00ms, max = -0.00ms, min = 9223372036854.78ms, total = 0.00ms
	ray::rpc::ActorInfoGcsService.grpc_client.CreateActor - 1 total (0 active), Execution time: mean = 9944.78ms, total = 9944.78ms, Queueing time: mean = 0.00ms, max = -0.00ms, min = 9223372036854.78ms, total = 0.00ms
	CoreWorkerService.grpc_server.WaitForActorRefDeleted.HandleRequestImpl - 1 total (0 active), Execution time: mean = 0.05ms, total = 0.05ms, Queueing time: mean = 0.29ms, max = 0.29ms, min = 0.29ms, total = 0.29ms
	ray::rpc::ActorInfoGcsService.grpc_client.RegisterActor.OnReplyReceived - 1 total (0 active), Execution time: mean = 0.30ms, total = 0.30ms, Queueing time: mean = 0.03ms, max = 0.03ms, min = 0.03ms, total = 0.03ms
	MetricsAgentClient.WaitForServerReadyWithRetry - 1 total (0 active), Execution time: mean = 0.22ms, total = 0.22ms, Queueing time: mean = 1000.08ms, max = 1000.08ms, min = 1000.08ms, total = 1000.08ms
	ray::rpc::ActorInfoGcsService.grpc_client.GetActorInfo.OnReplyReceived - 1 total (0 active), Execution time: mean = 1.52ms, total = 1.52ms, Queueing time: mean = 0.03ms, max = 0.03ms, min = 0.03ms, total = 0.03ms
	ray::rpc::InternalPubSubGcsService.grpc_client.GcsSubscriberPoll.OnReplyReceived - 1 total (0 active), Execution time: mean = 0.65ms, total = 0.65ms, Queueing time: mean = 0.02ms, max = 0.02ms, min = 0.02ms, total = 0.02ms
	ray::rpc::ActorInfoGcsService.grpc_client.CreateActor.OnReplyReceived - 1 total (0 active), Execution time: mean = 0.10ms, total = 0.10ms, Queueing time: mean = 0.06ms, max = 0.06ms, min = 0.06ms, total = 0.06ms

-----------------
Task execution event stats:

Global stats: 0 total (0 active)
Queueing time: mean = -nanms, max = -0.00ms, min = 9223372036854.78ms, total = 0.00ms
Execution time:  mean = -nanms, total = 0.00ms
Event stats:

-----------------
Task Event stats:

IO Service Stats:

Global stats: 1081 total (1 active)
Queueing time: mean = 0.04ms, max = 0.11ms, min = 0.01ms, total = 38.66ms
Execution time:  mean = 0.36ms, total = 387.96ms
Event stats:
	ray::rpc::TaskInfoGcsService.grpc_client.AddTaskEventData.OnReplyReceived - 360 total (0 active), Execution time: mean = 0.04ms, total = 13.23ms, Queueing time: mean = 0.05ms, max = 0.09ms, min = 0.01ms, total = 16.55ms
	ray::rpc::TaskInfoGcsService.grpc_client.AddTaskEventData - 360 total (0 active), Execution time: mean = 0.82ms, total = 293.87ms, Queueing time: mean = 0.00ms, max = -0.00ms, min = 9223372036854.78ms, total = 0.00ms
	CoreWorker.deadline_timer.flush_task_events - 360 total (1 active), Execution time: mean = 0.22ms, total = 80.66ms, Queueing time: mean = 0.06ms, max = 0.11ms, min = 0.02ms, total = 22.10ms
	PeriodicalRunner.RunFnPeriodically - 1 total (0 active), Execution time: mean = 0.20ms, total = 0.20ms, Queueing time: mean = 0.01ms, max = 0.01ms, min = 0.01ms, total = 0.01ms
Other Stats:
	gcs_grpc_in_progress:0
	event_aggregator_grpc_in_progress:0
	current number of task status events in buffer: 0
	current number of profile events in buffer: 0
	current number of dropped task attempts tracked: 0
	total task events sent: 0.00111294 MiB
	total number of task attempts sent: 5
	total number of task attempts dropped reported: 0
	total number of sent failure: 0
	num status task events dropped: 0
	num profile task events dropped: 0
	num ray task events reported to aggregator: 0
	num ray task events failed to report to aggregator: 0
	num of task attempts dropped reported to aggregator: 0
	num of failed requests to aggregator: 0

[2026-02-15 11:21:12,604 I 3995217 3995217] core_worker.cc:584: Sending disconnect message to the local raylet.
[2026-02-15 11:21:12,604 I 3995217 3995217] raylet_ipc_client.cc:135: RayletIpcClient::Disconnect, exit_type=INTENDED_USER_EXIT, exit_detail=Shutdown by ray.shutdown()., has creation_task_exception_pb_bytes=0
[2026-02-15 11:21:12,605 I 3995217 3995217] core_worker.cc:589: Disconnected from the local raylet.
[2026-02-15 11:21:12,605 I 3995217 3995217] task_event_buffer.cc:491: Shutting down TaskEventBuffer.
[2026-02-15 11:21:12,605 I 3995217 3999017] task_event_buffer.cc:459: Task event buffer io service stopped.
[2026-02-15 11:21:12,605 I 3995217 3995217] core_worker_shutdown_executor.cc:54: Waiting for joining a core worker io thread. If it hangs here, there might be deadlock or a high load in the core worker io service.
[2026-02-15 11:21:12,606 I 3995217 3996282] core_worker_process.cc:195: Core worker main io service stopped.
[2026-02-15 11:21:12,610 I 3995217 3995217] core_worker_shutdown_executor.cc:72: Disconnecting a GCS client.
[2026-02-15 11:21:12,610 I 3995217 3995217] core_worker_shutdown_executor.cc:79: Core worker ready to be deallocated.
[2026-02-15 11:21:12,610 I 3995217 3995217] core_worker.cc:539: Core worker is destructed
[2026-02-15 11:21:12,610 I 3995217 3995217] task_event_buffer.cc:491: Shutting down TaskEventBuffer.
[2026-02-15 11:21:12,612 I 3995217 3995217] core_worker_process.cc:851: Destructing CoreWorkerProcessImpl. pid: 3995217
[2026-02-15 11:21:12,615 I 3995217 3995217] stats.h:149: Stats module has shutdown.
