[2026-02-15 11:14:31,679 I 3996288 3996288] core_worker_process.cc:777: Constructing CoreWorkerProcess. pid: 3996288
[2026-02-15 11:14:31,684 I 3996288 3996288] event.cc:499: Ray Event initialized for CORE_WORKER
[2026-02-15 11:14:31,684 I 3996288 3996288] event.cc:499: Ray Event initialized for EXPORT_TASK
[2026-02-15 11:14:31,684 I 3996288 3996288] event.cc:332: Set ray event level to warning
[2026-02-15 11:14:31,684 I 3996288 3996288] event_aggregator_client.h:50: Initiating the local event aggregator client with port: 64938
[2026-02-15 11:14:31,687 I 3996288 3996288] grpc_server.cc:143: worker server started, listening on port 40063.
[2026-02-15 11:14:31,701 I 3996288 3996288] core_worker_process.cc:262: Initializing worker at address: 172.28.6.3:40063 worker_id=98aa191fd97907e7601288aaca28d442bf33f52394a7f24d13a1f7dd node_id=e1e36a4cadb97d7e82b62c4426600c8ae57b021f0f3a7cf49049d1f6
[2026-02-15 11:14:31,702 I 3996288 3996288] task_event_buffer.cc:480: Reporting task events to GCS every 1000ms.
[2026-02-15 11:14:31,704 I 3996288 3996288] core_worker.cc:515: Adjusted worker niceness to 15
[2026-02-15 11:14:31,704 I 3996288 3996288] metrics_agent_client.cc:45: Initializing exporter ...
[2026-02-15 11:14:31,704 I 3996288 3996734] core_worker.cc:455: Event stats:


Global stats: 13 total (11 active)
Queueing time: mean = 0.03ms, max = 0.26ms, min = 0.16ms, total = 0.42ms
Execution time:  mean = 0.00ms, total = 0.04ms
Event stats:
	PeriodicalRunner.RunFnPeriodically - 7 total (5 active, 1 running), Execution time: mean = 0.01ms, total = 0.04ms, Queueing time: mean = 0.06ms, max = 0.26ms, min = 0.16ms, total = 0.42ms
	ray::rpc::InternalPubSubGcsService.grpc_client.GcsSubscriberCommandBatch - 1 total (1 active), Execution time: mean = 0.00ms, total = 0.00ms, Queueing time: mean = 0.00ms, max = -0.00ms, min = 9223372036854.78ms, total = 0.00ms
	ReporterService.grpc_client.HealthCheck - 1 total (1 active), Execution time: mean = 0.00ms, total = 0.00ms, Queueing time: mean = 0.00ms, max = -0.00ms, min = 9223372036854.78ms, total = 0.00ms
	ray::rpc::WorkerInfoGcsService.grpc_client.AddWorkerInfo - 1 total (1 active), Execution time: mean = 0.00ms, total = 0.00ms, Queueing time: mean = 0.00ms, max = -0.00ms, min = 9223372036854.78ms, total = 0.00ms
	ray::rpc::InternalPubSubGcsService.grpc_client.GcsSubscriberPoll - 1 total (1 active), Execution time: mean = 0.00ms, total = 0.00ms, Queueing time: mean = 0.00ms, max = -0.00ms, min = 9223372036854.78ms, total = 0.00ms
	CoreWorker.ExitIfParentRayletDies - 1 total (1 active), Execution time: mean = 0.00ms, total = 0.00ms, Queueing time: mean = 0.00ms, max = -0.00ms, min = 9223372036854.78ms, total = 0.00ms
	Publisher.CheckDeadSubscribers - 1 total (1 active), Execution time: mean = 0.00ms, total = 0.00ms, Queueing time: mean = 0.00ms, max = -0.00ms, min = 9223372036854.78ms, total = 0.00ms

-----------------
Task execution event stats:

Global stats: 0 total (0 active)
Queueing time: mean = -nanms, max = -0.00ms, min = 9223372036854.78ms, total = 0.00ms
Execution time:  mean = -nanms, total = 0.00ms
Event stats:

-----------------
Task Event stats:

IO Service Stats:

Global stats: 1 total (1 active)
Queueing time: mean = 0.00ms, max = -0.00ms, min = 9223372036854.78ms, total = 0.00ms
Execution time:  mean = 0.00ms, total = 0.00ms
Event stats:
	PeriodicalRunner.RunFnPeriodically - 1 total (1 active), Execution time: mean = 0.00ms, total = 0.00ms, Queueing time: mean = 0.00ms, max = -0.00ms, min = 9223372036854.78ms, total = 0.00ms
Other Stats:
	gcs_grpc_in_progress:0
	event_aggregator_grpc_in_progress:0
	current number of task status events in buffer: 0
	current number of profile events in buffer: 0
	current number of dropped task attempts tracked: 0
	total task events sent: 0 MiB
	total number of task attempts sent: 0
	total number of task attempts dropped reported: 0
	total number of sent failure: 0
	num status task events dropped: 0
	num profile task events dropped: 0
	num ray task events reported to aggregator: 0
	num ray task events failed to report to aggregator: 0
	num of task attempts dropped reported to aggregator: 0
	num of failed requests to aggregator: 0

[2026-02-15 11:14:31,707 I 3996288 3996734] accessor.cc:433: Received address and liveness notification for node, IsAlive = 1 node_id=e1e36a4cadb97d7e82b62c4426600c8ae57b021f0f3a7cf49049d1f6
[2026-02-15 11:14:31,707 I 3996288 3996734] normal_task_submitter.cc:840: Number of alive nodes:1
[2026-02-15 11:14:33,707 I 3996288 3996734] metrics_agent_client.cc:59: Exporter initialized.
[2026-02-15 11:15:31,705 I 3996288 3996734] core_worker.cc:455: Event stats:


Global stats: 890 total (8 active)
Queueing time: mean = 2.30ms, max = 1000.07ms, min = 0.01ms, total = 2045.73ms
Execution time:  mean = 0.10ms, total = 85.87ms
Event stats:
	CoreWorker.RecoverObjects - 600 total (1 active), Execution time: mean = 0.01ms, total = 5.78ms, Queueing time: mean = 0.05ms, max = 0.13ms, min = 0.01ms, total = 32.92ms
	CoreWorker.InternalHeartbeat - 60 total (1 active), Execution time: mean = 0.19ms, total = 11.60ms, Queueing time: mean = 0.05ms, max = 0.10ms, min = 0.02ms, total = 2.87ms
	CoreWorker.ExitIfParentRayletDies - 60 total (1 active), Execution time: mean = 0.01ms, total = 0.74ms, Queueing time: mean = 0.05ms, max = 0.15ms, min = 0.01ms, total = 2.98ms
	NodeManagerService.grpc_client.ReportWorkerBacklog - 60 total (0 active), Execution time: mean = 0.91ms, total = 54.55ms, Queueing time: mean = 0.00ms, max = -0.00ms, min = 9223372036854.78ms, total = 0.00ms
	NodeManagerService.grpc_client.ReportWorkerBacklog.OnReplyReceived - 60 total (0 active), Execution time: mean = 0.03ms, total = 1.61ms, Queueing time: mean = 0.04ms, max = 0.07ms, min = 0.01ms, total = 2.51ms
	CoreWorker.RecordMetrics - 12 total (1 active), Execution time: mean = 0.06ms, total = 0.72ms, Queueing time: mean = 0.03ms, max = 0.09ms, min = 0.02ms, total = 0.39ms
	PeriodicalRunner.RunFnPeriodically - 7 total (0 active), Execution time: mean = 0.10ms, total = 0.67ms, Queueing time: mean = 0.49ms, max = 0.90ms, min = 0.16ms, total = 3.45ms
	CoreWorker.TryDelPendingObjectRefStreams - 6 total (1 active), Execution time: mean = 0.01ms, total = 0.04ms, Queueing time: mean = 0.04ms, max = 0.08ms, min = 0.03ms, total = 0.23ms
	CoreWorkerService.grpc_server.GetCoreWorkerStats - 4 total (0 active), Execution time: mean = 0.25ms, total = 1.00ms, Queueing time: mean = 0.00ms, max = -0.00ms, min = 9223372036854.78ms, total = 0.00ms
	CoreWorkerService.grpc_server.GetCoreWorkerStats.HandleRequestImpl - 4 total (0 active), Execution time: mean = 0.08ms, total = 0.33ms, Queueing time: mean = 0.02ms, max = 0.02ms, min = 0.01ms, total = 0.07ms
	ReporterService.grpc_client.HealthCheck.OnReplyReceived - 3 total (0 active), Execution time: mean = 0.17ms, total = 0.50ms, Queueing time: mean = 0.05ms, max = 0.12ms, min = 0.02ms, total = 0.16ms
	ReporterService.grpc_client.HealthCheck - 3 total (0 active), Execution time: mean = 0.93ms, total = 2.80ms, Queueing time: mean = 0.00ms, max = -0.00ms, min = 9223372036854.78ms, total = 0.00ms
	MetricsAgentClient.WaitForServerReadyWithRetry - 2 total (0 active), Execution time: mean = 0.22ms, total = 0.45ms, Queueing time: mean = 1000.04ms, max = 1000.07ms, min = 1000.02ms, total = 2000.08ms
	ray::rpc::NodeInfoGcsService.grpc_client.GetAllNodeAddressAndLiveness - 1 total (0 active), Execution time: mean = 1.76ms, total = 1.76ms, Queueing time: mean = 0.00ms, max = -0.00ms, min = 9223372036854.78ms, total = 0.00ms
	ray::rpc::InternalPubSubGcsService.grpc_client.GcsSubscriberPoll - 1 total (1 active), Execution time: mean = 0.00ms, total = 0.00ms, Queueing time: mean = 0.00ms, max = -0.00ms, min = 9223372036854.78ms, total = 0.00ms
	ray::rpc::InternalPubSubGcsService.grpc_client.GcsSubscriberCommandBatch.OnReplyReceived - 1 total (0 active), Execution time: mean = 0.16ms, total = 0.16ms, Queueing time: mean = 0.02ms, max = 0.02ms, min = 0.02ms, total = 0.02ms
	ray::rpc::NodeInfoGcsService.grpc_client.GetAllNodeAddressAndLiveness.OnReplyReceived - 1 total (0 active), Execution time: mean = 0.06ms, total = 0.06ms, Queueing time: mean = 0.02ms, max = 0.02ms, min = 0.02ms, total = 0.02ms
	ray::rpc::InternalPubSubGcsService.grpc_client.GcsSubscriberCommandBatch - 1 total (0 active), Execution time: mean = 1.44ms, total = 1.44ms, Queueing time: mean = 0.00ms, max = -0.00ms, min = 9223372036854.78ms, total = 0.00ms
	ray::rpc::WorkerInfoGcsService.grpc_client.AddWorkerInfo.OnReplyReceived - 1 total (0 active), Execution time: mean = 0.02ms, total = 0.02ms, Queueing time: mean = 0.02ms, max = 0.02ms, min = 0.02ms, total = 0.02ms
	ray::rpc::WorkerInfoGcsService.grpc_client.AddWorkerInfo - 1 total (0 active), Execution time: mean = 1.64ms, total = 1.64ms, Queueing time: mean = 0.00ms, max = -0.00ms, min = 9223372036854.78ms, total = 0.00ms
	Publisher.CheckDeadSubscribers - 1 total (1 active), Execution time: mean = 0.00ms, total = 0.00ms, Queueing time: mean = 0.00ms, max = -0.00ms, min = 9223372036854.78ms, total = 0.00ms
	CoreWorker.PrintEventStats - 1 total (1 active, 1 running), Execution time: mean = 0.00ms, total = 0.00ms, Queueing time: mean = 0.00ms, max = -0.00ms, min = 9223372036854.78ms, total = 0.00ms

-----------------
Task execution event stats:

Global stats: 5965 total (1 active)
Queueing time: mean = 0.05ms, max = 0.27ms, min = 0.00ms, total = 304.88ms
Execution time:  mean = 0.01ms, total = 86.52ms
Event stats:
	CoreWorker.CheckSignal - 5964 total (1 active), Execution time: mean = 0.01ms, total = 86.51ms, Queueing time: mean = 0.05ms, max = 0.27ms, min = 0.00ms, total = 304.88ms
	PeriodicalRunner.RunFnPeriodically - 1 total (0 active), Execution time: mean = 0.01ms, total = 0.01ms, Queueing time: mean = 0.00ms, max = 0.00ms, min = 0.00ms, total = 0.00ms

-----------------
Task Event stats:

IO Service Stats:

Global stats: 181 total (1 active)
Queueing time: mean = 0.05ms, max = 3.20ms, min = 0.02ms, total = 8.74ms
Execution time:  mean = 0.36ms, total = 65.06ms
Event stats:
	ray::rpc::TaskInfoGcsService.grpc_client.AddTaskEventData.OnReplyReceived - 60 total (0 active), Execution time: mean = 0.03ms, total = 2.06ms, Queueing time: mean = 0.04ms, max = 0.07ms, min = 0.02ms, total = 2.61ms
	ray::rpc::TaskInfoGcsService.grpc_client.AddTaskEventData - 60 total (0 active), Execution time: mean = 0.84ms, total = 50.36ms, Queueing time: mean = 0.00ms, max = -0.00ms, min = 9223372036854.78ms, total = 0.00ms
	CoreWorker.deadline_timer.flush_task_events - 60 total (1 active), Execution time: mean = 0.21ms, total = 12.49ms, Queueing time: mean = 0.05ms, max = 0.10ms, min = 0.02ms, total = 2.93ms
	PeriodicalRunner.RunFnPeriodically - 1 total (0 active), Execution time: mean = 0.15ms, total = 0.15ms, Queueing time: mean = 3.20ms, max = 3.20ms, min = 3.20ms, total = 3.20ms
Other Stats:
	gcs_grpc_in_progress:0
	event_aggregator_grpc_in_progress:0
	current number of task status events in buffer: 0
	current number of profile events in buffer: 0
	current number of dropped task attempts tracked: 0
	total task events sent: 0 MiB
	total number of task attempts sent: 0
	total number of task attempts dropped reported: 0
	total number of sent failure: 0
	num status task events dropped: 0
	num profile task events dropped: 0
	num ray task events reported to aggregator: 0
	num ray task events failed to report to aggregator: 0
	num of task attempts dropped reported to aggregator: 0
	num of failed requests to aggregator: 0

[2026-02-15 11:16:31,706 I 3996288 3996734] core_worker.cc:455: Event stats:


Global stats: 1757 total (8 active)
Queueing time: mean = 1.19ms, max = 1000.07ms, min = 0.01ms, total = 2087.34ms
Execution time:  mean = 0.09ms, total = 164.98ms
Event stats:
	CoreWorker.RecoverObjects - 1200 total (1 active), Execution time: mean = 0.01ms, total = 10.92ms, Queueing time: mean = 0.05ms, max = 0.19ms, min = 0.01ms, total = 64.41ms
	NodeManagerService.grpc_client.ReportWorkerBacklog.OnReplyReceived - 120 total (0 active), Execution time: mean = 0.03ms, total = 3.36ms, Queueing time: mean = 0.05ms, max = 0.08ms, min = 0.01ms, total = 5.40ms
	CoreWorker.InternalHeartbeat - 120 total (1 active), Execution time: mean = 0.20ms, total = 24.13ms, Queueing time: mean = 0.05ms, max = 0.10ms, min = 0.01ms, total = 5.71ms
	CoreWorker.ExitIfParentRayletDies - 120 total (1 active), Execution time: mean = 0.01ms, total = 1.46ms, Queueing time: mean = 0.05ms, max = 0.19ms, min = 0.01ms, total = 6.38ms
	NodeManagerService.grpc_client.ReportWorkerBacklog - 120 total (0 active), Execution time: mean = 0.92ms, total = 110.37ms, Queueing time: mean = 0.00ms, max = -0.00ms, min = 9223372036854.78ms, total = 0.00ms
	CoreWorker.RecordMetrics - 24 total (1 active), Execution time: mean = 0.07ms, total = 1.60ms, Queueing time: mean = 0.04ms, max = 0.09ms, min = 0.02ms, total = 0.99ms
	CoreWorker.TryDelPendingObjectRefStreams - 12 total (1 active), Execution time: mean = 0.01ms, total = 0.08ms, Queueing time: mean = 0.04ms, max = 0.08ms, min = 0.03ms, total = 0.53ms
	CoreWorkerService.grpc_server.GetCoreWorkerStats - 8 total (0 active), Execution time: mean = 0.27ms, total = 2.19ms, Queueing time: mean = 0.00ms, max = -0.00ms, min = 9223372036854.78ms, total = 0.00ms
	CoreWorkerService.grpc_server.GetCoreWorkerStats.HandleRequestImpl - 8 total (0 active), Execution time: mean = 0.09ms, total = 0.72ms, Queueing time: mean = 0.02ms, max = 0.03ms, min = 0.01ms, total = 0.16ms
	PeriodicalRunner.RunFnPeriodically - 7 total (0 active), Execution time: mean = 0.10ms, total = 0.67ms, Queueing time: mean = 0.49ms, max = 0.90ms, min = 0.16ms, total = 3.45ms
	ReporterService.grpc_client.HealthCheck.OnReplyReceived - 3 total (0 active), Execution time: mean = 0.17ms, total = 0.50ms, Queueing time: mean = 0.05ms, max = 0.12ms, min = 0.02ms, total = 0.16ms
	ReporterService.grpc_client.HealthCheck - 3 total (0 active), Execution time: mean = 0.93ms, total = 2.80ms, Queueing time: mean = 0.00ms, max = -0.00ms, min = 9223372036854.78ms, total = 0.00ms
	CoreWorker.PrintEventStats - 2 total (1 active, 1 running), Execution time: mean = 0.33ms, total = 0.66ms, Queueing time: mean = 0.01ms, max = 0.03ms, min = 0.03ms, total = 0.03ms
	MetricsAgentClient.WaitForServerReadyWithRetry - 2 total (0 active), Execution time: mean = 0.22ms, total = 0.45ms, Queueing time: mean = 1000.04ms, max = 1000.07ms, min = 1000.02ms, total = 2000.08ms
	ray::rpc::InternalPubSubGcsService.grpc_client.GcsSubscriberCommandBatch.OnReplyReceived - 1 total (0 active), Execution time: mean = 0.16ms, total = 0.16ms, Queueing time: mean = 0.02ms, max = 0.02ms, min = 0.02ms, total = 0.02ms
	ray::rpc::NodeInfoGcsService.grpc_client.GetAllNodeAddressAndLiveness - 1 total (0 active), Execution time: mean = 1.76ms, total = 1.76ms, Queueing time: mean = 0.00ms, max = -0.00ms, min = 9223372036854.78ms, total = 0.00ms
	ray::rpc::InternalPubSubGcsService.grpc_client.GcsSubscriberPoll - 1 total (1 active), Execution time: mean = 0.00ms, total = 0.00ms, Queueing time: mean = 0.00ms, max = -0.00ms, min = 9223372036854.78ms, total = 0.00ms
	ray::rpc::NodeInfoGcsService.grpc_client.GetAllNodeAddressAndLiveness.OnReplyReceived - 1 total (0 active), Execution time: mean = 0.06ms, total = 0.06ms, Queueing time: mean = 0.02ms, max = 0.02ms, min = 0.02ms, total = 0.02ms
	ray::rpc::InternalPubSubGcsService.grpc_client.GcsSubscriberCommandBatch - 1 total (0 active), Execution time: mean = 1.44ms, total = 1.44ms, Queueing time: mean = 0.00ms, max = -0.00ms, min = 9223372036854.78ms, total = 0.00ms
	ray::rpc::WorkerInfoGcsService.grpc_client.AddWorkerInfo.OnReplyReceived - 1 total (0 active), Execution time: mean = 0.02ms, total = 0.02ms, Queueing time: mean = 0.02ms, max = 0.02ms, min = 0.02ms, total = 0.02ms
	ray::rpc::WorkerInfoGcsService.grpc_client.AddWorkerInfo - 1 total (0 active), Execution time: mean = 1.64ms, total = 1.64ms, Queueing time: mean = 0.00ms, max = -0.00ms, min = 9223372036854.78ms, total = 0.00ms
	Publisher.CheckDeadSubscribers - 1 total (1 active), Execution time: mean = 0.00ms, total = 0.00ms, Queueing time: mean = 0.00ms, max = -0.00ms, min = 9223372036854.78ms, total = 0.00ms

-----------------
Task execution event stats:

Global stats: 11929 total (1 active)
Queueing time: mean = 0.05ms, max = 1.18ms, min = 0.00ms, total = 613.60ms
Execution time:  mean = 0.01ms, total = 173.67ms
Event stats:
	CoreWorker.CheckSignal - 11928 total (1 active), Execution time: mean = 0.01ms, total = 173.66ms, Queueing time: mean = 0.05ms, max = 1.18ms, min = 0.00ms, total = 613.60ms
	PeriodicalRunner.RunFnPeriodically - 1 total (0 active), Execution time: mean = 0.01ms, total = 0.01ms, Queueing time: mean = 0.00ms, max = 0.00ms, min = 0.00ms, total = 0.00ms

-----------------
Task Event stats:

IO Service Stats:

Global stats: 361 total (1 active)
Queueing time: mean = 0.04ms, max = 3.20ms, min = 0.02ms, total = 14.34ms
Execution time:  mean = 0.35ms, total = 127.25ms
Event stats:
	ray::rpc::TaskInfoGcsService.grpc_client.AddTaskEventData.OnReplyReceived - 120 total (0 active), Execution time: mean = 0.03ms, total = 4.04ms, Queueing time: mean = 0.04ms, max = 0.08ms, min = 0.02ms, total = 4.98ms
	ray::rpc::TaskInfoGcsService.grpc_client.AddTaskEventData - 120 total (0 active), Execution time: mean = 0.82ms, total = 98.25ms, Queueing time: mean = 0.00ms, max = -0.00ms, min = 9223372036854.78ms, total = 0.00ms
	CoreWorker.deadline_timer.flush_task_events - 120 total (1 active), Execution time: mean = 0.21ms, total = 24.81ms, Queueing time: mean = 0.05ms, max = 0.13ms, min = 0.02ms, total = 6.16ms
	PeriodicalRunner.RunFnPeriodically - 1 total (0 active), Execution time: mean = 0.15ms, total = 0.15ms, Queueing time: mean = 3.20ms, max = 3.20ms, min = 3.20ms, total = 3.20ms
Other Stats:
	gcs_grpc_in_progress:0
	event_aggregator_grpc_in_progress:0
	current number of task status events in buffer: 0
	current number of profile events in buffer: 0
	current number of dropped task attempts tracked: 0
	total task events sent: 0 MiB
	total number of task attempts sent: 0
	total number of task attempts dropped reported: 0
	total number of sent failure: 0
	num status task events dropped: 0
	num profile task events dropped: 0
	num ray task events reported to aggregator: 0
	num ray task events failed to report to aggregator: 0
	num of task attempts dropped reported to aggregator: 0
	num of failed requests to aggregator: 0

[2026-02-15 11:17:31,706 I 3996288 3996734] core_worker.cc:455: Event stats:


Global stats: 2623 total (8 active)
Queueing time: mean = 0.81ms, max = 1000.07ms, min = 0.01ms, total = 2129.89ms
Execution time:  mean = 0.09ms, total = 237.16ms
Event stats:
	CoreWorker.RecoverObjects - 1799 total (1 active), Execution time: mean = 0.01ms, total = 16.31ms, Queueing time: mean = 0.05ms, max = 0.19ms, min = 0.01ms, total = 96.07ms
	NodeManagerService.grpc_client.ReportWorkerBacklog.OnReplyReceived - 180 total (0 active), Execution time: mean = 0.03ms, total = 5.00ms, Queueing time: mean = 0.05ms, max = 0.08ms, min = 0.01ms, total = 8.13ms
	CoreWorker.InternalHeartbeat - 180 total (1 active), Execution time: mean = 0.20ms, total = 35.86ms, Queueing time: mean = 0.05ms, max = 0.10ms, min = 0.01ms, total = 8.89ms
	CoreWorker.ExitIfParentRayletDies - 180 total (1 active), Execution time: mean = 0.01ms, total = 2.13ms, Queueing time: mean = 0.05ms, max = 0.19ms, min = 0.01ms, total = 9.69ms
	NodeManagerService.grpc_client.ReportWorkerBacklog - 180 total (0 active), Execution time: mean = 0.89ms, total = 160.29ms, Queueing time: mean = 0.00ms, max = -0.00ms, min = 9223372036854.78ms, total = 0.00ms
	CoreWorker.RecordMetrics - 36 total (1 active), Execution time: mean = 0.06ms, total = 2.31ms, Queueing time: mean = 0.05ms, max = 0.09ms, min = 0.02ms, total = 1.64ms
	CoreWorker.TryDelPendingObjectRefStreams - 18 total (1 active), Execution time: mean = 0.01ms, total = 0.11ms, Queueing time: mean = 0.08ms, max = 0.56ms, min = 0.03ms, total = 1.41ms
	CoreWorkerService.grpc_server.GetCoreWorkerStats - 12 total (0 active), Execution time: mean = 0.26ms, total = 3.18ms, Queueing time: mean = 0.00ms, max = -0.00ms, min = 9223372036854.78ms, total = 0.00ms
	CoreWorkerService.grpc_server.GetCoreWorkerStats.HandleRequestImpl - 12 total (0 active), Execution time: mean = 0.08ms, total = 1.00ms, Queueing time: mean = 0.02ms, max = 0.03ms, min = 0.01ms, total = 0.24ms
	PeriodicalRunner.RunFnPeriodically - 7 total (0 active), Execution time: mean = 0.10ms, total = 0.67ms, Queueing time: mean = 0.49ms, max = 0.90ms, min = 0.16ms, total = 3.45ms
	ReporterService.grpc_client.HealthCheck.OnReplyReceived - 3 total (0 active), Execution time: mean = 0.17ms, total = 0.50ms, Queueing time: mean = 0.05ms, max = 0.12ms, min = 0.02ms, total = 0.16ms
	ReporterService.grpc_client.HealthCheck - 3 total (0 active), Execution time: mean = 0.93ms, total = 2.80ms, Queueing time: mean = 0.00ms, max = -0.00ms, min = 9223372036854.78ms, total = 0.00ms
	CoreWorker.PrintEventStats - 3 total (1 active, 1 running), Execution time: mean = 0.50ms, total = 1.49ms, Queueing time: mean = 0.02ms, max = 0.03ms, min = 0.03ms, total = 0.06ms
	MetricsAgentClient.WaitForServerReadyWithRetry - 2 total (0 active), Execution time: mean = 0.22ms, total = 0.45ms, Queueing time: mean = 1000.04ms, max = 1000.07ms, min = 1000.02ms, total = 2000.08ms
	ray::rpc::InternalPubSubGcsService.grpc_client.GcsSubscriberCommandBatch.OnReplyReceived - 1 total (0 active), Execution time: mean = 0.16ms, total = 0.16ms, Queueing time: mean = 0.02ms, max = 0.02ms, min = 0.02ms, total = 0.02ms
	ray::rpc::NodeInfoGcsService.grpc_client.GetAllNodeAddressAndLiveness - 1 total (0 active), Execution time: mean = 1.76ms, total = 1.76ms, Queueing time: mean = 0.00ms, max = -0.00ms, min = 9223372036854.78ms, total = 0.00ms
	ray::rpc::InternalPubSubGcsService.grpc_client.GcsSubscriberPoll - 1 total (1 active), Execution time: mean = 0.00ms, total = 0.00ms, Queueing time: mean = 0.00ms, max = -0.00ms, min = 9223372036854.78ms, total = 0.00ms
	ray::rpc::NodeInfoGcsService.grpc_client.GetAllNodeAddressAndLiveness.OnReplyReceived - 1 total (0 active), Execution time: mean = 0.06ms, total = 0.06ms, Queueing time: mean = 0.02ms, max = 0.02ms, min = 0.02ms, total = 0.02ms
	ray::rpc::InternalPubSubGcsService.grpc_client.GcsSubscriberCommandBatch - 1 total (0 active), Execution time: mean = 1.44ms, total = 1.44ms, Queueing time: mean = 0.00ms, max = -0.00ms, min = 9223372036854.78ms, total = 0.00ms
	ray::rpc::WorkerInfoGcsService.grpc_client.AddWorkerInfo.OnReplyReceived - 1 total (0 active), Execution time: mean = 0.02ms, total = 0.02ms, Queueing time: mean = 0.02ms, max = 0.02ms, min = 0.02ms, total = 0.02ms
	ray::rpc::WorkerInfoGcsService.grpc_client.AddWorkerInfo - 1 total (0 active), Execution time: mean = 1.64ms, total = 1.64ms, Queueing time: mean = 0.00ms, max = -0.00ms, min = 9223372036854.78ms, total = 0.00ms
	Publisher.CheckDeadSubscribers - 1 total (1 active), Execution time: mean = 0.00ms, total = 0.00ms, Queueing time: mean = 0.00ms, max = -0.00ms, min = 9223372036854.78ms, total = 0.00ms

-----------------
Task execution event stats:

Global stats: 17894 total (1 active)
Queueing time: mean = 0.05ms, max = 1.18ms, min = 0.00ms, total = 908.09ms
Execution time:  mean = 0.01ms, total = 260.96ms
Event stats:
	CoreWorker.CheckSignal - 17893 total (1 active), Execution time: mean = 0.01ms, total = 260.95ms, Queueing time: mean = 0.05ms, max = 1.18ms, min = 0.00ms, total = 908.09ms
	PeriodicalRunner.RunFnPeriodically - 1 total (0 active), Execution time: mean = 0.01ms, total = 0.01ms, Queueing time: mean = 0.00ms, max = 0.00ms, min = 0.00ms, total = 0.00ms

-----------------
Task Event stats:

IO Service Stats:

Global stats: 541 total (1 active)
Queueing time: mean = 0.04ms, max = 3.20ms, min = 0.01ms, total = 20.00ms
Execution time:  mean = 0.35ms, total = 189.96ms
Event stats:
	ray::rpc::TaskInfoGcsService.grpc_client.AddTaskEventData.OnReplyReceived - 180 total (0 active), Execution time: mean = 0.03ms, total = 6.19ms, Queueing time: mean = 0.04ms, max = 0.09ms, min = 0.01ms, total = 7.68ms
	ray::rpc::TaskInfoGcsService.grpc_client.AddTaskEventData - 180 total (0 active), Execution time: mean = 0.81ms, total = 146.07ms, Queueing time: mean = 0.00ms, max = -0.00ms, min = 9223372036854.78ms, total = 0.00ms
	CoreWorker.deadline_timer.flush_task_events - 180 total (1 active), Execution time: mean = 0.21ms, total = 37.56ms, Queueing time: mean = 0.05ms, max = 0.13ms, min = 0.02ms, total = 9.12ms
	PeriodicalRunner.RunFnPeriodically - 1 total (0 active), Execution time: mean = 0.15ms, total = 0.15ms, Queueing time: mean = 3.20ms, max = 3.20ms, min = 3.20ms, total = 3.20ms
Other Stats:
	gcs_grpc_in_progress:0
	event_aggregator_grpc_in_progress:0
	current number of task status events in buffer: 0
	current number of profile events in buffer: 0
	current number of dropped task attempts tracked: 0
	total task events sent: 0 MiB
	total number of task attempts sent: 0
	total number of task attempts dropped reported: 0
	total number of sent failure: 0
	num status task events dropped: 0
	num profile task events dropped: 0
	num ray task events reported to aggregator: 0
	num ray task events failed to report to aggregator: 0
	num of task attempts dropped reported to aggregator: 0
	num of failed requests to aggregator: 0

[2026-02-15 11:18:31,707 I 3996288 3996734] core_worker.cc:455: Event stats:


Global stats: 3490 total (8 active)
Queueing time: mean = 0.62ms, max = 1000.07ms, min = 0.01ms, total = 2170.73ms
Execution time:  mean = 0.09ms, total = 309.10ms
Event stats:
	CoreWorker.RecoverObjects - 2399 total (1 active), Execution time: mean = 0.01ms, total = 21.25ms, Queueing time: mean = 0.05ms, max = 0.19ms, min = 0.01ms, total = 126.50ms
	NodeManagerService.grpc_client.ReportWorkerBacklog.OnReplyReceived - 240 total (0 active), Execution time: mean = 0.03ms, total = 6.66ms, Queueing time: mean = 0.04ms, max = 0.10ms, min = 0.01ms, total = 10.51ms
	CoreWorker.InternalHeartbeat - 240 total (1 active), Execution time: mean = 0.20ms, total = 47.65ms, Queueing time: mean = 0.05ms, max = 0.10ms, min = 0.01ms, total = 12.21ms
	CoreWorker.ExitIfParentRayletDies - 240 total (1 active), Execution time: mean = 0.01ms, total = 2.78ms, Queueing time: mean = 0.05ms, max = 0.19ms, min = 0.01ms, total = 12.96ms
	NodeManagerService.grpc_client.ReportWorkerBacklog - 240 total (0 active), Execution time: mean = 0.88ms, total = 210.34ms, Queueing time: mean = 0.00ms, max = -0.00ms, min = 9223372036854.78ms, total = 0.00ms
	CoreWorker.RecordMetrics - 48 total (1 active), Execution time: mean = 0.06ms, total = 3.04ms, Queueing time: mean = 0.05ms, max = 0.09ms, min = 0.02ms, total = 2.29ms
	CoreWorker.TryDelPendingObjectRefStreams - 24 total (1 active), Execution time: mean = 0.01ms, total = 0.14ms, Queueing time: mean = 0.09ms, max = 0.56ms, min = 0.02ms, total = 2.05ms
	CoreWorkerService.grpc_server.GetCoreWorkerStats - 16 total (0 active), Execution time: mean = 0.27ms, total = 4.25ms, Queueing time: mean = 0.00ms, max = -0.00ms, min = 9223372036854.78ms, total = 0.00ms
	CoreWorkerService.grpc_server.GetCoreWorkerStats.HandleRequestImpl - 16 total (0 active), Execution time: mean = 0.08ms, total = 1.29ms, Queueing time: mean = 0.02ms, max = 0.03ms, min = 0.01ms, total = 0.33ms
	PeriodicalRunner.RunFnPeriodically - 7 total (0 active), Execution time: mean = 0.10ms, total = 0.67ms, Queueing time: mean = 0.49ms, max = 0.90ms, min = 0.16ms, total = 3.45ms
	CoreWorker.PrintEventStats - 4 total (1 active, 1 running), Execution time: mean = 0.55ms, total = 2.21ms, Queueing time: mean = 0.03ms, max = 0.07ms, min = 0.03ms, total = 0.13ms
	ReporterService.grpc_client.HealthCheck.OnReplyReceived - 3 total (0 active), Execution time: mean = 0.17ms, total = 0.50ms, Queueing time: mean = 0.05ms, max = 0.12ms, min = 0.02ms, total = 0.16ms
	ReporterService.grpc_client.HealthCheck - 3 total (0 active), Execution time: mean = 0.93ms, total = 2.80ms, Queueing time: mean = 0.00ms, max = -0.00ms, min = 9223372036854.78ms, total = 0.00ms
	MetricsAgentClient.WaitForServerReadyWithRetry - 2 total (0 active), Execution time: mean = 0.22ms, total = 0.45ms, Queueing time: mean = 1000.04ms, max = 1000.07ms, min = 1000.02ms, total = 2000.08ms
	ray::rpc::InternalPubSubGcsService.grpc_client.GcsSubscriberCommandBatch.OnReplyReceived - 1 total (0 active), Execution time: mean = 0.16ms, total = 0.16ms, Queueing time: mean = 0.02ms, max = 0.02ms, min = 0.02ms, total = 0.02ms
	ray::rpc::NodeInfoGcsService.grpc_client.GetAllNodeAddressAndLiveness - 1 total (0 active), Execution time: mean = 1.76ms, total = 1.76ms, Queueing time: mean = 0.00ms, max = -0.00ms, min = 9223372036854.78ms, total = 0.00ms
	ray::rpc::InternalPubSubGcsService.grpc_client.GcsSubscriberPoll - 1 total (1 active), Execution time: mean = 0.00ms, total = 0.00ms, Queueing time: mean = 0.00ms, max = -0.00ms, min = 9223372036854.78ms, total = 0.00ms
	ray::rpc::NodeInfoGcsService.grpc_client.GetAllNodeAddressAndLiveness.OnReplyReceived - 1 total (0 active), Execution time: mean = 0.06ms, total = 0.06ms, Queueing time: mean = 0.02ms, max = 0.02ms, min = 0.02ms, total = 0.02ms
	ray::rpc::InternalPubSubGcsService.grpc_client.GcsSubscriberCommandBatch - 1 total (0 active), Execution time: mean = 1.44ms, total = 1.44ms, Queueing time: mean = 0.00ms, max = -0.00ms, min = 9223372036854.78ms, total = 0.00ms
	ray::rpc::WorkerInfoGcsService.grpc_client.AddWorkerInfo.OnReplyReceived - 1 total (0 active), Execution time: mean = 0.02ms, total = 0.02ms, Queueing time: mean = 0.02ms, max = 0.02ms, min = 0.02ms, total = 0.02ms
	ray::rpc::WorkerInfoGcsService.grpc_client.AddWorkerInfo - 1 total (0 active), Execution time: mean = 1.64ms, total = 1.64ms, Queueing time: mean = 0.00ms, max = -0.00ms, min = 9223372036854.78ms, total = 0.00ms
	Publisher.CheckDeadSubscribers - 1 total (1 active), Execution time: mean = 0.00ms, total = 0.00ms, Queueing time: mean = 0.00ms, max = -0.00ms, min = 9223372036854.78ms, total = 0.00ms

-----------------
Task execution event stats:

Global stats: 23858 total (1 active)
Queueing time: mean = 0.05ms, max = 1.18ms, min = -0.01ms, total = 1217.57ms
Execution time:  mean = 0.01ms, total = 347.20ms
Event stats:
	CoreWorker.CheckSignal - 23857 total (1 active), Execution time: mean = 0.01ms, total = 347.19ms, Queueing time: mean = 0.05ms, max = 1.18ms, min = -0.01ms, total = 1217.56ms
	PeriodicalRunner.RunFnPeriodically - 1 total (0 active), Execution time: mean = 0.01ms, total = 0.01ms, Queueing time: mean = 0.00ms, max = 0.00ms, min = 0.00ms, total = 0.00ms

-----------------
Task Event stats:

IO Service Stats:

Global stats: 721 total (1 active)
Queueing time: mean = 0.04ms, max = 3.20ms, min = 0.01ms, total = 26.57ms
Execution time:  mean = 0.35ms, total = 250.76ms
Event stats:
	ray::rpc::TaskInfoGcsService.grpc_client.AddTaskEventData.OnReplyReceived - 240 total (0 active), Execution time: mean = 0.03ms, total = 8.30ms, Queueing time: mean = 0.04ms, max = 0.09ms, min = 0.01ms, total = 10.79ms
	ray::rpc::TaskInfoGcsService.grpc_client.AddTaskEventData - 240 total (0 active), Execution time: mean = 0.80ms, total = 192.04ms, Queueing time: mean = 0.00ms, max = -0.00ms, min = 9223372036854.78ms, total = 0.00ms
	CoreWorker.deadline_timer.flush_task_events - 240 total (1 active), Execution time: mean = 0.21ms, total = 50.27ms, Queueing time: mean = 0.05ms, max = 0.13ms, min = 0.02ms, total = 12.58ms
	PeriodicalRunner.RunFnPeriodically - 1 total (0 active), Execution time: mean = 0.15ms, total = 0.15ms, Queueing time: mean = 3.20ms, max = 3.20ms, min = 3.20ms, total = 3.20ms
Other Stats:
	gcs_grpc_in_progress:0
	event_aggregator_grpc_in_progress:0
	current number of task status events in buffer: 0
	current number of profile events in buffer: 0
	current number of dropped task attempts tracked: 0
	total task events sent: 0 MiB
	total number of task attempts sent: 0
	total number of task attempts dropped reported: 0
	total number of sent failure: 0
	num status task events dropped: 0
	num profile task events dropped: 0
	num ray task events reported to aggregator: 0
	num ray task events failed to report to aggregator: 0
	num of task attempts dropped reported to aggregator: 0
	num of failed requests to aggregator: 0

[2026-02-15 11:19:31,708 I 3996288 3996734] core_worker.cc:455: Event stats:


Global stats: 4358 total (8 active)
Queueing time: mean = 0.51ms, max = 1000.07ms, min = 0.00ms, total = 2210.36ms
Execution time:  mean = 0.09ms, total = 383.27ms
Event stats:
	CoreWorker.RecoverObjects - 2999 total (1 active), Execution time: mean = 0.01ms, total = 26.31ms, Queueing time: mean = 0.05ms, max = 0.24ms, min = 0.01ms, total = 156.61ms
	NodeManagerService.grpc_client.ReportWorkerBacklog.OnReplyReceived - 300 total (0 active), Execution time: mean = 0.03ms, total = 8.44ms, Queueing time: mean = 0.04ms, max = 0.10ms, min = 0.01ms, total = 12.72ms
	CoreWorker.InternalHeartbeat - 300 total (1 active), Execution time: mean = 0.20ms, total = 59.76ms, Queueing time: mean = 0.05ms, max = 0.10ms, min = 0.00ms, total = 15.06ms
	CoreWorker.ExitIfParentRayletDies - 300 total (1 active), Execution time: mean = 0.01ms, total = 3.47ms, Queueing time: mean = 0.05ms, max = 0.19ms, min = 0.01ms, total = 15.85ms
	NodeManagerService.grpc_client.ReportWorkerBacklog - 300 total (0 active), Execution time: mean = 0.87ms, total = 262.02ms, Queueing time: mean = 0.00ms, max = -0.00ms, min = 9223372036854.78ms, total = 0.00ms
	CoreWorker.RecordMetrics - 60 total (1 active), Execution time: mean = 0.06ms, total = 3.75ms, Queueing time: mean = 0.05ms, max = 0.09ms, min = 0.01ms, total = 2.94ms
	CoreWorker.TryDelPendingObjectRefStreams - 30 total (1 active), Execution time: mean = 0.01ms, total = 0.17ms, Queueing time: mean = 0.09ms, max = 0.56ms, min = 0.01ms, total = 2.79ms
	CoreWorkerService.grpc_server.GetCoreWorkerStats.HandleRequestImpl - 20 total (0 active), Execution time: mean = 0.08ms, total = 1.59ms, Queueing time: mean = 0.02ms, max = 0.03ms, min = 0.01ms, total = 0.43ms
	CoreWorkerService.grpc_server.GetCoreWorkerStats - 20 total (0 active), Execution time: mean = 0.27ms, total = 5.40ms, Queueing time: mean = 0.00ms, max = -0.00ms, min = 9223372036854.78ms, total = 0.00ms
	PeriodicalRunner.RunFnPeriodically - 7 total (0 active), Execution time: mean = 0.10ms, total = 0.67ms, Queueing time: mean = 0.49ms, max = 0.90ms, min = 0.16ms, total = 3.45ms
	CoreWorker.PrintEventStats - 5 total (1 active, 1 running), Execution time: mean = 0.57ms, total = 2.87ms, Queueing time: mean = 0.03ms, max = 0.07ms, min = 0.03ms, total = 0.17ms
	ReporterService.grpc_client.HealthCheck.OnReplyReceived - 3 total (0 active), Execution time: mean = 0.17ms, total = 0.50ms, Queueing time: mean = 0.05ms, max = 0.12ms, min = 0.02ms, total = 0.16ms
	ReporterService.grpc_client.HealthCheck - 3 total (0 active), Execution time: mean = 0.93ms, total = 2.80ms, Queueing time: mean = 0.00ms, max = -0.00ms, min = 9223372036854.78ms, total = 0.00ms
	Publisher.CheckDeadSubscribers - 2 total (1 active), Execution time: mean = 0.00ms, total = 0.01ms, Queueing time: mean = 0.01ms, max = 0.03ms, min = 0.03ms, total = 0.03ms
	MetricsAgentClient.WaitForServerReadyWithRetry - 2 total (0 active), Execution time: mean = 0.22ms, total = 0.45ms, Queueing time: mean = 1000.04ms, max = 1000.07ms, min = 1000.02ms, total = 2000.08ms
	ray::rpc::NodeInfoGcsService.grpc_client.GetAllNodeAddressAndLiveness - 1 total (0 active), Execution time: mean = 1.76ms, total = 1.76ms, Queueing time: mean = 0.00ms, max = -0.00ms, min = 9223372036854.78ms, total = 0.00ms
	ray::rpc::InternalPubSubGcsService.grpc_client.GcsSubscriberCommandBatch.OnReplyReceived - 1 total (0 active), Execution time: mean = 0.16ms, total = 0.16ms, Queueing time: mean = 0.02ms, max = 0.02ms, min = 0.02ms, total = 0.02ms
	ray::rpc::InternalPubSubGcsService.grpc_client.GcsSubscriberPoll - 1 total (1 active), Execution time: mean = 0.00ms, total = 0.00ms, Queueing time: mean = 0.00ms, max = -0.00ms, min = 9223372036854.78ms, total = 0.00ms
	ray::rpc::NodeInfoGcsService.grpc_client.GetAllNodeAddressAndLiveness.OnReplyReceived - 1 total (0 active), Execution time: mean = 0.06ms, total = 0.06ms, Queueing time: mean = 0.02ms, max = 0.02ms, min = 0.02ms, total = 0.02ms
	ray::rpc::InternalPubSubGcsService.grpc_client.GcsSubscriberCommandBatch - 1 total (0 active), Execution time: mean = 1.44ms, total = 1.44ms, Queueing time: mean = 0.00ms, max = -0.00ms, min = 9223372036854.78ms, total = 0.00ms
	ray::rpc::WorkerInfoGcsService.grpc_client.AddWorkerInfo.OnReplyReceived - 1 total (0 active), Execution time: mean = 0.02ms, total = 0.02ms, Queueing time: mean = 0.02ms, max = 0.02ms, min = 0.02ms, total = 0.02ms
	ray::rpc::WorkerInfoGcsService.grpc_client.AddWorkerInfo - 1 total (0 active), Execution time: mean = 1.64ms, total = 1.64ms, Queueing time: mean = 0.00ms, max = -0.00ms, min = 9223372036854.78ms, total = 0.00ms

-----------------
Task execution event stats:

Global stats: 29822 total (1 active)
Queueing time: mean = 0.05ms, max = 1.18ms, min = -0.01ms, total = 1522.47ms
Execution time:  mean = 0.01ms, total = 436.13ms
Event stats:
	CoreWorker.CheckSignal - 29821 total (1 active), Execution time: mean = 0.01ms, total = 436.12ms, Queueing time: mean = 0.05ms, max = 1.18ms, min = -0.01ms, total = 1522.47ms
	PeriodicalRunner.RunFnPeriodically - 1 total (0 active), Execution time: mean = 0.01ms, total = 0.01ms, Queueing time: mean = 0.00ms, max = 0.00ms, min = 0.00ms, total = 0.00ms

-----------------
Task Event stats:

IO Service Stats:

Global stats: 901 total (1 active)
Queueing time: mean = 0.04ms, max = 3.20ms, min = 0.01ms, total = 33.60ms
Execution time:  mean = 0.35ms, total = 312.39ms
Event stats:
	ray::rpc::TaskInfoGcsService.grpc_client.AddTaskEventData.OnReplyReceived - 300 total (0 active), Execution time: mean = 0.03ms, total = 10.43ms, Queueing time: mean = 0.05ms, max = 0.09ms, min = 0.01ms, total = 13.82ms
	ray::rpc::TaskInfoGcsService.grpc_client.AddTaskEventData - 300 total (0 active), Execution time: mean = 0.80ms, total = 238.84ms, Queueing time: mean = 0.00ms, max = -0.00ms, min = 9223372036854.78ms, total = 0.00ms
	CoreWorker.deadline_timer.flush_task_events - 300 total (1 active), Execution time: mean = 0.21ms, total = 62.97ms, Queueing time: mean = 0.06ms, max = 0.13ms, min = 0.02ms, total = 16.59ms
	PeriodicalRunner.RunFnPeriodically - 1 total (0 active), Execution time: mean = 0.15ms, total = 0.15ms, Queueing time: mean = 3.20ms, max = 3.20ms, min = 3.20ms, total = 3.20ms
Other Stats:
	gcs_grpc_in_progress:0
	event_aggregator_grpc_in_progress:0
	current number of task status events in buffer: 0
	current number of profile events in buffer: 0
	current number of dropped task attempts tracked: 0
	total task events sent: 0 MiB
	total number of task attempts sent: 0
	total number of task attempts dropped reported: 0
	total number of sent failure: 0
	num status task events dropped: 0
	num profile task events dropped: 0
	num ray task events reported to aggregator: 0
	num ray task events failed to report to aggregator: 0
	num of task attempts dropped reported to aggregator: 0
	num of failed requests to aggregator: 0

[2026-02-15 11:20:31,709 I 3996288 3996734] core_worker.cc:455: Event stats:


Global stats: 5224 total (8 active)
Queueing time: mean = 0.43ms, max = 1000.07ms, min = 0.00ms, total = 2255.56ms
Execution time:  mean = 0.09ms, total = 454.08ms
Event stats:
	CoreWorker.RecoverObjects - 3598 total (1 active), Execution time: mean = 0.01ms, total = 31.43ms, Queueing time: mean = 0.05ms, max = 0.24ms, min = 0.01ms, total = 190.42ms
	NodeManagerService.grpc_client.ReportWorkerBacklog.OnReplyReceived - 360 total (0 active), Execution time: mean = 0.03ms, total = 10.10ms, Queueing time: mean = 0.04ms, max = 0.10ms, min = 0.01ms, total = 15.44ms
	CoreWorker.InternalHeartbeat - 360 total (1 active), Execution time: mean = 0.20ms, total = 71.60ms, Queueing time: mean = 0.05ms, max = 0.10ms, min = 0.00ms, total = 18.73ms
	CoreWorker.ExitIfParentRayletDies - 360 total (1 active), Execution time: mean = 0.01ms, total = 4.15ms, Queueing time: mean = 0.05ms, max = 0.19ms, min = 0.01ms, total = 19.00ms
	NodeManagerService.grpc_client.ReportWorkerBacklog - 360 total (0 active), Execution time: mean = 0.86ms, total = 310.45ms, Queueing time: mean = 0.00ms, max = -0.00ms, min = 9223372036854.78ms, total = 0.00ms
	CoreWorker.RecordMetrics - 72 total (1 active), Execution time: mean = 0.06ms, total = 4.52ms, Queueing time: mean = 0.05ms, max = 0.09ms, min = 0.01ms, total = 3.61ms
	CoreWorker.TryDelPendingObjectRefStreams - 36 total (1 active), Execution time: mean = 0.01ms, total = 0.20ms, Queueing time: mean = 0.11ms, max = 0.73ms, min = 0.01ms, total = 3.81ms
	CoreWorkerService.grpc_server.GetCoreWorkerStats.HandleRequestImpl - 24 total (0 active), Execution time: mean = 0.08ms, total = 1.88ms, Queueing time: mean = 0.02ms, max = 0.03ms, min = 0.01ms, total = 0.52ms
	CoreWorkerService.grpc_server.GetCoreWorkerStats - 24 total (0 active), Execution time: mean = 0.27ms, total = 6.44ms, Queueing time: mean = 0.00ms, max = -0.00ms, min = 9223372036854.78ms, total = 0.00ms
	PeriodicalRunner.RunFnPeriodically - 7 total (0 active), Execution time: mean = 0.10ms, total = 0.67ms, Queueing time: mean = 0.49ms, max = 0.90ms, min = 0.16ms, total = 3.45ms
	CoreWorker.PrintEventStats - 6 total (1 active, 1 running), Execution time: mean = 0.63ms, total = 3.81ms, Queueing time: mean = 0.04ms, max = 0.07ms, min = 0.03ms, total = 0.24ms
	ReporterService.grpc_client.HealthCheck.OnReplyReceived - 3 total (0 active), Execution time: mean = 0.17ms, total = 0.50ms, Queueing time: mean = 0.05ms, max = 0.12ms, min = 0.02ms, total = 0.16ms
	ReporterService.grpc_client.HealthCheck - 3 total (0 active), Execution time: mean = 0.93ms, total = 2.80ms, Queueing time: mean = 0.00ms, max = -0.00ms, min = 9223372036854.78ms, total = 0.00ms
	Publisher.CheckDeadSubscribers - 2 total (1 active), Execution time: mean = 0.00ms, total = 0.01ms, Queueing time: mean = 0.01ms, max = 0.03ms, min = 0.03ms, total = 0.03ms
	MetricsAgentClient.WaitForServerReadyWithRetry - 2 total (0 active), Execution time: mean = 0.22ms, total = 0.45ms, Queueing time: mean = 1000.04ms, max = 1000.07ms, min = 1000.02ms, total = 2000.08ms
	ray::rpc::NodeInfoGcsService.grpc_client.GetAllNodeAddressAndLiveness - 1 total (0 active), Execution time: mean = 1.76ms, total = 1.76ms, Queueing time: mean = 0.00ms, max = -0.00ms, min = 9223372036854.78ms, total = 0.00ms
	ray::rpc::InternalPubSubGcsService.grpc_client.GcsSubscriberCommandBatch.OnReplyReceived - 1 total (0 active), Execution time: mean = 0.16ms, total = 0.16ms, Queueing time: mean = 0.02ms, max = 0.02ms, min = 0.02ms, total = 0.02ms
	ray::rpc::InternalPubSubGcsService.grpc_client.GcsSubscriberPoll - 1 total (1 active), Execution time: mean = 0.00ms, total = 0.00ms, Queueing time: mean = 0.00ms, max = -0.00ms, min = 9223372036854.78ms, total = 0.00ms
	ray::rpc::NodeInfoGcsService.grpc_client.GetAllNodeAddressAndLiveness.OnReplyReceived - 1 total (0 active), Execution time: mean = 0.06ms, total = 0.06ms, Queueing time: mean = 0.02ms, max = 0.02ms, min = 0.02ms, total = 0.02ms
	ray::rpc::InternalPubSubGcsService.grpc_client.GcsSubscriberCommandBatch - 1 total (0 active), Execution time: mean = 1.44ms, total = 1.44ms, Queueing time: mean = 0.00ms, max = -0.00ms, min = 9223372036854.78ms, total = 0.00ms
	ray::rpc::WorkerInfoGcsService.grpc_client.AddWorkerInfo.OnReplyReceived - 1 total (0 active), Execution time: mean = 0.02ms, total = 0.02ms, Queueing time: mean = 0.02ms, max = 0.02ms, min = 0.02ms, total = 0.02ms
	ray::rpc::WorkerInfoGcsService.grpc_client.AddWorkerInfo - 1 total (0 active), Execution time: mean = 1.64ms, total = 1.64ms, Queueing time: mean = 0.00ms, max = -0.00ms, min = 9223372036854.78ms, total = 0.00ms

-----------------
Task execution event stats:

Global stats: 35786 total (1 active)
Queueing time: mean = 0.05ms, max = 2.80ms, min = -0.01ms, total = 1822.71ms
Execution time:  mean = 0.01ms, total = 527.44ms
Event stats:
	CoreWorker.CheckSignal - 35785 total (1 active), Execution time: mean = 0.01ms, total = 527.43ms, Queueing time: mean = 0.05ms, max = 2.80ms, min = -0.01ms, total = 1822.71ms
	PeriodicalRunner.RunFnPeriodically - 1 total (0 active), Execution time: mean = 0.01ms, total = 0.01ms, Queueing time: mean = 0.00ms, max = 0.00ms, min = 0.00ms, total = 0.00ms

-----------------
Task Event stats:

IO Service Stats:

Global stats: 1081 total (1 active)
Queueing time: mean = 0.04ms, max = 3.20ms, min = 0.01ms, total = 39.95ms
Execution time:  mean = 0.35ms, total = 375.28ms
Event stats:
	ray::rpc::TaskInfoGcsService.grpc_client.AddTaskEventData.OnReplyReceived - 360 total (0 active), Execution time: mean = 0.03ms, total = 12.49ms, Queueing time: mean = 0.05ms, max = 0.09ms, min = 0.01ms, total = 16.49ms
	ray::rpc::TaskInfoGcsService.grpc_client.AddTaskEventData - 360 total (0 active), Execution time: mean = 0.80ms, total = 287.40ms, Queueing time: mean = 0.00ms, max = -0.00ms, min = 9223372036854.78ms, total = 0.00ms
	CoreWorker.deadline_timer.flush_task_events - 360 total (1 active), Execution time: mean = 0.21ms, total = 75.24ms, Queueing time: mean = 0.06ms, max = 0.13ms, min = 0.02ms, total = 20.26ms
	PeriodicalRunner.RunFnPeriodically - 1 total (0 active), Execution time: mean = 0.15ms, total = 0.15ms, Queueing time: mean = 3.20ms, max = 3.20ms, min = 3.20ms, total = 3.20ms
Other Stats:
	gcs_grpc_in_progress:0
	event_aggregator_grpc_in_progress:0
	current number of task status events in buffer: 0
	current number of profile events in buffer: 0
	current number of dropped task attempts tracked: 0
	total task events sent: 0 MiB
	total number of task attempts sent: 0
	total number of task attempts dropped reported: 0
	total number of sent failure: 0
	num status task events dropped: 0
	num profile task events dropped: 0
	num ray task events reported to aggregator: 0
	num ray task events failed to report to aggregator: 0
	num of task attempts dropped reported to aggregator: 0
	num of failed requests to aggregator: 0

[2026-02-15 11:21:12,622 I 3996288 3996734] accessor.cc:433: Received address and liveness notification for node, IsAlive = 0 node_id=e1e36a4cadb97d7e82b62c4426600c8ae57b021f0f3a7cf49049d1f6
[2026-02-15 11:21:12,622 I 3996288 3996734] core_worker.cc:740: Node failure. All objects pinned on that node will be lost if object reconstruction is not enabled. node_id=e1e36a4cadb97d7e82b62c4426600c8ae57b021f0f3a7cf49049d1f6
[2026-02-15 11:21:12,623 I 3996288 3996734] normal_task_submitter.cc:840: Number of alive nodes:0
