[2026-02-01 10:16:23,404 I 908677 908677] core_worker_process.cc:777: Constructing CoreWorkerProcess. pid: 908677
[2026-02-01 10:16:23,411 I 908677 908677] event.cc:499: Ray Event initialized for CORE_WORKER
[2026-02-01 10:16:23,411 I 908677 908677] event.cc:499: Ray Event initialized for EXPORT_TASK
[2026-02-01 10:16:23,411 I 908677 908677] event.cc:332: Set ray event level to warning
[2026-02-01 10:16:23,411 I 908677 908677] event_aggregator_client.h:50: Initiating the local event aggregator client with port: 63020
[2026-02-01 10:16:23,413 I 908677 908677] grpc_server.cc:143: worker server started, listening on port 35983.
[2026-02-01 10:16:23,428 I 908677 908677] core_worker_process.cc:262: Initializing worker at address: 172.28.6.5:35983 worker_id=f40d9bb0c41259483011ae9a01226274a326b8531b71c5926253bc37 node_id=0f8c5c44b691094956b3875fa9374a670bba5c7dc222119b6c296e0c
[2026-02-01 10:16:23,429 I 908677 908677] task_event_buffer.cc:480: Reporting task events to GCS every 1000ms.
[2026-02-01 10:16:23,430 I 908677 908677] core_worker.cc:515: Adjusted worker niceness to 15
[2026-02-01 10:16:23,430 I 908677 908677] metrics_agent_client.cc:45: Initializing exporter ...
[2026-02-01 10:16:23,430 I 908677 909512] core_worker.cc:455: Event stats:


Global stats: 12 total (10 active)
Queueing time: mean = 0.00ms, max = 0.03ms, min = 0.02ms, total = 0.05ms
Execution time:  mean = 0.00ms, total = 0.04ms
Event stats:
	PeriodicalRunner.RunFnPeriodically - 7 total (5 active, 1 running), Execution time: mean = 0.01ms, total = 0.04ms, Queueing time: mean = 0.01ms, max = 0.03ms, min = 0.02ms, total = 0.05ms
	ray::rpc::WorkerInfoGcsService.grpc_client.AddWorkerInfo - 1 total (1 active), Execution time: mean = 0.00ms, total = 0.00ms, Queueing time: mean = 0.00ms, max = -0.00ms, min = 9223372036854.78ms, total = 0.00ms
	ray::rpc::InternalPubSubGcsService.grpc_client.GcsSubscriberPoll - 1 total (1 active), Execution time: mean = 0.00ms, total = 0.00ms, Queueing time: mean = 0.00ms, max = -0.00ms, min = 9223372036854.78ms, total = 0.00ms
	ray::rpc::InternalPubSubGcsService.grpc_client.GcsSubscriberCommandBatch - 1 total (1 active), Execution time: mean = 0.00ms, total = 0.00ms, Queueing time: mean = 0.00ms, max = -0.00ms, min = 9223372036854.78ms, total = 0.00ms
	CoreWorker.ExitIfParentRayletDies - 1 total (1 active), Execution time: mean = 0.00ms, total = 0.00ms, Queueing time: mean = 0.00ms, max = -0.00ms, min = 9223372036854.78ms, total = 0.00ms
	Publisher.CheckDeadSubscribers - 1 total (1 active), Execution time: mean = 0.00ms, total = 0.00ms, Queueing time: mean = 0.00ms, max = -0.00ms, min = 9223372036854.78ms, total = 0.00ms

-----------------
Task execution event stats:

Global stats: 0 total (0 active)
Queueing time: mean = -nanms, max = -0.00ms, min = 9223372036854.78ms, total = 0.00ms
Execution time:  mean = -nanms, total = 0.00ms
Event stats:

-----------------
Task Event stats:

IO Service Stats:

Global stats: 1 total (1 active)
Queueing time: mean = 0.00ms, max = -0.00ms, min = 9223372036854.78ms, total = 0.00ms
Execution time:  mean = 0.00ms, total = 0.00ms
Event stats:
	PeriodicalRunner.RunFnPeriodically - 1 total (1 active), Execution time: mean = 0.00ms, total = 0.00ms, Queueing time: mean = 0.00ms, max = -0.00ms, min = 9223372036854.78ms, total = 0.00ms
Other Stats:
	gcs_grpc_in_progress:0
	event_aggregator_grpc_in_progress:0
	current number of task status events in buffer: 0
	current number of profile events in buffer: 0
	current number of dropped task attempts tracked: 0
	total task events sent: 0 MiB
	total number of task attempts sent: 0
	total number of task attempts dropped reported: 0
	total number of sent failure: 0
	num status task events dropped: 0
	num profile task events dropped: 0
	num ray task events reported to aggregator: 0
	num ray task events failed to report to aggregator: 0
	num of task attempts dropped reported to aggregator: 0
	num of failed requests to aggregator: 0

[2026-02-01 10:16:23,431 I 908677 909512] accessor.cc:433: Received address and liveness notification for node, IsAlive = 1 node_id=0f8c5c44b691094956b3875fa9374a670bba5c7dc222119b6c296e0c
[2026-02-01 10:16:23,432 I 908677 909512] normal_task_submitter.cc:840: Number of alive nodes:1
[2026-02-01 10:16:25,433 I 908677 909512] metrics_agent_client.cc:59: Exporter initialized.
[2026-02-01 10:17:01,348 I 908677 909512] accessor.cc:433: Received address and liveness notification for node, IsAlive = 0 node_id=0f8c5c44b691094956b3875fa9374a670bba5c7dc222119b6c296e0c
[2026-02-01 10:17:01,348 I 908677 909512] core_worker.cc:740: Node failure. All objects pinned on that node will be lost if object reconstruction is not enabled. node_id=0f8c5c44b691094956b3875fa9374a670bba5c7dc222119b6c296e0c
