[2026-02-01 10:16:22,667 I 907260 907260] core_worker_process.cc:777: Constructing CoreWorkerProcess. pid: 907260
[2026-02-01 10:16:22,671 I 907260 907260] event.cc:499: Ray Event initialized for CORE_WORKER
[2026-02-01 10:16:22,672 I 907260 907260] event.cc:499: Ray Event initialized for EXPORT_TASK
[2026-02-01 10:16:22,672 I 907260 907260] event.cc:332: Set ray event level to warning
[2026-02-01 10:16:22,672 I 907260 907260] event_aggregator_client.h:50: Initiating the local event aggregator client with port: 63020
[2026-02-01 10:16:23,842 I 907260 907260] grpc_server.cc:143: driver server started, listening on port 34523.
[2026-02-01 10:16:23,854 I 907260 907260] core_worker_process.cc:262: Initializing worker at address: 172.28.6.5:34523 worker_id=01000000ffffffffffffffffffffffffffffffffffffffffffffffff node_id=0f8c5c44b691094956b3875fa9374a670bba5c7dc222119b6c296e0c
[2026-02-01 10:16:23,855 I 907260 907260] task_event_buffer.cc:480: Reporting task events to GCS every 1000ms.
[2026-02-01 10:16:23,856 I 907260 908669] core_worker.cc:455: Event stats:


Global stats: 10 total (9 active)
Queueing time: mean = 0.00ms, max = 0.01ms, min = 0.01ms, total = 0.01ms
Execution time:  mean = 0.00ms, total = 0.03ms
Event stats:
	PeriodicalRunner.RunFnPeriodically - 6 total (5 active, 1 running), Execution time: mean = 0.00ms, total = 0.03ms, Queueing time: mean = 0.00ms, max = 0.01ms, min = 0.01ms, total = 0.01ms
	ray::rpc::InternalPubSubGcsService.grpc_client.GcsSubscriberPoll - 1 total (1 active), Execution time: mean = 0.00ms, total = 0.00ms, Queueing time: mean = 0.00ms, max = -0.00ms, min = 9223372036854.78ms, total = 0.00ms
	ray::rpc::InternalPubSubGcsService.grpc_client.GcsSubscriberCommandBatch - 1 total (1 active), Execution time: mean = 0.00ms, total = 0.00ms, Queueing time: mean = 0.00ms, max = -0.00ms, min = 9223372036854.78ms, total = 0.00ms
	ray::rpc::WorkerInfoGcsService.grpc_client.AddWorkerInfo - 1 total (1 active), Execution time: mean = 0.00ms, total = 0.00ms, Queueing time: mean = 0.00ms, max = -0.00ms, min = 9223372036854.78ms, total = 0.00ms
	Publisher.CheckDeadSubscribers - 1 total (1 active), Execution time: mean = 0.00ms, total = 0.00ms, Queueing time: mean = 0.00ms, max = -0.00ms, min = 9223372036854.78ms, total = 0.00ms

-----------------
Task execution event stats:

Global stats: 0 total (0 active)
Queueing time: mean = -nanms, max = -0.00ms, min = 9223372036854.78ms, total = 0.00ms
Execution time:  mean = -nanms, total = 0.00ms
Event stats:

-----------------
Task Event stats:

IO Service Stats:

Global stats: 4 total (1 active)
Queueing time: mean = 0.01ms, max = 0.02ms, min = 0.01ms, total = 0.03ms
Execution time:  mean = 0.27ms, total = 1.07ms
Event stats:
	CoreWorker.deadline_timer.flush_task_events - 1 total (1 active), Execution time: mean = 0.00ms, total = 0.00ms, Queueing time: mean = 0.00ms, max = -0.00ms, min = 9223372036854.78ms, total = 0.00ms
	ray::rpc::TaskInfoGcsService.grpc_client.AddTaskEventData.OnReplyReceived - 1 total (0 active), Execution time: mean = 0.03ms, total = 0.03ms, Queueing time: mean = 0.02ms, max = 0.02ms, min = 0.02ms, total = 0.02ms
	ray::rpc::TaskInfoGcsService.grpc_client.AddTaskEventData - 1 total (0 active), Execution time: mean = 0.71ms, total = 0.71ms, Queueing time: mean = 0.00ms, max = -0.00ms, min = 9223372036854.78ms, total = 0.00ms
	PeriodicalRunner.RunFnPeriodically - 1 total (0 active), Execution time: mean = 0.32ms, total = 0.32ms, Queueing time: mean = 0.01ms, max = 0.01ms, min = 0.01ms, total = 0.01ms
Other Stats:
	gcs_grpc_in_progress:0
	event_aggregator_grpc_in_progress:0
	current number of task status events in buffer: 1
	current number of profile events in buffer: 0
	current number of dropped task attempts tracked: 0
	total task events sent: 0 MiB
	total number of task attempts sent: 0
	total number of task attempts dropped reported: 0
	total number of sent failure: 0
	num status task events dropped: 0
	num profile task events dropped: 0
	num ray task events reported to aggregator: 0
	num ray task events failed to report to aggregator: 0
	num of task attempts dropped reported to aggregator: 0
	num of failed requests to aggregator: 0

[2026-02-01 10:16:23,857 I 907260 907260] metrics_agent_client.cc:45: Initializing exporter ...
[2026-02-01 10:16:23,857 I 907260 908669] accessor.cc:433: Received address and liveness notification for node, IsAlive = 1 node_id=0f8c5c44b691094956b3875fa9374a670bba5c7dc222119b6c296e0c
[2026-02-01 10:16:23,857 I 907260 908669] normal_task_submitter.cc:840: Number of alive nodes:1
[2026-02-01 10:16:23,899 I 907260 907260] actor_task_submitter.cc:75: Set actor max pending calls to -1 actor_id=d1a4339cb31b8f8619c5424501000000
[2026-02-01 10:16:23,907 I 907260 908669] actor_manager.cc:236: received notification on actor, state: PENDING_CREATION, ip address: , port: 0, num_restarts: 0, death context type=CONTEXT_NOT_SET actor_id=d1a4339cb31b8f8619c5424501000000 worker_id=NIL_ID node_id=0f8c5c44b691094956b3875fa9374a670bba5c7dc222119b6c296e0c
[2026-02-01 10:16:25,130 I 907260 908669] metrics_agent_client.cc:59: Exporter initialized.
[2026-02-01 10:16:34,010 I 907260 908669] actor_manager.cc:236: received notification on actor, state: ALIVE, ip address: 172.28.6.5, port: 40739, num_restarts: 0, death context type=CONTEXT_NOT_SET actor_id=d1a4339cb31b8f8619c5424501000000 worker_id=484bf96b2d8a346a5843b9216529291c08e2429034395bb44525fa3b node_id=0f8c5c44b691094956b3875fa9374a670bba5c7dc222119b6c296e0c
[2026-02-01 10:17:01,333 I 907260 907260] core_worker.cc:584: Sending disconnect message to the local raylet.
[2026-02-01 10:17:01,333 I 907260 907260] raylet_ipc_client.cc:135: RayletIpcClient::Disconnect, exit_type=INTENDED_USER_EXIT, exit_detail=Shutdown by ray.shutdown()., has creation_task_exception_pb_bytes=0
[2026-02-01 10:17:01,334 I 907260 907260] core_worker.cc:589: Disconnected from the local raylet.
[2026-02-01 10:17:01,334 I 907260 907260] task_event_buffer.cc:491: Shutting down TaskEventBuffer.
[2026-02-01 10:17:01,334 I 907260 911435] task_event_buffer.cc:459: Task event buffer io service stopped.
[2026-02-01 10:17:01,335 I 907260 907260] core_worker_shutdown_executor.cc:54: Waiting for joining a core worker io thread. If it hangs here, there might be deadlock or a high load in the core worker io service.
[2026-02-01 10:17:01,335 I 907260 908669] core_worker_process.cc:195: Core worker main io service stopped.
[2026-02-01 10:17:01,339 I 907260 907260] core_worker_shutdown_executor.cc:72: Disconnecting a GCS client.
[2026-02-01 10:17:01,339 I 907260 907260] core_worker_shutdown_executor.cc:79: Core worker ready to be deallocated.
[2026-02-01 10:17:01,339 I 907260 907260] core_worker.cc:539: Core worker is destructed
[2026-02-01 10:17:01,339 I 907260 907260] task_event_buffer.cc:491: Shutting down TaskEventBuffer.
[2026-02-01 10:17:01,341 I 907260 907260] core_worker_process.cc:851: Destructing CoreWorkerProcessImpl. pid: 907260
[2026-02-01 10:17:01,344 I 907260 907260] stats.h:149: Stats module has shutdown.
