[2026-02-05 22:54:07,114 I 3816036 3816036] core_worker_process.cc:777: Constructing CoreWorkerProcess. pid: 3816036
[2026-02-05 22:54:07,118 I 3816036 3816036] event.cc:499: Ray Event initialized for CORE_WORKER
[2026-02-05 22:54:07,118 I 3816036 3816036] event.cc:499: Ray Event initialized for EXPORT_TASK
[2026-02-05 22:54:07,118 I 3816036 3816036] event.cc:332: Set ray event level to warning
[2026-02-05 22:54:07,118 I 3816036 3816036] event_aggregator_client.h:50: Initiating the local event aggregator client with port: 42085
[2026-02-05 22:54:07,120 I 3816036 3816036] grpc_server.cc:143: worker server started, listening on port 33331.
[2026-02-05 22:54:07,129 I 3816036 3816036] core_worker_process.cc:262: Initializing worker at address: 172.28.6.5:33331 worker_id=54fb7ba67a6adea45588c1c819e7b2fdf37eafc91a18dadd69de3809 node_id=f952fc06de42efb9243a85ee76170f1a8d6e15939cb982e347ef4c9e
[2026-02-05 22:54:07,130 I 3816036 3816036] task_event_buffer.cc:480: Reporting task events to GCS every 1000ms.
[2026-02-05 22:54:07,131 I 3816036 3816036] core_worker.cc:515: Adjusted worker niceness to 15
[2026-02-05 22:54:07,131 I 3816036 3816036] metrics_agent_client.cc:45: Initializing exporter ...
[2026-02-05 22:54:07,131 I 3816036 3816096] core_worker.cc:455: Event stats:


Global stats: 12 total (10 active)
Queueing time: mean = 0.00ms, max = 0.04ms, min = 0.01ms, total = 0.05ms
Execution time:  mean = 0.00ms, total = 0.05ms
Event stats:
	PeriodicalRunner.RunFnPeriodically - 7 total (5 active, 1 running), Execution time: mean = 0.01ms, total = 0.05ms, Queueing time: mean = 0.01ms, max = 0.04ms, min = 0.01ms, total = 0.05ms
	CoreWorker.ExitIfParentRayletDies - 1 total (1 active), Execution time: mean = 0.00ms, total = 0.00ms, Queueing time: mean = 0.00ms, max = -0.00ms, min = 9223372036854.78ms, total = 0.00ms
	ray::rpc::InternalPubSubGcsService.grpc_client.GcsSubscriberCommandBatch - 1 total (1 active), Execution time: mean = 0.00ms, total = 0.00ms, Queueing time: mean = 0.00ms, max = -0.00ms, min = 9223372036854.78ms, total = 0.00ms
	Publisher.CheckDeadSubscribers - 1 total (1 active), Execution time: mean = 0.00ms, total = 0.00ms, Queueing time: mean = 0.00ms, max = -0.00ms, min = 9223372036854.78ms, total = 0.00ms
	ray::rpc::WorkerInfoGcsService.grpc_client.AddWorkerInfo - 1 total (1 active), Execution time: mean = 0.00ms, total = 0.00ms, Queueing time: mean = 0.00ms, max = -0.00ms, min = 9223372036854.78ms, total = 0.00ms
	ray::rpc::InternalPubSubGcsService.grpc_client.GcsSubscriberPoll - 1 total (1 active), Execution time: mean = 0.00ms, total = 0.00ms, Queueing time: mean = 0.00ms, max = -0.00ms, min = 9223372036854.78ms, total = 0.00ms

-----------------
Task execution event stats:

Global stats: 0 total (0 active)
Queueing time: mean = -nanms, max = -0.00ms, min = 9223372036854.78ms, total = 0.00ms
Execution time:  mean = -nanms, total = 0.00ms
Event stats:

-----------------
Task Event stats:

IO Service Stats:

Global stats: 4 total (1 active)
Queueing time: mean = 0.02ms, max = 0.05ms, min = 0.01ms, total = 0.06ms
Execution time:  mean = 0.30ms, total = 1.19ms
Event stats:
	CoreWorker.deadline_timer.flush_task_events - 1 total (1 active), Execution time: mean = 0.00ms, total = 0.00ms, Queueing time: mean = 0.00ms, max = -0.00ms, min = 9223372036854.78ms, total = 0.00ms
	ray::rpc::TaskInfoGcsService.grpc_client.AddTaskEventData - 1 total (0 active), Execution time: mean = 0.84ms, total = 0.84ms, Queueing time: mean = 0.00ms, max = -0.00ms, min = 9223372036854.78ms, total = 0.00ms
	PeriodicalRunner.RunFnPeriodically - 1 total (0 active), Execution time: mean = 0.32ms, total = 0.32ms, Queueing time: mean = 0.01ms, max = 0.01ms, min = 0.01ms, total = 0.01ms
	ray::rpc::TaskInfoGcsService.grpc_client.AddTaskEventData.OnReplyReceived - 1 total (0 active), Execution time: mean = 0.03ms, total = 0.03ms, Queueing time: mean = 0.05ms, max = 0.05ms, min = 0.05ms, total = 0.05ms
Other Stats:
	gcs_grpc_in_progress:0
	event_aggregator_grpc_in_progress:0
	current number of task status events in buffer: 0
	current number of profile events in buffer: 0
	current number of dropped task attempts tracked: 0
	total task events sent: 0 MiB
	total number of task attempts sent: 0
	total number of task attempts dropped reported: 0
	total number of sent failure: 0
	num status task events dropped: 0
	num profile task events dropped: 0
	num ray task events reported to aggregator: 0
	num ray task events failed to report to aggregator: 0
	num of task attempts dropped reported to aggregator: 0
	num of failed requests to aggregator: 0

[2026-02-05 22:54:07,133 I 3816036 3816096] accessor.cc:433: Received address and liveness notification for node, IsAlive = 1 node_id=f952fc06de42efb9243a85ee76170f1a8d6e15939cb982e347ef4c9e
[2026-02-05 22:54:07,133 I 3816036 3816096] normal_task_submitter.cc:840: Number of alive nodes:1
[2026-02-05 22:54:07,133 I 3816036 3816096] metrics_agent_client.cc:59: Exporter initialized.
[2026-02-05 22:55:07,132 I 3816036 3816096] core_worker.cc:455: Event stats:


Global stats: 886 total (8 active)
Queueing time: mean = 0.04ms, max = 1.04ms, min = 0.01ms, total = 39.56ms
Execution time:  mean = 0.33ms, total = 288.43ms
Event stats:
	CoreWorker.RecoverObjects - 600 total (1 active), Execution time: mean = 0.01ms, total = 5.85ms, Queueing time: mean = 0.05ms, max = 0.21ms, min = 0.01ms, total = 27.61ms
	NodeManagerService.grpc_client.ReportWorkerBacklog - 60 total (0 active), Execution time: mean = 0.83ms, total = 49.91ms, Queueing time: mean = 0.00ms, max = -0.00ms, min = 9223372036854.78ms, total = 0.00ms
	NodeManagerService.grpc_client.ReportWorkerBacklog.OnReplyReceived - 60 total (0 active), Execution time: mean = 0.03ms, total = 1.80ms, Queueing time: mean = 0.03ms, max = 0.06ms, min = 0.01ms, total = 1.63ms
	CoreWorker.InternalHeartbeat - 60 total (1 active), Execution time: mean = 0.20ms, total = 12.22ms, Queueing time: mean = 0.05ms, max = 0.74ms, min = 0.01ms, total = 3.23ms
	CoreWorker.ExitIfParentRayletDies - 60 total (1 active), Execution time: mean = 0.01ms, total = 0.72ms, Queueing time: mean = 0.04ms, max = 0.09ms, min = 0.01ms, total = 2.61ms
	CoreWorker.RecordMetrics - 12 total (1 active), Execution time: mean = 0.19ms, total = 2.27ms, Queueing time: mean = 0.04ms, max = 0.07ms, min = 0.01ms, total = 0.47ms
	PeriodicalRunner.RunFnPeriodically - 7 total (0 active), Execution time: mean = 0.15ms, total = 1.06ms, Queueing time: mean = 0.40ms, max = 1.04ms, min = 0.01ms, total = 2.83ms
	CoreWorker.TryDelPendingObjectRefStreams - 6 total (1 active), Execution time: mean = 0.00ms, total = 0.03ms, Queueing time: mean = 0.04ms, max = 0.07ms, min = 0.02ms, total = 0.22ms
	CoreWorkerService.grpc_server.GetCoreWorkerStats.HandleRequestImpl - 4 total (0 active), Execution time: mean = 0.09ms, total = 0.35ms, Queueing time: mean = 0.02ms, max = 0.03ms, min = 0.02ms, total = 0.09ms
	CoreWorkerService.grpc_server.GetCoreWorkerStats - 4 total (0 active), Execution time: mean = 0.29ms, total = 1.16ms, Queueing time: mean = 0.00ms, max = -0.00ms, min = 9223372036854.78ms, total = 0.00ms
	ray::rpc::WorkerInfoGcsService.grpc_client.AddWorkerInfo.OnReplyReceived - 1 total (0 active), Execution time: mean = 0.04ms, total = 0.04ms, Queueing time: mean = 0.37ms, max = 0.37ms, min = 0.37ms, total = 0.37ms
	ray::rpc::NodeInfoGcsService.grpc_client.GetAllNodeAddressAndLiveness - 1 total (0 active), Execution time: mean = 0.66ms, total = 0.66ms, Queueing time: mean = 0.00ms, max = -0.00ms, min = 9223372036854.78ms, total = 0.00ms
	ReporterService.grpc_client.HealthCheck - 1 total (0 active), Execution time: mean = 2.06ms, total = 2.06ms, Queueing time: mean = 0.00ms, max = -0.00ms, min = 9223372036854.78ms, total = 0.00ms
	CoreWorkerService.grpc_server.PushTask - 1 total (0 active), Execution time: mean = 207.75ms, total = 207.75ms, Queueing time: mean = 0.00ms, max = -0.00ms, min = 9223372036854.78ms, total = 0.00ms
	ray::rpc::InternalPubSubGcsService.grpc_client.GcsSubscriberPoll - 1 total (1 active), Execution time: mean = 0.00ms, total = 0.00ms, Queueing time: mean = 0.00ms, max = -0.00ms, min = 9223372036854.78ms, total = 0.00ms
	ray::rpc::NodeInfoGcsService.grpc_client.GetAllNodeAddressAndLiveness.OnReplyReceived - 1 total (0 active), Execution time: mean = 0.10ms, total = 0.10ms, Queueing time: mean = 0.06ms, max = 0.06ms, min = 0.06ms, total = 0.06ms
	CoreWorkerService.grpc_server.PushTask.HandleRequestImpl - 1 total (0 active), Execution time: mean = 0.19ms, total = 0.19ms, Queueing time: mean = 0.02ms, max = 0.02ms, min = 0.02ms, total = 0.02ms
	ray::rpc::WorkerInfoGcsService.grpc_client.AddWorkerInfo - 1 total (0 active), Execution time: mean = 0.91ms, total = 0.91ms, Queueing time: mean = 0.00ms, max = -0.00ms, min = 9223372036854.78ms, total = 0.00ms
	ray::rpc::InternalPubSubGcsService.grpc_client.GcsSubscriberCommandBatch - 1 total (0 active), Execution time: mean = 0.82ms, total = 0.82ms, Queueing time: mean = 0.00ms, max = -0.00ms, min = 9223372036854.78ms, total = 0.00ms
	ReporterService.grpc_client.HealthCheck.OnReplyReceived - 1 total (0 active), Execution time: mean = 0.28ms, total = 0.28ms, Queueing time: mean = 0.02ms, max = 0.02ms, min = 0.02ms, total = 0.02ms
	Publisher.CheckDeadSubscribers - 1 total (1 active), Execution time: mean = 0.00ms, total = 0.00ms, Queueing time: mean = 0.00ms, max = -0.00ms, min = 9223372036854.78ms, total = 0.00ms
	CoreWorker.PrintEventStats - 1 total (1 active, 1 running), Execution time: mean = 0.00ms, total = 0.00ms, Queueing time: mean = 0.00ms, max = -0.00ms, min = 9223372036854.78ms, total = 0.00ms
	ray::rpc::InternalPubSubGcsService.grpc_client.GcsSubscriberCommandBatch.OnReplyReceived - 1 total (0 active), Execution time: mean = 0.25ms, total = 0.25ms, Queueing time: mean = 0.39ms, max = 0.39ms, min = 0.39ms, total = 0.39ms

-----------------
Task execution event stats:

Global stats: 5938 total (1 active)
Queueing time: mean = 0.10ms, max = 198.23ms, min = 0.01ms, total = 588.80ms
Execution time:  mean = 0.05ms, total = 293.36ms
Event stats:
	CoreWorker.CheckSignal - 5936 total (1 active), Execution time: mean = 0.01ms, total = 86.14ms, Queueing time: mean = 0.10ms, max = 198.23ms, min = 0.01ms, total = 588.74ms
	CoreWorker.HandlePushTask - 1 total (0 active), Execution time: mean = 207.20ms, total = 207.20ms, Queueing time: mean = 0.05ms, max = 0.05ms, min = 0.05ms, total = 0.05ms
	PeriodicalRunner.RunFnPeriodically - 1 total (0 active), Execution time: mean = 0.01ms, total = 0.01ms, Queueing time: mean = 0.01ms, max = 0.01ms, min = 0.01ms, total = 0.01ms

-----------------
Task Event stats:

IO Service Stats:

Global stats: 181 total (1 active)
Queueing time: mean = 0.03ms, max = 0.40ms, min = 0.01ms, total = 5.74ms
Execution time:  mean = 0.36ms, total = 65.26ms
Event stats:
	CoreWorker.deadline_timer.flush_task_events - 60 total (1 active), Execution time: mean = 0.25ms, total = 14.87ms, Queueing time: mean = 0.05ms, max = 0.12ms, min = 0.03ms, total = 3.22ms
	ray::rpc::TaskInfoGcsService.grpc_client.AddTaskEventData - 60 total (0 active), Execution time: mean = 0.80ms, total = 47.71ms, Queueing time: mean = 0.00ms, max = -0.00ms, min = 9223372036854.78ms, total = 0.00ms
	ray::rpc::TaskInfoGcsService.grpc_client.AddTaskEventData.OnReplyReceived - 60 total (0 active), Execution time: mean = 0.04ms, total = 2.36ms, Queueing time: mean = 0.04ms, max = 0.40ms, min = 0.01ms, total = 2.50ms
	PeriodicalRunner.RunFnPeriodically - 1 total (0 active), Execution time: mean = 0.32ms, total = 0.32ms, Queueing time: mean = 0.01ms, max = 0.01ms, min = 0.01ms, total = 0.01ms
Other Stats:
	gcs_grpc_in_progress:0
	event_aggregator_grpc_in_progress:0
	current number of task status events in buffer: 0
	current number of profile events in buffer: 0
	current number of dropped task attempts tracked: 0
	total task events sent: 0.000746727 MiB
	total number of task attempts sent: 1
	total number of task attempts dropped reported: 0
	total number of sent failure: 0
	num status task events dropped: 0
	num profile task events dropped: 0
	num ray task events reported to aggregator: 0
	num ray task events failed to report to aggregator: 0
	num of task attempts dropped reported to aggregator: 0
	num of failed requests to aggregator: 0

[2026-02-05 22:56:07,133 I 3816036 3816096] core_worker.cc:455: Event stats:


Global stats: 1753 total (8 active)
Queueing time: mean = 0.04ms, max = 1.04ms, min = 0.01ms, total = 71.70ms
Execution time:  mean = 0.21ms, total = 365.57ms
Event stats:
	CoreWorker.RecoverObjects - 1200 total (1 active), Execution time: mean = 0.01ms, total = 11.49ms, Queueing time: mean = 0.04ms, max = 0.21ms, min = 0.01ms, total = 51.83ms
	NodeManagerService.grpc_client.ReportWorkerBacklog - 120 total (0 active), Execution time: mean = 0.85ms, total = 101.95ms, Queueing time: mean = 0.00ms, max = -0.00ms, min = 9223372036854.78ms, total = 0.00ms
	NodeManagerService.grpc_client.ReportWorkerBacklog.OnReplyReceived - 120 total (0 active), Execution time: mean = 0.03ms, total = 4.00ms, Queueing time: mean = 0.03ms, max = 0.07ms, min = 0.01ms, total = 4.04ms
	CoreWorker.InternalHeartbeat - 120 total (1 active), Execution time: mean = 0.21ms, total = 25.29ms, Queueing time: mean = 0.05ms, max = 0.74ms, min = 0.01ms, total = 5.68ms
	CoreWorker.ExitIfParentRayletDies - 120 total (1 active), Execution time: mean = 0.01ms, total = 1.40ms, Queueing time: mean = 0.04ms, max = 0.09ms, min = 0.01ms, total = 4.87ms
	CoreWorker.RecordMetrics - 24 total (1 active), Execution time: mean = 0.13ms, total = 3.02ms, Queueing time: mean = 0.04ms, max = 0.07ms, min = 0.01ms, total = 0.88ms
	CoreWorker.TryDelPendingObjectRefStreams - 12 total (1 active), Execution time: mean = 0.01ms, total = 0.06ms, Queueing time: mean = 0.04ms, max = 0.08ms, min = 0.02ms, total = 0.47ms
	CoreWorkerService.grpc_server.GetCoreWorkerStats.HandleRequestImpl - 8 total (0 active), Execution time: mean = 0.09ms, total = 0.71ms, Queueing time: mean = 0.03ms, max = 0.03ms, min = 0.02ms, total = 0.21ms
	CoreWorkerService.grpc_server.GetCoreWorkerStats - 8 total (0 active), Execution time: mean = 0.34ms, total = 2.70ms, Queueing time: mean = 0.00ms, max = -0.00ms, min = 9223372036854.78ms, total = 0.00ms
	PeriodicalRunner.RunFnPeriodically - 7 total (0 active), Execution time: mean = 0.15ms, total = 1.06ms, Queueing time: mean = 0.40ms, max = 1.04ms, min = 0.01ms, total = 2.83ms
	CoreWorker.PrintEventStats - 2 total (1 active, 1 running), Execution time: mean = 0.41ms, total = 0.82ms, Queueing time: mean = 0.01ms, max = 0.03ms, min = 0.03ms, total = 0.03ms
	ray::rpc::WorkerInfoGcsService.grpc_client.AddWorkerInfo.OnReplyReceived - 1 total (0 active), Execution time: mean = 0.04ms, total = 0.04ms, Queueing time: mean = 0.37ms, max = 0.37ms, min = 0.37ms, total = 0.37ms
	ray::rpc::NodeInfoGcsService.grpc_client.GetAllNodeAddressAndLiveness - 1 total (0 active), Execution time: mean = 0.66ms, total = 0.66ms, Queueing time: mean = 0.00ms, max = -0.00ms, min = 9223372036854.78ms, total = 0.00ms
	ReporterService.grpc_client.HealthCheck - 1 total (0 active), Execution time: mean = 2.06ms, total = 2.06ms, Queueing time: mean = 0.00ms, max = -0.00ms, min = 9223372036854.78ms, total = 0.00ms
	CoreWorkerService.grpc_server.PushTask - 1 total (0 active), Execution time: mean = 207.75ms, total = 207.75ms, Queueing time: mean = 0.00ms, max = -0.00ms, min = 9223372036854.78ms, total = 0.00ms
	ray::rpc::InternalPubSubGcsService.grpc_client.GcsSubscriberPoll - 1 total (1 active), Execution time: mean = 0.00ms, total = 0.00ms, Queueing time: mean = 0.00ms, max = -0.00ms, min = 9223372036854.78ms, total = 0.00ms
	ray::rpc::NodeInfoGcsService.grpc_client.GetAllNodeAddressAndLiveness.OnReplyReceived - 1 total (0 active), Execution time: mean = 0.10ms, total = 0.10ms, Queueing time: mean = 0.06ms, max = 0.06ms, min = 0.06ms, total = 0.06ms
	CoreWorkerService.grpc_server.PushTask.HandleRequestImpl - 1 total (0 active), Execution time: mean = 0.19ms, total = 0.19ms, Queueing time: mean = 0.02ms, max = 0.02ms, min = 0.02ms, total = 0.02ms
	ray::rpc::WorkerInfoGcsService.grpc_client.AddWorkerInfo - 1 total (0 active), Execution time: mean = 0.91ms, total = 0.91ms, Queueing time: mean = 0.00ms, max = -0.00ms, min = 9223372036854.78ms, total = 0.00ms
	ray::rpc::InternalPubSubGcsService.grpc_client.GcsSubscriberCommandBatch - 1 total (0 active), Execution time: mean = 0.82ms, total = 0.82ms, Queueing time: mean = 0.00ms, max = -0.00ms, min = 9223372036854.78ms, total = 0.00ms
	ReporterService.grpc_client.HealthCheck.OnReplyReceived - 1 total (0 active), Execution time: mean = 0.28ms, total = 0.28ms, Queueing time: mean = 0.02ms, max = 0.02ms, min = 0.02ms, total = 0.02ms
	Publisher.CheckDeadSubscribers - 1 total (1 active), Execution time: mean = 0.00ms, total = 0.00ms, Queueing time: mean = 0.00ms, max = -0.00ms, min = 9223372036854.78ms, total = 0.00ms
	ray::rpc::InternalPubSubGcsService.grpc_client.GcsSubscriberCommandBatch.OnReplyReceived - 1 total (0 active), Execution time: mean = 0.25ms, total = 0.25ms, Queueing time: mean = 0.39ms, max = 0.39ms, min = 0.39ms, total = 0.39ms

-----------------
Task execution event stats:

Global stats: 11907 total (1 active)
Queueing time: mean = 0.07ms, max = 198.23ms, min = 0.01ms, total = 839.83ms
Execution time:  mean = 0.03ms, total = 384.84ms
Event stats:
	CoreWorker.CheckSignal - 11905 total (1 active), Execution time: mean = 0.01ms, total = 177.63ms, Queueing time: mean = 0.07ms, max = 198.23ms, min = 0.01ms, total = 839.78ms
	CoreWorker.HandlePushTask - 1 total (0 active), Execution time: mean = 207.20ms, total = 207.20ms, Queueing time: mean = 0.05ms, max = 0.05ms, min = 0.05ms, total = 0.05ms
	PeriodicalRunner.RunFnPeriodically - 1 total (0 active), Execution time: mean = 0.01ms, total = 0.01ms, Queueing time: mean = 0.01ms, max = 0.01ms, min = 0.01ms, total = 0.01ms

-----------------
Task Event stats:

IO Service Stats:

Global stats: 361 total (1 active)
Queueing time: mean = 0.03ms, max = 0.40ms, min = 0.01ms, total = 12.06ms
Execution time:  mean = 0.37ms, total = 131.99ms
Event stats:
	CoreWorker.deadline_timer.flush_task_events - 120 total (1 active), Execution time: mean = 0.25ms, total = 29.81ms, Queueing time: mean = 0.06ms, max = 0.12ms, min = 0.03ms, total = 7.17ms
	ray::rpc::TaskInfoGcsService.grpc_client.AddTaskEventData - 120 total (0 active), Execution time: mean = 0.81ms, total = 96.99ms, Queueing time: mean = 0.00ms, max = -0.00ms, min = 9223372036854.78ms, total = 0.00ms
	ray::rpc::TaskInfoGcsService.grpc_client.AddTaskEventData.OnReplyReceived - 120 total (0 active), Execution time: mean = 0.04ms, total = 4.88ms, Queueing time: mean = 0.04ms, max = 0.40ms, min = 0.01ms, total = 4.88ms
	PeriodicalRunner.RunFnPeriodically - 1 total (0 active), Execution time: mean = 0.32ms, total = 0.32ms, Queueing time: mean = 0.01ms, max = 0.01ms, min = 0.01ms, total = 0.01ms
Other Stats:
	gcs_grpc_in_progress:0
	event_aggregator_grpc_in_progress:0
	current number of task status events in buffer: 0
	current number of profile events in buffer: 0
	current number of dropped task attempts tracked: 0
	total task events sent: 0.000746727 MiB
	total number of task attempts sent: 1
	total number of task attempts dropped reported: 0
	total number of sent failure: 0
	num status task events dropped: 0
	num profile task events dropped: 0
	num ray task events reported to aggregator: 0
	num ray task events failed to report to aggregator: 0
	num of task attempts dropped reported to aggregator: 0
	num of failed requests to aggregator: 0

