[2026-02-05 22:53:54,717 I 3812604 3812604] core_worker_process.cc:777: Constructing CoreWorkerProcess. pid: 3812604
[2026-02-05 22:53:54,720 I 3812604 3812604] event.cc:499: Ray Event initialized for CORE_WORKER
[2026-02-05 22:53:54,720 I 3812604 3812604] event.cc:499: Ray Event initialized for EXPORT_TASK
[2026-02-05 22:53:54,720 I 3812604 3812604] event.cc:332: Set ray event level to warning
[2026-02-05 22:53:54,720 I 3812604 3812604] event_aggregator_client.h:50: Initiating the local event aggregator client with port: 42085
[2026-02-05 22:53:54,722 I 3812604 3812604] grpc_server.cc:143: worker server started, listening on port 36721.
[2026-02-05 22:53:54,736 I 3812604 3812604] core_worker_process.cc:262: Initializing worker at address: 172.28.6.5:36721 worker_id=b3b363ad9e4bfc5e9064b25a7ea26063a39c2df4f5e78bcdad78f069 node_id=f952fc06de42efb9243a85ee76170f1a8d6e15939cb982e347ef4c9e
[2026-02-05 22:53:54,737 I 3812604 3812604] task_event_buffer.cc:480: Reporting task events to GCS every 1000ms.
[2026-02-05 22:53:54,738 I 3812604 3812604] core_worker.cc:515: Adjusted worker niceness to 15
[2026-02-05 22:53:54,738 I 3812604 3814232] core_worker.cc:455: Event stats:


Global stats: 12 total (10 active)
Queueing time: mean = 0.00ms, max = 0.01ms, min = 0.01ms, total = 0.03ms
Execution time:  mean = 0.00ms, total = 0.06ms
Event stats:
	PeriodicalRunner.RunFnPeriodically - 7 total (5 active, 1 running), Execution time: mean = 0.01ms, total = 0.06ms, Queueing time: mean = 0.00ms, max = 0.01ms, min = 0.01ms, total = 0.03ms
	CoreWorker.ExitIfParentRayletDies - 1 total (1 active), Execution time: mean = 0.00ms, total = 0.00ms, Queueing time: mean = 0.00ms, max = -0.00ms, min = 9223372036854.78ms, total = 0.00ms
	ray::rpc::WorkerInfoGcsService.grpc_client.AddWorkerInfo - 1 total (1 active), Execution time: mean = 0.00ms, total = 0.00ms, Queueing time: mean = 0.00ms, max = -0.00ms, min = 9223372036854.78ms, total = 0.00ms
	ray::rpc::InternalPubSubGcsService.grpc_client.GcsSubscriberCommandBatch - 1 total (1 active), Execution time: mean = 0.00ms, total = 0.00ms, Queueing time: mean = 0.00ms, max = -0.00ms, min = 9223372036854.78ms, total = 0.00ms
	ray::rpc::InternalPubSubGcsService.grpc_client.GcsSubscriberPoll - 1 total (1 active), Execution time: mean = 0.00ms, total = 0.00ms, Queueing time: mean = 0.00ms, max = -0.00ms, min = 9223372036854.78ms, total = 0.00ms
	Publisher.CheckDeadSubscribers - 1 total (1 active), Execution time: mean = 0.00ms, total = 0.00ms, Queueing time: mean = 0.00ms, max = -0.00ms, min = 9223372036854.78ms, total = 0.00ms

-----------------
Task execution event stats:

Global stats: 0 total (0 active)
Queueing time: mean = -nanms, max = -0.00ms, min = 9223372036854.78ms, total = 0.00ms
Execution time:  mean = -nanms, total = 0.00ms
Event stats:

-----------------
Task Event stats:

IO Service Stats:

Global stats: 4 total (1 active)
Queueing time: mean = 0.01ms, max = 0.02ms, min = 0.02ms, total = 0.03ms
Execution time:  mean = 0.24ms, total = 0.98ms
Event stats:
	CoreWorker.deadline_timer.flush_task_events - 1 total (1 active), Execution time: mean = 0.00ms, total = 0.00ms, Queueing time: mean = 0.00ms, max = -0.00ms, min = 9223372036854.78ms, total = 0.00ms
	PeriodicalRunner.RunFnPeriodically - 1 total (0 active), Execution time: mean = 0.34ms, total = 0.34ms, Queueing time: mean = 0.02ms, max = 0.02ms, min = 0.02ms, total = 0.02ms
	ray::rpc::TaskInfoGcsService.grpc_client.AddTaskEventData - 1 total (0 active), Execution time: mean = 0.60ms, total = 0.60ms, Queueing time: mean = 0.00ms, max = -0.00ms, min = 9223372036854.78ms, total = 0.00ms
	ray::rpc::TaskInfoGcsService.grpc_client.AddTaskEventData.OnReplyReceived - 1 total (0 active), Execution time: mean = 0.04ms, total = 0.04ms, Queueing time: mean = 0.02ms, max = 0.02ms, min = 0.02ms, total = 0.02ms
Other Stats:
	gcs_grpc_in_progress:0
	event_aggregator_grpc_in_progress:0
	current number of task status events in buffer: 0
	current number of profile events in buffer: 0
	current number of dropped task attempts tracked: 0
	total task events sent: 0 MiB
	total number of task attempts sent: 0
	total number of task attempts dropped reported: 0
	total number of sent failure: 0
	num status task events dropped: 0
	num profile task events dropped: 0
	num ray task events reported to aggregator: 0
	num ray task events failed to report to aggregator: 0
	num of task attempts dropped reported to aggregator: 0
	num of failed requests to aggregator: 0

[2026-02-05 22:53:54,738 I 3812604 3812604] metrics_agent_client.cc:45: Initializing exporter ...
[2026-02-05 22:53:54,739 I 3812604 3814232] accessor.cc:433: Received address and liveness notification for node, IsAlive = 1 node_id=f952fc06de42efb9243a85ee76170f1a8d6e15939cb982e347ef4c9e
[2026-02-05 22:53:54,739 I 3812604 3814232] normal_task_submitter.cc:840: Number of alive nodes:1
[2026-02-05 22:53:58,746 I 3812604 3814232] metrics_agent_client.cc:59: Exporter initialized.
[2026-02-05 22:54:54,739 I 3812604 3814232] core_worker.cc:455: Event stats:


Global stats: 896 total (8 active)
Queueing time: mean = 4.50ms, max = 1000.03ms, min = 0.01ms, total = 4036.10ms
Execution time:  mean = 0.08ms, total = 74.41ms
Event stats:
	CoreWorker.RecoverObjects - 600 total (1 active), Execution time: mean = 0.01ms, total = 6.12ms, Queueing time: mean = 0.04ms, max = 0.18ms, min = 0.01ms, total = 26.83ms
	CoreWorker.InternalHeartbeat - 60 total (1 active), Execution time: mean = 0.18ms, total = 10.96ms, Queueing time: mean = 0.04ms, max = 0.50ms, min = 0.02ms, total = 2.42ms
	CoreWorker.ExitIfParentRayletDies - 60 total (1 active), Execution time: mean = 0.01ms, total = 0.68ms, Queueing time: mean = 0.04ms, max = 0.11ms, min = 0.01ms, total = 2.65ms
	NodeManagerService.grpc_client.ReportWorkerBacklog.OnReplyReceived - 60 total (0 active), Execution time: mean = 0.03ms, total = 1.60ms, Queueing time: mean = 0.03ms, max = 0.07ms, min = 0.01ms, total = 1.80ms
	NodeManagerService.grpc_client.ReportWorkerBacklog - 60 total (0 active), Execution time: mean = 0.69ms, total = 41.50ms, Queueing time: mean = 0.00ms, max = -0.00ms, min = 9223372036854.78ms, total = 0.00ms
	CoreWorker.RecordMetrics - 12 total (1 active), Execution time: mean = 0.06ms, total = 0.68ms, Queueing time: mean = 0.03ms, max = 0.08ms, min = 0.01ms, total = 0.37ms
	PeriodicalRunner.RunFnPeriodically - 7 total (0 active), Execution time: mean = 0.07ms, total = 0.49ms, Queueing time: mean = 0.18ms, max = 0.44ms, min = 0.01ms, total = 1.28ms
	CoreWorker.TryDelPendingObjectRefStreams - 6 total (1 active), Execution time: mean = 0.01ms, total = 0.03ms, Queueing time: mean = 0.02ms, max = 0.04ms, min = 0.02ms, total = 0.15ms
	ReporterService.grpc_client.HealthCheck - 5 total (0 active), Execution time: mean = 1.47ms, total = 7.37ms, Queueing time: mean = 0.00ms, max = -0.00ms, min = 9223372036854.78ms, total = 0.00ms
	ReporterService.grpc_client.HealthCheck.OnReplyReceived - 5 total (0 active), Execution time: mean = 0.11ms, total = 0.54ms, Queueing time: mean = 0.03ms, max = 0.05ms, min = 0.01ms, total = 0.13ms
	CoreWorkerService.grpc_server.GetCoreWorkerStats - 4 total (0 active), Execution time: mean = 0.32ms, total = 1.27ms, Queueing time: mean = 0.00ms, max = -0.00ms, min = 9223372036854.78ms, total = 0.00ms
	MetricsAgentClient.WaitForServerReadyWithRetry - 4 total (0 active), Execution time: mean = 0.17ms, total = 0.67ms, Queueing time: mean = 1000.02ms, max = 1000.03ms, min = 1000.02ms, total = 4000.09ms
	CoreWorkerService.grpc_server.GetCoreWorkerStats.HandleRequestImpl - 4 total (0 active), Execution time: mean = 0.12ms, total = 0.47ms, Queueing time: mean = 0.02ms, max = 0.03ms, min = 0.02ms, total = 0.10ms
	CoreWorker.PrintEventStats - 1 total (1 active, 1 running), Execution time: mean = 0.00ms, total = 0.00ms, Queueing time: mean = 0.00ms, max = -0.00ms, min = 9223372036854.78ms, total = 0.00ms
	ray::rpc::WorkerInfoGcsService.grpc_client.AddWorkerInfo.OnReplyReceived - 1 total (0 active), Execution time: mean = 0.02ms, total = 0.02ms, Queueing time: mean = 0.25ms, max = 0.25ms, min = 0.25ms, total = 0.25ms
	ray::rpc::NodeInfoGcsService.grpc_client.GetAllNodeAddressAndLiveness.OnReplyReceived - 1 total (0 active), Execution time: mean = 0.06ms, total = 0.06ms, Queueing time: mean = 0.02ms, max = 0.02ms, min = 0.02ms, total = 0.02ms
	ray::rpc::InternalPubSubGcsService.grpc_client.GcsSubscriberCommandBatch - 1 total (0 active), Execution time: mean = 0.77ms, total = 0.77ms, Queueing time: mean = 0.00ms, max = -0.00ms, min = 9223372036854.78ms, total = 0.00ms
	ray::rpc::InternalPubSubGcsService.grpc_client.GcsSubscriberPoll - 1 total (1 active), Execution time: mean = 0.00ms, total = 0.00ms, Queueing time: mean = 0.00ms, max = -0.00ms, min = 9223372036854.78ms, total = 0.00ms
	ray::rpc::WorkerInfoGcsService.grpc_client.AddWorkerInfo - 1 total (0 active), Execution time: mean = 0.63ms, total = 0.63ms, Queueing time: mean = 0.00ms, max = -0.00ms, min = 9223372036854.78ms, total = 0.00ms
	ray::rpc::NodeInfoGcsService.grpc_client.GetAllNodeAddressAndLiveness - 1 total (0 active), Execution time: mean = 0.42ms, total = 0.42ms, Queueing time: mean = 0.00ms, max = -0.00ms, min = 9223372036854.78ms, total = 0.00ms
	Publisher.CheckDeadSubscribers - 1 total (1 active), Execution time: mean = 0.00ms, total = 0.00ms, Queueing time: mean = 0.00ms, max = -0.00ms, min = 9223372036854.78ms, total = 0.00ms
	ray::rpc::InternalPubSubGcsService.grpc_client.GcsSubscriberCommandBatch.OnReplyReceived - 1 total (0 active), Execution time: mean = 0.11ms, total = 0.11ms, Queueing time: mean = 0.01ms, max = 0.01ms, min = 0.01ms, total = 0.01ms

-----------------
Task execution event stats:

Global stats: 5953 total (1 active)
Queueing time: mean = 0.07ms, max = 11.34ms, min = -0.12ms, total = 420.49ms
Execution time:  mean = 0.01ms, total = 88.25ms
Event stats:
	CoreWorker.CheckSignal - 5952 total (1 active), Execution time: mean = 0.01ms, total = 88.24ms, Queueing time: mean = 0.07ms, max = 11.34ms, min = -0.12ms, total = 420.48ms
	PeriodicalRunner.RunFnPeriodically - 1 total (0 active), Execution time: mean = 0.01ms, total = 0.01ms, Queueing time: mean = 0.00ms, max = 0.00ms, min = 0.00ms, total = 0.00ms

-----------------
Task Event stats:

IO Service Stats:

Global stats: 181 total (1 active)
Queueing time: mean = 0.03ms, max = 0.73ms, min = 0.01ms, total = 4.64ms
Execution time:  mean = 0.31ms, total = 56.90ms
Event stats:
	CoreWorker.deadline_timer.flush_task_events - 60 total (1 active), Execution time: mean = 0.21ms, total = 12.84ms, Queueing time: mean = 0.05ms, max = 0.73ms, min = 0.02ms, total = 2.94ms
	ray::rpc::TaskInfoGcsService.grpc_client.AddTaskEventData - 60 total (0 active), Execution time: mean = 0.69ms, total = 41.61ms, Queueing time: mean = 0.00ms, max = -0.00ms, min = 9223372036854.78ms, total = 0.00ms
	ray::rpc::TaskInfoGcsService.grpc_client.AddTaskEventData.OnReplyReceived - 60 total (0 active), Execution time: mean = 0.04ms, total = 2.11ms, Queueing time: mean = 0.03ms, max = 0.06ms, min = 0.01ms, total = 1.69ms
	PeriodicalRunner.RunFnPeriodically - 1 total (0 active), Execution time: mean = 0.34ms, total = 0.34ms, Queueing time: mean = 0.02ms, max = 0.02ms, min = 0.02ms, total = 0.02ms
Other Stats:
	gcs_grpc_in_progress:0
	event_aggregator_grpc_in_progress:0
	current number of task status events in buffer: 0
	current number of profile events in buffer: 0
	current number of dropped task attempts tracked: 0
	total task events sent: 0 MiB
	total number of task attempts sent: 0
	total number of task attempts dropped reported: 0
	total number of sent failure: 0
	num status task events dropped: 0
	num profile task events dropped: 0
	num ray task events reported to aggregator: 0
	num ray task events failed to report to aggregator: 0
	num of task attempts dropped reported to aggregator: 0
	num of failed requests to aggregator: 0

[2026-02-05 22:55:54,740 I 3812604 3814232] core_worker.cc:455: Event stats:


Global stats: 1763 total (8 active)
Queueing time: mean = 2.31ms, max = 1000.03ms, min = 0.01ms, total = 4077.31ms
Execution time:  mean = 0.08ms, total = 145.47ms
Event stats:
	CoreWorker.RecoverObjects - 1200 total (1 active), Execution time: mean = 0.01ms, total = 11.82ms, Queueing time: mean = 0.05ms, max = 0.18ms, min = 0.01ms, total = 58.68ms
	CoreWorker.InternalHeartbeat - 120 total (1 active), Execution time: mean = 0.20ms, total = 23.73ms, Queueing time: mean = 0.04ms, max = 0.50ms, min = 0.02ms, total = 5.35ms
	CoreWorker.ExitIfParentRayletDies - 120 total (1 active), Execution time: mean = 0.01ms, total = 1.40ms, Queueing time: mean = 0.05ms, max = 0.11ms, min = 0.01ms, total = 5.77ms
	NodeManagerService.grpc_client.ReportWorkerBacklog.OnReplyReceived - 120 total (0 active), Execution time: mean = 0.03ms, total = 3.40ms, Queueing time: mean = 0.03ms, max = 0.07ms, min = 0.01ms, total = 3.92ms
	NodeManagerService.grpc_client.ReportWorkerBacklog - 120 total (0 active), Execution time: mean = 0.73ms, total = 88.12ms, Queueing time: mean = 0.00ms, max = -0.00ms, min = 9223372036854.78ms, total = 0.00ms
	CoreWorker.RecordMetrics - 24 total (1 active), Execution time: mean = 0.07ms, total = 1.58ms, Queueing time: mean = 0.03ms, max = 0.08ms, min = 0.01ms, total = 0.79ms
	CoreWorker.TryDelPendingObjectRefStreams - 12 total (1 active), Execution time: mean = 0.01ms, total = 0.07ms, Queueing time: mean = 0.06ms, max = 0.33ms, min = 0.02ms, total = 0.67ms
	CoreWorkerService.grpc_server.GetCoreWorkerStats - 8 total (0 active), Execution time: mean = 0.34ms, total = 2.73ms, Queueing time: mean = 0.00ms, max = -0.00ms, min = 9223372036854.78ms, total = 0.00ms
	CoreWorkerService.grpc_server.GetCoreWorkerStats.HandleRequestImpl - 8 total (0 active), Execution time: mean = 0.11ms, total = 0.85ms, Queueing time: mean = 0.04ms, max = 0.12ms, min = 0.02ms, total = 0.29ms
	PeriodicalRunner.RunFnPeriodically - 7 total (0 active), Execution time: mean = 0.07ms, total = 0.49ms, Queueing time: mean = 0.18ms, max = 0.44ms, min = 0.01ms, total = 1.28ms
	ReporterService.grpc_client.HealthCheck - 5 total (0 active), Execution time: mean = 1.47ms, total = 7.37ms, Queueing time: mean = 0.00ms, max = -0.00ms, min = 9223372036854.78ms, total = 0.00ms
	ReporterService.grpc_client.HealthCheck.OnReplyReceived - 5 total (0 active), Execution time: mean = 0.11ms, total = 0.54ms, Queueing time: mean = 0.03ms, max = 0.05ms, min = 0.01ms, total = 0.13ms
	MetricsAgentClient.WaitForServerReadyWithRetry - 4 total (0 active), Execution time: mean = 0.17ms, total = 0.67ms, Queueing time: mean = 1000.02ms, max = 1000.03ms, min = 1000.02ms, total = 4000.09ms
	CoreWorker.PrintEventStats - 2 total (1 active, 1 running), Execution time: mean = 0.36ms, total = 0.71ms, Queueing time: mean = 0.03ms, max = 0.05ms, min = 0.05ms, total = 0.05ms
	ray::rpc::WorkerInfoGcsService.grpc_client.AddWorkerInfo.OnReplyReceived - 1 total (0 active), Execution time: mean = 0.02ms, total = 0.02ms, Queueing time: mean = 0.25ms, max = 0.25ms, min = 0.25ms, total = 0.25ms
	ray::rpc::InternalPubSubGcsService.grpc_client.GcsSubscriberCommandBatch - 1 total (0 active), Execution time: mean = 0.77ms, total = 0.77ms, Queueing time: mean = 0.00ms, max = -0.00ms, min = 9223372036854.78ms, total = 0.00ms
	ray::rpc::NodeInfoGcsService.grpc_client.GetAllNodeAddressAndLiveness.OnReplyReceived - 1 total (0 active), Execution time: mean = 0.06ms, total = 0.06ms, Queueing time: mean = 0.02ms, max = 0.02ms, min = 0.02ms, total = 0.02ms
	ray::rpc::InternalPubSubGcsService.grpc_client.GcsSubscriberPoll - 1 total (1 active), Execution time: mean = 0.00ms, total = 0.00ms, Queueing time: mean = 0.00ms, max = -0.00ms, min = 9223372036854.78ms, total = 0.00ms
	ray::rpc::WorkerInfoGcsService.grpc_client.AddWorkerInfo - 1 total (0 active), Execution time: mean = 0.63ms, total = 0.63ms, Queueing time: mean = 0.00ms, max = -0.00ms, min = 9223372036854.78ms, total = 0.00ms
	ray::rpc::NodeInfoGcsService.grpc_client.GetAllNodeAddressAndLiveness - 1 total (0 active), Execution time: mean = 0.42ms, total = 0.42ms, Queueing time: mean = 0.00ms, max = -0.00ms, min = 9223372036854.78ms, total = 0.00ms
	Publisher.CheckDeadSubscribers - 1 total (1 active), Execution time: mean = 0.00ms, total = 0.00ms, Queueing time: mean = 0.00ms, max = -0.00ms, min = 9223372036854.78ms, total = 0.00ms
	ray::rpc::InternalPubSubGcsService.grpc_client.GcsSubscriberCommandBatch.OnReplyReceived - 1 total (0 active), Execution time: mean = 0.11ms, total = 0.11ms, Queueing time: mean = 0.01ms, max = 0.01ms, min = 0.01ms, total = 0.01ms

-----------------
Task execution event stats:

Global stats: 11922 total (1 active)
Queueing time: mean = 0.06ms, max = 11.34ms, min = -1.59ms, total = 673.46ms
Execution time:  mean = 0.02ms, total = 180.11ms
Event stats:
	CoreWorker.CheckSignal - 11921 total (1 active), Execution time: mean = 0.02ms, total = 180.10ms, Queueing time: mean = 0.06ms, max = 11.34ms, min = -1.59ms, total = 673.46ms
	PeriodicalRunner.RunFnPeriodically - 1 total (0 active), Execution time: mean = 0.01ms, total = 0.01ms, Queueing time: mean = 0.00ms, max = 0.00ms, min = 0.00ms, total = 0.00ms

-----------------
Task Event stats:

IO Service Stats:

Global stats: 361 total (1 active)
Queueing time: mean = 0.03ms, max = 0.73ms, min = 0.01ms, total = 10.00ms
Execution time:  mean = 0.33ms, total = 119.75ms
Event stats:
	CoreWorker.deadline_timer.flush_task_events - 120 total (1 active), Execution time: mean = 0.23ms, total = 27.06ms, Queueing time: mean = 0.05ms, max = 0.73ms, min = 0.02ms, total = 5.91ms
	ray::rpc::TaskInfoGcsService.grpc_client.AddTaskEventData - 120 total (0 active), Execution time: mean = 0.73ms, total = 87.99ms, Queueing time: mean = 0.00ms, max = -0.00ms, min = 9223372036854.78ms, total = 0.00ms
	ray::rpc::TaskInfoGcsService.grpc_client.AddTaskEventData.OnReplyReceived - 120 total (0 active), Execution time: mean = 0.04ms, total = 4.36ms, Queueing time: mean = 0.03ms, max = 0.08ms, min = 0.01ms, total = 4.07ms
	PeriodicalRunner.RunFnPeriodically - 1 total (0 active), Execution time: mean = 0.34ms, total = 0.34ms, Queueing time: mean = 0.02ms, max = 0.02ms, min = 0.02ms, total = 0.02ms
Other Stats:
	gcs_grpc_in_progress:0
	event_aggregator_grpc_in_progress:0
	current number of task status events in buffer: 0
	current number of profile events in buffer: 0
	current number of dropped task attempts tracked: 0
	total task events sent: 0 MiB
	total number of task attempts sent: 0
	total number of task attempts dropped reported: 0
	total number of sent failure: 0
	num status task events dropped: 0
	num profile task events dropped: 0
	num ray task events reported to aggregator: 0
	num ray task events failed to report to aggregator: 0
	num of task attempts dropped reported to aggregator: 0
	num of failed requests to aggregator: 0

[2026-02-05 22:56:54,740 I 3812604 3814232] core_worker.cc:455: Event stats:


Global stats: 2630 total (8 active)
Queueing time: mean = 1.57ms, max = 1000.03ms, min = 0.01ms, total = 4118.32ms
Execution time:  mean = 0.08ms, total = 214.08ms
Event stats:
	CoreWorker.RecoverObjects - 1800 total (1 active), Execution time: mean = 0.01ms, total = 17.40ms, Queueing time: mean = 0.05ms, max = 0.18ms, min = 0.01ms, total = 89.84ms
	CoreWorker.InternalHeartbeat - 180 total (1 active), Execution time: mean = 0.20ms, total = 36.17ms, Queueing time: mean = 0.05ms, max = 0.50ms, min = 0.02ms, total = 8.11ms
	CoreWorker.ExitIfParentRayletDies - 180 total (1 active), Execution time: mean = 0.01ms, total = 2.10ms, Queueing time: mean = 0.05ms, max = 0.11ms, min = 0.01ms, total = 9.03ms
	NodeManagerService.grpc_client.ReportWorkerBacklog.OnReplyReceived - 180 total (0 active), Execution time: mean = 0.03ms, total = 5.25ms, Queueing time: mean = 0.03ms, max = 0.07ms, min = 0.01ms, total = 6.14ms
	NodeManagerService.grpc_client.ReportWorkerBacklog - 180 total (0 active), Execution time: mean = 0.74ms, total = 132.94ms, Queueing time: mean = 0.00ms, max = -0.00ms, min = 9223372036854.78ms, total = 0.00ms
	CoreWorker.RecordMetrics - 36 total (1 active), Execution time: mean = 0.07ms, total = 2.43ms, Queueing time: mean = 0.04ms, max = 0.08ms, min = 0.01ms, total = 1.36ms
	CoreWorker.TryDelPendingObjectRefStreams - 18 total (1 active), Execution time: mean = 0.01ms, total = 0.11ms, Queueing time: mean = 0.09ms, max = 0.60ms, min = 0.02ms, total = 1.59ms
	CoreWorkerService.grpc_server.GetCoreWorkerStats - 12 total (0 active), Execution time: mean = 0.33ms, total = 3.91ms, Queueing time: mean = 0.00ms, max = -0.00ms, min = 9223372036854.78ms, total = 0.00ms
	CoreWorkerService.grpc_server.GetCoreWorkerStats.HandleRequestImpl - 12 total (0 active), Execution time: mean = 0.10ms, total = 1.20ms, Queueing time: mean = 0.03ms, max = 0.12ms, min = 0.02ms, total = 0.38ms
	PeriodicalRunner.RunFnPeriodically - 7 total (0 active), Execution time: mean = 0.07ms, total = 0.49ms, Queueing time: mean = 0.18ms, max = 0.44ms, min = 0.01ms, total = 1.28ms
	ReporterService.grpc_client.HealthCheck - 5 total (0 active), Execution time: mean = 1.47ms, total = 7.37ms, Queueing time: mean = 0.00ms, max = -0.00ms, min = 9223372036854.78ms, total = 0.00ms
	ReporterService.grpc_client.HealthCheck.OnReplyReceived - 5 total (0 active), Execution time: mean = 0.11ms, total = 0.54ms, Queueing time: mean = 0.03ms, max = 0.05ms, min = 0.01ms, total = 0.13ms
	MetricsAgentClient.WaitForServerReadyWithRetry - 4 total (0 active), Execution time: mean = 0.17ms, total = 0.67ms, Queueing time: mean = 1000.02ms, max = 1000.03ms, min = 1000.02ms, total = 4000.09ms
	CoreWorker.PrintEventStats - 3 total (1 active, 1 running), Execution time: mean = 0.50ms, total = 1.50ms, Queueing time: mean = 0.03ms, max = 0.05ms, min = 0.03ms, total = 0.08ms
	ray::rpc::WorkerInfoGcsService.grpc_client.AddWorkerInfo.OnReplyReceived - 1 total (0 active), Execution time: mean = 0.02ms, total = 0.02ms, Queueing time: mean = 0.25ms, max = 0.25ms, min = 0.25ms, total = 0.25ms
	ray::rpc::InternalPubSubGcsService.grpc_client.GcsSubscriberCommandBatch - 1 total (0 active), Execution time: mean = 0.77ms, total = 0.77ms, Queueing time: mean = 0.00ms, max = -0.00ms, min = 9223372036854.78ms, total = 0.00ms
	ray::rpc::NodeInfoGcsService.grpc_client.GetAllNodeAddressAndLiveness.OnReplyReceived - 1 total (0 active), Execution time: mean = 0.06ms, total = 0.06ms, Queueing time: mean = 0.02ms, max = 0.02ms, min = 0.02ms, total = 0.02ms
	ray::rpc::InternalPubSubGcsService.grpc_client.GcsSubscriberPoll - 1 total (1 active), Execution time: mean = 0.00ms, total = 0.00ms, Queueing time: mean = 0.00ms, max = -0.00ms, min = 9223372036854.78ms, total = 0.00ms
	ray::rpc::WorkerInfoGcsService.grpc_client.AddWorkerInfo - 1 total (0 active), Execution time: mean = 0.63ms, total = 0.63ms, Queueing time: mean = 0.00ms, max = -0.00ms, min = 9223372036854.78ms, total = 0.00ms
	ray::rpc::NodeInfoGcsService.grpc_client.GetAllNodeAddressAndLiveness - 1 total (0 active), Execution time: mean = 0.42ms, total = 0.42ms, Queueing time: mean = 0.00ms, max = -0.00ms, min = 9223372036854.78ms, total = 0.00ms
	Publisher.CheckDeadSubscribers - 1 total (1 active), Execution time: mean = 0.00ms, total = 0.00ms, Queueing time: mean = 0.00ms, max = -0.00ms, min = 9223372036854.78ms, total = 0.00ms
	ray::rpc::InternalPubSubGcsService.grpc_client.GcsSubscriberCommandBatch.OnReplyReceived - 1 total (0 active), Execution time: mean = 0.11ms, total = 0.11ms, Queueing time: mean = 0.01ms, max = 0.01ms, min = 0.01ms, total = 0.01ms

-----------------
Task execution event stats:

Global stats: 17893 total (1 active)
Queueing time: mean = 0.05ms, max = 11.34ms, min = -1.59ms, total = 899.29ms
Execution time:  mean = 0.02ms, total = 269.21ms
Event stats:
	CoreWorker.CheckSignal - 17892 total (1 active), Execution time: mean = 0.02ms, total = 269.19ms, Queueing time: mean = 0.05ms, max = 11.34ms, min = -1.59ms, total = 899.29ms
	PeriodicalRunner.RunFnPeriodically - 1 total (0 active), Execution time: mean = 0.01ms, total = 0.01ms, Queueing time: mean = 0.00ms, max = 0.00ms, min = 0.00ms, total = 0.00ms

-----------------
Task Event stats:

IO Service Stats:

Global stats: 541 total (1 active)
Queueing time: mean = 0.03ms, max = 0.73ms, min = 0.01ms, total = 15.65ms
Execution time:  mean = 0.34ms, total = 183.09ms
Event stats:
	CoreWorker.deadline_timer.flush_task_events - 180 total (1 active), Execution time: mean = 0.23ms, total = 40.83ms, Queueing time: mean = 0.05ms, max = 0.73ms, min = 0.02ms, total = 9.47ms
	ray::rpc::TaskInfoGcsService.grpc_client.AddTaskEventData - 180 total (0 active), Execution time: mean = 0.75ms, total = 135.19ms, Queueing time: mean = 0.00ms, max = -0.00ms, min = 9223372036854.78ms, total = 0.00ms
	ray::rpc::TaskInfoGcsService.grpc_client.AddTaskEventData.OnReplyReceived - 180 total (0 active), Execution time: mean = 0.04ms, total = 6.72ms, Queueing time: mean = 0.03ms, max = 0.08ms, min = 0.01ms, total = 6.17ms
	PeriodicalRunner.RunFnPeriodically - 1 total (0 active), Execution time: mean = 0.34ms, total = 0.34ms, Queueing time: mean = 0.02ms, max = 0.02ms, min = 0.02ms, total = 0.02ms
Other Stats:
	gcs_grpc_in_progress:0
	event_aggregator_grpc_in_progress:0
	current number of task status events in buffer: 0
	current number of profile events in buffer: 0
	current number of dropped task attempts tracked: 0
	total task events sent: 0 MiB
	total number of task attempts sent: 0
	total number of task attempts dropped reported: 0
	total number of sent failure: 0
	num status task events dropped: 0
	num profile task events dropped: 0
	num ray task events reported to aggregator: 0
	num ray task events failed to report to aggregator: 0
	num of task attempts dropped reported to aggregator: 0
	num of failed requests to aggregator: 0

