[2026-02-14 15:01:03,815 I 2903314 2903314] core_worker_process.cc:777: Constructing CoreWorkerProcess. pid: 2903314
[2026-02-14 15:01:03,819 I 2903314 2903314] event.cc:499: Ray Event initialized for CORE_WORKER
[2026-02-14 15:01:03,819 I 2903314 2903314] event.cc:499: Ray Event initialized for EXPORT_TASK
[2026-02-14 15:01:03,819 I 2903314 2903314] event.cc:332: Set ray event level to warning
[2026-02-14 15:01:03,819 I 2903314 2903314] event_aggregator_client.h:50: Initiating the local event aggregator client with port: 46755
[2026-02-14 15:01:03,822 I 2903314 2903314] grpc_server.cc:143: worker server started, listening on port 37497.
[2026-02-14 15:01:03,839 I 2903314 2903314] core_worker_process.cc:262: Initializing worker at address: 172.28.6.3:37497 worker_id=0b6112098149b5ccc7451b5ddbf1551e63454b428414ec10ebb3dca7 node_id=4d58b0e38d3d5cb16afea62869121f99aea73ec70d310df5e91e5a96
[2026-02-14 15:01:03,840 I 2903314 2903314] task_event_buffer.cc:480: Reporting task events to GCS every 1000ms.
[2026-02-14 15:01:03,842 I 2903314 2903314] core_worker.cc:515: Adjusted worker niceness to 15
[2026-02-14 15:01:03,842 I 2903314 2903314] metrics_agent_client.cc:45: Initializing exporter ...
[2026-02-14 15:01:03,842 I 2903314 2904003] core_worker.cc:455: Event stats:


Global stats: 13 total (10 active)
Queueing time: mean = 0.01ms, max = 0.10ms, min = 0.02ms, total = 0.12ms
Execution time:  mean = 0.05ms, total = 0.61ms
Event stats:
	PeriodicalRunner.RunFnPeriodically - 7 total (5 active, 1 running), Execution time: mean = 0.01ms, total = 0.04ms, Queueing time: mean = 0.02ms, max = 0.10ms, min = 0.02ms, total = 0.12ms
	ray::rpc::WorkerInfoGcsService.grpc_client.AddWorkerInfo - 1 total (0 active), Execution time: mean = 0.57ms, total = 0.57ms, Queueing time: mean = 0.00ms, max = -0.00ms, min = 9223372036854.78ms, total = 0.00ms
	ray::rpc::InternalPubSubGcsService.grpc_client.GcsSubscriberPoll - 1 total (1 active), Execution time: mean = 0.00ms, total = 0.00ms, Queueing time: mean = 0.00ms, max = -0.00ms, min = 9223372036854.78ms, total = 0.00ms
	CoreWorker.ExitIfParentRayletDies - 1 total (1 active), Execution time: mean = 0.00ms, total = 0.00ms, Queueing time: mean = 0.00ms, max = -0.00ms, min = 9223372036854.78ms, total = 0.00ms
	ray::rpc::InternalPubSubGcsService.grpc_client.GcsSubscriberCommandBatch - 1 total (1 active), Execution time: mean = 0.00ms, total = 0.00ms, Queueing time: mean = 0.00ms, max = -0.00ms, min = 9223372036854.78ms, total = 0.00ms
	Publisher.CheckDeadSubscribers - 1 total (1 active), Execution time: mean = 0.00ms, total = 0.00ms, Queueing time: mean = 0.00ms, max = -0.00ms, min = 9223372036854.78ms, total = 0.00ms
	ray::rpc::WorkerInfoGcsService.grpc_client.AddWorkerInfo.OnReplyReceived - 1 total (1 active), Execution time: mean = 0.00ms, total = 0.00ms, Queueing time: mean = 0.00ms, max = -0.00ms, min = 9223372036854.78ms, total = 0.00ms

-----------------
Task execution event stats:

Global stats: 0 total (0 active)
Queueing time: mean = -nanms, max = -0.00ms, min = 9223372036854.78ms, total = 0.00ms
Execution time:  mean = -nanms, total = 0.00ms
Event stats:

-----------------
Task Event stats:

IO Service Stats:

Global stats: 4 total (1 active)
Queueing time: mean = 0.01ms, max = 0.05ms, min = 0.01ms, total = 0.06ms
Execution time:  mean = 0.25ms, total = 0.99ms
Event stats:
	ray::rpc::TaskInfoGcsService.grpc_client.AddTaskEventData.OnReplyReceived - 1 total (0 active), Execution time: mean = 0.02ms, total = 0.02ms, Queueing time: mean = 0.01ms, max = 0.01ms, min = 0.01ms, total = 0.01ms
	ray::rpc::TaskInfoGcsService.grpc_client.AddTaskEventData - 1 total (0 active), Execution time: mean = 0.66ms, total = 0.66ms, Queueing time: mean = 0.00ms, max = -0.00ms, min = 9223372036854.78ms, total = 0.00ms
	CoreWorker.deadline_timer.flush_task_events - 1 total (1 active), Execution time: mean = 0.00ms, total = 0.00ms, Queueing time: mean = 0.00ms, max = -0.00ms, min = 9223372036854.78ms, total = 0.00ms
	PeriodicalRunner.RunFnPeriodically - 1 total (0 active), Execution time: mean = 0.30ms, total = 0.30ms, Queueing time: mean = 0.05ms, max = 0.05ms, min = 0.05ms, total = 0.05ms
Other Stats:
	gcs_grpc_in_progress:0
	event_aggregator_grpc_in_progress:0
	current number of task status events in buffer: 0
	current number of profile events in buffer: 0
	current number of dropped task attempts tracked: 0
	total task events sent: 0 MiB
	total number of task attempts sent: 0
	total number of task attempts dropped reported: 0
	total number of sent failure: 0
	num status task events dropped: 0
	num profile task events dropped: 0
	num ray task events reported to aggregator: 0
	num ray task events failed to report to aggregator: 0
	num of task attempts dropped reported to aggregator: 0
	num of failed requests to aggregator: 0

[2026-02-14 15:01:03,843 I 2903314 2904003] accessor.cc:433: Received address and liveness notification for node, IsAlive = 1 node_id=4d58b0e38d3d5cb16afea62869121f99aea73ec70d310df5e91e5a96
[2026-02-14 15:01:03,843 I 2903314 2904003] normal_task_submitter.cc:840: Number of alive nodes:1
[2026-02-14 15:01:05,846 I 2903314 2904003] metrics_agent_client.cc:59: Exporter initialized.
[2026-02-14 15:02:03,842 I 2903314 2904003] core_worker.cc:455: Event stats:


Global stats: 890 total (8 active)
Queueing time: mean = 2.30ms, max = 1000.04ms, min = 0.01ms, total = 2046.73ms
Execution time:  mean = 0.09ms, total = 83.11ms
Event stats:
	CoreWorker.RecoverObjects - 600 total (1 active), Execution time: mean = 0.01ms, total = 5.51ms, Queueing time: mean = 0.06ms, max = 0.12ms, min = 0.01ms, total = 34.16ms
	NodeManagerService.grpc_client.ReportWorkerBacklog.OnReplyReceived - 60 total (0 active), Execution time: mean = 0.03ms, total = 1.64ms, Queueing time: mean = 0.04ms, max = 0.08ms, min = 0.01ms, total = 2.55ms
	CoreWorker.ExitIfParentRayletDies - 60 total (1 active), Execution time: mean = 0.01ms, total = 0.64ms, Queueing time: mean = 0.04ms, max = 0.10ms, min = 0.02ms, total = 2.64ms
	CoreWorker.InternalHeartbeat - 60 total (1 active), Execution time: mean = 0.18ms, total = 10.94ms, Queueing time: mean = 0.05ms, max = 0.08ms, min = 0.01ms, total = 2.73ms
	NodeManagerService.grpc_client.ReportWorkerBacklog - 60 total (0 active), Execution time: mean = 0.91ms, total = 54.49ms, Queueing time: mean = 0.00ms, max = -0.00ms, min = 9223372036854.78ms, total = 0.00ms
	CoreWorker.RecordMetrics - 12 total (1 active), Execution time: mean = 0.06ms, total = 0.68ms, Queueing time: mean = 0.04ms, max = 0.07ms, min = 0.01ms, total = 0.42ms
	PeriodicalRunner.RunFnPeriodically - 7 total (0 active), Execution time: mean = 0.11ms, total = 0.77ms, Queueing time: mean = 0.37ms, max = 0.82ms, min = 0.02ms, total = 2.56ms
	CoreWorker.TryDelPendingObjectRefStreams - 6 total (1 active), Execution time: mean = 0.01ms, total = 0.03ms, Queueing time: mean = 0.05ms, max = 0.08ms, min = 0.03ms, total = 0.28ms
	CoreWorkerService.grpc_server.GetCoreWorkerStats.HandleRequestImpl - 4 total (0 active), Execution time: mean = 0.12ms, total = 0.48ms, Queueing time: mean = 0.03ms, max = 0.04ms, min = 0.02ms, total = 0.13ms
	CoreWorkerService.grpc_server.GetCoreWorkerStats - 4 total (0 active), Execution time: mean = 0.31ms, total = 1.24ms, Queueing time: mean = 0.00ms, max = -0.00ms, min = 9223372036854.78ms, total = 0.00ms
	ReporterService.grpc_client.HealthCheck.OnReplyReceived - 3 total (0 active), Execution time: mean = 0.15ms, total = 0.45ms, Queueing time: mean = 0.03ms, max = 0.03ms, min = 0.01ms, total = 0.08ms
	ReporterService.grpc_client.HealthCheck - 3 total (0 active), Execution time: mean = 1.12ms, total = 3.37ms, Queueing time: mean = 0.00ms, max = -0.00ms, min = 9223372036854.78ms, total = 0.00ms
	MetricsAgentClient.WaitForServerReadyWithRetry - 2 total (0 active), Execution time: mean = 0.18ms, total = 0.36ms, Queueing time: mean = 1000.03ms, max = 1000.04ms, min = 1000.01ms, total = 2000.05ms
	ray::rpc::NodeInfoGcsService.grpc_client.GetAllNodeAddressAndLiveness - 1 total (0 active), Execution time: mean = 0.92ms, total = 0.92ms, Queueing time: mean = 0.00ms, max = -0.00ms, min = 9223372036854.78ms, total = 0.00ms
	ray::rpc::InternalPubSubGcsService.grpc_client.GcsSubscriberCommandBatch - 1 total (0 active), Execution time: mean = 0.77ms, total = 0.77ms, Queueing time: mean = 0.00ms, max = -0.00ms, min = 9223372036854.78ms, total = 0.00ms
	ray::rpc::WorkerInfoGcsService.grpc_client.AddWorkerInfo - 1 total (0 active), Execution time: mean = 0.57ms, total = 0.57ms, Queueing time: mean = 0.00ms, max = -0.00ms, min = 9223372036854.78ms, total = 0.00ms
	ray::rpc::NodeInfoGcsService.grpc_client.GetAllNodeAddressAndLiveness.OnReplyReceived - 1 total (0 active), Execution time: mean = 0.06ms, total = 0.06ms, Queueing time: mean = 0.01ms, max = 0.01ms, min = 0.01ms, total = 0.01ms
	ray::rpc::InternalPubSubGcsService.grpc_client.GcsSubscriberPoll - 1 total (1 active), Execution time: mean = 0.00ms, total = 0.00ms, Queueing time: mean = 0.00ms, max = -0.00ms, min = 9223372036854.78ms, total = 0.00ms
	ray::rpc::WorkerInfoGcsService.grpc_client.AddWorkerInfo.OnReplyReceived - 1 total (0 active), Execution time: mean = 0.03ms, total = 0.03ms, Queueing time: mean = 0.74ms, max = 0.74ms, min = 0.74ms, total = 0.74ms
	Publisher.CheckDeadSubscribers - 1 total (1 active), Execution time: mean = 0.00ms, total = 0.00ms, Queueing time: mean = 0.00ms, max = -0.00ms, min = 9223372036854.78ms, total = 0.00ms
	ray::rpc::InternalPubSubGcsService.grpc_client.GcsSubscriberCommandBatch.OnReplyReceived - 1 total (0 active), Execution time: mean = 0.17ms, total = 0.17ms, Queueing time: mean = 0.37ms, max = 0.37ms, min = 0.37ms, total = 0.37ms
	CoreWorker.PrintEventStats - 1 total (1 active, 1 running), Execution time: mean = 0.00ms, total = 0.00ms, Queueing time: mean = 0.00ms, max = -0.00ms, min = 9223372036854.78ms, total = 0.00ms

-----------------
Task execution event stats:

Global stats: 5962 total (1 active)
Queueing time: mean = 0.06ms, max = 0.20ms, min = 0.00ms, total = 335.34ms
Execution time:  mean = 0.01ms, total = 89.04ms
Event stats:
	CoreWorker.CheckSignal - 5961 total (1 active), Execution time: mean = 0.01ms, total = 89.03ms, Queueing time: mean = 0.06ms, max = 0.20ms, min = 0.01ms, total = 335.34ms
	PeriodicalRunner.RunFnPeriodically - 1 total (0 active), Execution time: mean = 0.01ms, total = 0.01ms, Queueing time: mean = 0.00ms, max = 0.00ms, min = 0.00ms, total = 0.00ms

-----------------
Task Event stats:

IO Service Stats:

Global stats: 181 total (1 active)
Queueing time: mean = 0.03ms, max = 0.10ms, min = 0.01ms, total = 5.90ms
Execution time:  mean = 0.33ms, total = 60.31ms
Event stats:
	ray::rpc::TaskInfoGcsService.grpc_client.AddTaskEventData.OnReplyReceived - 60 total (0 active), Execution time: mean = 0.03ms, total = 2.08ms, Queueing time: mean = 0.04ms, max = 0.07ms, min = 0.01ms, total = 2.32ms
	ray::rpc::TaskInfoGcsService.grpc_client.AddTaskEventData - 60 total (0 active), Execution time: mean = 0.74ms, total = 44.63ms, Queueing time: mean = 0.00ms, max = -0.00ms, min = 9223372036854.78ms, total = 0.00ms
	CoreWorker.deadline_timer.flush_task_events - 60 total (1 active), Execution time: mean = 0.22ms, total = 13.29ms, Queueing time: mean = 0.06ms, max = 0.10ms, min = 0.02ms, total = 3.53ms
	PeriodicalRunner.RunFnPeriodically - 1 total (0 active), Execution time: mean = 0.30ms, total = 0.30ms, Queueing time: mean = 0.05ms, max = 0.05ms, min = 0.05ms, total = 0.05ms
Other Stats:
	gcs_grpc_in_progress:0
	event_aggregator_grpc_in_progress:0
	current number of task status events in buffer: 0
	current number of profile events in buffer: 0
	current number of dropped task attempts tracked: 0
	total task events sent: 0 MiB
	total number of task attempts sent: 0
	total number of task attempts dropped reported: 0
	total number of sent failure: 0
	num status task events dropped: 0
	num profile task events dropped: 0
	num ray task events reported to aggregator: 0
	num ray task events failed to report to aggregator: 0
	num of task attempts dropped reported to aggregator: 0
	num of failed requests to aggregator: 0

[2026-02-14 15:03:03,843 I 2903314 2904003] core_worker.cc:455: Event stats:


Global stats: 1757 total (8 active)
Queueing time: mean = 1.19ms, max = 1000.04ms, min = 0.01ms, total = 2089.31ms
Execution time:  mean = 0.09ms, total = 154.70ms
Event stats:
	CoreWorker.RecoverObjects - 1200 total (1 active), Execution time: mean = 0.01ms, total = 11.14ms, Queueing time: mean = 0.06ms, max = 0.23ms, min = 0.01ms, total = 66.84ms
	NodeManagerService.grpc_client.ReportWorkerBacklog.OnReplyReceived - 120 total (0 active), Execution time: mean = 0.03ms, total = 3.25ms, Queueing time: mean = 0.04ms, max = 0.08ms, min = 0.01ms, total = 4.90ms
	CoreWorker.ExitIfParentRayletDies - 120 total (1 active), Execution time: mean = 0.01ms, total = 1.34ms, Queueing time: mean = 0.05ms, max = 0.11ms, min = 0.02ms, total = 5.85ms
	CoreWorker.InternalHeartbeat - 120 total (1 active), Execution time: mean = 0.19ms, total = 22.49ms, Queueing time: mean = 0.05ms, max = 0.09ms, min = 0.01ms, total = 5.86ms
	NodeManagerService.grpc_client.ReportWorkerBacklog - 120 total (0 active), Execution time: mean = 0.86ms, total = 103.71ms, Queueing time: mean = 0.00ms, max = -0.00ms, min = 9223372036854.78ms, total = 0.00ms
	CoreWorker.RecordMetrics - 24 total (1 active), Execution time: mean = 0.06ms, total = 1.46ms, Queueing time: mean = 0.04ms, max = 0.08ms, min = 0.01ms, total = 1.08ms
	CoreWorker.TryDelPendingObjectRefStreams - 12 total (1 active), Execution time: mean = 0.01ms, total = 0.06ms, Queueing time: mean = 0.06ms, max = 0.11ms, min = 0.02ms, total = 0.70ms
	CoreWorkerService.grpc_server.GetCoreWorkerStats.HandleRequestImpl - 8 total (0 active), Execution time: mean = 0.10ms, total = 0.78ms, Queueing time: mean = 0.03ms, max = 0.04ms, min = 0.02ms, total = 0.22ms
	CoreWorkerService.grpc_server.GetCoreWorkerStats - 8 total (0 active), Execution time: mean = 0.30ms, total = 2.36ms, Queueing time: mean = 0.00ms, max = -0.00ms, min = 9223372036854.78ms, total = 0.00ms
	PeriodicalRunner.RunFnPeriodically - 7 total (0 active), Execution time: mean = 0.11ms, total = 0.77ms, Queueing time: mean = 0.37ms, max = 0.82ms, min = 0.02ms, total = 2.56ms
	ReporterService.grpc_client.HealthCheck.OnReplyReceived - 3 total (0 active), Execution time: mean = 0.15ms, total = 0.45ms, Queueing time: mean = 0.03ms, max = 0.03ms, min = 0.01ms, total = 0.08ms
	ReporterService.grpc_client.HealthCheck - 3 total (0 active), Execution time: mean = 1.12ms, total = 3.37ms, Queueing time: mean = 0.00ms, max = -0.00ms, min = 9223372036854.78ms, total = 0.00ms
	CoreWorker.PrintEventStats - 2 total (1 active, 1 running), Execution time: mean = 0.32ms, total = 0.65ms, Queueing time: mean = 0.02ms, max = 0.03ms, min = 0.03ms, total = 0.03ms
	MetricsAgentClient.WaitForServerReadyWithRetry - 2 total (0 active), Execution time: mean = 0.18ms, total = 0.36ms, Queueing time: mean = 1000.03ms, max = 1000.04ms, min = 1000.01ms, total = 2000.05ms
	ray::rpc::NodeInfoGcsService.grpc_client.GetAllNodeAddressAndLiveness - 1 total (0 active), Execution time: mean = 0.92ms, total = 0.92ms, Queueing time: mean = 0.00ms, max = -0.00ms, min = 9223372036854.78ms, total = 0.00ms
	ray::rpc::NodeInfoGcsService.grpc_client.GetAllNodeAddressAndLiveness.OnReplyReceived - 1 total (0 active), Execution time: mean = 0.06ms, total = 0.06ms, Queueing time: mean = 0.01ms, max = 0.01ms, min = 0.01ms, total = 0.01ms
	ray::rpc::InternalPubSubGcsService.grpc_client.GcsSubscriberPoll - 1 total (1 active), Execution time: mean = 0.00ms, total = 0.00ms, Queueing time: mean = 0.00ms, max = -0.00ms, min = 9223372036854.78ms, total = 0.00ms
	ray::rpc::WorkerInfoGcsService.grpc_client.AddWorkerInfo - 1 total (0 active), Execution time: mean = 0.57ms, total = 0.57ms, Queueing time: mean = 0.00ms, max = -0.00ms, min = 9223372036854.78ms, total = 0.00ms
	ray::rpc::InternalPubSubGcsService.grpc_client.GcsSubscriberCommandBatch - 1 total (0 active), Execution time: mean = 0.77ms, total = 0.77ms, Queueing time: mean = 0.00ms, max = -0.00ms, min = 9223372036854.78ms, total = 0.00ms
	ray::rpc::WorkerInfoGcsService.grpc_client.AddWorkerInfo.OnReplyReceived - 1 total (0 active), Execution time: mean = 0.03ms, total = 0.03ms, Queueing time: mean = 0.74ms, max = 0.74ms, min = 0.74ms, total = 0.74ms
	Publisher.CheckDeadSubscribers - 1 total (1 active), Execution time: mean = 0.00ms, total = 0.00ms, Queueing time: mean = 0.00ms, max = -0.00ms, min = 9223372036854.78ms, total = 0.00ms
	ray::rpc::InternalPubSubGcsService.grpc_client.GcsSubscriberCommandBatch.OnReplyReceived - 1 total (0 active), Execution time: mean = 0.17ms, total = 0.17ms, Queueing time: mean = 0.37ms, max = 0.37ms, min = 0.37ms, total = 0.37ms

-----------------
Task execution event stats:

Global stats: 11924 total (1 active)
Queueing time: mean = 0.05ms, max = 0.20ms, min = -0.00ms, total = 653.27ms
Execution time:  mean = 0.02ms, total = 183.65ms
Event stats:
	CoreWorker.CheckSignal - 11923 total (1 active), Execution time: mean = 0.02ms, total = 183.64ms, Queueing time: mean = 0.05ms, max = 0.20ms, min = -0.00ms, total = 653.26ms
	PeriodicalRunner.RunFnPeriodically - 1 total (0 active), Execution time: mean = 0.01ms, total = 0.01ms, Queueing time: mean = 0.00ms, max = 0.00ms, min = 0.00ms, total = 0.00ms

-----------------
Task Event stats:

IO Service Stats:

Global stats: 361 total (1 active)
Queueing time: mean = 0.03ms, max = 0.10ms, min = 0.01ms, total = 11.91ms
Execution time:  mean = 0.33ms, total = 120.75ms
Event stats:
	ray::rpc::TaskInfoGcsService.grpc_client.AddTaskEventData.OnReplyReceived - 120 total (0 active), Execution time: mean = 0.03ms, total = 4.08ms, Queueing time: mean = 0.04ms, max = 0.09ms, min = 0.01ms, total = 4.94ms
	ray::rpc::TaskInfoGcsService.grpc_client.AddTaskEventData - 120 total (0 active), Execution time: mean = 0.75ms, total = 89.43ms, Queueing time: mean = 0.00ms, max = -0.00ms, min = 9223372036854.78ms, total = 0.00ms
	CoreWorker.deadline_timer.flush_task_events - 120 total (1 active), Execution time: mean = 0.22ms, total = 26.94ms, Queueing time: mean = 0.06ms, max = 0.10ms, min = 0.02ms, total = 6.92ms
	PeriodicalRunner.RunFnPeriodically - 1 total (0 active), Execution time: mean = 0.30ms, total = 0.30ms, Queueing time: mean = 0.05ms, max = 0.05ms, min = 0.05ms, total = 0.05ms
Other Stats:
	gcs_grpc_in_progress:0
	event_aggregator_grpc_in_progress:0
	current number of task status events in buffer: 0
	current number of profile events in buffer: 0
	current number of dropped task attempts tracked: 0
	total task events sent: 0 MiB
	total number of task attempts sent: 0
	total number of task attempts dropped reported: 0
	total number of sent failure: 0
	num status task events dropped: 0
	num profile task events dropped: 0
	num ray task events reported to aggregator: 0
	num ray task events failed to report to aggregator: 0
	num of task attempts dropped reported to aggregator: 0
	num of failed requests to aggregator: 0

[2026-02-14 15:04:03,844 I 2903314 2904003] core_worker.cc:455: Event stats:


Global stats: 2623 total (8 active)
Queueing time: mean = 0.81ms, max = 1000.04ms, min = 0.01ms, total = 2132.10ms
Execution time:  mean = 0.09ms, total = 226.07ms
Event stats:
	CoreWorker.RecoverObjects - 1799 total (1 active), Execution time: mean = 0.01ms, total = 16.28ms, Queueing time: mean = 0.06ms, max = 0.23ms, min = 0.01ms, total = 99.48ms
	NodeManagerService.grpc_client.ReportWorkerBacklog.OnReplyReceived - 180 total (0 active), Execution time: mean = 0.03ms, total = 4.96ms, Queueing time: mean = 0.04ms, max = 0.08ms, min = 0.01ms, total = 7.63ms
	CoreWorker.ExitIfParentRayletDies - 180 total (1 active), Execution time: mean = 0.01ms, total = 1.96ms, Queueing time: mean = 0.05ms, max = 0.11ms, min = 0.02ms, total = 9.05ms
	NodeManagerService.grpc_client.ReportWorkerBacklog - 180 total (0 active), Execution time: mean = 0.85ms, total = 153.63ms, Queueing time: mean = 0.00ms, max = -0.00ms, min = 9223372036854.78ms, total = 0.00ms
	CoreWorker.InternalHeartbeat - 180 total (1 active), Execution time: mean = 0.19ms, total = 33.45ms, Queueing time: mean = 0.05ms, max = 0.09ms, min = 0.01ms, total = 8.70ms
	CoreWorker.RecordMetrics - 36 total (1 active), Execution time: mean = 0.06ms, total = 2.14ms, Queueing time: mean = 0.04ms, max = 0.08ms, min = 0.01ms, total = 1.60ms
	CoreWorker.TryDelPendingObjectRefStreams - 18 total (1 active), Execution time: mean = 0.00ms, total = 0.09ms, Queueing time: mean = 0.08ms, max = 0.49ms, min = 0.02ms, total = 1.41ms
	CoreWorkerService.grpc_server.GetCoreWorkerStats.HandleRequestImpl - 12 total (0 active), Execution time: mean = 0.09ms, total = 1.05ms, Queueing time: mean = 0.03ms, max = 0.06ms, min = 0.02ms, total = 0.35ms
	CoreWorkerService.grpc_server.GetCoreWorkerStats - 12 total (0 active), Execution time: mean = 0.29ms, total = 3.43ms, Queueing time: mean = 0.00ms, max = -0.00ms, min = 9223372036854.78ms, total = 0.00ms
	PeriodicalRunner.RunFnPeriodically - 7 total (0 active), Execution time: mean = 0.11ms, total = 0.77ms, Queueing time: mean = 0.37ms, max = 0.82ms, min = 0.02ms, total = 2.56ms
	CoreWorker.PrintEventStats - 3 total (1 active, 1 running), Execution time: mean = 0.54ms, total = 1.62ms, Queueing time: mean = 0.02ms, max = 0.03ms, min = 0.03ms, total = 0.06ms
	ReporterService.grpc_client.HealthCheck.OnReplyReceived - 3 total (0 active), Execution time: mean = 0.15ms, total = 0.45ms, Queueing time: mean = 0.03ms, max = 0.03ms, min = 0.01ms, total = 0.08ms
	ReporterService.grpc_client.HealthCheck - 3 total (0 active), Execution time: mean = 1.12ms, total = 3.37ms, Queueing time: mean = 0.00ms, max = -0.00ms, min = 9223372036854.78ms, total = 0.00ms
	MetricsAgentClient.WaitForServerReadyWithRetry - 2 total (0 active), Execution time: mean = 0.18ms, total = 0.36ms, Queueing time: mean = 1000.03ms, max = 1000.04ms, min = 1000.01ms, total = 2000.05ms
	ray::rpc::NodeInfoGcsService.grpc_client.GetAllNodeAddressAndLiveness - 1 total (0 active), Execution time: mean = 0.92ms, total = 0.92ms, Queueing time: mean = 0.00ms, max = -0.00ms, min = 9223372036854.78ms, total = 0.00ms
	ray::rpc::InternalPubSubGcsService.grpc_client.GcsSubscriberPoll - 1 total (1 active), Execution time: mean = 0.00ms, total = 0.00ms, Queueing time: mean = 0.00ms, max = -0.00ms, min = 9223372036854.78ms, total = 0.00ms
	ray::rpc::NodeInfoGcsService.grpc_client.GetAllNodeAddressAndLiveness.OnReplyReceived - 1 total (0 active), Execution time: mean = 0.06ms, total = 0.06ms, Queueing time: mean = 0.01ms, max = 0.01ms, min = 0.01ms, total = 0.01ms
	ray::rpc::WorkerInfoGcsService.grpc_client.AddWorkerInfo.OnReplyReceived - 1 total (0 active), Execution time: mean = 0.03ms, total = 0.03ms, Queueing time: mean = 0.74ms, max = 0.74ms, min = 0.74ms, total = 0.74ms
	ray::rpc::WorkerInfoGcsService.grpc_client.AddWorkerInfo - 1 total (0 active), Execution time: mean = 0.57ms, total = 0.57ms, Queueing time: mean = 0.00ms, max = -0.00ms, min = 9223372036854.78ms, total = 0.00ms
	ray::rpc::InternalPubSubGcsService.grpc_client.GcsSubscriberCommandBatch - 1 total (0 active), Execution time: mean = 0.77ms, total = 0.77ms, Queueing time: mean = 0.00ms, max = -0.00ms, min = 9223372036854.78ms, total = 0.00ms
	Publisher.CheckDeadSubscribers - 1 total (1 active), Execution time: mean = 0.00ms, total = 0.00ms, Queueing time: mean = 0.00ms, max = -0.00ms, min = 9223372036854.78ms, total = 0.00ms
	ray::rpc::InternalPubSubGcsService.grpc_client.GcsSubscriberCommandBatch.OnReplyReceived - 1 total (0 active), Execution time: mean = 0.17ms, total = 0.17ms, Queueing time: mean = 0.37ms, max = 0.37ms, min = 0.37ms, total = 0.37ms

-----------------
Task execution event stats:

Global stats: 17885 total (1 active)
Queueing time: mean = 0.06ms, max = 0.20ms, min = -0.00ms, total = 992.89ms
Execution time:  mean = 0.01ms, total = 268.27ms
Event stats:
	CoreWorker.CheckSignal - 17884 total (1 active), Execution time: mean = 0.01ms, total = 268.25ms, Queueing time: mean = 0.06ms, max = 0.20ms, min = -0.00ms, total = 992.88ms
	PeriodicalRunner.RunFnPeriodically - 1 total (0 active), Execution time: mean = 0.01ms, total = 0.01ms, Queueing time: mean = 0.00ms, max = 0.00ms, min = 0.00ms, total = 0.00ms

-----------------
Task Event stats:

IO Service Stats:

Global stats: 541 total (1 active)
Queueing time: mean = 0.03ms, max = 0.10ms, min = 0.01ms, total = 18.01ms
Execution time:  mean = 0.33ms, total = 180.31ms
Event stats:
	ray::rpc::TaskInfoGcsService.grpc_client.AddTaskEventData.OnReplyReceived - 180 total (0 active), Execution time: mean = 0.03ms, total = 6.14ms, Queueing time: mean = 0.04ms, max = 0.09ms, min = 0.01ms, total = 7.50ms
	ray::rpc::TaskInfoGcsService.grpc_client.AddTaskEventData - 180 total (0 active), Execution time: mean = 0.74ms, total = 133.78ms, Queueing time: mean = 0.00ms, max = -0.00ms, min = 9223372036854.78ms, total = 0.00ms
	CoreWorker.deadline_timer.flush_task_events - 180 total (1 active), Execution time: mean = 0.22ms, total = 40.09ms, Queueing time: mean = 0.06ms, max = 0.10ms, min = 0.02ms, total = 10.46ms
	PeriodicalRunner.RunFnPeriodically - 1 total (0 active), Execution time: mean = 0.30ms, total = 0.30ms, Queueing time: mean = 0.05ms, max = 0.05ms, min = 0.05ms, total = 0.05ms
Other Stats:
	gcs_grpc_in_progress:0
	event_aggregator_grpc_in_progress:0
	current number of task status events in buffer: 0
	current number of profile events in buffer: 0
	current number of dropped task attempts tracked: 0
	total task events sent: 0 MiB
	total number of task attempts sent: 0
	total number of task attempts dropped reported: 0
	total number of sent failure: 0
	num status task events dropped: 0
	num profile task events dropped: 0
	num ray task events reported to aggregator: 0
	num ray task events failed to report to aggregator: 0
	num of task attempts dropped reported to aggregator: 0
	num of failed requests to aggregator: 0

[2026-02-14 15:05:03,845 I 2903314 2904003] core_worker.cc:455: Event stats:


Global stats: 3490 total (8 active)
Queueing time: mean = 0.62ms, max = 1000.04ms, min = 0.01ms, total = 2177.36ms
Execution time:  mean = 0.09ms, total = 297.10ms
Event stats:
	CoreWorker.RecoverObjects - 2399 total (1 active), Execution time: mean = 0.01ms, total = 21.31ms, Queueing time: mean = 0.06ms, max = 0.23ms, min = 0.01ms, total = 133.69ms
	NodeManagerService.grpc_client.ReportWorkerBacklog.OnReplyReceived - 240 total (0 active), Execution time: mean = 0.03ms, total = 6.67ms, Queueing time: mean = 0.04ms, max = 0.08ms, min = 0.01ms, total = 10.53ms
	CoreWorker.ExitIfParentRayletDies - 240 total (1 active), Execution time: mean = 0.01ms, total = 2.60ms, Queueing time: mean = 0.05ms, max = 0.11ms, min = 0.02ms, total = 12.31ms
	NodeManagerService.grpc_client.ReportWorkerBacklog - 240 total (0 active), Execution time: mean = 0.85ms, total = 203.01ms, Queueing time: mean = 0.00ms, max = -0.00ms, min = 9223372036854.78ms, total = 0.00ms
	CoreWorker.InternalHeartbeat - 240 total (1 active), Execution time: mean = 0.19ms, total = 44.77ms, Queueing time: mean = 0.05ms, max = 0.09ms, min = 0.01ms, total = 11.92ms
	CoreWorker.RecordMetrics - 48 total (1 active), Execution time: mean = 0.06ms, total = 2.98ms, Queueing time: mean = 0.05ms, max = 0.09ms, min = 0.01ms, total = 2.33ms
	CoreWorker.TryDelPendingObjectRefStreams - 24 total (1 active), Execution time: mean = 0.00ms, total = 0.12ms, Queueing time: mean = 0.09ms, max = 0.49ms, min = 0.02ms, total = 2.16ms
	CoreWorkerService.grpc_server.GetCoreWorkerStats.HandleRequestImpl - 16 total (0 active), Execution time: mean = 0.08ms, total = 1.35ms, Queueing time: mean = 0.03ms, max = 0.07ms, min = 0.02ms, total = 0.52ms
	CoreWorkerService.grpc_server.GetCoreWorkerStats - 16 total (0 active), Execution time: mean = 0.29ms, total = 4.59ms, Queueing time: mean = 0.00ms, max = -0.00ms, min = 9223372036854.78ms, total = 0.00ms
	PeriodicalRunner.RunFnPeriodically - 7 total (0 active), Execution time: mean = 0.11ms, total = 0.77ms, Queueing time: mean = 0.37ms, max = 0.82ms, min = 0.02ms, total = 2.56ms
	CoreWorker.PrintEventStats - 4 total (1 active, 1 running), Execution time: mean = 0.56ms, total = 2.25ms, Queueing time: mean = 0.02ms, max = 0.03ms, min = 0.03ms, total = 0.09ms
	ReporterService.grpc_client.HealthCheck - 3 total (0 active), Execution time: mean = 1.12ms, total = 3.37ms, Queueing time: mean = 0.00ms, max = -0.00ms, min = 9223372036854.78ms, total = 0.00ms
	ReporterService.grpc_client.HealthCheck.OnReplyReceived - 3 total (0 active), Execution time: mean = 0.15ms, total = 0.45ms, Queueing time: mean = 0.03ms, max = 0.03ms, min = 0.01ms, total = 0.08ms
	MetricsAgentClient.WaitForServerReadyWithRetry - 2 total (0 active), Execution time: mean = 0.18ms, total = 0.36ms, Queueing time: mean = 1000.03ms, max = 1000.04ms, min = 1000.01ms, total = 2000.05ms
	ray::rpc::NodeInfoGcsService.grpc_client.GetAllNodeAddressAndLiveness - 1 total (0 active), Execution time: mean = 0.92ms, total = 0.92ms, Queueing time: mean = 0.00ms, max = -0.00ms, min = 9223372036854.78ms, total = 0.00ms
	ray::rpc::InternalPubSubGcsService.grpc_client.GcsSubscriberPoll - 1 total (1 active), Execution time: mean = 0.00ms, total = 0.00ms, Queueing time: mean = 0.00ms, max = -0.00ms, min = 9223372036854.78ms, total = 0.00ms
	ray::rpc::WorkerInfoGcsService.grpc_client.AddWorkerInfo.OnReplyReceived - 1 total (0 active), Execution time: mean = 0.03ms, total = 0.03ms, Queueing time: mean = 0.74ms, max = 0.74ms, min = 0.74ms, total = 0.74ms
	ray::rpc::NodeInfoGcsService.grpc_client.GetAllNodeAddressAndLiveness.OnReplyReceived - 1 total (0 active), Execution time: mean = 0.06ms, total = 0.06ms, Queueing time: mean = 0.01ms, max = 0.01ms, min = 0.01ms, total = 0.01ms
	ray::rpc::WorkerInfoGcsService.grpc_client.AddWorkerInfo - 1 total (0 active), Execution time: mean = 0.57ms, total = 0.57ms, Queueing time: mean = 0.00ms, max = -0.00ms, min = 9223372036854.78ms, total = 0.00ms
	ray::rpc::InternalPubSubGcsService.grpc_client.GcsSubscriberCommandBatch - 1 total (0 active), Execution time: mean = 0.77ms, total = 0.77ms, Queueing time: mean = 0.00ms, max = -0.00ms, min = 9223372036854.78ms, total = 0.00ms
	Publisher.CheckDeadSubscribers - 1 total (1 active), Execution time: mean = 0.00ms, total = 0.00ms, Queueing time: mean = 0.00ms, max = -0.00ms, min = 9223372036854.78ms, total = 0.00ms
	ray::rpc::InternalPubSubGcsService.grpc_client.GcsSubscriberCommandBatch.OnReplyReceived - 1 total (0 active), Execution time: mean = 0.17ms, total = 0.17ms, Queueing time: mean = 0.37ms, max = 0.37ms, min = 0.37ms, total = 0.37ms

-----------------
Task execution event stats:

Global stats: 23848 total (1 active)
Queueing time: mean = 0.06ms, max = 0.56ms, min = -0.00ms, total = 1313.42ms
Execution time:  mean = 0.01ms, total = 354.09ms
Event stats:
	CoreWorker.CheckSignal - 23847 total (1 active), Execution time: mean = 0.01ms, total = 354.08ms, Queueing time: mean = 0.06ms, max = 0.56ms, min = -0.00ms, total = 1313.41ms
	PeriodicalRunner.RunFnPeriodically - 1 total (0 active), Execution time: mean = 0.01ms, total = 0.01ms, Queueing time: mean = 0.00ms, max = 0.00ms, min = 0.00ms, total = 0.00ms

-----------------
Task Event stats:

IO Service Stats:

Global stats: 721 total (1 active)
Queueing time: mean = 0.03ms, max = 0.10ms, min = 0.01ms, total = 24.09ms
Execution time:  mean = 0.34ms, total = 242.89ms
Event stats:
	ray::rpc::TaskInfoGcsService.grpc_client.AddTaskEventData.OnReplyReceived - 240 total (0 active), Execution time: mean = 0.03ms, total = 8.23ms, Queueing time: mean = 0.04ms, max = 0.09ms, min = 0.01ms, total = 10.03ms
	ray::rpc::TaskInfoGcsService.grpc_client.AddTaskEventData - 240 total (0 active), Execution time: mean = 0.76ms, total = 181.32ms, Queueing time: mean = 0.00ms, max = -0.00ms, min = 9223372036854.78ms, total = 0.00ms
	CoreWorker.deadline_timer.flush_task_events - 240 total (1 active), Execution time: mean = 0.22ms, total = 53.03ms, Queueing time: mean = 0.06ms, max = 0.10ms, min = 0.02ms, total = 14.01ms
	PeriodicalRunner.RunFnPeriodically - 1 total (0 active), Execution time: mean = 0.30ms, total = 0.30ms, Queueing time: mean = 0.05ms, max = 0.05ms, min = 0.05ms, total = 0.05ms
Other Stats:
	gcs_grpc_in_progress:0
	event_aggregator_grpc_in_progress:0
	current number of task status events in buffer: 0
	current number of profile events in buffer: 0
	current number of dropped task attempts tracked: 0
	total task events sent: 0 MiB
	total number of task attempts sent: 0
	total number of task attempts dropped reported: 0
	total number of sent failure: 0
	num status task events dropped: 0
	num profile task events dropped: 0
	num ray task events reported to aggregator: 0
	num ray task events failed to report to aggregator: 0
	num of task attempts dropped reported to aggregator: 0
	num of failed requests to aggregator: 0

[2026-02-14 15:06:03,846 I 2903314 2904003] core_worker.cc:455: Event stats:


Global stats: 4358 total (8 active)
Queueing time: mean = 0.51ms, max = 1000.04ms, min = 0.01ms, total = 2219.87ms
Execution time:  mean = 0.08ms, total = 366.38ms
Event stats:
	CoreWorker.RecoverObjects - 2999 total (1 active), Execution time: mean = 0.01ms, total = 26.30ms, Queueing time: mean = 0.06ms, max = 0.23ms, min = 0.01ms, total = 166.07ms
	NodeManagerService.grpc_client.ReportWorkerBacklog.OnReplyReceived - 300 total (0 active), Execution time: mean = 0.03ms, total = 8.31ms, Queueing time: mean = 0.04ms, max = 0.08ms, min = 0.01ms, total = 13.08ms
	CoreWorker.ExitIfParentRayletDies - 300 total (1 active), Execution time: mean = 0.01ms, total = 3.24ms, Queueing time: mean = 0.05ms, max = 0.11ms, min = 0.02ms, total = 15.56ms
	NodeManagerService.grpc_client.ReportWorkerBacklog - 300 total (0 active), Execution time: mean = 0.84ms, total = 250.70ms, Queueing time: mean = 0.00ms, max = -0.00ms, min = 9223372036854.78ms, total = 0.00ms
	CoreWorker.InternalHeartbeat - 300 total (1 active), Execution time: mean = 0.19ms, total = 56.23ms, Queueing time: mean = 0.05ms, max = 0.10ms, min = 0.01ms, total = 14.59ms
	CoreWorker.RecordMetrics - 60 total (1 active), Execution time: mean = 0.06ms, total = 3.67ms, Queueing time: mean = 0.05ms, max = 0.09ms, min = 0.01ms, total = 2.98ms
	CoreWorker.TryDelPendingObjectRefStreams - 30 total (1 active), Execution time: mean = 0.00ms, total = 0.15ms, Queueing time: mean = 0.10ms, max = 0.49ms, min = 0.02ms, total = 2.94ms
	CoreWorkerService.grpc_server.GetCoreWorkerStats.HandleRequestImpl - 20 total (0 active), Execution time: mean = 0.08ms, total = 1.65ms, Queueing time: mean = 0.03ms, max = 0.07ms, min = 0.02ms, total = 0.64ms
	CoreWorkerService.grpc_server.GetCoreWorkerStats - 20 total (0 active), Execution time: mean = 0.29ms, total = 5.73ms, Queueing time: mean = 0.00ms, max = -0.00ms, min = 9223372036854.78ms, total = 0.00ms
	PeriodicalRunner.RunFnPeriodically - 7 total (0 active), Execution time: mean = 0.11ms, total = 0.77ms, Queueing time: mean = 0.37ms, max = 0.82ms, min = 0.02ms, total = 2.56ms
	CoreWorker.PrintEventStats - 5 total (1 active, 1 running), Execution time: mean = 0.59ms, total = 2.94ms, Queueing time: mean = 0.03ms, max = 0.06ms, min = 0.03ms, total = 0.16ms
	ReporterService.grpc_client.HealthCheck - 3 total (0 active), Execution time: mean = 1.12ms, total = 3.37ms, Queueing time: mean = 0.00ms, max = -0.00ms, min = 9223372036854.78ms, total = 0.00ms
	ReporterService.grpc_client.HealthCheck.OnReplyReceived - 3 total (0 active), Execution time: mean = 0.15ms, total = 0.45ms, Queueing time: mean = 0.03ms, max = 0.03ms, min = 0.01ms, total = 0.08ms
	Publisher.CheckDeadSubscribers - 2 total (1 active), Execution time: mean = 0.00ms, total = 0.01ms, Queueing time: mean = 0.01ms, max = 0.03ms, min = 0.03ms, total = 0.03ms
	MetricsAgentClient.WaitForServerReadyWithRetry - 2 total (0 active), Execution time: mean = 0.18ms, total = 0.36ms, Queueing time: mean = 1000.03ms, max = 1000.04ms, min = 1000.01ms, total = 2000.05ms
	ray::rpc::NodeInfoGcsService.grpc_client.GetAllNodeAddressAndLiveness - 1 total (0 active), Execution time: mean = 0.92ms, total = 0.92ms, Queueing time: mean = 0.00ms, max = -0.00ms, min = 9223372036854.78ms, total = 0.00ms
	ray::rpc::InternalPubSubGcsService.grpc_client.GcsSubscriberPoll - 1 total (1 active), Execution time: mean = 0.00ms, total = 0.00ms, Queueing time: mean = 0.00ms, max = -0.00ms, min = 9223372036854.78ms, total = 0.00ms
	ray::rpc::WorkerInfoGcsService.grpc_client.AddWorkerInfo.OnReplyReceived - 1 total (0 active), Execution time: mean = 0.03ms, total = 0.03ms, Queueing time: mean = 0.74ms, max = 0.74ms, min = 0.74ms, total = 0.74ms
	ray::rpc::NodeInfoGcsService.grpc_client.GetAllNodeAddressAndLiveness.OnReplyReceived - 1 total (0 active), Execution time: mean = 0.06ms, total = 0.06ms, Queueing time: mean = 0.01ms, max = 0.01ms, min = 0.01ms, total = 0.01ms
	ray::rpc::WorkerInfoGcsService.grpc_client.AddWorkerInfo - 1 total (0 active), Execution time: mean = 0.57ms, total = 0.57ms, Queueing time: mean = 0.00ms, max = -0.00ms, min = 9223372036854.78ms, total = 0.00ms
	ray::rpc::InternalPubSubGcsService.grpc_client.GcsSubscriberCommandBatch - 1 total (0 active), Execution time: mean = 0.77ms, total = 0.77ms, Queueing time: mean = 0.00ms, max = -0.00ms, min = 9223372036854.78ms, total = 0.00ms
	ray::rpc::InternalPubSubGcsService.grpc_client.GcsSubscriberCommandBatch.OnReplyReceived - 1 total (0 active), Execution time: mean = 0.17ms, total = 0.17ms, Queueing time: mean = 0.37ms, max = 0.37ms, min = 0.37ms, total = 0.37ms

-----------------
Task execution event stats:

Global stats: 29810 total (1 active)
Queueing time: mean = 0.05ms, max = 0.56ms, min = -0.00ms, total = 1635.96ms
Execution time:  mean = 0.01ms, total = 442.86ms
Event stats:
	CoreWorker.CheckSignal - 29809 total (1 active), Execution time: mean = 0.01ms, total = 442.85ms, Queueing time: mean = 0.05ms, max = 0.56ms, min = -0.00ms, total = 1635.96ms
	PeriodicalRunner.RunFnPeriodically - 1 total (0 active), Execution time: mean = 0.01ms, total = 0.01ms, Queueing time: mean = 0.00ms, max = 0.00ms, min = 0.00ms, total = 0.00ms

-----------------
Task Event stats:

IO Service Stats:

Global stats: 901 total (1 active)
Queueing time: mean = 0.03ms, max = 0.10ms, min = 0.01ms, total = 29.49ms
Execution time:  mean = 0.34ms, total = 303.86ms
Event stats:
	ray::rpc::TaskInfoGcsService.grpc_client.AddTaskEventData.OnReplyReceived - 300 total (0 active), Execution time: mean = 0.03ms, total = 10.26ms, Queueing time: mean = 0.04ms, max = 0.09ms, min = 0.01ms, total = 12.53ms
	ray::rpc::TaskInfoGcsService.grpc_client.AddTaskEventData - 300 total (0 active), Execution time: mean = 0.76ms, total = 227.93ms, Queueing time: mean = 0.00ms, max = -0.00ms, min = 9223372036854.78ms, total = 0.00ms
	CoreWorker.deadline_timer.flush_task_events - 300 total (1 active), Execution time: mean = 0.22ms, total = 65.37ms, Queueing time: mean = 0.06ms, max = 0.10ms, min = 0.02ms, total = 16.91ms
	PeriodicalRunner.RunFnPeriodically - 1 total (0 active), Execution time: mean = 0.30ms, total = 0.30ms, Queueing time: mean = 0.05ms, max = 0.05ms, min = 0.05ms, total = 0.05ms
Other Stats:
	gcs_grpc_in_progress:0
	event_aggregator_grpc_in_progress:0
	current number of task status events in buffer: 0
	current number of profile events in buffer: 0
	current number of dropped task attempts tracked: 0
	total task events sent: 0 MiB
	total number of task attempts sent: 0
	total number of task attempts dropped reported: 0
	total number of sent failure: 0
	num status task events dropped: 0
	num profile task events dropped: 0
	num ray task events reported to aggregator: 0
	num ray task events failed to report to aggregator: 0
	num of task attempts dropped reported to aggregator: 0
	num of failed requests to aggregator: 0

[2026-02-14 15:07:03,846 I 2903314 2904003] core_worker.cc:455: Event stats:


Global stats: 5224 total (8 active)
Queueing time: mean = 0.43ms, max = 1000.04ms, min = 0.01ms, total = 2261.69ms
Execution time:  mean = 0.08ms, total = 435.61ms
Event stats:
	CoreWorker.RecoverObjects - 3598 total (1 active), Execution time: mean = 0.01ms, total = 31.43ms, Queueing time: mean = 0.06ms, max = 0.23ms, min = 0.01ms, total = 197.92ms
	NodeManagerService.grpc_client.ReportWorkerBacklog.OnReplyReceived - 360 total (0 active), Execution time: mean = 0.03ms, total = 9.95ms, Queueing time: mean = 0.04ms, max = 0.09ms, min = 0.01ms, total = 15.19ms
	CoreWorker.ExitIfParentRayletDies - 360 total (1 active), Execution time: mean = 0.01ms, total = 3.85ms, Queueing time: mean = 0.05ms, max = 0.11ms, min = 0.02ms, total = 18.78ms
	NodeManagerService.grpc_client.ReportWorkerBacklog - 360 total (0 active), Execution time: mean = 0.83ms, total = 298.50ms, Queueing time: mean = 0.00ms, max = -0.00ms, min = 9223372036854.78ms, total = 0.00ms
	CoreWorker.InternalHeartbeat - 360 total (1 active), Execution time: mean = 0.19ms, total = 67.56ms, Queueing time: mean = 0.05ms, max = 0.10ms, min = 0.01ms, total = 17.83ms
	CoreWorker.RecordMetrics - 72 total (1 active), Execution time: mean = 0.06ms, total = 4.33ms, Queueing time: mean = 0.05ms, max = 0.09ms, min = 0.01ms, total = 3.64ms
	CoreWorker.TryDelPendingObjectRefStreams - 36 total (1 active), Execution time: mean = 0.00ms, total = 0.18ms, Queueing time: mean = 0.10ms, max = 0.49ms, min = 0.02ms, total = 3.49ms
	CoreWorkerService.grpc_server.GetCoreWorkerStats.HandleRequestImpl - 24 total (0 active), Execution time: mean = 0.08ms, total = 1.95ms, Queueing time: mean = 0.03ms, max = 0.07ms, min = 0.02ms, total = 0.77ms
	CoreWorkerService.grpc_server.GetCoreWorkerStats - 24 total (0 active), Execution time: mean = 0.28ms, total = 6.81ms, Queueing time: mean = 0.00ms, max = -0.00ms, min = 9223372036854.78ms, total = 0.00ms
	PeriodicalRunner.RunFnPeriodically - 7 total (0 active), Execution time: mean = 0.11ms, total = 0.77ms, Queueing time: mean = 0.37ms, max = 0.82ms, min = 0.02ms, total = 2.56ms
	CoreWorker.PrintEventStats - 6 total (1 active, 1 running), Execution time: mean = 0.60ms, total = 3.59ms, Queueing time: mean = 0.04ms, max = 0.07ms, min = 0.03ms, total = 0.22ms
	ReporterService.grpc_client.HealthCheck - 3 total (0 active), Execution time: mean = 1.12ms, total = 3.37ms, Queueing time: mean = 0.00ms, max = -0.00ms, min = 9223372036854.78ms, total = 0.00ms
	ReporterService.grpc_client.HealthCheck.OnReplyReceived - 3 total (0 active), Execution time: mean = 0.15ms, total = 0.45ms, Queueing time: mean = 0.03ms, max = 0.03ms, min = 0.01ms, total = 0.08ms
	Publisher.CheckDeadSubscribers - 2 total (1 active), Execution time: mean = 0.00ms, total = 0.01ms, Queueing time: mean = 0.01ms, max = 0.03ms, min = 0.03ms, total = 0.03ms
	MetricsAgentClient.WaitForServerReadyWithRetry - 2 total (0 active), Execution time: mean = 0.18ms, total = 0.36ms, Queueing time: mean = 1000.03ms, max = 1000.04ms, min = 1000.01ms, total = 2000.05ms
	ray::rpc::NodeInfoGcsService.grpc_client.GetAllNodeAddressAndLiveness - 1 total (0 active), Execution time: mean = 0.92ms, total = 0.92ms, Queueing time: mean = 0.00ms, max = -0.00ms, min = 9223372036854.78ms, total = 0.00ms
	ray::rpc::InternalPubSubGcsService.grpc_client.GcsSubscriberPoll - 1 total (1 active), Execution time: mean = 0.00ms, total = 0.00ms, Queueing time: mean = 0.00ms, max = -0.00ms, min = 9223372036854.78ms, total = 0.00ms
	ray::rpc::WorkerInfoGcsService.grpc_client.AddWorkerInfo.OnReplyReceived - 1 total (0 active), Execution time: mean = 0.03ms, total = 0.03ms, Queueing time: mean = 0.74ms, max = 0.74ms, min = 0.74ms, total = 0.74ms
	ray::rpc::NodeInfoGcsService.grpc_client.GetAllNodeAddressAndLiveness.OnReplyReceived - 1 total (0 active), Execution time: mean = 0.06ms, total = 0.06ms, Queueing time: mean = 0.01ms, max = 0.01ms, min = 0.01ms, total = 0.01ms
	ray::rpc::WorkerInfoGcsService.grpc_client.AddWorkerInfo - 1 total (0 active), Execution time: mean = 0.57ms, total = 0.57ms, Queueing time: mean = 0.00ms, max = -0.00ms, min = 9223372036854.78ms, total = 0.00ms
	ray::rpc::InternalPubSubGcsService.grpc_client.GcsSubscriberCommandBatch - 1 total (0 active), Execution time: mean = 0.77ms, total = 0.77ms, Queueing time: mean = 0.00ms, max = -0.00ms, min = 9223372036854.78ms, total = 0.00ms
	ray::rpc::InternalPubSubGcsService.grpc_client.GcsSubscriberCommandBatch.OnReplyReceived - 1 total (0 active), Execution time: mean = 0.17ms, total = 0.17ms, Queueing time: mean = 0.37ms, max = 0.37ms, min = 0.37ms, total = 0.37ms

-----------------
Task execution event stats:

Global stats: 35773 total (1 active)
Queueing time: mean = 0.05ms, max = 0.56ms, min = -0.00ms, total = 1952.68ms
Execution time:  mean = 0.01ms, total = 530.19ms
Event stats:
	CoreWorker.CheckSignal - 35772 total (1 active), Execution time: mean = 0.01ms, total = 530.18ms, Queueing time: mean = 0.05ms, max = 0.56ms, min = -0.00ms, total = 1952.68ms
	PeriodicalRunner.RunFnPeriodically - 1 total (0 active), Execution time: mean = 0.01ms, total = 0.01ms, Queueing time: mean = 0.00ms, max = 0.00ms, min = 0.00ms, total = 0.00ms

-----------------
Task Event stats:

IO Service Stats:

Global stats: 1081 total (1 active)
Queueing time: mean = 0.03ms, max = 0.12ms, min = 0.01ms, total = 35.53ms
Execution time:  mean = 0.34ms, total = 363.87ms
Event stats:
	ray::rpc::TaskInfoGcsService.grpc_client.AddTaskEventData.OnReplyReceived - 360 total (0 active), Execution time: mean = 0.03ms, total = 12.24ms, Queueing time: mean = 0.04ms, max = 0.09ms, min = 0.01ms, total = 14.90ms
	ray::rpc::TaskInfoGcsService.grpc_client.AddTaskEventData - 360 total (0 active), Execution time: mean = 0.76ms, total = 273.06ms, Queueing time: mean = 0.00ms, max = -0.00ms, min = 9223372036854.78ms, total = 0.00ms
	CoreWorker.deadline_timer.flush_task_events - 360 total (1 active), Execution time: mean = 0.22ms, total = 78.26ms, Queueing time: mean = 0.06ms, max = 0.12ms, min = 0.02ms, total = 20.59ms
	PeriodicalRunner.RunFnPeriodically - 1 total (0 active), Execution time: mean = 0.30ms, total = 0.30ms, Queueing time: mean = 0.05ms, max = 0.05ms, min = 0.05ms, total = 0.05ms
Other Stats:
	gcs_grpc_in_progress:0
	event_aggregator_grpc_in_progress:0
	current number of task status events in buffer: 0
	current number of profile events in buffer: 0
	current number of dropped task attempts tracked: 0
	total task events sent: 0 MiB
	total number of task attempts sent: 0
	total number of task attempts dropped reported: 0
	total number of sent failure: 0
	num status task events dropped: 0
	num profile task events dropped: 0
	num ray task events reported to aggregator: 0
	num ray task events failed to report to aggregator: 0
	num of task attempts dropped reported to aggregator: 0
	num of failed requests to aggregator: 0

[2026-02-14 15:08:03,847 I 2903314 2904003] core_worker.cc:455: Event stats:


Global stats: 6089 total (8 active)
Queueing time: mean = 0.38ms, max = 1000.04ms, min = 0.01ms, total = 2304.73ms
Execution time:  mean = 0.08ms, total = 503.17ms
Event stats:
	CoreWorker.RecoverObjects - 4198 total (1 active), Execution time: mean = 0.01ms, total = 36.47ms, Queueing time: mean = 0.05ms, max = 0.23ms, min = 0.01ms, total = 230.68ms
	NodeManagerService.grpc_client.ReportWorkerBacklog.OnReplyReceived - 420 total (0 active), Execution time: mean = 0.03ms, total = 11.52ms, Queueing time: mean = 0.04ms, max = 0.09ms, min = 0.01ms, total = 17.40ms
	NodeManagerService.grpc_client.ReportWorkerBacklog - 420 total (0 active), Execution time: mean = 0.82ms, total = 345.42ms, Queueing time: mean = 0.00ms, max = -0.00ms, min = 9223372036854.78ms, total = 0.00ms
	CoreWorker.ExitIfParentRayletDies - 420 total (1 active), Execution time: mean = 0.01ms, total = 4.48ms, Queueing time: mean = 0.05ms, max = 0.11ms, min = 0.02ms, total = 22.31ms
	CoreWorker.InternalHeartbeat - 420 total (1 active), Execution time: mean = 0.19ms, total = 78.60ms, Queueing time: mean = 0.05ms, max = 0.10ms, min = 0.01ms, total = 20.86ms
	CoreWorker.RecordMetrics - 84 total (1 active), Execution time: mean = 0.06ms, total = 5.00ms, Queueing time: mean = 0.05ms, max = 0.10ms, min = 0.01ms, total = 4.36ms
	CoreWorker.TryDelPendingObjectRefStreams - 42 total (1 active), Execution time: mean = 0.01ms, total = 0.23ms, Queueing time: mean = 0.10ms, max = 0.49ms, min = 0.02ms, total = 4.18ms
	CoreWorkerService.grpc_server.GetCoreWorkerStats.HandleRequestImpl - 27 total (0 active), Execution time: mean = 0.08ms, total = 2.19ms, Queueing time: mean = 0.03ms, max = 0.07ms, min = 0.02ms, total = 0.85ms
	CoreWorkerService.grpc_server.GetCoreWorkerStats - 27 total (0 active), Execution time: mean = 0.28ms, total = 7.59ms, Queueing time: mean = 0.00ms, max = -0.00ms, min = 9223372036854.78ms, total = 0.00ms
	CoreWorker.PrintEventStats - 7 total (1 active, 1 running), Execution time: mean = 0.60ms, total = 4.21ms, Queueing time: mean = 0.04ms, max = 0.07ms, min = 0.03ms, total = 0.25ms
	PeriodicalRunner.RunFnPeriodically - 7 total (0 active), Execution time: mean = 0.11ms, total = 0.77ms, Queueing time: mean = 0.37ms, max = 0.82ms, min = 0.02ms, total = 2.56ms
	ReporterService.grpc_client.HealthCheck - 3 total (0 active), Execution time: mean = 1.12ms, total = 3.37ms, Queueing time: mean = 0.00ms, max = -0.00ms, min = 9223372036854.78ms, total = 0.00ms
	ReporterService.grpc_client.HealthCheck.OnReplyReceived - 3 total (0 active), Execution time: mean = 0.15ms, total = 0.45ms, Queueing time: mean = 0.03ms, max = 0.03ms, min = 0.01ms, total = 0.08ms
	Publisher.CheckDeadSubscribers - 2 total (1 active), Execution time: mean = 0.00ms, total = 0.01ms, Queueing time: mean = 0.01ms, max = 0.03ms, min = 0.03ms, total = 0.03ms
	MetricsAgentClient.WaitForServerReadyWithRetry - 2 total (0 active), Execution time: mean = 0.18ms, total = 0.36ms, Queueing time: mean = 1000.03ms, max = 1000.04ms, min = 1000.01ms, total = 2000.05ms
	ray::rpc::InternalPubSubGcsService.grpc_client.GcsSubscriberPoll - 1 total (1 active), Execution time: mean = 0.00ms, total = 0.00ms, Queueing time: mean = 0.00ms, max = -0.00ms, min = 9223372036854.78ms, total = 0.00ms
	ray::rpc::NodeInfoGcsService.grpc_client.GetAllNodeAddressAndLiveness - 1 total (0 active), Execution time: mean = 0.92ms, total = 0.92ms, Queueing time: mean = 0.00ms, max = -0.00ms, min = 9223372036854.78ms, total = 0.00ms
	ray::rpc::WorkerInfoGcsService.grpc_client.AddWorkerInfo.OnReplyReceived - 1 total (0 active), Execution time: mean = 0.03ms, total = 0.03ms, Queueing time: mean = 0.74ms, max = 0.74ms, min = 0.74ms, total = 0.74ms
	ray::rpc::NodeInfoGcsService.grpc_client.GetAllNodeAddressAndLiveness.OnReplyReceived - 1 total (0 active), Execution time: mean = 0.06ms, total = 0.06ms, Queueing time: mean = 0.01ms, max = 0.01ms, min = 0.01ms, total = 0.01ms
	ray::rpc::WorkerInfoGcsService.grpc_client.AddWorkerInfo - 1 total (0 active), Execution time: mean = 0.57ms, total = 0.57ms, Queueing time: mean = 0.00ms, max = -0.00ms, min = 9223372036854.78ms, total = 0.00ms
	ray::rpc::InternalPubSubGcsService.grpc_client.GcsSubscriberCommandBatch - 1 total (0 active), Execution time: mean = 0.77ms, total = 0.77ms, Queueing time: mean = 0.00ms, max = -0.00ms, min = 9223372036854.78ms, total = 0.00ms
	ray::rpc::InternalPubSubGcsService.grpc_client.GcsSubscriberCommandBatch.OnReplyReceived - 1 total (0 active), Execution time: mean = 0.17ms, total = 0.17ms, Queueing time: mean = 0.37ms, max = 0.37ms, min = 0.37ms, total = 0.37ms

-----------------
Task execution event stats:

Global stats: 41736 total (1 active)
Queueing time: mean = 0.05ms, max = 0.56ms, min = -0.00ms, total = 2264.06ms
Execution time:  mean = 0.01ms, total = 618.70ms
Event stats:
	CoreWorker.CheckSignal - 41735 total (1 active), Execution time: mean = 0.01ms, total = 618.69ms, Queueing time: mean = 0.05ms, max = 0.56ms, min = -0.00ms, total = 2264.05ms
	PeriodicalRunner.RunFnPeriodically - 1 total (0 active), Execution time: mean = 0.01ms, total = 0.01ms, Queueing time: mean = 0.00ms, max = 0.00ms, min = 0.00ms, total = 0.00ms

-----------------
Task Event stats:

IO Service Stats:

Global stats: 1261 total (1 active)
Queueing time: mean = 0.03ms, max = 0.12ms, min = 0.01ms, total = 42.33ms
Execution time:  mean = 0.34ms, total = 427.29ms
Event stats:
	ray::rpc::TaskInfoGcsService.grpc_client.AddTaskEventData.OnReplyReceived - 420 total (0 active), Execution time: mean = 0.03ms, total = 14.21ms, Queueing time: mean = 0.04ms, max = 0.09ms, min = 0.01ms, total = 17.68ms
	ray::rpc::TaskInfoGcsService.grpc_client.AddTaskEventData - 420 total (0 active), Execution time: mean = 0.76ms, total = 321.22ms, Queueing time: mean = 0.00ms, max = -0.00ms, min = 9223372036854.78ms, total = 0.00ms
	CoreWorker.deadline_timer.flush_task_events - 420 total (1 active), Execution time: mean = 0.22ms, total = 91.56ms, Queueing time: mean = 0.06ms, max = 0.12ms, min = 0.02ms, total = 24.61ms
	PeriodicalRunner.RunFnPeriodically - 1 total (0 active), Execution time: mean = 0.30ms, total = 0.30ms, Queueing time: mean = 0.05ms, max = 0.05ms, min = 0.05ms, total = 0.05ms
Other Stats:
	gcs_grpc_in_progress:0
	event_aggregator_grpc_in_progress:0
	current number of task status events in buffer: 0
	current number of profile events in buffer: 0
	current number of dropped task attempts tracked: 0
	total task events sent: 0 MiB
	total number of task attempts sent: 0
	total number of task attempts dropped reported: 0
	total number of sent failure: 0
	num status task events dropped: 0
	num profile task events dropped: 0
	num ray task events reported to aggregator: 0
	num ray task events failed to report to aggregator: 0
	num of task attempts dropped reported to aggregator: 0
	num of failed requests to aggregator: 0

[2026-02-14 15:09:03,848 I 2903314 2904003] core_worker.cc:455: Event stats:


Global stats: 6956 total (8 active)
Queueing time: mean = 0.34ms, max = 1000.04ms, min = 0.01ms, total = 2349.26ms
Execution time:  mean = 0.08ms, total = 573.69ms
Event stats:
	CoreWorker.RecoverObjects - 4798 total (1 active), Execution time: mean = 0.01ms, total = 41.43ms, Queueing time: mean = 0.06ms, max = 0.23ms, min = 0.01ms, total = 264.72ms
	NodeManagerService.grpc_client.ReportWorkerBacklog.OnReplyReceived - 480 total (0 active), Execution time: mean = 0.03ms, total = 13.15ms, Queueing time: mean = 0.04ms, max = 0.09ms, min = 0.01ms, total = 19.83ms
	NodeManagerService.grpc_client.ReportWorkerBacklog - 480 total (0 active), Execution time: mean = 0.82ms, total = 394.63ms, Queueing time: mean = 0.00ms, max = -0.00ms, min = 9223372036854.78ms, total = 0.00ms
	CoreWorker.ExitIfParentRayletDies - 480 total (1 active), Execution time: mean = 0.01ms, total = 5.12ms, Queueing time: mean = 0.05ms, max = 0.11ms, min = 0.02ms, total = 25.68ms
	CoreWorker.InternalHeartbeat - 480 total (1 active), Execution time: mean = 0.19ms, total = 89.92ms, Queueing time: mean = 0.05ms, max = 0.11ms, min = 0.01ms, total = 23.98ms
	CoreWorker.RecordMetrics - 96 total (1 active), Execution time: mean = 0.06ms, total = 5.70ms, Queueing time: mean = 0.05ms, max = 0.10ms, min = 0.01ms, total = 4.97ms
	CoreWorker.TryDelPendingObjectRefStreams - 48 total (1 active), Execution time: mean = 0.01ms, total = 0.26ms, Queueing time: mean = 0.10ms, max = 0.49ms, min = 0.02ms, total = 4.98ms
	CoreWorkerService.grpc_server.GetCoreWorkerStats.HandleRequestImpl - 31 total (0 active), Execution time: mean = 0.08ms, total = 2.45ms, Queueing time: mean = 0.03ms, max = 0.07ms, min = 0.02ms, total = 0.93ms
	CoreWorkerService.grpc_server.GetCoreWorkerStats - 31 total (0 active), Execution time: mean = 0.28ms, total = 8.57ms, Queueing time: mean = 0.00ms, max = -0.00ms, min = 9223372036854.78ms, total = 0.00ms
	CoreWorker.PrintEventStats - 8 total (1 active, 1 running), Execution time: mean = 0.62ms, total = 4.97ms, Queueing time: mean = 0.04ms, max = 0.07ms, min = 0.03ms, total = 0.33ms
	PeriodicalRunner.RunFnPeriodically - 7 total (0 active), Execution time: mean = 0.11ms, total = 0.77ms, Queueing time: mean = 0.37ms, max = 0.82ms, min = 0.02ms, total = 2.56ms
	ReporterService.grpc_client.HealthCheck - 3 total (0 active), Execution time: mean = 1.12ms, total = 3.37ms, Queueing time: mean = 0.00ms, max = -0.00ms, min = 9223372036854.78ms, total = 0.00ms
	ReporterService.grpc_client.HealthCheck.OnReplyReceived - 3 total (0 active), Execution time: mean = 0.15ms, total = 0.45ms, Queueing time: mean = 0.03ms, max = 0.03ms, min = 0.01ms, total = 0.08ms
	Publisher.CheckDeadSubscribers - 2 total (1 active), Execution time: mean = 0.00ms, total = 0.01ms, Queueing time: mean = 0.01ms, max = 0.03ms, min = 0.03ms, total = 0.03ms
	MetricsAgentClient.WaitForServerReadyWithRetry - 2 total (0 active), Execution time: mean = 0.18ms, total = 0.36ms, Queueing time: mean = 1000.03ms, max = 1000.04ms, min = 1000.01ms, total = 2000.05ms
	ray::rpc::InternalPubSubGcsService.grpc_client.GcsSubscriberPoll - 1 total (1 active), Execution time: mean = 0.00ms, total = 0.00ms, Queueing time: mean = 0.00ms, max = -0.00ms, min = 9223372036854.78ms, total = 0.00ms
	ray::rpc::NodeInfoGcsService.grpc_client.GetAllNodeAddressAndLiveness - 1 total (0 active), Execution time: mean = 0.92ms, total = 0.92ms, Queueing time: mean = 0.00ms, max = -0.00ms, min = 9223372036854.78ms, total = 0.00ms
	ray::rpc::WorkerInfoGcsService.grpc_client.AddWorkerInfo.OnReplyReceived - 1 total (0 active), Execution time: mean = 0.03ms, total = 0.03ms, Queueing time: mean = 0.74ms, max = 0.74ms, min = 0.74ms, total = 0.74ms
	ray::rpc::NodeInfoGcsService.grpc_client.GetAllNodeAddressAndLiveness.OnReplyReceived - 1 total (0 active), Execution time: mean = 0.06ms, total = 0.06ms, Queueing time: mean = 0.01ms, max = 0.01ms, min = 0.01ms, total = 0.01ms
	ray::rpc::WorkerInfoGcsService.grpc_client.AddWorkerInfo - 1 total (0 active), Execution time: mean = 0.57ms, total = 0.57ms, Queueing time: mean = 0.00ms, max = -0.00ms, min = 9223372036854.78ms, total = 0.00ms
	ray::rpc::InternalPubSubGcsService.grpc_client.GcsSubscriberCommandBatch - 1 total (0 active), Execution time: mean = 0.77ms, total = 0.77ms, Queueing time: mean = 0.00ms, max = -0.00ms, min = 9223372036854.78ms, total = 0.00ms
	ray::rpc::InternalPubSubGcsService.grpc_client.GcsSubscriberCommandBatch.OnReplyReceived - 1 total (0 active), Execution time: mean = 0.17ms, total = 0.17ms, Queueing time: mean = 0.37ms, max = 0.37ms, min = 0.37ms, total = 0.37ms

-----------------
Task execution event stats:

Global stats: 47700 total (1 active)
Queueing time: mean = 0.05ms, max = 0.56ms, min = -0.00ms, total = 2566.58ms
Execution time:  mean = 0.01ms, total = 710.12ms
Event stats:
	CoreWorker.CheckSignal - 47699 total (1 active), Execution time: mean = 0.01ms, total = 710.11ms, Queueing time: mean = 0.05ms, max = 0.56ms, min = -0.00ms, total = 2566.58ms
	PeriodicalRunner.RunFnPeriodically - 1 total (0 active), Execution time: mean = 0.01ms, total = 0.01ms, Queueing time: mean = 0.00ms, max = 0.00ms, min = 0.00ms, total = 0.00ms

-----------------
Task Event stats:

IO Service Stats:

Global stats: 1441 total (1 active)
Queueing time: mean = 0.03ms, max = 0.12ms, min = 0.01ms, total = 48.92ms
Execution time:  mean = 0.34ms, total = 491.46ms
Event stats:
	ray::rpc::TaskInfoGcsService.grpc_client.AddTaskEventData.OnReplyReceived - 480 total (0 active), Execution time: mean = 0.03ms, total = 16.28ms, Queueing time: mean = 0.04ms, max = 0.09ms, min = 0.01ms, total = 20.53ms
	ray::rpc::TaskInfoGcsService.grpc_client.AddTaskEventData - 480 total (0 active), Execution time: mean = 0.77ms, total = 370.46ms, Queueing time: mean = 0.00ms, max = -0.00ms, min = 9223372036854.78ms, total = 0.00ms
	CoreWorker.deadline_timer.flush_task_events - 480 total (1 active), Execution time: mean = 0.22ms, total = 104.42ms, Queueing time: mean = 0.06ms, max = 0.12ms, min = 0.02ms, total = 28.35ms
	PeriodicalRunner.RunFnPeriodically - 1 total (0 active), Execution time: mean = 0.30ms, total = 0.30ms, Queueing time: mean = 0.05ms, max = 0.05ms, min = 0.05ms, total = 0.05ms
Other Stats:
	gcs_grpc_in_progress:0
	event_aggregator_grpc_in_progress:0
	current number of task status events in buffer: 0
	current number of profile events in buffer: 0
	current number of dropped task attempts tracked: 0
	total task events sent: 0 MiB
	total number of task attempts sent: 0
	total number of task attempts dropped reported: 0
	total number of sent failure: 0
	num status task events dropped: 0
	num profile task events dropped: 0
	num ray task events reported to aggregator: 0
	num ray task events failed to report to aggregator: 0
	num of task attempts dropped reported to aggregator: 0
	num of failed requests to aggregator: 0

[2026-02-14 15:09:34,526 I 2903314 2904003] accessor.cc:433: Received address and liveness notification for node, IsAlive = 0 node_id=4d58b0e38d3d5cb16afea62869121f99aea73ec70d310df5e91e5a96
[2026-02-14 15:09:34,526 I 2903314 2904003] core_worker.cc:740: Node failure. All objects pinned on that node will be lost if object reconstruction is not enabled. node_id=4d58b0e38d3d5cb16afea62869121f99aea73ec70d310df5e91e5a96
[2026-02-14 15:09:34,526 I 2903314 2904003] normal_task_submitter.cc:840: Number of alive nodes:0
