[2026-02-01 23:20:03,029 I 1351091 1351091] core_worker_process.cc:777: Constructing CoreWorkerProcess. pid: 1351091
[2026-02-01 23:20:03,039 I 1351091 1351091] event.cc:499: Ray Event initialized for CORE_WORKER
[2026-02-01 23:20:03,039 I 1351091 1351091] event.cc:499: Ray Event initialized for EXPORT_TASK
[2026-02-01 23:20:03,039 I 1351091 1351091] event.cc:332: Set ray event level to warning
[2026-02-01 23:20:03,039 I 1351091 1351091] event_aggregator_client.h:50: Initiating the local event aggregator client with port: 62887
[2026-02-01 23:20:03,041 I 1351091 1351091] grpc_server.cc:143: worker server started, listening on port 44927.
[2026-02-01 23:20:03,056 I 1351091 1351091] core_worker_process.cc:262: Initializing worker at address: 172.28.6.5:44927 worker_id=f1c3ebbe916b8c086905c358f64d1ce08e9333a099e9d7476d087874 node_id=ed20876738b4e29b061c40ce83afe360863fd7f6934fe5a9e3928ff8
[2026-02-01 23:20:03,057 I 1351091 1351091] task_event_buffer.cc:480: Reporting task events to GCS every 1000ms.
[2026-02-01 23:20:03,059 I 1351091 1351716] core_worker.cc:455: Event stats:


Global stats: 8 total (6 active)
Queueing time: mean = 0.01ms, max = 0.03ms, min = 0.02ms, total = 0.04ms
Execution time:  mean = 0.00ms, total = 0.03ms
Event stats:
	PeriodicalRunner.RunFnPeriodically - 3 total (1 active, 1 running), Execution time: mean = 0.01ms, total = 0.03ms, Queueing time: mean = 0.01ms, max = 0.03ms, min = 0.02ms, total = 0.04ms
	Publisher.CheckDeadSubscribers - 1 total (1 active), Execution time: mean = 0.00ms, total = 0.00ms, Queueing time: mean = 0.00ms, max = -0.00ms, min = 9223372036854.78ms, total = 0.00ms
	ray::rpc::InternalPubSubGcsService.grpc_client.GcsSubscriberCommandBatch - 1 total (1 active), Execution time: mean = 0.00ms, total = 0.00ms, Queueing time: mean = 0.00ms, max = -0.00ms, min = 9223372036854.78ms, total = 0.00ms
	ray::rpc::InternalPubSubGcsService.grpc_client.GcsSubscriberPoll - 1 total (1 active), Execution time: mean = 0.00ms, total = 0.00ms, Queueing time: mean = 0.00ms, max = -0.00ms, min = 9223372036854.78ms, total = 0.00ms
	CoreWorker.ExitIfParentRayletDies - 1 total (1 active), Execution time: mean = 0.00ms, total = 0.00ms, Queueing time: mean = 0.00ms, max = -0.00ms, min = 9223372036854.78ms, total = 0.00ms
	ray::rpc::WorkerInfoGcsService.grpc_client.AddWorkerInfo - 1 total (1 active), Execution time: mean = 0.00ms, total = 0.00ms, Queueing time: mean = 0.00ms, max = -0.00ms, min = 9223372036854.78ms, total = 0.00ms

-----------------
Task execution event stats:

Global stats: 0 total (0 active)
Queueing time: mean = -nanms, max = -0.00ms, min = 9223372036854.78ms, total = 0.00ms
Execution time:  mean = -nanms, total = 0.00ms
Event stats:

-----------------
Task Event stats:

IO Service Stats:

Global stats: 2 total (2 active)
Queueing time: mean = 0.00ms, max = -0.00ms, min = 9223372036854.78ms, total = 0.00ms
Execution time:  mean = 0.00ms, total = 0.00ms
Event stats:
	PeriodicalRunner.RunFnPeriodically - 1 total (1 active, 1 running), Execution time: mean = 0.00ms, total = 0.00ms, Queueing time: mean = 0.00ms, max = -0.00ms, min = 9223372036854.78ms, total = 0.00ms
	ray::rpc::TaskInfoGcsService.grpc_client.AddTaskEventData - 1 total (1 active), Execution time: mean = 0.00ms, total = 0.00ms, Queueing time: mean = 0.00ms, max = -0.00ms, min = 9223372036854.78ms, total = 0.00ms
Other Stats:
	gcs_grpc_in_progress:1
	event_aggregator_grpc_in_progress:0
	current number of task status events in buffer: 0
	current number of profile events in buffer: 0
	current number of dropped task attempts tracked: 0
	total task events sent: 0 MiB
	total number of task attempts sent: 0
	total number of task attempts dropped reported: 0
	total number of sent failure: 0
	num status task events dropped: 0
	num profile task events dropped: 0
	num ray task events reported to aggregator: 0
	num ray task events failed to report to aggregator: 0
	num of task attempts dropped reported to aggregator: 0
	num of failed requests to aggregator: 0

[2026-02-01 23:20:03,059 I 1351091 1351091] core_worker.cc:515: Adjusted worker niceness to 15
[2026-02-01 23:20:03,059 I 1351091 1351091] metrics_agent_client.cc:45: Initializing exporter ...
[2026-02-01 23:20:03,066 I 1351091 1351716] accessor.cc:433: Received address and liveness notification for node, IsAlive = 1 node_id=ed20876738b4e29b061c40ce83afe360863fd7f6934fe5a9e3928ff8
[2026-02-01 23:20:03,066 I 1351091 1351716] normal_task_submitter.cc:840: Number of alive nodes:1
[2026-02-01 23:20:07,064 I 1351091 1351716] metrics_agent_client.cc:59: Exporter initialized.
[2026-02-01 23:21:03,059 I 1351091 1351716] core_worker.cc:455: Event stats:


Global stats: 896 total (8 active)
Queueing time: mean = 4.50ms, max = 1000.03ms, min = 0.01ms, total = 4031.47ms
Execution time:  mean = 0.10ms, total = 89.07ms
Event stats:
	CoreWorker.RecoverObjects - 600 total (1 active), Execution time: mean = 0.01ms, total = 5.31ms, Queueing time: mean = 0.04ms, max = 0.09ms, min = 0.01ms, total = 24.08ms
	CoreWorker.ExitIfParentRayletDies - 60 total (1 active), Execution time: mean = 0.01ms, total = 0.66ms, Queueing time: mean = 0.04ms, max = 0.07ms, min = 0.01ms, total = 2.33ms
	CoreWorker.InternalHeartbeat - 60 total (1 active), Execution time: mean = 0.19ms, total = 11.12ms, Queueing time: mean = 0.04ms, max = 0.19ms, min = 0.01ms, total = 2.40ms
	NodeManagerService.grpc_client.ReportWorkerBacklog - 60 total (0 active), Execution time: mean = 0.77ms, total = 46.22ms, Queueing time: mean = 0.00ms, max = -0.00ms, min = 9223372036854.78ms, total = 0.00ms
	NodeManagerService.grpc_client.ReportWorkerBacklog.OnReplyReceived - 60 total (0 active), Execution time: mean = 0.03ms, total = 1.58ms, Queueing time: mean = 0.02ms, max = 0.06ms, min = 0.01ms, total = 1.50ms
	CoreWorker.RecordMetrics - 12 total (1 active), Execution time: mean = 0.06ms, total = 0.69ms, Queueing time: mean = 0.03ms, max = 0.06ms, min = 0.01ms, total = 0.36ms
	PeriodicalRunner.RunFnPeriodically - 7 total (0 active), Execution time: mean = 0.10ms, total = 0.69ms, Queueing time: mean = 0.02ms, max = 0.04ms, min = 0.01ms, total = 0.14ms
	CoreWorker.TryDelPendingObjectRefStreams - 6 total (1 active), Execution time: mean = 0.01ms, total = 0.04ms, Queueing time: mean = 0.03ms, max = 0.07ms, min = 0.01ms, total = 0.19ms
	ReporterService.grpc_client.HealthCheck - 5 total (0 active), Execution time: mean = 0.79ms, total = 3.97ms, Queueing time: mean = 0.00ms, max = -0.00ms, min = 9223372036854.78ms, total = 0.00ms
	ReporterService.grpc_client.HealthCheck.OnReplyReceived - 5 total (0 active), Execution time: mean = 0.10ms, total = 0.51ms, Queueing time: mean = 0.04ms, max = 0.11ms, min = 0.01ms, total = 0.21ms
	MetricsAgentClient.WaitForServerReadyWithRetry - 4 total (0 active), Execution time: mean = 0.16ms, total = 0.63ms, Queueing time: mean = 1000.03ms, max = 1000.03ms, min = 1000.02ms, total = 4000.11ms
	CoreWorkerService.grpc_server.GetCoreWorkerStats.HandleRequestImpl - 4 total (0 active), Execution time: mean = 0.13ms, total = 0.51ms, Queueing time: mean = 0.02ms, max = 0.02ms, min = 0.02ms, total = 0.09ms
	CoreWorkerService.grpc_server.GetCoreWorkerStats - 4 total (0 active), Execution time: mean = 0.34ms, total = 1.35ms, Queueing time: mean = 0.00ms, max = -0.00ms, min = 9223372036854.78ms, total = 0.00ms
	Publisher.CheckDeadSubscribers - 1 total (1 active), Execution time: mean = 0.00ms, total = 0.00ms, Queueing time: mean = 0.00ms, max = -0.00ms, min = 9223372036854.78ms, total = 0.00ms
	ray::rpc::NodeInfoGcsService.grpc_client.GetAllNodeAddressAndLiveness.OnReplyReceived - 1 total (0 active), Execution time: mean = 0.07ms, total = 0.07ms, Queueing time: mean = 0.01ms, max = 0.01ms, min = 0.01ms, total = 0.01ms
	ray::rpc::InternalPubSubGcsService.grpc_client.GcsSubscriberPoll - 1 total (1 active), Execution time: mean = 0.00ms, total = 0.00ms, Queueing time: mean = 0.00ms, max = -0.00ms, min = 9223372036854.78ms, total = 0.00ms
	ray::rpc::NodeInfoGcsService.grpc_client.GetAllNodeAddressAndLiveness - 1 total (0 active), Execution time: mean = 0.50ms, total = 0.50ms, Queueing time: mean = 0.00ms, max = -0.00ms, min = 9223372036854.78ms, total = 0.00ms
	ray::rpc::WorkerInfoGcsService.grpc_client.AddWorkerInfo - 1 total (0 active), Execution time: mean = 7.67ms, total = 7.67ms, Queueing time: mean = 0.00ms, max = -0.00ms, min = 9223372036854.78ms, total = 0.00ms
	ray::rpc::WorkerInfoGcsService.grpc_client.AddWorkerInfo.OnReplyReceived - 1 total (0 active), Execution time: mean = 0.03ms, total = 0.03ms, Queueing time: mean = 0.01ms, max = 0.01ms, min = 0.01ms, total = 0.01ms
	CoreWorker.PrintEventStats - 1 total (1 active, 1 running), Execution time: mean = 0.00ms, total = 0.00ms, Queueing time: mean = 0.00ms, max = -0.00ms, min = 9223372036854.78ms, total = 0.00ms
	ray::rpc::InternalPubSubGcsService.grpc_client.GcsSubscriberCommandBatch.OnReplyReceived - 1 total (0 active), Execution time: mean = 0.15ms, total = 0.15ms, Queueing time: mean = 0.04ms, max = 0.04ms, min = 0.04ms, total = 0.04ms
	ray::rpc::InternalPubSubGcsService.grpc_client.GcsSubscriberCommandBatch - 1 total (0 active), Execution time: mean = 7.38ms, total = 7.38ms, Queueing time: mean = 0.00ms, max = -0.00ms, min = 9223372036854.78ms, total = 0.00ms

-----------------
Task execution event stats:

Global stats: 5964 total (1 active)
Queueing time: mean = 0.05ms, max = 9.17ms, min = 0.00ms, total = 312.56ms
Execution time:  mean = 0.01ms, total = 84.88ms
Event stats:
	CoreWorker.CheckSignal - 5963 total (1 active), Execution time: mean = 0.01ms, total = 84.86ms, Queueing time: mean = 0.05ms, max = 9.17ms, min = 0.01ms, total = 312.56ms
	PeriodicalRunner.RunFnPeriodically - 1 total (0 active), Execution time: mean = 0.01ms, total = 0.01ms, Queueing time: mean = 0.00ms, max = 0.00ms, min = 0.00ms, total = 0.00ms

-----------------
Task Event stats:

IO Service Stats:

Global stats: 181 total (1 active)
Queueing time: mean = 0.03ms, max = 1.32ms, min = 0.01ms, total = 5.24ms
Execution time:  mean = 0.31ms, total = 56.23ms
Event stats:
	CoreWorker.deadline_timer.flush_task_events - 60 total (1 active), Execution time: mean = 0.21ms, total = 12.80ms, Queueing time: mean = 0.04ms, max = 0.09ms, min = 0.02ms, total = 2.44ms
	ray::rpc::TaskInfoGcsService.grpc_client.AddTaskEventData - 60 total (0 active), Execution time: mean = 0.68ms, total = 40.97ms, Queueing time: mean = 0.00ms, max = -0.00ms, min = 9223372036854.78ms, total = 0.00ms
	ray::rpc::TaskInfoGcsService.grpc_client.AddTaskEventData.OnReplyReceived - 60 total (0 active), Execution time: mean = 0.03ms, total = 2.04ms, Queueing time: mean = 0.02ms, max = 0.06ms, min = 0.01ms, total = 1.47ms
	PeriodicalRunner.RunFnPeriodically - 1 total (0 active), Execution time: mean = 0.43ms, total = 0.43ms, Queueing time: mean = 1.32ms, max = 1.32ms, min = 1.32ms, total = 1.32ms
Other Stats:
	gcs_grpc_in_progress:0
	event_aggregator_grpc_in_progress:0
	current number of task status events in buffer: 0
	current number of profile events in buffer: 0
	current number of dropped task attempts tracked: 0
	total task events sent: 0 MiB
	total number of task attempts sent: 0
	total number of task attempts dropped reported: 0
	total number of sent failure: 0
	num status task events dropped: 0
	num profile task events dropped: 0
	num ray task events reported to aggregator: 0
	num ray task events failed to report to aggregator: 0
	num of task attempts dropped reported to aggregator: 0
	num of failed requests to aggregator: 0

[2026-02-01 23:22:03,060 I 1351091 1351716] core_worker.cc:455: Event stats:


Global stats: 1763 total (8 active)
Queueing time: mean = 2.31ms, max = 1000.03ms, min = 0.01ms, total = 4072.38ms
Execution time:  mean = 0.09ms, total = 159.68ms
Event stats:
	CoreWorker.RecoverObjects - 1200 total (1 active), Execution time: mean = 0.01ms, total = 10.94ms, Queueing time: mean = 0.05ms, max = 0.14ms, min = 0.01ms, total = 54.83ms
	CoreWorker.ExitIfParentRayletDies - 120 total (1 active), Execution time: mean = 0.01ms, total = 1.34ms, Queueing time: mean = 0.05ms, max = 0.09ms, min = 0.01ms, total = 5.60ms
	CoreWorker.InternalHeartbeat - 120 total (1 active), Execution time: mean = 0.20ms, total = 23.47ms, Queueing time: mean = 0.05ms, max = 0.19ms, min = 0.01ms, total = 5.72ms
	NodeManagerService.grpc_client.ReportWorkerBacklog - 120 total (0 active), Execution time: mean = 0.77ms, total = 92.84ms, Queueing time: mean = 0.00ms, max = -0.00ms, min = 9223372036854.78ms, total = 0.00ms
	NodeManagerService.grpc_client.ReportWorkerBacklog.OnReplyReceived - 120 total (0 active), Execution time: mean = 0.03ms, total = 3.45ms, Queueing time: mean = 0.03ms, max = 0.06ms, min = 0.01ms, total = 3.97ms
	CoreWorker.RecordMetrics - 24 total (1 active), Execution time: mean = 0.07ms, total = 1.61ms, Queueing time: mean = 0.04ms, max = 0.07ms, min = 0.01ms, total = 0.91ms
	CoreWorker.TryDelPendingObjectRefStreams - 12 total (1 active), Execution time: mean = 0.01ms, total = 0.08ms, Queueing time: mean = 0.05ms, max = 0.07ms, min = 0.01ms, total = 0.56ms
	CoreWorkerService.grpc_server.GetCoreWorkerStats - 8 total (0 active), Execution time: mean = 0.35ms, total = 2.77ms, Queueing time: mean = 0.00ms, max = -0.00ms, min = 9223372036854.78ms, total = 0.00ms
	CoreWorkerService.grpc_server.GetCoreWorkerStats.HandleRequestImpl - 8 total (0 active), Execution time: mean = 0.11ms, total = 0.89ms, Queueing time: mean = 0.03ms, max = 0.06ms, min = 0.02ms, total = 0.21ms
	PeriodicalRunner.RunFnPeriodically - 7 total (0 active), Execution time: mean = 0.10ms, total = 0.69ms, Queueing time: mean = 0.02ms, max = 0.04ms, min = 0.01ms, total = 0.14ms
	ReporterService.grpc_client.HealthCheck - 5 total (0 active), Execution time: mean = 0.79ms, total = 3.97ms, Queueing time: mean = 0.00ms, max = -0.00ms, min = 9223372036854.78ms, total = 0.00ms
	ReporterService.grpc_client.HealthCheck.OnReplyReceived - 5 total (0 active), Execution time: mean = 0.10ms, total = 0.51ms, Queueing time: mean = 0.04ms, max = 0.11ms, min = 0.01ms, total = 0.21ms
	MetricsAgentClient.WaitForServerReadyWithRetry - 4 total (0 active), Execution time: mean = 0.16ms, total = 0.63ms, Queueing time: mean = 1000.03ms, max = 1000.03ms, min = 1000.02ms, total = 4000.11ms
	CoreWorker.PrintEventStats - 2 total (1 active, 1 running), Execution time: mean = 0.34ms, total = 0.68ms, Queueing time: mean = 0.03ms, max = 0.06ms, min = 0.06ms, total = 0.06ms
	ray::rpc::NodeInfoGcsService.grpc_client.GetAllNodeAddressAndLiveness.OnReplyReceived - 1 total (0 active), Execution time: mean = 0.07ms, total = 0.07ms, Queueing time: mean = 0.01ms, max = 0.01ms, min = 0.01ms, total = 0.01ms
	Publisher.CheckDeadSubscribers - 1 total (1 active), Execution time: mean = 0.00ms, total = 0.00ms, Queueing time: mean = 0.00ms, max = -0.00ms, min = 9223372036854.78ms, total = 0.00ms
	ray::rpc::InternalPubSubGcsService.grpc_client.GcsSubscriberPoll - 1 total (1 active), Execution time: mean = 0.00ms, total = 0.00ms, Queueing time: mean = 0.00ms, max = -0.00ms, min = 9223372036854.78ms, total = 0.00ms
	ray::rpc::NodeInfoGcsService.grpc_client.GetAllNodeAddressAndLiveness - 1 total (0 active), Execution time: mean = 0.50ms, total = 0.50ms, Queueing time: mean = 0.00ms, max = -0.00ms, min = 9223372036854.78ms, total = 0.00ms
	ray::rpc::WorkerInfoGcsService.grpc_client.AddWorkerInfo - 1 total (0 active), Execution time: mean = 7.67ms, total = 7.67ms, Queueing time: mean = 0.00ms, max = -0.00ms, min = 9223372036854.78ms, total = 0.00ms
	ray::rpc::WorkerInfoGcsService.grpc_client.AddWorkerInfo.OnReplyReceived - 1 total (0 active), Execution time: mean = 0.03ms, total = 0.03ms, Queueing time: mean = 0.01ms, max = 0.01ms, min = 0.01ms, total = 0.01ms
	ray::rpc::InternalPubSubGcsService.grpc_client.GcsSubscriberCommandBatch.OnReplyReceived - 1 total (0 active), Execution time: mean = 0.15ms, total = 0.15ms, Queueing time: mean = 0.04ms, max = 0.04ms, min = 0.04ms, total = 0.04ms
	ray::rpc::InternalPubSubGcsService.grpc_client.GcsSubscriberCommandBatch - 1 total (0 active), Execution time: mean = 7.38ms, total = 7.38ms, Queueing time: mean = 0.00ms, max = -0.00ms, min = 9223372036854.78ms, total = 0.00ms

-----------------
Task execution event stats:

Global stats: 11934 total (1 active)
Queueing time: mean = 0.05ms, max = 9.17ms, min = -0.01ms, total = 550.75ms
Execution time:  mean = 0.01ms, total = 175.95ms
Event stats:
	CoreWorker.CheckSignal - 11933 total (1 active), Execution time: mean = 0.01ms, total = 175.93ms, Queueing time: mean = 0.05ms, max = 9.17ms, min = -0.01ms, total = 550.75ms
	PeriodicalRunner.RunFnPeriodically - 1 total (0 active), Execution time: mean = 0.01ms, total = 0.01ms, Queueing time: mean = 0.00ms, max = 0.00ms, min = 0.00ms, total = 0.00ms

-----------------
Task Event stats:

IO Service Stats:

Global stats: 361 total (1 active)
Queueing time: mean = 0.03ms, max = 1.32ms, min = 0.01ms, total = 10.46ms
Execution time:  mean = 0.33ms, total = 118.61ms
Event stats:
	CoreWorker.deadline_timer.flush_task_events - 120 total (1 active), Execution time: mean = 0.22ms, total = 26.13ms, Queueing time: mean = 0.05ms, max = 0.09ms, min = 0.02ms, total = 5.50ms
	ray::rpc::TaskInfoGcsService.grpc_client.AddTaskEventData - 120 total (0 active), Execution time: mean = 0.73ms, total = 87.78ms, Queueing time: mean = 0.00ms, max = -0.00ms, min = 9223372036854.78ms, total = 0.00ms
	ray::rpc::TaskInfoGcsService.grpc_client.AddTaskEventData.OnReplyReceived - 120 total (0 active), Execution time: mean = 0.04ms, total = 4.27ms, Queueing time: mean = 0.03ms, max = 0.07ms, min = 0.01ms, total = 3.64ms
	PeriodicalRunner.RunFnPeriodically - 1 total (0 active), Execution time: mean = 0.43ms, total = 0.43ms, Queueing time: mean = 1.32ms, max = 1.32ms, min = 1.32ms, total = 1.32ms
Other Stats:
	gcs_grpc_in_progress:0
	event_aggregator_grpc_in_progress:0
	current number of task status events in buffer: 0
	current number of profile events in buffer: 0
	current number of dropped task attempts tracked: 0
	total task events sent: 0 MiB
	total number of task attempts sent: 0
	total number of task attempts dropped reported: 0
	total number of sent failure: 0
	num status task events dropped: 0
	num profile task events dropped: 0
	num ray task events reported to aggregator: 0
	num ray task events failed to report to aggregator: 0
	num of task attempts dropped reported to aggregator: 0
	num of failed requests to aggregator: 0

[2026-02-01 23:23:03,061 I 1351091 1351716] core_worker.cc:455: Event stats:


Global stats: 2630 total (8 active)
Queueing time: mean = 1.56ms, max = 1000.03ms, min = 0.01ms, total = 4113.19ms
Execution time:  mean = 0.09ms, total = 231.66ms
Event stats:
	CoreWorker.RecoverObjects - 1800 total (1 active), Execution time: mean = 0.01ms, total = 16.48ms, Queueing time: mean = 0.05ms, max = 0.14ms, min = 0.01ms, total = 85.38ms
	CoreWorker.ExitIfParentRayletDies - 180 total (1 active), Execution time: mean = 0.01ms, total = 2.01ms, Queueing time: mean = 0.05ms, max = 0.09ms, min = 0.01ms, total = 8.71ms
	CoreWorker.InternalHeartbeat - 180 total (1 active), Execution time: mean = 0.20ms, total = 35.57ms, Queueing time: mean = 0.05ms, max = 0.19ms, min = 0.01ms, total = 8.75ms
	NodeManagerService.grpc_client.ReportWorkerBacklog - 180 total (0 active), Execution time: mean = 0.79ms, total = 141.43ms, Queueing time: mean = 0.00ms, max = -0.00ms, min = 9223372036854.78ms, total = 0.00ms
	NodeManagerService.grpc_client.ReportWorkerBacklog.OnReplyReceived - 180 total (0 active), Execution time: mean = 0.03ms, total = 5.28ms, Queueing time: mean = 0.04ms, max = 0.06ms, min = 0.01ms, total = 6.50ms
	CoreWorker.RecordMetrics - 36 total (1 active), Execution time: mean = 0.07ms, total = 2.41ms, Queueing time: mean = 0.05ms, max = 0.08ms, min = 0.01ms, total = 1.66ms
	CoreWorker.TryDelPendingObjectRefStreams - 18 total (1 active), Execution time: mean = 0.01ms, total = 0.11ms, Queueing time: mean = 0.07ms, max = 0.38ms, min = 0.01ms, total = 1.27ms
	CoreWorkerService.grpc_server.GetCoreWorkerStats - 12 total (0 active), Execution time: mean = 0.34ms, total = 4.04ms, Queueing time: mean = 0.00ms, max = -0.00ms, min = 9223372036854.78ms, total = 0.00ms
	CoreWorkerService.grpc_server.GetCoreWorkerStats.HandleRequestImpl - 12 total (0 active), Execution time: mean = 0.10ms, total = 1.23ms, Queueing time: mean = 0.03ms, max = 0.06ms, min = 0.02ms, total = 0.31ms
	PeriodicalRunner.RunFnPeriodically - 7 total (0 active), Execution time: mean = 0.10ms, total = 0.69ms, Queueing time: mean = 0.02ms, max = 0.04ms, min = 0.01ms, total = 0.14ms
	ReporterService.grpc_client.HealthCheck - 5 total (0 active), Execution time: mean = 0.79ms, total = 3.97ms, Queueing time: mean = 0.00ms, max = -0.00ms, min = 9223372036854.78ms, total = 0.00ms
	ReporterService.grpc_client.HealthCheck.OnReplyReceived - 5 total (0 active), Execution time: mean = 0.10ms, total = 0.51ms, Queueing time: mean = 0.04ms, max = 0.11ms, min = 0.01ms, total = 0.21ms
	MetricsAgentClient.WaitForServerReadyWithRetry - 4 total (0 active), Execution time: mean = 0.16ms, total = 0.63ms, Queueing time: mean = 1000.03ms, max = 1000.03ms, min = 1000.02ms, total = 4000.11ms
	CoreWorker.PrintEventStats - 3 total (1 active, 1 running), Execution time: mean = 0.49ms, total = 1.48ms, Queueing time: mean = 0.03ms, max = 0.06ms, min = 0.03ms, total = 0.09ms
	ray::rpc::NodeInfoGcsService.grpc_client.GetAllNodeAddressAndLiveness.OnReplyReceived - 1 total (0 active), Execution time: mean = 0.07ms, total = 0.07ms, Queueing time: mean = 0.01ms, max = 0.01ms, min = 0.01ms, total = 0.01ms
	Publisher.CheckDeadSubscribers - 1 total (1 active), Execution time: mean = 0.00ms, total = 0.00ms, Queueing time: mean = 0.00ms, max = -0.00ms, min = 9223372036854.78ms, total = 0.00ms
	ray::rpc::InternalPubSubGcsService.grpc_client.GcsSubscriberPoll - 1 total (1 active), Execution time: mean = 0.00ms, total = 0.00ms, Queueing time: mean = 0.00ms, max = -0.00ms, min = 9223372036854.78ms, total = 0.00ms
	ray::rpc::NodeInfoGcsService.grpc_client.GetAllNodeAddressAndLiveness - 1 total (0 active), Execution time: mean = 0.50ms, total = 0.50ms, Queueing time: mean = 0.00ms, max = -0.00ms, min = 9223372036854.78ms, total = 0.00ms
	ray::rpc::WorkerInfoGcsService.grpc_client.AddWorkerInfo - 1 total (0 active), Execution time: mean = 7.67ms, total = 7.67ms, Queueing time: mean = 0.00ms, max = -0.00ms, min = 9223372036854.78ms, total = 0.00ms
	ray::rpc::WorkerInfoGcsService.grpc_client.AddWorkerInfo.OnReplyReceived - 1 total (0 active), Execution time: mean = 0.03ms, total = 0.03ms, Queueing time: mean = 0.01ms, max = 0.01ms, min = 0.01ms, total = 0.01ms
	ray::rpc::InternalPubSubGcsService.grpc_client.GcsSubscriberCommandBatch.OnReplyReceived - 1 total (0 active), Execution time: mean = 0.15ms, total = 0.15ms, Queueing time: mean = 0.04ms, max = 0.04ms, min = 0.04ms, total = 0.04ms
	ray::rpc::InternalPubSubGcsService.grpc_client.GcsSubscriberCommandBatch - 1 total (0 active), Execution time: mean = 7.38ms, total = 7.38ms, Queueing time: mean = 0.00ms, max = -0.00ms, min = 9223372036854.78ms, total = 0.00ms

-----------------
Task execution event stats:

Global stats: 17902 total (1 active)
Queueing time: mean = 0.05ms, max = 9.17ms, min = -0.01ms, total = 813.30ms
Execution time:  mean = 0.01ms, total = 267.77ms
Event stats:
	CoreWorker.CheckSignal - 17901 total (1 active), Execution time: mean = 0.01ms, total = 267.76ms, Queueing time: mean = 0.05ms, max = 9.17ms, min = -0.01ms, total = 813.29ms
	PeriodicalRunner.RunFnPeriodically - 1 total (0 active), Execution time: mean = 0.01ms, total = 0.01ms, Queueing time: mean = 0.00ms, max = 0.00ms, min = 0.00ms, total = 0.00ms

-----------------
Task Event stats:

IO Service Stats:

Global stats: 541 total (1 active)
Queueing time: mean = 0.03ms, max = 1.32ms, min = 0.01ms, total = 16.30ms
Execution time:  mean = 0.33ms, total = 180.97ms
Event stats:
	CoreWorker.deadline_timer.flush_task_events - 180 total (1 active), Execution time: mean = 0.22ms, total = 39.35ms, Queueing time: mean = 0.05ms, max = 0.09ms, min = 0.02ms, total = 9.01ms
	ray::rpc::TaskInfoGcsService.grpc_client.AddTaskEventData - 180 total (0 active), Execution time: mean = 0.75ms, total = 134.64ms, Queueing time: mean = 0.00ms, max = -0.00ms, min = 9223372036854.78ms, total = 0.00ms
	ray::rpc::TaskInfoGcsService.grpc_client.AddTaskEventData.OnReplyReceived - 180 total (0 active), Execution time: mean = 0.04ms, total = 6.55ms, Queueing time: mean = 0.03ms, max = 0.07ms, min = 0.01ms, total = 5.96ms
	PeriodicalRunner.RunFnPeriodically - 1 total (0 active), Execution time: mean = 0.43ms, total = 0.43ms, Queueing time: mean = 1.32ms, max = 1.32ms, min = 1.32ms, total = 1.32ms
Other Stats:
	gcs_grpc_in_progress:0
	event_aggregator_grpc_in_progress:0
	current number of task status events in buffer: 0
	current number of profile events in buffer: 0
	current number of dropped task attempts tracked: 0
	total task events sent: 0 MiB
	total number of task attempts sent: 0
	total number of task attempts dropped reported: 0
	total number of sent failure: 0
	num status task events dropped: 0
	num profile task events dropped: 0
	num ray task events reported to aggregator: 0
	num ray task events failed to report to aggregator: 0
	num of task attempts dropped reported to aggregator: 0
	num of failed requests to aggregator: 0

