[2026-02-01 23:20:03,144 I 1351093 1351093] core_worker_process.cc:777: Constructing CoreWorkerProcess. pid: 1351093
[2026-02-01 23:20:03,172 I 1351093 1351093] event.cc:499: Ray Event initialized for CORE_WORKER
[2026-02-01 23:20:03,172 I 1351093 1351093] event.cc:499: Ray Event initialized for EXPORT_TASK
[2026-02-01 23:20:03,172 I 1351093 1351093] event.cc:332: Set ray event level to warning
[2026-02-01 23:20:03,172 I 1351093 1351093] event_aggregator_client.h:50: Initiating the local event aggregator client with port: 62887
[2026-02-01 23:20:03,175 I 1351093 1351093] grpc_server.cc:143: worker server started, listening on port 44615.
[2026-02-01 23:20:03,190 I 1351093 1351093] core_worker_process.cc:262: Initializing worker at address: 172.28.6.5:44615 worker_id=1c4bcc1ed44aa790dbd84ff400cd46b4896a0647d3fc7f148ee1e949 node_id=ed20876738b4e29b061c40ce83afe360863fd7f6934fe5a9e3928ff8
[2026-02-01 23:20:03,191 I 1351093 1351093] task_event_buffer.cc:480: Reporting task events to GCS every 1000ms.
[2026-02-01 23:20:03,192 I 1351093 1351093] core_worker.cc:515: Adjusted worker niceness to 15
[2026-02-01 23:20:03,192 I 1351093 1351093] metrics_agent_client.cc:45: Initializing exporter ...
[2026-02-01 23:20:03,192 I 1351093 1352517] core_worker.cc:455: Event stats:


Global stats: 12 total (10 active)
Queueing time: mean = 0.00ms, max = 0.02ms, min = 0.01ms, total = 0.03ms
Execution time:  mean = 0.00ms, total = 0.04ms
Event stats:
	PeriodicalRunner.RunFnPeriodically - 7 total (5 active, 1 running), Execution time: mean = 0.01ms, total = 0.04ms, Queueing time: mean = 0.00ms, max = 0.02ms, min = 0.01ms, total = 0.03ms
	ray::rpc::InternalPubSubGcsService.grpc_client.GcsSubscriberCommandBatch - 1 total (1 active), Execution time: mean = 0.00ms, total = 0.00ms, Queueing time: mean = 0.00ms, max = -0.00ms, min = 9223372036854.78ms, total = 0.00ms
	CoreWorker.ExitIfParentRayletDies - 1 total (1 active), Execution time: mean = 0.00ms, total = 0.00ms, Queueing time: mean = 0.00ms, max = -0.00ms, min = 9223372036854.78ms, total = 0.00ms
	ray::rpc::WorkerInfoGcsService.grpc_client.AddWorkerInfo - 1 total (1 active), Execution time: mean = 0.00ms, total = 0.00ms, Queueing time: mean = 0.00ms, max = -0.00ms, min = 9223372036854.78ms, total = 0.00ms
	ray::rpc::InternalPubSubGcsService.grpc_client.GcsSubscriberPoll - 1 total (1 active), Execution time: mean = 0.00ms, total = 0.00ms, Queueing time: mean = 0.00ms, max = -0.00ms, min = 9223372036854.78ms, total = 0.00ms
	Publisher.CheckDeadSubscribers - 1 total (1 active), Execution time: mean = 0.00ms, total = 0.00ms, Queueing time: mean = 0.00ms, max = -0.00ms, min = 9223372036854.78ms, total = 0.00ms

-----------------
Task execution event stats:

Global stats: 0 total (0 active)
Queueing time: mean = -nanms, max = -0.00ms, min = 9223372036854.78ms, total = 0.00ms
Execution time:  mean = -nanms, total = 0.00ms
Event stats:

-----------------
Task Event stats:

IO Service Stats:

Global stats: 1 total (1 active)
Queueing time: mean = 0.00ms, max = -0.00ms, min = 9223372036854.78ms, total = 0.00ms
Execution time:  mean = 0.00ms, total = 0.00ms
Event stats:
	PeriodicalRunner.RunFnPeriodically - 1 total (1 active), Execution time: mean = 0.00ms, total = 0.00ms, Queueing time: mean = 0.00ms, max = -0.00ms, min = 9223372036854.78ms, total = 0.00ms
Other Stats:
	gcs_grpc_in_progress:0
	event_aggregator_grpc_in_progress:0
	current number of task status events in buffer: 0
	current number of profile events in buffer: 0
	current number of dropped task attempts tracked: 0
	total task events sent: 0 MiB
	total number of task attempts sent: 0
	total number of task attempts dropped reported: 0
	total number of sent failure: 0
	num status task events dropped: 0
	num profile task events dropped: 0
	num ray task events reported to aggregator: 0
	num ray task events failed to report to aggregator: 0
	num of task attempts dropped reported to aggregator: 0
	num of failed requests to aggregator: 0

[2026-02-01 23:20:03,193 I 1351093 1352517] accessor.cc:433: Received address and liveness notification for node, IsAlive = 1 node_id=ed20876738b4e29b061c40ce83afe360863fd7f6934fe5a9e3928ff8
[2026-02-01 23:20:03,193 I 1351093 1352517] normal_task_submitter.cc:840: Number of alive nodes:1
[2026-02-01 23:20:07,198 I 1351093 1352517] metrics_agent_client.cc:59: Exporter initialized.
[2026-02-01 23:21:03,192 I 1351093 1352517] core_worker.cc:455: Event stats:


Global stats: 896 total (8 active)
Queueing time: mean = 4.50ms, max = 1000.04ms, min = 0.01ms, total = 4036.14ms
Execution time:  mean = 0.08ms, total = 72.11ms
Event stats:
	CoreWorker.RecoverObjects - 600 total (1 active), Execution time: mean = 0.01ms, total = 5.54ms, Queueing time: mean = 0.05ms, max = 0.20ms, min = 0.01ms, total = 27.05ms
	CoreWorker.ExitIfParentRayletDies - 60 total (1 active), Execution time: mean = 0.01ms, total = 0.60ms, Queueing time: mean = 0.04ms, max = 0.07ms, min = 0.01ms, total = 2.46ms
	NodeManagerService.grpc_client.ReportWorkerBacklog.OnReplyReceived - 60 total (0 active), Execution time: mean = 0.03ms, total = 1.60ms, Queueing time: mean = 0.03ms, max = 0.16ms, min = 0.01ms, total = 1.62ms
	CoreWorker.InternalHeartbeat - 60 total (1 active), Execution time: mean = 0.18ms, total = 10.90ms, Queueing time: mean = 0.04ms, max = 0.07ms, min = 0.01ms, total = 2.14ms
	NodeManagerService.grpc_client.ReportWorkerBacklog - 60 total (0 active), Execution time: mean = 0.69ms, total = 41.17ms, Queueing time: mean = 0.00ms, max = -0.00ms, min = 9223372036854.78ms, total = 0.00ms
	CoreWorker.RecordMetrics - 12 total (1 active), Execution time: mean = 0.05ms, total = 0.63ms, Queueing time: mean = 0.04ms, max = 0.08ms, min = 0.01ms, total = 0.44ms
	PeriodicalRunner.RunFnPeriodically - 7 total (0 active), Execution time: mean = 0.08ms, total = 0.54ms, Queueing time: mean = 0.21ms, max = 0.52ms, min = 0.01ms, total = 1.44ms
	CoreWorker.TryDelPendingObjectRefStreams - 6 total (1 active), Execution time: mean = 0.01ms, total = 0.04ms, Queueing time: mean = 0.04ms, max = 0.06ms, min = 0.02ms, total = 0.24ms
	ReporterService.grpc_client.HealthCheck.OnReplyReceived - 5 total (0 active), Execution time: mean = 0.10ms, total = 0.50ms, Queueing time: mean = 0.03ms, max = 0.05ms, min = 0.02ms, total = 0.15ms
	ReporterService.grpc_client.HealthCheck - 5 total (0 active), Execution time: mean = 1.17ms, total = 5.84ms, Queueing time: mean = 0.00ms, max = -0.00ms, min = 9223372036854.78ms, total = 0.00ms
	CoreWorkerService.grpc_server.GetCoreWorkerStats - 4 total (0 active), Execution time: mean = 0.33ms, total = 1.31ms, Queueing time: mean = 0.00ms, max = -0.00ms, min = 9223372036854.78ms, total = 0.00ms
	CoreWorkerService.grpc_server.GetCoreWorkerStats.HandleRequestImpl - 4 total (0 active), Execution time: mean = 0.12ms, total = 0.47ms, Queueing time: mean = 0.03ms, max = 0.03ms, min = 0.02ms, total = 0.10ms
	MetricsAgentClient.WaitForServerReadyWithRetry - 4 total (0 active), Execution time: mean = 0.17ms, total = 0.67ms, Queueing time: mean = 1000.03ms, max = 1000.04ms, min = 1000.02ms, total = 4000.11ms
	Publisher.CheckDeadSubscribers - 1 total (1 active), Execution time: mean = 0.00ms, total = 0.00ms, Queueing time: mean = 0.00ms, max = -0.00ms, min = 9223372036854.78ms, total = 0.00ms
	ray::rpc::NodeInfoGcsService.grpc_client.GetAllNodeAddressAndLiveness.OnReplyReceived - 1 total (0 active), Execution time: mean = 0.07ms, total = 0.07ms, Queueing time: mean = 0.01ms, max = 0.01ms, min = 0.01ms, total = 0.01ms
	CoreWorker.PrintEventStats - 1 total (1 active, 1 running), Execution time: mean = 0.00ms, total = 0.00ms, Queueing time: mean = 0.00ms, max = -0.00ms, min = 9223372036854.78ms, total = 0.00ms
	ray::rpc::InternalPubSubGcsService.grpc_client.GcsSubscriberCommandBatch.OnReplyReceived - 1 total (0 active), Execution time: mean = 0.17ms, total = 0.17ms, Queueing time: mean = 0.01ms, max = 0.01ms, min = 0.01ms, total = 0.01ms
	ray::rpc::InternalPubSubGcsService.grpc_client.GcsSubscriberCommandBatch - 1 total (0 active), Execution time: mean = 0.91ms, total = 0.91ms, Queueing time: mean = 0.00ms, max = -0.00ms, min = 9223372036854.78ms, total = 0.00ms
	ray::rpc::WorkerInfoGcsService.grpc_client.AddWorkerInfo.OnReplyReceived - 1 total (0 active), Execution time: mean = 0.03ms, total = 0.03ms, Queueing time: mean = 0.36ms, max = 0.36ms, min = 0.36ms, total = 0.36ms
	ray::rpc::WorkerInfoGcsService.grpc_client.AddWorkerInfo - 1 total (0 active), Execution time: mean = 0.58ms, total = 0.58ms, Queueing time: mean = 0.00ms, max = -0.00ms, min = 9223372036854.78ms, total = 0.00ms
	ray::rpc::InternalPubSubGcsService.grpc_client.GcsSubscriberPoll - 1 total (1 active), Execution time: mean = 0.00ms, total = 0.00ms, Queueing time: mean = 0.00ms, max = -0.00ms, min = 9223372036854.78ms, total = 0.00ms
	ray::rpc::NodeInfoGcsService.grpc_client.GetAllNodeAddressAndLiveness - 1 total (0 active), Execution time: mean = 0.54ms, total = 0.54ms, Queueing time: mean = 0.00ms, max = -0.00ms, min = 9223372036854.78ms, total = 0.00ms

-----------------
Task execution event stats:

Global stats: 5967 total (1 active)
Queueing time: mean = 0.05ms, max = 6.41ms, min = 0.00ms, total = 285.46ms
Execution time:  mean = 0.01ms, total = 85.26ms
Event stats:
	CoreWorker.CheckSignal - 5966 total (1 active), Execution time: mean = 0.01ms, total = 85.24ms, Queueing time: mean = 0.05ms, max = 6.41ms, min = 0.00ms, total = 285.45ms
	PeriodicalRunner.RunFnPeriodically - 1 total (0 active), Execution time: mean = 0.01ms, total = 0.01ms, Queueing time: mean = 0.00ms, max = 0.00ms, min = 0.00ms, total = 0.00ms

-----------------
Task Event stats:

IO Service Stats:

Global stats: 181 total (1 active)
Queueing time: mean = 0.03ms, max = 1.20ms, min = 0.01ms, total = 5.20ms
Execution time:  mean = 0.30ms, total = 54.17ms
Event stats:
	ray::rpc::TaskInfoGcsService.grpc_client.AddTaskEventData - 60 total (0 active), Execution time: mean = 0.66ms, total = 39.48ms, Queueing time: mean = 0.00ms, max = -0.00ms, min = 9223372036854.78ms, total = 0.00ms
	CoreWorker.deadline_timer.flush_task_events - 60 total (1 active), Execution time: mean = 0.21ms, total = 12.55ms, Queueing time: mean = 0.04ms, max = 0.08ms, min = 0.02ms, total = 2.30ms
	ray::rpc::TaskInfoGcsService.grpc_client.AddTaskEventData.OnReplyReceived - 60 total (0 active), Execution time: mean = 0.03ms, total = 1.92ms, Queueing time: mean = 0.03ms, max = 0.06ms, min = 0.01ms, total = 1.70ms
	PeriodicalRunner.RunFnPeriodically - 1 total (0 active), Execution time: mean = 0.23ms, total = 0.23ms, Queueing time: mean = 1.20ms, max = 1.20ms, min = 1.20ms, total = 1.20ms
Other Stats:
	gcs_grpc_in_progress:0
	event_aggregator_grpc_in_progress:0
	current number of task status events in buffer: 0
	current number of profile events in buffer: 0
	current number of dropped task attempts tracked: 0
	total task events sent: 0 MiB
	total number of task attempts sent: 0
	total number of task attempts dropped reported: 0
	total number of sent failure: 0
	num status task events dropped: 0
	num profile task events dropped: 0
	num ray task events reported to aggregator: 0
	num ray task events failed to report to aggregator: 0
	num of task attempts dropped reported to aggregator: 0
	num of failed requests to aggregator: 0

[2026-02-01 23:22:03,193 I 1351093 1352517] core_worker.cc:455: Event stats:


Global stats: 1763 total (8 active)
Queueing time: mean = 2.31ms, max = 1000.04ms, min = 0.01ms, total = 4074.91ms
Execution time:  mean = 0.08ms, total = 141.09ms
Event stats:
	CoreWorker.RecoverObjects - 1200 total (1 active), Execution time: mean = 0.01ms, total = 10.99ms, Queueing time: mean = 0.05ms, max = 0.20ms, min = 0.01ms, total = 57.18ms
	CoreWorker.ExitIfParentRayletDies - 120 total (1 active), Execution time: mean = 0.01ms, total = 1.26ms, Queueing time: mean = 0.05ms, max = 0.08ms, min = 0.01ms, total = 5.53ms
	NodeManagerService.grpc_client.ReportWorkerBacklog.OnReplyReceived - 120 total (0 active), Execution time: mean = 0.03ms, total = 3.50ms, Queueing time: mean = 0.03ms, max = 0.16ms, min = 0.01ms, total = 3.65ms
	CoreWorker.InternalHeartbeat - 120 total (1 active), Execution time: mean = 0.19ms, total = 23.35ms, Queueing time: mean = 0.04ms, max = 0.09ms, min = 0.01ms, total = 4.50ms
	NodeManagerService.grpc_client.ReportWorkerBacklog - 120 total (0 active), Execution time: mean = 0.72ms, total = 86.34ms, Queueing time: mean = 0.00ms, max = -0.00ms, min = 9223372036854.78ms, total = 0.00ms
	CoreWorker.RecordMetrics - 24 total (1 active), Execution time: mean = 0.06ms, total = 1.42ms, Queueing time: mean = 0.04ms, max = 0.08ms, min = 0.01ms, total = 1.04ms
	CoreWorker.TryDelPendingObjectRefStreams - 12 total (1 active), Execution time: mean = 0.01ms, total = 0.07ms, Queueing time: mean = 0.05ms, max = 0.16ms, min = 0.02ms, total = 0.64ms
	CoreWorkerService.grpc_server.GetCoreWorkerStats - 8 total (0 active), Execution time: mean = 0.34ms, total = 2.72ms, Queueing time: mean = 0.00ms, max = -0.00ms, min = 9223372036854.78ms, total = 0.00ms
	CoreWorkerService.grpc_server.GetCoreWorkerStats.HandleRequestImpl - 8 total (0 active), Execution time: mean = 0.11ms, total = 0.86ms, Queueing time: mean = 0.03ms, max = 0.06ms, min = 0.02ms, total = 0.25ms
	PeriodicalRunner.RunFnPeriodically - 7 total (0 active), Execution time: mean = 0.08ms, total = 0.54ms, Queueing time: mean = 0.21ms, max = 0.52ms, min = 0.01ms, total = 1.44ms
	ReporterService.grpc_client.HealthCheck.OnReplyReceived - 5 total (0 active), Execution time: mean = 0.10ms, total = 0.50ms, Queueing time: mean = 0.03ms, max = 0.05ms, min = 0.02ms, total = 0.15ms
	ReporterService.grpc_client.HealthCheck - 5 total (0 active), Execution time: mean = 1.17ms, total = 5.84ms, Queueing time: mean = 0.00ms, max = -0.00ms, min = 9223372036854.78ms, total = 0.00ms
	MetricsAgentClient.WaitForServerReadyWithRetry - 4 total (0 active), Execution time: mean = 0.17ms, total = 0.67ms, Queueing time: mean = 1000.03ms, max = 1000.04ms, min = 1000.02ms, total = 4000.11ms
	CoreWorker.PrintEventStats - 2 total (1 active, 1 running), Execution time: mean = 0.36ms, total = 0.72ms, Queueing time: mean = 0.01ms, max = 0.03ms, min = 0.03ms, total = 0.03ms
	Publisher.CheckDeadSubscribers - 1 total (1 active), Execution time: mean = 0.00ms, total = 0.00ms, Queueing time: mean = 0.00ms, max = -0.00ms, min = 9223372036854.78ms, total = 0.00ms
	ray::rpc::NodeInfoGcsService.grpc_client.GetAllNodeAddressAndLiveness.OnReplyReceived - 1 total (0 active), Execution time: mean = 0.07ms, total = 0.07ms, Queueing time: mean = 0.01ms, max = 0.01ms, min = 0.01ms, total = 0.01ms
	ray::rpc::InternalPubSubGcsService.grpc_client.GcsSubscriberCommandBatch.OnReplyReceived - 1 total (0 active), Execution time: mean = 0.17ms, total = 0.17ms, Queueing time: mean = 0.01ms, max = 0.01ms, min = 0.01ms, total = 0.01ms
	ray::rpc::InternalPubSubGcsService.grpc_client.GcsSubscriberCommandBatch - 1 total (0 active), Execution time: mean = 0.91ms, total = 0.91ms, Queueing time: mean = 0.00ms, max = -0.00ms, min = 9223372036854.78ms, total = 0.00ms
	ray::rpc::WorkerInfoGcsService.grpc_client.AddWorkerInfo.OnReplyReceived - 1 total (0 active), Execution time: mean = 0.03ms, total = 0.03ms, Queueing time: mean = 0.36ms, max = 0.36ms, min = 0.36ms, total = 0.36ms
	ray::rpc::WorkerInfoGcsService.grpc_client.AddWorkerInfo - 1 total (0 active), Execution time: mean = 0.58ms, total = 0.58ms, Queueing time: mean = 0.00ms, max = -0.00ms, min = 9223372036854.78ms, total = 0.00ms
	ray::rpc::InternalPubSubGcsService.grpc_client.GcsSubscriberPoll - 1 total (1 active), Execution time: mean = 0.00ms, total = 0.00ms, Queueing time: mean = 0.00ms, max = -0.00ms, min = 9223372036854.78ms, total = 0.00ms
	ray::rpc::NodeInfoGcsService.grpc_client.GetAllNodeAddressAndLiveness - 1 total (0 active), Execution time: mean = 0.54ms, total = 0.54ms, Queueing time: mean = 0.00ms, max = -0.00ms, min = 9223372036854.78ms, total = 0.00ms

-----------------
Task execution event stats:

Global stats: 11939 total (1 active)
Queueing time: mean = 0.04ms, max = 6.41ms, min = 0.00ms, total = 506.71ms
Execution time:  mean = 0.01ms, total = 174.63ms
Event stats:
	CoreWorker.CheckSignal - 11938 total (1 active), Execution time: mean = 0.01ms, total = 174.62ms, Queueing time: mean = 0.04ms, max = 6.41ms, min = 0.00ms, total = 506.70ms
	PeriodicalRunner.RunFnPeriodically - 1 total (0 active), Execution time: mean = 0.01ms, total = 0.01ms, Queueing time: mean = 0.00ms, max = 0.00ms, min = 0.00ms, total = 0.00ms

-----------------
Task Event stats:

IO Service Stats:

Global stats: 361 total (1 active)
Queueing time: mean = 0.03ms, max = 1.20ms, min = 0.01ms, total = 9.68ms
Execution time:  mean = 0.32ms, total = 114.14ms
Event stats:
	ray::rpc::TaskInfoGcsService.grpc_client.AddTaskEventData - 120 total (0 active), Execution time: mean = 0.69ms, total = 82.77ms, Queueing time: mean = 0.00ms, max = -0.00ms, min = 9223372036854.78ms, total = 0.00ms
	CoreWorker.deadline_timer.flush_task_events - 120 total (1 active), Execution time: mean = 0.22ms, total = 26.85ms, Queueing time: mean = 0.04ms, max = 0.12ms, min = 0.02ms, total = 4.95ms
	ray::rpc::TaskInfoGcsService.grpc_client.AddTaskEventData.OnReplyReceived - 120 total (0 active), Execution time: mean = 0.04ms, total = 4.29ms, Queueing time: mean = 0.03ms, max = 0.13ms, min = 0.01ms, total = 3.53ms
	PeriodicalRunner.RunFnPeriodically - 1 total (0 active), Execution time: mean = 0.23ms, total = 0.23ms, Queueing time: mean = 1.20ms, max = 1.20ms, min = 1.20ms, total = 1.20ms
Other Stats:
	gcs_grpc_in_progress:0
	event_aggregator_grpc_in_progress:0
	current number of task status events in buffer: 0
	current number of profile events in buffer: 0
	current number of dropped task attempts tracked: 0
	total task events sent: 0 MiB
	total number of task attempts sent: 0
	total number of task attempts dropped reported: 0
	total number of sent failure: 0
	num status task events dropped: 0
	num profile task events dropped: 0
	num ray task events reported to aggregator: 0
	num ray task events failed to report to aggregator: 0
	num of task attempts dropped reported to aggregator: 0
	num of failed requests to aggregator: 0

[2026-02-01 23:23:03,194 I 1351093 1352517] core_worker.cc:455: Event stats:


Global stats: 2630 total (8 active)
Queueing time: mean = 1.56ms, max = 1000.04ms, min = 0.01ms, total = 4108.10ms
Execution time:  mean = 0.08ms, total = 211.35ms
Event stats:
	CoreWorker.RecoverObjects - 1800 total (1 active), Execution time: mean = 0.01ms, total = 16.39ms, Queueing time: mean = 0.05ms, max = 0.20ms, min = 0.01ms, total = 81.95ms
	CoreWorker.ExitIfParentRayletDies - 180 total (1 active), Execution time: mean = 0.01ms, total = 1.91ms, Queueing time: mean = 0.04ms, max = 0.08ms, min = 0.01ms, total = 8.04ms
	NodeManagerService.grpc_client.ReportWorkerBacklog.OnReplyReceived - 180 total (0 active), Execution time: mean = 0.03ms, total = 5.42ms, Queueing time: mean = 0.03ms, max = 0.16ms, min = 0.01ms, total = 5.83ms
	CoreWorker.InternalHeartbeat - 180 total (1 active), Execution time: mean = 0.20ms, total = 35.72ms, Queueing time: mean = 0.04ms, max = 0.09ms, min = 0.01ms, total = 6.89ms
	NodeManagerService.grpc_client.ReportWorkerBacklog - 180 total (0 active), Execution time: mean = 0.74ms, total = 132.86ms, Queueing time: mean = 0.00ms, max = -0.00ms, min = 9223372036854.78ms, total = 0.00ms
	CoreWorker.RecordMetrics - 36 total (1 active), Execution time: mean = 0.06ms, total = 2.17ms, Queueing time: mean = 0.04ms, max = 0.08ms, min = 0.01ms, total = 1.48ms
	CoreWorker.TryDelPendingObjectRefStreams - 18 total (1 active), Execution time: mean = 0.01ms, total = 0.10ms, Queueing time: mean = 0.08ms, max = 0.57ms, min = 0.02ms, total = 1.39ms
	CoreWorkerService.grpc_server.GetCoreWorkerStats - 12 total (0 active), Execution time: mean = 0.35ms, total = 4.16ms, Queueing time: mean = 0.00ms, max = -0.00ms, min = 9223372036854.78ms, total = 0.00ms
	CoreWorkerService.grpc_server.GetCoreWorkerStats.HandleRequestImpl - 12 total (0 active), Execution time: mean = 0.10ms, total = 1.22ms, Queueing time: mean = 0.03ms, max = 0.06ms, min = 0.02ms, total = 0.37ms
	PeriodicalRunner.RunFnPeriodically - 7 total (0 active), Execution time: mean = 0.08ms, total = 0.54ms, Queueing time: mean = 0.21ms, max = 0.52ms, min = 0.01ms, total = 1.44ms
	ReporterService.grpc_client.HealthCheck.OnReplyReceived - 5 total (0 active), Execution time: mean = 0.10ms, total = 0.50ms, Queueing time: mean = 0.03ms, max = 0.05ms, min = 0.02ms, total = 0.15ms
	ReporterService.grpc_client.HealthCheck - 5 total (0 active), Execution time: mean = 1.17ms, total = 5.84ms, Queueing time: mean = 0.00ms, max = -0.00ms, min = 9223372036854.78ms, total = 0.00ms
	MetricsAgentClient.WaitForServerReadyWithRetry - 4 total (0 active), Execution time: mean = 0.17ms, total = 0.67ms, Queueing time: mean = 1000.03ms, max = 1000.04ms, min = 1000.02ms, total = 4000.11ms
	CoreWorker.PrintEventStats - 3 total (1 active, 1 running), Execution time: mean = 0.51ms, total = 1.54ms, Queueing time: mean = 0.02ms, max = 0.03ms, min = 0.02ms, total = 0.05ms
	Publisher.CheckDeadSubscribers - 1 total (1 active), Execution time: mean = 0.00ms, total = 0.00ms, Queueing time: mean = 0.00ms, max = -0.00ms, min = 9223372036854.78ms, total = 0.00ms
	ray::rpc::NodeInfoGcsService.grpc_client.GetAllNodeAddressAndLiveness.OnReplyReceived - 1 total (0 active), Execution time: mean = 0.07ms, total = 0.07ms, Queueing time: mean = 0.01ms, max = 0.01ms, min = 0.01ms, total = 0.01ms
	ray::rpc::InternalPubSubGcsService.grpc_client.GcsSubscriberCommandBatch.OnReplyReceived - 1 total (0 active), Execution time: mean = 0.17ms, total = 0.17ms, Queueing time: mean = 0.01ms, max = 0.01ms, min = 0.01ms, total = 0.01ms
	ray::rpc::InternalPubSubGcsService.grpc_client.GcsSubscriberCommandBatch - 1 total (0 active), Execution time: mean = 0.91ms, total = 0.91ms, Queueing time: mean = 0.00ms, max = -0.00ms, min = 9223372036854.78ms, total = 0.00ms
	ray::rpc::WorkerInfoGcsService.grpc_client.AddWorkerInfo.OnReplyReceived - 1 total (0 active), Execution time: mean = 0.03ms, total = 0.03ms, Queueing time: mean = 0.36ms, max = 0.36ms, min = 0.36ms, total = 0.36ms
	ray::rpc::WorkerInfoGcsService.grpc_client.AddWorkerInfo - 1 total (0 active), Execution time: mean = 0.58ms, total = 0.58ms, Queueing time: mean = 0.00ms, max = -0.00ms, min = 9223372036854.78ms, total = 0.00ms
	ray::rpc::InternalPubSubGcsService.grpc_client.GcsSubscriberPoll - 1 total (1 active), Execution time: mean = 0.00ms, total = 0.00ms, Queueing time: mean = 0.00ms, max = -0.00ms, min = 9223372036854.78ms, total = 0.00ms
	ray::rpc::NodeInfoGcsService.grpc_client.GetAllNodeAddressAndLiveness - 1 total (0 active), Execution time: mean = 0.54ms, total = 0.54ms, Queueing time: mean = 0.00ms, max = -0.00ms, min = 9223372036854.78ms, total = 0.00ms

-----------------
Task execution event stats:

Global stats: 17909 total (1 active)
Queueing time: mean = 0.04ms, max = 6.41ms, min = 0.00ms, total = 742.10ms
Execution time:  mean = 0.01ms, total = 264.69ms
Event stats:
	CoreWorker.CheckSignal - 17908 total (1 active), Execution time: mean = 0.01ms, total = 264.68ms, Queueing time: mean = 0.04ms, max = 6.41ms, min = 0.00ms, total = 742.09ms
	PeriodicalRunner.RunFnPeriodically - 1 total (0 active), Execution time: mean = 0.01ms, total = 0.01ms, Queueing time: mean = 0.00ms, max = 0.00ms, min = 0.00ms, total = 0.00ms

-----------------
Task Event stats:

IO Service Stats:

Global stats: 541 total (1 active)
Queueing time: mean = 0.03ms, max = 1.20ms, min = 0.01ms, total = 13.91ms
Execution time:  mean = 0.32ms, total = 173.86ms
Event stats:
	ray::rpc::TaskInfoGcsService.grpc_client.AddTaskEventData - 180 total (0 active), Execution time: mean = 0.70ms, total = 126.09ms, Queueing time: mean = 0.00ms, max = -0.00ms, min = 9223372036854.78ms, total = 0.00ms
	CoreWorker.deadline_timer.flush_task_events - 180 total (1 active), Execution time: mean = 0.23ms, total = 40.96ms, Queueing time: mean = 0.04ms, max = 0.12ms, min = 0.02ms, total = 7.35ms
	ray::rpc::TaskInfoGcsService.grpc_client.AddTaskEventData.OnReplyReceived - 180 total (0 active), Execution time: mean = 0.04ms, total = 6.59ms, Queueing time: mean = 0.03ms, max = 0.13ms, min = 0.01ms, total = 5.35ms
	PeriodicalRunner.RunFnPeriodically - 1 total (0 active), Execution time: mean = 0.23ms, total = 0.23ms, Queueing time: mean = 1.20ms, max = 1.20ms, min = 1.20ms, total = 1.20ms
Other Stats:
	gcs_grpc_in_progress:0
	event_aggregator_grpc_in_progress:0
	current number of task status events in buffer: 0
	current number of profile events in buffer: 0
	current number of dropped task attempts tracked: 0
	total task events sent: 0 MiB
	total number of task attempts sent: 0
	total number of task attempts dropped reported: 0
	total number of sent failure: 0
	num status task events dropped: 0
	num profile task events dropped: 0
	num ray task events reported to aggregator: 0
	num ray task events failed to report to aggregator: 0
	num of task attempts dropped reported to aggregator: 0
	num of failed requests to aggregator: 0

