[2026-02-01 22:11:23,634 I 778296 778296] core_worker_process.cc:777: Constructing CoreWorkerProcess. pid: 778296
[2026-02-01 22:11:23,636 I 778296 778296] event.cc:499: Ray Event initialized for CORE_WORKER
[2026-02-01 22:11:23,636 I 778296 778296] event.cc:499: Ray Event initialized for EXPORT_TASK
[2026-02-01 22:11:23,636 I 778296 778296] event.cc:332: Set ray event level to warning
[2026-02-01 22:11:23,636 I 778296 778296] event_aggregator_client.h:50: Initiating the local event aggregator client with port: 56322
[2026-02-01 22:11:23,638 I 778296 778296] grpc_server.cc:143: worker server started, listening on port 32909.
[2026-02-01 22:11:23,648 I 778296 778296] core_worker_process.cc:262: Initializing worker at address: 172.28.6.3:32909 worker_id=4f25ace90ce13550a90beb5e6eeb48156b55b7748aeabd5b2877ecac node_id=b87a8b79ccc5059a49e4cb9d2f431316c73199e27eae672a37a2c26a
[2026-02-01 22:11:23,648 I 778296 778296] task_event_buffer.cc:480: Reporting task events to GCS every 1000ms.
[2026-02-01 22:11:23,649 I 778296 778296] core_worker.cc:515: Adjusted worker niceness to 15
[2026-02-01 22:11:23,649 I 778296 778296] metrics_agent_client.cc:45: Initializing exporter ...
[2026-02-01 22:11:23,649 I 778296 780406] core_worker.cc:455: Event stats:


Global stats: 12 total (10 active)
Queueing time: mean = 0.00ms, max = 0.01ms, min = 0.01ms, total = 0.02ms
Execution time:  mean = 0.00ms, total = 0.03ms
Event stats:
	PeriodicalRunner.RunFnPeriodically - 7 total (5 active, 1 running), Execution time: mean = 0.00ms, total = 0.03ms, Queueing time: mean = 0.00ms, max = 0.01ms, min = 0.01ms, total = 0.02ms
	Publisher.CheckDeadSubscribers - 1 total (1 active), Execution time: mean = 0.00ms, total = 0.00ms, Queueing time: mean = 0.00ms, max = -0.00ms, min = 9223372036854.78ms, total = 0.00ms
	ray::rpc::InternalPubSubGcsService.grpc_client.GcsSubscriberPoll - 1 total (1 active), Execution time: mean = 0.00ms, total = 0.00ms, Queueing time: mean = 0.00ms, max = -0.00ms, min = 9223372036854.78ms, total = 0.00ms
	ray::rpc::InternalPubSubGcsService.grpc_client.GcsSubscriberCommandBatch - 1 total (1 active), Execution time: mean = 0.00ms, total = 0.00ms, Queueing time: mean = 0.00ms, max = -0.00ms, min = 9223372036854.78ms, total = 0.00ms
	ray::rpc::WorkerInfoGcsService.grpc_client.AddWorkerInfo - 1 total (1 active), Execution time: mean = 0.00ms, total = 0.00ms, Queueing time: mean = 0.00ms, max = -0.00ms, min = 9223372036854.78ms, total = 0.00ms
	CoreWorker.ExitIfParentRayletDies - 1 total (1 active), Execution time: mean = 0.00ms, total = 0.00ms, Queueing time: mean = 0.00ms, max = -0.00ms, min = 9223372036854.78ms, total = 0.00ms

-----------------
Task execution event stats:

Global stats: 0 total (0 active)
Queueing time: mean = -nanms, max = -0.00ms, min = 9223372036854.78ms, total = 0.00ms
Execution time:  mean = -nanms, total = 0.00ms
Event stats:

-----------------
Task Event stats:

IO Service Stats:

Global stats: 4 total (1 active)
Queueing time: mean = 0.01ms, max = 0.02ms, min = 0.01ms, total = 0.03ms
Execution time:  mean = 0.16ms, total = 0.64ms
Event stats:
	ray::rpc::TaskInfoGcsService.grpc_client.AddTaskEventData.OnReplyReceived - 1 total (0 active), Execution time: mean = 0.02ms, total = 0.02ms, Queueing time: mean = 0.02ms, max = 0.02ms, min = 0.02ms, total = 0.02ms
	ray::rpc::TaskInfoGcsService.grpc_client.AddTaskEventData - 1 total (0 active), Execution time: mean = 0.44ms, total = 0.44ms, Queueing time: mean = 0.00ms, max = -0.00ms, min = 9223372036854.78ms, total = 0.00ms
	CoreWorker.deadline_timer.flush_task_events - 1 total (1 active), Execution time: mean = 0.00ms, total = 0.00ms, Queueing time: mean = 0.00ms, max = -0.00ms, min = 9223372036854.78ms, total = 0.00ms
	PeriodicalRunner.RunFnPeriodically - 1 total (0 active), Execution time: mean = 0.18ms, total = 0.18ms, Queueing time: mean = 0.01ms, max = 0.01ms, min = 0.01ms, total = 0.01ms
Other Stats:
	gcs_grpc_in_progress:0
	event_aggregator_grpc_in_progress:0
	current number of task status events in buffer: 0
	current number of profile events in buffer: 0
	current number of dropped task attempts tracked: 0
	total task events sent: 0 MiB
	total number of task attempts sent: 0
	total number of task attempts dropped reported: 0
	total number of sent failure: 0
	num status task events dropped: 0
	num profile task events dropped: 0
	num ray task events reported to aggregator: 0
	num ray task events failed to report to aggregator: 0
	num of task attempts dropped reported to aggregator: 0
	num of failed requests to aggregator: 0

[2026-02-01 22:11:23,650 I 778296 780406] accessor.cc:433: Received address and liveness notification for node, IsAlive = 1 node_id=b87a8b79ccc5059a49e4cb9d2f431316c73199e27eae672a37a2c26a
[2026-02-01 22:11:23,650 I 778296 780406] normal_task_submitter.cc:840: Number of alive nodes:1
[2026-02-01 22:11:25,652 I 778296 780406] metrics_agent_client.cc:59: Exporter initialized.
[2026-02-01 22:12:23,650 I 778296 780406] core_worker.cc:455: Event stats:


Global stats: 890 total (8 active)
Queueing time: mean = 2.30ms, max = 1000.01ms, min = 0.01ms, total = 2044.52ms
Execution time:  mean = 0.08ms, total = 72.55ms
Event stats:
	CoreWorker.RecoverObjects - 600 total (1 active), Execution time: mean = 0.01ms, total = 5.29ms, Queueing time: mean = 0.05ms, max = 0.11ms, min = 0.02ms, total = 32.61ms
	NodeManagerService.grpc_client.ReportWorkerBacklog - 60 total (0 active), Execution time: mean = 0.79ms, total = 47.64ms, Queueing time: mean = 0.00ms, max = -0.00ms, min = 9223372036854.78ms, total = 0.00ms
	CoreWorker.InternalHeartbeat - 60 total (1 active), Execution time: mean = 0.18ms, total = 10.56ms, Queueing time: mean = 0.04ms, max = 0.07ms, min = 0.01ms, total = 2.67ms
	CoreWorker.ExitIfParentRayletDies - 60 total (1 active), Execution time: mean = 0.01ms, total = 0.64ms, Queueing time: mean = 0.05ms, max = 0.10ms, min = 0.01ms, total = 3.15ms
	NodeManagerService.grpc_client.ReportWorkerBacklog.OnReplyReceived - 60 total (0 active), Execution time: mean = 0.03ms, total = 1.51ms, Queueing time: mean = 0.04ms, max = 0.06ms, min = 0.01ms, total = 2.27ms
	CoreWorker.RecordMetrics - 12 total (1 active), Execution time: mean = 0.05ms, total = 0.63ms, Queueing time: mean = 0.03ms, max = 0.07ms, min = 0.02ms, total = 0.41ms
	PeriodicalRunner.RunFnPeriodically - 7 total (0 active), Execution time: mean = 0.09ms, total = 0.64ms, Queueing time: mean = 0.26ms, max = 0.64ms, min = 0.01ms, total = 1.84ms
	CoreWorker.TryDelPendingObjectRefStreams - 6 total (1 active), Execution time: mean = 0.00ms, total = 0.02ms, Queueing time: mean = 0.05ms, max = 0.08ms, min = 0.03ms, total = 0.30ms
	CoreWorkerService.grpc_server.GetCoreWorkerStats.HandleRequestImpl - 4 total (0 active), Execution time: mean = 0.08ms, total = 0.34ms, Queueing time: mean = 0.03ms, max = 0.06ms, min = 0.02ms, total = 0.13ms
	CoreWorkerService.grpc_server.GetCoreWorkerStats - 4 total (0 active), Execution time: mean = 0.30ms, total = 1.19ms, Queueing time: mean = 0.00ms, max = -0.00ms, min = 9223372036854.78ms, total = 0.00ms
	ReporterService.grpc_client.HealthCheck.OnReplyReceived - 3 total (0 active), Execution time: mean = 0.18ms, total = 0.54ms, Queueing time: mean = 0.08ms, max = 0.18ms, min = 0.01ms, total = 0.24ms
	ReporterService.grpc_client.HealthCheck - 3 total (0 active), Execution time: mean = 0.56ms, total = 1.67ms, Queueing time: mean = 0.00ms, max = -0.00ms, min = 9223372036854.78ms, total = 0.00ms
	MetricsAgentClient.WaitForServerReadyWithRetry - 2 total (0 active), Execution time: mean = 0.13ms, total = 0.26ms, Queueing time: mean = 1000.01ms, max = 1000.01ms, min = 1000.01ms, total = 2000.03ms
	ray::rpc::NodeInfoGcsService.grpc_client.GetAllNodeAddressAndLiveness - 1 total (0 active), Execution time: mean = 0.49ms, total = 0.49ms, Queueing time: mean = 0.00ms, max = -0.00ms, min = 9223372036854.78ms, total = 0.00ms
	ray::rpc::InternalPubSubGcsService.grpc_client.GcsSubscriberCommandBatch - 1 total (0 active), Execution time: mean = 0.45ms, total = 0.45ms, Queueing time: mean = 0.00ms, max = -0.00ms, min = 9223372036854.78ms, total = 0.00ms
	ray::rpc::WorkerInfoGcsService.grpc_client.AddWorkerInfo.OnReplyReceived - 1 total (0 active), Execution time: mean = 0.03ms, total = 0.03ms, Queueing time: mean = 0.47ms, max = 0.47ms, min = 0.47ms, total = 0.47ms
	ray::rpc::WorkerInfoGcsService.grpc_client.AddWorkerInfo - 1 total (0 active), Execution time: mean = 0.48ms, total = 0.48ms, Queueing time: mean = 0.00ms, max = -0.00ms, min = 9223372036854.78ms, total = 0.00ms
	CoreWorker.PrintEventStats - 1 total (1 active, 1 running), Execution time: mean = 0.00ms, total = 0.00ms, Queueing time: mean = 0.00ms, max = -0.00ms, min = 9223372036854.78ms, total = 0.00ms
	Publisher.CheckDeadSubscribers - 1 total (1 active), Execution time: mean = 0.00ms, total = 0.00ms, Queueing time: mean = 0.00ms, max = -0.00ms, min = 9223372036854.78ms, total = 0.00ms
	ray::rpc::InternalPubSubGcsService.grpc_client.GcsSubscriberCommandBatch.OnReplyReceived - 1 total (0 active), Execution time: mean = 0.09ms, total = 0.09ms, Queueing time: mean = 0.40ms, max = 0.40ms, min = 0.40ms, total = 0.40ms
	ray::rpc::NodeInfoGcsService.grpc_client.GetAllNodeAddressAndLiveness.OnReplyReceived - 1 total (0 active), Execution time: mean = 0.06ms, total = 0.06ms, Queueing time: mean = 0.01ms, max = 0.01ms, min = 0.01ms, total = 0.01ms
	ray::rpc::InternalPubSubGcsService.grpc_client.GcsSubscriberPoll - 1 total (1 active), Execution time: mean = 0.00ms, total = 0.00ms, Queueing time: mean = 0.00ms, max = -0.00ms, min = 9223372036854.78ms, total = 0.00ms

-----------------
Task execution event stats:

Global stats: 5962 total (1 active)
Queueing time: mean = 0.06ms, max = 0.13ms, min = 0.00ms, total = 332.55ms
Execution time:  mean = 0.02ms, total = 93.27ms
Event stats:
	CoreWorker.CheckSignal - 5961 total (1 active), Execution time: mean = 0.02ms, total = 93.26ms, Queueing time: mean = 0.06ms, max = 0.13ms, min = 0.00ms, total = 332.55ms
	PeriodicalRunner.RunFnPeriodically - 1 total (0 active), Execution time: mean = 0.01ms, total = 0.01ms, Queueing time: mean = 0.00ms, max = 0.00ms, min = 0.00ms, total = 0.00ms

-----------------
Task Event stats:

IO Service Stats:

Global stats: 181 total (1 active)
Queueing time: mean = 0.03ms, max = 0.11ms, min = 0.01ms, total = 5.50ms
Execution time:  mean = 0.33ms, total = 59.84ms
Event stats:
	ray::rpc::TaskInfoGcsService.grpc_client.AddTaskEventData.OnReplyReceived - 60 total (0 active), Execution time: mean = 0.03ms, total = 2.07ms, Queueing time: mean = 0.04ms, max = 0.07ms, min = 0.02ms, total = 2.29ms
	ray::rpc::TaskInfoGcsService.grpc_client.AddTaskEventData - 60 total (0 active), Execution time: mean = 0.75ms, total = 45.22ms, Queueing time: mean = 0.00ms, max = -0.00ms, min = 9223372036854.78ms, total = 0.00ms
	CoreWorker.deadline_timer.flush_task_events - 60 total (1 active), Execution time: mean = 0.21ms, total = 12.36ms, Queueing time: mean = 0.05ms, max = 0.11ms, min = 0.02ms, total = 3.20ms
	PeriodicalRunner.RunFnPeriodically - 1 total (0 active), Execution time: mean = 0.18ms, total = 0.18ms, Queueing time: mean = 0.01ms, max = 0.01ms, min = 0.01ms, total = 0.01ms
Other Stats:
	gcs_grpc_in_progress:0
	event_aggregator_grpc_in_progress:0
	current number of task status events in buffer: 0
	current number of profile events in buffer: 0
	current number of dropped task attempts tracked: 0
	total task events sent: 0 MiB
	total number of task attempts sent: 0
	total number of task attempts dropped reported: 0
	total number of sent failure: 0
	num status task events dropped: 0
	num profile task events dropped: 0
	num ray task events reported to aggregator: 0
	num ray task events failed to report to aggregator: 0
	num of task attempts dropped reported to aggregator: 0
	num of failed requests to aggregator: 0

[2026-02-01 22:13:23,651 I 778296 780406] core_worker.cc:455: Event stats:


Global stats: 1757 total (8 active)
Queueing time: mean = 1.19ms, max = 1000.01ms, min = 0.01ms, total = 2085.63ms
Execution time:  mean = 0.08ms, total = 138.99ms
Event stats:
	CoreWorker.RecoverObjects - 1200 total (1 active), Execution time: mean = 0.01ms, total = 10.53ms, Queueing time: mean = 0.05ms, max = 0.11ms, min = 0.02ms, total = 63.69ms
	NodeManagerService.grpc_client.ReportWorkerBacklog - 120 total (0 active), Execution time: mean = 0.77ms, total = 91.86ms, Queueing time: mean = 0.00ms, max = -0.00ms, min = 9223372036854.78ms, total = 0.00ms
	CoreWorker.InternalHeartbeat - 120 total (1 active), Execution time: mean = 0.18ms, total = 21.97ms, Queueing time: mean = 0.05ms, max = 0.10ms, min = 0.01ms, total = 6.11ms
	CoreWorker.ExitIfParentRayletDies - 120 total (1 active), Execution time: mean = 0.01ms, total = 1.28ms, Queueing time: mean = 0.05ms, max = 0.10ms, min = 0.01ms, total = 6.04ms
	NodeManagerService.grpc_client.ReportWorkerBacklog.OnReplyReceived - 120 total (0 active), Execution time: mean = 0.03ms, total = 3.27ms, Queueing time: mean = 0.04ms, max = 0.07ms, min = 0.01ms, total = 4.97ms
	CoreWorker.RecordMetrics - 24 total (1 active), Execution time: mean = 0.06ms, total = 1.34ms, Queueing time: mean = 0.04ms, max = 0.08ms, min = 0.02ms, total = 0.99ms
	CoreWorker.TryDelPendingObjectRefStreams - 12 total (1 active), Execution time: mean = 0.01ms, total = 0.07ms, Queueing time: mean = 0.04ms, max = 0.08ms, min = 0.02ms, total = 0.50ms
	CoreWorkerService.grpc_server.GetCoreWorkerStats.HandleRequestImpl - 8 total (0 active), Execution time: mean = 0.09ms, total = 0.69ms, Queueing time: mean = 0.04ms, max = 0.06ms, min = 0.02ms, total = 0.31ms
	CoreWorkerService.grpc_server.GetCoreWorkerStats - 8 total (0 active), Execution time: mean = 0.33ms, total = 2.64ms, Queueing time: mean = 0.00ms, max = -0.00ms, min = 9223372036854.78ms, total = 0.00ms
	PeriodicalRunner.RunFnPeriodically - 7 total (0 active), Execution time: mean = 0.09ms, total = 0.64ms, Queueing time: mean = 0.26ms, max = 0.64ms, min = 0.01ms, total = 1.84ms
	ReporterService.grpc_client.HealthCheck.OnReplyReceived - 3 total (0 active), Execution time: mean = 0.18ms, total = 0.54ms, Queueing time: mean = 0.08ms, max = 0.18ms, min = 0.01ms, total = 0.24ms
	ReporterService.grpc_client.HealthCheck - 3 total (0 active), Execution time: mean = 0.56ms, total = 1.67ms, Queueing time: mean = 0.00ms, max = -0.00ms, min = 9223372036854.78ms, total = 0.00ms
	CoreWorker.PrintEventStats - 2 total (1 active, 1 running), Execution time: mean = 0.31ms, total = 0.63ms, Queueing time: mean = 0.02ms, max = 0.03ms, min = 0.03ms, total = 0.03ms
	MetricsAgentClient.WaitForServerReadyWithRetry - 2 total (0 active), Execution time: mean = 0.13ms, total = 0.26ms, Queueing time: mean = 1000.01ms, max = 1000.01ms, min = 1000.01ms, total = 2000.03ms
	ray::rpc::NodeInfoGcsService.grpc_client.GetAllNodeAddressAndLiveness - 1 total (0 active), Execution time: mean = 0.49ms, total = 0.49ms, Queueing time: mean = 0.00ms, max = -0.00ms, min = 9223372036854.78ms, total = 0.00ms
	ray::rpc::InternalPubSubGcsService.grpc_client.GcsSubscriberCommandBatch - 1 total (0 active), Execution time: mean = 0.45ms, total = 0.45ms, Queueing time: mean = 0.00ms, max = -0.00ms, min = 9223372036854.78ms, total = 0.00ms
	ray::rpc::WorkerInfoGcsService.grpc_client.AddWorkerInfo.OnReplyReceived - 1 total (0 active), Execution time: mean = 0.03ms, total = 0.03ms, Queueing time: mean = 0.47ms, max = 0.47ms, min = 0.47ms, total = 0.47ms
	ray::rpc::WorkerInfoGcsService.grpc_client.AddWorkerInfo - 1 total (0 active), Execution time: mean = 0.48ms, total = 0.48ms, Queueing time: mean = 0.00ms, max = -0.00ms, min = 9223372036854.78ms, total = 0.00ms
	Publisher.CheckDeadSubscribers - 1 total (1 active), Execution time: mean = 0.00ms, total = 0.00ms, Queueing time: mean = 0.00ms, max = -0.00ms, min = 9223372036854.78ms, total = 0.00ms
	ray::rpc::InternalPubSubGcsService.grpc_client.GcsSubscriberCommandBatch.OnReplyReceived - 1 total (0 active), Execution time: mean = 0.09ms, total = 0.09ms, Queueing time: mean = 0.40ms, max = 0.40ms, min = 0.40ms, total = 0.40ms
	ray::rpc::NodeInfoGcsService.grpc_client.GetAllNodeAddressAndLiveness.OnReplyReceived - 1 total (0 active), Execution time: mean = 0.06ms, total = 0.06ms, Queueing time: mean = 0.01ms, max = 0.01ms, min = 0.01ms, total = 0.01ms
	ray::rpc::InternalPubSubGcsService.grpc_client.GcsSubscriberPoll - 1 total (1 active), Execution time: mean = 0.00ms, total = 0.00ms, Queueing time: mean = 0.00ms, max = -0.00ms, min = 9223372036854.78ms, total = 0.00ms

-----------------
Task execution event stats:

Global stats: 11925 total (1 active)
Queueing time: mean = 0.05ms, max = 1.45ms, min = 0.00ms, total = 648.29ms
Execution time:  mean = 0.02ms, total = 182.54ms
Event stats:
	CoreWorker.CheckSignal - 11924 total (1 active), Execution time: mean = 0.02ms, total = 182.53ms, Queueing time: mean = 0.05ms, max = 1.45ms, min = 0.00ms, total = 648.29ms
	PeriodicalRunner.RunFnPeriodically - 1 total (0 active), Execution time: mean = 0.01ms, total = 0.01ms, Queueing time: mean = 0.00ms, max = 0.00ms, min = 0.00ms, total = 0.00ms

-----------------
Task Event stats:

IO Service Stats:

Global stats: 361 total (1 active)
Queueing time: mean = 0.03ms, max = 0.11ms, min = 0.01ms, total = 11.01ms
Execution time:  mean = 0.34ms, total = 121.21ms
Event stats:
	ray::rpc::TaskInfoGcsService.grpc_client.AddTaskEventData.OnReplyReceived - 120 total (0 active), Execution time: mean = 0.03ms, total = 4.06ms, Queueing time: mean = 0.04ms, max = 0.07ms, min = 0.01ms, total = 4.78ms
	ray::rpc::TaskInfoGcsService.grpc_client.AddTaskEventData - 120 total (0 active), Execution time: mean = 0.77ms, total = 92.14ms, Queueing time: mean = 0.00ms, max = -0.00ms, min = 9223372036854.78ms, total = 0.00ms
	CoreWorker.deadline_timer.flush_task_events - 120 total (1 active), Execution time: mean = 0.21ms, total = 24.83ms, Queueing time: mean = 0.05ms, max = 0.11ms, min = 0.02ms, total = 6.22ms
	PeriodicalRunner.RunFnPeriodically - 1 total (0 active), Execution time: mean = 0.18ms, total = 0.18ms, Queueing time: mean = 0.01ms, max = 0.01ms, min = 0.01ms, total = 0.01ms
Other Stats:
	gcs_grpc_in_progress:0
	event_aggregator_grpc_in_progress:0
	current number of task status events in buffer: 0
	current number of profile events in buffer: 0
	current number of dropped task attempts tracked: 0
	total task events sent: 0 MiB
	total number of task attempts sent: 0
	total number of task attempts dropped reported: 0
	total number of sent failure: 0
	num status task events dropped: 0
	num profile task events dropped: 0
	num ray task events reported to aggregator: 0
	num ray task events failed to report to aggregator: 0
	num of task attempts dropped reported to aggregator: 0
	num of failed requests to aggregator: 0

[2026-02-01 22:14:23,652 I 778296 780406] core_worker.cc:455: Event stats:


Global stats: 2623 total (8 active)
Queueing time: mean = 0.81ms, max = 1000.01ms, min = 0.01ms, total = 2129.28ms
Execution time:  mean = 0.08ms, total = 210.98ms
Event stats:
	CoreWorker.RecoverObjects - 1799 total (1 active), Execution time: mean = 0.01ms, total = 15.81ms, Queueing time: mean = 0.05ms, max = 0.11ms, min = 0.01ms, total = 97.31ms
	NodeManagerService.grpc_client.ReportWorkerBacklog - 180 total (0 active), Execution time: mean = 0.79ms, total = 142.09ms, Queueing time: mean = 0.00ms, max = -0.00ms, min = 9223372036854.78ms, total = 0.00ms
	CoreWorker.InternalHeartbeat - 180 total (1 active), Execution time: mean = 0.18ms, total = 33.18ms, Queueing time: mean = 0.05ms, max = 0.10ms, min = 0.01ms, total = 9.27ms
	CoreWorker.ExitIfParentRayletDies - 180 total (1 active), Execution time: mean = 0.01ms, total = 1.93ms, Queueing time: mean = 0.05ms, max = 0.11ms, min = 0.01ms, total = 9.09ms
	NodeManagerService.grpc_client.ReportWorkerBacklog.OnReplyReceived - 180 total (0 active), Execution time: mean = 0.03ms, total = 4.88ms, Queueing time: mean = 0.04ms, max = 0.07ms, min = 0.01ms, total = 7.31ms
	CoreWorker.RecordMetrics - 36 total (1 active), Execution time: mean = 0.06ms, total = 2.09ms, Queueing time: mean = 0.04ms, max = 0.08ms, min = 0.02ms, total = 1.59ms
	CoreWorker.TryDelPendingObjectRefStreams - 18 total (1 active), Execution time: mean = 0.01ms, total = 0.10ms, Queueing time: mean = 0.07ms, max = 0.49ms, min = 0.02ms, total = 1.21ms
	CoreWorkerService.grpc_server.GetCoreWorkerStats.HandleRequestImpl - 12 total (0 active), Execution time: mean = 0.08ms, total = 0.96ms, Queueing time: mean = 0.04ms, max = 0.06ms, min = 0.02ms, total = 0.45ms
	CoreWorkerService.grpc_server.GetCoreWorkerStats - 12 total (0 active), Execution time: mean = 0.32ms, total = 3.87ms, Queueing time: mean = 0.00ms, max = -0.00ms, min = 9223372036854.78ms, total = 0.00ms
	PeriodicalRunner.RunFnPeriodically - 7 total (0 active), Execution time: mean = 0.09ms, total = 0.64ms, Queueing time: mean = 0.26ms, max = 0.64ms, min = 0.01ms, total = 1.84ms
	ReporterService.grpc_client.HealthCheck.OnReplyReceived - 3 total (0 active), Execution time: mean = 0.18ms, total = 0.54ms, Queueing time: mean = 0.08ms, max = 0.18ms, min = 0.01ms, total = 0.24ms
	ReporterService.grpc_client.HealthCheck - 3 total (0 active), Execution time: mean = 0.56ms, total = 1.67ms, Queueing time: mean = 0.00ms, max = -0.00ms, min = 9223372036854.78ms, total = 0.00ms
	CoreWorker.PrintEventStats - 3 total (1 active, 1 running), Execution time: mean = 0.45ms, total = 1.35ms, Queueing time: mean = 0.02ms, max = 0.03ms, min = 0.03ms, total = 0.06ms
	MetricsAgentClient.WaitForServerReadyWithRetry - 2 total (0 active), Execution time: mean = 0.13ms, total = 0.26ms, Queueing time: mean = 1000.01ms, max = 1000.01ms, min = 1000.01ms, total = 2000.03ms
	ray::rpc::NodeInfoGcsService.grpc_client.GetAllNodeAddressAndLiveness - 1 total (0 active), Execution time: mean = 0.49ms, total = 0.49ms, Queueing time: mean = 0.00ms, max = -0.00ms, min = 9223372036854.78ms, total = 0.00ms
	ray::rpc::InternalPubSubGcsService.grpc_client.GcsSubscriberCommandBatch - 1 total (0 active), Execution time: mean = 0.45ms, total = 0.45ms, Queueing time: mean = 0.00ms, max = -0.00ms, min = 9223372036854.78ms, total = 0.00ms
	ray::rpc::WorkerInfoGcsService.grpc_client.AddWorkerInfo.OnReplyReceived - 1 total (0 active), Execution time: mean = 0.03ms, total = 0.03ms, Queueing time: mean = 0.47ms, max = 0.47ms, min = 0.47ms, total = 0.47ms
	ray::rpc::WorkerInfoGcsService.grpc_client.AddWorkerInfo - 1 total (0 active), Execution time: mean = 0.48ms, total = 0.48ms, Queueing time: mean = 0.00ms, max = -0.00ms, min = 9223372036854.78ms, total = 0.00ms
	Publisher.CheckDeadSubscribers - 1 total (1 active), Execution time: mean = 0.00ms, total = 0.00ms, Queueing time: mean = 0.00ms, max = -0.00ms, min = 9223372036854.78ms, total = 0.00ms
	ray::rpc::InternalPubSubGcsService.grpc_client.GcsSubscriberCommandBatch.OnReplyReceived - 1 total (0 active), Execution time: mean = 0.09ms, total = 0.09ms, Queueing time: mean = 0.40ms, max = 0.40ms, min = 0.40ms, total = 0.40ms
	ray::rpc::NodeInfoGcsService.grpc_client.GetAllNodeAddressAndLiveness.OnReplyReceived - 1 total (0 active), Execution time: mean = 0.06ms, total = 0.06ms, Queueing time: mean = 0.01ms, max = 0.01ms, min = 0.01ms, total = 0.01ms
	ray::rpc::InternalPubSubGcsService.grpc_client.GcsSubscriberPoll - 1 total (1 active), Execution time: mean = 0.00ms, total = 0.00ms, Queueing time: mean = 0.00ms, max = -0.00ms, min = 9223372036854.78ms, total = 0.00ms

-----------------
Task execution event stats:

Global stats: 17888 total (1 active)
Queueing time: mean = 0.05ms, max = 1.45ms, min = -0.00ms, total = 961.63ms
Execution time:  mean = 0.02ms, total = 269.10ms
Event stats:
	CoreWorker.CheckSignal - 17887 total (1 active), Execution time: mean = 0.02ms, total = 269.09ms, Queueing time: mean = 0.05ms, max = 1.45ms, min = -0.00ms, total = 961.63ms
	PeriodicalRunner.RunFnPeriodically - 1 total (0 active), Execution time: mean = 0.01ms, total = 0.01ms, Queueing time: mean = 0.00ms, max = 0.00ms, min = 0.00ms, total = 0.00ms

-----------------
Task Event stats:

IO Service Stats:

Global stats: 541 total (1 active)
Queueing time: mean = 0.03ms, max = 0.11ms, min = 0.01ms, total = 16.34ms
Execution time:  mean = 0.33ms, total = 178.55ms
Event stats:
	ray::rpc::TaskInfoGcsService.grpc_client.AddTaskEventData.OnReplyReceived - 180 total (0 active), Execution time: mean = 0.03ms, total = 5.95ms, Queueing time: mean = 0.04ms, max = 0.07ms, min = 0.01ms, total = 7.31ms
	ray::rpc::TaskInfoGcsService.grpc_client.AddTaskEventData - 180 total (0 active), Execution time: mean = 0.76ms, total = 135.97ms, Queueing time: mean = 0.00ms, max = -0.00ms, min = 9223372036854.78ms, total = 0.00ms
	CoreWorker.deadline_timer.flush_task_events - 180 total (1 active), Execution time: mean = 0.20ms, total = 36.45ms, Queueing time: mean = 0.05ms, max = 0.11ms, min = 0.02ms, total = 9.02ms
	PeriodicalRunner.RunFnPeriodically - 1 total (0 active), Execution time: mean = 0.18ms, total = 0.18ms, Queueing time: mean = 0.01ms, max = 0.01ms, min = 0.01ms, total = 0.01ms
Other Stats:
	gcs_grpc_in_progress:0
	event_aggregator_grpc_in_progress:0
	current number of task status events in buffer: 0
	current number of profile events in buffer: 0
	current number of dropped task attempts tracked: 0
	total task events sent: 0 MiB
	total number of task attempts sent: 0
	total number of task attempts dropped reported: 0
	total number of sent failure: 0
	num status task events dropped: 0
	num profile task events dropped: 0
	num ray task events reported to aggregator: 0
	num ray task events failed to report to aggregator: 0
	num of task attempts dropped reported to aggregator: 0
	num of failed requests to aggregator: 0

[2026-02-01 22:15:23,652 I 778296 780406] core_worker.cc:455: Event stats:


Global stats: 3490 total (8 active)
Queueing time: mean = 0.62ms, max = 1000.01ms, min = 0.01ms, total = 2172.79ms
Execution time:  mean = 0.08ms, total = 281.42ms
Event stats:
	CoreWorker.RecoverObjects - 2399 total (1 active), Execution time: mean = 0.01ms, total = 20.78ms, Queueing time: mean = 0.05ms, max = 0.11ms, min = 0.01ms, total = 130.34ms
	NodeManagerService.grpc_client.ReportWorkerBacklog - 240 total (0 active), Execution time: mean = 0.79ms, total = 190.56ms, Queueing time: mean = 0.00ms, max = -0.00ms, min = 9223372036854.78ms, total = 0.00ms
	CoreWorker.InternalHeartbeat - 240 total (1 active), Execution time: mean = 0.19ms, total = 44.74ms, Queueing time: mean = 0.05ms, max = 0.10ms, min = 0.01ms, total = 12.61ms
	CoreWorker.ExitIfParentRayletDies - 240 total (1 active), Execution time: mean = 0.01ms, total = 2.59ms, Queueing time: mean = 0.05ms, max = 0.11ms, min = 0.01ms, total = 11.98ms
	NodeManagerService.grpc_client.ReportWorkerBacklog.OnReplyReceived - 240 total (0 active), Execution time: mean = 0.03ms, total = 6.53ms, Queueing time: mean = 0.04ms, max = 0.08ms, min = 0.01ms, total = 9.88ms
	CoreWorker.RecordMetrics - 48 total (1 active), Execution time: mean = 0.06ms, total = 2.84ms, Queueing time: mean = 0.05ms, max = 0.11ms, min = 0.02ms, total = 2.27ms
	CoreWorker.TryDelPendingObjectRefStreams - 24 total (1 active), Execution time: mean = 0.01ms, total = 0.14ms, Queueing time: mean = 0.09ms, max = 0.59ms, min = 0.02ms, total = 2.07ms
	CoreWorkerService.grpc_server.GetCoreWorkerStats.HandleRequestImpl - 16 total (0 active), Execution time: mean = 0.08ms, total = 1.26ms, Queueing time: mean = 0.03ms, max = 0.06ms, min = 0.02ms, total = 0.55ms
	CoreWorkerService.grpc_server.GetCoreWorkerStats - 16 total (0 active), Execution time: mean = 0.32ms, total = 5.12ms, Queueing time: mean = 0.00ms, max = -0.00ms, min = 9223372036854.78ms, total = 0.00ms
	PeriodicalRunner.RunFnPeriodically - 7 total (0 active), Execution time: mean = 0.09ms, total = 0.64ms, Queueing time: mean = 0.26ms, max = 0.64ms, min = 0.01ms, total = 1.84ms
	CoreWorker.PrintEventStats - 4 total (1 active, 1 running), Execution time: mean = 0.54ms, total = 2.14ms, Queueing time: mean = 0.03ms, max = 0.04ms, min = 0.03ms, total = 0.10ms
	ReporterService.grpc_client.HealthCheck.OnReplyReceived - 3 total (0 active), Execution time: mean = 0.18ms, total = 0.54ms, Queueing time: mean = 0.08ms, max = 0.18ms, min = 0.01ms, total = 0.24ms
	ReporterService.grpc_client.HealthCheck - 3 total (0 active), Execution time: mean = 0.56ms, total = 1.67ms, Queueing time: mean = 0.00ms, max = -0.00ms, min = 9223372036854.78ms, total = 0.00ms
	MetricsAgentClient.WaitForServerReadyWithRetry - 2 total (0 active), Execution time: mean = 0.13ms, total = 0.26ms, Queueing time: mean = 1000.01ms, max = 1000.01ms, min = 1000.01ms, total = 2000.03ms
	ray::rpc::NodeInfoGcsService.grpc_client.GetAllNodeAddressAndLiveness - 1 total (0 active), Execution time: mean = 0.49ms, total = 0.49ms, Queueing time: mean = 0.00ms, max = -0.00ms, min = 9223372036854.78ms, total = 0.00ms
	ray::rpc::InternalPubSubGcsService.grpc_client.GcsSubscriberCommandBatch - 1 total (0 active), Execution time: mean = 0.45ms, total = 0.45ms, Queueing time: mean = 0.00ms, max = -0.00ms, min = 9223372036854.78ms, total = 0.00ms
	ray::rpc::WorkerInfoGcsService.grpc_client.AddWorkerInfo.OnReplyReceived - 1 total (0 active), Execution time: mean = 0.03ms, total = 0.03ms, Queueing time: mean = 0.47ms, max = 0.47ms, min = 0.47ms, total = 0.47ms
	ray::rpc::WorkerInfoGcsService.grpc_client.AddWorkerInfo - 1 total (0 active), Execution time: mean = 0.48ms, total = 0.48ms, Queueing time: mean = 0.00ms, max = -0.00ms, min = 9223372036854.78ms, total = 0.00ms
	Publisher.CheckDeadSubscribers - 1 total (1 active), Execution time: mean = 0.00ms, total = 0.00ms, Queueing time: mean = 0.00ms, max = -0.00ms, min = 9223372036854.78ms, total = 0.00ms
	ray::rpc::InternalPubSubGcsService.grpc_client.GcsSubscriberCommandBatch.OnReplyReceived - 1 total (0 active), Execution time: mean = 0.09ms, total = 0.09ms, Queueing time: mean = 0.40ms, max = 0.40ms, min = 0.40ms, total = 0.40ms
	ray::rpc::NodeInfoGcsService.grpc_client.GetAllNodeAddressAndLiveness.OnReplyReceived - 1 total (0 active), Execution time: mean = 0.06ms, total = 0.06ms, Queueing time: mean = 0.01ms, max = 0.01ms, min = 0.01ms, total = 0.01ms
	ray::rpc::InternalPubSubGcsService.grpc_client.GcsSubscriberPoll - 1 total (1 active), Execution time: mean = 0.00ms, total = 0.00ms, Queueing time: mean = 0.00ms, max = -0.00ms, min = 9223372036854.78ms, total = 0.00ms

-----------------
Task execution event stats:

Global stats: 23851 total (1 active)
Queueing time: mean = 0.05ms, max = 1.45ms, min = -0.00ms, total = 1279.68ms
Execution time:  mean = 0.02ms, total = 358.00ms
Event stats:
	CoreWorker.CheckSignal - 23850 total (1 active), Execution time: mean = 0.02ms, total = 357.99ms, Queueing time: mean = 0.05ms, max = 1.45ms, min = -0.00ms, total = 1279.68ms
	PeriodicalRunner.RunFnPeriodically - 1 total (0 active), Execution time: mean = 0.01ms, total = 0.01ms, Queueing time: mean = 0.00ms, max = 0.00ms, min = 0.00ms, total = 0.00ms

-----------------
Task Event stats:

IO Service Stats:

Global stats: 721 total (1 active)
Queueing time: mean = 0.03ms, max = 0.11ms, min = 0.01ms, total = 21.33ms
Execution time:  mean = 0.33ms, total = 235.99ms
Event stats:
	ray::rpc::TaskInfoGcsService.grpc_client.AddTaskEventData.OnReplyReceived - 240 total (0 active), Execution time: mean = 0.03ms, total = 7.84ms, Queueing time: mean = 0.04ms, max = 0.07ms, min = 0.01ms, total = 9.52ms
	ray::rpc::TaskInfoGcsService.grpc_client.AddTaskEventData - 240 total (0 active), Execution time: mean = 0.75ms, total = 179.41ms, Queueing time: mean = 0.00ms, max = -0.00ms, min = 9223372036854.78ms, total = 0.00ms
	CoreWorker.deadline_timer.flush_task_events - 240 total (1 active), Execution time: mean = 0.20ms, total = 48.57ms, Queueing time: mean = 0.05ms, max = 0.11ms, min = 0.02ms, total = 11.80ms
	PeriodicalRunner.RunFnPeriodically - 1 total (0 active), Execution time: mean = 0.18ms, total = 0.18ms, Queueing time: mean = 0.01ms, max = 0.01ms, min = 0.01ms, total = 0.01ms
Other Stats:
	gcs_grpc_in_progress:0
	event_aggregator_grpc_in_progress:0
	current number of task status events in buffer: 0
	current number of profile events in buffer: 0
	current number of dropped task attempts tracked: 0
	total task events sent: 0 MiB
	total number of task attempts sent: 0
	total number of task attempts dropped reported: 0
	total number of sent failure: 0
	num status task events dropped: 0
	num profile task events dropped: 0
	num ray task events reported to aggregator: 0
	num ray task events failed to report to aggregator: 0
	num of task attempts dropped reported to aggregator: 0
	num of failed requests to aggregator: 0

[2026-02-01 22:16:23,653 I 778296 780406] core_worker.cc:455: Event stats:


Global stats: 4358 total (8 active)
Queueing time: mean = 0.51ms, max = 1000.01ms, min = 0.01ms, total = 2218.82ms
Execution time:  mean = 0.08ms, total = 350.47ms
Event stats:
	CoreWorker.RecoverObjects - 2999 total (1 active), Execution time: mean = 0.01ms, total = 25.87ms, Queueing time: mean = 0.06ms, max = 0.11ms, min = 0.01ms, total = 165.86ms
	NodeManagerService.grpc_client.ReportWorkerBacklog - 300 total (0 active), Execution time: mean = 0.79ms, total = 237.28ms, Queueing time: mean = 0.00ms, max = -0.00ms, min = 9223372036854.78ms, total = 0.00ms
	CoreWorker.InternalHeartbeat - 300 total (1 active), Execution time: mean = 0.19ms, total = 56.58ms, Queueing time: mean = 0.05ms, max = 0.10ms, min = 0.01ms, total = 16.06ms
	CoreWorker.ExitIfParentRayletDies - 300 total (1 active), Execution time: mean = 0.01ms, total = 3.34ms, Queueing time: mean = 0.05ms, max = 0.11ms, min = 0.01ms, total = 15.27ms
	NodeManagerService.grpc_client.ReportWorkerBacklog.OnReplyReceived - 300 total (0 active), Execution time: mean = 0.03ms, total = 8.12ms, Queueing time: mean = 0.04ms, max = 0.08ms, min = 0.01ms, total = 12.15ms
	CoreWorker.RecordMetrics - 60 total (1 active), Execution time: mean = 0.06ms, total = 3.57ms, Queueing time: mean = 0.05ms, max = 0.11ms, min = 0.02ms, total = 2.91ms
	CoreWorker.TryDelPendingObjectRefStreams - 30 total (1 active), Execution time: mean = 0.01ms, total = 0.17ms, Queueing time: mean = 0.09ms, max = 0.59ms, min = 0.02ms, total = 2.74ms
	CoreWorkerService.grpc_server.GetCoreWorkerStats.HandleRequestImpl - 20 total (0 active), Execution time: mean = 0.08ms, total = 1.60ms, Queueing time: mean = 0.03ms, max = 0.06ms, min = 0.02ms, total = 0.67ms
	CoreWorkerService.grpc_server.GetCoreWorkerStats - 20 total (0 active), Execution time: mean = 0.32ms, total = 6.32ms, Queueing time: mean = 0.00ms, max = -0.00ms, min = 9223372036854.78ms, total = 0.00ms
	PeriodicalRunner.RunFnPeriodically - 7 total (0 active), Execution time: mean = 0.09ms, total = 0.64ms, Queueing time: mean = 0.26ms, max = 0.64ms, min = 0.01ms, total = 1.84ms
	CoreWorker.PrintEventStats - 5 total (1 active, 1 running), Execution time: mean = 0.58ms, total = 2.90ms, Queueing time: mean = 0.03ms, max = 0.04ms, min = 0.03ms, total = 0.14ms
	ReporterService.grpc_client.HealthCheck.OnReplyReceived - 3 total (0 active), Execution time: mean = 0.18ms, total = 0.54ms, Queueing time: mean = 0.08ms, max = 0.18ms, min = 0.01ms, total = 0.24ms
	ReporterService.grpc_client.HealthCheck - 3 total (0 active), Execution time: mean = 0.56ms, total = 1.67ms, Queueing time: mean = 0.00ms, max = -0.00ms, min = 9223372036854.78ms, total = 0.00ms
	Publisher.CheckDeadSubscribers - 2 total (1 active), Execution time: mean = 0.00ms, total = 0.01ms, Queueing time: mean = 0.02ms, max = 0.03ms, min = 0.03ms, total = 0.03ms
	MetricsAgentClient.WaitForServerReadyWithRetry - 2 total (0 active), Execution time: mean = 0.13ms, total = 0.26ms, Queueing time: mean = 1000.01ms, max = 1000.01ms, min = 1000.01ms, total = 2000.03ms
	ray::rpc::NodeInfoGcsService.grpc_client.GetAllNodeAddressAndLiveness - 1 total (0 active), Execution time: mean = 0.49ms, total = 0.49ms, Queueing time: mean = 0.00ms, max = -0.00ms, min = 9223372036854.78ms, total = 0.00ms
	ray::rpc::InternalPubSubGcsService.grpc_client.GcsSubscriberCommandBatch - 1 total (0 active), Execution time: mean = 0.45ms, total = 0.45ms, Queueing time: mean = 0.00ms, max = -0.00ms, min = 9223372036854.78ms, total = 0.00ms
	ray::rpc::WorkerInfoGcsService.grpc_client.AddWorkerInfo.OnReplyReceived - 1 total (0 active), Execution time: mean = 0.03ms, total = 0.03ms, Queueing time: mean = 0.47ms, max = 0.47ms, min = 0.47ms, total = 0.47ms
	ray::rpc::WorkerInfoGcsService.grpc_client.AddWorkerInfo - 1 total (0 active), Execution time: mean = 0.48ms, total = 0.48ms, Queueing time: mean = 0.00ms, max = -0.00ms, min = 9223372036854.78ms, total = 0.00ms
	ray::rpc::InternalPubSubGcsService.grpc_client.GcsSubscriberCommandBatch.OnReplyReceived - 1 total (0 active), Execution time: mean = 0.09ms, total = 0.09ms, Queueing time: mean = 0.40ms, max = 0.40ms, min = 0.40ms, total = 0.40ms
	ray::rpc::NodeInfoGcsService.grpc_client.GetAllNodeAddressAndLiveness.OnReplyReceived - 1 total (0 active), Execution time: mean = 0.06ms, total = 0.06ms, Queueing time: mean = 0.01ms, max = 0.01ms, min = 0.01ms, total = 0.01ms
	ray::rpc::InternalPubSubGcsService.grpc_client.GcsSubscriberPoll - 1 total (1 active), Execution time: mean = 0.00ms, total = 0.00ms, Queueing time: mean = 0.00ms, max = -0.00ms, min = 9223372036854.78ms, total = 0.00ms

-----------------
Task execution event stats:

Global stats: 29813 total (1 active)
Queueing time: mean = 0.05ms, max = 1.49ms, min = -0.10ms, total = 1599.44ms
Execution time:  mean = 0.01ms, total = 446.66ms
Event stats:
	CoreWorker.CheckSignal - 29812 total (1 active), Execution time: mean = 0.01ms, total = 446.65ms, Queueing time: mean = 0.05ms, max = 1.49ms, min = -0.10ms, total = 1599.44ms
	PeriodicalRunner.RunFnPeriodically - 1 total (0 active), Execution time: mean = 0.01ms, total = 0.01ms, Queueing time: mean = 0.00ms, max = 0.00ms, min = 0.00ms, total = 0.00ms

-----------------
Task Event stats:

IO Service Stats:

Global stats: 901 total (1 active)
Queueing time: mean = 0.03ms, max = 0.11ms, min = 0.01ms, total = 26.39ms
Execution time:  mean = 0.33ms, total = 294.72ms
Event stats:
	ray::rpc::TaskInfoGcsService.grpc_client.AddTaskEventData.OnReplyReceived - 300 total (0 active), Execution time: mean = 0.03ms, total = 9.88ms, Queueing time: mean = 0.04ms, max = 0.07ms, min = 0.01ms, total = 11.78ms
	ray::rpc::TaskInfoGcsService.grpc_client.AddTaskEventData - 300 total (0 active), Execution time: mean = 0.75ms, total = 223.79ms, Queueing time: mean = 0.00ms, max = -0.00ms, min = 9223372036854.78ms, total = 0.00ms
	CoreWorker.deadline_timer.flush_task_events - 300 total (1 active), Execution time: mean = 0.20ms, total = 60.86ms, Queueing time: mean = 0.05ms, max = 0.11ms, min = 0.02ms, total = 14.60ms
	PeriodicalRunner.RunFnPeriodically - 1 total (0 active), Execution time: mean = 0.18ms, total = 0.18ms, Queueing time: mean = 0.01ms, max = 0.01ms, min = 0.01ms, total = 0.01ms
Other Stats:
	gcs_grpc_in_progress:0
	event_aggregator_grpc_in_progress:0
	current number of task status events in buffer: 0
	current number of profile events in buffer: 0
	current number of dropped task attempts tracked: 0
	total task events sent: 0 MiB
	total number of task attempts sent: 0
	total number of task attempts dropped reported: 0
	total number of sent failure: 0
	num status task events dropped: 0
	num profile task events dropped: 0
	num ray task events reported to aggregator: 0
	num ray task events failed to report to aggregator: 0
	num of task attempts dropped reported to aggregator: 0
	num of failed requests to aggregator: 0

[2026-02-01 22:17:23,654 I 778296 780406] core_worker.cc:455: Event stats:


Global stats: 5224 total (8 active)
Queueing time: mean = 0.43ms, max = 1000.01ms, min = 0.01ms, total = 2261.22ms
Execution time:  mean = 0.08ms, total = 416.50ms
Event stats:
	CoreWorker.RecoverObjects - 3598 total (1 active), Execution time: mean = 0.01ms, total = 30.94ms, Queueing time: mean = 0.06ms, max = 0.13ms, min = 0.01ms, total = 198.13ms
	NodeManagerService.grpc_client.ReportWorkerBacklog - 360 total (0 active), Execution time: mean = 0.78ms, total = 282.19ms, Queueing time: mean = 0.00ms, max = -0.00ms, min = 9223372036854.78ms, total = 0.00ms
	CoreWorker.InternalHeartbeat - 360 total (1 active), Execution time: mean = 0.19ms, total = 67.47ms, Queueing time: mean = 0.05ms, max = 0.10ms, min = 0.01ms, total = 19.14ms
	CoreWorker.ExitIfParentRayletDies - 360 total (1 active), Execution time: mean = 0.01ms, total = 3.98ms, Queueing time: mean = 0.05ms, max = 0.11ms, min = 0.01ms, total = 18.21ms
	NodeManagerService.grpc_client.ReportWorkerBacklog.OnReplyReceived - 360 total (0 active), Execution time: mean = 0.03ms, total = 9.72ms, Queueing time: mean = 0.04ms, max = 0.08ms, min = 0.01ms, total = 14.65ms
	CoreWorker.RecordMetrics - 72 total (1 active), Execution time: mean = 0.06ms, total = 4.24ms, Queueing time: mean = 0.05ms, max = 0.11ms, min = 0.02ms, total = 3.55ms
	CoreWorker.TryDelPendingObjectRefStreams - 36 total (1 active), Execution time: mean = 0.01ms, total = 0.20ms, Queueing time: mean = 0.10ms, max = 0.59ms, min = 0.02ms, total = 3.58ms
	CoreWorkerService.grpc_server.GetCoreWorkerStats.HandleRequestImpl - 24 total (0 active), Execution time: mean = 0.08ms, total = 1.91ms, Queueing time: mean = 0.03ms, max = 0.06ms, min = 0.02ms, total = 0.77ms
	CoreWorkerService.grpc_server.GetCoreWorkerStats - 24 total (0 active), Execution time: mean = 0.31ms, total = 7.49ms, Queueing time: mean = 0.00ms, max = -0.00ms, min = 9223372036854.78ms, total = 0.00ms
	PeriodicalRunner.RunFnPeriodically - 7 total (0 active), Execution time: mean = 0.09ms, total = 0.64ms, Queueing time: mean = 0.26ms, max = 0.64ms, min = 0.01ms, total = 1.84ms
	CoreWorker.PrintEventStats - 6 total (1 active, 1 running), Execution time: mean = 0.61ms, total = 3.63ms, Queueing time: mean = 0.03ms, max = 0.04ms, min = 0.03ms, total = 0.16ms
	ReporterService.grpc_client.HealthCheck.OnReplyReceived - 3 total (0 active), Execution time: mean = 0.18ms, total = 0.54ms, Queueing time: mean = 0.08ms, max = 0.18ms, min = 0.01ms, total = 0.24ms
	ReporterService.grpc_client.HealthCheck - 3 total (0 active), Execution time: mean = 0.56ms, total = 1.67ms, Queueing time: mean = 0.00ms, max = -0.00ms, min = 9223372036854.78ms, total = 0.00ms
	Publisher.CheckDeadSubscribers - 2 total (1 active), Execution time: mean = 0.00ms, total = 0.01ms, Queueing time: mean = 0.02ms, max = 0.03ms, min = 0.03ms, total = 0.03ms
	MetricsAgentClient.WaitForServerReadyWithRetry - 2 total (0 active), Execution time: mean = 0.13ms, total = 0.26ms, Queueing time: mean = 1000.01ms, max = 1000.01ms, min = 1000.01ms, total = 2000.03ms
	ray::rpc::NodeInfoGcsService.grpc_client.GetAllNodeAddressAndLiveness - 1 total (0 active), Execution time: mean = 0.49ms, total = 0.49ms, Queueing time: mean = 0.00ms, max = -0.00ms, min = 9223372036854.78ms, total = 0.00ms
	ray::rpc::InternalPubSubGcsService.grpc_client.GcsSubscriberCommandBatch - 1 total (0 active), Execution time: mean = 0.45ms, total = 0.45ms, Queueing time: mean = 0.00ms, max = -0.00ms, min = 9223372036854.78ms, total = 0.00ms
	ray::rpc::WorkerInfoGcsService.grpc_client.AddWorkerInfo.OnReplyReceived - 1 total (0 active), Execution time: mean = 0.03ms, total = 0.03ms, Queueing time: mean = 0.47ms, max = 0.47ms, min = 0.47ms, total = 0.47ms
	ray::rpc::WorkerInfoGcsService.grpc_client.AddWorkerInfo - 1 total (0 active), Execution time: mean = 0.48ms, total = 0.48ms, Queueing time: mean = 0.00ms, max = -0.00ms, min = 9223372036854.78ms, total = 0.00ms
	ray::rpc::InternalPubSubGcsService.grpc_client.GcsSubscriberCommandBatch.OnReplyReceived - 1 total (0 active), Execution time: mean = 0.09ms, total = 0.09ms, Queueing time: mean = 0.40ms, max = 0.40ms, min = 0.40ms, total = 0.40ms
	ray::rpc::NodeInfoGcsService.grpc_client.GetAllNodeAddressAndLiveness.OnReplyReceived - 1 total (0 active), Execution time: mean = 0.06ms, total = 0.06ms, Queueing time: mean = 0.01ms, max = 0.01ms, min = 0.01ms, total = 0.01ms
	ray::rpc::InternalPubSubGcsService.grpc_client.GcsSubscriberPoll - 1 total (1 active), Execution time: mean = 0.00ms, total = 0.00ms, Queueing time: mean = 0.00ms, max = -0.00ms, min = 9223372036854.78ms, total = 0.00ms

-----------------
Task execution event stats:

Global stats: 35777 total (1 active)
Queueing time: mean = 0.05ms, max = 1.49ms, min = -0.10ms, total = 1913.00ms
Execution time:  mean = 0.01ms, total = 535.66ms
Event stats:
	CoreWorker.CheckSignal - 35776 total (1 active), Execution time: mean = 0.01ms, total = 535.65ms, Queueing time: mean = 0.05ms, max = 1.49ms, min = -0.10ms, total = 1913.00ms
	PeriodicalRunner.RunFnPeriodically - 1 total (0 active), Execution time: mean = 0.01ms, total = 0.01ms, Queueing time: mean = 0.00ms, max = 0.00ms, min = 0.00ms, total = 0.00ms

-----------------
Task Event stats:

IO Service Stats:

Global stats: 1081 total (1 active)
Queueing time: mean = 0.03ms, max = 0.11ms, min = 0.01ms, total = 31.74ms
Execution time:  mean = 0.33ms, total = 354.56ms
Event stats:
	ray::rpc::TaskInfoGcsService.grpc_client.AddTaskEventData.OnReplyReceived - 360 total (0 active), Execution time: mean = 0.03ms, total = 11.95ms, Queueing time: mean = 0.04ms, max = 0.08ms, min = 0.01ms, total = 14.12ms
	ray::rpc::TaskInfoGcsService.grpc_client.AddTaskEventData - 360 total (0 active), Execution time: mean = 0.75ms, total = 269.56ms, Queueing time: mean = 0.00ms, max = -0.00ms, min = 9223372036854.78ms, total = 0.00ms
	CoreWorker.deadline_timer.flush_task_events - 360 total (1 active), Execution time: mean = 0.20ms, total = 72.87ms, Queueing time: mean = 0.05ms, max = 0.11ms, min = 0.02ms, total = 17.61ms
	PeriodicalRunner.RunFnPeriodically - 1 total (0 active), Execution time: mean = 0.18ms, total = 0.18ms, Queueing time: mean = 0.01ms, max = 0.01ms, min = 0.01ms, total = 0.01ms
Other Stats:
	gcs_grpc_in_progress:0
	event_aggregator_grpc_in_progress:0
	current number of task status events in buffer: 0
	current number of profile events in buffer: 0
	current number of dropped task attempts tracked: 0
	total task events sent: 0 MiB
	total number of task attempts sent: 0
	total number of task attempts dropped reported: 0
	total number of sent failure: 0
	num status task events dropped: 0
	num profile task events dropped: 0
	num ray task events reported to aggregator: 0
	num ray task events failed to report to aggregator: 0
	num of task attempts dropped reported to aggregator: 0
	num of failed requests to aggregator: 0

[2026-02-01 22:18:23,655 I 778296 780406] core_worker.cc:455: Event stats:


Global stats: 6091 total (8 active)
Queueing time: mean = 0.38ms, max = 1000.01ms, min = 0.01ms, total = 2307.04ms
Execution time:  mean = 0.08ms, total = 485.96ms
Event stats:
	CoreWorker.RecoverObjects - 4198 total (1 active), Execution time: mean = 0.01ms, total = 35.90ms, Queueing time: mean = 0.06ms, max = 0.13ms, min = 0.01ms, total = 233.37ms
	NodeManagerService.grpc_client.ReportWorkerBacklog - 420 total (0 active), Execution time: mean = 0.78ms, total = 329.59ms, Queueing time: mean = 0.00ms, max = -0.00ms, min = 9223372036854.78ms, total = 0.00ms
	CoreWorker.InternalHeartbeat - 420 total (1 active), Execution time: mean = 0.19ms, total = 79.26ms, Queueing time: mean = 0.05ms, max = 0.10ms, min = 0.01ms, total = 22.52ms
	CoreWorker.ExitIfParentRayletDies - 420 total (1 active), Execution time: mean = 0.01ms, total = 4.70ms, Queueing time: mean = 0.05ms, max = 0.11ms, min = 0.01ms, total = 21.23ms
	NodeManagerService.grpc_client.ReportWorkerBacklog.OnReplyReceived - 420 total (0 active), Execution time: mean = 0.03ms, total = 11.34ms, Queueing time: mean = 0.04ms, max = 0.08ms, min = 0.01ms, total = 17.30ms
	CoreWorker.RecordMetrics - 84 total (1 active), Execution time: mean = 0.06ms, total = 5.00ms, Queueing time: mean = 0.05ms, max = 0.11ms, min = 0.02ms, total = 4.19ms
	CoreWorker.TryDelPendingObjectRefStreams - 42 total (1 active), Execution time: mean = 0.01ms, total = 0.23ms, Queueing time: mean = 0.10ms, max = 0.59ms, min = 0.02ms, total = 4.24ms
	CoreWorkerService.grpc_server.GetCoreWorkerStats.HandleRequestImpl - 28 total (0 active), Execution time: mean = 0.08ms, total = 2.25ms, Queueing time: mean = 0.03ms, max = 0.06ms, min = 0.02ms, total = 0.93ms
	CoreWorkerService.grpc_server.GetCoreWorkerStats - 28 total (0 active), Execution time: mean = 0.31ms, total = 8.67ms, Queueing time: mean = 0.00ms, max = -0.00ms, min = 9223372036854.78ms, total = 0.00ms
	CoreWorker.PrintEventStats - 7 total (1 active, 1 running), Execution time: mean = 0.61ms, total = 4.30ms, Queueing time: mean = 0.03ms, max = 0.07ms, min = 0.03ms, total = 0.24ms
	PeriodicalRunner.RunFnPeriodically - 7 total (0 active), Execution time: mean = 0.09ms, total = 0.64ms, Queueing time: mean = 0.26ms, max = 0.64ms, min = 0.01ms, total = 1.84ms
	ReporterService.grpc_client.HealthCheck.OnReplyReceived - 3 total (0 active), Execution time: mean = 0.18ms, total = 0.54ms, Queueing time: mean = 0.08ms, max = 0.18ms, min = 0.01ms, total = 0.24ms
	ReporterService.grpc_client.HealthCheck - 3 total (0 active), Execution time: mean = 0.56ms, total = 1.67ms, Queueing time: mean = 0.00ms, max = -0.00ms, min = 9223372036854.78ms, total = 0.00ms
	Publisher.CheckDeadSubscribers - 2 total (1 active), Execution time: mean = 0.00ms, total = 0.01ms, Queueing time: mean = 0.02ms, max = 0.03ms, min = 0.03ms, total = 0.03ms
	MetricsAgentClient.WaitForServerReadyWithRetry - 2 total (0 active), Execution time: mean = 0.13ms, total = 0.26ms, Queueing time: mean = 1000.01ms, max = 1000.01ms, min = 1000.01ms, total = 2000.03ms
	ray::rpc::NodeInfoGcsService.grpc_client.GetAllNodeAddressAndLiveness - 1 total (0 active), Execution time: mean = 0.49ms, total = 0.49ms, Queueing time: mean = 0.00ms, max = -0.00ms, min = 9223372036854.78ms, total = 0.00ms
	ray::rpc::InternalPubSubGcsService.grpc_client.GcsSubscriberCommandBatch - 1 total (0 active), Execution time: mean = 0.45ms, total = 0.45ms, Queueing time: mean = 0.00ms, max = -0.00ms, min = 9223372036854.78ms, total = 0.00ms
	ray::rpc::WorkerInfoGcsService.grpc_client.AddWorkerInfo.OnReplyReceived - 1 total (0 active), Execution time: mean = 0.03ms, total = 0.03ms, Queueing time: mean = 0.47ms, max = 0.47ms, min = 0.47ms, total = 0.47ms
	ray::rpc::WorkerInfoGcsService.grpc_client.AddWorkerInfo - 1 total (0 active), Execution time: mean = 0.48ms, total = 0.48ms, Queueing time: mean = 0.00ms, max = -0.00ms, min = 9223372036854.78ms, total = 0.00ms
	ray::rpc::InternalPubSubGcsService.grpc_client.GcsSubscriberCommandBatch.OnReplyReceived - 1 total (0 active), Execution time: mean = 0.09ms, total = 0.09ms, Queueing time: mean = 0.40ms, max = 0.40ms, min = 0.40ms, total = 0.40ms
	ray::rpc::NodeInfoGcsService.grpc_client.GetAllNodeAddressAndLiveness.OnReplyReceived - 1 total (0 active), Execution time: mean = 0.06ms, total = 0.06ms, Queueing time: mean = 0.01ms, max = 0.01ms, min = 0.01ms, total = 0.01ms
	ray::rpc::InternalPubSubGcsService.grpc_client.GcsSubscriberPoll - 1 total (1 active), Execution time: mean = 0.00ms, total = 0.00ms, Queueing time: mean = 0.00ms, max = -0.00ms, min = 9223372036854.78ms, total = 0.00ms

-----------------
Task execution event stats:

Global stats: 41736 total (1 active)
Queueing time: mean = 0.05ms, max = 1.49ms, min = -0.10ms, total = 2258.43ms
Execution time:  mean = 0.02ms, total = 626.92ms
Event stats:
	CoreWorker.CheckSignal - 41735 total (1 active), Execution time: mean = 0.02ms, total = 626.91ms, Queueing time: mean = 0.05ms, max = 1.49ms, min = -0.10ms, total = 2258.42ms
	PeriodicalRunner.RunFnPeriodically - 1 total (0 active), Execution time: mean = 0.01ms, total = 0.01ms, Queueing time: mean = 0.00ms, max = 0.00ms, min = 0.00ms, total = 0.00ms

-----------------
Task Event stats:

IO Service Stats:

Global stats: 1261 total (1 active)
Queueing time: mean = 0.03ms, max = 0.11ms, min = 0.01ms, total = 36.99ms
Execution time:  mean = 0.33ms, total = 414.06ms
Event stats:
	ray::rpc::TaskInfoGcsService.grpc_client.AddTaskEventData.OnReplyReceived - 420 total (0 active), Execution time: mean = 0.03ms, total = 13.95ms, Queueing time: mean = 0.04ms, max = 0.08ms, min = 0.01ms, total = 16.28ms
	ray::rpc::TaskInfoGcsService.grpc_client.AddTaskEventData - 420 total (0 active), Execution time: mean = 0.75ms, total = 314.41ms, Queueing time: mean = 0.00ms, max = -0.00ms, min = 9223372036854.78ms, total = 0.00ms
	CoreWorker.deadline_timer.flush_task_events - 420 total (1 active), Execution time: mean = 0.20ms, total = 85.52ms, Queueing time: mean = 0.05ms, max = 0.11ms, min = 0.02ms, total = 20.69ms
	PeriodicalRunner.RunFnPeriodically - 1 total (0 active), Execution time: mean = 0.18ms, total = 0.18ms, Queueing time: mean = 0.01ms, max = 0.01ms, min = 0.01ms, total = 0.01ms
Other Stats:
	gcs_grpc_in_progress:0
	event_aggregator_grpc_in_progress:0
	current number of task status events in buffer: 0
	current number of profile events in buffer: 0
	current number of dropped task attempts tracked: 0
	total task events sent: 0 MiB
	total number of task attempts sent: 0
	total number of task attempts dropped reported: 0
	total number of sent failure: 0
	num status task events dropped: 0
	num profile task events dropped: 0
	num ray task events reported to aggregator: 0
	num ray task events failed to report to aggregator: 0
	num of task attempts dropped reported to aggregator: 0
	num of failed requests to aggregator: 0

[2026-02-01 22:19:23,655 I 778296 780406] core_worker.cc:455: Event stats:


Global stats: 6958 total (8 active)
Queueing time: mean = 0.34ms, max = 1000.01ms, min = 0.01ms, total = 2354.25ms
Execution time:  mean = 0.08ms, total = 557.95ms
Event stats:
	CoreWorker.RecoverObjects - 4798 total (1 active), Execution time: mean = 0.01ms, total = 40.88ms, Queueing time: mean = 0.06ms, max = 0.14ms, min = 0.01ms, total = 268.91ms
	NodeManagerService.grpc_client.ReportWorkerBacklog - 480 total (0 active), Execution time: mean = 0.79ms, total = 379.07ms, Queueing time: mean = 0.00ms, max = -0.00ms, min = 9223372036854.78ms, total = 0.00ms
	CoreWorker.InternalHeartbeat - 480 total (1 active), Execution time: mean = 0.19ms, total = 91.10ms, Queueing time: mean = 0.05ms, max = 0.10ms, min = 0.01ms, total = 26.05ms
	CoreWorker.ExitIfParentRayletDies - 480 total (1 active), Execution time: mean = 0.01ms, total = 5.35ms, Queueing time: mean = 0.05ms, max = 0.11ms, min = 0.01ms, total = 24.79ms
	NodeManagerService.grpc_client.ReportWorkerBacklog.OnReplyReceived - 480 total (0 active), Execution time: mean = 0.03ms, total = 13.03ms, Queueing time: mean = 0.04ms, max = 0.08ms, min = 0.01ms, total = 20.39ms
	CoreWorker.RecordMetrics - 96 total (1 active), Execution time: mean = 0.06ms, total = 5.94ms, Queueing time: mean = 0.05ms, max = 0.11ms, min = 0.02ms, total = 4.77ms
	CoreWorker.TryDelPendingObjectRefStreams - 48 total (1 active), Execution time: mean = 0.01ms, total = 0.26ms, Queueing time: mean = 0.10ms, max = 0.59ms, min = 0.02ms, total = 4.95ms
	CoreWorkerService.grpc_server.GetCoreWorkerStats.HandleRequestImpl - 32 total (0 active), Execution time: mean = 0.08ms, total = 2.59ms, Queueing time: mean = 0.03ms, max = 0.06ms, min = 0.02ms, total = 1.06ms
	CoreWorkerService.grpc_server.GetCoreWorkerStats - 32 total (0 active), Execution time: mean = 0.31ms, total = 10.02ms, Queueing time: mean = 0.00ms, max = -0.00ms, min = 9223372036854.78ms, total = 0.00ms
	CoreWorker.PrintEventStats - 8 total (1 active, 1 running), Execution time: mean = 0.62ms, total = 4.97ms, Queueing time: mean = 0.04ms, max = 0.08ms, min = 0.03ms, total = 0.31ms
	PeriodicalRunner.RunFnPeriodically - 7 total (0 active), Execution time: mean = 0.09ms, total = 0.64ms, Queueing time: mean = 0.26ms, max = 0.64ms, min = 0.01ms, total = 1.84ms
	ReporterService.grpc_client.HealthCheck.OnReplyReceived - 3 total (0 active), Execution time: mean = 0.18ms, total = 0.54ms, Queueing time: mean = 0.08ms, max = 0.18ms, min = 0.01ms, total = 0.24ms
	ReporterService.grpc_client.HealthCheck - 3 total (0 active), Execution time: mean = 0.56ms, total = 1.67ms, Queueing time: mean = 0.00ms, max = -0.00ms, min = 9223372036854.78ms, total = 0.00ms
	Publisher.CheckDeadSubscribers - 2 total (1 active), Execution time: mean = 0.00ms, total = 0.01ms, Queueing time: mean = 0.02ms, max = 0.03ms, min = 0.03ms, total = 0.03ms
	MetricsAgentClient.WaitForServerReadyWithRetry - 2 total (0 active), Execution time: mean = 0.13ms, total = 0.26ms, Queueing time: mean = 1000.01ms, max = 1000.01ms, min = 1000.01ms, total = 2000.03ms
	ray::rpc::NodeInfoGcsService.grpc_client.GetAllNodeAddressAndLiveness - 1 total (0 active), Execution time: mean = 0.49ms, total = 0.49ms, Queueing time: mean = 0.00ms, max = -0.00ms, min = 9223372036854.78ms, total = 0.00ms
	ray::rpc::InternalPubSubGcsService.grpc_client.GcsSubscriberCommandBatch - 1 total (0 active), Execution time: mean = 0.45ms, total = 0.45ms, Queueing time: mean = 0.00ms, max = -0.00ms, min = 9223372036854.78ms, total = 0.00ms
	ray::rpc::WorkerInfoGcsService.grpc_client.AddWorkerInfo.OnReplyReceived - 1 total (0 active), Execution time: mean = 0.03ms, total = 0.03ms, Queueing time: mean = 0.47ms, max = 0.47ms, min = 0.47ms, total = 0.47ms
	ray::rpc::WorkerInfoGcsService.grpc_client.AddWorkerInfo - 1 total (0 active), Execution time: mean = 0.48ms, total = 0.48ms, Queueing time: mean = 0.00ms, max = -0.00ms, min = 9223372036854.78ms, total = 0.00ms
	ray::rpc::InternalPubSubGcsService.grpc_client.GcsSubscriberCommandBatch.OnReplyReceived - 1 total (0 active), Execution time: mean = 0.09ms, total = 0.09ms, Queueing time: mean = 0.40ms, max = 0.40ms, min = 0.40ms, total = 0.40ms
	ray::rpc::NodeInfoGcsService.grpc_client.GetAllNodeAddressAndLiveness.OnReplyReceived - 1 total (0 active), Execution time: mean = 0.06ms, total = 0.06ms, Queueing time: mean = 0.01ms, max = 0.01ms, min = 0.01ms, total = 0.01ms
	ray::rpc::InternalPubSubGcsService.grpc_client.GcsSubscriberPoll - 1 total (1 active), Execution time: mean = 0.00ms, total = 0.00ms, Queueing time: mean = 0.00ms, max = -0.00ms, min = 9223372036854.78ms, total = 0.00ms

-----------------
Task execution event stats:

Global stats: 47697 total (1 active)
Queueing time: mean = 0.05ms, max = 1.49ms, min = -0.10ms, total = 2598.60ms
Execution time:  mean = 0.01ms, total = 714.93ms
Event stats:
	CoreWorker.CheckSignal - 47696 total (1 active), Execution time: mean = 0.01ms, total = 714.92ms, Queueing time: mean = 0.05ms, max = 1.49ms, min = -0.10ms, total = 2598.60ms
	PeriodicalRunner.RunFnPeriodically - 1 total (0 active), Execution time: mean = 0.01ms, total = 0.01ms, Queueing time: mean = 0.00ms, max = 0.00ms, min = 0.00ms, total = 0.00ms

-----------------
Task Event stats:

IO Service Stats:

Global stats: 1441 total (1 active)
Queueing time: mean = 0.03ms, max = 0.11ms, min = 0.01ms, total = 42.53ms
Execution time:  mean = 0.33ms, total = 476.40ms
Event stats:
	ray::rpc::TaskInfoGcsService.grpc_client.AddTaskEventData.OnReplyReceived - 480 total (0 active), Execution time: mean = 0.03ms, total = 16.01ms, Queueing time: mean = 0.04ms, max = 0.08ms, min = 0.01ms, total = 18.85ms
	ray::rpc::TaskInfoGcsService.grpc_client.AddTaskEventData - 480 total (0 active), Execution time: mean = 0.75ms, total = 361.89ms, Queueing time: mean = 0.00ms, max = -0.00ms, min = 9223372036854.78ms, total = 0.00ms
	CoreWorker.deadline_timer.flush_task_events - 480 total (1 active), Execution time: mean = 0.20ms, total = 98.33ms, Queueing time: mean = 0.05ms, max = 0.11ms, min = 0.02ms, total = 23.67ms
	PeriodicalRunner.RunFnPeriodically - 1 total (0 active), Execution time: mean = 0.18ms, total = 0.18ms, Queueing time: mean = 0.01ms, max = 0.01ms, min = 0.01ms, total = 0.01ms
Other Stats:
	gcs_grpc_in_progress:0
	event_aggregator_grpc_in_progress:0
	current number of task status events in buffer: 0
	current number of profile events in buffer: 0
	current number of dropped task attempts tracked: 0
	total task events sent: 0 MiB
	total number of task attempts sent: 0
	total number of task attempts dropped reported: 0
	total number of sent failure: 0
	num status task events dropped: 0
	num profile task events dropped: 0
	num ray task events reported to aggregator: 0
	num ray task events failed to report to aggregator: 0
	num of task attempts dropped reported to aggregator: 0
	num of failed requests to aggregator: 0

[2026-02-01 22:19:50,777 I 778296 780406] accessor.cc:433: Received address and liveness notification for node, IsAlive = 0 node_id=b87a8b79ccc5059a49e4cb9d2f431316c73199e27eae672a37a2c26a
[2026-02-01 22:19:50,777 I 778296 780406] core_worker.cc:740: Node failure. All objects pinned on that node will be lost if object reconstruction is not enabled. node_id=b87a8b79ccc5059a49e4cb9d2f431316c73199e27eae672a37a2c26a
[2026-02-01 22:19:50,777 I 778296 780406] normal_task_submitter.cc:840: Number of alive nodes:0
