2026-02-05 23:09:27,323	INFO log_monitor.py:169 -- Starting log monitor with [max open files=200], [is_autoscaler_v2=False]
2026-02-05 23:09:27,326	INFO log_monitor.py:291 -- Beginning to track file raylet.err
2026-02-05 23:09:27,326	INFO log_monitor.py:291 -- Beginning to track file monitor.log
2026-02-05 23:09:27,326	INFO log_monitor.py:291 -- Beginning to track file gcs_server.err
2026-02-05 23:09:27,534	INFO log_monitor.py:291 -- Beginning to track file worker-117dd3547b6b7fd0125fd481f8a41c27a4db472a64bf4c9d66bc56b2-ffffffff-3821132.out
2026-02-05 23:09:27,534	INFO log_monitor.py:291 -- Beginning to track file worker-4f39b1f779fe3c29ceb5a59c4c78bda2a6e18b282a64fe7aedb754d5-ffffffff-3821134.out
2026-02-05 23:09:27,534	INFO log_monitor.py:291 -- Beginning to track file worker-021fedcabecdf170097ba229daf33889ae2f29c66707bd363c9270cb-ffffffff-3821135.err
2026-02-05 23:09:27,534	INFO log_monitor.py:291 -- Beginning to track file worker-4f39b1f779fe3c29ceb5a59c4c78bda2a6e18b282a64fe7aedb754d5-ffffffff-3821134.err
2026-02-05 23:09:27,534	INFO log_monitor.py:291 -- Beginning to track file worker-117dd3547b6b7fd0125fd481f8a41c27a4db472a64bf4c9d66bc56b2-ffffffff-3821132.err
2026-02-05 23:09:27,534	INFO log_monitor.py:291 -- Beginning to track file worker-021fedcabecdf170097ba229daf33889ae2f29c66707bd363c9270cb-ffffffff-3821135.out
2026-02-05 23:09:27,636	INFO log_monitor.py:291 -- Beginning to track file worker-cec1e6d03f4e2a9de6d8e99df1064241e71dbd2fe54b98f1d8c8909c-ffffffff-3821141.err
2026-02-05 23:09:27,637	INFO log_monitor.py:291 -- Beginning to track file worker-53c999724730ad2e5087835bd095c0672cb0bad15b5507bf9663ba7c-ffffffff-3821153.err
2026-02-05 23:09:27,637	INFO log_monitor.py:291 -- Beginning to track file worker-206adfb28d4a5ebe500efa82b356086466193beb57c87d8d437699e6-ffffffff-3821142.err
2026-02-05 23:09:27,637	INFO log_monitor.py:291 -- Beginning to track file worker-8f95f7bdca3ad79c288b51fd5d5cfaac9a27d8700b6861a98553d0cb-ffffffff-3821138.out
2026-02-05 23:09:27,637	INFO log_monitor.py:291 -- Beginning to track file worker-2eb4eb160922d04836378fb7c853d45bf040306236e42e44386ccec1-ffffffff-3821131.out
2026-02-05 23:09:27,637	INFO log_monitor.py:291 -- Beginning to track file worker-ed6f54f6782a163b631f3aae8575e1b09d367eaeab76d108cdcd8924-ffffffff-3821158.out
2026-02-05 23:09:27,637	INFO log_monitor.py:291 -- Beginning to track file worker-0ac652f1d6b39a917dc4c29b873e75453170a37e711263c745abf70a-ffffffff-3821145.err
2026-02-05 23:09:27,637	INFO log_monitor.py:291 -- Beginning to track file worker-cec1e6d03f4e2a9de6d8e99df1064241e71dbd2fe54b98f1d8c8909c-ffffffff-3821141.out
2026-02-05 23:09:27,637	INFO log_monitor.py:291 -- Beginning to track file worker-ed6f54f6782a163b631f3aae8575e1b09d367eaeab76d108cdcd8924-ffffffff-3821158.err
2026-02-05 23:09:27,637	INFO log_monitor.py:291 -- Beginning to track file worker-ee6a1870f24fa07eacfaf74a8ca12747eb52984c340220a15ee2d6cf-ffffffff-3821151.err
2026-02-05 23:09:27,637	INFO log_monitor.py:291 -- Beginning to track file worker-656c6b7753e239c51562544f50453c0b64219247b913dfc6864c1029-ffffffff-3821139.err
2026-02-05 23:09:27,637	INFO log_monitor.py:291 -- Beginning to track file worker-25b76e96e09e4e77414f9acdf9c9fa39dc3b09367dfd9def5d6a8c05-ffffffff-3821129.err
2026-02-05 23:09:27,637	INFO log_monitor.py:291 -- Beginning to track file worker-6b8bea19da4e71e1bce15b42b3fb25ee993ce742cf6128500cfe9175-ffffffff-3821140.out
2026-02-05 23:09:27,637	INFO log_monitor.py:291 -- Beginning to track file worker-31e51bc7d894c04e0191d6b552026945072a7cd92c43deb84488012b-ffffffff-3821147.out
2026-02-05 23:09:27,638	INFO log_monitor.py:291 -- Beginning to track file worker-25b76e96e09e4e77414f9acdf9c9fa39dc3b09367dfd9def5d6a8c05-ffffffff-3821129.out
2026-02-05 23:09:27,638	INFO log_monitor.py:291 -- Beginning to track file worker-31e51bc7d894c04e0191d6b552026945072a7cd92c43deb84488012b-ffffffff-3821147.err
2026-02-05 23:09:27,638	INFO log_monitor.py:291 -- Beginning to track file worker-14bfda932a5c37e7b2e2dc45e2e6ef04924f1b759e65ca92883753b6-ffffffff-3821157.out
2026-02-05 23:09:27,638	INFO log_monitor.py:291 -- Beginning to track file worker-8f95f7bdca3ad79c288b51fd5d5cfaac9a27d8700b6861a98553d0cb-ffffffff-3821138.err
2026-02-05 23:09:27,638	INFO log_monitor.py:291 -- Beginning to track file worker-9d709f8a6a3ebf8f6ae1775996eebb35bcc65c7ec1dbef0496873879-ffffffff-3821137.out
2026-02-05 23:09:27,638	INFO log_monitor.py:291 -- Beginning to track file worker-206adfb28d4a5ebe500efa82b356086466193beb57c87d8d437699e6-ffffffff-3821142.out
2026-02-05 23:09:27,638	INFO log_monitor.py:291 -- Beginning to track file worker-14bfda932a5c37e7b2e2dc45e2e6ef04924f1b759e65ca92883753b6-ffffffff-3821157.err
2026-02-05 23:09:27,638	INFO log_monitor.py:291 -- Beginning to track file worker-2eb4eb160922d04836378fb7c853d45bf040306236e42e44386ccec1-ffffffff-3821131.err
2026-02-05 23:09:27,638	INFO log_monitor.py:291 -- Beginning to track file worker-6a8aea62ade2f64d13f926035a8c5e37741f45d5abd3ca1a25e98666-ffffffff-3821130.err
2026-02-05 23:09:27,638	INFO log_monitor.py:291 -- Beginning to track file worker-6a8aea62ade2f64d13f926035a8c5e37741f45d5abd3ca1a25e98666-ffffffff-3821130.out
2026-02-05 23:09:27,638	INFO log_monitor.py:291 -- Beginning to track file worker-ee6a1870f24fa07eacfaf74a8ca12747eb52984c340220a15ee2d6cf-ffffffff-3821151.out
2026-02-05 23:09:27,638	INFO log_monitor.py:291 -- Beginning to track file worker-9d709f8a6a3ebf8f6ae1775996eebb35bcc65c7ec1dbef0496873879-ffffffff-3821137.err
2026-02-05 23:09:27,638	INFO log_monitor.py:291 -- Beginning to track file worker-656c6b7753e239c51562544f50453c0b64219247b913dfc6864c1029-ffffffff-3821139.out
2026-02-05 23:09:27,639	INFO log_monitor.py:291 -- Beginning to track file worker-0ac652f1d6b39a917dc4c29b873e75453170a37e711263c745abf70a-ffffffff-3821145.out
2026-02-05 23:09:27,639	INFO log_monitor.py:291 -- Beginning to track file worker-6b8bea19da4e71e1bce15b42b3fb25ee993ce742cf6128500cfe9175-ffffffff-3821140.err
2026-02-05 23:09:27,639	INFO log_monitor.py:291 -- Beginning to track file worker-53c999724730ad2e5087835bd095c0672cb0bad15b5507bf9663ba7c-ffffffff-3821153.out
2026-02-05 23:09:27,741	INFO log_monitor.py:291 -- Beginning to track file worker-04e21fb91ac829c5faabd305b9795c90e1ce292876d6882dfb862d01-ffffffff-3821149.err
2026-02-05 23:09:27,741	INFO log_monitor.py:291 -- Beginning to track file worker-585d547d1bc107e1f5134300fe1e371fa5b668d9ad5a87493713a073-ffffffff-3821162.out
2026-02-05 23:09:27,741	INFO log_monitor.py:291 -- Beginning to track file worker-89956e86f6e02a83799063517228f7ab2af5b17ae4c097665aaa28f4-ffffffff-3821167.err
2026-02-05 23:09:27,741	INFO log_monitor.py:291 -- Beginning to track file worker-8f7eceee7e506fbd1ed846a0fc8d8a269109c6e0eb7fce4ceb033899-ffffffff-3821154.out
2026-02-05 23:09:27,741	INFO log_monitor.py:291 -- Beginning to track file worker-001b9e14916b8ffe0ec2ce25afc84712f720af12f99561dc6ecded86-ffffffff-3821165.err
2026-02-05 23:09:27,741	INFO log_monitor.py:291 -- Beginning to track file worker-dc594fb6205c8e6dfe351be55daf92d7ad736a7daa032f51aceeb056-ffffffff-3821163.err
2026-02-05 23:09:27,741	INFO log_monitor.py:291 -- Beginning to track file worker-e2d9bea3bda5fc24f3f700310dae581302be8411a5fcb4c1accd5183-ffffffff-3821173.out
2026-02-05 23:09:27,742	INFO log_monitor.py:291 -- Beginning to track file worker-e639c2c387c92dd925f783683a73934109ba19aaa1a7cdd957f0d79d-ffffffff-3821152.err
2026-02-05 23:09:27,742	INFO log_monitor.py:291 -- Beginning to track file worker-04e21fb91ac829c5faabd305b9795c90e1ce292876d6882dfb862d01-ffffffff-3821149.out
2026-02-05 23:09:27,742	INFO log_monitor.py:291 -- Beginning to track file worker-ed179a6923576085c7f82697f851d2cb3ace79b96d7a9077b1bb67a6-ffffffff-3821159.out
2026-02-05 23:09:27,742	INFO log_monitor.py:291 -- Beginning to track file worker-75e564017b338b84e7d2759a4a91cfd1a40461077cd29e7d44f1f785-ffffffff-3821169.out
2026-02-05 23:09:27,742	INFO log_monitor.py:291 -- Beginning to track file worker-e639c2c387c92dd925f783683a73934109ba19aaa1a7cdd957f0d79d-ffffffff-3821152.out
2026-02-05 23:09:27,742	INFO log_monitor.py:291 -- Beginning to track file worker-89956e86f6e02a83799063517228f7ab2af5b17ae4c097665aaa28f4-ffffffff-3821167.out
2026-02-05 23:09:27,742	INFO log_monitor.py:291 -- Beginning to track file worker-dc594fb6205c8e6dfe351be55daf92d7ad736a7daa032f51aceeb056-ffffffff-3821163.out
2026-02-05 23:09:27,742	INFO log_monitor.py:291 -- Beginning to track file worker-e2d9bea3bda5fc24f3f700310dae581302be8411a5fcb4c1accd5183-ffffffff-3821173.err
2026-02-05 23:09:27,742	INFO log_monitor.py:291 -- Beginning to track file worker-585d547d1bc107e1f5134300fe1e371fa5b668d9ad5a87493713a073-ffffffff-3821162.err
2026-02-05 23:09:27,743	INFO log_monitor.py:291 -- Beginning to track file worker-001b9e14916b8ffe0ec2ce25afc84712f720af12f99561dc6ecded86-ffffffff-3821165.out
2026-02-05 23:09:27,743	INFO log_monitor.py:291 -- Beginning to track file worker-7db4d273602d0a99c964dfcd1cc921db17f1b6f5b7f37e8876f9bf85-ffffffff-3821172.err
2026-02-05 23:09:27,743	INFO log_monitor.py:291 -- Beginning to track file worker-caee73ea334336d17fdac3524ba29fa8a758761a4503d6ab4e9ff2cb-ffffffff-3821168.out
2026-02-05 23:09:27,743	INFO log_monitor.py:291 -- Beginning to track file worker-ed179a6923576085c7f82697f851d2cb3ace79b96d7a9077b1bb67a6-ffffffff-3821159.err
2026-02-05 23:09:27,743	INFO log_monitor.py:291 -- Beginning to track file worker-7db4d273602d0a99c964dfcd1cc921db17f1b6f5b7f37e8876f9bf85-ffffffff-3821172.out
2026-02-05 23:09:27,743	INFO log_monitor.py:291 -- Beginning to track file worker-caee73ea334336d17fdac3524ba29fa8a758761a4503d6ab4e9ff2cb-ffffffff-3821168.err
2026-02-05 23:09:27,743	INFO log_monitor.py:291 -- Beginning to track file worker-7113be15727360096e04e75dcde521b528b522e44bcce45b7c243adf-ffffffff-3821164.err
2026-02-05 23:09:27,743	INFO log_monitor.py:291 -- Beginning to track file worker-75e564017b338b84e7d2759a4a91cfd1a40461077cd29e7d44f1f785-ffffffff-3821169.err
2026-02-05 23:09:27,743	INFO log_monitor.py:291 -- Beginning to track file worker-8838a429d67af9023976a62d5983c6d0f543fe9551551d100931c670-ffffffff-3821150.err
2026-02-05 23:09:27,744	INFO log_monitor.py:291 -- Beginning to track file worker-7113be15727360096e04e75dcde521b528b522e44bcce45b7c243adf-ffffffff-3821164.out
2026-02-05 23:09:27,744	INFO log_monitor.py:291 -- Beginning to track file worker-8f7eceee7e506fbd1ed846a0fc8d8a269109c6e0eb7fce4ceb033899-ffffffff-3821154.err
2026-02-05 23:09:27,744	INFO log_monitor.py:291 -- Beginning to track file worker-8838a429d67af9023976a62d5983c6d0f543fe9551551d100931c670-ffffffff-3821150.out
2026-02-05 23:09:27,846	INFO log_monitor.py:291 -- Beginning to track file worker-b8c9497b0db61ac3c6ad98ea5832b19fc35c3beb4ed7cc4d29aad058-ffffffff-3821175.err
2026-02-05 23:09:27,846	INFO log_monitor.py:291 -- Beginning to track file worker-0b811020ee53e2ce193171bccda2d25475de31866b77ca5b051047ec-ffffffff-3821166.err
2026-02-05 23:09:27,847	INFO log_monitor.py:291 -- Beginning to track file worker-2375d0d52247dcbfb67e54a5e0f1b6ac01bb2dc39cc90b3b669ecd43-ffffffff-3821171.out
2026-02-05 23:09:27,847	INFO log_monitor.py:291 -- Beginning to track file worker-b8c9497b0db61ac3c6ad98ea5832b19fc35c3beb4ed7cc4d29aad058-ffffffff-3821175.out
2026-02-05 23:09:27,847	INFO log_monitor.py:291 -- Beginning to track file worker-8f8d54fecd6106dd7dcb27babe0352fe21762f7ecda82f4c0c64f210-ffffffff-3821156.err
2026-02-05 23:09:27,847	INFO log_monitor.py:291 -- Beginning to track file worker-1d7a74b4496ffbbf26b501c90f4f8c96346fca4df4516933c9f4b8d2-ffffffff-3821133.err
2026-02-05 23:09:27,847	INFO log_monitor.py:291 -- Beginning to track file worker-2c2b58c3eaead6c2925f106ed17a2634fb08f8daa2aee9a8442547fa-ffffffff-3821144.out
2026-02-05 23:09:27,847	INFO log_monitor.py:291 -- Beginning to track file worker-0b811020ee53e2ce193171bccda2d25475de31866b77ca5b051047ec-ffffffff-3821166.out
2026-02-05 23:09:27,847	INFO log_monitor.py:291 -- Beginning to track file worker-7cf4070ee2856845cd014dc3ccb2188154ab02a10d2c3e5f30c4ed7f-ffffffff-3821136.out
2026-02-05 23:09:27,847	INFO log_monitor.py:291 -- Beginning to track file worker-2c2b58c3eaead6c2925f106ed17a2634fb08f8daa2aee9a8442547fa-ffffffff-3821144.err
2026-02-05 23:09:27,848	INFO log_monitor.py:291 -- Beginning to track file worker-8f8d54fecd6106dd7dcb27babe0352fe21762f7ecda82f4c0c64f210-ffffffff-3821156.out
2026-02-05 23:09:27,848	INFO log_monitor.py:291 -- Beginning to track file worker-1d7a74b4496ffbbf26b501c90f4f8c96346fca4df4516933c9f4b8d2-ffffffff-3821133.out
2026-02-05 23:09:27,848	INFO log_monitor.py:291 -- Beginning to track file worker-7cf4070ee2856845cd014dc3ccb2188154ab02a10d2c3e5f30c4ed7f-ffffffff-3821136.err
2026-02-05 23:09:27,848	INFO log_monitor.py:291 -- Beginning to track file worker-2375d0d52247dcbfb67e54a5e0f1b6ac01bb2dc39cc90b3b669ecd43-ffffffff-3821171.err
2026-02-05 23:09:27,951	INFO log_monitor.py:291 -- Beginning to track file worker-80eab5fb52fca296971ee45ef49446a3c0142a1e67ef14d6a6fe1dc9-ffffffff-3821170.out
2026-02-05 23:09:27,951	INFO log_monitor.py:291 -- Beginning to track file worker-21f01cb53d68ce65eb7281dc903faa4162c8747c1c1cceb76a555f56-ffffffff-3821174.out
2026-02-05 23:09:27,951	INFO log_monitor.py:291 -- Beginning to track file worker-56dadcf0de824452d0bae5c1802274823339e553a10024153b429edf-ffffffff-3821148.out
2026-02-05 23:09:27,951	INFO log_monitor.py:291 -- Beginning to track file worker-429b5ef9d0597fc983b9c609c2bd45b0758b6de4474b190131797f6d-ffffffff-3821160.out
2026-02-05 23:09:27,951	INFO log_monitor.py:291 -- Beginning to track file worker-83709cde9f4a3999f93e41d91e26b60a80827a6b3ed11b776cb2be1c-ffffffff-3821176.err
2026-02-05 23:09:27,951	INFO log_monitor.py:291 -- Beginning to track file worker-21f01cb53d68ce65eb7281dc903faa4162c8747c1c1cceb76a555f56-ffffffff-3821174.err
2026-02-05 23:09:27,952	INFO log_monitor.py:291 -- Beginning to track file worker-6ed6c11d75be4ba157241d3063f49fd042ac26c997341cd6746927bd-ffffffff-3821155.err
2026-02-05 23:09:27,952	INFO log_monitor.py:291 -- Beginning to track file worker-56dadcf0de824452d0bae5c1802274823339e553a10024153b429edf-ffffffff-3821148.err
2026-02-05 23:09:27,952	INFO log_monitor.py:291 -- Beginning to track file worker-80eab5fb52fca296971ee45ef49446a3c0142a1e67ef14d6a6fe1dc9-ffffffff-3821170.err
2026-02-05 23:09:27,952	INFO log_monitor.py:291 -- Beginning to track file worker-429b5ef9d0597fc983b9c609c2bd45b0758b6de4474b190131797f6d-ffffffff-3821160.err
2026-02-05 23:09:27,952	INFO log_monitor.py:291 -- Beginning to track file worker-83709cde9f4a3999f93e41d91e26b60a80827a6b3ed11b776cb2be1c-ffffffff-3821176.out
2026-02-05 23:09:27,952	INFO log_monitor.py:291 -- Beginning to track file worker-6ed6c11d75be4ba157241d3063f49fd042ac26c997341cd6746927bd-ffffffff-3821155.out
2026-02-05 23:09:28,055	INFO log_monitor.py:291 -- Beginning to track file worker-0dc852385fbae7cf7ebdc53fa91ce3fd4d76ecb7b1b3cf63098ea904-ffffffff-3821143.err
2026-02-05 23:09:28,055	INFO log_monitor.py:291 -- Beginning to track file worker-687f9df4f8fca8c4a6e20ff1c39ca1c3c0d531b7d0f1cee7372d4418-ffffffff-3821146.out
2026-02-05 23:09:28,056	INFO log_monitor.py:291 -- Beginning to track file worker-687f9df4f8fca8c4a6e20ff1c39ca1c3c0d531b7d0f1cee7372d4418-ffffffff-3821146.err
2026-02-05 23:09:28,056	INFO log_monitor.py:291 -- Beginning to track file worker-dbe85e310cd3375552fa596c341e5f395a956fc4298ab30ec5f071de-ffffffff-3821161.out
2026-02-05 23:09:28,056	INFO log_monitor.py:291 -- Beginning to track file worker-0dc852385fbae7cf7ebdc53fa91ce3fd4d76ecb7b1b3cf63098ea904-ffffffff-3821143.out
2026-02-05 23:09:28,056	INFO log_monitor.py:291 -- Beginning to track file worker-dbe85e310cd3375552fa596c341e5f395a956fc4298ab30ec5f071de-ffffffff-3821161.err
2026-02-05 23:09:28,882	INFO log_monitor.py:291 -- Beginning to track file worker-97f3d62294d4f3c923bdb8e84831e5243a447da4ca4929e728f9bb1e-01000000-3823893.out
2026-02-05 23:09:28,882	INFO log_monitor.py:291 -- Beginning to track file worker-97f3d62294d4f3c923bdb8e84831e5243a447da4ca4929e728f9bb1e-01000000-3823893.err
2026-02-05 23:09:39,838	INFO log_monitor.py:291 -- Beginning to track file worker-754c5cb524aa340ebe707426ef92a24f148f54ec7262c7668741242a-01000000-3824584.out
2026-02-05 23:09:39,838	INFO log_monitor.py:291 -- Beginning to track file worker-754c5cb524aa340ebe707426ef92a24f148f54ec7262c7668741242a-01000000-3824584.err
2026-02-05 23:09:40,892	INFO log_monitor.py:291 -- Beginning to track file worker-0c02a7d9fc853f8dfe0fba43f857619ed698a0de212b30f7945eac9a-01000000-3824674.err
2026-02-05 23:09:40,892	INFO log_monitor.py:291 -- Beginning to track file worker-0c02a7d9fc853f8dfe0fba43f857619ed698a0de212b30f7945eac9a-01000000-3824674.out
2026-02-05 23:09:48,893	INFO log_monitor.py:291 -- Beginning to track file worker-291a03457d60efb3de31a887b2eb9d0a5cb02243f34446487561a39f-01000000-3825091.err
2026-02-05 23:09:48,893	INFO log_monitor.py:291 -- Beginning to track file worker-291a03457d60efb3de31a887b2eb9d0a5cb02243f34446487561a39f-01000000-3825091.out
2026-02-05 23:09:50,149	INFO log_monitor.py:291 -- Beginning to track file worker-884aa51706f85e01b42b80d6a9c85d7c8f8658d19d2e4e156d34e2f1-01000000-3825153.out
2026-02-05 23:09:50,150	INFO log_monitor.py:291 -- Beginning to track file worker-884aa51706f85e01b42b80d6a9c85d7c8f8658d19d2e4e156d34e2f1-01000000-3825153.err
