[2026-02-14 20:09:34,172 I 3074361 3074361] core_worker_process.cc:777: Constructing CoreWorkerProcess. pid: 3074361
[2026-02-14 20:09:34,178 I 3074361 3074361] event.cc:499: Ray Event initialized for CORE_WORKER
[2026-02-14 20:09:34,178 I 3074361 3074361] event.cc:499: Ray Event initialized for EXPORT_TASK
[2026-02-14 20:09:34,178 I 3074361 3074361] event.cc:332: Set ray event level to warning
[2026-02-14 20:09:34,178 I 3074361 3074361] event_aggregator_client.h:50: Initiating the local event aggregator client with port: 60737
[2026-02-14 20:09:35,183 I 3074361 3074361] grpc_server.cc:143: driver server started, listening on port 45005.
[2026-02-14 20:09:35,192 I 3074361 3074361] core_worker_process.cc:262: Initializing worker at address: 172.28.6.3:45005 worker_id=01000000ffffffffffffffffffffffffffffffffffffffffffffffff node_id=44c6daa0fb204aedb0814de8ea3228ccfcd3d367e93490421cb4cd54
[2026-02-14 20:09:35,193 I 3074361 3074361] task_event_buffer.cc:480: Reporting task events to GCS every 1000ms.
[2026-02-14 20:09:35,194 I 3074361 3075302] core_worker.cc:455: Event stats:


Global stats: 10 total (9 active)
Queueing time: mean = 0.00ms, max = 0.04ms, min = 0.04ms, total = 0.04ms
Execution time:  mean = 0.00ms, total = 0.04ms
Event stats:
	PeriodicalRunner.RunFnPeriodically - 6 total (5 active, 1 running), Execution time: mean = 0.01ms, total = 0.04ms, Queueing time: mean = 0.01ms, max = 0.04ms, min = 0.04ms, total = 0.04ms
	ray::rpc::InternalPubSubGcsService.grpc_client.GcsSubscriberPoll - 1 total (1 active), Execution time: mean = 0.00ms, total = 0.00ms, Queueing time: mean = 0.00ms, max = -0.00ms, min = 9223372036854.78ms, total = 0.00ms
	Publisher.CheckDeadSubscribers - 1 total (1 active), Execution time: mean = 0.00ms, total = 0.00ms, Queueing time: mean = 0.00ms, max = -0.00ms, min = 9223372036854.78ms, total = 0.00ms
	ray::rpc::InternalPubSubGcsService.grpc_client.GcsSubscriberCommandBatch - 1 total (1 active), Execution time: mean = 0.00ms, total = 0.00ms, Queueing time: mean = 0.00ms, max = -0.00ms, min = 9223372036854.78ms, total = 0.00ms
	ray::rpc::WorkerInfoGcsService.grpc_client.AddWorkerInfo - 1 total (1 active), Execution time: mean = 0.00ms, total = 0.00ms, Queueing time: mean = 0.00ms, max = -0.00ms, min = 9223372036854.78ms, total = 0.00ms

-----------------
Task execution event stats:

Global stats: 0 total (0 active)
Queueing time: mean = -nanms, max = -0.00ms, min = 9223372036854.78ms, total = 0.00ms
Execution time:  mean = -nanms, total = 0.00ms
Event stats:

-----------------
Task Event stats:

IO Service Stats:

Global stats: 4 total (1 active)
Queueing time: mean = 0.01ms, max = 0.01ms, min = 0.01ms, total = 0.02ms
Execution time:  mean = 0.26ms, total = 1.03ms
Event stats:
	CoreWorker.deadline_timer.flush_task_events - 1 total (1 active), Execution time: mean = 0.00ms, total = 0.00ms, Queueing time: mean = 0.00ms, max = -0.00ms, min = 9223372036854.78ms, total = 0.00ms
	PeriodicalRunner.RunFnPeriodically - 1 total (0 active), Execution time: mean = 0.37ms, total = 0.37ms, Queueing time: mean = 0.01ms, max = 0.01ms, min = 0.01ms, total = 0.01ms
	ray::rpc::TaskInfoGcsService.grpc_client.AddTaskEventData - 1 total (0 active), Execution time: mean = 0.64ms, total = 0.64ms, Queueing time: mean = 0.00ms, max = -0.00ms, min = 9223372036854.78ms, total = 0.00ms
	ray::rpc::TaskInfoGcsService.grpc_client.AddTaskEventData.OnReplyReceived - 1 total (0 active), Execution time: mean = 0.01ms, total = 0.01ms, Queueing time: mean = 0.01ms, max = 0.01ms, min = 0.01ms, total = 0.01ms
Other Stats:
	gcs_grpc_in_progress:0
	event_aggregator_grpc_in_progress:0
	current number of task status events in buffer: 1
	current number of profile events in buffer: 0
	current number of dropped task attempts tracked: 0
	total task events sent: 0 MiB
	total number of task attempts sent: 0
	total number of task attempts dropped reported: 0
	total number of sent failure: 0
	num status task events dropped: 0
	num profile task events dropped: 0
	num ray task events reported to aggregator: 0
	num ray task events failed to report to aggregator: 0
	num of task attempts dropped reported to aggregator: 0
	num of failed requests to aggregator: 0

[2026-02-14 20:09:35,195 I 3074361 3075302] accessor.cc:433: Received address and liveness notification for node, IsAlive = 1 node_id=44c6daa0fb204aedb0814de8ea3228ccfcd3d367e93490421cb4cd54
[2026-02-14 20:09:35,195 I 3074361 3075302] normal_task_submitter.cc:840: Number of alive nodes:1
[2026-02-14 20:09:35,195 I 3074361 3074361] metrics_agent_client.cc:45: Initializing exporter ...
[2026-02-14 20:09:35,230 I 3074361 3074361] actor_task_submitter.cc:75: Set actor max pending calls to -1 actor_id=a0e6e39e073932ef5215615101000000
[2026-02-14 20:09:35,239 I 3074361 3075302] actor_manager.cc:236: received notification on actor, state: PENDING_CREATION, ip address: , port: 0, num_restarts: 0, death context type=CONTEXT_NOT_SET actor_id=a0e6e39e073932ef5215615101000000 worker_id=NIL_ID node_id=44c6daa0fb204aedb0814de8ea3228ccfcd3d367e93490421cb4cd54
[2026-02-14 20:09:36,494 I 3074361 3075302] metrics_agent_client.cc:59: Exporter initialized.
[2026-02-14 20:09:45,156 I 3074361 3075302] actor_manager.cc:236: received notification on actor, state: ALIVE, ip address: 172.28.6.3, port: 39455, num_restarts: 0, death context type=CONTEXT_NOT_SET actor_id=a0e6e39e073932ef5215615101000000 worker_id=69fc853a18bb0b9923eec6914859cd7024a5fa7539ca8619be9f48f5 node_id=44c6daa0fb204aedb0814de8ea3228ccfcd3d367e93490421cb4cd54
[2026-02-14 20:10:35,195 I 3074361 3075302] core_worker.cc:455: Event stats:


Global stats: 842 total (9 active)
Queueing time: mean = 1.25ms, max = 1000.04ms, min = 0.01ms, total = 1051.70ms
Execution time:  mean = 24.08ms, total = 20272.12ms
Event stats:
	CoreWorker.RecoverObjects - 600 total (1 active), Execution time: mean = 0.01ms, total = 6.59ms, Queueing time: mean = 0.06ms, max = 0.14ms, min = 0.01ms, total = 38.95ms
	NodeManagerService.grpc_client.ReportWorkerBacklog - 60 total (0 active), Execution time: mean = 0.90ms, total = 53.80ms, Queueing time: mean = 0.00ms, max = -0.00ms, min = 9223372036854.78ms, total = 0.00ms
	CoreWorker.InternalHeartbeat - 60 total (1 active), Execution time: mean = 0.20ms, total = 11.98ms, Queueing time: mean = 0.08ms, max = 1.36ms, min = 0.02ms, total = 4.94ms
	NodeManagerService.grpc_client.ReportWorkerBacklog.OnReplyReceived - 60 total (0 active), Execution time: mean = 0.03ms, total = 1.63ms, Queueing time: mean = 0.04ms, max = 0.07ms, min = 0.01ms, total = 2.61ms
	CoreWorker.RecordMetrics - 12 total (1 active), Execution time: mean = 0.24ms, total = 2.84ms, Queueing time: mean = 0.05ms, max = 0.08ms, min = 0.02ms, total = 0.60ms
	CoreWorker.TryDelPendingObjectRefStreams - 6 total (1 active), Execution time: mean = 0.01ms, total = 0.04ms, Queueing time: mean = 0.04ms, max = 0.09ms, min = 0.03ms, total = 0.24ms
	PeriodicalRunner.RunFnPeriodically - 6 total (0 active), Execution time: mean = 0.11ms, total = 0.65ms, Queueing time: mean = 0.33ms, max = 0.65ms, min = 0.03ms, total = 1.96ms
	CoreWorkerService.grpc_server.GetCoreWorkerStats.HandleRequestImpl - 4 total (0 active), Execution time: mean = 0.12ms, total = 0.46ms, Queueing time: mean = 0.03ms, max = 0.04ms, min = 0.02ms, total = 0.12ms
	CoreWorkerService.grpc_server.GetCoreWorkerStats - 4 total (0 active), Execution time: mean = 0.32ms, total = 1.27ms, Queueing time: mean = 0.00ms, max = -0.00ms, min = 9223372036854.78ms, total = 0.00ms
	ray::rpc::InternalPubSubGcsService.grpc_client.GcsSubscriberPoll - 2 total (1 active), Execution time: mean = 4980.78ms, total = 9961.56ms, Queueing time: mean = 0.00ms, max = -0.00ms, min = 9223372036854.78ms, total = 0.00ms
	ray::rpc::InternalPubSubGcsService.grpc_client.GcsSubscriberCommandBatch.OnReplyReceived - 2 total (0 active), Execution time: mean = 0.19ms, total = 0.38ms, Queueing time: mean = 0.21ms, max = 0.36ms, min = 0.06ms, total = 0.42ms
	ReporterService.grpc_client.HealthCheck - 2 total (0 active), Execution time: mean = 149.12ms, total = 298.24ms, Queueing time: mean = 0.00ms, max = -0.00ms, min = 9223372036854.78ms, total = 0.00ms
	ray::rpc::InternalPubSubGcsService.grpc_client.GcsSubscriberCommandBatch - 2 total (0 active), Execution time: mean = 0.62ms, total = 1.25ms, Queueing time: mean = 0.00ms, max = -0.00ms, min = 9223372036854.78ms, total = 0.00ms
	ReporterService.grpc_client.HealthCheck.OnReplyReceived - 2 total (0 active), Execution time: mean = 0.23ms, total = 0.46ms, Queueing time: mean = 0.02ms, max = 0.02ms, min = 0.02ms, total = 0.05ms
	ray::rpc::ActorInfoGcsService.grpc_client.CreateActor.OnReplyReceived - 1 total (0 active), Execution time: mean = 0.06ms, total = 0.06ms, Queueing time: mean = 0.51ms, max = 0.51ms, min = 0.51ms, total = 0.51ms
	ray::rpc::WorkerInfoGcsService.grpc_client.AddWorkerInfo - 1 total (0 active), Execution time: mean = 0.55ms, total = 0.55ms, Queueing time: mean = 0.00ms, max = -0.00ms, min = 9223372036854.78ms, total = 0.00ms
	ray::rpc::NodeInfoGcsService.grpc_client.GetAllNodeAddressAndLiveness - 1 total (0 active), Execution time: mean = 0.35ms, total = 0.35ms, Queueing time: mean = 0.00ms, max = -0.00ms, min = 9223372036854.78ms, total = 0.00ms
	CoreWorkerService.grpc_client.PushTask - 1 total (1 active), Execution time: mean = 0.00ms, total = 0.00ms, Queueing time: mean = 0.00ms, max = -0.00ms, min = 9223372036854.78ms, total = 0.00ms
	ray::rpc::NodeInfoGcsService.grpc_client.GetAllNodeAddressAndLiveness.OnReplyReceived - 1 total (0 active), Execution time: mean = 0.05ms, total = 0.05ms, Queueing time: mean = 0.02ms, max = 0.02ms, min = 0.02ms, total = 0.02ms
	Publisher.CheckDeadSubscribers - 1 total (1 active), Execution time: mean = 0.00ms, total = 0.00ms, Queueing time: mean = 0.00ms, max = -0.00ms, min = 9223372036854.78ms, total = 0.00ms
	ray::rpc::ActorInfoGcsService.grpc_client.GetActorInfo.OnReplyReceived - 1 total (0 active), Execution time: mean = 1.48ms, total = 1.48ms, Queueing time: mean = 0.04ms, max = 0.04ms, min = 0.04ms, total = 0.04ms
	ray::rpc::ActorInfoGcsService.grpc_client.CreateActor - 1 total (0 active), Execution time: mean = 9923.44ms, total = 9923.44ms, Queueing time: mean = 0.00ms, max = -0.00ms, min = 9223372036854.78ms, total = 0.00ms
	ray::rpc::WorkerInfoGcsService.grpc_client.AddWorkerInfo.OnReplyReceived - 1 total (0 active), Execution time: mean = 0.02ms, total = 0.02ms, Queueing time: mean = 0.48ms, max = 0.48ms, min = 0.48ms, total = 0.48ms
	MetricsAgentClient.WaitForServerReadyWithRetry - 1 total (0 active), Execution time: mean = 0.20ms, total = 0.20ms, Queueing time: mean = 1000.04ms, max = 1000.04ms, min = 1000.04ms, total = 1000.04ms
	ActorCreator.AsyncRegisterActor - 1 total (0 active), Execution time: mean = 0.23ms, total = 0.23ms, Queueing time: mean = 0.02ms, max = 0.02ms, min = 0.02ms, total = 0.02ms
	Subscriber.HandlePublishedMessage_GCS_ACTOR_CHANNEL - 1 total (0 active), Execution time: mean = 0.62ms, total = 0.62ms, Queueing time: mean = 0.32ms, max = 0.32ms, min = 0.32ms, total = 0.32ms
	CoreWorkerService.grpc_server.WaitForActorRefDeleted - 1 total (1 active), Execution time: mean = 0.00ms, total = 0.00ms, Queueing time: mean = 0.00ms, max = -0.00ms, min = 9223372036854.78ms, total = 0.00ms
	CoreWorkerService.grpc_server.WaitForActorRefDeleted.HandleRequestImpl - 1 total (0 active), Execution time: mean = 0.06ms, total = 0.06ms, Queueing time: mean = 0.21ms, max = 0.21ms, min = 0.21ms, total = 0.21ms
	ActorTaskSubmitter::SubmitTask - 1 total (0 active), Execution time: mean = 0.02ms, total = 0.02ms, Queueing time: mean = 0.07ms, max = 0.07ms, min = 0.07ms, total = 0.07ms
	ray::rpc::ActorInfoGcsService.grpc_client.GetActorInfo - 1 total (0 active), Execution time: mean = 0.99ms, total = 0.99ms, Queueing time: mean = 0.00ms, max = -0.00ms, min = 9223372036854.78ms, total = 0.00ms
	ray::rpc::InternalPubSubGcsService.grpc_client.GcsSubscriberPoll.OnReplyReceived - 1 total (0 active), Execution time: mean = 0.54ms, total = 0.54ms, Queueing time: mean = 0.06ms, max = 0.06ms, min = 0.06ms, total = 0.06ms
	ray::rpc::ActorInfoGcsService.grpc_client.RegisterActor.OnReplyReceived - 1 total (0 active), Execution time: mean = 0.30ms, total = 0.30ms, Queueing time: mean = 0.05ms, max = 0.05ms, min = 0.05ms, total = 0.05ms
	CoreWorker.PrintEventStats - 1 total (1 active, 1 running), Execution time: mean = 0.00ms, total = 0.00ms, Queueing time: mean = 0.00ms, max = -0.00ms, min = 9223372036854.78ms, total = 0.00ms
	ray::rpc::ActorInfoGcsService.grpc_client.RegisterActor - 1 total (0 active), Execution time: mean = 2.06ms, total = 2.06ms, Queueing time: mean = 0.00ms, max = -0.00ms, min = 9223372036854.78ms, total = 0.00ms

-----------------
Task execution event stats:

Global stats: 0 total (0 active)
Queueing time: mean = -nanms, max = -0.00ms, min = 9223372036854.78ms, total = 0.00ms
Execution time:  mean = -nanms, total = 0.00ms
Event stats:

-----------------
Task Event stats:

IO Service Stats:

Global stats: 181 total (1 active)
Queueing time: mean = 0.04ms, max = 0.11ms, min = 0.01ms, total = 6.72ms
Execution time:  mean = 0.39ms, total = 71.16ms
Event stats:
	CoreWorker.deadline_timer.flush_task_events - 60 total (1 active), Execution time: mean = 0.24ms, total = 14.54ms, Queueing time: mean = 0.07ms, max = 0.11ms, min = 0.02ms, total = 3.96ms
	ray::rpc::TaskInfoGcsService.grpc_client.AddTaskEventData - 60 total (0 active), Execution time: mean = 0.90ms, total = 54.10ms, Queueing time: mean = 0.00ms, max = -0.00ms, min = 9223372036854.78ms, total = 0.00ms
	ray::rpc::TaskInfoGcsService.grpc_client.AddTaskEventData.OnReplyReceived - 60 total (0 active), Execution time: mean = 0.04ms, total = 2.14ms, Queueing time: mean = 0.05ms, max = 0.07ms, min = 0.01ms, total = 2.76ms
	PeriodicalRunner.RunFnPeriodically - 1 total (0 active), Execution time: mean = 0.37ms, total = 0.37ms, Queueing time: mean = 0.01ms, max = 0.01ms, min = 0.01ms, total = 0.01ms
Other Stats:
	gcs_grpc_in_progress:0
	event_aggregator_grpc_in_progress:0
	current number of task status events in buffer: 0
	current number of profile events in buffer: 0
	current number of dropped task attempts tracked: 0
	total task events sent: 0.00111294 MiB
	total number of task attempts sent: 5
	total number of task attempts dropped reported: 0
	total number of sent failure: 0
	num status task events dropped: 0
	num profile task events dropped: 0
	num ray task events reported to aggregator: 0
	num ray task events failed to report to aggregator: 0
	num of task attempts dropped reported to aggregator: 0
	num of failed requests to aggregator: 0

[2026-02-14 20:11:35,196 I 3074361 3075302] core_worker.cc:455: Event stats:


Global stats: 1649 total (9 active)
Queueing time: mean = 0.66ms, max = 1000.04ms, min = 0.01ms, total = 1093.39ms
Execution time:  mean = 12.34ms, total = 20344.87ms
Event stats:
	CoreWorker.RecoverObjects - 1200 total (1 active), Execution time: mean = 0.01ms, total = 11.89ms, Queueing time: mean = 0.06ms, max = 0.14ms, min = 0.01ms, total = 73.31ms
	NodeManagerService.grpc_client.ReportWorkerBacklog - 120 total (0 active), Execution time: mean = 0.87ms, total = 104.85ms, Queueing time: mean = 0.00ms, max = -0.00ms, min = 9223372036854.78ms, total = 0.00ms
	CoreWorker.InternalHeartbeat - 120 total (1 active), Execution time: mean = 0.20ms, total = 23.83ms, Queueing time: mean = 0.07ms, max = 1.36ms, min = 0.02ms, total = 8.40ms
	NodeManagerService.grpc_client.ReportWorkerBacklog.OnReplyReceived - 120 total (0 active), Execution time: mean = 0.03ms, total = 3.19ms, Queueing time: mean = 0.04ms, max = 0.08ms, min = 0.01ms, total = 4.88ms
	CoreWorker.RecordMetrics - 24 total (1 active), Execution time: mean = 0.15ms, total = 3.57ms, Queueing time: mean = 0.06ms, max = 0.09ms, min = 0.02ms, total = 1.33ms
	CoreWorker.TryDelPendingObjectRefStreams - 12 total (1 active), Execution time: mean = 0.01ms, total = 0.07ms, Queueing time: mean = 0.07ms, max = 0.41ms, min = 0.03ms, total = 0.88ms
	CoreWorkerService.grpc_server.GetCoreWorkerStats.HandleRequestImpl - 8 total (0 active), Execution time: mean = 0.09ms, total = 0.74ms, Queueing time: mean = 0.03ms, max = 0.04ms, min = 0.02ms, total = 0.21ms
	CoreWorkerService.grpc_server.GetCoreWorkerStats - 8 total (0 active), Execution time: mean = 0.29ms, total = 2.34ms, Queueing time: mean = 0.00ms, max = -0.00ms, min = 9223372036854.78ms, total = 0.00ms
	PeriodicalRunner.RunFnPeriodically - 6 total (0 active), Execution time: mean = 0.11ms, total = 0.65ms, Queueing time: mean = 0.33ms, max = 0.65ms, min = 0.03ms, total = 1.96ms
	ReporterService.grpc_client.HealthCheck.OnReplyReceived - 2 total (0 active), Execution time: mean = 0.23ms, total = 0.46ms, Queueing time: mean = 0.02ms, max = 0.02ms, min = 0.02ms, total = 0.05ms
	ReporterService.grpc_client.HealthCheck - 2 total (0 active), Execution time: mean = 149.12ms, total = 298.24ms, Queueing time: mean = 0.00ms, max = -0.00ms, min = 9223372036854.78ms, total = 0.00ms
	ray::rpc::InternalPubSubGcsService.grpc_client.GcsSubscriberCommandBatch.OnReplyReceived - 2 total (0 active), Execution time: mean = 0.19ms, total = 0.38ms, Queueing time: mean = 0.21ms, max = 0.36ms, min = 0.06ms, total = 0.42ms
	ray::rpc::InternalPubSubGcsService.grpc_client.GcsSubscriberPoll - 2 total (1 active), Execution time: mean = 4980.78ms, total = 9961.56ms, Queueing time: mean = 0.00ms, max = -0.00ms, min = 9223372036854.78ms, total = 0.00ms
	ray::rpc::InternalPubSubGcsService.grpc_client.GcsSubscriberCommandBatch - 2 total (0 active), Execution time: mean = 0.62ms, total = 1.25ms, Queueing time: mean = 0.00ms, max = -0.00ms, min = 9223372036854.78ms, total = 0.00ms
	CoreWorker.PrintEventStats - 2 total (1 active, 1 running), Execution time: mean = 0.44ms, total = 0.89ms, Queueing time: mean = 0.06ms, max = 0.12ms, min = 0.12ms, total = 0.12ms
	CoreWorkerService.grpc_client.PushTask - 1 total (1 active), Execution time: mean = 0.00ms, total = 0.00ms, Queueing time: mean = 0.00ms, max = -0.00ms, min = 9223372036854.78ms, total = 0.00ms
	ray::rpc::ActorInfoGcsService.grpc_client.CreateActor.OnReplyReceived - 1 total (0 active), Execution time: mean = 0.06ms, total = 0.06ms, Queueing time: mean = 0.51ms, max = 0.51ms, min = 0.51ms, total = 0.51ms
	ray::rpc::NodeInfoGcsService.grpc_client.GetAllNodeAddressAndLiveness - 1 total (0 active), Execution time: mean = 0.35ms, total = 0.35ms, Queueing time: mean = 0.00ms, max = -0.00ms, min = 9223372036854.78ms, total = 0.00ms
	ray::rpc::NodeInfoGcsService.grpc_client.GetAllNodeAddressAndLiveness.OnReplyReceived - 1 total (0 active), Execution time: mean = 0.05ms, total = 0.05ms, Queueing time: mean = 0.02ms, max = 0.02ms, min = 0.02ms, total = 0.02ms
	Publisher.CheckDeadSubscribers - 1 total (1 active), Execution time: mean = 0.00ms, total = 0.00ms, Queueing time: mean = 0.00ms, max = -0.00ms, min = 9223372036854.78ms, total = 0.00ms
	ray::rpc::ActorInfoGcsService.grpc_client.GetActorInfo.OnReplyReceived - 1 total (0 active), Execution time: mean = 1.48ms, total = 1.48ms, Queueing time: mean = 0.04ms, max = 0.04ms, min = 0.04ms, total = 0.04ms
	ray::rpc::ActorInfoGcsService.grpc_client.CreateActor - 1 total (0 active), Execution time: mean = 9923.44ms, total = 9923.44ms, Queueing time: mean = 0.00ms, max = -0.00ms, min = 9223372036854.78ms, total = 0.00ms
	ray::rpc::WorkerInfoGcsService.grpc_client.AddWorkerInfo.OnReplyReceived - 1 total (0 active), Execution time: mean = 0.02ms, total = 0.02ms, Queueing time: mean = 0.48ms, max = 0.48ms, min = 0.48ms, total = 0.48ms
	ray::rpc::WorkerInfoGcsService.grpc_client.AddWorkerInfo - 1 total (0 active), Execution time: mean = 0.55ms, total = 0.55ms, Queueing time: mean = 0.00ms, max = -0.00ms, min = 9223372036854.78ms, total = 0.00ms
	MetricsAgentClient.WaitForServerReadyWithRetry - 1 total (0 active), Execution time: mean = 0.20ms, total = 0.20ms, Queueing time: mean = 1000.04ms, max = 1000.04ms, min = 1000.04ms, total = 1000.04ms
	ActorCreator.AsyncRegisterActor - 1 total (0 active), Execution time: mean = 0.23ms, total = 0.23ms, Queueing time: mean = 0.02ms, max = 0.02ms, min = 0.02ms, total = 0.02ms
	Subscriber.HandlePublishedMessage_GCS_ACTOR_CHANNEL - 1 total (0 active), Execution time: mean = 0.62ms, total = 0.62ms, Queueing time: mean = 0.32ms, max = 0.32ms, min = 0.32ms, total = 0.32ms
	CoreWorkerService.grpc_server.WaitForActorRefDeleted - 1 total (1 active), Execution time: mean = 0.00ms, total = 0.00ms, Queueing time: mean = 0.00ms, max = -0.00ms, min = 9223372036854.78ms, total = 0.00ms
	CoreWorkerService.grpc_server.WaitForActorRefDeleted.HandleRequestImpl - 1 total (0 active), Execution time: mean = 0.06ms, total = 0.06ms, Queueing time: mean = 0.21ms, max = 0.21ms, min = 0.21ms, total = 0.21ms
	ActorTaskSubmitter::SubmitTask - 1 total (0 active), Execution time: mean = 0.02ms, total = 0.02ms, Queueing time: mean = 0.07ms, max = 0.07ms, min = 0.07ms, total = 0.07ms
	ray::rpc::ActorInfoGcsService.grpc_client.GetActorInfo - 1 total (0 active), Execution time: mean = 0.99ms, total = 0.99ms, Queueing time: mean = 0.00ms, max = -0.00ms, min = 9223372036854.78ms, total = 0.00ms
	ray::rpc::InternalPubSubGcsService.grpc_client.GcsSubscriberPoll.OnReplyReceived - 1 total (0 active), Execution time: mean = 0.54ms, total = 0.54ms, Queueing time: mean = 0.06ms, max = 0.06ms, min = 0.06ms, total = 0.06ms
	ray::rpc::ActorInfoGcsService.grpc_client.RegisterActor.OnReplyReceived - 1 total (0 active), Execution time: mean = 0.30ms, total = 0.30ms, Queueing time: mean = 0.05ms, max = 0.05ms, min = 0.05ms, total = 0.05ms
	ray::rpc::ActorInfoGcsService.grpc_client.RegisterActor - 1 total (0 active), Execution time: mean = 2.06ms, total = 2.06ms, Queueing time: mean = 0.00ms, max = -0.00ms, min = 9223372036854.78ms, total = 0.00ms

-----------------
Task execution event stats:

Global stats: 0 total (0 active)
Queueing time: mean = -nanms, max = -0.00ms, min = 9223372036854.78ms, total = 0.00ms
Execution time:  mean = -nanms, total = 0.00ms
Event stats:

-----------------
Task Event stats:

IO Service Stats:

Global stats: 361 total (1 active)
Queueing time: mean = 0.04ms, max = 0.11ms, min = 0.01ms, total = 12.97ms
Execution time:  mean = 0.37ms, total = 133.03ms
Event stats:
	CoreWorker.deadline_timer.flush_task_events - 120 total (1 active), Execution time: mean = 0.23ms, total = 27.13ms, Queueing time: mean = 0.06ms, max = 0.11ms, min = 0.02ms, total = 7.56ms
	ray::rpc::TaskInfoGcsService.grpc_client.AddTaskEventData - 120 total (0 active), Execution time: mean = 0.84ms, total = 101.36ms, Queueing time: mean = 0.00ms, max = -0.00ms, min = 9223372036854.78ms, total = 0.00ms
	ray::rpc::TaskInfoGcsService.grpc_client.AddTaskEventData.OnReplyReceived - 120 total (0 active), Execution time: mean = 0.03ms, total = 4.17ms, Queueing time: mean = 0.04ms, max = 0.08ms, min = 0.01ms, total = 5.40ms
	PeriodicalRunner.RunFnPeriodically - 1 total (0 active), Execution time: mean = 0.37ms, total = 0.37ms, Queueing time: mean = 0.01ms, max = 0.01ms, min = 0.01ms, total = 0.01ms
Other Stats:
	gcs_grpc_in_progress:0
	event_aggregator_grpc_in_progress:0
	current number of task status events in buffer: 0
	current number of profile events in buffer: 0
	current number of dropped task attempts tracked: 0
	total task events sent: 0.00111294 MiB
	total number of task attempts sent: 5
	total number of task attempts dropped reported: 0
	total number of sent failure: 0
	num status task events dropped: 0
	num profile task events dropped: 0
	num ray task events reported to aggregator: 0
	num ray task events failed to report to aggregator: 0
	num of task attempts dropped reported to aggregator: 0
	num of failed requests to aggregator: 0

[2026-02-14 20:12:35,197 I 3074361 3075302] core_worker.cc:455: Event stats:


Global stats: 2455 total (9 active)
Queueing time: mean = 0.46ms, max = 1000.04ms, min = 0.00ms, total = 1133.94ms
Execution time:  mean = 8.32ms, total = 20418.82ms
Event stats:
	CoreWorker.RecoverObjects - 1799 total (1 active), Execution time: mean = 0.01ms, total = 17.16ms, Queueing time: mean = 0.06ms, max = 0.14ms, min = 0.00ms, total = 106.17ms
	NodeManagerService.grpc_client.ReportWorkerBacklog - 180 total (0 active), Execution time: mean = 0.87ms, total = 156.90ms, Queueing time: mean = 0.00ms, max = -0.00ms, min = 9223372036854.78ms, total = 0.00ms
	CoreWorker.InternalHeartbeat - 180 total (1 active), Execution time: mean = 0.20ms, total = 35.69ms, Queueing time: mean = 0.07ms, max = 1.36ms, min = 0.02ms, total = 11.87ms
	NodeManagerService.grpc_client.ReportWorkerBacklog.OnReplyReceived - 180 total (0 active), Execution time: mean = 0.03ms, total = 4.79ms, Queueing time: mean = 0.04ms, max = 0.09ms, min = 0.01ms, total = 7.38ms
	CoreWorker.RecordMetrics - 36 total (1 active), Execution time: mean = 0.12ms, total = 4.31ms, Queueing time: mean = 0.05ms, max = 0.09ms, min = 0.01ms, total = 1.87ms
	CoreWorker.TryDelPendingObjectRefStreams - 18 total (1 active), Execution time: mean = 0.01ms, total = 0.10ms, Queueing time: mean = 0.10ms, max = 0.66ms, min = 0.03ms, total = 1.87ms
	CoreWorkerService.grpc_server.GetCoreWorkerStats.HandleRequestImpl - 12 total (0 active), Execution time: mean = 0.09ms, total = 1.07ms, Queueing time: mean = 0.03ms, max = 0.06ms, min = 0.02ms, total = 0.35ms
	CoreWorkerService.grpc_server.GetCoreWorkerStats - 12 total (0 active), Execution time: mean = 0.30ms, total = 3.55ms, Queueing time: mean = 0.00ms, max = -0.00ms, min = 9223372036854.78ms, total = 0.00ms
	PeriodicalRunner.RunFnPeriodically - 6 total (0 active), Execution time: mean = 0.11ms, total = 0.65ms, Queueing time: mean = 0.33ms, max = 0.65ms, min = 0.03ms, total = 1.96ms
	CoreWorker.PrintEventStats - 3 total (1 active, 1 running), Execution time: mean = 0.58ms, total = 1.74ms, Queueing time: mean = 0.06ms, max = 0.12ms, min = 0.07ms, total = 0.19ms
	ReporterService.grpc_client.HealthCheck.OnReplyReceived - 2 total (0 active), Execution time: mean = 0.23ms, total = 0.46ms, Queueing time: mean = 0.02ms, max = 0.02ms, min = 0.02ms, total = 0.05ms
	ReporterService.grpc_client.HealthCheck - 2 total (0 active), Execution time: mean = 149.12ms, total = 298.24ms, Queueing time: mean = 0.00ms, max = -0.00ms, min = 9223372036854.78ms, total = 0.00ms
	ray::rpc::InternalPubSubGcsService.grpc_client.GcsSubscriberCommandBatch.OnReplyReceived - 2 total (0 active), Execution time: mean = 0.19ms, total = 0.38ms, Queueing time: mean = 0.21ms, max = 0.36ms, min = 0.06ms, total = 0.42ms
	ray::rpc::InternalPubSubGcsService.grpc_client.GcsSubscriberPoll - 2 total (1 active), Execution time: mean = 4980.78ms, total = 9961.56ms, Queueing time: mean = 0.00ms, max = -0.00ms, min = 9223372036854.78ms, total = 0.00ms
	ray::rpc::InternalPubSubGcsService.grpc_client.GcsSubscriberCommandBatch - 2 total (0 active), Execution time: mean = 0.62ms, total = 1.25ms, Queueing time: mean = 0.00ms, max = -0.00ms, min = 9223372036854.78ms, total = 0.00ms
	CoreWorkerService.grpc_client.PushTask - 1 total (1 active), Execution time: mean = 0.00ms, total = 0.00ms, Queueing time: mean = 0.00ms, max = -0.00ms, min = 9223372036854.78ms, total = 0.00ms
	ray::rpc::ActorInfoGcsService.grpc_client.CreateActor.OnReplyReceived - 1 total (0 active), Execution time: mean = 0.06ms, total = 0.06ms, Queueing time: mean = 0.51ms, max = 0.51ms, min = 0.51ms, total = 0.51ms
	ray::rpc::NodeInfoGcsService.grpc_client.GetAllNodeAddressAndLiveness - 1 total (0 active), Execution time: mean = 0.35ms, total = 0.35ms, Queueing time: mean = 0.00ms, max = -0.00ms, min = 9223372036854.78ms, total = 0.00ms
	ray::rpc::NodeInfoGcsService.grpc_client.GetAllNodeAddressAndLiveness.OnReplyReceived - 1 total (0 active), Execution time: mean = 0.05ms, total = 0.05ms, Queueing time: mean = 0.02ms, max = 0.02ms, min = 0.02ms, total = 0.02ms
	Publisher.CheckDeadSubscribers - 1 total (1 active), Execution time: mean = 0.00ms, total = 0.00ms, Queueing time: mean = 0.00ms, max = -0.00ms, min = 9223372036854.78ms, total = 0.00ms
	ray::rpc::ActorInfoGcsService.grpc_client.GetActorInfo.OnReplyReceived - 1 total (0 active), Execution time: mean = 1.48ms, total = 1.48ms, Queueing time: mean = 0.04ms, max = 0.04ms, min = 0.04ms, total = 0.04ms
	ray::rpc::ActorInfoGcsService.grpc_client.CreateActor - 1 total (0 active), Execution time: mean = 9923.44ms, total = 9923.44ms, Queueing time: mean = 0.00ms, max = -0.00ms, min = 9223372036854.78ms, total = 0.00ms
	ray::rpc::WorkerInfoGcsService.grpc_client.AddWorkerInfo.OnReplyReceived - 1 total (0 active), Execution time: mean = 0.02ms, total = 0.02ms, Queueing time: mean = 0.48ms, max = 0.48ms, min = 0.48ms, total = 0.48ms
	ray::rpc::WorkerInfoGcsService.grpc_client.AddWorkerInfo - 1 total (0 active), Execution time: mean = 0.55ms, total = 0.55ms, Queueing time: mean = 0.00ms, max = -0.00ms, min = 9223372036854.78ms, total = 0.00ms
	MetricsAgentClient.WaitForServerReadyWithRetry - 1 total (0 active), Execution time: mean = 0.20ms, total = 0.20ms, Queueing time: mean = 1000.04ms, max = 1000.04ms, min = 1000.04ms, total = 1000.04ms
	ActorCreator.AsyncRegisterActor - 1 total (0 active), Execution time: mean = 0.23ms, total = 0.23ms, Queueing time: mean = 0.02ms, max = 0.02ms, min = 0.02ms, total = 0.02ms
	Subscriber.HandlePublishedMessage_GCS_ACTOR_CHANNEL - 1 total (0 active), Execution time: mean = 0.62ms, total = 0.62ms, Queueing time: mean = 0.32ms, max = 0.32ms, min = 0.32ms, total = 0.32ms
	CoreWorkerService.grpc_server.WaitForActorRefDeleted - 1 total (1 active), Execution time: mean = 0.00ms, total = 0.00ms, Queueing time: mean = 0.00ms, max = -0.00ms, min = 9223372036854.78ms, total = 0.00ms
	CoreWorkerService.grpc_server.WaitForActorRefDeleted.HandleRequestImpl - 1 total (0 active), Execution time: mean = 0.06ms, total = 0.06ms, Queueing time: mean = 0.21ms, max = 0.21ms, min = 0.21ms, total = 0.21ms
	ActorTaskSubmitter::SubmitTask - 1 total (0 active), Execution time: mean = 0.02ms, total = 0.02ms, Queueing time: mean = 0.07ms, max = 0.07ms, min = 0.07ms, total = 0.07ms
	ray::rpc::ActorInfoGcsService.grpc_client.GetActorInfo - 1 total (0 active), Execution time: mean = 0.99ms, total = 0.99ms, Queueing time: mean = 0.00ms, max = -0.00ms, min = 9223372036854.78ms, total = 0.00ms
	ray::rpc::InternalPubSubGcsService.grpc_client.GcsSubscriberPoll.OnReplyReceived - 1 total (0 active), Execution time: mean = 0.54ms, total = 0.54ms, Queueing time: mean = 0.06ms, max = 0.06ms, min = 0.06ms, total = 0.06ms
	ray::rpc::ActorInfoGcsService.grpc_client.RegisterActor.OnReplyReceived - 1 total (0 active), Execution time: mean = 0.30ms, total = 0.30ms, Queueing time: mean = 0.05ms, max = 0.05ms, min = 0.05ms, total = 0.05ms
	ray::rpc::ActorInfoGcsService.grpc_client.RegisterActor - 1 total (0 active), Execution time: mean = 2.06ms, total = 2.06ms, Queueing time: mean = 0.00ms, max = -0.00ms, min = 9223372036854.78ms, total = 0.00ms

-----------------
Task execution event stats:

Global stats: 0 total (0 active)
Queueing time: mean = -nanms, max = -0.00ms, min = 9223372036854.78ms, total = 0.00ms
Execution time:  mean = -nanms, total = 0.00ms
Event stats:

-----------------
Task Event stats:

IO Service Stats:

Global stats: 541 total (1 active)
Queueing time: mean = 0.03ms, max = 0.12ms, min = 0.01ms, total = 18.87ms
Execution time:  mean = 0.36ms, total = 196.52ms
Event stats:
	CoreWorker.deadline_timer.flush_task_events - 180 total (1 active), Execution time: mean = 0.22ms, total = 39.99ms, Queueing time: mean = 0.06ms, max = 0.12ms, min = 0.01ms, total = 10.94ms
	ray::rpc::TaskInfoGcsService.grpc_client.AddTaskEventData - 180 total (0 active), Execution time: mean = 0.83ms, total = 149.96ms, Queueing time: mean = 0.00ms, max = -0.00ms, min = 9223372036854.78ms, total = 0.00ms
	ray::rpc::TaskInfoGcsService.grpc_client.AddTaskEventData.OnReplyReceived - 180 total (0 active), Execution time: mean = 0.03ms, total = 6.20ms, Queueing time: mean = 0.04ms, max = 0.08ms, min = 0.01ms, total = 7.91ms
	PeriodicalRunner.RunFnPeriodically - 1 total (0 active), Execution time: mean = 0.37ms, total = 0.37ms, Queueing time: mean = 0.01ms, max = 0.01ms, min = 0.01ms, total = 0.01ms
Other Stats:
	gcs_grpc_in_progress:0
	event_aggregator_grpc_in_progress:0
	current number of task status events in buffer: 0
	current number of profile events in buffer: 0
	current number of dropped task attempts tracked: 0
	total task events sent: 0.00111294 MiB
	total number of task attempts sent: 5
	total number of task attempts dropped reported: 0
	total number of sent failure: 0
	num status task events dropped: 0
	num profile task events dropped: 0
	num ray task events reported to aggregator: 0
	num ray task events failed to report to aggregator: 0
	num of task attempts dropped reported to aggregator: 0
	num of failed requests to aggregator: 0

[2026-02-14 20:13:35,198 I 3074361 3075302] core_worker.cc:455: Event stats:


Global stats: 3262 total (9 active)
Queueing time: mean = 0.36ms, max = 1000.04ms, min = 0.00ms, total = 1176.30ms
Execution time:  mean = 6.28ms, total = 20500.26ms
Event stats:
	CoreWorker.RecoverObjects - 2399 total (1 active), Execution time: mean = 0.01ms, total = 22.60ms, Queueing time: mean = 0.06ms, max = 0.14ms, min = 0.00ms, total = 140.19ms
	NodeManagerService.grpc_client.ReportWorkerBacklog - 240 total (0 active), Execution time: mean = 0.90ms, total = 215.68ms, Queueing time: mean = 0.00ms, max = -0.00ms, min = 9223372036854.78ms, total = 0.00ms
	CoreWorker.InternalHeartbeat - 240 total (1 active), Execution time: mean = 0.20ms, total = 48.09ms, Queueing time: mean = 0.06ms, max = 1.36ms, min = 0.02ms, total = 15.42ms
	NodeManagerService.grpc_client.ReportWorkerBacklog.OnReplyReceived - 240 total (0 active), Execution time: mean = 0.03ms, total = 6.57ms, Queueing time: mean = 0.04ms, max = 0.09ms, min = 0.01ms, total = 10.38ms
	CoreWorker.RecordMetrics - 48 total (1 active), Execution time: mean = 0.11ms, total = 5.13ms, Queueing time: mean = 0.05ms, max = 0.09ms, min = 0.01ms, total = 2.57ms
	CoreWorker.TryDelPendingObjectRefStreams - 24 total (1 active), Execution time: mean = 0.01ms, total = 0.13ms, Queueing time: mean = 0.12ms, max = 0.66ms, min = 0.03ms, total = 2.79ms
	CoreWorkerService.grpc_server.GetCoreWorkerStats.HandleRequestImpl - 16 total (0 active), Execution time: mean = 0.08ms, total = 1.36ms, Queueing time: mean = 0.03ms, max = 0.06ms, min = 0.02ms, total = 0.45ms
	CoreWorkerService.grpc_server.GetCoreWorkerStats - 16 total (0 active), Execution time: mean = 0.29ms, total = 4.59ms, Queueing time: mean = 0.00ms, max = -0.00ms, min = 9223372036854.78ms, total = 0.00ms
	PeriodicalRunner.RunFnPeriodically - 6 total (0 active), Execution time: mean = 0.11ms, total = 0.65ms, Queueing time: mean = 0.33ms, max = 0.65ms, min = 0.03ms, total = 1.96ms
	CoreWorker.PrintEventStats - 4 total (1 active, 1 running), Execution time: mean = 0.65ms, total = 2.62ms, Queueing time: mean = 0.06ms, max = 0.12ms, min = 0.07ms, total = 0.26ms
	ReporterService.grpc_client.HealthCheck.OnReplyReceived - 2 total (0 active), Execution time: mean = 0.23ms, total = 0.46ms, Queueing time: mean = 0.02ms, max = 0.02ms, min = 0.02ms, total = 0.05ms
	ReporterService.grpc_client.HealthCheck - 2 total (0 active), Execution time: mean = 149.12ms, total = 298.24ms, Queueing time: mean = 0.00ms, max = -0.00ms, min = 9223372036854.78ms, total = 0.00ms
	ray::rpc::InternalPubSubGcsService.grpc_client.GcsSubscriberCommandBatch.OnReplyReceived - 2 total (0 active), Execution time: mean = 0.19ms, total = 0.38ms, Queueing time: mean = 0.21ms, max = 0.36ms, min = 0.06ms, total = 0.42ms
	ray::rpc::InternalPubSubGcsService.grpc_client.GcsSubscriberPoll - 2 total (1 active), Execution time: mean = 4980.78ms, total = 9961.56ms, Queueing time: mean = 0.00ms, max = -0.00ms, min = 9223372036854.78ms, total = 0.00ms
	ray::rpc::InternalPubSubGcsService.grpc_client.GcsSubscriberCommandBatch - 2 total (0 active), Execution time: mean = 0.62ms, total = 1.25ms, Queueing time: mean = 0.00ms, max = -0.00ms, min = 9223372036854.78ms, total = 0.00ms
	CoreWorkerService.grpc_client.PushTask - 1 total (1 active), Execution time: mean = 0.00ms, total = 0.00ms, Queueing time: mean = 0.00ms, max = -0.00ms, min = 9223372036854.78ms, total = 0.00ms
	ray::rpc::ActorInfoGcsService.grpc_client.CreateActor.OnReplyReceived - 1 total (0 active), Execution time: mean = 0.06ms, total = 0.06ms, Queueing time: mean = 0.51ms, max = 0.51ms, min = 0.51ms, total = 0.51ms
	ray::rpc::NodeInfoGcsService.grpc_client.GetAllNodeAddressAndLiveness - 1 total (0 active), Execution time: mean = 0.35ms, total = 0.35ms, Queueing time: mean = 0.00ms, max = -0.00ms, min = 9223372036854.78ms, total = 0.00ms
	ray::rpc::NodeInfoGcsService.grpc_client.GetAllNodeAddressAndLiveness.OnReplyReceived - 1 total (0 active), Execution time: mean = 0.05ms, total = 0.05ms, Queueing time: mean = 0.02ms, max = 0.02ms, min = 0.02ms, total = 0.02ms
	Publisher.CheckDeadSubscribers - 1 total (1 active), Execution time: mean = 0.00ms, total = 0.00ms, Queueing time: mean = 0.00ms, max = -0.00ms, min = 9223372036854.78ms, total = 0.00ms
	ray::rpc::ActorInfoGcsService.grpc_client.GetActorInfo.OnReplyReceived - 1 total (0 active), Execution time: mean = 1.48ms, total = 1.48ms, Queueing time: mean = 0.04ms, max = 0.04ms, min = 0.04ms, total = 0.04ms
	ray::rpc::ActorInfoGcsService.grpc_client.CreateActor - 1 total (0 active), Execution time: mean = 9923.44ms, total = 9923.44ms, Queueing time: mean = 0.00ms, max = -0.00ms, min = 9223372036854.78ms, total = 0.00ms
	ray::rpc::WorkerInfoGcsService.grpc_client.AddWorkerInfo.OnReplyReceived - 1 total (0 active), Execution time: mean = 0.02ms, total = 0.02ms, Queueing time: mean = 0.48ms, max = 0.48ms, min = 0.48ms, total = 0.48ms
	ray::rpc::WorkerInfoGcsService.grpc_client.AddWorkerInfo - 1 total (0 active), Execution time: mean = 0.55ms, total = 0.55ms, Queueing time: mean = 0.00ms, max = -0.00ms, min = 9223372036854.78ms, total = 0.00ms
	MetricsAgentClient.WaitForServerReadyWithRetry - 1 total (0 active), Execution time: mean = 0.20ms, total = 0.20ms, Queueing time: mean = 1000.04ms, max = 1000.04ms, min = 1000.04ms, total = 1000.04ms
	ActorCreator.AsyncRegisterActor - 1 total (0 active), Execution time: mean = 0.23ms, total = 0.23ms, Queueing time: mean = 0.02ms, max = 0.02ms, min = 0.02ms, total = 0.02ms
	Subscriber.HandlePublishedMessage_GCS_ACTOR_CHANNEL - 1 total (0 active), Execution time: mean = 0.62ms, total = 0.62ms, Queueing time: mean = 0.32ms, max = 0.32ms, min = 0.32ms, total = 0.32ms
	CoreWorkerService.grpc_server.WaitForActorRefDeleted - 1 total (1 active), Execution time: mean = 0.00ms, total = 0.00ms, Queueing time: mean = 0.00ms, max = -0.00ms, min = 9223372036854.78ms, total = 0.00ms
	CoreWorkerService.grpc_server.WaitForActorRefDeleted.HandleRequestImpl - 1 total (0 active), Execution time: mean = 0.06ms, total = 0.06ms, Queueing time: mean = 0.21ms, max = 0.21ms, min = 0.21ms, total = 0.21ms
	ActorTaskSubmitter::SubmitTask - 1 total (0 active), Execution time: mean = 0.02ms, total = 0.02ms, Queueing time: mean = 0.07ms, max = 0.07ms, min = 0.07ms, total = 0.07ms
	ray::rpc::ActorInfoGcsService.grpc_client.GetActorInfo - 1 total (0 active), Execution time: mean = 0.99ms, total = 0.99ms, Queueing time: mean = 0.00ms, max = -0.00ms, min = 9223372036854.78ms, total = 0.00ms
	ray::rpc::InternalPubSubGcsService.grpc_client.GcsSubscriberPoll.OnReplyReceived - 1 total (0 active), Execution time: mean = 0.54ms, total = 0.54ms, Queueing time: mean = 0.06ms, max = 0.06ms, min = 0.06ms, total = 0.06ms
	ray::rpc::ActorInfoGcsService.grpc_client.RegisterActor.OnReplyReceived - 1 total (0 active), Execution time: mean = 0.30ms, total = 0.30ms, Queueing time: mean = 0.05ms, max = 0.05ms, min = 0.05ms, total = 0.05ms
	ray::rpc::ActorInfoGcsService.grpc_client.RegisterActor - 1 total (0 active), Execution time: mean = 2.06ms, total = 2.06ms, Queueing time: mean = 0.00ms, max = -0.00ms, min = 9223372036854.78ms, total = 0.00ms

-----------------
Task execution event stats:

Global stats: 0 total (0 active)
Queueing time: mean = -nanms, max = -0.00ms, min = 9223372036854.78ms, total = 0.00ms
Execution time:  mean = -nanms, total = 0.00ms
Event stats:

-----------------
Task Event stats:

IO Service Stats:

Global stats: 721 total (1 active)
Queueing time: mean = 0.03ms, max = 0.12ms, min = 0.01ms, total = 25.00ms
Execution time:  mean = 0.36ms, total = 258.84ms
Event stats:
	CoreWorker.deadline_timer.flush_task_events - 240 total (1 active), Execution time: mean = 0.22ms, total = 53.23ms, Queueing time: mean = 0.06ms, max = 0.12ms, min = 0.01ms, total = 14.32ms
	ray::rpc::TaskInfoGcsService.grpc_client.AddTaskEventData - 240 total (0 active), Execution time: mean = 0.82ms, total = 196.97ms, Queueing time: mean = 0.00ms, max = -0.00ms, min = 9223372036854.78ms, total = 0.00ms
	ray::rpc::TaskInfoGcsService.grpc_client.AddTaskEventData.OnReplyReceived - 240 total (0 active), Execution time: mean = 0.03ms, total = 8.27ms, Queueing time: mean = 0.04ms, max = 0.08ms, min = 0.01ms, total = 10.67ms
	PeriodicalRunner.RunFnPeriodically - 1 total (0 active), Execution time: mean = 0.37ms, total = 0.37ms, Queueing time: mean = 0.01ms, max = 0.01ms, min = 0.01ms, total = 0.01ms
Other Stats:
	gcs_grpc_in_progress:0
	event_aggregator_grpc_in_progress:0
	current number of task status events in buffer: 0
	current number of profile events in buffer: 0
	current number of dropped task attempts tracked: 0
	total task events sent: 0.00111294 MiB
	total number of task attempts sent: 5
	total number of task attempts dropped reported: 0
	total number of sent failure: 0
	num status task events dropped: 0
	num profile task events dropped: 0
	num ray task events reported to aggregator: 0
	num ray task events failed to report to aggregator: 0
	num of task attempts dropped reported to aggregator: 0
	num of failed requests to aggregator: 0

[2026-02-14 20:14:35,199 I 3074361 3075302] core_worker.cc:455: Event stats:


Global stats: 4070 total (9 active)
Queueing time: mean = 0.30ms, max = 1000.04ms, min = 0.00ms, total = 1217.56ms
Execution time:  mean = 5.06ms, total = 20575.62ms
Event stats:
	CoreWorker.RecoverObjects - 2999 total (1 active), Execution time: mean = 0.01ms, total = 28.00ms, Queueing time: mean = 0.06ms, max = 0.16ms, min = 0.00ms, total = 173.48ms
	NodeManagerService.grpc_client.ReportWorkerBacklog - 300 total (0 active), Execution time: mean = 0.89ms, total = 268.40ms, Queueing time: mean = 0.00ms, max = -0.00ms, min = 9223372036854.78ms, total = 0.00ms
	CoreWorker.InternalHeartbeat - 300 total (1 active), Execution time: mean = 0.20ms, total = 60.50ms, Queueing time: mean = 0.06ms, max = 1.36ms, min = 0.02ms, total = 18.69ms
	NodeManagerService.grpc_client.ReportWorkerBacklog.OnReplyReceived - 300 total (0 active), Execution time: mean = 0.03ms, total = 8.30ms, Queueing time: mean = 0.04ms, max = 0.09ms, min = 0.01ms, total = 13.28ms
	CoreWorker.RecordMetrics - 60 total (1 active), Execution time: mean = 0.10ms, total = 5.91ms, Queueing time: mean = 0.05ms, max = 0.09ms, min = 0.01ms, total = 3.28ms
	CoreWorker.TryDelPendingObjectRefStreams - 30 total (1 active), Execution time: mean = 0.01ms, total = 0.16ms, Queueing time: mean = 0.12ms, max = 0.66ms, min = 0.03ms, total = 3.69ms
	CoreWorkerService.grpc_server.GetCoreWorkerStats.HandleRequestImpl - 20 total (0 active), Execution time: mean = 0.09ms, total = 1.70ms, Queueing time: mean = 0.03ms, max = 0.06ms, min = 0.02ms, total = 0.55ms
	CoreWorkerService.grpc_server.GetCoreWorkerStats - 20 total (0 active), Execution time: mean = 0.28ms, total = 5.63ms, Queueing time: mean = 0.00ms, max = -0.00ms, min = 9223372036854.78ms, total = 0.00ms
	PeriodicalRunner.RunFnPeriodically - 6 total (0 active), Execution time: mean = 0.11ms, total = 0.65ms, Queueing time: mean = 0.33ms, max = 0.65ms, min = 0.03ms, total = 1.96ms
	CoreWorker.PrintEventStats - 5 total (1 active, 1 running), Execution time: mean = 0.70ms, total = 3.50ms, Queueing time: mean = 0.06ms, max = 0.12ms, min = 0.03ms, total = 0.29ms
	ReporterService.grpc_client.HealthCheck.OnReplyReceived - 2 total (0 active), Execution time: mean = 0.23ms, total = 0.46ms, Queueing time: mean = 0.02ms, max = 0.02ms, min = 0.02ms, total = 0.05ms
	ReporterService.grpc_client.HealthCheck - 2 total (0 active), Execution time: mean = 149.12ms, total = 298.24ms, Queueing time: mean = 0.00ms, max = -0.00ms, min = 9223372036854.78ms, total = 0.00ms
	ray::rpc::InternalPubSubGcsService.grpc_client.GcsSubscriberCommandBatch.OnReplyReceived - 2 total (0 active), Execution time: mean = 0.19ms, total = 0.38ms, Queueing time: mean = 0.21ms, max = 0.36ms, min = 0.06ms, total = 0.42ms
	ray::rpc::InternalPubSubGcsService.grpc_client.GcsSubscriberPoll - 2 total (1 active), Execution time: mean = 4980.78ms, total = 9961.56ms, Queueing time: mean = 0.00ms, max = -0.00ms, min = 9223372036854.78ms, total = 0.00ms
	Publisher.CheckDeadSubscribers - 2 total (1 active), Execution time: mean = 0.00ms, total = 0.01ms, Queueing time: mean = 0.03ms, max = 0.06ms, min = 0.06ms, total = 0.06ms
	ray::rpc::InternalPubSubGcsService.grpc_client.GcsSubscriberCommandBatch - 2 total (0 active), Execution time: mean = 0.62ms, total = 1.25ms, Queueing time: mean = 0.00ms, max = -0.00ms, min = 9223372036854.78ms, total = 0.00ms
	ray::rpc::ActorInfoGcsService.grpc_client.CreateActor.OnReplyReceived - 1 total (0 active), Execution time: mean = 0.06ms, total = 0.06ms, Queueing time: mean = 0.51ms, max = 0.51ms, min = 0.51ms, total = 0.51ms
	ray::rpc::NodeInfoGcsService.grpc_client.GetAllNodeAddressAndLiveness - 1 total (0 active), Execution time: mean = 0.35ms, total = 0.35ms, Queueing time: mean = 0.00ms, max = -0.00ms, min = 9223372036854.78ms, total = 0.00ms
	CoreWorkerService.grpc_client.PushTask - 1 total (1 active), Execution time: mean = 0.00ms, total = 0.00ms, Queueing time: mean = 0.00ms, max = -0.00ms, min = 9223372036854.78ms, total = 0.00ms
	ray::rpc::NodeInfoGcsService.grpc_client.GetAllNodeAddressAndLiveness.OnReplyReceived - 1 total (0 active), Execution time: mean = 0.05ms, total = 0.05ms, Queueing time: mean = 0.02ms, max = 0.02ms, min = 0.02ms, total = 0.02ms
	ray::rpc::ActorInfoGcsService.grpc_client.GetActorInfo.OnReplyReceived - 1 total (0 active), Execution time: mean = 1.48ms, total = 1.48ms, Queueing time: mean = 0.04ms, max = 0.04ms, min = 0.04ms, total = 0.04ms
	ray::rpc::ActorInfoGcsService.grpc_client.CreateActor - 1 total (0 active), Execution time: mean = 9923.44ms, total = 9923.44ms, Queueing time: mean = 0.00ms, max = -0.00ms, min = 9223372036854.78ms, total = 0.00ms
	ray::rpc::WorkerInfoGcsService.grpc_client.AddWorkerInfo.OnReplyReceived - 1 total (0 active), Execution time: mean = 0.02ms, total = 0.02ms, Queueing time: mean = 0.48ms, max = 0.48ms, min = 0.48ms, total = 0.48ms
	ray::rpc::WorkerInfoGcsService.grpc_client.AddWorkerInfo - 1 total (0 active), Execution time: mean = 0.55ms, total = 0.55ms, Queueing time: mean = 0.00ms, max = -0.00ms, min = 9223372036854.78ms, total = 0.00ms
	MetricsAgentClient.WaitForServerReadyWithRetry - 1 total (0 active), Execution time: mean = 0.20ms, total = 0.20ms, Queueing time: mean = 1000.04ms, max = 1000.04ms, min = 1000.04ms, total = 1000.04ms
	ActorCreator.AsyncRegisterActor - 1 total (0 active), Execution time: mean = 0.23ms, total = 0.23ms, Queueing time: mean = 0.02ms, max = 0.02ms, min = 0.02ms, total = 0.02ms
	Subscriber.HandlePublishedMessage_GCS_ACTOR_CHANNEL - 1 total (0 active), Execution time: mean = 0.62ms, total = 0.62ms, Queueing time: mean = 0.32ms, max = 0.32ms, min = 0.32ms, total = 0.32ms
	CoreWorkerService.grpc_server.WaitForActorRefDeleted - 1 total (1 active), Execution time: mean = 0.00ms, total = 0.00ms, Queueing time: mean = 0.00ms, max = -0.00ms, min = 9223372036854.78ms, total = 0.00ms
	CoreWorkerService.grpc_server.WaitForActorRefDeleted.HandleRequestImpl - 1 total (0 active), Execution time: mean = 0.06ms, total = 0.06ms, Queueing time: mean = 0.21ms, max = 0.21ms, min = 0.21ms, total = 0.21ms
	ActorTaskSubmitter::SubmitTask - 1 total (0 active), Execution time: mean = 0.02ms, total = 0.02ms, Queueing time: mean = 0.07ms, max = 0.07ms, min = 0.07ms, total = 0.07ms
	ray::rpc::ActorInfoGcsService.grpc_client.GetActorInfo - 1 total (0 active), Execution time: mean = 0.99ms, total = 0.99ms, Queueing time: mean = 0.00ms, max = -0.00ms, min = 9223372036854.78ms, total = 0.00ms
	ray::rpc::InternalPubSubGcsService.grpc_client.GcsSubscriberPoll.OnReplyReceived - 1 total (0 active), Execution time: mean = 0.54ms, total = 0.54ms, Queueing time: mean = 0.06ms, max = 0.06ms, min = 0.06ms, total = 0.06ms
	ray::rpc::ActorInfoGcsService.grpc_client.RegisterActor.OnReplyReceived - 1 total (0 active), Execution time: mean = 0.30ms, total = 0.30ms, Queueing time: mean = 0.05ms, max = 0.05ms, min = 0.05ms, total = 0.05ms
	ray::rpc::ActorInfoGcsService.grpc_client.RegisterActor - 1 total (0 active), Execution time: mean = 2.06ms, total = 2.06ms, Queueing time: mean = 0.00ms, max = -0.00ms, min = 9223372036854.78ms, total = 0.00ms

-----------------
Task execution event stats:

Global stats: 0 total (0 active)
Queueing time: mean = -nanms, max = -0.00ms, min = 9223372036854.78ms, total = 0.00ms
Execution time:  mean = -nanms, total = 0.00ms
Event stats:

-----------------
Task Event stats:

IO Service Stats:

Global stats: 901 total (1 active)
Queueing time: mean = 0.03ms, max = 0.12ms, min = 0.01ms, total = 31.48ms
Execution time:  mean = 0.36ms, total = 322.06ms
Event stats:
	CoreWorker.deadline_timer.flush_task_events - 300 total (1 active), Execution time: mean = 0.22ms, total = 65.92ms, Queueing time: mean = 0.06ms, max = 0.12ms, min = 0.01ms, total = 18.05ms
	ray::rpc::TaskInfoGcsService.grpc_client.AddTaskEventData - 300 total (0 active), Execution time: mean = 0.82ms, total = 245.48ms, Queueing time: mean = 0.00ms, max = -0.00ms, min = 9223372036854.78ms, total = 0.00ms
	ray::rpc::TaskInfoGcsService.grpc_client.AddTaskEventData.OnReplyReceived - 300 total (0 active), Execution time: mean = 0.03ms, total = 10.30ms, Queueing time: mean = 0.04ms, max = 0.08ms, min = 0.01ms, total = 13.42ms
	PeriodicalRunner.RunFnPeriodically - 1 total (0 active), Execution time: mean = 0.37ms, total = 0.37ms, Queueing time: mean = 0.01ms, max = 0.01ms, min = 0.01ms, total = 0.01ms
Other Stats:
	gcs_grpc_in_progress:0
	event_aggregator_grpc_in_progress:0
	current number of task status events in buffer: 0
	current number of profile events in buffer: 0
	current number of dropped task attempts tracked: 0
	total task events sent: 0.00111294 MiB
	total number of task attempts sent: 5
	total number of task attempts dropped reported: 0
	total number of sent failure: 0
	num status task events dropped: 0
	num profile task events dropped: 0
	num ray task events reported to aggregator: 0
	num ray task events failed to report to aggregator: 0
	num of task attempts dropped reported to aggregator: 0
	num of failed requests to aggregator: 0

[2026-02-14 20:15:35,200 I 3074361 3075302] core_worker.cc:455: Event stats:


Global stats: 4876 total (9 active)
Queueing time: mean = 0.26ms, max = 1000.04ms, min = 0.00ms, total = 1258.60ms
Execution time:  mean = 4.23ms, total = 20649.47ms
Event stats:
	CoreWorker.RecoverObjects - 3598 total (1 active), Execution time: mean = 0.01ms, total = 33.02ms, Queueing time: mean = 0.06ms, max = 0.16ms, min = 0.00ms, total = 206.69ms
	NodeManagerService.grpc_client.ReportWorkerBacklog - 360 total (0 active), Execution time: mean = 0.89ms, total = 320.40ms, Queueing time: mean = 0.00ms, max = -0.00ms, min = 9223372036854.78ms, total = 0.00ms
	CoreWorker.InternalHeartbeat - 360 total (1 active), Execution time: mean = 0.20ms, total = 72.63ms, Queueing time: mean = 0.06ms, max = 1.36ms, min = 0.02ms, total = 22.21ms
	NodeManagerService.grpc_client.ReportWorkerBacklog.OnReplyReceived - 360 total (0 active), Execution time: mean = 0.03ms, total = 9.96ms, Queueing time: mean = 0.04ms, max = 0.09ms, min = 0.01ms, total = 15.86ms
	CoreWorker.RecordMetrics - 72 total (1 active), Execution time: mean = 0.09ms, total = 6.68ms, Queueing time: mean = 0.06ms, max = 0.10ms, min = 0.01ms, total = 4.01ms
	CoreWorker.TryDelPendingObjectRefStreams - 36 total (1 active), Execution time: mean = 0.01ms, total = 0.19ms, Queueing time: mean = 0.13ms, max = 0.66ms, min = 0.03ms, total = 4.53ms
	CoreWorkerService.grpc_server.GetCoreWorkerStats.HandleRequestImpl - 24 total (0 active), Execution time: mean = 0.08ms, total = 2.00ms, Queueing time: mean = 0.03ms, max = 0.06ms, min = 0.02ms, total = 0.65ms
	CoreWorkerService.grpc_server.GetCoreWorkerStats - 24 total (0 active), Execution time: mean = 0.28ms, total = 6.70ms, Queueing time: mean = 0.00ms, max = -0.00ms, min = 9223372036854.78ms, total = 0.00ms
	CoreWorker.PrintEventStats - 6 total (1 active, 1 running), Execution time: mean = 0.73ms, total = 4.36ms, Queueing time: mean = 0.06ms, max = 0.12ms, min = 0.03ms, total = 0.36ms
	PeriodicalRunner.RunFnPeriodically - 6 total (0 active), Execution time: mean = 0.11ms, total = 0.65ms, Queueing time: mean = 0.33ms, max = 0.65ms, min = 0.03ms, total = 1.96ms
	ReporterService.grpc_client.HealthCheck.OnReplyReceived - 2 total (0 active), Execution time: mean = 0.23ms, total = 0.46ms, Queueing time: mean = 0.02ms, max = 0.02ms, min = 0.02ms, total = 0.05ms
	ReporterService.grpc_client.HealthCheck - 2 total (0 active), Execution time: mean = 149.12ms, total = 298.24ms, Queueing time: mean = 0.00ms, max = -0.00ms, min = 9223372036854.78ms, total = 0.00ms
	ray::rpc::InternalPubSubGcsService.grpc_client.GcsSubscriberCommandBatch.OnReplyReceived - 2 total (0 active), Execution time: mean = 0.19ms, total = 0.38ms, Queueing time: mean = 0.21ms, max = 0.36ms, min = 0.06ms, total = 0.42ms
	ray::rpc::InternalPubSubGcsService.grpc_client.GcsSubscriberPoll - 2 total (1 active), Execution time: mean = 4980.78ms, total = 9961.56ms, Queueing time: mean = 0.00ms, max = -0.00ms, min = 9223372036854.78ms, total = 0.00ms
	Publisher.CheckDeadSubscribers - 2 total (1 active), Execution time: mean = 0.00ms, total = 0.01ms, Queueing time: mean = 0.03ms, max = 0.06ms, min = 0.06ms, total = 0.06ms
	ray::rpc::InternalPubSubGcsService.grpc_client.GcsSubscriberCommandBatch - 2 total (0 active), Execution time: mean = 0.62ms, total = 1.25ms, Queueing time: mean = 0.00ms, max = -0.00ms, min = 9223372036854.78ms, total = 0.00ms
	ray::rpc::ActorInfoGcsService.grpc_client.CreateActor.OnReplyReceived - 1 total (0 active), Execution time: mean = 0.06ms, total = 0.06ms, Queueing time: mean = 0.51ms, max = 0.51ms, min = 0.51ms, total = 0.51ms
	ray::rpc::NodeInfoGcsService.grpc_client.GetAllNodeAddressAndLiveness - 1 total (0 active), Execution time: mean = 0.35ms, total = 0.35ms, Queueing time: mean = 0.00ms, max = -0.00ms, min = 9223372036854.78ms, total = 0.00ms
	CoreWorkerService.grpc_client.PushTask - 1 total (1 active), Execution time: mean = 0.00ms, total = 0.00ms, Queueing time: mean = 0.00ms, max = -0.00ms, min = 9223372036854.78ms, total = 0.00ms
	ray::rpc::NodeInfoGcsService.grpc_client.GetAllNodeAddressAndLiveness.OnReplyReceived - 1 total (0 active), Execution time: mean = 0.05ms, total = 0.05ms, Queueing time: mean = 0.02ms, max = 0.02ms, min = 0.02ms, total = 0.02ms
	ray::rpc::ActorInfoGcsService.grpc_client.GetActorInfo.OnReplyReceived - 1 total (0 active), Execution time: mean = 1.48ms, total = 1.48ms, Queueing time: mean = 0.04ms, max = 0.04ms, min = 0.04ms, total = 0.04ms
	ray::rpc::ActorInfoGcsService.grpc_client.CreateActor - 1 total (0 active), Execution time: mean = 9923.44ms, total = 9923.44ms, Queueing time: mean = 0.00ms, max = -0.00ms, min = 9223372036854.78ms, total = 0.00ms
	ray::rpc::WorkerInfoGcsService.grpc_client.AddWorkerInfo.OnReplyReceived - 1 total (0 active), Execution time: mean = 0.02ms, total = 0.02ms, Queueing time: mean = 0.48ms, max = 0.48ms, min = 0.48ms, total = 0.48ms
	ray::rpc::WorkerInfoGcsService.grpc_client.AddWorkerInfo - 1 total (0 active), Execution time: mean = 0.55ms, total = 0.55ms, Queueing time: mean = 0.00ms, max = -0.00ms, min = 9223372036854.78ms, total = 0.00ms
	MetricsAgentClient.WaitForServerReadyWithRetry - 1 total (0 active), Execution time: mean = 0.20ms, total = 0.20ms, Queueing time: mean = 1000.04ms, max = 1000.04ms, min = 1000.04ms, total = 1000.04ms
	ActorCreator.AsyncRegisterActor - 1 total (0 active), Execution time: mean = 0.23ms, total = 0.23ms, Queueing time: mean = 0.02ms, max = 0.02ms, min = 0.02ms, total = 0.02ms
	Subscriber.HandlePublishedMessage_GCS_ACTOR_CHANNEL - 1 total (0 active), Execution time: mean = 0.62ms, total = 0.62ms, Queueing time: mean = 0.32ms, max = 0.32ms, min = 0.32ms, total = 0.32ms
	CoreWorkerService.grpc_server.WaitForActorRefDeleted - 1 total (1 active), Execution time: mean = 0.00ms, total = 0.00ms, Queueing time: mean = 0.00ms, max = -0.00ms, min = 9223372036854.78ms, total = 0.00ms
	CoreWorkerService.grpc_server.WaitForActorRefDeleted.HandleRequestImpl - 1 total (0 active), Execution time: mean = 0.06ms, total = 0.06ms, Queueing time: mean = 0.21ms, max = 0.21ms, min = 0.21ms, total = 0.21ms
	ActorTaskSubmitter::SubmitTask - 1 total (0 active), Execution time: mean = 0.02ms, total = 0.02ms, Queueing time: mean = 0.07ms, max = 0.07ms, min = 0.07ms, total = 0.07ms
	ray::rpc::ActorInfoGcsService.grpc_client.GetActorInfo - 1 total (0 active), Execution time: mean = 0.99ms, total = 0.99ms, Queueing time: mean = 0.00ms, max = -0.00ms, min = 9223372036854.78ms, total = 0.00ms
	ray::rpc::InternalPubSubGcsService.grpc_client.GcsSubscriberPoll.OnReplyReceived - 1 total (0 active), Execution time: mean = 0.54ms, total = 0.54ms, Queueing time: mean = 0.06ms, max = 0.06ms, min = 0.06ms, total = 0.06ms
	ray::rpc::ActorInfoGcsService.grpc_client.RegisterActor.OnReplyReceived - 1 total (0 active), Execution time: mean = 0.30ms, total = 0.30ms, Queueing time: mean = 0.05ms, max = 0.05ms, min = 0.05ms, total = 0.05ms
	ray::rpc::ActorInfoGcsService.grpc_client.RegisterActor - 1 total (0 active), Execution time: mean = 2.06ms, total = 2.06ms, Queueing time: mean = 0.00ms, max = -0.00ms, min = 9223372036854.78ms, total = 0.00ms

-----------------
Task execution event stats:

Global stats: 0 total (0 active)
Queueing time: mean = -nanms, max = -0.00ms, min = 9223372036854.78ms, total = 0.00ms
Execution time:  mean = -nanms, total = 0.00ms
Event stats:

-----------------
Task Event stats:

IO Service Stats:

Global stats: 1081 total (1 active)
Queueing time: mean = 0.03ms, max = 0.12ms, min = 0.01ms, total = 37.34ms
Execution time:  mean = 0.36ms, total = 385.31ms
Event stats:
	CoreWorker.deadline_timer.flush_task_events - 360 total (1 active), Execution time: mean = 0.22ms, total = 78.62ms, Queueing time: mean = 0.06ms, max = 0.12ms, min = 0.01ms, total = 21.20ms
	ray::rpc::TaskInfoGcsService.grpc_client.AddTaskEventData - 360 total (0 active), Execution time: mean = 0.82ms, total = 293.87ms, Queueing time: mean = 0.00ms, max = -0.00ms, min = 9223372036854.78ms, total = 0.00ms
	ray::rpc::TaskInfoGcsService.grpc_client.AddTaskEventData.OnReplyReceived - 360 total (0 active), Execution time: mean = 0.03ms, total = 12.45ms, Queueing time: mean = 0.04ms, max = 0.09ms, min = 0.01ms, total = 16.12ms
	PeriodicalRunner.RunFnPeriodically - 1 total (0 active), Execution time: mean = 0.37ms, total = 0.37ms, Queueing time: mean = 0.01ms, max = 0.01ms, min = 0.01ms, total = 0.01ms
Other Stats:
	gcs_grpc_in_progress:0
	event_aggregator_grpc_in_progress:0
	current number of task status events in buffer: 0
	current number of profile events in buffer: 0
	current number of dropped task attempts tracked: 0
	total task events sent: 0.00111294 MiB
	total number of task attempts sent: 5
	total number of task attempts dropped reported: 0
	total number of sent failure: 0
	num status task events dropped: 0
	num profile task events dropped: 0
	num ray task events reported to aggregator: 0
	num ray task events failed to report to aggregator: 0
	num of task attempts dropped reported to aggregator: 0
	num of failed requests to aggregator: 0

[2026-02-14 20:16:20,050 I 3074361 3074361] core_worker.cc:584: Sending disconnect message to the local raylet.
[2026-02-14 20:16:20,050 I 3074361 3074361] raylet_ipc_client.cc:135: RayletIpcClient::Disconnect, exit_type=INTENDED_USER_EXIT, exit_detail=Shutdown by ray.shutdown()., has creation_task_exception_pb_bytes=0
[2026-02-14 20:16:20,051 I 3074361 3074361] core_worker.cc:589: Disconnected from the local raylet.
[2026-02-14 20:16:20,052 I 3074361 3074361] task_event_buffer.cc:491: Shutting down TaskEventBuffer.
[2026-02-14 20:16:20,052 I 3074361 3078028] task_event_buffer.cc:459: Task event buffer io service stopped.
[2026-02-14 20:16:20,052 I 3074361 3074361] core_worker_shutdown_executor.cc:54: Waiting for joining a core worker io thread. If it hangs here, there might be deadlock or a high load in the core worker io service.
[2026-02-14 20:16:20,052 I 3074361 3075302] core_worker_process.cc:195: Core worker main io service stopped.
[2026-02-14 20:16:20,058 I 3074361 3074361] core_worker_shutdown_executor.cc:72: Disconnecting a GCS client.
[2026-02-14 20:16:20,058 I 3074361 3074361] core_worker_shutdown_executor.cc:79: Core worker ready to be deallocated.
[2026-02-14 20:16:20,058 I 3074361 3074361] core_worker.cc:539: Core worker is destructed
[2026-02-14 20:16:20,058 I 3074361 3074361] task_event_buffer.cc:491: Shutting down TaskEventBuffer.
[2026-02-14 20:16:20,060 I 3074361 3074361] core_worker_process.cc:851: Destructing CoreWorkerProcessImpl. pid: 3074361
[2026-02-14 20:16:20,063 I 3074361 3074361] stats.h:149: Stats module has shutdown.
