[2026-02-14 20:09:34,882 I 3075320 3075320] core_worker_process.cc:777: Constructing CoreWorkerProcess. pid: 3075320
[2026-02-14 20:09:34,898 I 3075320 3075320] event.cc:499: Ray Event initialized for CORE_WORKER
[2026-02-14 20:09:34,898 I 3075320 3075320] event.cc:499: Ray Event initialized for EXPORT_TASK
[2026-02-14 20:09:34,898 I 3075320 3075320] event.cc:332: Set ray event level to warning
[2026-02-14 20:09:34,898 I 3075320 3075320] event_aggregator_client.h:50: Initiating the local event aggregator client with port: 60737
[2026-02-14 20:09:34,901 I 3075320 3075320] grpc_server.cc:143: worker server started, listening on port 43381.
[2026-02-14 20:09:34,918 I 3075320 3075320] core_worker_process.cc:262: Initializing worker at address: 172.28.6.3:43381 worker_id=5b06dcc7cf929f02d1064449d300d15f002b9d87198823c4fd3a9f65 node_id=44c6daa0fb204aedb0814de8ea3228ccfcd3d367e93490421cb4cd54
[2026-02-14 20:09:34,919 I 3075320 3075320] task_event_buffer.cc:480: Reporting task events to GCS every 1000ms.
[2026-02-14 20:09:34,920 I 3075320 3075320] core_worker.cc:515: Adjusted worker niceness to 15
[2026-02-14 20:09:34,920 I 3075320 3075320] metrics_agent_client.cc:45: Initializing exporter ...
[2026-02-14 20:09:34,920 I 3075320 3076279] core_worker.cc:455: Event stats:


Global stats: 12 total (10 active)
Queueing time: mean = 0.01ms, max = 0.12ms, min = 0.02ms, total = 0.14ms
Execution time:  mean = 0.00ms, total = 0.03ms
Event stats:
	PeriodicalRunner.RunFnPeriodically - 7 total (5 active, 1 running), Execution time: mean = 0.00ms, total = 0.03ms, Queueing time: mean = 0.02ms, max = 0.12ms, min = 0.02ms, total = 0.14ms
	ray::rpc::WorkerInfoGcsService.grpc_client.AddWorkerInfo - 1 total (1 active), Execution time: mean = 0.00ms, total = 0.00ms, Queueing time: mean = 0.00ms, max = -0.00ms, min = 9223372036854.78ms, total = 0.00ms
	Publisher.CheckDeadSubscribers - 1 total (1 active), Execution time: mean = 0.00ms, total = 0.00ms, Queueing time: mean = 0.00ms, max = -0.00ms, min = 9223372036854.78ms, total = 0.00ms
	ray::rpc::InternalPubSubGcsService.grpc_client.GcsSubscriberPoll - 1 total (1 active), Execution time: mean = 0.00ms, total = 0.00ms, Queueing time: mean = 0.00ms, max = -0.00ms, min = 9223372036854.78ms, total = 0.00ms
	CoreWorker.ExitIfParentRayletDies - 1 total (1 active), Execution time: mean = 0.00ms, total = 0.00ms, Queueing time: mean = 0.00ms, max = -0.00ms, min = 9223372036854.78ms, total = 0.00ms
	ray::rpc::InternalPubSubGcsService.grpc_client.GcsSubscriberCommandBatch - 1 total (1 active), Execution time: mean = 0.00ms, total = 0.00ms, Queueing time: mean = 0.00ms, max = -0.00ms, min = 9223372036854.78ms, total = 0.00ms

-----------------
Task execution event stats:

Global stats: 0 total (0 active)
Queueing time: mean = -nanms, max = -0.00ms, min = 9223372036854.78ms, total = 0.00ms
Execution time:  mean = -nanms, total = 0.00ms
Event stats:

-----------------
Task Event stats:

IO Service Stats:

Global stats: 4 total (1 active)
Queueing time: mean = 0.04ms, max = 0.12ms, min = 0.03ms, total = 0.15ms
Execution time:  mean = 0.27ms, total = 1.10ms
Event stats:
	ray::rpc::TaskInfoGcsService.grpc_client.AddTaskEventData.OnReplyReceived - 1 total (0 active), Execution time: mean = 0.02ms, total = 0.02ms, Queueing time: mean = 0.03ms, max = 0.03ms, min = 0.03ms, total = 0.03ms
	ray::rpc::TaskInfoGcsService.grpc_client.AddTaskEventData - 1 total (0 active), Execution time: mean = 0.80ms, total = 0.80ms, Queueing time: mean = 0.00ms, max = -0.00ms, min = 9223372036854.78ms, total = 0.00ms
	PeriodicalRunner.RunFnPeriodically - 1 total (0 active), Execution time: mean = 0.27ms, total = 0.27ms, Queueing time: mean = 0.12ms, max = 0.12ms, min = 0.12ms, total = 0.12ms
	CoreWorker.deadline_timer.flush_task_events - 1 total (1 active), Execution time: mean = 0.00ms, total = 0.00ms, Queueing time: mean = 0.00ms, max = -0.00ms, min = 9223372036854.78ms, total = 0.00ms
Other Stats:
	gcs_grpc_in_progress:0
	event_aggregator_grpc_in_progress:0
	current number of task status events in buffer: 0
	current number of profile events in buffer: 0
	current number of dropped task attempts tracked: 0
	total task events sent: 0 MiB
	total number of task attempts sent: 0
	total number of task attempts dropped reported: 0
	total number of sent failure: 0
	num status task events dropped: 0
	num profile task events dropped: 0
	num ray task events reported to aggregator: 0
	num ray task events failed to report to aggregator: 0
	num of task attempts dropped reported to aggregator: 0
	num of failed requests to aggregator: 0

[2026-02-14 20:09:34,921 I 3075320 3076279] accessor.cc:433: Received address and liveness notification for node, IsAlive = 1 node_id=44c6daa0fb204aedb0814de8ea3228ccfcd3d367e93490421cb4cd54
[2026-02-14 20:09:34,921 I 3075320 3076279] normal_task_submitter.cc:840: Number of alive nodes:1
[2026-02-14 20:09:36,923 I 3075320 3076279] metrics_agent_client.cc:59: Exporter initialized.
[2026-02-14 20:10:34,921 I 3075320 3076279] core_worker.cc:455: Event stats:


Global stats: 890 total (8 active)
Queueing time: mean = 2.30ms, max = 1000.03ms, min = 0.00ms, total = 2047.81ms
Execution time:  mean = 0.09ms, total = 79.47ms
Event stats:
	CoreWorker.RecoverObjects - 600 total (1 active), Execution time: mean = 0.01ms, total = 5.82ms, Queueing time: mean = 0.06ms, max = 0.13ms, min = 0.01ms, total = 35.70ms
	CoreWorker.ExitIfParentRayletDies - 60 total (1 active), Execution time: mean = 0.01ms, total = 0.68ms, Queueing time: mean = 0.05ms, max = 0.10ms, min = 0.02ms, total = 3.28ms
	CoreWorker.InternalHeartbeat - 60 total (1 active), Execution time: mean = 0.19ms, total = 11.10ms, Queueing time: mean = 0.05ms, max = 0.09ms, min = 0.00ms, total = 3.28ms
	NodeManagerService.grpc_client.ReportWorkerBacklog.OnReplyReceived - 60 total (0 active), Execution time: mean = 0.03ms, total = 1.63ms, Queueing time: mean = 0.04ms, max = 0.07ms, min = 0.01ms, total = 2.23ms
	NodeManagerService.grpc_client.ReportWorkerBacklog - 60 total (0 active), Execution time: mean = 0.86ms, total = 51.61ms, Queueing time: mean = 0.00ms, max = -0.00ms, min = 9223372036854.78ms, total = 0.00ms
	CoreWorker.RecordMetrics - 12 total (1 active), Execution time: mean = 0.06ms, total = 0.69ms, Queueing time: mean = 0.03ms, max = 0.07ms, min = 0.02ms, total = 0.34ms
	PeriodicalRunner.RunFnPeriodically - 7 total (0 active), Execution time: mean = 0.10ms, total = 0.69ms, Queueing time: mean = 0.29ms, max = 0.68ms, min = 0.02ms, total = 2.03ms
	CoreWorker.TryDelPendingObjectRefStreams - 6 total (1 active), Execution time: mean = 0.00ms, total = 0.03ms, Queueing time: mean = 0.04ms, max = 0.08ms, min = 0.02ms, total = 0.22ms
	CoreWorkerService.grpc_server.GetCoreWorkerStats - 4 total (0 active), Execution time: mean = 0.31ms, total = 1.22ms, Queueing time: mean = 0.00ms, max = -0.00ms, min = 9223372036854.78ms, total = 0.00ms
	CoreWorkerService.grpc_server.GetCoreWorkerStats.HandleRequestImpl - 4 total (0 active), Execution time: mean = 0.12ms, total = 0.46ms, Queueing time: mean = 0.03ms, max = 0.03ms, min = 0.02ms, total = 0.11ms
	ReporterService.grpc_client.HealthCheck - 3 total (0 active), Execution time: mean = 0.79ms, total = 2.37ms, Queueing time: mean = 0.00ms, max = -0.00ms, min = 9223372036854.78ms, total = 0.00ms
	ReporterService.grpc_client.HealthCheck.OnReplyReceived - 3 total (0 active), Execution time: mean = 0.10ms, total = 0.30ms, Queueing time: mean = 0.02ms, max = 0.02ms, min = 0.02ms, total = 0.06ms
	MetricsAgentClient.WaitForServerReadyWithRetry - 2 total (0 active), Execution time: mean = 0.13ms, total = 0.26ms, Queueing time: mean = 1000.02ms, max = 1000.03ms, min = 1000.01ms, total = 2000.04ms
	ray::rpc::InternalPubSubGcsService.grpc_client.GcsSubscriberCommandBatch.OnReplyReceived - 1 total (0 active), Execution time: mean = 0.14ms, total = 0.14ms, Queueing time: mean = 0.12ms, max = 0.12ms, min = 0.12ms, total = 0.12ms
	Publisher.CheckDeadSubscribers - 1 total (1 active), Execution time: mean = 0.00ms, total = 0.00ms, Queueing time: mean = 0.00ms, max = -0.00ms, min = 9223372036854.78ms, total = 0.00ms
	ray::rpc::WorkerInfoGcsService.grpc_client.AddWorkerInfo - 1 total (0 active), Execution time: mean = 0.76ms, total = 0.76ms, Queueing time: mean = 0.00ms, max = -0.00ms, min = 9223372036854.78ms, total = 0.00ms
	ray::rpc::InternalPubSubGcsService.grpc_client.GcsSubscriberPoll - 1 total (1 active), Execution time: mean = 0.00ms, total = 0.00ms, Queueing time: mean = 0.00ms, max = -0.00ms, min = 9223372036854.78ms, total = 0.00ms
	ray::rpc::NodeInfoGcsService.grpc_client.GetAllNodeAddressAndLiveness.OnReplyReceived - 1 total (0 active), Execution time: mean = 0.07ms, total = 0.07ms, Queueing time: mean = 0.02ms, max = 0.02ms, min = 0.02ms, total = 0.02ms
	ray::rpc::WorkerInfoGcsService.grpc_client.AddWorkerInfo.OnReplyReceived - 1 total (0 active), Execution time: mean = 0.03ms, total = 0.03ms, Queueing time: mean = 0.39ms, max = 0.39ms, min = 0.39ms, total = 0.39ms
	ray::rpc::InternalPubSubGcsService.grpc_client.GcsSubscriberCommandBatch - 1 total (0 active), Execution time: mean = 0.88ms, total = 0.88ms, Queueing time: mean = 0.00ms, max = -0.00ms, min = 9223372036854.78ms, total = 0.00ms
	ray::rpc::NodeInfoGcsService.grpc_client.GetAllNodeAddressAndLiveness - 1 total (0 active), Execution time: mean = 0.75ms, total = 0.75ms, Queueing time: mean = 0.00ms, max = -0.00ms, min = 9223372036854.78ms, total = 0.00ms
	CoreWorker.PrintEventStats - 1 total (1 active, 1 running), Execution time: mean = 0.00ms, total = 0.00ms, Queueing time: mean = 0.00ms, max = -0.00ms, min = 9223372036854.78ms, total = 0.00ms

-----------------
Task execution event stats:

Global stats: 5960 total (1 active)
Queueing time: mean = 0.06ms, max = 0.24ms, min = -0.00ms, total = 356.98ms
Execution time:  mean = 0.02ms, total = 92.81ms
Event stats:
	CoreWorker.CheckSignal - 5959 total (1 active), Execution time: mean = 0.02ms, total = 92.80ms, Queueing time: mean = 0.06ms, max = 0.24ms, min = -0.00ms, total = 356.98ms
	PeriodicalRunner.RunFnPeriodically - 1 total (0 active), Execution time: mean = 0.01ms, total = 0.01ms, Queueing time: mean = 0.00ms, max = 0.00ms, min = 0.00ms, total = 0.00ms

-----------------
Task Event stats:

IO Service Stats:

Global stats: 181 total (1 active)
Queueing time: mean = 0.03ms, max = 0.12ms, min = 0.02ms, total = 6.14ms
Execution time:  mean = 0.35ms, total = 64.14ms
Event stats:
	ray::rpc::TaskInfoGcsService.grpc_client.AddTaskEventData.OnReplyReceived - 60 total (0 active), Execution time: mean = 0.03ms, total = 2.05ms, Queueing time: mean = 0.04ms, max = 0.07ms, min = 0.02ms, total = 2.31ms
	ray::rpc::TaskInfoGcsService.grpc_client.AddTaskEventData - 60 total (0 active), Execution time: mean = 0.81ms, total = 48.51ms, Queueing time: mean = 0.00ms, max = -0.00ms, min = 9223372036854.78ms, total = 0.00ms
	CoreWorker.deadline_timer.flush_task_events - 60 total (1 active), Execution time: mean = 0.22ms, total = 13.31ms, Queueing time: mean = 0.06ms, max = 0.11ms, min = 0.02ms, total = 3.71ms
	PeriodicalRunner.RunFnPeriodically - 1 total (0 active), Execution time: mean = 0.27ms, total = 0.27ms, Queueing time: mean = 0.12ms, max = 0.12ms, min = 0.12ms, total = 0.12ms
Other Stats:
	gcs_grpc_in_progress:0
	event_aggregator_grpc_in_progress:0
	current number of task status events in buffer: 0
	current number of profile events in buffer: 0
	current number of dropped task attempts tracked: 0
	total task events sent: 0 MiB
	total number of task attempts sent: 0
	total number of task attempts dropped reported: 0
	total number of sent failure: 0
	num status task events dropped: 0
	num profile task events dropped: 0
	num ray task events reported to aggregator: 0
	num ray task events failed to report to aggregator: 0
	num of task attempts dropped reported to aggregator: 0
	num of failed requests to aggregator: 0

[2026-02-14 20:11:34,921 I 3075320 3076279] core_worker.cc:455: Event stats:


Global stats: 1757 total (8 active)
Queueing time: mean = 1.19ms, max = 1000.03ms, min = 0.00ms, total = 2090.19ms
Execution time:  mean = 0.09ms, total = 156.71ms
Event stats:
	CoreWorker.RecoverObjects - 1200 total (1 active), Execution time: mean = 0.01ms, total = 11.22ms, Queueing time: mean = 0.06ms, max = 0.27ms, min = 0.01ms, total = 68.04ms
	CoreWorker.ExitIfParentRayletDies - 120 total (1 active), Execution time: mean = 0.01ms, total = 1.34ms, Queueing time: mean = 0.05ms, max = 0.11ms, min = 0.01ms, total = 6.42ms
	CoreWorker.InternalHeartbeat - 120 total (1 active), Execution time: mean = 0.19ms, total = 22.23ms, Queueing time: mean = 0.05ms, max = 0.09ms, min = 0.00ms, total = 6.37ms
	NodeManagerService.grpc_client.ReportWorkerBacklog.OnReplyReceived - 120 total (0 active), Execution time: mean = 0.03ms, total = 3.29ms, Queueing time: mean = 0.04ms, max = 0.07ms, min = 0.01ms, total = 4.92ms
	NodeManagerService.grpc_client.ReportWorkerBacklog - 120 total (0 active), Execution time: mean = 0.89ms, total = 107.10ms, Queueing time: mean = 0.00ms, max = -0.00ms, min = 9223372036854.78ms, total = 0.00ms
	CoreWorker.RecordMetrics - 24 total (1 active), Execution time: mean = 0.06ms, total = 1.47ms, Queueing time: mean = 0.04ms, max = 0.08ms, min = 0.02ms, total = 0.95ms
	CoreWorker.TryDelPendingObjectRefStreams - 12 total (1 active), Execution time: mean = 0.00ms, total = 0.06ms, Queueing time: mean = 0.04ms, max = 0.08ms, min = 0.02ms, total = 0.47ms
	CoreWorkerService.grpc_server.GetCoreWorkerStats - 8 total (0 active), Execution time: mean = 0.29ms, total = 2.33ms, Queueing time: mean = 0.00ms, max = -0.00ms, min = 9223372036854.78ms, total = 0.00ms
	CoreWorkerService.grpc_server.GetCoreWorkerStats.HandleRequestImpl - 8 total (0 active), Execution time: mean = 0.10ms, total = 0.77ms, Queueing time: mean = 0.03ms, max = 0.06ms, min = 0.02ms, total = 0.27ms
	PeriodicalRunner.RunFnPeriodically - 7 total (0 active), Execution time: mean = 0.10ms, total = 0.69ms, Queueing time: mean = 0.29ms, max = 0.68ms, min = 0.02ms, total = 2.03ms
	ReporterService.grpc_client.HealthCheck - 3 total (0 active), Execution time: mean = 0.79ms, total = 2.37ms, Queueing time: mean = 0.00ms, max = -0.00ms, min = 9223372036854.78ms, total = 0.00ms
	ReporterService.grpc_client.HealthCheck.OnReplyReceived - 3 total (0 active), Execution time: mean = 0.10ms, total = 0.30ms, Queueing time: mean = 0.02ms, max = 0.02ms, min = 0.02ms, total = 0.06ms
	MetricsAgentClient.WaitForServerReadyWithRetry - 2 total (0 active), Execution time: mean = 0.13ms, total = 0.26ms, Queueing time: mean = 1000.02ms, max = 1000.03ms, min = 1000.01ms, total = 2000.04ms
	CoreWorker.PrintEventStats - 2 total (1 active, 1 running), Execution time: mean = 0.33ms, total = 0.66ms, Queueing time: mean = 0.03ms, max = 0.06ms, min = 0.06ms, total = 0.06ms
	ray::rpc::InternalPubSubGcsService.grpc_client.GcsSubscriberCommandBatch.OnReplyReceived - 1 total (0 active), Execution time: mean = 0.14ms, total = 0.14ms, Queueing time: mean = 0.12ms, max = 0.12ms, min = 0.12ms, total = 0.12ms
	Publisher.CheckDeadSubscribers - 1 total (1 active), Execution time: mean = 0.00ms, total = 0.00ms, Queueing time: mean = 0.00ms, max = -0.00ms, min = 9223372036854.78ms, total = 0.00ms
	ray::rpc::WorkerInfoGcsService.grpc_client.AddWorkerInfo - 1 total (0 active), Execution time: mean = 0.76ms, total = 0.76ms, Queueing time: mean = 0.00ms, max = -0.00ms, min = 9223372036854.78ms, total = 0.00ms
	ray::rpc::InternalPubSubGcsService.grpc_client.GcsSubscriberPoll - 1 total (1 active), Execution time: mean = 0.00ms, total = 0.00ms, Queueing time: mean = 0.00ms, max = -0.00ms, min = 9223372036854.78ms, total = 0.00ms
	ray::rpc::NodeInfoGcsService.grpc_client.GetAllNodeAddressAndLiveness.OnReplyReceived - 1 total (0 active), Execution time: mean = 0.07ms, total = 0.07ms, Queueing time: mean = 0.02ms, max = 0.02ms, min = 0.02ms, total = 0.02ms
	ray::rpc::WorkerInfoGcsService.grpc_client.AddWorkerInfo.OnReplyReceived - 1 total (0 active), Execution time: mean = 0.03ms, total = 0.03ms, Queueing time: mean = 0.39ms, max = 0.39ms, min = 0.39ms, total = 0.39ms
	ray::rpc::InternalPubSubGcsService.grpc_client.GcsSubscriberCommandBatch - 1 total (0 active), Execution time: mean = 0.88ms, total = 0.88ms, Queueing time: mean = 0.00ms, max = -0.00ms, min = 9223372036854.78ms, total = 0.00ms
	ray::rpc::NodeInfoGcsService.grpc_client.GetAllNodeAddressAndLiveness - 1 total (0 active), Execution time: mean = 0.75ms, total = 0.75ms, Queueing time: mean = 0.00ms, max = -0.00ms, min = 9223372036854.78ms, total = 0.00ms

-----------------
Task execution event stats:

Global stats: 11919 total (1 active)
Queueing time: mean = 0.06ms, max = 0.24ms, min = -0.00ms, total = 707.54ms
Execution time:  mean = 0.02ms, total = 183.30ms
Event stats:
	CoreWorker.CheckSignal - 11918 total (1 active), Execution time: mean = 0.02ms, total = 183.29ms, Queueing time: mean = 0.06ms, max = 0.24ms, min = -0.00ms, total = 707.53ms
	PeriodicalRunner.RunFnPeriodically - 1 total (0 active), Execution time: mean = 0.01ms, total = 0.01ms, Queueing time: mean = 0.00ms, max = 0.00ms, min = 0.00ms, total = 0.00ms

-----------------
Task Event stats:

IO Service Stats:

Global stats: 361 total (1 active)
Queueing time: mean = 0.03ms, max = 0.12ms, min = 0.01ms, total = 11.57ms
Execution time:  mean = 0.34ms, total = 124.42ms
Event stats:
	ray::rpc::TaskInfoGcsService.grpc_client.AddTaskEventData.OnReplyReceived - 120 total (0 active), Execution time: mean = 0.03ms, total = 4.09ms, Queueing time: mean = 0.04ms, max = 0.07ms, min = 0.01ms, total = 4.56ms
	ray::rpc::TaskInfoGcsService.grpc_client.AddTaskEventData - 120 total (0 active), Execution time: mean = 0.78ms, total = 93.99ms, Queueing time: mean = 0.00ms, max = -0.00ms, min = 9223372036854.78ms, total = 0.00ms
	CoreWorker.deadline_timer.flush_task_events - 120 total (1 active), Execution time: mean = 0.22ms, total = 26.07ms, Queueing time: mean = 0.06ms, max = 0.11ms, min = 0.02ms, total = 6.89ms
	PeriodicalRunner.RunFnPeriodically - 1 total (0 active), Execution time: mean = 0.27ms, total = 0.27ms, Queueing time: mean = 0.12ms, max = 0.12ms, min = 0.12ms, total = 0.12ms
Other Stats:
	gcs_grpc_in_progress:0
	event_aggregator_grpc_in_progress:0
	current number of task status events in buffer: 0
	current number of profile events in buffer: 0
	current number of dropped task attempts tracked: 0
	total task events sent: 0 MiB
	total number of task attempts sent: 0
	total number of task attempts dropped reported: 0
	total number of sent failure: 0
	num status task events dropped: 0
	num profile task events dropped: 0
	num ray task events reported to aggregator: 0
	num ray task events failed to report to aggregator: 0
	num of task attempts dropped reported to aggregator: 0
	num of failed requests to aggregator: 0

[2026-02-14 20:12:34,922 I 3075320 3076279] core_worker.cc:455: Event stats:


Global stats: 2623 total (8 active)
Queueing time: mean = 0.81ms, max = 1000.03ms, min = 0.00ms, total = 2133.20ms
Execution time:  mean = 0.09ms, total = 227.97ms
Event stats:
	CoreWorker.RecoverObjects - 1799 total (1 active), Execution time: mean = 0.01ms, total = 16.46ms, Queueing time: mean = 0.06ms, max = 0.27ms, min = 0.01ms, total = 100.65ms
	CoreWorker.InternalHeartbeat - 180 total (1 active), Execution time: mean = 0.19ms, total = 33.36ms, Queueing time: mean = 0.05ms, max = 0.09ms, min = 0.00ms, total = 9.67ms
	CoreWorker.ExitIfParentRayletDies - 180 total (1 active), Execution time: mean = 0.01ms, total = 1.97ms, Queueing time: mean = 0.05ms, max = 0.11ms, min = 0.01ms, total = 9.38ms
	NodeManagerService.grpc_client.ReportWorkerBacklog.OnReplyReceived - 180 total (0 active), Execution time: mean = 0.03ms, total = 4.94ms, Queueing time: mean = 0.04ms, max = 0.08ms, min = 0.01ms, total = 7.58ms
	NodeManagerService.grpc_client.ReportWorkerBacklog - 180 total (0 active), Execution time: mean = 0.87ms, total = 156.77ms, Queueing time: mean = 0.00ms, max = -0.00ms, min = 9223372036854.78ms, total = 0.00ms
	CoreWorker.RecordMetrics - 36 total (1 active), Execution time: mean = 0.06ms, total = 2.19ms, Queueing time: mean = 0.04ms, max = 0.08ms, min = 0.02ms, total = 1.47ms
	CoreWorker.TryDelPendingObjectRefStreams - 18 total (1 active), Execution time: mean = 0.00ms, total = 0.09ms, Queueing time: mean = 0.07ms, max = 0.58ms, min = 0.02ms, total = 1.30ms
	CoreWorkerService.grpc_server.GetCoreWorkerStats - 12 total (0 active), Execution time: mean = 0.29ms, total = 3.47ms, Queueing time: mean = 0.00ms, max = -0.00ms, min = 9223372036854.78ms, total = 0.00ms
	CoreWorkerService.grpc_server.GetCoreWorkerStats.HandleRequestImpl - 12 total (0 active), Execution time: mean = 0.09ms, total = 1.06ms, Queueing time: mean = 0.03ms, max = 0.06ms, min = 0.02ms, total = 0.41ms
	PeriodicalRunner.RunFnPeriodically - 7 total (0 active), Execution time: mean = 0.10ms, total = 0.69ms, Queueing time: mean = 0.29ms, max = 0.68ms, min = 0.02ms, total = 2.03ms
	ReporterService.grpc_client.HealthCheck - 3 total (0 active), Execution time: mean = 0.79ms, total = 2.37ms, Queueing time: mean = 0.00ms, max = -0.00ms, min = 9223372036854.78ms, total = 0.00ms
	CoreWorker.PrintEventStats - 3 total (1 active, 1 running), Execution time: mean = 0.47ms, total = 1.42ms, Queueing time: mean = 0.03ms, max = 0.06ms, min = 0.03ms, total = 0.09ms
	ReporterService.grpc_client.HealthCheck.OnReplyReceived - 3 total (0 active), Execution time: mean = 0.10ms, total = 0.30ms, Queueing time: mean = 0.02ms, max = 0.02ms, min = 0.02ms, total = 0.06ms
	MetricsAgentClient.WaitForServerReadyWithRetry - 2 total (0 active), Execution time: mean = 0.13ms, total = 0.26ms, Queueing time: mean = 1000.02ms, max = 1000.03ms, min = 1000.01ms, total = 2000.04ms
	Publisher.CheckDeadSubscribers - 1 total (1 active), Execution time: mean = 0.00ms, total = 0.00ms, Queueing time: mean = 0.00ms, max = -0.00ms, min = 9223372036854.78ms, total = 0.00ms
	ray::rpc::WorkerInfoGcsService.grpc_client.AddWorkerInfo - 1 total (0 active), Execution time: mean = 0.76ms, total = 0.76ms, Queueing time: mean = 0.00ms, max = -0.00ms, min = 9223372036854.78ms, total = 0.00ms
	ray::rpc::InternalPubSubGcsService.grpc_client.GcsSubscriberCommandBatch.OnReplyReceived - 1 total (0 active), Execution time: mean = 0.14ms, total = 0.14ms, Queueing time: mean = 0.12ms, max = 0.12ms, min = 0.12ms, total = 0.12ms
	ray::rpc::NodeInfoGcsService.grpc_client.GetAllNodeAddressAndLiveness.OnReplyReceived - 1 total (0 active), Execution time: mean = 0.07ms, total = 0.07ms, Queueing time: mean = 0.02ms, max = 0.02ms, min = 0.02ms, total = 0.02ms
	ray::rpc::InternalPubSubGcsService.grpc_client.GcsSubscriberPoll - 1 total (1 active), Execution time: mean = 0.00ms, total = 0.00ms, Queueing time: mean = 0.00ms, max = -0.00ms, min = 9223372036854.78ms, total = 0.00ms
	ray::rpc::InternalPubSubGcsService.grpc_client.GcsSubscriberCommandBatch - 1 total (0 active), Execution time: mean = 0.88ms, total = 0.88ms, Queueing time: mean = 0.00ms, max = -0.00ms, min = 9223372036854.78ms, total = 0.00ms
	ray::rpc::WorkerInfoGcsService.grpc_client.AddWorkerInfo.OnReplyReceived - 1 total (0 active), Execution time: mean = 0.03ms, total = 0.03ms, Queueing time: mean = 0.39ms, max = 0.39ms, min = 0.39ms, total = 0.39ms
	ray::rpc::NodeInfoGcsService.grpc_client.GetAllNodeAddressAndLiveness - 1 total (0 active), Execution time: mean = 0.75ms, total = 0.75ms, Queueing time: mean = 0.00ms, max = -0.00ms, min = 9223372036854.78ms, total = 0.00ms

-----------------
Task execution event stats:

Global stats: 17879 total (1 active)
Queueing time: mean = 0.06ms, max = 0.24ms, min = -0.01ms, total = 1047.45ms
Execution time:  mean = 0.02ms, total = 273.29ms
Event stats:
	CoreWorker.CheckSignal - 17878 total (1 active), Execution time: mean = 0.02ms, total = 273.28ms, Queueing time: mean = 0.06ms, max = 0.24ms, min = -0.01ms, total = 1047.45ms
	PeriodicalRunner.RunFnPeriodically - 1 total (0 active), Execution time: mean = 0.01ms, total = 0.01ms, Queueing time: mean = 0.00ms, max = 0.00ms, min = 0.00ms, total = 0.00ms

-----------------
Task Event stats:

IO Service Stats:

Global stats: 541 total (1 active)
Queueing time: mean = 0.03ms, max = 0.12ms, min = 0.01ms, total = 17.08ms
Execution time:  mean = 0.34ms, total = 183.80ms
Event stats:
	ray::rpc::TaskInfoGcsService.grpc_client.AddTaskEventData.OnReplyReceived - 180 total (0 active), Execution time: mean = 0.03ms, total = 6.17ms, Queueing time: mean = 0.04ms, max = 0.07ms, min = 0.01ms, total = 6.86ms
	ray::rpc::TaskInfoGcsService.grpc_client.AddTaskEventData - 180 total (0 active), Execution time: mean = 0.77ms, total = 138.85ms, Queueing time: mean = 0.00ms, max = -0.00ms, min = 9223372036854.78ms, total = 0.00ms
	CoreWorker.deadline_timer.flush_task_events - 180 total (1 active), Execution time: mean = 0.21ms, total = 38.51ms, Queueing time: mean = 0.06ms, max = 0.11ms, min = 0.02ms, total = 10.10ms
	PeriodicalRunner.RunFnPeriodically - 1 total (0 active), Execution time: mean = 0.27ms, total = 0.27ms, Queueing time: mean = 0.12ms, max = 0.12ms, min = 0.12ms, total = 0.12ms
Other Stats:
	gcs_grpc_in_progress:0
	event_aggregator_grpc_in_progress:0
	current number of task status events in buffer: 0
	current number of profile events in buffer: 0
	current number of dropped task attempts tracked: 0
	total task events sent: 0 MiB
	total number of task attempts sent: 0
	total number of task attempts dropped reported: 0
	total number of sent failure: 0
	num status task events dropped: 0
	num profile task events dropped: 0
	num ray task events reported to aggregator: 0
	num ray task events failed to report to aggregator: 0
	num of task attempts dropped reported to aggregator: 0
	num of failed requests to aggregator: 0

[2026-02-14 20:13:34,923 I 3075320 3076279] core_worker.cc:455: Event stats:


Global stats: 3490 total (8 active)
Queueing time: mean = 0.62ms, max = 1000.03ms, min = 0.00ms, total = 2174.91ms
Execution time:  mean = 0.09ms, total = 297.03ms
Event stats:
	CoreWorker.RecoverObjects - 2399 total (1 active), Execution time: mean = 0.01ms, total = 21.39ms, Queueing time: mean = 0.06ms, max = 0.27ms, min = 0.01ms, total = 132.76ms
	CoreWorker.InternalHeartbeat - 240 total (1 active), Execution time: mean = 0.18ms, total = 44.37ms, Queueing time: mean = 0.05ms, max = 0.09ms, min = 0.00ms, total = 12.62ms
	CoreWorker.ExitIfParentRayletDies - 240 total (1 active), Execution time: mean = 0.01ms, total = 2.64ms, Queueing time: mean = 0.05ms, max = 0.11ms, min = 0.01ms, total = 12.35ms
	NodeManagerService.grpc_client.ReportWorkerBacklog.OnReplyReceived - 240 total (0 active), Execution time: mean = 0.03ms, total = 6.52ms, Queueing time: mean = 0.04ms, max = 0.08ms, min = 0.01ms, total = 9.94ms
	NodeManagerService.grpc_client.ReportWorkerBacklog - 240 total (0 active), Execution time: mean = 0.85ms, total = 205.01ms, Queueing time: mean = 0.00ms, max = -0.00ms, min = 9223372036854.78ms, total = 0.00ms
	CoreWorker.RecordMetrics - 48 total (1 active), Execution time: mean = 0.06ms, total = 2.88ms, Queueing time: mean = 0.04ms, max = 0.09ms, min = 0.02ms, total = 1.95ms
	CoreWorker.TryDelPendingObjectRefStreams - 24 total (1 active), Execution time: mean = 0.00ms, total = 0.12ms, Queueing time: mean = 0.08ms, max = 0.58ms, min = 0.02ms, total = 1.97ms
	CoreWorkerService.grpc_server.GetCoreWorkerStats - 16 total (0 active), Execution time: mean = 0.28ms, total = 4.50ms, Queueing time: mean = 0.00ms, max = -0.00ms, min = 9223372036854.78ms, total = 0.00ms
	CoreWorkerService.grpc_server.GetCoreWorkerStats.HandleRequestImpl - 16 total (0 active), Execution time: mean = 0.08ms, total = 1.33ms, Queueing time: mean = 0.03ms, max = 0.06ms, min = 0.02ms, total = 0.50ms
	PeriodicalRunner.RunFnPeriodically - 7 total (0 active), Execution time: mean = 0.10ms, total = 0.69ms, Queueing time: mean = 0.29ms, max = 0.68ms, min = 0.02ms, total = 2.03ms
	CoreWorker.PrintEventStats - 4 total (1 active, 1 running), Execution time: mean = 0.51ms, total = 2.05ms, Queueing time: mean = 0.04ms, max = 0.07ms, min = 0.03ms, total = 0.16ms
	ReporterService.grpc_client.HealthCheck - 3 total (0 active), Execution time: mean = 0.79ms, total = 2.37ms, Queueing time: mean = 0.00ms, max = -0.00ms, min = 9223372036854.78ms, total = 0.00ms
	ReporterService.grpc_client.HealthCheck.OnReplyReceived - 3 total (0 active), Execution time: mean = 0.10ms, total = 0.30ms, Queueing time: mean = 0.02ms, max = 0.02ms, min = 0.02ms, total = 0.06ms
	MetricsAgentClient.WaitForServerReadyWithRetry - 2 total (0 active), Execution time: mean = 0.13ms, total = 0.26ms, Queueing time: mean = 1000.02ms, max = 1000.03ms, min = 1000.01ms, total = 2000.04ms
	Publisher.CheckDeadSubscribers - 1 total (1 active), Execution time: mean = 0.00ms, total = 0.00ms, Queueing time: mean = 0.00ms, max = -0.00ms, min = 9223372036854.78ms, total = 0.00ms
	ray::rpc::WorkerInfoGcsService.grpc_client.AddWorkerInfo - 1 total (0 active), Execution time: mean = 0.76ms, total = 0.76ms, Queueing time: mean = 0.00ms, max = -0.00ms, min = 9223372036854.78ms, total = 0.00ms
	ray::rpc::InternalPubSubGcsService.grpc_client.GcsSubscriberCommandBatch.OnReplyReceived - 1 total (0 active), Execution time: mean = 0.14ms, total = 0.14ms, Queueing time: mean = 0.12ms, max = 0.12ms, min = 0.12ms, total = 0.12ms
	ray::rpc::NodeInfoGcsService.grpc_client.GetAllNodeAddressAndLiveness.OnReplyReceived - 1 total (0 active), Execution time: mean = 0.07ms, total = 0.07ms, Queueing time: mean = 0.02ms, max = 0.02ms, min = 0.02ms, total = 0.02ms
	ray::rpc::InternalPubSubGcsService.grpc_client.GcsSubscriberPoll - 1 total (1 active), Execution time: mean = 0.00ms, total = 0.00ms, Queueing time: mean = 0.00ms, max = -0.00ms, min = 9223372036854.78ms, total = 0.00ms
	ray::rpc::InternalPubSubGcsService.grpc_client.GcsSubscriberCommandBatch - 1 total (0 active), Execution time: mean = 0.88ms, total = 0.88ms, Queueing time: mean = 0.00ms, max = -0.00ms, min = 9223372036854.78ms, total = 0.00ms
	ray::rpc::WorkerInfoGcsService.grpc_client.AddWorkerInfo.OnReplyReceived - 1 total (0 active), Execution time: mean = 0.03ms, total = 0.03ms, Queueing time: mean = 0.39ms, max = 0.39ms, min = 0.39ms, total = 0.39ms
	ray::rpc::NodeInfoGcsService.grpc_client.GetAllNodeAddressAndLiveness - 1 total (0 active), Execution time: mean = 0.75ms, total = 0.75ms, Queueing time: mean = 0.00ms, max = -0.00ms, min = 9223372036854.78ms, total = 0.00ms

-----------------
Task execution event stats:

Global stats: 23841 total (1 active)
Queueing time: mean = 0.06ms, max = 0.24ms, min = -0.01ms, total = 1376.93ms
Execution time:  mean = 0.02ms, total = 358.38ms
Event stats:
	CoreWorker.CheckSignal - 23840 total (1 active), Execution time: mean = 0.02ms, total = 358.37ms, Queueing time: mean = 0.06ms, max = 0.24ms, min = -0.01ms, total = 1376.93ms
	PeriodicalRunner.RunFnPeriodically - 1 total (0 active), Execution time: mean = 0.01ms, total = 0.01ms, Queueing time: mean = 0.00ms, max = 0.00ms, min = 0.00ms, total = 0.00ms

-----------------
Task Event stats:

IO Service Stats:

Global stats: 721 total (1 active)
Queueing time: mean = 0.03ms, max = 0.12ms, min = 0.01ms, total = 23.02ms
Execution time:  mean = 0.34ms, total = 245.54ms
Event stats:
	ray::rpc::TaskInfoGcsService.grpc_client.AddTaskEventData.OnReplyReceived - 240 total (0 active), Execution time: mean = 0.03ms, total = 8.31ms, Queueing time: mean = 0.04ms, max = 0.07ms, min = 0.01ms, total = 9.39ms
	ray::rpc::TaskInfoGcsService.grpc_client.AddTaskEventData - 240 total (0 active), Execution time: mean = 0.77ms, total = 185.34ms, Queueing time: mean = 0.00ms, max = -0.00ms, min = 9223372036854.78ms, total = 0.00ms
	CoreWorker.deadline_timer.flush_task_events - 240 total (1 active), Execution time: mean = 0.22ms, total = 51.61ms, Queueing time: mean = 0.06ms, max = 0.11ms, min = 0.02ms, total = 13.51ms
	PeriodicalRunner.RunFnPeriodically - 1 total (0 active), Execution time: mean = 0.27ms, total = 0.27ms, Queueing time: mean = 0.12ms, max = 0.12ms, min = 0.12ms, total = 0.12ms
Other Stats:
	gcs_grpc_in_progress:0
	event_aggregator_grpc_in_progress:0
	current number of task status events in buffer: 0
	current number of profile events in buffer: 0
	current number of dropped task attempts tracked: 0
	total task events sent: 0 MiB
	total number of task attempts sent: 0
	total number of task attempts dropped reported: 0
	total number of sent failure: 0
	num status task events dropped: 0
	num profile task events dropped: 0
	num ray task events reported to aggregator: 0
	num ray task events failed to report to aggregator: 0
	num of task attempts dropped reported to aggregator: 0
	num of failed requests to aggregator: 0

[2026-02-14 20:14:34,924 I 3075320 3076279] core_worker.cc:455: Event stats:


Global stats: 4358 total (8 active)
Queueing time: mean = 0.51ms, max = 1000.03ms, min = 0.00ms, total = 2216.57ms
Execution time:  mean = 0.08ms, total = 367.03ms
Event stats:
	CoreWorker.RecoverObjects - 2999 total (1 active), Execution time: mean = 0.01ms, total = 26.49ms, Queueing time: mean = 0.06ms, max = 1.14ms, min = 0.01ms, total = 165.26ms
	CoreWorker.InternalHeartbeat - 300 total (1 active), Execution time: mean = 0.19ms, total = 55.54ms, Queueing time: mean = 0.05ms, max = 0.09ms, min = 0.00ms, total = 15.38ms
	CoreWorker.ExitIfParentRayletDies - 300 total (1 active), Execution time: mean = 0.01ms, total = 3.36ms, Queueing time: mean = 0.05ms, max = 0.11ms, min = 0.01ms, total = 15.15ms
	NodeManagerService.grpc_client.ReportWorkerBacklog.OnReplyReceived - 300 total (0 active), Execution time: mean = 0.03ms, total = 8.11ms, Queueing time: mean = 0.04ms, max = 0.08ms, min = 0.01ms, total = 12.01ms
	NodeManagerService.grpc_client.ReportWorkerBacklog - 300 total (0 active), Execution time: mean = 0.85ms, total = 253.56ms, Queueing time: mean = 0.00ms, max = -0.00ms, min = 9223372036854.78ms, total = 0.00ms
	CoreWorker.RecordMetrics - 60 total (1 active), Execution time: mean = 0.06ms, total = 3.61ms, Queueing time: mean = 0.04ms, max = 0.10ms, min = 0.01ms, total = 2.50ms
	CoreWorker.TryDelPendingObjectRefStreams - 30 total (1 active), Execution time: mean = 0.00ms, total = 0.14ms, Queueing time: mean = 0.09ms, max = 0.58ms, min = 0.02ms, total = 2.73ms
	CoreWorkerService.grpc_server.GetCoreWorkerStats - 20 total (0 active), Execution time: mean = 0.28ms, total = 5.64ms, Queueing time: mean = 0.00ms, max = -0.00ms, min = 9223372036854.78ms, total = 0.00ms
	CoreWorkerService.grpc_server.GetCoreWorkerStats.HandleRequestImpl - 20 total (0 active), Execution time: mean = 0.08ms, total = 1.64ms, Queueing time: mean = 0.03ms, max = 0.06ms, min = 0.02ms, total = 0.59ms
	PeriodicalRunner.RunFnPeriodically - 7 total (0 active), Execution time: mean = 0.10ms, total = 0.69ms, Queueing time: mean = 0.29ms, max = 0.68ms, min = 0.02ms, total = 2.03ms
	CoreWorker.PrintEventStats - 5 total (1 active, 1 running), Execution time: mean = 0.54ms, total = 2.71ms, Queueing time: mean = 0.05ms, max = 0.07ms, min = 0.03ms, total = 0.23ms
	ReporterService.grpc_client.HealthCheck - 3 total (0 active), Execution time: mean = 0.79ms, total = 2.37ms, Queueing time: mean = 0.00ms, max = -0.00ms, min = 9223372036854.78ms, total = 0.00ms
	ReporterService.grpc_client.HealthCheck.OnReplyReceived - 3 total (0 active), Execution time: mean = 0.10ms, total = 0.30ms, Queueing time: mean = 0.02ms, max = 0.02ms, min = 0.02ms, total = 0.06ms
	Publisher.CheckDeadSubscribers - 2 total (1 active), Execution time: mean = 0.00ms, total = 0.01ms, Queueing time: mean = 0.03ms, max = 0.07ms, min = 0.07ms, total = 0.07ms
	MetricsAgentClient.WaitForServerReadyWithRetry - 2 total (0 active), Execution time: mean = 0.13ms, total = 0.26ms, Queueing time: mean = 1000.02ms, max = 1000.03ms, min = 1000.01ms, total = 2000.04ms
	ray::rpc::WorkerInfoGcsService.grpc_client.AddWorkerInfo - 1 total (0 active), Execution time: mean = 0.76ms, total = 0.76ms, Queueing time: mean = 0.00ms, max = -0.00ms, min = 9223372036854.78ms, total = 0.00ms
	ray::rpc::InternalPubSubGcsService.grpc_client.GcsSubscriberCommandBatch.OnReplyReceived - 1 total (0 active), Execution time: mean = 0.14ms, total = 0.14ms, Queueing time: mean = 0.12ms, max = 0.12ms, min = 0.12ms, total = 0.12ms
	ray::rpc::NodeInfoGcsService.grpc_client.GetAllNodeAddressAndLiveness.OnReplyReceived - 1 total (0 active), Execution time: mean = 0.07ms, total = 0.07ms, Queueing time: mean = 0.02ms, max = 0.02ms, min = 0.02ms, total = 0.02ms
	ray::rpc::InternalPubSubGcsService.grpc_client.GcsSubscriberPoll - 1 total (1 active), Execution time: mean = 0.00ms, total = 0.00ms, Queueing time: mean = 0.00ms, max = -0.00ms, min = 9223372036854.78ms, total = 0.00ms
	ray::rpc::InternalPubSubGcsService.grpc_client.GcsSubscriberCommandBatch - 1 total (0 active), Execution time: mean = 0.88ms, total = 0.88ms, Queueing time: mean = 0.00ms, max = -0.00ms, min = 9223372036854.78ms, total = 0.00ms
	ray::rpc::WorkerInfoGcsService.grpc_client.AddWorkerInfo.OnReplyReceived - 1 total (0 active), Execution time: mean = 0.03ms, total = 0.03ms, Queueing time: mean = 0.39ms, max = 0.39ms, min = 0.39ms, total = 0.39ms
	ray::rpc::NodeInfoGcsService.grpc_client.GetAllNodeAddressAndLiveness - 1 total (0 active), Execution time: mean = 0.75ms, total = 0.75ms, Queueing time: mean = 0.00ms, max = -0.00ms, min = 9223372036854.78ms, total = 0.00ms

-----------------
Task execution event stats:

Global stats: 29803 total (1 active)
Queueing time: mean = 0.06ms, max = 0.24ms, min = -0.01ms, total = 1695.94ms
Execution time:  mean = 0.02ms, total = 449.06ms
Event stats:
	CoreWorker.CheckSignal - 29802 total (1 active), Execution time: mean = 0.02ms, total = 449.05ms, Queueing time: mean = 0.06ms, max = 0.24ms, min = -0.01ms, total = 1695.94ms
	PeriodicalRunner.RunFnPeriodically - 1 total (0 active), Execution time: mean = 0.01ms, total = 0.01ms, Queueing time: mean = 0.00ms, max = 0.00ms, min = 0.00ms, total = 0.00ms

-----------------
Task Event stats:

IO Service Stats:

Global stats: 901 total (1 active)
Queueing time: mean = 0.03ms, max = 0.12ms, min = 0.01ms, total = 28.92ms
Execution time:  mean = 0.34ms, total = 307.31ms
Event stats:
	ray::rpc::TaskInfoGcsService.grpc_client.AddTaskEventData.OnReplyReceived - 300 total (0 active), Execution time: mean = 0.03ms, total = 10.36ms, Queueing time: mean = 0.04ms, max = 0.07ms, min = 0.01ms, total = 12.17ms
	ray::rpc::TaskInfoGcsService.grpc_client.AddTaskEventData - 300 total (0 active), Execution time: mean = 0.77ms, total = 232.11ms, Queueing time: mean = 0.00ms, max = -0.00ms, min = 9223372036854.78ms, total = 0.00ms
	CoreWorker.deadline_timer.flush_task_events - 300 total (1 active), Execution time: mean = 0.22ms, total = 64.57ms, Queueing time: mean = 0.06ms, max = 0.11ms, min = 0.02ms, total = 16.63ms
	PeriodicalRunner.RunFnPeriodically - 1 total (0 active), Execution time: mean = 0.27ms, total = 0.27ms, Queueing time: mean = 0.12ms, max = 0.12ms, min = 0.12ms, total = 0.12ms
Other Stats:
	gcs_grpc_in_progress:0
	event_aggregator_grpc_in_progress:0
	current number of task status events in buffer: 0
	current number of profile events in buffer: 0
	current number of dropped task attempts tracked: 0
	total task events sent: 0 MiB
	total number of task attempts sent: 0
	total number of task attempts dropped reported: 0
	total number of sent failure: 0
	num status task events dropped: 0
	num profile task events dropped: 0
	num ray task events reported to aggregator: 0
	num ray task events failed to report to aggregator: 0
	num of task attempts dropped reported to aggregator: 0
	num of failed requests to aggregator: 0

[2026-02-14 20:15:34,924 I 3075320 3076279] core_worker.cc:455: Event stats:


Global stats: 5224 total (8 active)
Queueing time: mean = 0.43ms, max = 1000.03ms, min = 0.00ms, total = 2258.57ms
Execution time:  mean = 0.08ms, total = 437.78ms
Event stats:
	CoreWorker.RecoverObjects - 3598 total (1 active), Execution time: mean = 0.01ms, total = 31.86ms, Queueing time: mean = 0.05ms, max = 1.14ms, min = 0.01ms, total = 197.12ms
	CoreWorker.InternalHeartbeat - 360 total (1 active), Execution time: mean = 0.19ms, total = 67.15ms, Queueing time: mean = 0.05ms, max = 0.09ms, min = 0.00ms, total = 18.42ms
	CoreWorker.ExitIfParentRayletDies - 360 total (1 active), Execution time: mean = 0.01ms, total = 4.03ms, Queueing time: mean = 0.05ms, max = 0.11ms, min = 0.01ms, total = 18.12ms
	NodeManagerService.grpc_client.ReportWorkerBacklog.OnReplyReceived - 360 total (0 active), Execution time: mean = 0.03ms, total = 9.66ms, Queueing time: mean = 0.04ms, max = 0.10ms, min = 0.01ms, total = 14.46ms
	NodeManagerService.grpc_client.ReportWorkerBacklog - 360 total (0 active), Execution time: mean = 0.84ms, total = 302.13ms, Queueing time: mean = 0.00ms, max = -0.00ms, min = 9223372036854.78ms, total = 0.00ms
	CoreWorker.RecordMetrics - 72 total (1 active), Execution time: mean = 0.06ms, total = 4.36ms, Queueing time: mean = 0.04ms, max = 0.10ms, min = 0.01ms, total = 3.17ms
	CoreWorker.TryDelPendingObjectRefStreams - 36 total (1 active), Execution time: mean = 0.00ms, total = 0.17ms, Queueing time: mean = 0.10ms, max = 0.58ms, min = 0.02ms, total = 3.58ms
	CoreWorkerService.grpc_server.GetCoreWorkerStats - 24 total (0 active), Execution time: mean = 0.28ms, total = 6.76ms, Queueing time: mean = 0.00ms, max = -0.00ms, min = 9223372036854.78ms, total = 0.00ms
	CoreWorkerService.grpc_server.GetCoreWorkerStats.HandleRequestImpl - 24 total (0 active), Execution time: mean = 0.08ms, total = 1.91ms, Queueing time: mean = 0.03ms, max = 0.06ms, min = 0.02ms, total = 0.68ms
	PeriodicalRunner.RunFnPeriodically - 7 total (0 active), Execution time: mean = 0.10ms, total = 0.69ms, Queueing time: mean = 0.29ms, max = 0.68ms, min = 0.02ms, total = 2.03ms
	CoreWorker.PrintEventStats - 6 total (1 active, 1 running), Execution time: mean = 0.58ms, total = 3.50ms, Queueing time: mean = 0.05ms, max = 0.07ms, min = 0.03ms, total = 0.30ms
	ReporterService.grpc_client.HealthCheck - 3 total (0 active), Execution time: mean = 0.79ms, total = 2.37ms, Queueing time: mean = 0.00ms, max = -0.00ms, min = 9223372036854.78ms, total = 0.00ms
	ReporterService.grpc_client.HealthCheck.OnReplyReceived - 3 total (0 active), Execution time: mean = 0.10ms, total = 0.30ms, Queueing time: mean = 0.02ms, max = 0.02ms, min = 0.02ms, total = 0.06ms
	Publisher.CheckDeadSubscribers - 2 total (1 active), Execution time: mean = 0.00ms, total = 0.01ms, Queueing time: mean = 0.03ms, max = 0.07ms, min = 0.07ms, total = 0.07ms
	MetricsAgentClient.WaitForServerReadyWithRetry - 2 total (0 active), Execution time: mean = 0.13ms, total = 0.26ms, Queueing time: mean = 1000.02ms, max = 1000.03ms, min = 1000.01ms, total = 2000.04ms
	ray::rpc::WorkerInfoGcsService.grpc_client.AddWorkerInfo - 1 total (0 active), Execution time: mean = 0.76ms, total = 0.76ms, Queueing time: mean = 0.00ms, max = -0.00ms, min = 9223372036854.78ms, total = 0.00ms
	ray::rpc::InternalPubSubGcsService.grpc_client.GcsSubscriberCommandBatch.OnReplyReceived - 1 total (0 active), Execution time: mean = 0.14ms, total = 0.14ms, Queueing time: mean = 0.12ms, max = 0.12ms, min = 0.12ms, total = 0.12ms
	ray::rpc::NodeInfoGcsService.grpc_client.GetAllNodeAddressAndLiveness.OnReplyReceived - 1 total (0 active), Execution time: mean = 0.07ms, total = 0.07ms, Queueing time: mean = 0.02ms, max = 0.02ms, min = 0.02ms, total = 0.02ms
	ray::rpc::InternalPubSubGcsService.grpc_client.GcsSubscriberPoll - 1 total (1 active), Execution time: mean = 0.00ms, total = 0.00ms, Queueing time: mean = 0.00ms, max = -0.00ms, min = 9223372036854.78ms, total = 0.00ms
	ray::rpc::InternalPubSubGcsService.grpc_client.GcsSubscriberCommandBatch - 1 total (0 active), Execution time: mean = 0.88ms, total = 0.88ms, Queueing time: mean = 0.00ms, max = -0.00ms, min = 9223372036854.78ms, total = 0.00ms
	ray::rpc::WorkerInfoGcsService.grpc_client.AddWorkerInfo.OnReplyReceived - 1 total (0 active), Execution time: mean = 0.03ms, total = 0.03ms, Queueing time: mean = 0.39ms, max = 0.39ms, min = 0.39ms, total = 0.39ms
	ray::rpc::NodeInfoGcsService.grpc_client.GetAllNodeAddressAndLiveness - 1 total (0 active), Execution time: mean = 0.75ms, total = 0.75ms, Queueing time: mean = 0.00ms, max = -0.00ms, min = 9223372036854.78ms, total = 0.00ms

-----------------
Task execution event stats:

Global stats: 35764 total (1 active)
Queueing time: mean = 0.06ms, max = 0.24ms, min = -0.01ms, total = 2033.36ms
Execution time:  mean = 0.01ms, total = 535.03ms
Event stats:
	CoreWorker.CheckSignal - 35763 total (1 active), Execution time: mean = 0.01ms, total = 535.02ms, Queueing time: mean = 0.06ms, max = 0.24ms, min = -0.01ms, total = 2033.35ms
	PeriodicalRunner.RunFnPeriodically - 1 total (0 active), Execution time: mean = 0.01ms, total = 0.01ms, Queueing time: mean = 0.00ms, max = 0.00ms, min = 0.00ms, total = 0.00ms

-----------------
Task Event stats:

IO Service Stats:

Global stats: 1081 total (1 active)
Queueing time: mean = 0.03ms, max = 0.12ms, min = 0.01ms, total = 34.50ms
Execution time:  mean = 0.34ms, total = 366.44ms
Event stats:
	ray::rpc::TaskInfoGcsService.grpc_client.AddTaskEventData.OnReplyReceived - 360 total (0 active), Execution time: mean = 0.03ms, total = 12.36ms, Queueing time: mean = 0.04ms, max = 0.09ms, min = 0.01ms, total = 14.52ms
	ray::rpc::TaskInfoGcsService.grpc_client.AddTaskEventData - 360 total (0 active), Execution time: mean = 0.77ms, total = 276.36ms, Queueing time: mean = 0.00ms, max = -0.00ms, min = 9223372036854.78ms, total = 0.00ms
	CoreWorker.deadline_timer.flush_task_events - 360 total (1 active), Execution time: mean = 0.22ms, total = 77.44ms, Queueing time: mean = 0.06ms, max = 0.11ms, min = 0.01ms, total = 19.87ms
	PeriodicalRunner.RunFnPeriodically - 1 total (0 active), Execution time: mean = 0.27ms, total = 0.27ms, Queueing time: mean = 0.12ms, max = 0.12ms, min = 0.12ms, total = 0.12ms
Other Stats:
	gcs_grpc_in_progress:0
	event_aggregator_grpc_in_progress:0
	current number of task status events in buffer: 0
	current number of profile events in buffer: 0
	current number of dropped task attempts tracked: 0
	total task events sent: 0 MiB
	total number of task attempts sent: 0
	total number of task attempts dropped reported: 0
	total number of sent failure: 0
	num status task events dropped: 0
	num profile task events dropped: 0
	num ray task events reported to aggregator: 0
	num ray task events failed to report to aggregator: 0
	num of task attempts dropped reported to aggregator: 0
	num of failed requests to aggregator: 0

[2026-02-14 20:16:20,072 I 3075320 3076279] accessor.cc:433: Received address and liveness notification for node, IsAlive = 0 node_id=44c6daa0fb204aedb0814de8ea3228ccfcd3d367e93490421cb4cd54
[2026-02-14 20:16:20,072 I 3075320 3076279] core_worker.cc:740: Node failure. All objects pinned on that node will be lost if object reconstruction is not enabled. node_id=44c6daa0fb204aedb0814de8ea3228ccfcd3d367e93490421cb4cd54
[2026-02-14 20:16:20,072 I 3075320 3076279] normal_task_submitter.cc:840: Number of alive nodes:0
