[2026-02-14 15:45:15,113 I 2937487 2937487] core_worker_process.cc:777: Constructing CoreWorkerProcess. pid: 2937487
[2026-02-14 15:45:15,116 I 2937487 2937487] event.cc:499: Ray Event initialized for CORE_WORKER
[2026-02-14 15:45:15,116 I 2937487 2937487] event.cc:499: Ray Event initialized for EXPORT_TASK
[2026-02-14 15:45:15,116 I 2937487 2937487] event.cc:332: Set ray event level to warning
[2026-02-14 15:45:15,116 I 2937487 2937487] event_aggregator_client.h:50: Initiating the local event aggregator client with port: 61947
[2026-02-14 15:45:15,119 I 2937487 2937487] grpc_server.cc:143: worker server started, listening on port 43091.
[2026-02-14 15:45:15,136 I 2937487 2937487] core_worker_process.cc:262: Initializing worker at address: 172.28.6.3:43091 worker_id=49aeea97ba69ea4427bb6c562a0e6499175a86c1b3552542386e1eca node_id=6b4bc9c445641d70e5b5f4e083ec829892911c0dcf6bfa6f7f8ace0c
[2026-02-14 15:45:15,137 I 2937487 2937487] task_event_buffer.cc:480: Reporting task events to GCS every 1000ms.
[2026-02-14 15:45:15,139 I 2937487 2937487] core_worker.cc:515: Adjusted worker niceness to 15
[2026-02-14 15:45:15,139 I 2937487 2937487] metrics_agent_client.cc:45: Initializing exporter ...
[2026-02-14 15:45:15,139 I 2937487 2938935] core_worker.cc:455: Event stats:


Global stats: 12 total (10 active)
Queueing time: mean = 0.01ms, max = 0.12ms, min = 0.02ms, total = 0.14ms
Execution time:  mean = 0.00ms, total = 0.03ms
Event stats:
	PeriodicalRunner.RunFnPeriodically - 7 total (5 active, 1 running), Execution time: mean = 0.00ms, total = 0.03ms, Queueing time: mean = 0.02ms, max = 0.12ms, min = 0.02ms, total = 0.14ms
	Publisher.CheckDeadSubscribers - 1 total (1 active), Execution time: mean = 0.00ms, total = 0.00ms, Queueing time: mean = 0.00ms, max = -0.00ms, min = 9223372036854.78ms, total = 0.00ms
	ray::rpc::WorkerInfoGcsService.grpc_client.AddWorkerInfo - 1 total (1 active), Execution time: mean = 0.00ms, total = 0.00ms, Queueing time: mean = 0.00ms, max = -0.00ms, min = 9223372036854.78ms, total = 0.00ms
	CoreWorker.ExitIfParentRayletDies - 1 total (1 active), Execution time: mean = 0.00ms, total = 0.00ms, Queueing time: mean = 0.00ms, max = -0.00ms, min = 9223372036854.78ms, total = 0.00ms
	ray::rpc::InternalPubSubGcsService.grpc_client.GcsSubscriberCommandBatch - 1 total (1 active), Execution time: mean = 0.00ms, total = 0.00ms, Queueing time: mean = 0.00ms, max = -0.00ms, min = 9223372036854.78ms, total = 0.00ms
	ray::rpc::InternalPubSubGcsService.grpc_client.GcsSubscriberPoll - 1 total (1 active), Execution time: mean = 0.00ms, total = 0.00ms, Queueing time: mean = 0.00ms, max = -0.00ms, min = 9223372036854.78ms, total = 0.00ms

-----------------
Task execution event stats:

Global stats: 0 total (0 active)
Queueing time: mean = -nanms, max = -0.00ms, min = 9223372036854.78ms, total = 0.00ms
Execution time:  mean = -nanms, total = 0.00ms
Event stats:

-----------------
Task Event stats:

IO Service Stats:

Global stats: 4 total (1 active)
Queueing time: mean = 0.01ms, max = 0.02ms, min = 0.01ms, total = 0.03ms
Execution time:  mean = 0.20ms, total = 0.78ms
Event stats:
	CoreWorker.deadline_timer.flush_task_events - 1 total (1 active), Execution time: mean = 0.00ms, total = 0.00ms, Queueing time: mean = 0.00ms, max = -0.00ms, min = 9223372036854.78ms, total = 0.00ms
	ray::rpc::TaskInfoGcsService.grpc_client.AddTaskEventData - 1 total (0 active), Execution time: mean = 0.50ms, total = 0.50ms, Queueing time: mean = 0.00ms, max = -0.00ms, min = 9223372036854.78ms, total = 0.00ms
	PeriodicalRunner.RunFnPeriodically - 1 total (0 active), Execution time: mean = 0.25ms, total = 0.25ms, Queueing time: mean = 0.01ms, max = 0.01ms, min = 0.01ms, total = 0.01ms
	ray::rpc::TaskInfoGcsService.grpc_client.AddTaskEventData.OnReplyReceived - 1 total (0 active), Execution time: mean = 0.03ms, total = 0.03ms, Queueing time: mean = 0.02ms, max = 0.02ms, min = 0.02ms, total = 0.02ms
Other Stats:
	gcs_grpc_in_progress:0
	event_aggregator_grpc_in_progress:0
	current number of task status events in buffer: 0
	current number of profile events in buffer: 0
	current number of dropped task attempts tracked: 0
	total task events sent: 0 MiB
	total number of task attempts sent: 0
	total number of task attempts dropped reported: 0
	total number of sent failure: 0
	num status task events dropped: 0
	num profile task events dropped: 0
	num ray task events reported to aggregator: 0
	num ray task events failed to report to aggregator: 0
	num of task attempts dropped reported to aggregator: 0
	num of failed requests to aggregator: 0

[2026-02-14 15:45:15,140 I 2937487 2938935] accessor.cc:433: Received address and liveness notification for node, IsAlive = 1 node_id=6b4bc9c445641d70e5b5f4e083ec829892911c0dcf6bfa6f7f8ace0c
[2026-02-14 15:45:15,140 I 2937487 2938935] normal_task_submitter.cc:840: Number of alive nodes:1
[2026-02-14 15:45:17,141 I 2937487 2938935] metrics_agent_client.cc:59: Exporter initialized.
[2026-02-14 15:46:15,140 I 2937487 2938935] core_worker.cc:455: Event stats:


Global stats: 890 total (8 active)
Queueing time: mean = 2.30ms, max = 1000.02ms, min = 0.00ms, total = 2047.83ms
Execution time:  mean = 0.08ms, total = 70.45ms
Event stats:
	CoreWorker.RecoverObjects - 600 total (1 active), Execution time: mean = 0.01ms, total = 5.94ms, Queueing time: mean = 0.06ms, max = 0.12ms, min = 0.00ms, total = 35.56ms
	NodeManagerService.grpc_client.ReportWorkerBacklog - 60 total (0 active), Execution time: mean = 0.72ms, total = 43.11ms, Queueing time: mean = 0.00ms, max = -0.00ms, min = 9223372036854.78ms, total = 0.00ms
	NodeManagerService.grpc_client.ReportWorkerBacklog.OnReplyReceived - 60 total (0 active), Execution time: mean = 0.03ms, total = 1.51ms, Queueing time: mean = 0.03ms, max = 0.08ms, min = 0.01ms, total = 1.89ms
	CoreWorker.ExitIfParentRayletDies - 60 total (1 active), Execution time: mean = 0.01ms, total = 0.71ms, Queueing time: mean = 0.05ms, max = 0.11ms, min = 0.01ms, total = 2.86ms
	CoreWorker.InternalHeartbeat - 60 total (1 active), Execution time: mean = 0.19ms, total = 11.24ms, Queueing time: mean = 0.05ms, max = 0.09ms, min = 0.01ms, total = 2.87ms
	CoreWorker.RecordMetrics - 12 total (1 active), Execution time: mean = 0.06ms, total = 0.68ms, Queueing time: mean = 0.03ms, max = 0.07ms, min = 0.01ms, total = 0.37ms
	PeriodicalRunner.RunFnPeriodically - 7 total (0 active), Execution time: mean = 0.10ms, total = 0.68ms, Queueing time: mean = 0.35ms, max = 0.76ms, min = 0.02ms, total = 2.48ms
	CoreWorker.TryDelPendingObjectRefStreams - 6 total (1 active), Execution time: mean = 0.01ms, total = 0.03ms, Queueing time: mean = 0.04ms, max = 0.08ms, min = 0.02ms, total = 0.24ms
	CoreWorkerService.grpc_server.GetCoreWorkerStats - 4 total (0 active), Execution time: mean = 0.33ms, total = 1.30ms, Queueing time: mean = 0.00ms, max = -0.00ms, min = 9223372036854.78ms, total = 0.00ms
	CoreWorkerService.grpc_server.GetCoreWorkerStats.HandleRequestImpl - 4 total (0 active), Execution time: mean = 0.11ms, total = 0.44ms, Queueing time: mean = 0.03ms, max = 0.05ms, min = 0.02ms, total = 0.11ms
	ReporterService.grpc_client.HealthCheck - 3 total (0 active), Execution time: mean = 0.65ms, total = 1.96ms, Queueing time: mean = 0.00ms, max = -0.00ms, min = 9223372036854.78ms, total = 0.00ms
	ReporterService.grpc_client.HealthCheck.OnReplyReceived - 3 total (0 active), Execution time: mean = 0.14ms, total = 0.41ms, Queueing time: mean = 0.06ms, max = 0.16ms, min = 0.02ms, total = 0.19ms
	MetricsAgentClient.WaitForServerReadyWithRetry - 2 total (0 active), Execution time: mean = 0.14ms, total = 0.27ms, Queueing time: mean = 1000.02ms, max = 1000.02ms, min = 1000.02ms, total = 2000.04ms
	ray::rpc::InternalPubSubGcsService.grpc_client.GcsSubscriberCommandBatch - 1 total (0 active), Execution time: mean = 0.58ms, total = 0.58ms, Queueing time: mean = 0.00ms, max = -0.00ms, min = 9223372036854.78ms, total = 0.00ms
	CoreWorker.PrintEventStats - 1 total (1 active, 1 running), Execution time: mean = 0.00ms, total = 0.00ms, Queueing time: mean = 0.00ms, max = -0.00ms, min = 9223372036854.78ms, total = 0.00ms
	ray::rpc::WorkerInfoGcsService.grpc_client.AddWorkerInfo - 1 total (0 active), Execution time: mean = 0.67ms, total = 0.67ms, Queueing time: mean = 0.00ms, max = -0.00ms, min = 9223372036854.78ms, total = 0.00ms
	Publisher.CheckDeadSubscribers - 1 total (1 active), Execution time: mean = 0.00ms, total = 0.00ms, Queueing time: mean = 0.00ms, max = -0.00ms, min = 9223372036854.78ms, total = 0.00ms
	ray::rpc::InternalPubSubGcsService.grpc_client.GcsSubscriberCommandBatch.OnReplyReceived - 1 total (0 active), Execution time: mean = 0.20ms, total = 0.20ms, Queueing time: mean = 0.49ms, max = 0.49ms, min = 0.49ms, total = 0.49ms
	ray::rpc::NodeInfoGcsService.grpc_client.GetAllNodeAddressAndLiveness - 1 total (0 active), Execution time: mean = 0.64ms, total = 0.64ms, Queueing time: mean = 0.00ms, max = -0.00ms, min = 9223372036854.78ms, total = 0.00ms
	ray::rpc::InternalPubSubGcsService.grpc_client.GcsSubscriberPoll - 1 total (1 active), Execution time: mean = 0.00ms, total = 0.00ms, Queueing time: mean = 0.00ms, max = -0.00ms, min = 9223372036854.78ms, total = 0.00ms
	ray::rpc::WorkerInfoGcsService.grpc_client.AddWorkerInfo.OnReplyReceived - 1 total (0 active), Execution time: mean = 0.02ms, total = 0.02ms, Queueing time: mean = 0.55ms, max = 0.55ms, min = 0.55ms, total = 0.55ms
	ray::rpc::NodeInfoGcsService.grpc_client.GetAllNodeAddressAndLiveness.OnReplyReceived - 1 total (0 active), Execution time: mean = 0.05ms, total = 0.05ms, Queueing time: mean = 0.17ms, max = 0.17ms, min = 0.17ms, total = 0.17ms

-----------------
Task execution event stats:

Global stats: 5963 total (1 active)
Queueing time: mean = 0.05ms, max = 0.18ms, min = -0.01ms, total = 323.63ms
Execution time:  mean = 0.01ms, total = 88.55ms
Event stats:
	CoreWorker.CheckSignal - 5962 total (1 active), Execution time: mean = 0.01ms, total = 88.54ms, Queueing time: mean = 0.05ms, max = 0.18ms, min = -0.01ms, total = 323.63ms
	PeriodicalRunner.RunFnPeriodically - 1 total (0 active), Execution time: mean = 0.01ms, total = 0.01ms, Queueing time: mean = 0.00ms, max = 0.00ms, min = 0.00ms, total = 0.00ms

-----------------
Task Event stats:

IO Service Stats:

Global stats: 181 total (1 active)
Queueing time: mean = 0.03ms, max = 0.10ms, min = 0.01ms, total = 5.35ms
Execution time:  mean = 0.32ms, total = 58.81ms
Event stats:
	CoreWorker.deadline_timer.flush_task_events - 60 total (1 active), Execution time: mean = 0.22ms, total = 13.19ms, Queueing time: mean = 0.06ms, max = 0.10ms, min = 0.02ms, total = 3.32ms
	ray::rpc::TaskInfoGcsService.grpc_client.AddTaskEventData - 60 total (0 active), Execution time: mean = 0.72ms, total = 43.37ms, Queueing time: mean = 0.00ms, max = -0.00ms, min = 9223372036854.78ms, total = 0.00ms
	ray::rpc::TaskInfoGcsService.grpc_client.AddTaskEventData.OnReplyReceived - 60 total (0 active), Execution time: mean = 0.03ms, total = 2.00ms, Queueing time: mean = 0.03ms, max = 0.07ms, min = 0.01ms, total = 2.02ms
	PeriodicalRunner.RunFnPeriodically - 1 total (0 active), Execution time: mean = 0.25ms, total = 0.25ms, Queueing time: mean = 0.01ms, max = 0.01ms, min = 0.01ms, total = 0.01ms
Other Stats:
	gcs_grpc_in_progress:0
	event_aggregator_grpc_in_progress:0
	current number of task status events in buffer: 0
	current number of profile events in buffer: 0
	current number of dropped task attempts tracked: 0
	total task events sent: 0 MiB
	total number of task attempts sent: 0
	total number of task attempts dropped reported: 0
	total number of sent failure: 0
	num status task events dropped: 0
	num profile task events dropped: 0
	num ray task events reported to aggregator: 0
	num ray task events failed to report to aggregator: 0
	num of task attempts dropped reported to aggregator: 0
	num of failed requests to aggregator: 0

[2026-02-14 15:47:15,140 I 2937487 2938935] core_worker.cc:455: Event stats:


Global stats: 1757 total (8 active)
Queueing time: mean = 1.19ms, max = 1000.02ms, min = 0.00ms, total = 2090.37ms
Execution time:  mean = 0.08ms, total = 136.95ms
Event stats:
	CoreWorker.RecoverObjects - 1200 total (1 active), Execution time: mean = 0.01ms, total = 11.19ms, Queueing time: mean = 0.06ms, max = 0.13ms, min = 0.00ms, total = 68.55ms
	NodeManagerService.grpc_client.ReportWorkerBacklog - 120 total (0 active), Execution time: mean = 0.73ms, total = 87.37ms, Queueing time: mean = 0.00ms, max = -0.00ms, min = 9223372036854.78ms, total = 0.00ms
	NodeManagerService.grpc_client.ReportWorkerBacklog.OnReplyReceived - 120 total (0 active), Execution time: mean = 0.03ms, total = 3.12ms, Queueing time: mean = 0.03ms, max = 0.08ms, min = 0.01ms, total = 4.03ms
	CoreWorker.ExitIfParentRayletDies - 120 total (1 active), Execution time: mean = 0.01ms, total = 1.35ms, Queueing time: mean = 0.05ms, max = 0.11ms, min = 0.01ms, total = 6.06ms
	CoreWorker.InternalHeartbeat - 120 total (1 active), Execution time: mean = 0.19ms, total = 22.89ms, Queueing time: mean = 0.05ms, max = 0.11ms, min = 0.01ms, total = 5.97ms
	CoreWorker.RecordMetrics - 24 total (1 active), Execution time: mean = 0.06ms, total = 1.52ms, Queueing time: mean = 0.04ms, max = 0.08ms, min = 0.01ms, total = 0.93ms
	CoreWorker.TryDelPendingObjectRefStreams - 12 total (1 active), Execution time: mean = 0.00ms, total = 0.06ms, Queueing time: mean = 0.05ms, max = 0.08ms, min = 0.02ms, total = 0.55ms
	CoreWorkerService.grpc_server.GetCoreWorkerStats - 8 total (0 active), Execution time: mean = 0.32ms, total = 2.59ms, Queueing time: mean = 0.00ms, max = -0.00ms, min = 9223372036854.78ms, total = 0.00ms
	CoreWorkerService.grpc_server.GetCoreWorkerStats.HandleRequestImpl - 8 total (0 active), Execution time: mean = 0.09ms, total = 0.73ms, Queueing time: mean = 0.03ms, max = 0.07ms, min = 0.02ms, total = 0.28ms
	PeriodicalRunner.RunFnPeriodically - 7 total (0 active), Execution time: mean = 0.10ms, total = 0.68ms, Queueing time: mean = 0.35ms, max = 0.76ms, min = 0.02ms, total = 2.48ms
	ReporterService.grpc_client.HealthCheck - 3 total (0 active), Execution time: mean = 0.65ms, total = 1.96ms, Queueing time: mean = 0.00ms, max = -0.00ms, min = 9223372036854.78ms, total = 0.00ms
	ReporterService.grpc_client.HealthCheck.OnReplyReceived - 3 total (0 active), Execution time: mean = 0.14ms, total = 0.41ms, Queueing time: mean = 0.06ms, max = 0.16ms, min = 0.02ms, total = 0.19ms
	MetricsAgentClient.WaitForServerReadyWithRetry - 2 total (0 active), Execution time: mean = 0.14ms, total = 0.27ms, Queueing time: mean = 1000.02ms, max = 1000.02ms, min = 1000.02ms, total = 2000.04ms
	CoreWorker.PrintEventStats - 2 total (1 active, 1 running), Execution time: mean = 0.32ms, total = 0.65ms, Queueing time: mean = 0.04ms, max = 0.08ms, min = 0.08ms, total = 0.08ms
	ray::rpc::InternalPubSubGcsService.grpc_client.GcsSubscriberCommandBatch - 1 total (0 active), Execution time: mean = 0.58ms, total = 0.58ms, Queueing time: mean = 0.00ms, max = -0.00ms, min = 9223372036854.78ms, total = 0.00ms
	ray::rpc::WorkerInfoGcsService.grpc_client.AddWorkerInfo - 1 total (0 active), Execution time: mean = 0.67ms, total = 0.67ms, Queueing time: mean = 0.00ms, max = -0.00ms, min = 9223372036854.78ms, total = 0.00ms
	Publisher.CheckDeadSubscribers - 1 total (1 active), Execution time: mean = 0.00ms, total = 0.00ms, Queueing time: mean = 0.00ms, max = -0.00ms, min = 9223372036854.78ms, total = 0.00ms
	ray::rpc::InternalPubSubGcsService.grpc_client.GcsSubscriberCommandBatch.OnReplyReceived - 1 total (0 active), Execution time: mean = 0.20ms, total = 0.20ms, Queueing time: mean = 0.49ms, max = 0.49ms, min = 0.49ms, total = 0.49ms
	ray::rpc::NodeInfoGcsService.grpc_client.GetAllNodeAddressAndLiveness - 1 total (0 active), Execution time: mean = 0.64ms, total = 0.64ms, Queueing time: mean = 0.00ms, max = -0.00ms, min = 9223372036854.78ms, total = 0.00ms
	ray::rpc::InternalPubSubGcsService.grpc_client.GcsSubscriberPoll - 1 total (1 active), Execution time: mean = 0.00ms, total = 0.00ms, Queueing time: mean = 0.00ms, max = -0.00ms, min = 9223372036854.78ms, total = 0.00ms
	ray::rpc::WorkerInfoGcsService.grpc_client.AddWorkerInfo.OnReplyReceived - 1 total (0 active), Execution time: mean = 0.02ms, total = 0.02ms, Queueing time: mean = 0.55ms, max = 0.55ms, min = 0.55ms, total = 0.55ms
	ray::rpc::NodeInfoGcsService.grpc_client.GetAllNodeAddressAndLiveness.OnReplyReceived - 1 total (0 active), Execution time: mean = 0.05ms, total = 0.05ms, Queueing time: mean = 0.17ms, max = 0.17ms, min = 0.17ms, total = 0.17ms

-----------------
Task execution event stats:

Global stats: 11924 total (1 active)
Queueing time: mean = 0.05ms, max = 3.32ms, min = -0.01ms, total = 654.28ms
Execution time:  mean = 0.02ms, total = 179.70ms
Event stats:
	CoreWorker.CheckSignal - 11923 total (1 active), Execution time: mean = 0.02ms, total = 179.69ms, Queueing time: mean = 0.05ms, max = 3.32ms, min = -0.01ms, total = 654.28ms
	PeriodicalRunner.RunFnPeriodically - 1 total (0 active), Execution time: mean = 0.01ms, total = 0.01ms, Queueing time: mean = 0.00ms, max = 0.00ms, min = 0.00ms, total = 0.00ms

-----------------
Task Event stats:

IO Service Stats:

Global stats: 361 total (1 active)
Queueing time: mean = 0.03ms, max = 0.16ms, min = 0.01ms, total = 10.92ms
Execution time:  mean = 0.32ms, total = 116.76ms
Event stats:
	CoreWorker.deadline_timer.flush_task_events - 120 total (1 active), Execution time: mean = 0.22ms, total = 26.07ms, Queueing time: mean = 0.05ms, max = 0.16ms, min = 0.02ms, total = 6.33ms
	ray::rpc::TaskInfoGcsService.grpc_client.AddTaskEventData - 120 total (0 active), Execution time: mean = 0.72ms, total = 86.34ms, Queueing time: mean = 0.00ms, max = -0.00ms, min = 9223372036854.78ms, total = 0.00ms
	ray::rpc::TaskInfoGcsService.grpc_client.AddTaskEventData.OnReplyReceived - 120 total (0 active), Execution time: mean = 0.03ms, total = 4.10ms, Queueing time: mean = 0.04ms, max = 0.09ms, min = 0.01ms, total = 4.58ms
	PeriodicalRunner.RunFnPeriodically - 1 total (0 active), Execution time: mean = 0.25ms, total = 0.25ms, Queueing time: mean = 0.01ms, max = 0.01ms, min = 0.01ms, total = 0.01ms
Other Stats:
	gcs_grpc_in_progress:0
	event_aggregator_grpc_in_progress:0
	current number of task status events in buffer: 0
	current number of profile events in buffer: 0
	current number of dropped task attempts tracked: 0
	total task events sent: 0 MiB
	total number of task attempts sent: 0
	total number of task attempts dropped reported: 0
	total number of sent failure: 0
	num status task events dropped: 0
	num profile task events dropped: 0
	num ray task events reported to aggregator: 0
	num ray task events failed to report to aggregator: 0
	num of task attempts dropped reported to aggregator: 0
	num of failed requests to aggregator: 0

[2026-02-14 15:48:15,141 I 2937487 2938935] core_worker.cc:455: Event stats:


Global stats: 2623 total (8 active)
Queueing time: mean = 0.81ms, max = 1000.02ms, min = 0.00ms, total = 2129.07ms
Execution time:  mean = 0.08ms, total = 202.08ms
Event stats:
	CoreWorker.RecoverObjects - 1799 total (1 active), Execution time: mean = 0.01ms, total = 16.17ms, Queueing time: mean = 0.05ms, max = 0.13ms, min = 0.00ms, total = 98.43ms
	NodeManagerService.grpc_client.ReportWorkerBacklog - 180 total (0 active), Execution time: mean = 0.73ms, total = 131.22ms, Queueing time: mean = 0.00ms, max = -0.00ms, min = 9223372036854.78ms, total = 0.00ms
	NodeManagerService.grpc_client.ReportWorkerBacklog.OnReplyReceived - 180 total (0 active), Execution time: mean = 0.03ms, total = 4.61ms, Queueing time: mean = 0.03ms, max = 0.08ms, min = 0.01ms, total = 6.02ms
	CoreWorker.ExitIfParentRayletDies - 180 total (1 active), Execution time: mean = 0.01ms, total = 2.02ms, Queueing time: mean = 0.05ms, max = 0.11ms, min = 0.01ms, total = 9.01ms
	CoreWorker.InternalHeartbeat - 180 total (1 active), Execution time: mean = 0.19ms, total = 34.21ms, Queueing time: mean = 0.05ms, max = 0.11ms, min = 0.01ms, total = 8.55ms
	CoreWorker.RecordMetrics - 36 total (1 active), Execution time: mean = 0.06ms, total = 2.23ms, Queueing time: mean = 0.04ms, max = 0.08ms, min = 0.01ms, total = 1.35ms
	CoreWorker.TryDelPendingObjectRefStreams - 18 total (1 active), Execution time: mean = 0.00ms, total = 0.09ms, Queueing time: mean = 0.07ms, max = 0.50ms, min = 0.02ms, total = 1.29ms
	CoreWorkerService.grpc_server.GetCoreWorkerStats - 12 total (0 active), Execution time: mean = 0.31ms, total = 3.66ms, Queueing time: mean = 0.00ms, max = -0.00ms, min = 9223372036854.78ms, total = 0.00ms
	CoreWorkerService.grpc_server.GetCoreWorkerStats.HandleRequestImpl - 12 total (0 active), Execution time: mean = 0.08ms, total = 1.00ms, Queueing time: mean = 0.03ms, max = 0.07ms, min = 0.02ms, total = 0.38ms
	PeriodicalRunner.RunFnPeriodically - 7 total (0 active), Execution time: mean = 0.10ms, total = 0.68ms, Queueing time: mean = 0.35ms, max = 0.76ms, min = 0.02ms, total = 2.48ms
	ReporterService.grpc_client.HealthCheck - 3 total (0 active), Execution time: mean = 0.65ms, total = 1.96ms, Queueing time: mean = 0.00ms, max = -0.00ms, min = 9223372036854.78ms, total = 0.00ms
	CoreWorker.PrintEventStats - 3 total (1 active, 1 running), Execution time: mean = 0.46ms, total = 1.39ms, Queueing time: mean = 0.04ms, max = 0.08ms, min = 0.03ms, total = 0.11ms
	ReporterService.grpc_client.HealthCheck.OnReplyReceived - 3 total (0 active), Execution time: mean = 0.14ms, total = 0.41ms, Queueing time: mean = 0.06ms, max = 0.16ms, min = 0.02ms, total = 0.19ms
	MetricsAgentClient.WaitForServerReadyWithRetry - 2 total (0 active), Execution time: mean = 0.14ms, total = 0.27ms, Queueing time: mean = 1000.02ms, max = 1000.02ms, min = 1000.02ms, total = 2000.04ms
	ray::rpc::InternalPubSubGcsService.grpc_client.GcsSubscriberCommandBatch - 1 total (0 active), Execution time: mean = 0.58ms, total = 0.58ms, Queueing time: mean = 0.00ms, max = -0.00ms, min = 9223372036854.78ms, total = 0.00ms
	ray::rpc::WorkerInfoGcsService.grpc_client.AddWorkerInfo - 1 total (0 active), Execution time: mean = 0.67ms, total = 0.67ms, Queueing time: mean = 0.00ms, max = -0.00ms, min = 9223372036854.78ms, total = 0.00ms
	Publisher.CheckDeadSubscribers - 1 total (1 active), Execution time: mean = 0.00ms, total = 0.00ms, Queueing time: mean = 0.00ms, max = -0.00ms, min = 9223372036854.78ms, total = 0.00ms
	ray::rpc::InternalPubSubGcsService.grpc_client.GcsSubscriberCommandBatch.OnReplyReceived - 1 total (0 active), Execution time: mean = 0.20ms, total = 0.20ms, Queueing time: mean = 0.49ms, max = 0.49ms, min = 0.49ms, total = 0.49ms
	ray::rpc::NodeInfoGcsService.grpc_client.GetAllNodeAddressAndLiveness - 1 total (0 active), Execution time: mean = 0.64ms, total = 0.64ms, Queueing time: mean = 0.00ms, max = -0.00ms, min = 9223372036854.78ms, total = 0.00ms
	ray::rpc::InternalPubSubGcsService.grpc_client.GcsSubscriberPoll - 1 total (1 active), Execution time: mean = 0.00ms, total = 0.00ms, Queueing time: mean = 0.00ms, max = -0.00ms, min = 9223372036854.78ms, total = 0.00ms
	ray::rpc::WorkerInfoGcsService.grpc_client.AddWorkerInfo.OnReplyReceived - 1 total (0 active), Execution time: mean = 0.02ms, total = 0.02ms, Queueing time: mean = 0.55ms, max = 0.55ms, min = 0.55ms, total = 0.55ms
	ray::rpc::NodeInfoGcsService.grpc_client.GetAllNodeAddressAndLiveness.OnReplyReceived - 1 total (0 active), Execution time: mean = 0.05ms, total = 0.05ms, Queueing time: mean = 0.17ms, max = 0.17ms, min = 0.17ms, total = 0.17ms

-----------------
Task execution event stats:

Global stats: 17889 total (1 active)
Queueing time: mean = 0.05ms, max = 3.32ms, min = -0.01ms, total = 952.52ms
Execution time:  mean = 0.01ms, total = 264.37ms
Event stats:
	CoreWorker.CheckSignal - 17888 total (1 active), Execution time: mean = 0.01ms, total = 264.36ms, Queueing time: mean = 0.05ms, max = 3.32ms, min = -0.01ms, total = 952.52ms
	PeriodicalRunner.RunFnPeriodically - 1 total (0 active), Execution time: mean = 0.01ms, total = 0.01ms, Queueing time: mean = 0.00ms, max = 0.00ms, min = 0.00ms, total = 0.00ms

-----------------
Task Event stats:

IO Service Stats:

Global stats: 541 total (1 active)
Queueing time: mean = 0.03ms, max = 0.16ms, min = 0.01ms, total = 15.87ms
Execution time:  mean = 0.32ms, total = 172.77ms
Event stats:
	CoreWorker.deadline_timer.flush_task_events - 180 total (1 active), Execution time: mean = 0.21ms, total = 38.25ms, Queueing time: mean = 0.05ms, max = 0.16ms, min = 0.02ms, total = 8.91ms
	ray::rpc::TaskInfoGcsService.grpc_client.AddTaskEventData - 180 total (0 active), Execution time: mean = 0.71ms, total = 128.29ms, Queueing time: mean = 0.00ms, max = -0.00ms, min = 9223372036854.78ms, total = 0.00ms
	ray::rpc::TaskInfoGcsService.grpc_client.AddTaskEventData.OnReplyReceived - 180 total (0 active), Execution time: mean = 0.03ms, total = 5.97ms, Queueing time: mean = 0.04ms, max = 0.09ms, min = 0.01ms, total = 6.95ms
	PeriodicalRunner.RunFnPeriodically - 1 total (0 active), Execution time: mean = 0.25ms, total = 0.25ms, Queueing time: mean = 0.01ms, max = 0.01ms, min = 0.01ms, total = 0.01ms
Other Stats:
	gcs_grpc_in_progress:0
	event_aggregator_grpc_in_progress:0
	current number of task status events in buffer: 0
	current number of profile events in buffer: 0
	current number of dropped task attempts tracked: 0
	total task events sent: 0 MiB
	total number of task attempts sent: 0
	total number of task attempts dropped reported: 0
	total number of sent failure: 0
	num status task events dropped: 0
	num profile task events dropped: 0
	num ray task events reported to aggregator: 0
	num ray task events failed to report to aggregator: 0
	num of task attempts dropped reported to aggregator: 0
	num of failed requests to aggregator: 0

[2026-02-14 15:49:15,142 I 2937487 2938935] core_worker.cc:455: Event stats:


Global stats: 3490 total (8 active)
Queueing time: mean = 0.62ms, max = 1000.02ms, min = 0.00ms, total = 2171.65ms
Execution time:  mean = 0.08ms, total = 268.65ms
Event stats:
	CoreWorker.RecoverObjects - 2399 total (1 active), Execution time: mean = 0.01ms, total = 21.24ms, Queueing time: mean = 0.05ms, max = 0.13ms, min = 0.00ms, total = 131.25ms
	NodeManagerService.grpc_client.ReportWorkerBacklog - 240 total (0 active), Execution time: mean = 0.73ms, total = 176.28ms, Queueing time: mean = 0.00ms, max = -0.00ms, min = 9223372036854.78ms, total = 0.00ms
	NodeManagerService.grpc_client.ReportWorkerBacklog.OnReplyReceived - 240 total (0 active), Execution time: mean = 0.03ms, total = 6.25ms, Queueing time: mean = 0.03ms, max = 0.08ms, min = 0.01ms, total = 8.03ms
	CoreWorker.ExitIfParentRayletDies - 240 total (1 active), Execution time: mean = 0.01ms, total = 2.69ms, Queueing time: mean = 0.05ms, max = 0.11ms, min = 0.01ms, total = 11.99ms
	CoreWorker.InternalHeartbeat - 240 total (1 active), Execution time: mean = 0.19ms, total = 45.62ms, Queueing time: mean = 0.05ms, max = 0.11ms, min = 0.01ms, total = 11.82ms
	CoreWorker.RecordMetrics - 48 total (1 active), Execution time: mean = 0.06ms, total = 2.95ms, Queueing time: mean = 0.04ms, max = 0.09ms, min = 0.01ms, total = 1.94ms
	CoreWorker.TryDelPendingObjectRefStreams - 24 total (1 active), Execution time: mean = 0.00ms, total = 0.12ms, Queueing time: mean = 0.08ms, max = 0.50ms, min = 0.02ms, total = 2.03ms
	CoreWorkerService.grpc_server.GetCoreWorkerStats - 16 total (0 active), Execution time: mean = 0.29ms, total = 4.70ms, Queueing time: mean = 0.00ms, max = -0.00ms, min = 9223372036854.78ms, total = 0.00ms
	CoreWorkerService.grpc_server.GetCoreWorkerStats.HandleRequestImpl - 16 total (0 active), Execution time: mean = 0.08ms, total = 1.28ms, Queueing time: mean = 0.03ms, max = 0.07ms, min = 0.02ms, total = 0.48ms
	PeriodicalRunner.RunFnPeriodically - 7 total (0 active), Execution time: mean = 0.10ms, total = 0.68ms, Queueing time: mean = 0.35ms, max = 0.76ms, min = 0.02ms, total = 2.48ms
	CoreWorker.PrintEventStats - 4 total (1 active, 1 running), Execution time: mean = 0.51ms, total = 2.04ms, Queueing time: mean = 0.05ms, max = 0.08ms, min = 0.03ms, total = 0.19ms
	ReporterService.grpc_client.HealthCheck - 3 total (0 active), Execution time: mean = 0.65ms, total = 1.96ms, Queueing time: mean = 0.00ms, max = -0.00ms, min = 9223372036854.78ms, total = 0.00ms
	ReporterService.grpc_client.HealthCheck.OnReplyReceived - 3 total (0 active), Execution time: mean = 0.14ms, total = 0.41ms, Queueing time: mean = 0.06ms, max = 0.16ms, min = 0.02ms, total = 0.19ms
	MetricsAgentClient.WaitForServerReadyWithRetry - 2 total (0 active), Execution time: mean = 0.14ms, total = 0.27ms, Queueing time: mean = 1000.02ms, max = 1000.02ms, min = 1000.02ms, total = 2000.04ms
	ray::rpc::InternalPubSubGcsService.grpc_client.GcsSubscriberCommandBatch - 1 total (0 active), Execution time: mean = 0.58ms, total = 0.58ms, Queueing time: mean = 0.00ms, max = -0.00ms, min = 9223372036854.78ms, total = 0.00ms
	ray::rpc::WorkerInfoGcsService.grpc_client.AddWorkerInfo - 1 total (0 active), Execution time: mean = 0.67ms, total = 0.67ms, Queueing time: mean = 0.00ms, max = -0.00ms, min = 9223372036854.78ms, total = 0.00ms
	Publisher.CheckDeadSubscribers - 1 total (1 active), Execution time: mean = 0.00ms, total = 0.00ms, Queueing time: mean = 0.00ms, max = -0.00ms, min = 9223372036854.78ms, total = 0.00ms
	ray::rpc::InternalPubSubGcsService.grpc_client.GcsSubscriberCommandBatch.OnReplyReceived - 1 total (0 active), Execution time: mean = 0.20ms, total = 0.20ms, Queueing time: mean = 0.49ms, max = 0.49ms, min = 0.49ms, total = 0.49ms
	ray::rpc::NodeInfoGcsService.grpc_client.GetAllNodeAddressAndLiveness - 1 total (0 active), Execution time: mean = 0.64ms, total = 0.64ms, Queueing time: mean = 0.00ms, max = -0.00ms, min = 9223372036854.78ms, total = 0.00ms
	ray::rpc::InternalPubSubGcsService.grpc_client.GcsSubscriberPoll - 1 total (1 active), Execution time: mean = 0.00ms, total = 0.00ms, Queueing time: mean = 0.00ms, max = -0.00ms, min = 9223372036854.78ms, total = 0.00ms
	ray::rpc::WorkerInfoGcsService.grpc_client.AddWorkerInfo.OnReplyReceived - 1 total (0 active), Execution time: mean = 0.02ms, total = 0.02ms, Queueing time: mean = 0.55ms, max = 0.55ms, min = 0.55ms, total = 0.55ms
	ray::rpc::NodeInfoGcsService.grpc_client.GetAllNodeAddressAndLiveness.OnReplyReceived - 1 total (0 active), Execution time: mean = 0.05ms, total = 0.05ms, Queueing time: mean = 0.17ms, max = 0.17ms, min = 0.17ms, total = 0.17ms

-----------------
Task execution event stats:

Global stats: 23854 total (1 active)
Queueing time: mean = 0.05ms, max = 3.32ms, min = -0.01ms, total = 1254.09ms
Execution time:  mean = 0.01ms, total = 352.82ms
Event stats:
	CoreWorker.CheckSignal - 23853 total (1 active), Execution time: mean = 0.01ms, total = 352.82ms, Queueing time: mean = 0.05ms, max = 3.32ms, min = -0.01ms, total = 1254.09ms
	PeriodicalRunner.RunFnPeriodically - 1 total (0 active), Execution time: mean = 0.01ms, total = 0.01ms, Queueing time: mean = 0.00ms, max = 0.00ms, min = 0.00ms, total = 0.00ms

-----------------
Task Event stats:

IO Service Stats:

Global stats: 721 total (1 active)
Queueing time: mean = 0.03ms, max = 0.16ms, min = 0.01ms, total = 20.34ms
Execution time:  mean = 0.32ms, total = 228.86ms
Event stats:
	CoreWorker.deadline_timer.flush_task_events - 240 total (1 active), Execution time: mean = 0.21ms, total = 50.27ms, Queueing time: mean = 0.05ms, max = 0.16ms, min = 0.02ms, total = 11.28ms
	ray::rpc::TaskInfoGcsService.grpc_client.AddTaskEventData - 240 total (0 active), Execution time: mean = 0.71ms, total = 170.43ms, Queueing time: mean = 0.00ms, max = -0.00ms, min = 9223372036854.78ms, total = 0.00ms
	ray::rpc::TaskInfoGcsService.grpc_client.AddTaskEventData.OnReplyReceived - 240 total (0 active), Execution time: mean = 0.03ms, total = 7.91ms, Queueing time: mean = 0.04ms, max = 0.09ms, min = 0.01ms, total = 9.05ms
	PeriodicalRunner.RunFnPeriodically - 1 total (0 active), Execution time: mean = 0.25ms, total = 0.25ms, Queueing time: mean = 0.01ms, max = 0.01ms, min = 0.01ms, total = 0.01ms
Other Stats:
	gcs_grpc_in_progress:0
	event_aggregator_grpc_in_progress:0
	current number of task status events in buffer: 0
	current number of profile events in buffer: 0
	current number of dropped task attempts tracked: 0
	total task events sent: 0 MiB
	total number of task attempts sent: 0
	total number of task attempts dropped reported: 0
	total number of sent failure: 0
	num status task events dropped: 0
	num profile task events dropped: 0
	num ray task events reported to aggregator: 0
	num ray task events failed to report to aggregator: 0
	num of task attempts dropped reported to aggregator: 0
	num of failed requests to aggregator: 0

[2026-02-14 15:50:15,142 I 2937487 2938935] core_worker.cc:455: Event stats:


Global stats: 4358 total (8 active)
Queueing time: mean = 0.51ms, max = 1000.02ms, min = 0.00ms, total = 2215.39ms
Execution time:  mean = 0.08ms, total = 333.46ms
Event stats:
	CoreWorker.RecoverObjects - 2999 total (1 active), Execution time: mean = 0.01ms, total = 26.38ms, Queueing time: mean = 0.05ms, max = 0.13ms, min = 0.00ms, total = 164.60ms
	NodeManagerService.grpc_client.ReportWorkerBacklog - 300 total (0 active), Execution time: mean = 0.73ms, total = 219.43ms, Queueing time: mean = 0.00ms, max = -0.00ms, min = 9223372036854.78ms, total = 0.00ms
	NodeManagerService.grpc_client.ReportWorkerBacklog.OnReplyReceived - 300 total (0 active), Execution time: mean = 0.03ms, total = 7.90ms, Queueing time: mean = 0.03ms, max = 0.08ms, min = 0.01ms, total = 10.19ms
	CoreWorker.ExitIfParentRayletDies - 300 total (1 active), Execution time: mean = 0.01ms, total = 3.43ms, Queueing time: mean = 0.05ms, max = 0.18ms, min = 0.01ms, total = 15.37ms
	CoreWorker.InternalHeartbeat - 300 total (1 active), Execution time: mean = 0.19ms, total = 57.00ms, Queueing time: mean = 0.05ms, max = 0.11ms, min = 0.01ms, total = 14.81ms
	CoreWorker.RecordMetrics - 60 total (1 active), Execution time: mean = 0.06ms, total = 3.68ms, Queueing time: mean = 0.05ms, max = 0.09ms, min = 0.01ms, total = 2.78ms
	CoreWorker.TryDelPendingObjectRefStreams - 30 total (1 active), Execution time: mean = 0.00ms, total = 0.15ms, Queueing time: mean = 0.09ms, max = 0.50ms, min = 0.02ms, total = 2.80ms
	CoreWorkerService.grpc_server.GetCoreWorkerStats - 20 total (0 active), Execution time: mean = 0.29ms, total = 5.73ms, Queueing time: mean = 0.00ms, max = -0.00ms, min = 9223372036854.78ms, total = 0.00ms
	CoreWorkerService.grpc_server.GetCoreWorkerStats.HandleRequestImpl - 20 total (0 active), Execution time: mean = 0.08ms, total = 1.56ms, Queueing time: mean = 0.03ms, max = 0.07ms, min = 0.02ms, total = 0.57ms
	PeriodicalRunner.RunFnPeriodically - 7 total (0 active), Execution time: mean = 0.10ms, total = 0.68ms, Queueing time: mean = 0.35ms, max = 0.76ms, min = 0.02ms, total = 2.48ms
	CoreWorker.PrintEventStats - 5 total (1 active, 1 running), Execution time: mean = 0.54ms, total = 2.71ms, Queueing time: mean = 0.05ms, max = 0.08ms, min = 0.03ms, total = 0.26ms
	ReporterService.grpc_client.HealthCheck - 3 total (0 active), Execution time: mean = 0.65ms, total = 1.96ms, Queueing time: mean = 0.00ms, max = -0.00ms, min = 9223372036854.78ms, total = 0.00ms
	ReporterService.grpc_client.HealthCheck.OnReplyReceived - 3 total (0 active), Execution time: mean = 0.14ms, total = 0.41ms, Queueing time: mean = 0.06ms, max = 0.16ms, min = 0.02ms, total = 0.19ms
	Publisher.CheckDeadSubscribers - 2 total (1 active), Execution time: mean = 0.00ms, total = 0.01ms, Queueing time: mean = 0.04ms, max = 0.07ms, min = 0.07ms, total = 0.07ms
	MetricsAgentClient.WaitForServerReadyWithRetry - 2 total (0 active), Execution time: mean = 0.14ms, total = 0.27ms, Queueing time: mean = 1000.02ms, max = 1000.02ms, min = 1000.02ms, total = 2000.04ms
	ray::rpc::WorkerInfoGcsService.grpc_client.AddWorkerInfo - 1 total (0 active), Execution time: mean = 0.67ms, total = 0.67ms, Queueing time: mean = 0.00ms, max = -0.00ms, min = 9223372036854.78ms, total = 0.00ms
	ray::rpc::InternalPubSubGcsService.grpc_client.GcsSubscriberCommandBatch - 1 total (0 active), Execution time: mean = 0.58ms, total = 0.58ms, Queueing time: mean = 0.00ms, max = -0.00ms, min = 9223372036854.78ms, total = 0.00ms
	ray::rpc::InternalPubSubGcsService.grpc_client.GcsSubscriberCommandBatch.OnReplyReceived - 1 total (0 active), Execution time: mean = 0.20ms, total = 0.20ms, Queueing time: mean = 0.49ms, max = 0.49ms, min = 0.49ms, total = 0.49ms
	ray::rpc::NodeInfoGcsService.grpc_client.GetAllNodeAddressAndLiveness - 1 total (0 active), Execution time: mean = 0.64ms, total = 0.64ms, Queueing time: mean = 0.00ms, max = -0.00ms, min = 9223372036854.78ms, total = 0.00ms
	ray::rpc::InternalPubSubGcsService.grpc_client.GcsSubscriberPoll - 1 total (1 active), Execution time: mean = 0.00ms, total = 0.00ms, Queueing time: mean = 0.00ms, max = -0.00ms, min = 9223372036854.78ms, total = 0.00ms
	ray::rpc::WorkerInfoGcsService.grpc_client.AddWorkerInfo.OnReplyReceived - 1 total (0 active), Execution time: mean = 0.02ms, total = 0.02ms, Queueing time: mean = 0.55ms, max = 0.55ms, min = 0.55ms, total = 0.55ms
	ray::rpc::NodeInfoGcsService.grpc_client.GetAllNodeAddressAndLiveness.OnReplyReceived - 1 total (0 active), Execution time: mean = 0.05ms, total = 0.05ms, Queueing time: mean = 0.17ms, max = 0.17ms, min = 0.17ms, total = 0.17ms

-----------------
Task execution event stats:

Global stats: 29816 total (1 active)
Queueing time: mean = 0.05ms, max = 3.32ms, min = -0.01ms, total = 1576.35ms
Execution time:  mean = 0.01ms, total = 440.00ms
Event stats:
	CoreWorker.CheckSignal - 29815 total (1 active), Execution time: mean = 0.01ms, total = 439.99ms, Queueing time: mean = 0.05ms, max = 3.32ms, min = -0.01ms, total = 1576.34ms
	PeriodicalRunner.RunFnPeriodically - 1 total (0 active), Execution time: mean = 0.01ms, total = 0.01ms, Queueing time: mean = 0.00ms, max = 0.00ms, min = 0.00ms, total = 0.00ms

-----------------
Task Event stats:

IO Service Stats:

Global stats: 901 total (1 active)
Queueing time: mean = 0.03ms, max = 0.16ms, min = 0.01ms, total = 25.18ms
Execution time:  mean = 0.32ms, total = 283.90ms
Event stats:
	CoreWorker.deadline_timer.flush_task_events - 300 total (1 active), Execution time: mean = 0.21ms, total = 62.50ms, Queueing time: mean = 0.05ms, max = 0.16ms, min = 0.02ms, total = 14.25ms
	ray::rpc::TaskInfoGcsService.grpc_client.AddTaskEventData - 300 total (0 active), Execution time: mean = 0.70ms, total = 211.30ms, Queueing time: mean = 0.00ms, max = -0.00ms, min = 9223372036854.78ms, total = 0.00ms
	ray::rpc::TaskInfoGcsService.grpc_client.AddTaskEventData.OnReplyReceived - 300 total (0 active), Execution time: mean = 0.03ms, total = 9.85ms, Queueing time: mean = 0.04ms, max = 0.09ms, min = 0.01ms, total = 10.91ms
	PeriodicalRunner.RunFnPeriodically - 1 total (0 active), Execution time: mean = 0.25ms, total = 0.25ms, Queueing time: mean = 0.01ms, max = 0.01ms, min = 0.01ms, total = 0.01ms
Other Stats:
	gcs_grpc_in_progress:0
	event_aggregator_grpc_in_progress:0
	current number of task status events in buffer: 0
	current number of profile events in buffer: 0
	current number of dropped task attempts tracked: 0
	total task events sent: 0 MiB
	total number of task attempts sent: 0
	total number of task attempts dropped reported: 0
	total number of sent failure: 0
	num status task events dropped: 0
	num profile task events dropped: 0
	num ray task events reported to aggregator: 0
	num ray task events failed to report to aggregator: 0
	num of task attempts dropped reported to aggregator: 0
	num of failed requests to aggregator: 0

[2026-02-14 15:51:15,143 I 2937487 2938935] core_worker.cc:455: Event stats:


Global stats: 5224 total (8 active)
Queueing time: mean = 0.43ms, max = 1000.02ms, min = 0.00ms, total = 2260.82ms
Execution time:  mean = 0.08ms, total = 404.69ms
Event stats:
	CoreWorker.RecoverObjects - 3598 total (1 active), Execution time: mean = 0.01ms, total = 32.04ms, Queueing time: mean = 0.06ms, max = 0.13ms, min = 0.00ms, total = 199.75ms
	NodeManagerService.grpc_client.ReportWorkerBacklog - 360 total (0 active), Execution time: mean = 0.74ms, total = 268.00ms, Queueing time: mean = 0.00ms, max = -0.00ms, min = 9223372036854.78ms, total = 0.00ms
	NodeManagerService.grpc_client.ReportWorkerBacklog.OnReplyReceived - 360 total (0 active), Execution time: mean = 0.03ms, total = 9.52ms, Queueing time: mean = 0.03ms, max = 0.08ms, min = 0.01ms, total = 12.46ms
	CoreWorker.ExitIfParentRayletDies - 360 total (1 active), Execution time: mean = 0.01ms, total = 4.12ms, Queueing time: mean = 0.05ms, max = 0.18ms, min = 0.01ms, total = 18.57ms
	CoreWorker.InternalHeartbeat - 360 total (1 active), Execution time: mean = 0.19ms, total = 68.86ms, Queueing time: mean = 0.05ms, max = 0.11ms, min = 0.01ms, total = 18.28ms
	CoreWorker.RecordMetrics - 72 total (1 active), Execution time: mean = 0.06ms, total = 4.43ms, Queueing time: mean = 0.05ms, max = 0.09ms, min = 0.01ms, total = 3.33ms
	CoreWorker.TryDelPendingObjectRefStreams - 36 total (1 active), Execution time: mean = 0.01ms, total = 0.18ms, Queueing time: mean = 0.10ms, max = 0.50ms, min = 0.02ms, total = 3.42ms
	CoreWorkerService.grpc_server.GetCoreWorkerStats - 24 total (0 active), Execution time: mean = 0.28ms, total = 6.79ms, Queueing time: mean = 0.00ms, max = -0.00ms, min = 9223372036854.78ms, total = 0.00ms
	CoreWorkerService.grpc_server.GetCoreWorkerStats.HandleRequestImpl - 24 total (0 active), Execution time: mean = 0.08ms, total = 1.87ms, Queueing time: mean = 0.03ms, max = 0.07ms, min = 0.02ms, total = 0.67ms
	PeriodicalRunner.RunFnPeriodically - 7 total (0 active), Execution time: mean = 0.10ms, total = 0.68ms, Queueing time: mean = 0.35ms, max = 0.76ms, min = 0.02ms, total = 2.48ms
	CoreWorker.PrintEventStats - 6 total (1 active, 1 running), Execution time: mean = 0.56ms, total = 3.38ms, Queueing time: mean = 0.06ms, max = 0.08ms, min = 0.03ms, total = 0.33ms
	ReporterService.grpc_client.HealthCheck - 3 total (0 active), Execution time: mean = 0.65ms, total = 1.96ms, Queueing time: mean = 0.00ms, max = -0.00ms, min = 9223372036854.78ms, total = 0.00ms
	ReporterService.grpc_client.HealthCheck.OnReplyReceived - 3 total (0 active), Execution time: mean = 0.14ms, total = 0.41ms, Queueing time: mean = 0.06ms, max = 0.16ms, min = 0.02ms, total = 0.19ms
	Publisher.CheckDeadSubscribers - 2 total (1 active), Execution time: mean = 0.00ms, total = 0.01ms, Queueing time: mean = 0.04ms, max = 0.07ms, min = 0.07ms, total = 0.07ms
	MetricsAgentClient.WaitForServerReadyWithRetry - 2 total (0 active), Execution time: mean = 0.14ms, total = 0.27ms, Queueing time: mean = 1000.02ms, max = 1000.02ms, min = 1000.02ms, total = 2000.04ms
	ray::rpc::WorkerInfoGcsService.grpc_client.AddWorkerInfo - 1 total (0 active), Execution time: mean = 0.67ms, total = 0.67ms, Queueing time: mean = 0.00ms, max = -0.00ms, min = 9223372036854.78ms, total = 0.00ms
	ray::rpc::InternalPubSubGcsService.grpc_client.GcsSubscriberCommandBatch - 1 total (0 active), Execution time: mean = 0.58ms, total = 0.58ms, Queueing time: mean = 0.00ms, max = -0.00ms, min = 9223372036854.78ms, total = 0.00ms
	ray::rpc::InternalPubSubGcsService.grpc_client.GcsSubscriberCommandBatch.OnReplyReceived - 1 total (0 active), Execution time: mean = 0.20ms, total = 0.20ms, Queueing time: mean = 0.49ms, max = 0.49ms, min = 0.49ms, total = 0.49ms
	ray::rpc::NodeInfoGcsService.grpc_client.GetAllNodeAddressAndLiveness - 1 total (0 active), Execution time: mean = 0.64ms, total = 0.64ms, Queueing time: mean = 0.00ms, max = -0.00ms, min = 9223372036854.78ms, total = 0.00ms
	ray::rpc::InternalPubSubGcsService.grpc_client.GcsSubscriberPoll - 1 total (1 active), Execution time: mean = 0.00ms, total = 0.00ms, Queueing time: mean = 0.00ms, max = -0.00ms, min = 9223372036854.78ms, total = 0.00ms
	ray::rpc::WorkerInfoGcsService.grpc_client.AddWorkerInfo.OnReplyReceived - 1 total (0 active), Execution time: mean = 0.02ms, total = 0.02ms, Queueing time: mean = 0.55ms, max = 0.55ms, min = 0.55ms, total = 0.55ms
	ray::rpc::NodeInfoGcsService.grpc_client.GetAllNodeAddressAndLiveness.OnReplyReceived - 1 total (0 active), Execution time: mean = 0.05ms, total = 0.05ms, Queueing time: mean = 0.17ms, max = 0.17ms, min = 0.17ms, total = 0.17ms

-----------------
Task execution event stats:

Global stats: 35779 total (1 active)
Queueing time: mean = 0.05ms, max = 3.32ms, min = -0.01ms, total = 1891.20ms
Execution time:  mean = 0.01ms, total = 529.22ms
Event stats:
	CoreWorker.CheckSignal - 35778 total (1 active), Execution time: mean = 0.01ms, total = 529.21ms, Queueing time: mean = 0.05ms, max = 3.32ms, min = -0.01ms, total = 1891.20ms
	PeriodicalRunner.RunFnPeriodically - 1 total (0 active), Execution time: mean = 0.01ms, total = 0.01ms, Queueing time: mean = 0.00ms, max = 0.00ms, min = 0.00ms, total = 0.00ms

-----------------
Task Event stats:

IO Service Stats:

Global stats: 1081 total (1 active)
Queueing time: mean = 0.03ms, max = 0.16ms, min = 0.01ms, total = 29.69ms
Execution time:  mean = 0.32ms, total = 341.99ms
Event stats:
	CoreWorker.deadline_timer.flush_task_events - 360 total (1 active), Execution time: mean = 0.21ms, total = 74.95ms, Queueing time: mean = 0.05ms, max = 0.16ms, min = 0.02ms, total = 16.84ms
	ray::rpc::TaskInfoGcsService.grpc_client.AddTaskEventData - 360 total (0 active), Execution time: mean = 0.71ms, total = 254.91ms, Queueing time: mean = 0.00ms, max = -0.00ms, min = 9223372036854.78ms, total = 0.00ms
	ray::rpc::TaskInfoGcsService.grpc_client.AddTaskEventData.OnReplyReceived - 360 total (0 active), Execution time: mean = 0.03ms, total = 11.88ms, Queueing time: mean = 0.04ms, max = 0.09ms, min = 0.01ms, total = 12.85ms
	PeriodicalRunner.RunFnPeriodically - 1 total (0 active), Execution time: mean = 0.25ms, total = 0.25ms, Queueing time: mean = 0.01ms, max = 0.01ms, min = 0.01ms, total = 0.01ms
Other Stats:
	gcs_grpc_in_progress:0
	event_aggregator_grpc_in_progress:0
	current number of task status events in buffer: 0
	current number of profile events in buffer: 0
	current number of dropped task attempts tracked: 0
	total task events sent: 0 MiB
	total number of task attempts sent: 0
	total number of task attempts dropped reported: 0
	total number of sent failure: 0
	num status task events dropped: 0
	num profile task events dropped: 0
	num ray task events reported to aggregator: 0
	num ray task events failed to report to aggregator: 0
	num of task attempts dropped reported to aggregator: 0
	num of failed requests to aggregator: 0

[2026-02-14 15:51:28,050 I 2937487 2938935] accessor.cc:433: Received address and liveness notification for node, IsAlive = 0 node_id=6b4bc9c445641d70e5b5f4e083ec829892911c0dcf6bfa6f7f8ace0c
[2026-02-14 15:51:28,050 I 2937487 2938935] core_worker.cc:740: Node failure. All objects pinned on that node will be lost if object reconstruction is not enabled. node_id=6b4bc9c445641d70e5b5f4e083ec829892911c0dcf6bfa6f7f8ace0c
[2026-02-14 15:51:28,050 I 2937487 2938935] normal_task_submitter.cc:840: Number of alive nodes:0
