[2026-02-05 22:37:53,232 I 3799560 3799560] core_worker_process.cc:777: Constructing CoreWorkerProcess. pid: 3799560
[2026-02-05 22:37:53,238 I 3799560 3799560] event.cc:499: Ray Event initialized for CORE_WORKER
[2026-02-05 22:37:53,239 I 3799560 3799560] event.cc:499: Ray Event initialized for EXPORT_TASK
[2026-02-05 22:37:53,239 I 3799560 3799560] event.cc:332: Set ray event level to warning
[2026-02-05 22:37:53,239 I 3799560 3799560] event_aggregator_client.h:50: Initiating the local event aggregator client with port: 60205
[2026-02-05 22:37:53,241 I 3799560 3799560] grpc_server.cc:143: worker server started, listening on port 36125.
[2026-02-05 22:37:53,262 I 3799560 3799560] core_worker_process.cc:262: Initializing worker at address: 172.28.6.5:36125 worker_id=61b023a4f459bfe7cb0e3da174c66c2802f9b04789af29c33f678e69 node_id=b3bb8abc1f3b5e31c1983b0b01387a7d867173fb9fdbf495e20a7a7c
[2026-02-05 22:37:53,263 I 3799560 3799560] task_event_buffer.cc:480: Reporting task events to GCS every 1000ms.
[2026-02-05 22:37:53,264 I 3799560 3799560] core_worker.cc:515: Adjusted worker niceness to 15
[2026-02-05 22:37:53,264 I 3799560 3799993] core_worker.cc:455: Event stats:


Global stats: 12 total (10 active)
Queueing time: mean = 0.00ms, max = 0.02ms, min = 0.01ms, total = 0.03ms
Execution time:  mean = 0.00ms, total = 0.05ms
Event stats:
	PeriodicalRunner.RunFnPeriodically - 7 total (5 active, 1 running), Execution time: mean = 0.01ms, total = 0.05ms, Queueing time: mean = 0.00ms, max = 0.02ms, min = 0.01ms, total = 0.03ms
	ray::rpc::WorkerInfoGcsService.grpc_client.AddWorkerInfo - 1 total (1 active), Execution time: mean = 0.00ms, total = 0.00ms, Queueing time: mean = 0.00ms, max = -0.00ms, min = 9223372036854.78ms, total = 0.00ms
	Publisher.CheckDeadSubscribers - 1 total (1 active), Execution time: mean = 0.00ms, total = 0.00ms, Queueing time: mean = 0.00ms, max = -0.00ms, min = 9223372036854.78ms, total = 0.00ms
	ray::rpc::InternalPubSubGcsService.grpc_client.GcsSubscriberPoll - 1 total (1 active), Execution time: mean = 0.00ms, total = 0.00ms, Queueing time: mean = 0.00ms, max = -0.00ms, min = 9223372036854.78ms, total = 0.00ms
	CoreWorker.ExitIfParentRayletDies - 1 total (1 active), Execution time: mean = 0.00ms, total = 0.00ms, Queueing time: mean = 0.00ms, max = -0.00ms, min = 9223372036854.78ms, total = 0.00ms
	ray::rpc::InternalPubSubGcsService.grpc_client.GcsSubscriberCommandBatch - 1 total (1 active), Execution time: mean = 0.00ms, total = 0.00ms, Queueing time: mean = 0.00ms, max = -0.00ms, min = 9223372036854.78ms, total = 0.00ms

-----------------
Task execution event stats:

Global stats: 0 total (0 active)
Queueing time: mean = -nanms, max = -0.00ms, min = 9223372036854.78ms, total = 0.00ms
Execution time:  mean = -nanms, total = 0.00ms
Event stats:

-----------------
Task Event stats:

IO Service Stats:

Global stats: 3 total (2 active)
Queueing time: mean = 0.06ms, max = 0.18ms, min = 0.18ms, total = 0.18ms
Execution time:  mean = 0.07ms, total = 0.20ms
Event stats:
	PeriodicalRunner.RunFnPeriodically - 1 total (0 active), Execution time: mean = 0.20ms, total = 0.20ms, Queueing time: mean = 0.18ms, max = 0.18ms, min = 0.18ms, total = 0.18ms
	CoreWorker.deadline_timer.flush_task_events - 1 total (1 active), Execution time: mean = 0.00ms, total = 0.00ms, Queueing time: mean = 0.00ms, max = -0.00ms, min = 9223372036854.78ms, total = 0.00ms
	ray::rpc::TaskInfoGcsService.grpc_client.AddTaskEventData - 1 total (1 active), Execution time: mean = 0.00ms, total = 0.00ms, Queueing time: mean = 0.00ms, max = -0.00ms, min = 9223372036854.78ms, total = 0.00ms
Other Stats:
	gcs_grpc_in_progress:1
	event_aggregator_grpc_in_progress:0
	current number of task status events in buffer: 0
	current number of profile events in buffer: 0
	current number of dropped task attempts tracked: 0
	total task events sent: 0 MiB
	total number of task attempts sent: 0
	total number of task attempts dropped reported: 0
	total number of sent failure: 0
	num status task events dropped: 0
	num profile task events dropped: 0
	num ray task events reported to aggregator: 0
	num ray task events failed to report to aggregator: 0
	num of task attempts dropped reported to aggregator: 0
	num of failed requests to aggregator: 0

[2026-02-05 22:37:53,264 I 3799560 3799560] metrics_agent_client.cc:45: Initializing exporter ...
[2026-02-05 22:37:53,267 I 3799560 3799993] accessor.cc:433: Received address and liveness notification for node, IsAlive = 1 node_id=b3bb8abc1f3b5e31c1983b0b01387a7d867173fb9fdbf495e20a7a7c
[2026-02-05 22:37:53,267 I 3799560 3799993] normal_task_submitter.cc:840: Number of alive nodes:1
[2026-02-05 22:37:58,270 I 3799560 3799993] metrics_agent_client.cc:59: Exporter initialized.
[2026-02-05 22:38:53,265 I 3799560 3799993] core_worker.cc:455: Event stats:


Global stats: 899 total (8 active)
Queueing time: mean = 5.60ms, max = 1000.07ms, min = 0.01ms, total = 5033.12ms
Execution time:  mean = 0.09ms, total = 83.28ms
Event stats:
	CoreWorker.RecoverObjects - 600 total (1 active), Execution time: mean = 0.01ms, total = 5.84ms, Queueing time: mean = 0.04ms, max = 0.09ms, min = 0.01ms, total = 23.73ms
	NodeManagerService.grpc_client.ReportWorkerBacklog - 60 total (0 active), Execution time: mean = 0.81ms, total = 48.64ms, Queueing time: mean = 0.00ms, max = -0.00ms, min = 9223372036854.78ms, total = 0.00ms
	NodeManagerService.grpc_client.ReportWorkerBacklog.OnReplyReceived - 60 total (0 active), Execution time: mean = 0.03ms, total = 1.67ms, Queueing time: mean = 0.03ms, max = 0.06ms, min = 0.01ms, total = 1.91ms
	CoreWorker.InternalHeartbeat - 60 total (1 active), Execution time: mean = 0.20ms, total = 11.75ms, Queueing time: mean = 0.04ms, max = 0.07ms, min = 0.01ms, total = 2.14ms
	CoreWorker.ExitIfParentRayletDies - 60 total (1 active), Execution time: mean = 0.01ms, total = 0.64ms, Queueing time: mean = 0.04ms, max = 0.08ms, min = 0.01ms, total = 2.34ms
	CoreWorker.RecordMetrics - 12 total (1 active), Execution time: mean = 0.05ms, total = 0.66ms, Queueing time: mean = 0.03ms, max = 0.06ms, min = 0.01ms, total = 0.30ms
	PeriodicalRunner.RunFnPeriodically - 7 total (0 active), Execution time: mean = 0.10ms, total = 0.69ms, Queueing time: mean = 0.26ms, max = 0.66ms, min = 0.01ms, total = 1.85ms
	ReporterService.grpc_client.HealthCheck.OnReplyReceived - 6 total (0 active), Execution time: mean = 0.11ms, total = 0.64ms, Queueing time: mean = 0.02ms, max = 0.03ms, min = 0.02ms, total = 0.13ms
	CoreWorker.TryDelPendingObjectRefStreams - 6 total (1 active), Execution time: mean = 0.01ms, total = 0.03ms, Queueing time: mean = 0.04ms, max = 0.07ms, min = 0.02ms, total = 0.22ms
	ReporterService.grpc_client.HealthCheck - 6 total (0 active), Execution time: mean = 0.89ms, total = 5.35ms, Queueing time: mean = 0.00ms, max = -0.00ms, min = 9223372036854.78ms, total = 0.00ms
	MetricsAgentClient.WaitForServerReadyWithRetry - 5 total (0 active), Execution time: mean = 0.16ms, total = 0.81ms, Queueing time: mean = 1000.03ms, max = 1000.07ms, min = 1000.02ms, total = 5000.17ms
	CoreWorkerService.grpc_server.GetCoreWorkerStats.HandleRequestImpl - 4 total (0 active), Execution time: mean = 0.11ms, total = 0.44ms, Queueing time: mean = 0.03ms, max = 0.05ms, min = 0.02ms, total = 0.11ms
	CoreWorkerService.grpc_server.GetCoreWorkerStats - 4 total (0 active), Execution time: mean = 0.31ms, total = 1.26ms, Queueing time: mean = 0.00ms, max = -0.00ms, min = 9223372036854.78ms, total = 0.00ms
	ray::rpc::WorkerInfoGcsService.grpc_client.AddWorkerInfo - 1 total (0 active), Execution time: mean = 1.59ms, total = 1.59ms, Queueing time: mean = 0.00ms, max = -0.00ms, min = 9223372036854.78ms, total = 0.00ms
	ray::rpc::WorkerInfoGcsService.grpc_client.AddWorkerInfo.OnReplyReceived - 1 total (0 active), Execution time: mean = 0.02ms, total = 0.02ms, Queueing time: mean = 0.18ms, max = 0.18ms, min = 0.18ms, total = 0.18ms
	CoreWorker.PrintEventStats - 1 total (1 active, 1 running), Execution time: mean = 0.00ms, total = 0.00ms, Queueing time: mean = 0.00ms, max = -0.00ms, min = 9223372036854.78ms, total = 0.00ms
	ray::rpc::NodeInfoGcsService.grpc_client.GetAllNodeAddressAndLiveness - 1 total (0 active), Execution time: mean = 1.60ms, total = 1.60ms, Queueing time: mean = 0.00ms, max = -0.00ms, min = 9223372036854.78ms, total = 0.00ms
	Publisher.CheckDeadSubscribers - 1 total (1 active), Execution time: mean = 0.00ms, total = 0.00ms, Queueing time: mean = 0.00ms, max = -0.00ms, min = 9223372036854.78ms, total = 0.00ms
	ray::rpc::InternalPubSubGcsService.grpc_client.GcsSubscriberPoll - 1 total (1 active), Execution time: mean = 0.00ms, total = 0.00ms, Queueing time: mean = 0.00ms, max = -0.00ms, min = 9223372036854.78ms, total = 0.00ms
	ray::rpc::InternalPubSubGcsService.grpc_client.GcsSubscriberCommandBatch.OnReplyReceived - 1 total (0 active), Execution time: mean = 0.17ms, total = 0.17ms, Queueing time: mean = 0.02ms, max = 0.02ms, min = 0.02ms, total = 0.02ms
	ray::rpc::InternalPubSubGcsService.grpc_client.GcsSubscriberCommandBatch - 1 total (0 active), Execution time: mean = 1.42ms, total = 1.42ms, Queueing time: mean = 0.00ms, max = -0.00ms, min = 9223372036854.78ms, total = 0.00ms
	ray::rpc::NodeInfoGcsService.grpc_client.GetAllNodeAddressAndLiveness.OnReplyReceived - 1 total (0 active), Execution time: mean = 0.07ms, total = 0.07ms, Queueing time: mean = 0.01ms, max = 0.01ms, min = 0.01ms, total = 0.01ms

-----------------
Task execution event stats:

Global stats: 5961 total (1 active)
Queueing time: mean = 0.06ms, max = 10.14ms, min = 0.00ms, total = 336.99ms
Execution time:  mean = 0.01ms, total = 87.85ms
Event stats:
	CoreWorker.CheckSignal - 5960 total (1 active), Execution time: mean = 0.01ms, total = 87.84ms, Queueing time: mean = 0.06ms, max = 10.14ms, min = 0.00ms, total = 336.99ms
	PeriodicalRunner.RunFnPeriodically - 1 total (0 active), Execution time: mean = 0.01ms, total = 0.01ms, Queueing time: mean = 0.00ms, max = 0.00ms, min = 0.00ms, total = 0.00ms

-----------------
Task Event stats:

IO Service Stats:

Global stats: 181 total (1 active)
Queueing time: mean = 0.02ms, max = 0.18ms, min = 0.01ms, total = 4.36ms
Execution time:  mean = 0.36ms, total = 64.56ms
Event stats:
	ray::rpc::TaskInfoGcsService.grpc_client.AddTaskEventData - 60 total (0 active), Execution time: mean = 0.80ms, total = 48.06ms, Queueing time: mean = 0.00ms, max = -0.00ms, min = 9223372036854.78ms, total = 0.00ms
	CoreWorker.deadline_timer.flush_task_events - 60 total (1 active), Execution time: mean = 0.24ms, total = 14.13ms, Queueing time: mean = 0.04ms, max = 0.08ms, min = 0.02ms, total = 2.31ms
	ray::rpc::TaskInfoGcsService.grpc_client.AddTaskEventData.OnReplyReceived - 60 total (0 active), Execution time: mean = 0.04ms, total = 2.17ms, Queueing time: mean = 0.03ms, max = 0.07ms, min = 0.01ms, total = 1.86ms
	PeriodicalRunner.RunFnPeriodically - 1 total (0 active), Execution time: mean = 0.20ms, total = 0.20ms, Queueing time: mean = 0.18ms, max = 0.18ms, min = 0.18ms, total = 0.18ms
Other Stats:
	gcs_grpc_in_progress:0
	event_aggregator_grpc_in_progress:0
	current number of task status events in buffer: 0
	current number of profile events in buffer: 0
	current number of dropped task attempts tracked: 0
	total task events sent: 0 MiB
	total number of task attempts sent: 0
	total number of task attempts dropped reported: 0
	total number of sent failure: 0
	num status task events dropped: 0
	num profile task events dropped: 0
	num ray task events reported to aggregator: 0
	num ray task events failed to report to aggregator: 0
	num of task attempts dropped reported to aggregator: 0
	num of failed requests to aggregator: 0

[2026-02-05 22:39:53,266 I 3799560 3799993] core_worker.cc:455: Event stats:


Global stats: 1766 total (8 active)
Queueing time: mean = 2.87ms, max = 1000.07ms, min = 0.01ms, total = 5066.50ms
Execution time:  mean = 0.09ms, total = 153.18ms
Event stats:
	CoreWorker.RecoverObjects - 1200 total (1 active), Execution time: mean = 0.01ms, total = 11.53ms, Queueing time: mean = 0.04ms, max = 0.11ms, min = 0.01ms, total = 48.92ms
	NodeManagerService.grpc_client.ReportWorkerBacklog - 120 total (0 active), Execution time: mean = 0.78ms, total = 94.08ms, Queueing time: mean = 0.00ms, max = -0.00ms, min = 9223372036854.78ms, total = 0.00ms
	NodeManagerService.grpc_client.ReportWorkerBacklog.OnReplyReceived - 120 total (0 active), Execution time: mean = 0.03ms, total = 3.58ms, Queueing time: mean = 0.03ms, max = 0.07ms, min = 0.01ms, total = 3.97ms
	CoreWorker.ExitIfParentRayletDies - 120 total (1 active), Execution time: mean = 0.01ms, total = 1.31ms, Queueing time: mean = 0.04ms, max = 0.10ms, min = 0.01ms, total = 4.98ms
	CoreWorker.InternalHeartbeat - 120 total (1 active), Execution time: mean = 0.20ms, total = 24.54ms, Queueing time: mean = 0.04ms, max = 0.08ms, min = 0.01ms, total = 4.57ms
	CoreWorker.RecordMetrics - 24 total (1 active), Execution time: mean = 0.07ms, total = 1.58ms, Queueing time: mean = 0.04ms, max = 0.07ms, min = 0.01ms, total = 0.91ms
	CoreWorker.TryDelPendingObjectRefStreams - 12 total (1 active), Execution time: mean = 0.01ms, total = 0.07ms, Queueing time: mean = 0.04ms, max = 0.09ms, min = 0.02ms, total = 0.52ms
	CoreWorkerService.grpc_server.GetCoreWorkerStats.HandleRequestImpl - 8 total (0 active), Execution time: mean = 0.10ms, total = 0.82ms, Queueing time: mean = 0.03ms, max = 0.05ms, min = 0.02ms, total = 0.22ms
	CoreWorkerService.grpc_server.GetCoreWorkerStats - 8 total (0 active), Execution time: mean = 0.33ms, total = 2.63ms, Queueing time: mean = 0.00ms, max = -0.00ms, min = 9223372036854.78ms, total = 0.00ms
	PeriodicalRunner.RunFnPeriodically - 7 total (0 active), Execution time: mean = 0.10ms, total = 0.69ms, Queueing time: mean = 0.26ms, max = 0.66ms, min = 0.01ms, total = 1.85ms
	ReporterService.grpc_client.HealthCheck.OnReplyReceived - 6 total (0 active), Execution time: mean = 0.11ms, total = 0.64ms, Queueing time: mean = 0.02ms, max = 0.03ms, min = 0.02ms, total = 0.13ms
	ReporterService.grpc_client.HealthCheck - 6 total (0 active), Execution time: mean = 0.89ms, total = 5.35ms, Queueing time: mean = 0.00ms, max = -0.00ms, min = 9223372036854.78ms, total = 0.00ms
	MetricsAgentClient.WaitForServerReadyWithRetry - 5 total (0 active), Execution time: mean = 0.16ms, total = 0.81ms, Queueing time: mean = 1000.03ms, max = 1000.07ms, min = 1000.02ms, total = 5000.17ms
	CoreWorker.PrintEventStats - 2 total (1 active, 1 running), Execution time: mean = 0.34ms, total = 0.68ms, Queueing time: mean = 0.02ms, max = 0.05ms, min = 0.05ms, total = 0.05ms
	ray::rpc::WorkerInfoGcsService.grpc_client.AddWorkerInfo.OnReplyReceived - 1 total (0 active), Execution time: mean = 0.02ms, total = 0.02ms, Queueing time: mean = 0.18ms, max = 0.18ms, min = 0.18ms, total = 0.18ms
	ray::rpc::NodeInfoGcsService.grpc_client.GetAllNodeAddressAndLiveness - 1 total (0 active), Execution time: mean = 1.60ms, total = 1.60ms, Queueing time: mean = 0.00ms, max = -0.00ms, min = 9223372036854.78ms, total = 0.00ms
	Publisher.CheckDeadSubscribers - 1 total (1 active), Execution time: mean = 0.00ms, total = 0.00ms, Queueing time: mean = 0.00ms, max = -0.00ms, min = 9223372036854.78ms, total = 0.00ms
	ray::rpc::InternalPubSubGcsService.grpc_client.GcsSubscriberPoll - 1 total (1 active), Execution time: mean = 0.00ms, total = 0.00ms, Queueing time: mean = 0.00ms, max = -0.00ms, min = 9223372036854.78ms, total = 0.00ms
	ray::rpc::InternalPubSubGcsService.grpc_client.GcsSubscriberCommandBatch.OnReplyReceived - 1 total (0 active), Execution time: mean = 0.17ms, total = 0.17ms, Queueing time: mean = 0.02ms, max = 0.02ms, min = 0.02ms, total = 0.02ms
	ray::rpc::WorkerInfoGcsService.grpc_client.AddWorkerInfo - 1 total (0 active), Execution time: mean = 1.59ms, total = 1.59ms, Queueing time: mean = 0.00ms, max = -0.00ms, min = 9223372036854.78ms, total = 0.00ms
	ray::rpc::NodeInfoGcsService.grpc_client.GetAllNodeAddressAndLiveness.OnReplyReceived - 1 total (0 active), Execution time: mean = 0.07ms, total = 0.07ms, Queueing time: mean = 0.01ms, max = 0.01ms, min = 0.01ms, total = 0.01ms
	ray::rpc::InternalPubSubGcsService.grpc_client.GcsSubscriberCommandBatch - 1 total (0 active), Execution time: mean = 1.42ms, total = 1.42ms, Queueing time: mean = 0.00ms, max = -0.00ms, min = 9223372036854.78ms, total = 0.00ms

-----------------
Task execution event stats:

Global stats: 11925 total (1 active)
Queueing time: mean = 0.05ms, max = 10.14ms, min = 0.00ms, total = 635.83ms
Execution time:  mean = 0.02ms, total = 183.70ms
Event stats:
	CoreWorker.CheckSignal - 11924 total (1 active), Execution time: mean = 0.02ms, total = 183.68ms, Queueing time: mean = 0.05ms, max = 10.14ms, min = 0.00ms, total = 635.83ms
	PeriodicalRunner.RunFnPeriodically - 1 total (0 active), Execution time: mean = 0.01ms, total = 0.01ms, Queueing time: mean = 0.00ms, max = 0.00ms, min = 0.00ms, total = 0.00ms

-----------------
Task Event stats:

IO Service Stats:

Global stats: 361 total (1 active)
Queueing time: mean = 0.03ms, max = 0.18ms, min = 0.01ms, total = 10.28ms
Execution time:  mean = 0.36ms, total = 128.65ms
Event stats:
	ray::rpc::TaskInfoGcsService.grpc_client.AddTaskEventData - 120 total (0 active), Execution time: mean = 0.80ms, total = 95.80ms, Queueing time: mean = 0.00ms, max = -0.00ms, min = 9223372036854.78ms, total = 0.00ms
	CoreWorker.deadline_timer.flush_task_events - 120 total (1 active), Execution time: mean = 0.23ms, total = 28.16ms, Queueing time: mean = 0.05ms, max = 0.12ms, min = 0.02ms, total = 5.72ms
	ray::rpc::TaskInfoGcsService.grpc_client.AddTaskEventData.OnReplyReceived - 120 total (0 active), Execution time: mean = 0.04ms, total = 4.50ms, Queueing time: mean = 0.04ms, max = 0.07ms, min = 0.01ms, total = 4.37ms
	PeriodicalRunner.RunFnPeriodically - 1 total (0 active), Execution time: mean = 0.20ms, total = 0.20ms, Queueing time: mean = 0.18ms, max = 0.18ms, min = 0.18ms, total = 0.18ms
Other Stats:
	gcs_grpc_in_progress:0
	event_aggregator_grpc_in_progress:0
	current number of task status events in buffer: 0
	current number of profile events in buffer: 0
	current number of dropped task attempts tracked: 0
	total task events sent: 0 MiB
	total number of task attempts sent: 0
	total number of task attempts dropped reported: 0
	total number of sent failure: 0
	num status task events dropped: 0
	num profile task events dropped: 0
	num ray task events reported to aggregator: 0
	num ray task events failed to report to aggregator: 0
	num of task attempts dropped reported to aggregator: 0
	num of failed requests to aggregator: 0

[2026-02-05 22:40:53,266 I 3799560 3799993] core_worker.cc:455: Event stats:


Global stats: 2633 total (8 active)
Queueing time: mean = 1.94ms, max = 1000.07ms, min = 0.01ms, total = 5096.94ms
Execution time:  mean = 0.09ms, total = 225.50ms
Event stats:
	CoreWorker.RecoverObjects - 1800 total (1 active), Execution time: mean = 0.01ms, total = 17.12ms, Queueing time: mean = 0.04ms, max = 0.11ms, min = 0.01ms, total = 71.32ms
	NodeManagerService.grpc_client.ReportWorkerBacklog - 180 total (0 active), Execution time: mean = 0.79ms, total = 142.54ms, Queueing time: mean = 0.00ms, max = -0.00ms, min = 9223372036854.78ms, total = 0.00ms
	NodeManagerService.grpc_client.ReportWorkerBacklog.OnReplyReceived - 180 total (0 active), Execution time: mean = 0.03ms, total = 5.50ms, Queueing time: mean = 0.03ms, max = 0.07ms, min = 0.01ms, total = 6.00ms
	CoreWorker.ExitIfParentRayletDies - 180 total (1 active), Execution time: mean = 0.01ms, total = 1.98ms, Queueing time: mean = 0.04ms, max = 0.10ms, min = 0.01ms, total = 7.22ms
	CoreWorker.InternalHeartbeat - 180 total (1 active), Execution time: mean = 0.21ms, total = 37.05ms, Queueing time: mean = 0.04ms, max = 0.08ms, min = 0.01ms, total = 6.85ms
	CoreWorker.RecordMetrics - 36 total (1 active), Execution time: mean = 0.07ms, total = 2.39ms, Queueing time: mean = 0.04ms, max = 0.07ms, min = 0.01ms, total = 1.46ms
	CoreWorker.TryDelPendingObjectRefStreams - 18 total (1 active), Execution time: mean = 0.01ms, total = 0.10ms, Queueing time: mean = 0.07ms, max = 0.56ms, min = 0.02ms, total = 1.32ms
	CoreWorkerService.grpc_server.GetCoreWorkerStats.HandleRequestImpl - 12 total (0 active), Execution time: mean = 0.10ms, total = 1.15ms, Queueing time: mean = 0.03ms, max = 0.05ms, min = 0.02ms, total = 0.33ms
	CoreWorkerService.grpc_server.GetCoreWorkerStats - 12 total (0 active), Execution time: mean = 0.32ms, total = 3.84ms, Queueing time: mean = 0.00ms, max = -0.00ms, min = 9223372036854.78ms, total = 0.00ms
	PeriodicalRunner.RunFnPeriodically - 7 total (0 active), Execution time: mean = 0.10ms, total = 0.69ms, Queueing time: mean = 0.26ms, max = 0.66ms, min = 0.01ms, total = 1.85ms
	ReporterService.grpc_client.HealthCheck.OnReplyReceived - 6 total (0 active), Execution time: mean = 0.11ms, total = 0.64ms, Queueing time: mean = 0.02ms, max = 0.03ms, min = 0.02ms, total = 0.13ms
	ReporterService.grpc_client.HealthCheck - 6 total (0 active), Execution time: mean = 0.89ms, total = 5.35ms, Queueing time: mean = 0.00ms, max = -0.00ms, min = 9223372036854.78ms, total = 0.00ms
	MetricsAgentClient.WaitForServerReadyWithRetry - 5 total (0 active), Execution time: mean = 0.16ms, total = 0.81ms, Queueing time: mean = 1000.03ms, max = 1000.07ms, min = 1000.02ms, total = 5000.17ms
	CoreWorker.PrintEventStats - 3 total (1 active, 1 running), Execution time: mean = 0.49ms, total = 1.47ms, Queueing time: mean = 0.03ms, max = 0.05ms, min = 0.03ms, total = 0.08ms
	ray::rpc::WorkerInfoGcsService.grpc_client.AddWorkerInfo.OnReplyReceived - 1 total (0 active), Execution time: mean = 0.02ms, total = 0.02ms, Queueing time: mean = 0.18ms, max = 0.18ms, min = 0.18ms, total = 0.18ms
	ray::rpc::NodeInfoGcsService.grpc_client.GetAllNodeAddressAndLiveness - 1 total (0 active), Execution time: mean = 1.60ms, total = 1.60ms, Queueing time: mean = 0.00ms, max = -0.00ms, min = 9223372036854.78ms, total = 0.00ms
	Publisher.CheckDeadSubscribers - 1 total (1 active), Execution time: mean = 0.00ms, total = 0.00ms, Queueing time: mean = 0.00ms, max = -0.00ms, min = 9223372036854.78ms, total = 0.00ms
	ray::rpc::InternalPubSubGcsService.grpc_client.GcsSubscriberPoll - 1 total (1 active), Execution time: mean = 0.00ms, total = 0.00ms, Queueing time: mean = 0.00ms, max = -0.00ms, min = 9223372036854.78ms, total = 0.00ms
	ray::rpc::InternalPubSubGcsService.grpc_client.GcsSubscriberCommandBatch.OnReplyReceived - 1 total (0 active), Execution time: mean = 0.17ms, total = 0.17ms, Queueing time: mean = 0.02ms, max = 0.02ms, min = 0.02ms, total = 0.02ms
	ray::rpc::WorkerInfoGcsService.grpc_client.AddWorkerInfo - 1 total (0 active), Execution time: mean = 1.59ms, total = 1.59ms, Queueing time: mean = 0.00ms, max = -0.00ms, min = 9223372036854.78ms, total = 0.00ms
	ray::rpc::NodeInfoGcsService.grpc_client.GetAllNodeAddressAndLiveness.OnReplyReceived - 1 total (0 active), Execution time: mean = 0.07ms, total = 0.07ms, Queueing time: mean = 0.01ms, max = 0.01ms, min = 0.01ms, total = 0.01ms
	ray::rpc::InternalPubSubGcsService.grpc_client.GcsSubscriberCommandBatch - 1 total (0 active), Execution time: mean = 1.42ms, total = 1.42ms, Queueing time: mean = 0.00ms, max = -0.00ms, min = 9223372036854.78ms, total = 0.00ms

-----------------
Task execution event stats:

Global stats: 17888 total (1 active)
Queueing time: mean = 0.05ms, max = 10.14ms, min = 0.00ms, total = 939.11ms
Execution time:  mean = 0.02ms, total = 278.85ms
Event stats:
	CoreWorker.CheckSignal - 17887 total (1 active), Execution time: mean = 0.02ms, total = 278.84ms, Queueing time: mean = 0.05ms, max = 10.14ms, min = 0.00ms, total = 939.11ms
	PeriodicalRunner.RunFnPeriodically - 1 total (0 active), Execution time: mean = 0.01ms, total = 0.01ms, Queueing time: mean = 0.00ms, max = 0.00ms, min = 0.00ms, total = 0.00ms

-----------------
Task Event stats:

IO Service Stats:

Global stats: 541 total (1 active)
Queueing time: mean = 0.03ms, max = 0.18ms, min = 0.01ms, total = 16.47ms
Execution time:  mean = 0.36ms, total = 193.21ms
Event stats:
	ray::rpc::TaskInfoGcsService.grpc_client.AddTaskEventData - 180 total (0 active), Execution time: mean = 0.80ms, total = 144.07ms, Queueing time: mean = 0.00ms, max = -0.00ms, min = 9223372036854.78ms, total = 0.00ms
	CoreWorker.deadline_timer.flush_task_events - 180 total (1 active), Execution time: mean = 0.23ms, total = 42.09ms, Queueing time: mean = 0.05ms, max = 0.12ms, min = 0.02ms, total = 9.39ms
	ray::rpc::TaskInfoGcsService.grpc_client.AddTaskEventData.OnReplyReceived - 180 total (0 active), Execution time: mean = 0.04ms, total = 6.86ms, Queueing time: mean = 0.04ms, max = 0.07ms, min = 0.01ms, total = 6.91ms
	PeriodicalRunner.RunFnPeriodically - 1 total (0 active), Execution time: mean = 0.20ms, total = 0.20ms, Queueing time: mean = 0.18ms, max = 0.18ms, min = 0.18ms, total = 0.18ms
Other Stats:
	gcs_grpc_in_progress:0
	event_aggregator_grpc_in_progress:0
	current number of task status events in buffer: 0
	current number of profile events in buffer: 0
	current number of dropped task attempts tracked: 0
	total task events sent: 0 MiB
	total number of task attempts sent: 0
	total number of task attempts dropped reported: 0
	total number of sent failure: 0
	num status task events dropped: 0
	num profile task events dropped: 0
	num ray task events reported to aggregator: 0
	num ray task events failed to report to aggregator: 0
	num of task attempts dropped reported to aggregator: 0
	num of failed requests to aggregator: 0

[2026-02-05 22:41:53,267 I 3799560 3799993] core_worker.cc:455: Event stats:


Global stats: 3499 total (8 active)
Queueing time: mean = 1.47ms, max = 1000.07ms, min = 0.01ms, total = 5137.61ms
Execution time:  mean = 0.09ms, total = 299.41ms
Event stats:
	CoreWorker.RecoverObjects - 2399 total (1 active), Execution time: mean = 0.01ms, total = 22.62ms, Queueing time: mean = 0.04ms, max = 0.11ms, min = 0.01ms, total = 101.62ms
	NodeManagerService.grpc_client.ReportWorkerBacklog - 240 total (0 active), Execution time: mean = 0.80ms, total = 192.78ms, Queueing time: mean = 0.00ms, max = -0.00ms, min = 9223372036854.78ms, total = 0.00ms
	NodeManagerService.grpc_client.ReportWorkerBacklog.OnReplyReceived - 240 total (0 active), Execution time: mean = 0.03ms, total = 7.34ms, Queueing time: mean = 0.04ms, max = 0.07ms, min = 0.01ms, total = 8.46ms
	CoreWorker.ExitIfParentRayletDies - 240 total (1 active), Execution time: mean = 0.01ms, total = 2.66ms, Queueing time: mean = 0.04ms, max = 0.10ms, min = 0.01ms, total = 10.42ms
	CoreWorker.InternalHeartbeat - 240 total (1 active), Execution time: mean = 0.21ms, total = 49.47ms, Queueing time: mean = 0.04ms, max = 0.08ms, min = 0.01ms, total = 10.00ms
	CoreWorker.RecordMetrics - 48 total (1 active), Execution time: mean = 0.07ms, total = 3.22ms, Queueing time: mean = 0.04ms, max = 0.09ms, min = 0.01ms, total = 2.05ms
	CoreWorker.TryDelPendingObjectRefStreams - 24 total (1 active), Execution time: mean = 0.01ms, total = 0.13ms, Queueing time: mean = 0.09ms, max = 0.56ms, min = 0.02ms, total = 2.13ms
	CoreWorkerService.grpc_server.GetCoreWorkerStats.HandleRequestImpl - 16 total (0 active), Execution time: mean = 0.09ms, total = 1.49ms, Queueing time: mean = 0.03ms, max = 0.05ms, min = 0.02ms, total = 0.41ms
	CoreWorkerService.grpc_server.GetCoreWorkerStats - 16 total (0 active), Execution time: mean = 0.32ms, total = 5.19ms, Queueing time: mean = 0.00ms, max = -0.00ms, min = 9223372036854.78ms, total = 0.00ms
	PeriodicalRunner.RunFnPeriodically - 7 total (0 active), Execution time: mean = 0.10ms, total = 0.69ms, Queueing time: mean = 0.26ms, max = 0.66ms, min = 0.01ms, total = 1.85ms
	ReporterService.grpc_client.HealthCheck.OnReplyReceived - 6 total (0 active), Execution time: mean = 0.11ms, total = 0.64ms, Queueing time: mean = 0.02ms, max = 0.03ms, min = 0.02ms, total = 0.13ms
	ReporterService.grpc_client.HealthCheck - 6 total (0 active), Execution time: mean = 0.89ms, total = 5.35ms, Queueing time: mean = 0.00ms, max = -0.00ms, min = 9223372036854.78ms, total = 0.00ms
	MetricsAgentClient.WaitForServerReadyWithRetry - 5 total (0 active), Execution time: mean = 0.16ms, total = 0.81ms, Queueing time: mean = 1000.03ms, max = 1000.07ms, min = 1000.02ms, total = 5000.17ms
	CoreWorker.PrintEventStats - 4 total (1 active, 1 running), Execution time: mean = 0.54ms, total = 2.15ms, Queueing time: mean = 0.04ms, max = 0.07ms, min = 0.03ms, total = 0.15ms
	ray::rpc::WorkerInfoGcsService.grpc_client.AddWorkerInfo.OnReplyReceived - 1 total (0 active), Execution time: mean = 0.02ms, total = 0.02ms, Queueing time: mean = 0.18ms, max = 0.18ms, min = 0.18ms, total = 0.18ms
	ray::rpc::NodeInfoGcsService.grpc_client.GetAllNodeAddressAndLiveness - 1 total (0 active), Execution time: mean = 1.60ms, total = 1.60ms, Queueing time: mean = 0.00ms, max = -0.00ms, min = 9223372036854.78ms, total = 0.00ms
	Publisher.CheckDeadSubscribers - 1 total (1 active), Execution time: mean = 0.00ms, total = 0.00ms, Queueing time: mean = 0.00ms, max = -0.00ms, min = 9223372036854.78ms, total = 0.00ms
	ray::rpc::InternalPubSubGcsService.grpc_client.GcsSubscriberPoll - 1 total (1 active), Execution time: mean = 0.00ms, total = 0.00ms, Queueing time: mean = 0.00ms, max = -0.00ms, min = 9223372036854.78ms, total = 0.00ms
	ray::rpc::InternalPubSubGcsService.grpc_client.GcsSubscriberCommandBatch.OnReplyReceived - 1 total (0 active), Execution time: mean = 0.17ms, total = 0.17ms, Queueing time: mean = 0.02ms, max = 0.02ms, min = 0.02ms, total = 0.02ms
	ray::rpc::WorkerInfoGcsService.grpc_client.AddWorkerInfo - 1 total (0 active), Execution time: mean = 1.59ms, total = 1.59ms, Queueing time: mean = 0.00ms, max = -0.00ms, min = 9223372036854.78ms, total = 0.00ms
	ray::rpc::NodeInfoGcsService.grpc_client.GetAllNodeAddressAndLiveness.OnReplyReceived - 1 total (0 active), Execution time: mean = 0.07ms, total = 0.07ms, Queueing time: mean = 0.01ms, max = 0.01ms, min = 0.01ms, total = 0.01ms
	ray::rpc::InternalPubSubGcsService.grpc_client.GcsSubscriberCommandBatch - 1 total (0 active), Execution time: mean = 1.42ms, total = 1.42ms, Queueing time: mean = 0.00ms, max = -0.00ms, min = 9223372036854.78ms, total = 0.00ms

-----------------
Task execution event stats:

Global stats: 23857 total (1 active)
Queueing time: mean = 0.05ms, max = 10.14ms, min = 0.00ms, total = 1184.33ms
Execution time:  mean = 0.02ms, total = 368.92ms
Event stats:
	CoreWorker.CheckSignal - 23856 total (1 active), Execution time: mean = 0.02ms, total = 368.91ms, Queueing time: mean = 0.05ms, max = 10.14ms, min = 0.00ms, total = 1184.33ms
	PeriodicalRunner.RunFnPeriodically - 1 total (0 active), Execution time: mean = 0.01ms, total = 0.01ms, Queueing time: mean = 0.00ms, max = 0.00ms, min = 0.00ms, total = 0.00ms

-----------------
Task Event stats:

IO Service Stats:

Global stats: 721 total (1 active)
Queueing time: mean = 0.03ms, max = 0.18ms, min = 0.01ms, total = 21.96ms
Execution time:  mean = 0.36ms, total = 257.13ms
Event stats:
	ray::rpc::TaskInfoGcsService.grpc_client.AddTaskEventData - 240 total (0 active), Execution time: mean = 0.80ms, total = 191.71ms, Queueing time: mean = 0.00ms, max = -0.00ms, min = 9223372036854.78ms, total = 0.00ms
	CoreWorker.deadline_timer.flush_task_events - 240 total (1 active), Execution time: mean = 0.23ms, total = 56.01ms, Queueing time: mean = 0.05ms, max = 0.12ms, min = 0.02ms, total = 12.64ms
	ray::rpc::TaskInfoGcsService.grpc_client.AddTaskEventData.OnReplyReceived - 240 total (0 active), Execution time: mean = 0.04ms, total = 9.21ms, Queueing time: mean = 0.04ms, max = 0.07ms, min = 0.01ms, total = 9.13ms
	PeriodicalRunner.RunFnPeriodically - 1 total (0 active), Execution time: mean = 0.20ms, total = 0.20ms, Queueing time: mean = 0.18ms, max = 0.18ms, min = 0.18ms, total = 0.18ms
Other Stats:
	gcs_grpc_in_progress:0
	event_aggregator_grpc_in_progress:0
	current number of task status events in buffer: 0
	current number of profile events in buffer: 0
	current number of dropped task attempts tracked: 0
	total task events sent: 0 MiB
	total number of task attempts sent: 0
	total number of task attempts dropped reported: 0
	total number of sent failure: 0
	num status task events dropped: 0
	num profile task events dropped: 0
	num ray task events reported to aggregator: 0
	num ray task events failed to report to aggregator: 0
	num of task attempts dropped reported to aggregator: 0
	num of failed requests to aggregator: 0

[2026-02-05 22:42:53,268 I 3799560 3799993] core_worker.cc:455: Event stats:


Global stats: 4367 total (8 active)
Queueing time: mean = 1.19ms, max = 1000.07ms, min = 0.01ms, total = 5178.20ms
Execution time:  mean = 0.09ms, total = 373.86ms
Event stats:
	CoreWorker.RecoverObjects - 2999 total (1 active), Execution time: mean = 0.01ms, total = 27.93ms, Queueing time: mean = 0.04ms, max = 0.11ms, min = 0.01ms, total = 131.43ms
	NodeManagerService.grpc_client.ReportWorkerBacklog - 300 total (0 active), Execution time: mean = 0.81ms, total = 243.69ms, Queueing time: mean = 0.00ms, max = -0.00ms, min = 9223372036854.78ms, total = 0.00ms
	NodeManagerService.grpc_client.ReportWorkerBacklog.OnReplyReceived - 300 total (0 active), Execution time: mean = 0.03ms, total = 9.31ms, Queueing time: mean = 0.04ms, max = 0.07ms, min = 0.01ms, total = 11.21ms
	CoreWorker.ExitIfParentRayletDies - 300 total (1 active), Execution time: mean = 0.01ms, total = 3.32ms, Queueing time: mean = 0.05ms, max = 0.10ms, min = 0.01ms, total = 13.65ms
	CoreWorker.InternalHeartbeat - 300 total (1 active), Execution time: mean = 0.21ms, total = 61.92ms, Queueing time: mean = 0.04ms, max = 0.08ms, min = 0.01ms, total = 13.28ms
	CoreWorker.RecordMetrics - 60 total (1 active), Execution time: mean = 0.07ms, total = 4.02ms, Queueing time: mean = 0.05ms, max = 0.09ms, min = 0.01ms, total = 2.83ms
	CoreWorker.TryDelPendingObjectRefStreams - 30 total (1 active), Execution time: mean = 0.01ms, total = 0.17ms, Queueing time: mean = 0.09ms, max = 0.56ms, min = 0.02ms, total = 2.70ms
	CoreWorkerService.grpc_server.GetCoreWorkerStats.HandleRequestImpl - 20 total (0 active), Execution time: mean = 0.09ms, total = 1.84ms, Queueing time: mean = 0.03ms, max = 0.06ms, min = 0.02ms, total = 0.55ms
	CoreWorkerService.grpc_server.GetCoreWorkerStats - 20 total (0 active), Execution time: mean = 0.32ms, total = 6.48ms, Queueing time: mean = 0.00ms, max = -0.00ms, min = 9223372036854.78ms, total = 0.00ms
	PeriodicalRunner.RunFnPeriodically - 7 total (0 active), Execution time: mean = 0.10ms, total = 0.69ms, Queueing time: mean = 0.26ms, max = 0.66ms, min = 0.01ms, total = 1.85ms
	ReporterService.grpc_client.HealthCheck.OnReplyReceived - 6 total (0 active), Execution time: mean = 0.11ms, total = 0.64ms, Queueing time: mean = 0.02ms, max = 0.03ms, min = 0.02ms, total = 0.13ms
	ReporterService.grpc_client.HealthCheck - 6 total (0 active), Execution time: mean = 0.89ms, total = 5.35ms, Queueing time: mean = 0.00ms, max = -0.00ms, min = 9223372036854.78ms, total = 0.00ms
	MetricsAgentClient.WaitForServerReadyWithRetry - 5 total (0 active), Execution time: mean = 0.16ms, total = 0.81ms, Queueing time: mean = 1000.03ms, max = 1000.07ms, min = 1000.02ms, total = 5000.17ms
	CoreWorker.PrintEventStats - 5 total (1 active, 1 running), Execution time: mean = 0.56ms, total = 2.80ms, Queueing time: mean = 0.03ms, max = 0.07ms, min = 0.02ms, total = 0.17ms
	Publisher.CheckDeadSubscribers - 2 total (1 active), Execution time: mean = 0.00ms, total = 0.01ms, Queueing time: mean = 0.01ms, max = 0.02ms, min = 0.02ms, total = 0.02ms
	ray::rpc::WorkerInfoGcsService.grpc_client.AddWorkerInfo.OnReplyReceived - 1 total (0 active), Execution time: mean = 0.02ms, total = 0.02ms, Queueing time: mean = 0.18ms, max = 0.18ms, min = 0.18ms, total = 0.18ms
	ray::rpc::NodeInfoGcsService.grpc_client.GetAllNodeAddressAndLiveness - 1 total (0 active), Execution time: mean = 1.60ms, total = 1.60ms, Queueing time: mean = 0.00ms, max = -0.00ms, min = 9223372036854.78ms, total = 0.00ms
	ray::rpc::InternalPubSubGcsService.grpc_client.GcsSubscriberPoll - 1 total (1 active), Execution time: mean = 0.00ms, total = 0.00ms, Queueing time: mean = 0.00ms, max = -0.00ms, min = 9223372036854.78ms, total = 0.00ms
	ray::rpc::InternalPubSubGcsService.grpc_client.GcsSubscriberCommandBatch.OnReplyReceived - 1 total (0 active), Execution time: mean = 0.17ms, total = 0.17ms, Queueing time: mean = 0.02ms, max = 0.02ms, min = 0.02ms, total = 0.02ms
	ray::rpc::WorkerInfoGcsService.grpc_client.AddWorkerInfo - 1 total (0 active), Execution time: mean = 1.59ms, total = 1.59ms, Queueing time: mean = 0.00ms, max = -0.00ms, min = 9223372036854.78ms, total = 0.00ms
	ray::rpc::NodeInfoGcsService.grpc_client.GetAllNodeAddressAndLiveness.OnReplyReceived - 1 total (0 active), Execution time: mean = 0.07ms, total = 0.07ms, Queueing time: mean = 0.01ms, max = 0.01ms, min = 0.01ms, total = 0.01ms
	ray::rpc::InternalPubSubGcsService.grpc_client.GcsSubscriberCommandBatch - 1 total (0 active), Execution time: mean = 1.42ms, total = 1.42ms, Queueing time: mean = 0.00ms, max = -0.00ms, min = 9223372036854.78ms, total = 0.00ms

-----------------
Task execution event stats:

Global stats: 29820 total (1 active)
Queueing time: mean = 0.05ms, max = 10.14ms, min = 0.00ms, total = 1491.04ms
Execution time:  mean = 0.02ms, total = 463.11ms
Event stats:
	CoreWorker.CheckSignal - 29819 total (1 active), Execution time: mean = 0.02ms, total = 463.10ms, Queueing time: mean = 0.05ms, max = 10.14ms, min = 0.00ms, total = 1491.04ms
	PeriodicalRunner.RunFnPeriodically - 1 total (0 active), Execution time: mean = 0.01ms, total = 0.01ms, Queueing time: mean = 0.00ms, max = 0.00ms, min = 0.00ms, total = 0.00ms

-----------------
Task Event stats:

IO Service Stats:

Global stats: 901 total (1 active)
Queueing time: mean = 0.03ms, max = 0.18ms, min = 0.01ms, total = 27.67ms
Execution time:  mean = 0.35ms, total = 319.24ms
Event stats:
	ray::rpc::TaskInfoGcsService.grpc_client.AddTaskEventData - 300 total (0 active), Execution time: mean = 0.79ms, total = 238.22ms, Queueing time: mean = 0.00ms, max = -0.00ms, min = 9223372036854.78ms, total = 0.00ms
	CoreWorker.deadline_timer.flush_task_events - 300 total (1 active), Execution time: mean = 0.23ms, total = 69.33ms, Queueing time: mean = 0.05ms, max = 0.12ms, min = 0.02ms, total = 16.06ms
	ray::rpc::TaskInfoGcsService.grpc_client.AddTaskEventData.OnReplyReceived - 300 total (0 active), Execution time: mean = 0.04ms, total = 11.50ms, Queueing time: mean = 0.04ms, max = 0.07ms, min = 0.01ms, total = 11.43ms
	PeriodicalRunner.RunFnPeriodically - 1 total (0 active), Execution time: mean = 0.20ms, total = 0.20ms, Queueing time: mean = 0.18ms, max = 0.18ms, min = 0.18ms, total = 0.18ms
Other Stats:
	gcs_grpc_in_progress:0
	event_aggregator_grpc_in_progress:0
	current number of task status events in buffer: 0
	current number of profile events in buffer: 0
	current number of dropped task attempts tracked: 0
	total task events sent: 0 MiB
	total number of task attempts sent: 0
	total number of task attempts dropped reported: 0
	total number of sent failure: 0
	num status task events dropped: 0
	num profile task events dropped: 0
	num ray task events reported to aggregator: 0
	num ray task events failed to report to aggregator: 0
	num of task attempts dropped reported to aggregator: 0
	num of failed requests to aggregator: 0

[2026-02-05 22:43:53,269 I 3799560 3799993] core_worker.cc:455: Event stats:


Global stats: 5234 total (8 active)
Queueing time: mean = 1.00ms, max = 1000.07ms, min = 0.01ms, total = 5214.24ms
Execution time:  mean = 0.09ms, total = 447.09ms
Event stats:
	CoreWorker.RecoverObjects - 3599 total (1 active), Execution time: mean = 0.01ms, total = 33.24ms, Queueing time: mean = 0.04ms, max = 0.90ms, min = 0.01ms, total = 158.55ms
	NodeManagerService.grpc_client.ReportWorkerBacklog - 360 total (0 active), Execution time: mean = 0.82ms, total = 293.57ms, Queueing time: mean = 0.00ms, max = -0.00ms, min = 9223372036854.78ms, total = 0.00ms
	NodeManagerService.grpc_client.ReportWorkerBacklog.OnReplyReceived - 360 total (0 active), Execution time: mean = 0.03ms, total = 11.24ms, Queueing time: mean = 0.04ms, max = 0.07ms, min = 0.01ms, total = 13.30ms
	CoreWorker.ExitIfParentRayletDies - 360 total (1 active), Execution time: mean = 0.01ms, total = 3.99ms, Queueing time: mean = 0.05ms, max = 0.10ms, min = 0.01ms, total = 16.26ms
	CoreWorker.InternalHeartbeat - 360 total (1 active), Execution time: mean = 0.21ms, total = 74.18ms, Queueing time: mean = 0.04ms, max = 0.08ms, min = 0.01ms, total = 15.96ms
	CoreWorker.RecordMetrics - 72 total (1 active), Execution time: mean = 0.07ms, total = 4.82ms, Queueing time: mean = 0.05ms, max = 0.09ms, min = 0.01ms, total = 3.45ms
	CoreWorker.TryDelPendingObjectRefStreams - 36 total (1 active), Execution time: mean = 0.01ms, total = 0.20ms, Queueing time: mean = 0.10ms, max = 0.56ms, min = 0.02ms, total = 3.44ms
	CoreWorkerService.grpc_server.GetCoreWorkerStats.HandleRequestImpl - 24 total (0 active), Execution time: mean = 0.09ms, total = 2.25ms, Queueing time: mean = 0.03ms, max = 0.06ms, min = 0.02ms, total = 0.65ms
	CoreWorkerService.grpc_server.GetCoreWorkerStats - 24 total (0 active), Execution time: mean = 0.32ms, total = 7.74ms, Queueing time: mean = 0.00ms, max = -0.00ms, min = 9223372036854.78ms, total = 0.00ms
	PeriodicalRunner.RunFnPeriodically - 7 total (0 active), Execution time: mean = 0.10ms, total = 0.69ms, Queueing time: mean = 0.26ms, max = 0.66ms, min = 0.01ms, total = 1.85ms
	ReporterService.grpc_client.HealthCheck.OnReplyReceived - 6 total (0 active), Execution time: mean = 0.11ms, total = 0.64ms, Queueing time: mean = 0.02ms, max = 0.03ms, min = 0.02ms, total = 0.13ms
	CoreWorker.PrintEventStats - 6 total (1 active, 1 running), Execution time: mean = 0.59ms, total = 3.52ms, Queueing time: mean = 0.04ms, max = 0.07ms, min = 0.02ms, total = 0.24ms
	ReporterService.grpc_client.HealthCheck - 6 total (0 active), Execution time: mean = 0.89ms, total = 5.35ms, Queueing time: mean = 0.00ms, max = -0.00ms, min = 9223372036854.78ms, total = 0.00ms
	MetricsAgentClient.WaitForServerReadyWithRetry - 5 total (0 active), Execution time: mean = 0.16ms, total = 0.81ms, Queueing time: mean = 1000.03ms, max = 1000.07ms, min = 1000.02ms, total = 5000.17ms
	Publisher.CheckDeadSubscribers - 2 total (1 active), Execution time: mean = 0.00ms, total = 0.01ms, Queueing time: mean = 0.01ms, max = 0.02ms, min = 0.02ms, total = 0.02ms
	ray::rpc::NodeInfoGcsService.grpc_client.GetAllNodeAddressAndLiveness - 1 total (0 active), Execution time: mean = 1.60ms, total = 1.60ms, Queueing time: mean = 0.00ms, max = -0.00ms, min = 9223372036854.78ms, total = 0.00ms
	ray::rpc::InternalPubSubGcsService.grpc_client.GcsSubscriberPoll - 1 total (1 active), Execution time: mean = 0.00ms, total = 0.00ms, Queueing time: mean = 0.00ms, max = -0.00ms, min = 9223372036854.78ms, total = 0.00ms
	ray::rpc::InternalPubSubGcsService.grpc_client.GcsSubscriberCommandBatch.OnReplyReceived - 1 total (0 active), Execution time: mean = 0.17ms, total = 0.17ms, Queueing time: mean = 0.02ms, max = 0.02ms, min = 0.02ms, total = 0.02ms
	ray::rpc::WorkerInfoGcsService.grpc_client.AddWorkerInfo.OnReplyReceived - 1 total (0 active), Execution time: mean = 0.02ms, total = 0.02ms, Queueing time: mean = 0.18ms, max = 0.18ms, min = 0.18ms, total = 0.18ms
	ray::rpc::NodeInfoGcsService.grpc_client.GetAllNodeAddressAndLiveness.OnReplyReceived - 1 total (0 active), Execution time: mean = 0.07ms, total = 0.07ms, Queueing time: mean = 0.01ms, max = 0.01ms, min = 0.01ms, total = 0.01ms
	ray::rpc::WorkerInfoGcsService.grpc_client.AddWorkerInfo - 1 total (0 active), Execution time: mean = 1.59ms, total = 1.59ms, Queueing time: mean = 0.00ms, max = -0.00ms, min = 9223372036854.78ms, total = 0.00ms
	ray::rpc::InternalPubSubGcsService.grpc_client.GcsSubscriberCommandBatch - 1 total (0 active), Execution time: mean = 1.42ms, total = 1.42ms, Queueing time: mean = 0.00ms, max = -0.00ms, min = 9223372036854.78ms, total = 0.00ms

-----------------
Task execution event stats:

Global stats: 35791 total (1 active)
Queueing time: mean = 0.05ms, max = 10.14ms, min = -0.00ms, total = 1726.31ms
Execution time:  mean = 0.02ms, total = 556.72ms
Event stats:
	CoreWorker.CheckSignal - 35790 total (1 active), Execution time: mean = 0.02ms, total = 556.71ms, Queueing time: mean = 0.05ms, max = 10.14ms, min = -0.00ms, total = 1726.31ms
	PeriodicalRunner.RunFnPeriodically - 1 total (0 active), Execution time: mean = 0.01ms, total = 0.01ms, Queueing time: mean = 0.00ms, max = 0.00ms, min = 0.00ms, total = 0.00ms

-----------------
Task Event stats:

IO Service Stats:

Global stats: 1081 total (1 active)
Queueing time: mean = 0.03ms, max = 0.18ms, min = 0.01ms, total = 33.25ms
Execution time:  mean = 0.35ms, total = 382.35ms
Event stats:
	ray::rpc::TaskInfoGcsService.grpc_client.AddTaskEventData - 360 total (0 active), Execution time: mean = 0.79ms, total = 285.64ms, Queueing time: mean = 0.00ms, max = -0.00ms, min = 9223372036854.78ms, total = 0.00ms
	CoreWorker.deadline_timer.flush_task_events - 360 total (1 active), Execution time: mean = 0.23ms, total = 82.69ms, Queueing time: mean = 0.05ms, max = 0.12ms, min = 0.02ms, total = 19.11ms
	ray::rpc::TaskInfoGcsService.grpc_client.AddTaskEventData.OnReplyReceived - 360 total (0 active), Execution time: mean = 0.04ms, total = 13.82ms, Queueing time: mean = 0.04ms, max = 0.07ms, min = 0.01ms, total = 13.96ms
	PeriodicalRunner.RunFnPeriodically - 1 total (0 active), Execution time: mean = 0.20ms, total = 0.20ms, Queueing time: mean = 0.18ms, max = 0.18ms, min = 0.18ms, total = 0.18ms
Other Stats:
	gcs_grpc_in_progress:0
	event_aggregator_grpc_in_progress:0
	current number of task status events in buffer: 0
	current number of profile events in buffer: 0
	current number of dropped task attempts tracked: 0
	total task events sent: 0 MiB
	total number of task attempts sent: 0
	total number of task attempts dropped reported: 0
	total number of sent failure: 0
	num status task events dropped: 0
	num profile task events dropped: 0
	num ray task events reported to aggregator: 0
	num ray task events failed to report to aggregator: 0
	num of task attempts dropped reported to aggregator: 0
	num of failed requests to aggregator: 0

[2026-02-05 22:44:53,269 I 3799560 3799993] core_worker.cc:455: Event stats:


Global stats: 6100 total (8 active)
Queueing time: mean = 0.86ms, max = 1000.07ms, min = 0.01ms, total = 5253.08ms
Execution time:  mean = 0.09ms, total = 520.28ms
Event stats:
	CoreWorker.RecoverObjects - 4198 total (1 active), Execution time: mean = 0.01ms, total = 38.51ms, Queueing time: mean = 0.04ms, max = 0.90ms, min = 0.01ms, total = 187.37ms
	NodeManagerService.grpc_client.ReportWorkerBacklog - 420 total (0 active), Execution time: mean = 0.82ms, total = 343.77ms, Queueing time: mean = 0.00ms, max = -0.00ms, min = 9223372036854.78ms, total = 0.00ms
	NodeManagerService.grpc_client.ReportWorkerBacklog.OnReplyReceived - 420 total (0 active), Execution time: mean = 0.03ms, total = 13.17ms, Queueing time: mean = 0.04ms, max = 0.07ms, min = 0.01ms, total = 15.82ms
	CoreWorker.ExitIfParentRayletDies - 420 total (1 active), Execution time: mean = 0.01ms, total = 4.64ms, Queueing time: mean = 0.05ms, max = 0.10ms, min = 0.01ms, total = 19.34ms
	CoreWorker.InternalHeartbeat - 420 total (1 active), Execution time: mean = 0.20ms, total = 85.89ms, Queueing time: mean = 0.04ms, max = 0.08ms, min = 0.01ms, total = 18.83ms
	CoreWorker.RecordMetrics - 84 total (1 active), Execution time: mean = 0.07ms, total = 5.64ms, Queueing time: mean = 0.05ms, max = 0.09ms, min = 0.01ms, total = 3.99ms
	CoreWorker.TryDelPendingObjectRefStreams - 42 total (1 active), Execution time: mean = 0.01ms, total = 0.24ms, Queueing time: mean = 0.10ms, max = 0.56ms, min = 0.02ms, total = 4.23ms
	CoreWorkerService.grpc_server.GetCoreWorkerStats.HandleRequestImpl - 28 total (0 active), Execution time: mean = 0.09ms, total = 2.62ms, Queueing time: mean = 0.03ms, max = 0.07ms, min = 0.02ms, total = 0.81ms
	CoreWorkerService.grpc_server.GetCoreWorkerStats - 28 total (0 active), Execution time: mean = 0.33ms, total = 9.23ms, Queueing time: mean = 0.00ms, max = -0.00ms, min = 9223372036854.78ms, total = 0.00ms
	PeriodicalRunner.RunFnPeriodically - 7 total (0 active), Execution time: mean = 0.10ms, total = 0.69ms, Queueing time: mean = 0.26ms, max = 0.66ms, min = 0.01ms, total = 1.85ms
	CoreWorker.PrintEventStats - 7 total (1 active, 1 running), Execution time: mean = 0.60ms, total = 4.22ms, Queueing time: mean = 0.04ms, max = 0.07ms, min = 0.02ms, total = 0.30ms
	ReporterService.grpc_client.HealthCheck.OnReplyReceived - 6 total (0 active), Execution time: mean = 0.11ms, total = 0.64ms, Queueing time: mean = 0.02ms, max = 0.03ms, min = 0.02ms, total = 0.13ms
	ReporterService.grpc_client.HealthCheck - 6 total (0 active), Execution time: mean = 0.89ms, total = 5.35ms, Queueing time: mean = 0.00ms, max = -0.00ms, min = 9223372036854.78ms, total = 0.00ms
	MetricsAgentClient.WaitForServerReadyWithRetry - 5 total (0 active), Execution time: mean = 0.16ms, total = 0.81ms, Queueing time: mean = 1000.03ms, max = 1000.07ms, min = 1000.02ms, total = 5000.17ms
	Publisher.CheckDeadSubscribers - 2 total (1 active), Execution time: mean = 0.00ms, total = 0.01ms, Queueing time: mean = 0.01ms, max = 0.02ms, min = 0.02ms, total = 0.02ms
	ray::rpc::NodeInfoGcsService.grpc_client.GetAllNodeAddressAndLiveness - 1 total (0 active), Execution time: mean = 1.60ms, total = 1.60ms, Queueing time: mean = 0.00ms, max = -0.00ms, min = 9223372036854.78ms, total = 0.00ms
	ray::rpc::InternalPubSubGcsService.grpc_client.GcsSubscriberPoll - 1 total (1 active), Execution time: mean = 0.00ms, total = 0.00ms, Queueing time: mean = 0.00ms, max = -0.00ms, min = 9223372036854.78ms, total = 0.00ms
	ray::rpc::InternalPubSubGcsService.grpc_client.GcsSubscriberCommandBatch.OnReplyReceived - 1 total (0 active), Execution time: mean = 0.17ms, total = 0.17ms, Queueing time: mean = 0.02ms, max = 0.02ms, min = 0.02ms, total = 0.02ms
	ray::rpc::WorkerInfoGcsService.grpc_client.AddWorkerInfo.OnReplyReceived - 1 total (0 active), Execution time: mean = 0.02ms, total = 0.02ms, Queueing time: mean = 0.18ms, max = 0.18ms, min = 0.18ms, total = 0.18ms
	ray::rpc::NodeInfoGcsService.grpc_client.GetAllNodeAddressAndLiveness.OnReplyReceived - 1 total (0 active), Execution time: mean = 0.07ms, total = 0.07ms, Queueing time: mean = 0.01ms, max = 0.01ms, min = 0.01ms, total = 0.01ms
	ray::rpc::WorkerInfoGcsService.grpc_client.AddWorkerInfo - 1 total (0 active), Execution time: mean = 1.59ms, total = 1.59ms, Queueing time: mean = 0.00ms, max = -0.00ms, min = 9223372036854.78ms, total = 0.00ms
	ray::rpc::InternalPubSubGcsService.grpc_client.GcsSubscriberCommandBatch - 1 total (0 active), Execution time: mean = 1.42ms, total = 1.42ms, Queueing time: mean = 0.00ms, max = -0.00ms, min = 9223372036854.78ms, total = 0.00ms

-----------------
Task execution event stats:

Global stats: 41759 total (1 active)
Queueing time: mean = 0.05ms, max = 10.14ms, min = -0.01ms, total = 1980.67ms
Execution time:  mean = 0.02ms, total = 650.98ms
Event stats:
	CoreWorker.CheckSignal - 41758 total (1 active), Execution time: mean = 0.02ms, total = 650.97ms, Queueing time: mean = 0.05ms, max = 10.14ms, min = -0.01ms, total = 1980.66ms
	PeriodicalRunner.RunFnPeriodically - 1 total (0 active), Execution time: mean = 0.01ms, total = 0.01ms, Queueing time: mean = 0.00ms, max = 0.00ms, min = 0.00ms, total = 0.00ms

-----------------
Task Event stats:

IO Service Stats:

Global stats: 1261 total (1 active)
Queueing time: mean = 0.03ms, max = 0.18ms, min = 0.01ms, total = 38.22ms
Execution time:  mean = 0.35ms, total = 447.61ms
Event stats:
	ray::rpc::TaskInfoGcsService.grpc_client.AddTaskEventData - 420 total (0 active), Execution time: mean = 0.80ms, total = 334.09ms, Queueing time: mean = 0.00ms, max = -0.00ms, min = 9223372036854.78ms, total = 0.00ms
	CoreWorker.deadline_timer.flush_task_events - 420 total (1 active), Execution time: mean = 0.23ms, total = 97.03ms, Queueing time: mean = 0.05ms, max = 0.12ms, min = 0.02ms, total = 21.98ms
	ray::rpc::TaskInfoGcsService.grpc_client.AddTaskEventData.OnReplyReceived - 420 total (0 active), Execution time: mean = 0.04ms, total = 16.29ms, Queueing time: mean = 0.04ms, max = 0.08ms, min = 0.01ms, total = 16.05ms
	PeriodicalRunner.RunFnPeriodically - 1 total (0 active), Execution time: mean = 0.20ms, total = 0.20ms, Queueing time: mean = 0.18ms, max = 0.18ms, min = 0.18ms, total = 0.18ms
Other Stats:
	gcs_grpc_in_progress:0
	event_aggregator_grpc_in_progress:0
	current number of task status events in buffer: 0
	current number of profile events in buffer: 0
	current number of dropped task attempts tracked: 0
	total task events sent: 0 MiB
	total number of task attempts sent: 0
	total number of task attempts dropped reported: 0
	total number of sent failure: 0
	num status task events dropped: 0
	num profile task events dropped: 0
	num ray task events reported to aggregator: 0
	num ray task events failed to report to aggregator: 0
	num of task attempts dropped reported to aggregator: 0
	num of failed requests to aggregator: 0

