[2026-02-05 22:37:53,557 I 3799592 3799592] core_worker_process.cc:777: Constructing CoreWorkerProcess. pid: 3799592
[2026-02-05 22:37:53,560 I 3799592 3799592] event.cc:499: Ray Event initialized for CORE_WORKER
[2026-02-05 22:37:53,560 I 3799592 3799592] event.cc:499: Ray Event initialized for EXPORT_TASK
[2026-02-05 22:37:53,560 I 3799592 3799592] event.cc:332: Set ray event level to warning
[2026-02-05 22:37:53,560 I 3799592 3799592] event_aggregator_client.h:50: Initiating the local event aggregator client with port: 60205
[2026-02-05 22:37:53,563 I 3799592 3799592] grpc_server.cc:143: worker server started, listening on port 37311.
[2026-02-05 22:37:53,575 I 3799592 3799592] core_worker_process.cc:262: Initializing worker at address: 172.28.6.5:37311 worker_id=1c8e6b41489815a21460b1f80c5f7fea5e9a8e5c7b69e16b1b47e406 node_id=b3bb8abc1f3b5e31c1983b0b01387a7d867173fb9fdbf495e20a7a7c
[2026-02-05 22:37:53,576 I 3799592 3799592] task_event_buffer.cc:480: Reporting task events to GCS every 1000ms.
[2026-02-05 22:37:53,577 I 3799592 3799592] core_worker.cc:515: Adjusted worker niceness to 15
[2026-02-05 22:37:53,577 I 3799592 3799592] metrics_agent_client.cc:45: Initializing exporter ...
[2026-02-05 22:37:53,577 I 3799592 3801749] core_worker.cc:455: Event stats:


Global stats: 12 total (10 active)
Queueing time: mean = 0.00ms, max = 0.02ms, min = 0.01ms, total = 0.03ms
Execution time:  mean = 0.00ms, total = 0.05ms
Event stats:
	PeriodicalRunner.RunFnPeriodically - 7 total (5 active, 1 running), Execution time: mean = 0.01ms, total = 0.05ms, Queueing time: mean = 0.00ms, max = 0.02ms, min = 0.01ms, total = 0.03ms
	CoreWorker.ExitIfParentRayletDies - 1 total (1 active), Execution time: mean = 0.00ms, total = 0.00ms, Queueing time: mean = 0.00ms, max = -0.00ms, min = 9223372036854.78ms, total = 0.00ms
	Publisher.CheckDeadSubscribers - 1 total (1 active), Execution time: mean = 0.00ms, total = 0.00ms, Queueing time: mean = 0.00ms, max = -0.00ms, min = 9223372036854.78ms, total = 0.00ms
	ray::rpc::WorkerInfoGcsService.grpc_client.AddWorkerInfo - 1 total (1 active), Execution time: mean = 0.00ms, total = 0.00ms, Queueing time: mean = 0.00ms, max = -0.00ms, min = 9223372036854.78ms, total = 0.00ms
	ray::rpc::InternalPubSubGcsService.grpc_client.GcsSubscriberCommandBatch - 1 total (1 active), Execution time: mean = 0.00ms, total = 0.00ms, Queueing time: mean = 0.00ms, max = -0.00ms, min = 9223372036854.78ms, total = 0.00ms
	ray::rpc::InternalPubSubGcsService.grpc_client.GcsSubscriberPoll - 1 total (1 active), Execution time: mean = 0.00ms, total = 0.00ms, Queueing time: mean = 0.00ms, max = -0.00ms, min = 9223372036854.78ms, total = 0.00ms

-----------------
Task execution event stats:

Global stats: 0 total (0 active)
Queueing time: mean = -nanms, max = -0.00ms, min = 9223372036854.78ms, total = 0.00ms
Execution time:  mean = -nanms, total = 0.00ms
Event stats:

-----------------
Task Event stats:

IO Service Stats:

Global stats: 4 total (1 active)
Queueing time: mean = 0.01ms, max = 0.01ms, min = 0.01ms, total = 0.02ms
Execution time:  mean = 0.25ms, total = 0.99ms
Event stats:
	ray::rpc::TaskInfoGcsService.grpc_client.AddTaskEventData - 1 total (0 active), Execution time: mean = 0.67ms, total = 0.67ms, Queueing time: mean = 0.00ms, max = -0.00ms, min = 9223372036854.78ms, total = 0.00ms
	CoreWorker.deadline_timer.flush_task_events - 1 total (1 active), Execution time: mean = 0.00ms, total = 0.00ms, Queueing time: mean = 0.00ms, max = -0.00ms, min = 9223372036854.78ms, total = 0.00ms
	PeriodicalRunner.RunFnPeriodically - 1 total (0 active), Execution time: mean = 0.29ms, total = 0.29ms, Queueing time: mean = 0.01ms, max = 0.01ms, min = 0.01ms, total = 0.01ms
	ray::rpc::TaskInfoGcsService.grpc_client.AddTaskEventData.OnReplyReceived - 1 total (0 active), Execution time: mean = 0.03ms, total = 0.03ms, Queueing time: mean = 0.01ms, max = 0.01ms, min = 0.01ms, total = 0.01ms
Other Stats:
	gcs_grpc_in_progress:0
	event_aggregator_grpc_in_progress:0
	current number of task status events in buffer: 0
	current number of profile events in buffer: 0
	current number of dropped task attempts tracked: 0
	total task events sent: 0 MiB
	total number of task attempts sent: 0
	total number of task attempts dropped reported: 0
	total number of sent failure: 0
	num status task events dropped: 0
	num profile task events dropped: 0
	num ray task events reported to aggregator: 0
	num ray task events failed to report to aggregator: 0
	num of task attempts dropped reported to aggregator: 0
	num of failed requests to aggregator: 0

[2026-02-05 22:37:53,579 I 3799592 3801749] accessor.cc:433: Received address and liveness notification for node, IsAlive = 1 node_id=b3bb8abc1f3b5e31c1983b0b01387a7d867173fb9fdbf495e20a7a7c
[2026-02-05 22:37:53,579 I 3799592 3801749] normal_task_submitter.cc:840: Number of alive nodes:1
[2026-02-05 22:37:57,950 I 3799592 3801749] metrics_agent_client.cc:59: Exporter initialized.
[2026-02-05 22:38:53,578 I 3799592 3801749] core_worker.cc:455: Event stats:


Global stats: 896 total (8 active)
Queueing time: mean = 4.51ms, max = 1000.07ms, min = 0.01ms, total = 4039.77ms
Execution time:  mean = 0.50ms, total = 445.80ms
Event stats:
	CoreWorker.RecoverObjects - 600 total (1 active), Execution time: mean = 0.01ms, total = 5.65ms, Queueing time: mean = 0.04ms, max = 0.08ms, min = 0.01ms, total = 24.14ms
	CoreWorker.InternalHeartbeat - 60 total (1 active), Execution time: mean = 0.19ms, total = 11.23ms, Queueing time: mean = 0.04ms, max = 0.07ms, min = 0.01ms, total = 2.31ms
	NodeManagerService.grpc_client.ReportWorkerBacklog - 60 total (0 active), Execution time: mean = 0.78ms, total = 46.85ms, Queueing time: mean = 0.00ms, max = -0.00ms, min = 9223372036854.78ms, total = 0.00ms
	CoreWorker.ExitIfParentRayletDies - 60 total (1 active), Execution time: mean = 0.01ms, total = 0.69ms, Queueing time: mean = 0.04ms, max = 0.08ms, min = 0.01ms, total = 2.35ms
	NodeManagerService.grpc_client.ReportWorkerBacklog.OnReplyReceived - 60 total (0 active), Execution time: mean = 0.03ms, total = 1.65ms, Queueing time: mean = 0.07ms, max = 2.33ms, min = 0.01ms, total = 4.29ms
	CoreWorker.RecordMetrics - 12 total (1 active), Execution time: mean = 0.05ms, total = 0.62ms, Queueing time: mean = 0.03ms, max = 0.06ms, min = 0.01ms, total = 0.35ms
	PeriodicalRunner.RunFnPeriodically - 7 total (0 active), Execution time: mean = 0.19ms, total = 1.34ms, Queueing time: mean = 0.53ms, max = 1.32ms, min = 0.01ms, total = 3.71ms
	CoreWorker.TryDelPendingObjectRefStreams - 6 total (1 active), Execution time: mean = 0.00ms, total = 0.03ms, Queueing time: mean = 0.02ms, max = 0.03ms, min = 0.01ms, total = 0.12ms
	ReporterService.grpc_client.HealthCheck.OnReplyReceived - 5 total (0 active), Execution time: mean = 0.12ms, total = 0.62ms, Queueing time: mean = 0.03ms, max = 0.05ms, min = 0.02ms, total = 0.17ms
	ReporterService.grpc_client.HealthCheck - 5 total (0 active), Execution time: mean = 74.43ms, total = 372.17ms, Queueing time: mean = 0.00ms, max = -0.00ms, min = 9223372036854.78ms, total = 0.00ms
	CoreWorkerService.grpc_server.GetCoreWorkerStats.HandleRequestImpl - 4 total (0 active), Execution time: mean = 0.12ms, total = 0.47ms, Queueing time: mean = 0.03ms, max = 0.03ms, min = 0.02ms, total = 0.10ms
	MetricsAgentClient.WaitForServerReadyWithRetry - 4 total (0 active), Execution time: mean = 0.20ms, total = 0.80ms, Queueing time: mean = 1000.05ms, max = 1000.07ms, min = 1000.03ms, total = 4000.21ms
	CoreWorkerService.grpc_server.GetCoreWorkerStats - 4 total (0 active), Execution time: mean = 0.34ms, total = 1.38ms, Queueing time: mean = 0.00ms, max = -0.00ms, min = 9223372036854.78ms, total = 0.00ms
	ray::rpc::NodeInfoGcsService.grpc_client.GetAllNodeAddressAndLiveness - 1 total (0 active), Execution time: mean = 0.63ms, total = 0.63ms, Queueing time: mean = 0.00ms, max = -0.00ms, min = 9223372036854.78ms, total = 0.00ms
	ray::rpc::WorkerInfoGcsService.grpc_client.AddWorkerInfo - 1 total (0 active), Execution time: mean = 0.58ms, total = 0.58ms, Queueing time: mean = 0.00ms, max = -0.00ms, min = 9223372036854.78ms, total = 0.00ms
	ray::rpc::WorkerInfoGcsService.grpc_client.AddWorkerInfo.OnReplyReceived - 1 total (0 active), Execution time: mean = 0.05ms, total = 0.05ms, Queueing time: mean = 1.06ms, max = 1.06ms, min = 1.06ms, total = 1.06ms
	ray::rpc::NodeInfoGcsService.grpc_client.GetAllNodeAddressAndLiveness.OnReplyReceived - 1 total (0 active), Execution time: mean = 0.12ms, total = 0.12ms, Queueing time: mean = 0.01ms, max = 0.01ms, min = 0.01ms, total = 0.01ms
	CoreWorker.PrintEventStats - 1 total (1 active, 1 running), Execution time: mean = 0.00ms, total = 0.00ms, Queueing time: mean = 0.00ms, max = -0.00ms, min = 9223372036854.78ms, total = 0.00ms
	ray::rpc::InternalPubSubGcsService.grpc_client.GcsSubscriberCommandBatch - 1 total (0 active), Execution time: mean = 0.65ms, total = 0.65ms, Queueing time: mean = 0.00ms, max = -0.00ms, min = 9223372036854.78ms, total = 0.00ms
	ray::rpc::InternalPubSubGcsService.grpc_client.GcsSubscriberPoll - 1 total (1 active), Execution time: mean = 0.00ms, total = 0.00ms, Queueing time: mean = 0.00ms, max = -0.00ms, min = 9223372036854.78ms, total = 0.00ms
	ray::rpc::InternalPubSubGcsService.grpc_client.GcsSubscriberCommandBatch.OnReplyReceived - 1 total (0 active), Execution time: mean = 0.27ms, total = 0.27ms, Queueing time: mean = 0.93ms, max = 0.93ms, min = 0.93ms, total = 0.93ms
	Publisher.CheckDeadSubscribers - 1 total (1 active), Execution time: mean = 0.00ms, total = 0.00ms, Queueing time: mean = 0.00ms, max = -0.00ms, min = 9223372036854.78ms, total = 0.00ms

-----------------
Task execution event stats:

Global stats: 5960 total (1 active)
Queueing time: mean = 0.06ms, max = 8.56ms, min = -0.01ms, total = 357.98ms
Execution time:  mean = 0.01ms, total = 88.78ms
Event stats:
	CoreWorker.CheckSignal - 5959 total (1 active), Execution time: mean = 0.01ms, total = 88.77ms, Queueing time: mean = 0.06ms, max = 8.56ms, min = -0.01ms, total = 357.97ms
	PeriodicalRunner.RunFnPeriodically - 1 total (0 active), Execution time: mean = 0.01ms, total = 0.01ms, Queueing time: mean = 0.01ms, max = 0.01ms, min = 0.01ms, total = 0.01ms

-----------------
Task Event stats:

IO Service Stats:

Global stats: 181 total (1 active)
Queueing time: mean = 0.02ms, max = 0.10ms, min = 0.01ms, total = 3.91ms
Execution time:  mean = 0.33ms, total = 60.51ms
Event stats:
	ray::rpc::TaskInfoGcsService.grpc_client.AddTaskEventData - 60 total (0 active), Execution time: mean = 0.73ms, total = 43.91ms, Queueing time: mean = 0.00ms, max = -0.00ms, min = 9223372036854.78ms, total = 0.00ms
	CoreWorker.deadline_timer.flush_task_events - 60 total (1 active), Execution time: mean = 0.24ms, total = 14.21ms, Queueing time: mean = 0.04ms, max = 0.10ms, min = 0.02ms, total = 2.38ms
	ray::rpc::TaskInfoGcsService.grpc_client.AddTaskEventData.OnReplyReceived - 60 total (0 active), Execution time: mean = 0.04ms, total = 2.11ms, Queueing time: mean = 0.03ms, max = 0.06ms, min = 0.01ms, total = 1.53ms
	PeriodicalRunner.RunFnPeriodically - 1 total (0 active), Execution time: mean = 0.29ms, total = 0.29ms, Queueing time: mean = 0.01ms, max = 0.01ms, min = 0.01ms, total = 0.01ms
Other Stats:
	gcs_grpc_in_progress:0
	event_aggregator_grpc_in_progress:0
	current number of task status events in buffer: 0
	current number of profile events in buffer: 0
	current number of dropped task attempts tracked: 0
	total task events sent: 0 MiB
	total number of task attempts sent: 0
	total number of task attempts dropped reported: 0
	total number of sent failure: 0
	num status task events dropped: 0
	num profile task events dropped: 0
	num ray task events reported to aggregator: 0
	num ray task events failed to report to aggregator: 0
	num of task attempts dropped reported to aggregator: 0
	num of failed requests to aggregator: 0

[2026-02-05 22:39:53,579 I 3799592 3801749] core_worker.cc:455: Event stats:


Global stats: 1763 total (8 active)
Queueing time: mean = 2.31ms, max = 1000.07ms, min = 0.01ms, total = 4072.90ms
Execution time:  mean = 0.29ms, total = 518.25ms
Event stats:
	CoreWorker.RecoverObjects - 1200 total (1 active), Execution time: mean = 0.01ms, total = 11.39ms, Queueing time: mean = 0.04ms, max = 0.10ms, min = 0.01ms, total = 49.61ms
	CoreWorker.InternalHeartbeat - 120 total (1 active), Execution time: mean = 0.20ms, total = 23.89ms, Queueing time: mean = 0.04ms, max = 0.07ms, min = 0.01ms, total = 4.59ms
	NodeManagerService.grpc_client.ReportWorkerBacklog - 120 total (0 active), Execution time: mean = 0.79ms, total = 95.15ms, Queueing time: mean = 0.00ms, max = -0.00ms, min = 9223372036854.78ms, total = 0.00ms
	NodeManagerService.grpc_client.ReportWorkerBacklog.OnReplyReceived - 120 total (0 active), Execution time: mean = 0.03ms, total = 3.53ms, Queueing time: mean = 0.05ms, max = 2.33ms, min = 0.01ms, total = 6.37ms
	CoreWorker.ExitIfParentRayletDies - 120 total (1 active), Execution time: mean = 0.01ms, total = 1.39ms, Queueing time: mean = 0.04ms, max = 0.10ms, min = 0.01ms, total = 4.69ms
	CoreWorker.RecordMetrics - 24 total (1 active), Execution time: mean = 0.06ms, total = 1.45ms, Queueing time: mean = 0.04ms, max = 0.07ms, min = 0.01ms, total = 0.88ms
	CoreWorker.TryDelPendingObjectRefStreams - 12 total (1 active), Execution time: mean = 0.01ms, total = 0.07ms, Queueing time: mean = 0.03ms, max = 0.08ms, min = 0.01ms, total = 0.39ms
	CoreWorkerService.grpc_server.GetCoreWorkerStats - 8 total (0 active), Execution time: mean = 0.33ms, total = 2.63ms, Queueing time: mean = 0.00ms, max = -0.00ms, min = 9223372036854.78ms, total = 0.00ms
	CoreWorkerService.grpc_server.GetCoreWorkerStats.HandleRequestImpl - 8 total (0 active), Execution time: mean = 0.10ms, total = 0.82ms, Queueing time: mean = 0.03ms, max = 0.03ms, min = 0.02ms, total = 0.21ms
	PeriodicalRunner.RunFnPeriodically - 7 total (0 active), Execution time: mean = 0.19ms, total = 1.34ms, Queueing time: mean = 0.53ms, max = 1.32ms, min = 0.01ms, total = 3.71ms
	ReporterService.grpc_client.HealthCheck.OnReplyReceived - 5 total (0 active), Execution time: mean = 0.12ms, total = 0.62ms, Queueing time: mean = 0.03ms, max = 0.05ms, min = 0.02ms, total = 0.17ms
	ReporterService.grpc_client.HealthCheck - 5 total (0 active), Execution time: mean = 74.43ms, total = 372.17ms, Queueing time: mean = 0.00ms, max = -0.00ms, min = 9223372036854.78ms, total = 0.00ms
	MetricsAgentClient.WaitForServerReadyWithRetry - 4 total (0 active), Execution time: mean = 0.20ms, total = 0.80ms, Queueing time: mean = 1000.05ms, max = 1000.07ms, min = 1000.03ms, total = 4000.21ms
	CoreWorker.PrintEventStats - 2 total (1 active, 1 running), Execution time: mean = 0.35ms, total = 0.69ms, Queueing time: mean = 0.03ms, max = 0.05ms, min = 0.05ms, total = 0.05ms
	ray::rpc::WorkerInfoGcsService.grpc_client.AddWorkerInfo.OnReplyReceived - 1 total (0 active), Execution time: mean = 0.05ms, total = 0.05ms, Queueing time: mean = 1.06ms, max = 1.06ms, min = 1.06ms, total = 1.06ms
	ray::rpc::WorkerInfoGcsService.grpc_client.AddWorkerInfo - 1 total (0 active), Execution time: mean = 0.58ms, total = 0.58ms, Queueing time: mean = 0.00ms, max = -0.00ms, min = 9223372036854.78ms, total = 0.00ms
	ray::rpc::NodeInfoGcsService.grpc_client.GetAllNodeAddressAndLiveness - 1 total (0 active), Execution time: mean = 0.63ms, total = 0.63ms, Queueing time: mean = 0.00ms, max = -0.00ms, min = 9223372036854.78ms, total = 0.00ms
	ray::rpc::NodeInfoGcsService.grpc_client.GetAllNodeAddressAndLiveness.OnReplyReceived - 1 total (0 active), Execution time: mean = 0.12ms, total = 0.12ms, Queueing time: mean = 0.01ms, max = 0.01ms, min = 0.01ms, total = 0.01ms
	ray::rpc::InternalPubSubGcsService.grpc_client.GcsSubscriberCommandBatch - 1 total (0 active), Execution time: mean = 0.65ms, total = 0.65ms, Queueing time: mean = 0.00ms, max = -0.00ms, min = 9223372036854.78ms, total = 0.00ms
	ray::rpc::InternalPubSubGcsService.grpc_client.GcsSubscriberPoll - 1 total (1 active), Execution time: mean = 0.00ms, total = 0.00ms, Queueing time: mean = 0.00ms, max = -0.00ms, min = 9223372036854.78ms, total = 0.00ms
	ray::rpc::InternalPubSubGcsService.grpc_client.GcsSubscriberCommandBatch.OnReplyReceived - 1 total (0 active), Execution time: mean = 0.27ms, total = 0.27ms, Queueing time: mean = 0.93ms, max = 0.93ms, min = 0.93ms, total = 0.93ms
	Publisher.CheckDeadSubscribers - 1 total (1 active), Execution time: mean = 0.00ms, total = 0.00ms, Queueing time: mean = 0.00ms, max = -0.00ms, min = 9223372036854.78ms, total = 0.00ms

-----------------
Task execution event stats:

Global stats: 11924 total (1 active)
Queueing time: mean = 0.05ms, max = 8.56ms, min = -0.01ms, total = 653.34ms
Execution time:  mean = 0.02ms, total = 183.53ms
Event stats:
	CoreWorker.CheckSignal - 11923 total (1 active), Execution time: mean = 0.02ms, total = 183.51ms, Queueing time: mean = 0.05ms, max = 8.56ms, min = -0.01ms, total = 653.34ms
	PeriodicalRunner.RunFnPeriodically - 1 total (0 active), Execution time: mean = 0.01ms, total = 0.01ms, Queueing time: mean = 0.01ms, max = 0.01ms, min = 0.01ms, total = 0.01ms

-----------------
Task Event stats:

IO Service Stats:

Global stats: 361 total (1 active)
Queueing time: mean = 0.03ms, max = 0.10ms, min = 0.01ms, total = 9.13ms
Execution time:  mean = 0.34ms, total = 122.77ms
Event stats:
	ray::rpc::TaskInfoGcsService.grpc_client.AddTaskEventData - 120 total (0 active), Execution time: mean = 0.75ms, total = 90.14ms, Queueing time: mean = 0.00ms, max = -0.00ms, min = 9223372036854.78ms, total = 0.00ms
	CoreWorker.deadline_timer.flush_task_events - 120 total (1 active), Execution time: mean = 0.23ms, total = 27.95ms, Queueing time: mean = 0.04ms, max = 0.10ms, min = 0.02ms, total = 5.30ms
	ray::rpc::TaskInfoGcsService.grpc_client.AddTaskEventData.OnReplyReceived - 120 total (0 active), Execution time: mean = 0.04ms, total = 4.40ms, Queueing time: mean = 0.03ms, max = 0.07ms, min = 0.01ms, total = 3.82ms
	PeriodicalRunner.RunFnPeriodically - 1 total (0 active), Execution time: mean = 0.29ms, total = 0.29ms, Queueing time: mean = 0.01ms, max = 0.01ms, min = 0.01ms, total = 0.01ms
Other Stats:
	gcs_grpc_in_progress:0
	event_aggregator_grpc_in_progress:0
	current number of task status events in buffer: 0
	current number of profile events in buffer: 0
	current number of dropped task attempts tracked: 0
	total task events sent: 0 MiB
	total number of task attempts sent: 0
	total number of task attempts dropped reported: 0
	total number of sent failure: 0
	num status task events dropped: 0
	num profile task events dropped: 0
	num ray task events reported to aggregator: 0
	num ray task events failed to report to aggregator: 0
	num of task attempts dropped reported to aggregator: 0
	num of failed requests to aggregator: 0

[2026-02-05 22:40:53,580 I 3799592 3801749] core_worker.cc:455: Event stats:


Global stats: 2630 total (8 active)
Queueing time: mean = 1.56ms, max = 1000.07ms, min = 0.01ms, total = 4105.76ms
Execution time:  mean = 0.22ms, total = 590.78ms
Event stats:
	CoreWorker.RecoverObjects - 1800 total (1 active), Execution time: mean = 0.01ms, total = 16.98ms, Queueing time: mean = 0.04ms, max = 0.10ms, min = 0.01ms, total = 74.54ms
	CoreWorker.InternalHeartbeat - 180 total (1 active), Execution time: mean = 0.20ms, total = 35.90ms, Queueing time: mean = 0.04ms, max = 0.08ms, min = 0.01ms, total = 6.97ms
	NodeManagerService.grpc_client.ReportWorkerBacklog - 180 total (0 active), Execution time: mean = 0.80ms, total = 144.26ms, Queueing time: mean = 0.00ms, max = -0.00ms, min = 9223372036854.78ms, total = 0.00ms
	NodeManagerService.grpc_client.ReportWorkerBacklog.OnReplyReceived - 180 total (0 active), Execution time: mean = 0.03ms, total = 5.39ms, Queueing time: mean = 0.05ms, max = 2.33ms, min = 0.01ms, total = 8.65ms
	CoreWorker.ExitIfParentRayletDies - 180 total (1 active), Execution time: mean = 0.01ms, total = 2.07ms, Queueing time: mean = 0.04ms, max = 0.10ms, min = 0.01ms, total = 6.99ms
	CoreWorker.RecordMetrics - 36 total (1 active), Execution time: mean = 0.06ms, total = 2.22ms, Queueing time: mean = 0.03ms, max = 0.07ms, min = 0.01ms, total = 1.23ms
	CoreWorker.TryDelPendingObjectRefStreams - 18 total (1 active), Execution time: mean = 0.01ms, total = 0.10ms, Queueing time: mean = 0.05ms, max = 0.33ms, min = 0.01ms, total = 0.86ms
	CoreWorkerService.grpc_server.GetCoreWorkerStats - 12 total (0 active), Execution time: mean = 0.33ms, total = 3.93ms, Queueing time: mean = 0.00ms, max = -0.00ms, min = 9223372036854.78ms, total = 0.00ms
	CoreWorkerService.grpc_server.GetCoreWorkerStats.HandleRequestImpl - 12 total (0 active), Execution time: mean = 0.10ms, total = 1.21ms, Queueing time: mean = 0.03ms, max = 0.04ms, min = 0.02ms, total = 0.33ms
	PeriodicalRunner.RunFnPeriodically - 7 total (0 active), Execution time: mean = 0.19ms, total = 1.34ms, Queueing time: mean = 0.53ms, max = 1.32ms, min = 0.01ms, total = 3.71ms
	ReporterService.grpc_client.HealthCheck.OnReplyReceived - 5 total (0 active), Execution time: mean = 0.12ms, total = 0.62ms, Queueing time: mean = 0.03ms, max = 0.05ms, min = 0.02ms, total = 0.17ms
	ReporterService.grpc_client.HealthCheck - 5 total (0 active), Execution time: mean = 74.43ms, total = 372.17ms, Queueing time: mean = 0.00ms, max = -0.00ms, min = 9223372036854.78ms, total = 0.00ms
	MetricsAgentClient.WaitForServerReadyWithRetry - 4 total (0 active), Execution time: mean = 0.20ms, total = 0.80ms, Queueing time: mean = 1000.05ms, max = 1000.07ms, min = 1000.03ms, total = 4000.21ms
	CoreWorker.PrintEventStats - 3 total (1 active, 1 running), Execution time: mean = 0.49ms, total = 1.48ms, Queueing time: mean = 0.03ms, max = 0.05ms, min = 0.03ms, total = 0.08ms
	ray::rpc::WorkerInfoGcsService.grpc_client.AddWorkerInfo.OnReplyReceived - 1 total (0 active), Execution time: mean = 0.05ms, total = 0.05ms, Queueing time: mean = 1.06ms, max = 1.06ms, min = 1.06ms, total = 1.06ms
	ray::rpc::WorkerInfoGcsService.grpc_client.AddWorkerInfo - 1 total (0 active), Execution time: mean = 0.58ms, total = 0.58ms, Queueing time: mean = 0.00ms, max = -0.00ms, min = 9223372036854.78ms, total = 0.00ms
	ray::rpc::NodeInfoGcsService.grpc_client.GetAllNodeAddressAndLiveness - 1 total (0 active), Execution time: mean = 0.63ms, total = 0.63ms, Queueing time: mean = 0.00ms, max = -0.00ms, min = 9223372036854.78ms, total = 0.00ms
	ray::rpc::NodeInfoGcsService.grpc_client.GetAllNodeAddressAndLiveness.OnReplyReceived - 1 total (0 active), Execution time: mean = 0.12ms, total = 0.12ms, Queueing time: mean = 0.01ms, max = 0.01ms, min = 0.01ms, total = 0.01ms
	ray::rpc::InternalPubSubGcsService.grpc_client.GcsSubscriberCommandBatch - 1 total (0 active), Execution time: mean = 0.65ms, total = 0.65ms, Queueing time: mean = 0.00ms, max = -0.00ms, min = 9223372036854.78ms, total = 0.00ms
	ray::rpc::InternalPubSubGcsService.grpc_client.GcsSubscriberPoll - 1 total (1 active), Execution time: mean = 0.00ms, total = 0.00ms, Queueing time: mean = 0.00ms, max = -0.00ms, min = 9223372036854.78ms, total = 0.00ms
	ray::rpc::InternalPubSubGcsService.grpc_client.GcsSubscriberCommandBatch.OnReplyReceived - 1 total (0 active), Execution time: mean = 0.27ms, total = 0.27ms, Queueing time: mean = 0.93ms, max = 0.93ms, min = 0.93ms, total = 0.93ms
	Publisher.CheckDeadSubscribers - 1 total (1 active), Execution time: mean = 0.00ms, total = 0.00ms, Queueing time: mean = 0.00ms, max = -0.00ms, min = 9223372036854.78ms, total = 0.00ms

-----------------
Task execution event stats:

Global stats: 17886 total (1 active)
Queueing time: mean = 0.05ms, max = 8.56ms, min = -0.01ms, total = 969.42ms
Execution time:  mean = 0.02ms, total = 280.46ms
Event stats:
	CoreWorker.CheckSignal - 17885 total (1 active), Execution time: mean = 0.02ms, total = 280.44ms, Queueing time: mean = 0.05ms, max = 8.56ms, min = -0.01ms, total = 969.42ms
	PeriodicalRunner.RunFnPeriodically - 1 total (0 active), Execution time: mean = 0.01ms, total = 0.01ms, Queueing time: mean = 0.01ms, max = 0.01ms, min = 0.01ms, total = 0.01ms

-----------------
Task Event stats:

IO Service Stats:

Global stats: 541 total (1 active)
Queueing time: mean = 0.03ms, max = 0.10ms, min = 0.01ms, total = 14.15ms
Execution time:  mean = 0.35ms, total = 186.66ms
Event stats:
	ray::rpc::TaskInfoGcsService.grpc_client.AddTaskEventData - 180 total (0 active), Execution time: mean = 0.77ms, total = 137.90ms, Queueing time: mean = 0.00ms, max = -0.00ms, min = 9223372036854.78ms, total = 0.00ms
	CoreWorker.deadline_timer.flush_task_events - 180 total (1 active), Execution time: mean = 0.23ms, total = 41.62ms, Queueing time: mean = 0.04ms, max = 0.10ms, min = 0.02ms, total = 8.00ms
	ray::rpc::TaskInfoGcsService.grpc_client.AddTaskEventData.OnReplyReceived - 180 total (0 active), Execution time: mean = 0.04ms, total = 6.84ms, Queueing time: mean = 0.03ms, max = 0.07ms, min = 0.01ms, total = 6.13ms
	PeriodicalRunner.RunFnPeriodically - 1 total (0 active), Execution time: mean = 0.29ms, total = 0.29ms, Queueing time: mean = 0.01ms, max = 0.01ms, min = 0.01ms, total = 0.01ms
Other Stats:
	gcs_grpc_in_progress:0
	event_aggregator_grpc_in_progress:0
	current number of task status events in buffer: 0
	current number of profile events in buffer: 0
	current number of dropped task attempts tracked: 0
	total task events sent: 0 MiB
	total number of task attempts sent: 0
	total number of task attempts dropped reported: 0
	total number of sent failure: 0
	num status task events dropped: 0
	num profile task events dropped: 0
	num ray task events reported to aggregator: 0
	num ray task events failed to report to aggregator: 0
	num of task attempts dropped reported to aggregator: 0
	num of failed requests to aggregator: 0

[2026-02-05 22:41:53,581 I 3799592 3801749] core_worker.cc:455: Event stats:


Global stats: 3496 total (8 active)
Queueing time: mean = 1.18ms, max = 1000.07ms, min = 0.01ms, total = 4141.17ms
Execution time:  mean = 0.19ms, total = 664.63ms
Event stats:
	CoreWorker.RecoverObjects - 2399 total (1 active), Execution time: mean = 0.01ms, total = 22.58ms, Queueing time: mean = 0.04ms, max = 0.11ms, min = 0.01ms, total = 100.73ms
	CoreWorker.InternalHeartbeat - 240 total (1 active), Execution time: mean = 0.20ms, total = 48.19ms, Queueing time: mean = 0.04ms, max = 0.08ms, min = 0.01ms, total = 9.67ms
	NodeManagerService.grpc_client.ReportWorkerBacklog - 240 total (0 active), Execution time: mean = 0.81ms, total = 194.48ms, Queueing time: mean = 0.00ms, max = -0.00ms, min = 9223372036854.78ms, total = 0.00ms
	NodeManagerService.grpc_client.ReportWorkerBacklog.OnReplyReceived - 240 total (0 active), Execution time: mean = 0.03ms, total = 7.35ms, Queueing time: mean = 0.05ms, max = 2.33ms, min = 0.01ms, total = 10.99ms
	CoreWorker.ExitIfParentRayletDies - 240 total (1 active), Execution time: mean = 0.01ms, total = 2.76ms, Queueing time: mean = 0.04ms, max = 0.10ms, min = 0.01ms, total = 9.71ms
	CoreWorker.RecordMetrics - 48 total (1 active), Execution time: mean = 0.06ms, total = 2.99ms, Queueing time: mean = 0.04ms, max = 0.07ms, min = 0.01ms, total = 1.72ms
	CoreWorker.TryDelPendingObjectRefStreams - 24 total (1 active), Execution time: mean = 0.01ms, total = 0.14ms, Queueing time: mean = 0.07ms, max = 0.59ms, min = 0.01ms, total = 1.69ms
	CoreWorkerService.grpc_server.GetCoreWorkerStats - 16 total (0 active), Execution time: mean = 0.32ms, total = 5.15ms, Queueing time: mean = 0.00ms, max = -0.00ms, min = 9223372036854.78ms, total = 0.00ms
	CoreWorkerService.grpc_server.GetCoreWorkerStats.HandleRequestImpl - 16 total (0 active), Execution time: mean = 0.10ms, total = 1.55ms, Queueing time: mean = 0.03ms, max = 0.04ms, min = 0.02ms, total = 0.44ms
	PeriodicalRunner.RunFnPeriodically - 7 total (0 active), Execution time: mean = 0.19ms, total = 1.34ms, Queueing time: mean = 0.53ms, max = 1.32ms, min = 0.01ms, total = 3.71ms
	ReporterService.grpc_client.HealthCheck.OnReplyReceived - 5 total (0 active), Execution time: mean = 0.12ms, total = 0.62ms, Queueing time: mean = 0.03ms, max = 0.05ms, min = 0.02ms, total = 0.17ms
	ReporterService.grpc_client.HealthCheck - 5 total (0 active), Execution time: mean = 74.43ms, total = 372.17ms, Queueing time: mean = 0.00ms, max = -0.00ms, min = 9223372036854.78ms, total = 0.00ms
	CoreWorker.PrintEventStats - 4 total (1 active, 1 running), Execution time: mean = 0.55ms, total = 2.21ms, Queueing time: mean = 0.03ms, max = 0.05ms, min = 0.03ms, total = 0.11ms
	MetricsAgentClient.WaitForServerReadyWithRetry - 4 total (0 active), Execution time: mean = 0.20ms, total = 0.80ms, Queueing time: mean = 1000.05ms, max = 1000.07ms, min = 1000.03ms, total = 4000.21ms
	ray::rpc::WorkerInfoGcsService.grpc_client.AddWorkerInfo.OnReplyReceived - 1 total (0 active), Execution time: mean = 0.05ms, total = 0.05ms, Queueing time: mean = 1.06ms, max = 1.06ms, min = 1.06ms, total = 1.06ms
	ray::rpc::WorkerInfoGcsService.grpc_client.AddWorkerInfo - 1 total (0 active), Execution time: mean = 0.58ms, total = 0.58ms, Queueing time: mean = 0.00ms, max = -0.00ms, min = 9223372036854.78ms, total = 0.00ms
	ray::rpc::NodeInfoGcsService.grpc_client.GetAllNodeAddressAndLiveness - 1 total (0 active), Execution time: mean = 0.63ms, total = 0.63ms, Queueing time: mean = 0.00ms, max = -0.00ms, min = 9223372036854.78ms, total = 0.00ms
	ray::rpc::NodeInfoGcsService.grpc_client.GetAllNodeAddressAndLiveness.OnReplyReceived - 1 total (0 active), Execution time: mean = 0.12ms, total = 0.12ms, Queueing time: mean = 0.01ms, max = 0.01ms, min = 0.01ms, total = 0.01ms
	ray::rpc::InternalPubSubGcsService.grpc_client.GcsSubscriberCommandBatch - 1 total (0 active), Execution time: mean = 0.65ms, total = 0.65ms, Queueing time: mean = 0.00ms, max = -0.00ms, min = 9223372036854.78ms, total = 0.00ms
	ray::rpc::InternalPubSubGcsService.grpc_client.GcsSubscriberPoll - 1 total (1 active), Execution time: mean = 0.00ms, total = 0.00ms, Queueing time: mean = 0.00ms, max = -0.00ms, min = 9223372036854.78ms, total = 0.00ms
	ray::rpc::InternalPubSubGcsService.grpc_client.GcsSubscriberCommandBatch.OnReplyReceived - 1 total (0 active), Execution time: mean = 0.27ms, total = 0.27ms, Queueing time: mean = 0.93ms, max = 0.93ms, min = 0.93ms, total = 0.93ms
	Publisher.CheckDeadSubscribers - 1 total (1 active), Execution time: mean = 0.00ms, total = 0.00ms, Queueing time: mean = 0.00ms, max = -0.00ms, min = 9223372036854.78ms, total = 0.00ms

-----------------
Task execution event stats:

Global stats: 23851 total (1 active)
Queueing time: mean = 0.05ms, max = 8.56ms, min = -0.01ms, total = 1252.34ms
Execution time:  mean = 0.02ms, total = 373.76ms
Event stats:
	CoreWorker.CheckSignal - 23850 total (1 active), Execution time: mean = 0.02ms, total = 373.75ms, Queueing time: mean = 0.05ms, max = 8.56ms, min = -0.01ms, total = 1252.33ms
	PeriodicalRunner.RunFnPeriodically - 1 total (0 active), Execution time: mean = 0.01ms, total = 0.01ms, Queueing time: mean = 0.01ms, max = 0.01ms, min = 0.01ms, total = 0.01ms

-----------------
Task Event stats:

IO Service Stats:

Global stats: 721 total (1 active)
Queueing time: mean = 0.03ms, max = 0.10ms, min = 0.01ms, total = 18.84ms
Execution time:  mean = 0.35ms, total = 251.21ms
Event stats:
	ray::rpc::TaskInfoGcsService.grpc_client.AddTaskEventData - 240 total (0 active), Execution time: mean = 0.78ms, total = 186.20ms, Queueing time: mean = 0.00ms, max = -0.00ms, min = 9223372036854.78ms, total = 0.00ms
	CoreWorker.deadline_timer.flush_task_events - 240 total (1 active), Execution time: mean = 0.23ms, total = 55.36ms, Queueing time: mean = 0.04ms, max = 0.10ms, min = 0.02ms, total = 10.50ms
	ray::rpc::TaskInfoGcsService.grpc_client.AddTaskEventData.OnReplyReceived - 240 total (0 active), Execution time: mean = 0.04ms, total = 9.36ms, Queueing time: mean = 0.03ms, max = 0.07ms, min = 0.01ms, total = 8.33ms
	PeriodicalRunner.RunFnPeriodically - 1 total (0 active), Execution time: mean = 0.29ms, total = 0.29ms, Queueing time: mean = 0.01ms, max = 0.01ms, min = 0.01ms, total = 0.01ms
Other Stats:
	gcs_grpc_in_progress:0
	event_aggregator_grpc_in_progress:0
	current number of task status events in buffer: 0
	current number of profile events in buffer: 0
	current number of dropped task attempts tracked: 0
	total task events sent: 0 MiB
	total number of task attempts sent: 0
	total number of task attempts dropped reported: 0
	total number of sent failure: 0
	num status task events dropped: 0
	num profile task events dropped: 0
	num ray task events reported to aggregator: 0
	num ray task events failed to report to aggregator: 0
	num of task attempts dropped reported to aggregator: 0
	num of failed requests to aggregator: 0

[2026-02-05 22:42:53,581 I 3799592 3801749] core_worker.cc:455: Event stats:


Global stats: 4364 total (8 active)
Queueing time: mean = 0.96ms, max = 1000.07ms, min = 0.01ms, total = 4181.49ms
Execution time:  mean = 0.17ms, total = 738.79ms
Event stats:
	CoreWorker.RecoverObjects - 2999 total (1 active), Execution time: mean = 0.01ms, total = 27.97ms, Queueing time: mean = 0.04ms, max = 0.12ms, min = 0.01ms, total = 130.83ms
	CoreWorker.InternalHeartbeat - 300 total (1 active), Execution time: mean = 0.20ms, total = 60.11ms, Queueing time: mean = 0.04ms, max = 0.09ms, min = 0.01ms, total = 12.97ms
	NodeManagerService.grpc_client.ReportWorkerBacklog - 300 total (0 active), Execution time: mean = 0.82ms, total = 245.64ms, Queueing time: mean = 0.00ms, max = -0.00ms, min = 9223372036854.78ms, total = 0.00ms
	CoreWorker.ExitIfParentRayletDies - 300 total (1 active), Execution time: mean = 0.01ms, total = 3.45ms, Queueing time: mean = 0.04ms, max = 0.10ms, min = 0.01ms, total = 12.38ms
	NodeManagerService.grpc_client.ReportWorkerBacklog.OnReplyReceived - 300 total (0 active), Execution time: mean = 0.03ms, total = 9.21ms, Queueing time: mean = 0.05ms, max = 2.33ms, min = 0.01ms, total = 13.56ms
	CoreWorker.RecordMetrics - 60 total (1 active), Execution time: mean = 0.06ms, total = 3.77ms, Queueing time: mean = 0.04ms, max = 0.07ms, min = 0.01ms, total = 2.32ms
	CoreWorker.TryDelPendingObjectRefStreams - 30 total (1 active), Execution time: mean = 0.01ms, total = 0.17ms, Queueing time: mean = 0.09ms, max = 0.59ms, min = 0.01ms, total = 2.55ms
	CoreWorkerService.grpc_server.GetCoreWorkerStats.HandleRequestImpl - 20 total (0 active), Execution time: mean = 0.09ms, total = 1.90ms, Queueing time: mean = 0.03ms, max = 0.04ms, min = 0.02ms, total = 0.54ms
	CoreWorkerService.grpc_server.GetCoreWorkerStats - 20 total (0 active), Execution time: mean = 0.32ms, total = 6.39ms, Queueing time: mean = 0.00ms, max = -0.00ms, min = 9223372036854.78ms, total = 0.00ms
	PeriodicalRunner.RunFnPeriodically - 7 total (0 active), Execution time: mean = 0.19ms, total = 1.34ms, Queueing time: mean = 0.53ms, max = 1.32ms, min = 0.01ms, total = 3.71ms
	ReporterService.grpc_client.HealthCheck.OnReplyReceived - 5 total (0 active), Execution time: mean = 0.12ms, total = 0.62ms, Queueing time: mean = 0.03ms, max = 0.05ms, min = 0.02ms, total = 0.17ms
	CoreWorker.PrintEventStats - 5 total (1 active, 1 running), Execution time: mean = 0.59ms, total = 2.94ms, Queueing time: mean = 0.04ms, max = 0.07ms, min = 0.03ms, total = 0.18ms
	ReporterService.grpc_client.HealthCheck - 5 total (0 active), Execution time: mean = 74.43ms, total = 372.17ms, Queueing time: mean = 0.00ms, max = -0.00ms, min = 9223372036854.78ms, total = 0.00ms
	MetricsAgentClient.WaitForServerReadyWithRetry - 4 total (0 active), Execution time: mean = 0.20ms, total = 0.80ms, Queueing time: mean = 1000.05ms, max = 1000.07ms, min = 1000.03ms, total = 4000.21ms
	Publisher.CheckDeadSubscribers - 2 total (1 active), Execution time: mean = 0.00ms, total = 0.01ms, Queueing time: mean = 0.03ms, max = 0.06ms, min = 0.06ms, total = 0.06ms
	ray::rpc::NodeInfoGcsService.grpc_client.GetAllNodeAddressAndLiveness.OnReplyReceived - 1 total (0 active), Execution time: mean = 0.12ms, total = 0.12ms, Queueing time: mean = 0.01ms, max = 0.01ms, min = 0.01ms, total = 0.01ms
	ray::rpc::InternalPubSubGcsService.grpc_client.GcsSubscriberCommandBatch - 1 total (0 active), Execution time: mean = 0.65ms, total = 0.65ms, Queueing time: mean = 0.00ms, max = -0.00ms, min = 9223372036854.78ms, total = 0.00ms
	ray::rpc::InternalPubSubGcsService.grpc_client.GcsSubscriberPoll - 1 total (1 active), Execution time: mean = 0.00ms, total = 0.00ms, Queueing time: mean = 0.00ms, max = -0.00ms, min = 9223372036854.78ms, total = 0.00ms
	ray::rpc::WorkerInfoGcsService.grpc_client.AddWorkerInfo.OnReplyReceived - 1 total (0 active), Execution time: mean = 0.05ms, total = 0.05ms, Queueing time: mean = 1.06ms, max = 1.06ms, min = 1.06ms, total = 1.06ms
	ray::rpc::WorkerInfoGcsService.grpc_client.AddWorkerInfo - 1 total (0 active), Execution time: mean = 0.58ms, total = 0.58ms, Queueing time: mean = 0.00ms, max = -0.00ms, min = 9223372036854.78ms, total = 0.00ms
	ray::rpc::InternalPubSubGcsService.grpc_client.GcsSubscriberCommandBatch.OnReplyReceived - 1 total (0 active), Execution time: mean = 0.27ms, total = 0.27ms, Queueing time: mean = 0.93ms, max = 0.93ms, min = 0.93ms, total = 0.93ms
	ray::rpc::NodeInfoGcsService.grpc_client.GetAllNodeAddressAndLiveness - 1 total (0 active), Execution time: mean = 0.63ms, total = 0.63ms, Queueing time: mean = 0.00ms, max = -0.00ms, min = 9223372036854.78ms, total = 0.00ms

-----------------
Task execution event stats:

Global stats: 29822 total (1 active)
Queueing time: mean = 0.05ms, max = 8.56ms, min = -0.01ms, total = 1489.57ms
Execution time:  mean = 0.02ms, total = 465.61ms
Event stats:
	CoreWorker.CheckSignal - 29821 total (1 active), Execution time: mean = 0.02ms, total = 465.59ms, Queueing time: mean = 0.05ms, max = 8.56ms, min = -0.01ms, total = 1489.56ms
	PeriodicalRunner.RunFnPeriodically - 1 total (0 active), Execution time: mean = 0.01ms, total = 0.01ms, Queueing time: mean = 0.01ms, max = 0.01ms, min = 0.01ms, total = 0.01ms

-----------------
Task Event stats:

IO Service Stats:

Global stats: 901 total (1 active)
Queueing time: mean = 0.03ms, max = 0.10ms, min = 0.01ms, total = 23.15ms
Execution time:  mean = 0.35ms, total = 314.94ms
Event stats:
	ray::rpc::TaskInfoGcsService.grpc_client.AddTaskEventData - 300 total (0 active), Execution time: mean = 0.78ms, total = 233.18ms, Queueing time: mean = 0.00ms, max = -0.00ms, min = 9223372036854.78ms, total = 0.00ms
	CoreWorker.deadline_timer.flush_task_events - 300 total (1 active), Execution time: mean = 0.23ms, total = 69.55ms, Queueing time: mean = 0.04ms, max = 0.10ms, min = 0.02ms, total = 12.93ms
	ray::rpc::TaskInfoGcsService.grpc_client.AddTaskEventData.OnReplyReceived - 300 total (0 active), Execution time: mean = 0.04ms, total = 11.92ms, Queueing time: mean = 0.03ms, max = 0.07ms, min = 0.01ms, total = 10.21ms
	PeriodicalRunner.RunFnPeriodically - 1 total (0 active), Execution time: mean = 0.29ms, total = 0.29ms, Queueing time: mean = 0.01ms, max = 0.01ms, min = 0.01ms, total = 0.01ms
Other Stats:
	gcs_grpc_in_progress:0
	event_aggregator_grpc_in_progress:0
	current number of task status events in buffer: 0
	current number of profile events in buffer: 0
	current number of dropped task attempts tracked: 0
	total task events sent: 0 MiB
	total number of task attempts sent: 0
	total number of task attempts dropped reported: 0
	total number of sent failure: 0
	num status task events dropped: 0
	num profile task events dropped: 0
	num ray task events reported to aggregator: 0
	num ray task events failed to report to aggregator: 0
	num of task attempts dropped reported to aggregator: 0
	num of failed requests to aggregator: 0

[2026-02-05 22:43:53,583 I 3799592 3801749] core_worker.cc:455: Event stats:


Global stats: 5231 total (8 active)
Queueing time: mean = 0.81ms, max = 1000.07ms, min = 0.01ms, total = 4214.02ms
Execution time:  mean = 0.16ms, total = 811.33ms
Event stats:
	CoreWorker.RecoverObjects - 3599 total (1 active), Execution time: mean = 0.01ms, total = 33.37ms, Queueing time: mean = 0.04ms, max = 0.12ms, min = 0.01ms, total = 155.07ms
	CoreWorker.InternalHeartbeat - 360 total (1 active), Execution time: mean = 0.20ms, total = 72.52ms, Queueing time: mean = 0.04ms, max = 0.09ms, min = 0.01ms, total = 15.27ms
	NodeManagerService.grpc_client.ReportWorkerBacklog - 360 total (0 active), Execution time: mean = 0.82ms, total = 294.44ms, Queueing time: mean = 0.00ms, max = -0.00ms, min = 9223372036854.78ms, total = 0.00ms
	CoreWorker.ExitIfParentRayletDies - 360 total (1 active), Execution time: mean = 0.01ms, total = 4.13ms, Queueing time: mean = 0.04ms, max = 0.10ms, min = 0.01ms, total = 14.85ms
	NodeManagerService.grpc_client.ReportWorkerBacklog.OnReplyReceived - 360 total (0 active), Execution time: mean = 0.03ms, total = 11.15ms, Queueing time: mean = 0.04ms, max = 2.33ms, min = 0.01ms, total = 15.77ms
	CoreWorker.RecordMetrics - 72 total (1 active), Execution time: mean = 0.06ms, total = 4.59ms, Queueing time: mean = 0.04ms, max = 0.07ms, min = 0.01ms, total = 2.74ms
	CoreWorker.TryDelPendingObjectRefStreams - 36 total (1 active), Execution time: mean = 0.01ms, total = 0.21ms, Queueing time: mean = 0.09ms, max = 0.59ms, min = 0.01ms, total = 3.25ms
	CoreWorkerService.grpc_server.GetCoreWorkerStats.HandleRequestImpl - 24 total (0 active), Execution time: mean = 0.10ms, total = 2.28ms, Queueing time: mean = 0.03ms, max = 0.04ms, min = 0.02ms, total = 0.65ms
	CoreWorkerService.grpc_server.GetCoreWorkerStats - 24 total (0 active), Execution time: mean = 0.32ms, total = 7.73ms, Queueing time: mean = 0.00ms, max = -0.00ms, min = 9223372036854.78ms, total = 0.00ms
	PeriodicalRunner.RunFnPeriodically - 7 total (0 active), Execution time: mean = 0.19ms, total = 1.34ms, Queueing time: mean = 0.53ms, max = 1.32ms, min = 0.01ms, total = 3.71ms
	CoreWorker.PrintEventStats - 6 total (1 active, 1 running), Execution time: mean = 0.61ms, total = 3.68ms, Queueing time: mean = 0.04ms, max = 0.07ms, min = 0.03ms, total = 0.25ms
	ReporterService.grpc_client.HealthCheck.OnReplyReceived - 5 total (0 active), Execution time: mean = 0.12ms, total = 0.62ms, Queueing time: mean = 0.03ms, max = 0.05ms, min = 0.02ms, total = 0.17ms
	ReporterService.grpc_client.HealthCheck - 5 total (0 active), Execution time: mean = 74.43ms, total = 372.17ms, Queueing time: mean = 0.00ms, max = -0.00ms, min = 9223372036854.78ms, total = 0.00ms
	MetricsAgentClient.WaitForServerReadyWithRetry - 4 total (0 active), Execution time: mean = 0.20ms, total = 0.80ms, Queueing time: mean = 1000.05ms, max = 1000.07ms, min = 1000.03ms, total = 4000.21ms
	Publisher.CheckDeadSubscribers - 2 total (1 active), Execution time: mean = 0.00ms, total = 0.01ms, Queueing time: mean = 0.03ms, max = 0.06ms, min = 0.06ms, total = 0.06ms
	ray::rpc::NodeInfoGcsService.grpc_client.GetAllNodeAddressAndLiveness.OnReplyReceived - 1 total (0 active), Execution time: mean = 0.12ms, total = 0.12ms, Queueing time: mean = 0.01ms, max = 0.01ms, min = 0.01ms, total = 0.01ms
	ray::rpc::InternalPubSubGcsService.grpc_client.GcsSubscriberCommandBatch - 1 total (0 active), Execution time: mean = 0.65ms, total = 0.65ms, Queueing time: mean = 0.00ms, max = -0.00ms, min = 9223372036854.78ms, total = 0.00ms
	ray::rpc::InternalPubSubGcsService.grpc_client.GcsSubscriberPoll - 1 total (1 active), Execution time: mean = 0.00ms, total = 0.00ms, Queueing time: mean = 0.00ms, max = -0.00ms, min = 9223372036854.78ms, total = 0.00ms
	ray::rpc::WorkerInfoGcsService.grpc_client.AddWorkerInfo.OnReplyReceived - 1 total (0 active), Execution time: mean = 0.05ms, total = 0.05ms, Queueing time: mean = 1.06ms, max = 1.06ms, min = 1.06ms, total = 1.06ms
	ray::rpc::WorkerInfoGcsService.grpc_client.AddWorkerInfo - 1 total (0 active), Execution time: mean = 0.58ms, total = 0.58ms, Queueing time: mean = 0.00ms, max = -0.00ms, min = 9223372036854.78ms, total = 0.00ms
	ray::rpc::InternalPubSubGcsService.grpc_client.GcsSubscriberCommandBatch.OnReplyReceived - 1 total (0 active), Execution time: mean = 0.27ms, total = 0.27ms, Queueing time: mean = 0.93ms, max = 0.93ms, min = 0.93ms, total = 0.93ms
	ray::rpc::NodeInfoGcsService.grpc_client.GetAllNodeAddressAndLiveness - 1 total (0 active), Execution time: mean = 0.63ms, total = 0.63ms, Queueing time: mean = 0.00ms, max = -0.00ms, min = 9223372036854.78ms, total = 0.00ms

-----------------
Task execution event stats:

Global stats: 35791 total (1 active)
Queueing time: mean = 0.05ms, max = 8.56ms, min = -0.01ms, total = 1731.12ms
Execution time:  mean = 0.02ms, total = 560.56ms
Event stats:
	CoreWorker.CheckSignal - 35790 total (1 active), Execution time: mean = 0.02ms, total = 560.54ms, Queueing time: mean = 0.05ms, max = 8.56ms, min = -0.01ms, total = 1731.11ms
	PeriodicalRunner.RunFnPeriodically - 1 total (0 active), Execution time: mean = 0.01ms, total = 0.01ms, Queueing time: mean = 0.01ms, max = 0.01ms, min = 0.01ms, total = 0.01ms

-----------------
Task Event stats:

IO Service Stats:

Global stats: 1081 total (1 active)
Queueing time: mean = 0.03ms, max = 0.10ms, min = 0.01ms, total = 28.22ms
Execution time:  mean = 0.35ms, total = 379.01ms
Event stats:
	ray::rpc::TaskInfoGcsService.grpc_client.AddTaskEventData - 360 total (0 active), Execution time: mean = 0.78ms, total = 280.71ms, Queueing time: mean = 0.00ms, max = -0.00ms, min = 9223372036854.78ms, total = 0.00ms
	CoreWorker.deadline_timer.flush_task_events - 360 total (1 active), Execution time: mean = 0.23ms, total = 83.51ms, Queueing time: mean = 0.04ms, max = 0.10ms, min = 0.02ms, total = 15.57ms
	ray::rpc::TaskInfoGcsService.grpc_client.AddTaskEventData.OnReplyReceived - 360 total (0 active), Execution time: mean = 0.04ms, total = 14.51ms, Queueing time: mean = 0.04ms, max = 0.07ms, min = 0.01ms, total = 12.64ms
	PeriodicalRunner.RunFnPeriodically - 1 total (0 active), Execution time: mean = 0.29ms, total = 0.29ms, Queueing time: mean = 0.01ms, max = 0.01ms, min = 0.01ms, total = 0.01ms
Other Stats:
	gcs_grpc_in_progress:0
	event_aggregator_grpc_in_progress:0
	current number of task status events in buffer: 0
	current number of profile events in buffer: 0
	current number of dropped task attempts tracked: 0
	total task events sent: 0 MiB
	total number of task attempts sent: 0
	total number of task attempts dropped reported: 0
	total number of sent failure: 0
	num status task events dropped: 0
	num profile task events dropped: 0
	num ray task events reported to aggregator: 0
	num ray task events failed to report to aggregator: 0
	num of task attempts dropped reported to aggregator: 0
	num of failed requests to aggregator: 0

[2026-02-05 22:44:53,583 I 3799592 3801749] core_worker.cc:455: Event stats:


Global stats: 6098 total (8 active)
Queueing time: mean = 0.70ms, max = 1000.07ms, min = 0.01ms, total = 4249.27ms
Execution time:  mean = 0.14ms, total = 884.10ms
Event stats:
	CoreWorker.RecoverObjects - 4199 total (1 active), Execution time: mean = 0.01ms, total = 38.82ms, Queueing time: mean = 0.04ms, max = 0.12ms, min = 0.01ms, total = 180.82ms
	CoreWorker.InternalHeartbeat - 420 total (1 active), Execution time: mean = 0.20ms, total = 84.88ms, Queueing time: mean = 0.04ms, max = 0.09ms, min = 0.01ms, total = 18.00ms
	NodeManagerService.grpc_client.ReportWorkerBacklog - 420 total (0 active), Execution time: mean = 0.82ms, total = 343.17ms, Queueing time: mean = 0.00ms, max = -0.00ms, min = 9223372036854.78ms, total = 0.00ms
	CoreWorker.ExitIfParentRayletDies - 420 total (1 active), Execution time: mean = 0.01ms, total = 4.82ms, Queueing time: mean = 0.04ms, max = 0.10ms, min = 0.01ms, total = 17.42ms
	NodeManagerService.grpc_client.ReportWorkerBacklog.OnReplyReceived - 420 total (0 active), Execution time: mean = 0.03ms, total = 12.98ms, Queueing time: mean = 0.04ms, max = 2.33ms, min = 0.01ms, total = 18.08ms
	CoreWorker.RecordMetrics - 84 total (1 active), Execution time: mean = 0.06ms, total = 5.34ms, Queueing time: mean = 0.04ms, max = 0.07ms, min = 0.01ms, total = 3.28ms
	CoreWorker.TryDelPendingObjectRefStreams - 42 total (1 active), Execution time: mean = 0.01ms, total = 0.25ms, Queueing time: mean = 0.11ms, max = 0.91ms, min = 0.01ms, total = 4.43ms
	CoreWorkerService.grpc_server.GetCoreWorkerStats.HandleRequestImpl - 28 total (0 active), Execution time: mean = 0.09ms, total = 2.61ms, Queueing time: mean = 0.03ms, max = 0.04ms, min = 0.02ms, total = 0.77ms
	CoreWorkerService.grpc_server.GetCoreWorkerStats - 28 total (0 active), Execution time: mean = 0.33ms, total = 9.17ms, Queueing time: mean = 0.00ms, max = -0.00ms, min = 9223372036854.78ms, total = 0.00ms
	CoreWorker.PrintEventStats - 7 total (1 active, 1 running), Execution time: mean = 0.69ms, total = 4.83ms, Queueing time: mean = 0.04ms, max = 0.07ms, min = 0.03ms, total = 0.29ms
	PeriodicalRunner.RunFnPeriodically - 7 total (0 active), Execution time: mean = 0.19ms, total = 1.34ms, Queueing time: mean = 0.53ms, max = 1.32ms, min = 0.01ms, total = 3.71ms
	ReporterService.grpc_client.HealthCheck.OnReplyReceived - 5 total (0 active), Execution time: mean = 0.12ms, total = 0.62ms, Queueing time: mean = 0.03ms, max = 0.05ms, min = 0.02ms, total = 0.17ms
	ReporterService.grpc_client.HealthCheck - 5 total (0 active), Execution time: mean = 74.43ms, total = 372.17ms, Queueing time: mean = 0.00ms, max = -0.00ms, min = 9223372036854.78ms, total = 0.00ms
	MetricsAgentClient.WaitForServerReadyWithRetry - 4 total (0 active), Execution time: mean = 0.20ms, total = 0.80ms, Queueing time: mean = 1000.05ms, max = 1000.07ms, min = 1000.03ms, total = 4000.21ms
	Publisher.CheckDeadSubscribers - 2 total (1 active), Execution time: mean = 0.00ms, total = 0.01ms, Queueing time: mean = 0.03ms, max = 0.06ms, min = 0.06ms, total = 0.06ms
	ray::rpc::NodeInfoGcsService.grpc_client.GetAllNodeAddressAndLiveness.OnReplyReceived - 1 total (0 active), Execution time: mean = 0.12ms, total = 0.12ms, Queueing time: mean = 0.01ms, max = 0.01ms, min = 0.01ms, total = 0.01ms
	ray::rpc::InternalPubSubGcsService.grpc_client.GcsSubscriberCommandBatch - 1 total (0 active), Execution time: mean = 0.65ms, total = 0.65ms, Queueing time: mean = 0.00ms, max = -0.00ms, min = 9223372036854.78ms, total = 0.00ms
	ray::rpc::InternalPubSubGcsService.grpc_client.GcsSubscriberPoll - 1 total (1 active), Execution time: mean = 0.00ms, total = 0.00ms, Queueing time: mean = 0.00ms, max = -0.00ms, min = 9223372036854.78ms, total = 0.00ms
	ray::rpc::WorkerInfoGcsService.grpc_client.AddWorkerInfo.OnReplyReceived - 1 total (0 active), Execution time: mean = 0.05ms, total = 0.05ms, Queueing time: mean = 1.06ms, max = 1.06ms, min = 1.06ms, total = 1.06ms
	ray::rpc::WorkerInfoGcsService.grpc_client.AddWorkerInfo - 1 total (0 active), Execution time: mean = 0.58ms, total = 0.58ms, Queueing time: mean = 0.00ms, max = -0.00ms, min = 9223372036854.78ms, total = 0.00ms
	ray::rpc::InternalPubSubGcsService.grpc_client.GcsSubscriberCommandBatch.OnReplyReceived - 1 total (0 active), Execution time: mean = 0.27ms, total = 0.27ms, Queueing time: mean = 0.93ms, max = 0.93ms, min = 0.93ms, total = 0.93ms
	ray::rpc::NodeInfoGcsService.grpc_client.GetAllNodeAddressAndLiveness - 1 total (0 active), Execution time: mean = 0.63ms, total = 0.63ms, Queueing time: mean = 0.00ms, max = -0.00ms, min = 9223372036854.78ms, total = 0.00ms

-----------------
Task execution event stats:

Global stats: 41760 total (1 active)
Queueing time: mean = 0.05ms, max = 8.56ms, min = -0.01ms, total = 1986.78ms
Execution time:  mean = 0.02ms, total = 655.39ms
Event stats:
	CoreWorker.CheckSignal - 41759 total (1 active), Execution time: mean = 0.02ms, total = 655.37ms, Queueing time: mean = 0.05ms, max = 8.56ms, min = -0.01ms, total = 1986.78ms
	PeriodicalRunner.RunFnPeriodically - 1 total (0 active), Execution time: mean = 0.01ms, total = 0.01ms, Queueing time: mean = 0.01ms, max = 0.01ms, min = 0.01ms, total = 0.01ms

-----------------
Task Event stats:

IO Service Stats:

Global stats: 1261 total (1 active)
Queueing time: mean = 0.03ms, max = 0.10ms, min = 0.01ms, total = 33.12ms
Execution time:  mean = 0.35ms, total = 442.34ms
Event stats:
	ray::rpc::TaskInfoGcsService.grpc_client.AddTaskEventData - 420 total (0 active), Execution time: mean = 0.78ms, total = 328.08ms, Queueing time: mean = 0.00ms, max = -0.00ms, min = 9223372036854.78ms, total = 0.00ms
	CoreWorker.deadline_timer.flush_task_events - 420 total (1 active), Execution time: mean = 0.23ms, total = 96.98ms, Queueing time: mean = 0.04ms, max = 0.10ms, min = 0.02ms, total = 18.22ms
	ray::rpc::TaskInfoGcsService.grpc_client.AddTaskEventData.OnReplyReceived - 420 total (0 active), Execution time: mean = 0.04ms, total = 17.00ms, Queueing time: mean = 0.04ms, max = 0.07ms, min = 0.01ms, total = 14.88ms
	PeriodicalRunner.RunFnPeriodically - 1 total (0 active), Execution time: mean = 0.29ms, total = 0.29ms, Queueing time: mean = 0.01ms, max = 0.01ms, min = 0.01ms, total = 0.01ms
Other Stats:
	gcs_grpc_in_progress:0
	event_aggregator_grpc_in_progress:0
	current number of task status events in buffer: 0
	current number of profile events in buffer: 0
	current number of dropped task attempts tracked: 0
	total task events sent: 0 MiB
	total number of task attempts sent: 0
	total number of task attempts dropped reported: 0
	total number of sent failure: 0
	num status task events dropped: 0
	num profile task events dropped: 0
	num ray task events reported to aggregator: 0
	num ray task events failed to report to aggregator: 0
	num of task attempts dropped reported to aggregator: 0
	num of failed requests to aggregator: 0

