[2026-02-05 22:37:53,245 I 3799557 3799557] core_worker_process.cc:777: Constructing CoreWorkerProcess. pid: 3799557
[2026-02-05 22:37:53,255 I 3799557 3799557] event.cc:499: Ray Event initialized for CORE_WORKER
[2026-02-05 22:37:53,255 I 3799557 3799557] event.cc:499: Ray Event initialized for EXPORT_TASK
[2026-02-05 22:37:53,255 I 3799557 3799557] event.cc:332: Set ray event level to warning
[2026-02-05 22:37:53,255 I 3799557 3799557] event_aggregator_client.h:50: Initiating the local event aggregator client with port: 60205
[2026-02-05 22:37:53,257 I 3799557 3799557] grpc_server.cc:143: worker server started, listening on port 36475.
[2026-02-05 22:37:53,268 I 3799557 3799557] core_worker_process.cc:262: Initializing worker at address: 172.28.6.5:36475 worker_id=38eabb914539e214d1a1bc1c6e9e75f7a82e094db5bded53f57670d7 node_id=b3bb8abc1f3b5e31c1983b0b01387a7d867173fb9fdbf495e20a7a7c
[2026-02-05 22:37:53,269 I 3799557 3799557] task_event_buffer.cc:480: Reporting task events to GCS every 1000ms.
[2026-02-05 22:37:53,270 I 3799557 3799557] core_worker.cc:515: Adjusted worker niceness to 15
[2026-02-05 22:37:53,270 I 3799557 3799557] metrics_agent_client.cc:45: Initializing exporter ...
[2026-02-05 22:37:53,270 I 3799557 3800141] core_worker.cc:455: Event stats:


Global stats: 12 total (10 active)
Queueing time: mean = 0.01ms, max = 0.08ms, min = 0.02ms, total = 0.10ms
Execution time:  mean = 0.00ms, total = 0.04ms
Event stats:
	PeriodicalRunner.RunFnPeriodically - 7 total (5 active, 1 running), Execution time: mean = 0.01ms, total = 0.04ms, Queueing time: mean = 0.01ms, max = 0.08ms, min = 0.02ms, total = 0.10ms
	Publisher.CheckDeadSubscribers - 1 total (1 active), Execution time: mean = 0.00ms, total = 0.00ms, Queueing time: mean = 0.00ms, max = -0.00ms, min = 9223372036854.78ms, total = 0.00ms
	ray::rpc::WorkerInfoGcsService.grpc_client.AddWorkerInfo - 1 total (1 active), Execution time: mean = 0.00ms, total = 0.00ms, Queueing time: mean = 0.00ms, max = -0.00ms, min = 9223372036854.78ms, total = 0.00ms
	ray::rpc::InternalPubSubGcsService.grpc_client.GcsSubscriberPoll - 1 total (1 active), Execution time: mean = 0.00ms, total = 0.00ms, Queueing time: mean = 0.00ms, max = -0.00ms, min = 9223372036854.78ms, total = 0.00ms
	ray::rpc::InternalPubSubGcsService.grpc_client.GcsSubscriberCommandBatch - 1 total (1 active), Execution time: mean = 0.00ms, total = 0.00ms, Queueing time: mean = 0.00ms, max = -0.00ms, min = 9223372036854.78ms, total = 0.00ms
	CoreWorker.ExitIfParentRayletDies - 1 total (1 active), Execution time: mean = 0.00ms, total = 0.00ms, Queueing time: mean = 0.00ms, max = -0.00ms, min = 9223372036854.78ms, total = 0.00ms

-----------------
Task execution event stats:

Global stats: 0 total (0 active)
Queueing time: mean = -nanms, max = -0.00ms, min = 9223372036854.78ms, total = 0.00ms
Execution time:  mean = -nanms, total = 0.00ms
Event stats:

-----------------
Task Event stats:

IO Service Stats:

Global stats: 3 total (2 active)
Queueing time: mean = 0.00ms, max = 0.01ms, min = 0.01ms, total = 0.01ms
Execution time:  mean = 0.08ms, total = 0.25ms
Event stats:
	ray::rpc::TaskInfoGcsService.grpc_client.AddTaskEventData - 1 total (1 active), Execution time: mean = 0.00ms, total = 0.00ms, Queueing time: mean = 0.00ms, max = -0.00ms, min = 9223372036854.78ms, total = 0.00ms
	PeriodicalRunner.RunFnPeriodically - 1 total (0 active), Execution time: mean = 0.25ms, total = 0.25ms, Queueing time: mean = 0.01ms, max = 0.01ms, min = 0.01ms, total = 0.01ms
	CoreWorker.deadline_timer.flush_task_events - 1 total (1 active), Execution time: mean = 0.00ms, total = 0.00ms, Queueing time: mean = 0.00ms, max = -0.00ms, min = 9223372036854.78ms, total = 0.00ms
Other Stats:
	gcs_grpc_in_progress:1
	event_aggregator_grpc_in_progress:0
	current number of task status events in buffer: 0
	current number of profile events in buffer: 0
	current number of dropped task attempts tracked: 0
	total task events sent: 0 MiB
	total number of task attempts sent: 0
	total number of task attempts dropped reported: 0
	total number of sent failure: 0
	num status task events dropped: 0
	num profile task events dropped: 0
	num ray task events reported to aggregator: 0
	num ray task events failed to report to aggregator: 0
	num of task attempts dropped reported to aggregator: 0
	num of failed requests to aggregator: 0

[2026-02-05 22:37:53,274 I 3799557 3800141] accessor.cc:433: Received address and liveness notification for node, IsAlive = 1 node_id=b3bb8abc1f3b5e31c1983b0b01387a7d867173fb9fdbf495e20a7a7c
[2026-02-05 22:37:53,274 I 3799557 3800141] normal_task_submitter.cc:840: Number of alive nodes:1
[2026-02-05 22:37:58,275 I 3799557 3800141] metrics_agent_client.cc:59: Exporter initialized.
[2026-02-05 22:38:53,271 I 3799557 3800141] core_worker.cc:455: Event stats:


Global stats: 899 total (8 active)
Queueing time: mean = 5.60ms, max = 1000.03ms, min = 0.01ms, total = 5035.01ms
Execution time:  mean = 0.09ms, total = 81.06ms
Event stats:
	CoreWorker.RecoverObjects - 600 total (1 active), Execution time: mean = 0.01ms, total = 5.51ms, Queueing time: mean = 0.04ms, max = 0.18ms, min = 0.01ms, total = 25.55ms
	CoreWorker.ExitIfParentRayletDies - 60 total (1 active), Execution time: mean = 0.01ms, total = 0.64ms, Queueing time: mean = 0.04ms, max = 0.08ms, min = 0.01ms, total = 2.36ms
	NodeManagerService.grpc_client.ReportWorkerBacklog.OnReplyReceived - 60 total (0 active), Execution time: mean = 0.03ms, total = 1.51ms, Queueing time: mean = 0.03ms, max = 0.06ms, min = 0.01ms, total = 1.62ms
	NodeManagerService.grpc_client.ReportWorkerBacklog - 60 total (0 active), Execution time: mean = 0.74ms, total = 44.17ms, Queueing time: mean = 0.00ms, max = -0.00ms, min = 9223372036854.78ms, total = 0.00ms
	CoreWorker.InternalHeartbeat - 60 total (1 active), Execution time: mean = 0.18ms, total = 10.82ms, Queueing time: mean = 0.04ms, max = 0.11ms, min = 0.01ms, total = 2.39ms
	CoreWorker.RecordMetrics - 12 total (1 active), Execution time: mean = 0.06ms, total = 0.76ms, Queueing time: mean = 0.03ms, max = 0.07ms, min = 0.01ms, total = 0.38ms
	PeriodicalRunner.RunFnPeriodically - 7 total (0 active), Execution time: mean = 0.09ms, total = 0.64ms, Queueing time: mean = 0.31ms, max = 0.69ms, min = 0.02ms, total = 2.19ms
	ReporterService.grpc_client.HealthCheck.OnReplyReceived - 6 total (0 active), Execution time: mean = 0.09ms, total = 0.55ms, Queueing time: mean = 0.01ms, max = 0.02ms, min = 0.01ms, total = 0.09ms
	ReporterService.grpc_client.HealthCheck - 6 total (0 active), Execution time: mean = 0.81ms, total = 4.88ms, Queueing time: mean = 0.00ms, max = -0.00ms, min = 9223372036854.78ms, total = 0.00ms
	CoreWorker.TryDelPendingObjectRefStreams - 6 total (1 active), Execution time: mean = 0.00ms, total = 0.03ms, Queueing time: mean = 0.03ms, max = 0.06ms, min = 0.02ms, total = 0.18ms
	MetricsAgentClient.WaitForServerReadyWithRetry - 5 total (0 active), Execution time: mean = 0.15ms, total = 0.74ms, Queueing time: mean = 1000.02ms, max = 1000.03ms, min = 1000.02ms, total = 5000.11ms
	CoreWorkerService.grpc_server.GetCoreWorkerStats - 4 total (0 active), Execution time: mean = 0.34ms, total = 1.34ms, Queueing time: mean = 0.00ms, max = -0.00ms, min = 9223372036854.78ms, total = 0.00ms
	CoreWorkerService.grpc_server.GetCoreWorkerStats.HandleRequestImpl - 4 total (0 active), Execution time: mean = 0.12ms, total = 0.49ms, Queueing time: mean = 0.02ms, max = 0.02ms, min = 0.02ms, total = 0.08ms
	ray::rpc::NodeInfoGcsService.grpc_client.GetAllNodeAddressAndLiveness - 1 total (0 active), Execution time: mean = 0.67ms, total = 0.67ms, Queueing time: mean = 0.00ms, max = -0.00ms, min = 9223372036854.78ms, total = 0.00ms
	ray::rpc::InternalPubSubGcsService.grpc_client.GcsSubscriberCommandBatch.OnReplyReceived - 1 total (0 active), Execution time: mean = 0.18ms, total = 0.18ms, Queueing time: mean = 0.03ms, max = 0.03ms, min = 0.03ms, total = 0.03ms
	ray::rpc::InternalPubSubGcsService.grpc_client.GcsSubscriberCommandBatch - 1 total (0 active), Execution time: mean = 3.94ms, total = 3.94ms, Queueing time: mean = 0.00ms, max = -0.00ms, min = 9223372036854.78ms, total = 0.00ms
	ray::rpc::InternalPubSubGcsService.grpc_client.GcsSubscriberPoll - 1 total (1 active), Execution time: mean = 0.00ms, total = 0.00ms, Queueing time: mean = 0.00ms, max = -0.00ms, min = 9223372036854.78ms, total = 0.00ms
	ray::rpc::WorkerInfoGcsService.grpc_client.AddWorkerInfo - 1 total (0 active), Execution time: mean = 4.10ms, total = 4.10ms, Queueing time: mean = 0.00ms, max = -0.00ms, min = 9223372036854.78ms, total = 0.00ms
	ray::rpc::WorkerInfoGcsService.grpc_client.AddWorkerInfo.OnReplyReceived - 1 total (0 active), Execution time: mean = 0.03ms, total = 0.03ms, Queueing time: mean = 0.01ms, max = 0.01ms, min = 0.01ms, total = 0.01ms
	Publisher.CheckDeadSubscribers - 1 total (1 active), Execution time: mean = 0.00ms, total = 0.00ms, Queueing time: mean = 0.00ms, max = -0.00ms, min = 9223372036854.78ms, total = 0.00ms
	ray::rpc::NodeInfoGcsService.grpc_client.GetAllNodeAddressAndLiveness.OnReplyReceived - 1 total (0 active), Execution time: mean = 0.05ms, total = 0.05ms, Queueing time: mean = 0.01ms, max = 0.01ms, min = 0.01ms, total = 0.01ms
	CoreWorker.PrintEventStats - 1 total (1 active, 1 running), Execution time: mean = 0.00ms, total = 0.00ms, Queueing time: mean = 0.00ms, max = -0.00ms, min = 9223372036854.78ms, total = 0.00ms

-----------------
Task execution event stats:

Global stats: 5958 total (1 active)
Queueing time: mean = 0.06ms, max = 8.52ms, min = 0.00ms, total = 369.97ms
Execution time:  mean = 0.01ms, total = 88.14ms
Event stats:
	CoreWorker.CheckSignal - 5957 total (1 active), Execution time: mean = 0.01ms, total = 88.13ms, Queueing time: mean = 0.06ms, max = 8.52ms, min = 0.01ms, total = 369.97ms
	PeriodicalRunner.RunFnPeriodically - 1 total (0 active), Execution time: mean = 0.01ms, total = 0.01ms, Queueing time: mean = 0.00ms, max = 0.00ms, min = 0.00ms, total = 0.00ms

-----------------
Task Event stats:

IO Service Stats:

Global stats: 181 total (1 active)
Queueing time: mean = 0.02ms, max = 0.09ms, min = 0.01ms, total = 4.28ms
Execution time:  mean = 0.41ms, total = 73.62ms
Event stats:
	CoreWorker.deadline_timer.flush_task_events - 60 total (1 active), Execution time: mean = 0.22ms, total = 13.33ms, Queueing time: mean = 0.04ms, max = 0.09ms, min = 0.02ms, total = 2.40ms
	ray::rpc::TaskInfoGcsService.grpc_client.AddTaskEventData.OnReplyReceived - 60 total (0 active), Execution time: mean = 0.04ms, total = 2.11ms, Queueing time: mean = 0.03ms, max = 0.06ms, min = 0.01ms, total = 1.87ms
	ray::rpc::TaskInfoGcsService.grpc_client.AddTaskEventData - 60 total (0 active), Execution time: mean = 0.97ms, total = 57.93ms, Queueing time: mean = 0.00ms, max = -0.00ms, min = 9223372036854.78ms, total = 0.00ms
	PeriodicalRunner.RunFnPeriodically - 1 total (0 active), Execution time: mean = 0.25ms, total = 0.25ms, Queueing time: mean = 0.01ms, max = 0.01ms, min = 0.01ms, total = 0.01ms
Other Stats:
	gcs_grpc_in_progress:0
	event_aggregator_grpc_in_progress:0
	current number of task status events in buffer: 0
	current number of profile events in buffer: 0
	current number of dropped task attempts tracked: 0
	total task events sent: 0 MiB
	total number of task attempts sent: 0
	total number of task attempts dropped reported: 0
	total number of sent failure: 0
	num status task events dropped: 0
	num profile task events dropped: 0
	num ray task events reported to aggregator: 0
	num ray task events failed to report to aggregator: 0
	num of task attempts dropped reported to aggregator: 0
	num of failed requests to aggregator: 0

[2026-02-05 22:39:53,271 I 3799557 3800141] core_worker.cc:455: Event stats:


Global stats: 1766 total (8 active)
Queueing time: mean = 2.87ms, max = 1000.03ms, min = 0.01ms, total = 5075.13ms
Execution time:  mean = 0.09ms, total = 153.19ms
Event stats:
	CoreWorker.RecoverObjects - 1200 total (1 active), Execution time: mean = 0.01ms, total = 10.94ms, Queueing time: mean = 0.05ms, max = 0.18ms, min = 0.01ms, total = 55.36ms
	NodeManagerService.grpc_client.ReportWorkerBacklog.OnReplyReceived - 120 total (0 active), Execution time: mean = 0.03ms, total = 3.43ms, Queueing time: mean = 0.03ms, max = 0.07ms, min = 0.01ms, total = 4.15ms
	CoreWorker.ExitIfParentRayletDies - 120 total (1 active), Execution time: mean = 0.01ms, total = 1.30ms, Queueing time: mean = 0.05ms, max = 0.09ms, min = 0.01ms, total = 5.58ms
	NodeManagerService.grpc_client.ReportWorkerBacklog - 120 total (0 active), Execution time: mean = 0.77ms, total = 92.79ms, Queueing time: mean = 0.00ms, max = -0.00ms, min = 9223372036854.78ms, total = 0.00ms
	CoreWorker.InternalHeartbeat - 120 total (1 active), Execution time: mean = 0.19ms, total = 22.91ms, Queueing time: mean = 0.05ms, max = 0.11ms, min = 0.01ms, total = 5.59ms
	CoreWorker.RecordMetrics - 24 total (1 active), Execution time: mean = 0.07ms, total = 1.71ms, Queueing time: mean = 0.04ms, max = 0.07ms, min = 0.01ms, total = 1.06ms
	CoreWorker.TryDelPendingObjectRefStreams - 12 total (1 active), Execution time: mean = 0.01ms, total = 0.06ms, Queueing time: mean = 0.06ms, max = 0.24ms, min = 0.02ms, total = 0.71ms
	CoreWorkerService.grpc_server.GetCoreWorkerStats.HandleRequestImpl - 8 total (0 active), Execution time: mean = 0.11ms, total = 0.88ms, Queueing time: mean = 0.02ms, max = 0.03ms, min = 0.02ms, total = 0.18ms
	CoreWorkerService.grpc_server.GetCoreWorkerStats - 8 total (0 active), Execution time: mean = 0.33ms, total = 2.65ms, Queueing time: mean = 0.00ms, max = -0.00ms, min = 9223372036854.78ms, total = 0.00ms
	PeriodicalRunner.RunFnPeriodically - 7 total (0 active), Execution time: mean = 0.09ms, total = 0.64ms, Queueing time: mean = 0.31ms, max = 0.69ms, min = 0.02ms, total = 2.19ms
	ReporterService.grpc_client.HealthCheck.OnReplyReceived - 6 total (0 active), Execution time: mean = 0.09ms, total = 0.55ms, Queueing time: mean = 0.01ms, max = 0.02ms, min = 0.01ms, total = 0.09ms
	ReporterService.grpc_client.HealthCheck - 6 total (0 active), Execution time: mean = 0.81ms, total = 4.88ms, Queueing time: mean = 0.00ms, max = -0.00ms, min = 9223372036854.78ms, total = 0.00ms
	MetricsAgentClient.WaitForServerReadyWithRetry - 5 total (0 active), Execution time: mean = 0.15ms, total = 0.74ms, Queueing time: mean = 1000.02ms, max = 1000.03ms, min = 1000.02ms, total = 5000.11ms
	CoreWorker.PrintEventStats - 2 total (1 active, 1 running), Execution time: mean = 0.37ms, total = 0.73ms, Queueing time: mean = 0.03ms, max = 0.06ms, min = 0.06ms, total = 0.06ms
	ray::rpc::InternalPubSubGcsService.grpc_client.GcsSubscriberCommandBatch.OnReplyReceived - 1 total (0 active), Execution time: mean = 0.18ms, total = 0.18ms, Queueing time: mean = 0.03ms, max = 0.03ms, min = 0.03ms, total = 0.03ms
	ray::rpc::InternalPubSubGcsService.grpc_client.GcsSubscriberPoll - 1 total (1 active), Execution time: mean = 0.00ms, total = 0.00ms, Queueing time: mean = 0.00ms, max = -0.00ms, min = 9223372036854.78ms, total = 0.00ms
	ray::rpc::InternalPubSubGcsService.grpc_client.GcsSubscriberCommandBatch - 1 total (0 active), Execution time: mean = 3.94ms, total = 3.94ms, Queueing time: mean = 0.00ms, max = -0.00ms, min = 9223372036854.78ms, total = 0.00ms
	ray::rpc::NodeInfoGcsService.grpc_client.GetAllNodeAddressAndLiveness - 1 total (0 active), Execution time: mean = 0.67ms, total = 0.67ms, Queueing time: mean = 0.00ms, max = -0.00ms, min = 9223372036854.78ms, total = 0.00ms
	ray::rpc::WorkerInfoGcsService.grpc_client.AddWorkerInfo - 1 total (0 active), Execution time: mean = 4.10ms, total = 4.10ms, Queueing time: mean = 0.00ms, max = -0.00ms, min = 9223372036854.78ms, total = 0.00ms
	ray::rpc::WorkerInfoGcsService.grpc_client.AddWorkerInfo.OnReplyReceived - 1 total (0 active), Execution time: mean = 0.03ms, total = 0.03ms, Queueing time: mean = 0.01ms, max = 0.01ms, min = 0.01ms, total = 0.01ms
	Publisher.CheckDeadSubscribers - 1 total (1 active), Execution time: mean = 0.00ms, total = 0.00ms, Queueing time: mean = 0.00ms, max = -0.00ms, min = 9223372036854.78ms, total = 0.00ms
	ray::rpc::NodeInfoGcsService.grpc_client.GetAllNodeAddressAndLiveness.OnReplyReceived - 1 total (0 active), Execution time: mean = 0.05ms, total = 0.05ms, Queueing time: mean = 0.01ms, max = 0.01ms, min = 0.01ms, total = 0.01ms

-----------------
Task execution event stats:

Global stats: 11922 total (1 active)
Queueing time: mean = 0.06ms, max = 8.52ms, min = 0.00ms, total = 661.88ms
Execution time:  mean = 0.02ms, total = 179.26ms
Event stats:
	CoreWorker.CheckSignal - 11921 total (1 active), Execution time: mean = 0.02ms, total = 179.25ms, Queueing time: mean = 0.06ms, max = 8.52ms, min = 0.01ms, total = 661.87ms
	PeriodicalRunner.RunFnPeriodically - 1 total (0 active), Execution time: mean = 0.01ms, total = 0.01ms, Queueing time: mean = 0.00ms, max = 0.00ms, min = 0.00ms, total = 0.00ms

-----------------
Task Event stats:

IO Service Stats:

Global stats: 361 total (1 active)
Queueing time: mean = 0.03ms, max = 0.13ms, min = 0.01ms, total = 9.41ms
Execution time:  mean = 0.37ms, total = 134.87ms
Event stats:
	CoreWorker.deadline_timer.flush_task_events - 120 total (1 active), Execution time: mean = 0.23ms, total = 27.16ms, Queueing time: mean = 0.05ms, max = 0.13ms, min = 0.02ms, total = 5.47ms
	ray::rpc::TaskInfoGcsService.grpc_client.AddTaskEventData.OnReplyReceived - 120 total (0 active), Execution time: mean = 0.04ms, total = 4.44ms, Queueing time: mean = 0.03ms, max = 0.06ms, min = 0.01ms, total = 3.94ms
	ray::rpc::TaskInfoGcsService.grpc_client.AddTaskEventData - 120 total (0 active), Execution time: mean = 0.86ms, total = 103.02ms, Queueing time: mean = 0.00ms, max = -0.00ms, min = 9223372036854.78ms, total = 0.00ms
	PeriodicalRunner.RunFnPeriodically - 1 total (0 active), Execution time: mean = 0.25ms, total = 0.25ms, Queueing time: mean = 0.01ms, max = 0.01ms, min = 0.01ms, total = 0.01ms
Other Stats:
	gcs_grpc_in_progress:0
	event_aggregator_grpc_in_progress:0
	current number of task status events in buffer: 0
	current number of profile events in buffer: 0
	current number of dropped task attempts tracked: 0
	total task events sent: 0 MiB
	total number of task attempts sent: 0
	total number of task attempts dropped reported: 0
	total number of sent failure: 0
	num status task events dropped: 0
	num profile task events dropped: 0
	num ray task events reported to aggregator: 0
	num ray task events failed to report to aggregator: 0
	num of task attempts dropped reported to aggregator: 0
	num of failed requests to aggregator: 0

[2026-02-05 22:40:53,272 I 3799557 3800141] core_worker.cc:455: Event stats:


Global stats: 2633 total (8 active)
Queueing time: mean = 1.94ms, max = 1000.03ms, min = 0.01ms, total = 5116.64ms
Execution time:  mean = 0.09ms, total = 225.90ms
Event stats:
	CoreWorker.RecoverObjects - 1800 total (1 active), Execution time: mean = 0.01ms, total = 16.41ms, Queueing time: mean = 0.05ms, max = 0.18ms, min = 0.01ms, total = 86.16ms
	NodeManagerService.grpc_client.ReportWorkerBacklog.OnReplyReceived - 180 total (0 active), Execution time: mean = 0.03ms, total = 5.25ms, Queueing time: mean = 0.04ms, max = 0.07ms, min = 0.01ms, total = 6.98ms
	CoreWorker.ExitIfParentRayletDies - 180 total (1 active), Execution time: mean = 0.01ms, total = 1.96ms, Queueing time: mean = 0.05ms, max = 0.09ms, min = 0.01ms, total = 8.84ms
	NodeManagerService.grpc_client.ReportWorkerBacklog - 180 total (0 active), Execution time: mean = 0.79ms, total = 141.85ms, Queueing time: mean = 0.00ms, max = -0.00ms, min = 9223372036854.78ms, total = 0.00ms
	CoreWorker.InternalHeartbeat - 180 total (1 active), Execution time: mean = 0.20ms, total = 35.21ms, Queueing time: mean = 0.05ms, max = 0.11ms, min = 0.01ms, total = 8.61ms
	CoreWorker.RecordMetrics - 36 total (1 active), Execution time: mean = 0.07ms, total = 2.57ms, Queueing time: mean = 0.04ms, max = 0.08ms, min = 0.01ms, total = 1.61ms
	CoreWorker.TryDelPendingObjectRefStreams - 18 total (1 active), Execution time: mean = 0.01ms, total = 0.09ms, Queueing time: mean = 0.09ms, max = 0.55ms, min = 0.02ms, total = 1.55ms
	CoreWorkerService.grpc_server.GetCoreWorkerStats.HandleRequestImpl - 12 total (0 active), Execution time: mean = 0.10ms, total = 1.23ms, Queueing time: mean = 0.03ms, max = 0.06ms, min = 0.02ms, total = 0.32ms
	CoreWorkerService.grpc_server.GetCoreWorkerStats - 12 total (0 active), Execution time: mean = 0.33ms, total = 4.01ms, Queueing time: mean = 0.00ms, max = -0.00ms, min = 9223372036854.78ms, total = 0.00ms
	PeriodicalRunner.RunFnPeriodically - 7 total (0 active), Execution time: mean = 0.09ms, total = 0.64ms, Queueing time: mean = 0.31ms, max = 0.69ms, min = 0.02ms, total = 2.19ms
	ReporterService.grpc_client.HealthCheck.OnReplyReceived - 6 total (0 active), Execution time: mean = 0.09ms, total = 0.55ms, Queueing time: mean = 0.01ms, max = 0.02ms, min = 0.01ms, total = 0.09ms
	ReporterService.grpc_client.HealthCheck - 6 total (0 active), Execution time: mean = 0.81ms, total = 4.88ms, Queueing time: mean = 0.00ms, max = -0.00ms, min = 9223372036854.78ms, total = 0.00ms
	MetricsAgentClient.WaitForServerReadyWithRetry - 5 total (0 active), Execution time: mean = 0.15ms, total = 0.74ms, Queueing time: mean = 1000.02ms, max = 1000.03ms, min = 1000.02ms, total = 5000.11ms
	CoreWorker.PrintEventStats - 3 total (1 active, 1 running), Execution time: mean = 0.51ms, total = 1.53ms, Queueing time: mean = 0.05ms, max = 0.07ms, min = 0.06ms, total = 0.14ms
	ray::rpc::InternalPubSubGcsService.grpc_client.GcsSubscriberCommandBatch.OnReplyReceived - 1 total (0 active), Execution time: mean = 0.18ms, total = 0.18ms, Queueing time: mean = 0.03ms, max = 0.03ms, min = 0.03ms, total = 0.03ms
	ray::rpc::InternalPubSubGcsService.grpc_client.GcsSubscriberPoll - 1 total (1 active), Execution time: mean = 0.00ms, total = 0.00ms, Queueing time: mean = 0.00ms, max = -0.00ms, min = 9223372036854.78ms, total = 0.00ms
	ray::rpc::InternalPubSubGcsService.grpc_client.GcsSubscriberCommandBatch - 1 total (0 active), Execution time: mean = 3.94ms, total = 3.94ms, Queueing time: mean = 0.00ms, max = -0.00ms, min = 9223372036854.78ms, total = 0.00ms
	ray::rpc::NodeInfoGcsService.grpc_client.GetAllNodeAddressAndLiveness - 1 total (0 active), Execution time: mean = 0.67ms, total = 0.67ms, Queueing time: mean = 0.00ms, max = -0.00ms, min = 9223372036854.78ms, total = 0.00ms
	ray::rpc::WorkerInfoGcsService.grpc_client.AddWorkerInfo - 1 total (0 active), Execution time: mean = 4.10ms, total = 4.10ms, Queueing time: mean = 0.00ms, max = -0.00ms, min = 9223372036854.78ms, total = 0.00ms
	ray::rpc::WorkerInfoGcsService.grpc_client.AddWorkerInfo.OnReplyReceived - 1 total (0 active), Execution time: mean = 0.03ms, total = 0.03ms, Queueing time: mean = 0.01ms, max = 0.01ms, min = 0.01ms, total = 0.01ms
	Publisher.CheckDeadSubscribers - 1 total (1 active), Execution time: mean = 0.00ms, total = 0.00ms, Queueing time: mean = 0.00ms, max = -0.00ms, min = 9223372036854.78ms, total = 0.00ms
	ray::rpc::NodeInfoGcsService.grpc_client.GetAllNodeAddressAndLiveness.OnReplyReceived - 1 total (0 active), Execution time: mean = 0.05ms, total = 0.05ms, Queueing time: mean = 0.01ms, max = 0.01ms, min = 0.01ms, total = 0.01ms

-----------------
Task execution event stats:

Global stats: 17885 total (1 active)
Queueing time: mean = 0.05ms, max = 8.52ms, min = 0.00ms, total = 970.53ms
Execution time:  mean = 0.02ms, total = 273.42ms
Event stats:
	CoreWorker.CheckSignal - 17884 total (1 active), Execution time: mean = 0.02ms, total = 273.41ms, Queueing time: mean = 0.05ms, max = 8.52ms, min = 0.01ms, total = 970.53ms
	PeriodicalRunner.RunFnPeriodically - 1 total (0 active), Execution time: mean = 0.01ms, total = 0.01ms, Queueing time: mean = 0.00ms, max = 0.00ms, min = 0.00ms, total = 0.00ms

-----------------
Task Event stats:

IO Service Stats:

Global stats: 541 total (1 active)
Queueing time: mean = 0.03ms, max = 0.13ms, min = 0.01ms, total = 15.15ms
Execution time:  mean = 0.37ms, total = 198.67ms
Event stats:
	CoreWorker.deadline_timer.flush_task_events - 180 total (1 active), Execution time: mean = 0.23ms, total = 41.03ms, Queueing time: mean = 0.05ms, max = 0.13ms, min = 0.02ms, total = 8.83ms
	ray::rpc::TaskInfoGcsService.grpc_client.AddTaskEventData.OnReplyReceived - 180 total (0 active), Execution time: mean = 0.04ms, total = 6.70ms, Queueing time: mean = 0.04ms, max = 0.06ms, min = 0.01ms, total = 6.32ms
	ray::rpc::TaskInfoGcsService.grpc_client.AddTaskEventData - 180 total (0 active), Execution time: mean = 0.84ms, total = 150.69ms, Queueing time: mean = 0.00ms, max = -0.00ms, min = 9223372036854.78ms, total = 0.00ms
	PeriodicalRunner.RunFnPeriodically - 1 total (0 active), Execution time: mean = 0.25ms, total = 0.25ms, Queueing time: mean = 0.01ms, max = 0.01ms, min = 0.01ms, total = 0.01ms
Other Stats:
	gcs_grpc_in_progress:0
	event_aggregator_grpc_in_progress:0
	current number of task status events in buffer: 0
	current number of profile events in buffer: 0
	current number of dropped task attempts tracked: 0
	total task events sent: 0 MiB
	total number of task attempts sent: 0
	total number of task attempts dropped reported: 0
	total number of sent failure: 0
	num status task events dropped: 0
	num profile task events dropped: 0
	num ray task events reported to aggregator: 0
	num ray task events failed to report to aggregator: 0
	num of task attempts dropped reported to aggregator: 0
	num of failed requests to aggregator: 0

[2026-02-05 22:41:53,273 I 3799557 3800141] core_worker.cc:455: Event stats:


Global stats: 3499 total (8 active)
Queueing time: mean = 1.47ms, max = 1000.03ms, min = 0.01ms, total = 5148.47ms
Execution time:  mean = 0.09ms, total = 298.96ms
Event stats:
	CoreWorker.RecoverObjects - 2399 total (1 active), Execution time: mean = 0.01ms, total = 21.70ms, Queueing time: mean = 0.05ms, max = 0.18ms, min = 0.01ms, total = 109.81ms
	NodeManagerService.grpc_client.ReportWorkerBacklog.OnReplyReceived - 240 total (0 active), Execution time: mean = 0.03ms, total = 7.23ms, Queueing time: mean = 0.04ms, max = 0.07ms, min = 0.01ms, total = 9.08ms
	CoreWorker.ExitIfParentRayletDies - 240 total (1 active), Execution time: mean = 0.01ms, total = 2.62ms, Queueing time: mean = 0.05ms, max = 0.09ms, min = 0.01ms, total = 11.13ms
	NodeManagerService.grpc_client.ReportWorkerBacklog - 240 total (0 active), Execution time: mean = 0.80ms, total = 191.59ms, Queueing time: mean = 0.00ms, max = -0.00ms, min = 9223372036854.78ms, total = 0.00ms
	CoreWorker.InternalHeartbeat - 240 total (1 active), Execution time: mean = 0.20ms, total = 47.33ms, Queueing time: mean = 0.05ms, max = 0.11ms, min = 0.01ms, total = 10.94ms
	CoreWorker.RecordMetrics - 48 total (1 active), Execution time: mean = 0.07ms, total = 3.40ms, Queueing time: mean = 0.05ms, max = 0.08ms, min = 0.01ms, total = 2.16ms
	CoreWorker.TryDelPendingObjectRefStreams - 24 total (1 active), Execution time: mean = 0.01ms, total = 0.13ms, Queueing time: mean = 0.09ms, max = 0.55ms, min = 0.02ms, total = 2.27ms
	CoreWorkerService.grpc_server.GetCoreWorkerStats.HandleRequestImpl - 16 total (0 active), Execution time: mean = 0.10ms, total = 1.53ms, Queueing time: mean = 0.03ms, max = 0.06ms, min = 0.02ms, total = 0.43ms
	CoreWorkerService.grpc_server.GetCoreWorkerStats - 16 total (0 active), Execution time: mean = 0.33ms, total = 5.34ms, Queueing time: mean = 0.00ms, max = -0.00ms, min = 9223372036854.78ms, total = 0.00ms
	PeriodicalRunner.RunFnPeriodically - 7 total (0 active), Execution time: mean = 0.09ms, total = 0.64ms, Queueing time: mean = 0.31ms, max = 0.69ms, min = 0.02ms, total = 2.19ms
	ReporterService.grpc_client.HealthCheck.OnReplyReceived - 6 total (0 active), Execution time: mean = 0.09ms, total = 0.55ms, Queueing time: mean = 0.01ms, max = 0.02ms, min = 0.01ms, total = 0.09ms
	ReporterService.grpc_client.HealthCheck - 6 total (0 active), Execution time: mean = 0.81ms, total = 4.88ms, Queueing time: mean = 0.00ms, max = -0.00ms, min = 9223372036854.78ms, total = 0.00ms
	MetricsAgentClient.WaitForServerReadyWithRetry - 5 total (0 active), Execution time: mean = 0.15ms, total = 0.74ms, Queueing time: mean = 1000.02ms, max = 1000.03ms, min = 1000.02ms, total = 5000.11ms
	CoreWorker.PrintEventStats - 4 total (1 active, 1 running), Execution time: mean = 0.57ms, total = 2.30ms, Queueing time: mean = 0.05ms, max = 0.07ms, min = 0.06ms, total = 0.20ms
	ray::rpc::InternalPubSubGcsService.grpc_client.GcsSubscriberCommandBatch.OnReplyReceived - 1 total (0 active), Execution time: mean = 0.18ms, total = 0.18ms, Queueing time: mean = 0.03ms, max = 0.03ms, min = 0.03ms, total = 0.03ms
	ray::rpc::InternalPubSubGcsService.grpc_client.GcsSubscriberPoll - 1 total (1 active), Execution time: mean = 0.00ms, total = 0.00ms, Queueing time: mean = 0.00ms, max = -0.00ms, min = 9223372036854.78ms, total = 0.00ms
	ray::rpc::InternalPubSubGcsService.grpc_client.GcsSubscriberCommandBatch - 1 total (0 active), Execution time: mean = 3.94ms, total = 3.94ms, Queueing time: mean = 0.00ms, max = -0.00ms, min = 9223372036854.78ms, total = 0.00ms
	ray::rpc::NodeInfoGcsService.grpc_client.GetAllNodeAddressAndLiveness - 1 total (0 active), Execution time: mean = 0.67ms, total = 0.67ms, Queueing time: mean = 0.00ms, max = -0.00ms, min = 9223372036854.78ms, total = 0.00ms
	ray::rpc::WorkerInfoGcsService.grpc_client.AddWorkerInfo - 1 total (0 active), Execution time: mean = 4.10ms, total = 4.10ms, Queueing time: mean = 0.00ms, max = -0.00ms, min = 9223372036854.78ms, total = 0.00ms
	ray::rpc::WorkerInfoGcsService.grpc_client.AddWorkerInfo.OnReplyReceived - 1 total (0 active), Execution time: mean = 0.03ms, total = 0.03ms, Queueing time: mean = 0.01ms, max = 0.01ms, min = 0.01ms, total = 0.01ms
	Publisher.CheckDeadSubscribers - 1 total (1 active), Execution time: mean = 0.00ms, total = 0.00ms, Queueing time: mean = 0.00ms, max = -0.00ms, min = 9223372036854.78ms, total = 0.00ms
	ray::rpc::NodeInfoGcsService.grpc_client.GetAllNodeAddressAndLiveness.OnReplyReceived - 1 total (0 active), Execution time: mean = 0.05ms, total = 0.05ms, Queueing time: mean = 0.01ms, max = 0.01ms, min = 0.01ms, total = 0.01ms

-----------------
Task execution event stats:

Global stats: 23848 total (1 active)
Queueing time: mean = 0.05ms, max = 8.52ms, min = 0.00ms, total = 1276.72ms
Execution time:  mean = 0.02ms, total = 368.01ms
Event stats:
	CoreWorker.CheckSignal - 23847 total (1 active), Execution time: mean = 0.02ms, total = 368.00ms, Queueing time: mean = 0.05ms, max = 8.52ms, min = 0.01ms, total = 1276.72ms
	PeriodicalRunner.RunFnPeriodically - 1 total (0 active), Execution time: mean = 0.01ms, total = 0.01ms, Queueing time: mean = 0.00ms, max = 0.00ms, min = 0.00ms, total = 0.00ms

-----------------
Task Event stats:

IO Service Stats:

Global stats: 721 total (1 active)
Queueing time: mean = 0.03ms, max = 0.13ms, min = 0.01ms, total = 19.77ms
Execution time:  mean = 0.36ms, total = 262.63ms
Event stats:
	CoreWorker.deadline_timer.flush_task_events - 240 total (1 active), Execution time: mean = 0.23ms, total = 54.48ms, Queueing time: mean = 0.05ms, max = 0.13ms, min = 0.02ms, total = 11.37ms
	ray::rpc::TaskInfoGcsService.grpc_client.AddTaskEventData.OnReplyReceived - 240 total (0 active), Execution time: mean = 0.04ms, total = 9.24ms, Queueing time: mean = 0.03ms, max = 0.06ms, min = 0.01ms, total = 8.39ms
	ray::rpc::TaskInfoGcsService.grpc_client.AddTaskEventData - 240 total (0 active), Execution time: mean = 0.83ms, total = 198.67ms, Queueing time: mean = 0.00ms, max = -0.00ms, min = 9223372036854.78ms, total = 0.00ms
	PeriodicalRunner.RunFnPeriodically - 1 total (0 active), Execution time: mean = 0.25ms, total = 0.25ms, Queueing time: mean = 0.01ms, max = 0.01ms, min = 0.01ms, total = 0.01ms
Other Stats:
	gcs_grpc_in_progress:0
	event_aggregator_grpc_in_progress:0
	current number of task status events in buffer: 0
	current number of profile events in buffer: 0
	current number of dropped task attempts tracked: 0
	total task events sent: 0 MiB
	total number of task attempts sent: 0
	total number of task attempts dropped reported: 0
	total number of sent failure: 0
	num status task events dropped: 0
	num profile task events dropped: 0
	num ray task events reported to aggregator: 0
	num ray task events failed to report to aggregator: 0
	num of task attempts dropped reported to aggregator: 0
	num of failed requests to aggregator: 0

[2026-02-05 22:42:53,274 I 3799557 3800141] core_worker.cc:455: Event stats:


Global stats: 4367 total (8 active)
Queueing time: mean = 1.19ms, max = 1000.03ms, min = 0.01ms, total = 5180.40ms
Execution time:  mean = 0.09ms, total = 371.75ms
Event stats:
	CoreWorker.RecoverObjects - 2999 total (1 active), Execution time: mean = 0.01ms, total = 27.11ms, Queueing time: mean = 0.04ms, max = 0.18ms, min = 0.01ms, total = 133.56ms
	NodeManagerService.grpc_client.ReportWorkerBacklog.OnReplyReceived - 300 total (0 active), Execution time: mean = 0.03ms, total = 9.09ms, Queueing time: mean = 0.04ms, max = 0.08ms, min = 0.01ms, total = 11.13ms
	CoreWorker.ExitIfParentRayletDies - 300 total (1 active), Execution time: mean = 0.01ms, total = 3.32ms, Queueing time: mean = 0.04ms, max = 0.09ms, min = 0.01ms, total = 13.47ms
	CoreWorker.InternalHeartbeat - 300 total (1 active), Execution time: mean = 0.20ms, total = 59.89ms, Queueing time: mean = 0.04ms, max = 0.11ms, min = 0.01ms, total = 13.41ms
	NodeManagerService.grpc_client.ReportWorkerBacklog - 300 total (0 active), Execution time: mean = 0.80ms, total = 240.41ms, Queueing time: mean = 0.00ms, max = -0.00ms, min = 9223372036854.78ms, total = 0.00ms
	CoreWorker.RecordMetrics - 60 total (1 active), Execution time: mean = 0.07ms, total = 4.24ms, Queueing time: mean = 0.04ms, max = 0.08ms, min = 0.01ms, total = 2.56ms
	CoreWorker.TryDelPendingObjectRefStreams - 30 total (1 active), Execution time: mean = 0.01ms, total = 0.17ms, Queueing time: mean = 0.10ms, max = 0.58ms, min = 0.02ms, total = 3.00ms
	CoreWorkerService.grpc_server.GetCoreWorkerStats - 20 total (0 active), Execution time: mean = 0.34ms, total = 6.71ms, Queueing time: mean = 0.00ms, max = -0.00ms, min = 9223372036854.78ms, total = 0.00ms
	CoreWorkerService.grpc_server.GetCoreWorkerStats.HandleRequestImpl - 20 total (0 active), Execution time: mean = 0.10ms, total = 1.93ms, Queueing time: mean = 0.03ms, max = 0.06ms, min = 0.02ms, total = 0.54ms
	PeriodicalRunner.RunFnPeriodically - 7 total (0 active), Execution time: mean = 0.09ms, total = 0.64ms, Queueing time: mean = 0.31ms, max = 0.69ms, min = 0.02ms, total = 2.19ms
	ReporterService.grpc_client.HealthCheck.OnReplyReceived - 6 total (0 active), Execution time: mean = 0.09ms, total = 0.55ms, Queueing time: mean = 0.01ms, max = 0.02ms, min = 0.01ms, total = 0.09ms
	ReporterService.grpc_client.HealthCheck - 6 total (0 active), Execution time: mean = 0.81ms, total = 4.88ms, Queueing time: mean = 0.00ms, max = -0.00ms, min = 9223372036854.78ms, total = 0.00ms
	CoreWorker.PrintEventStats - 5 total (1 active, 1 running), Execution time: mean = 0.62ms, total = 3.09ms, Queueing time: mean = 0.05ms, max = 0.07ms, min = 0.03ms, total = 0.23ms
	MetricsAgentClient.WaitForServerReadyWithRetry - 5 total (0 active), Execution time: mean = 0.15ms, total = 0.74ms, Queueing time: mean = 1000.02ms, max = 1000.03ms, min = 1000.02ms, total = 5000.11ms
	Publisher.CheckDeadSubscribers - 2 total (1 active), Execution time: mean = 0.00ms, total = 0.01ms, Queueing time: mean = 0.03ms, max = 0.07ms, min = 0.07ms, total = 0.07ms
	ray::rpc::InternalPubSubGcsService.grpc_client.GcsSubscriberPoll - 1 total (1 active), Execution time: mean = 0.00ms, total = 0.00ms, Queueing time: mean = 0.00ms, max = -0.00ms, min = 9223372036854.78ms, total = 0.00ms
	ray::rpc::InternalPubSubGcsService.grpc_client.GcsSubscriberCommandBatch.OnReplyReceived - 1 total (0 active), Execution time: mean = 0.18ms, total = 0.18ms, Queueing time: mean = 0.03ms, max = 0.03ms, min = 0.03ms, total = 0.03ms
	ray::rpc::InternalPubSubGcsService.grpc_client.GcsSubscriberCommandBatch - 1 total (0 active), Execution time: mean = 3.94ms, total = 3.94ms, Queueing time: mean = 0.00ms, max = -0.00ms, min = 9223372036854.78ms, total = 0.00ms
	ray::rpc::NodeInfoGcsService.grpc_client.GetAllNodeAddressAndLiveness - 1 total (0 active), Execution time: mean = 0.67ms, total = 0.67ms, Queueing time: mean = 0.00ms, max = -0.00ms, min = 9223372036854.78ms, total = 0.00ms
	ray::rpc::WorkerInfoGcsService.grpc_client.AddWorkerInfo - 1 total (0 active), Execution time: mean = 4.10ms, total = 4.10ms, Queueing time: mean = 0.00ms, max = -0.00ms, min = 9223372036854.78ms, total = 0.00ms
	ray::rpc::WorkerInfoGcsService.grpc_client.AddWorkerInfo.OnReplyReceived - 1 total (0 active), Execution time: mean = 0.03ms, total = 0.03ms, Queueing time: mean = 0.01ms, max = 0.01ms, min = 0.01ms, total = 0.01ms
	ray::rpc::NodeInfoGcsService.grpc_client.GetAllNodeAddressAndLiveness.OnReplyReceived - 1 total (0 active), Execution time: mean = 0.05ms, total = 0.05ms, Queueing time: mean = 0.01ms, max = 0.01ms, min = 0.01ms, total = 0.01ms

-----------------
Task execution event stats:

Global stats: 29811 total (1 active)
Queueing time: mean = 0.05ms, max = 8.52ms, min = 0.00ms, total = 1585.92ms
Execution time:  mean = 0.02ms, total = 461.82ms
Event stats:
	CoreWorker.CheckSignal - 29810 total (1 active), Execution time: mean = 0.02ms, total = 461.81ms, Queueing time: mean = 0.05ms, max = 8.52ms, min = 0.01ms, total = 1585.92ms
	PeriodicalRunner.RunFnPeriodically - 1 total (0 active), Execution time: mean = 0.01ms, total = 0.01ms, Queueing time: mean = 0.00ms, max = 0.00ms, min = 0.00ms, total = 0.00ms

-----------------
Task Event stats:

IO Service Stats:

Global stats: 901 total (1 active)
Queueing time: mean = 0.03ms, max = 0.13ms, min = 0.01ms, total = 24.94ms
Execution time:  mean = 0.36ms, total = 326.00ms
Event stats:
	CoreWorker.deadline_timer.flush_task_events - 300 total (1 active), Execution time: mean = 0.23ms, total = 68.23ms, Queueing time: mean = 0.05ms, max = 0.13ms, min = 0.02ms, total = 14.58ms
	ray::rpc::TaskInfoGcsService.grpc_client.AddTaskEventData.OnReplyReceived - 300 total (0 active), Execution time: mean = 0.04ms, total = 11.68ms, Queueing time: mean = 0.03ms, max = 0.06ms, min = 0.01ms, total = 10.35ms
	ray::rpc::TaskInfoGcsService.grpc_client.AddTaskEventData - 300 total (0 active), Execution time: mean = 0.82ms, total = 245.85ms, Queueing time: mean = 0.00ms, max = -0.00ms, min = 9223372036854.78ms, total = 0.00ms
	PeriodicalRunner.RunFnPeriodically - 1 total (0 active), Execution time: mean = 0.25ms, total = 0.25ms, Queueing time: mean = 0.01ms, max = 0.01ms, min = 0.01ms, total = 0.01ms
Other Stats:
	gcs_grpc_in_progress:0
	event_aggregator_grpc_in_progress:0
	current number of task status events in buffer: 0
	current number of profile events in buffer: 0
	current number of dropped task attempts tracked: 0
	total task events sent: 0 MiB
	total number of task attempts sent: 0
	total number of task attempts dropped reported: 0
	total number of sent failure: 0
	num status task events dropped: 0
	num profile task events dropped: 0
	num ray task events reported to aggregator: 0
	num ray task events failed to report to aggregator: 0
	num of task attempts dropped reported to aggregator: 0
	num of failed requests to aggregator: 0

[2026-02-05 22:43:53,275 I 3799557 3800141] core_worker.cc:455: Event stats:


Global stats: 5234 total (8 active)
Queueing time: mean = 1.00ms, max = 1000.03ms, min = 0.01ms, total = 5220.33ms
Execution time:  mean = 0.08ms, total = 443.48ms
Event stats:
	CoreWorker.RecoverObjects - 3599 total (1 active), Execution time: mean = 0.01ms, total = 32.36ms, Queueing time: mean = 0.05ms, max = 0.18ms, min = 0.01ms, total = 163.25ms
	CoreWorker.InternalHeartbeat - 360 total (1 active), Execution time: mean = 0.20ms, total = 71.78ms, Queueing time: mean = 0.05ms, max = 0.11ms, min = 0.01ms, total = 16.45ms
	NodeManagerService.grpc_client.ReportWorkerBacklog.OnReplyReceived - 360 total (0 active), Execution time: mean = 0.03ms, total = 10.94ms, Queueing time: mean = 0.04ms, max = 0.08ms, min = 0.01ms, total = 13.69ms
	CoreWorker.ExitIfParentRayletDies - 360 total (1 active), Execution time: mean = 0.01ms, total = 3.98ms, Queueing time: mean = 0.05ms, max = 0.09ms, min = 0.01ms, total = 16.48ms
	NodeManagerService.grpc_client.ReportWorkerBacklog - 360 total (0 active), Execution time: mean = 0.80ms, total = 289.22ms, Queueing time: mean = 0.00ms, max = -0.00ms, min = 9223372036854.78ms, total = 0.00ms
	CoreWorker.RecordMetrics - 72 total (1 active), Execution time: mean = 0.07ms, total = 5.09ms, Queueing time: mean = 0.04ms, max = 0.08ms, min = 0.01ms, total = 3.10ms
	CoreWorker.TryDelPendingObjectRefStreams - 36 total (1 active), Execution time: mean = 0.01ms, total = 0.20ms, Queueing time: mean = 0.11ms, max = 0.62ms, min = 0.02ms, total = 3.90ms
	CoreWorkerService.grpc_server.GetCoreWorkerStats - 24 total (0 active), Execution time: mean = 0.33ms, total = 7.99ms, Queueing time: mean = 0.00ms, max = -0.00ms, min = 9223372036854.78ms, total = 0.00ms
	CoreWorkerService.grpc_server.GetCoreWorkerStats.HandleRequestImpl - 24 total (0 active), Execution time: mean = 0.09ms, total = 2.27ms, Queueing time: mean = 0.03ms, max = 0.06ms, min = 0.02ms, total = 0.68ms
	PeriodicalRunner.RunFnPeriodically - 7 total (0 active), Execution time: mean = 0.09ms, total = 0.64ms, Queueing time: mean = 0.31ms, max = 0.69ms, min = 0.02ms, total = 2.19ms
	CoreWorker.PrintEventStats - 6 total (1 active, 1 running), Execution time: mean = 0.64ms, total = 3.86ms, Queueing time: mean = 0.04ms, max = 0.07ms, min = 0.03ms, total = 0.27ms
	ReporterService.grpc_client.HealthCheck - 6 total (0 active), Execution time: mean = 0.81ms, total = 4.88ms, Queueing time: mean = 0.00ms, max = -0.00ms, min = 9223372036854.78ms, total = 0.00ms
	ReporterService.grpc_client.HealthCheck.OnReplyReceived - 6 total (0 active), Execution time: mean = 0.09ms, total = 0.55ms, Queueing time: mean = 0.01ms, max = 0.02ms, min = 0.01ms, total = 0.09ms
	MetricsAgentClient.WaitForServerReadyWithRetry - 5 total (0 active), Execution time: mean = 0.15ms, total = 0.74ms, Queueing time: mean = 1000.02ms, max = 1000.03ms, min = 1000.02ms, total = 5000.11ms
	Publisher.CheckDeadSubscribers - 2 total (1 active), Execution time: mean = 0.00ms, total = 0.01ms, Queueing time: mean = 0.03ms, max = 0.07ms, min = 0.07ms, total = 0.07ms
	ray::rpc::InternalPubSubGcsService.grpc_client.GcsSubscriberPoll - 1 total (1 active), Execution time: mean = 0.00ms, total = 0.00ms, Queueing time: mean = 0.00ms, max = -0.00ms, min = 9223372036854.78ms, total = 0.00ms
	ray::rpc::InternalPubSubGcsService.grpc_client.GcsSubscriberCommandBatch.OnReplyReceived - 1 total (0 active), Execution time: mean = 0.18ms, total = 0.18ms, Queueing time: mean = 0.03ms, max = 0.03ms, min = 0.03ms, total = 0.03ms
	ray::rpc::InternalPubSubGcsService.grpc_client.GcsSubscriberCommandBatch - 1 total (0 active), Execution time: mean = 3.94ms, total = 3.94ms, Queueing time: mean = 0.00ms, max = -0.00ms, min = 9223372036854.78ms, total = 0.00ms
	ray::rpc::NodeInfoGcsService.grpc_client.GetAllNodeAddressAndLiveness - 1 total (0 active), Execution time: mean = 0.67ms, total = 0.67ms, Queueing time: mean = 0.00ms, max = -0.00ms, min = 9223372036854.78ms, total = 0.00ms
	ray::rpc::WorkerInfoGcsService.grpc_client.AddWorkerInfo - 1 total (0 active), Execution time: mean = 4.10ms, total = 4.10ms, Queueing time: mean = 0.00ms, max = -0.00ms, min = 9223372036854.78ms, total = 0.00ms
	ray::rpc::WorkerInfoGcsService.grpc_client.AddWorkerInfo.OnReplyReceived - 1 total (0 active), Execution time: mean = 0.03ms, total = 0.03ms, Queueing time: mean = 0.01ms, max = 0.01ms, min = 0.01ms, total = 0.01ms
	ray::rpc::NodeInfoGcsService.grpc_client.GetAllNodeAddressAndLiveness.OnReplyReceived - 1 total (0 active), Execution time: mean = 0.05ms, total = 0.05ms, Queueing time: mean = 0.01ms, max = 0.01ms, min = 0.01ms, total = 0.01ms

-----------------
Task execution event stats:

Global stats: 35780 total (1 active)
Queueing time: mean = 0.05ms, max = 8.52ms, min = 0.00ms, total = 1839.19ms
Execution time:  mean = 0.02ms, total = 553.76ms
Event stats:
	CoreWorker.CheckSignal - 35779 total (1 active), Execution time: mean = 0.02ms, total = 553.75ms, Queueing time: mean = 0.05ms, max = 8.52ms, min = 0.01ms, total = 1839.18ms
	PeriodicalRunner.RunFnPeriodically - 1 total (0 active), Execution time: mean = 0.01ms, total = 0.01ms, Queueing time: mean = 0.00ms, max = 0.00ms, min = 0.00ms, total = 0.00ms

-----------------
Task Event stats:

IO Service Stats:

Global stats: 1081 total (1 active)
Queueing time: mean = 0.03ms, max = 0.13ms, min = 0.01ms, total = 29.72ms
Execution time:  mean = 0.36ms, total = 389.24ms
Event stats:
	CoreWorker.deadline_timer.flush_task_events - 360 total (1 active), Execution time: mean = 0.23ms, total = 82.24ms, Queueing time: mean = 0.05ms, max = 0.13ms, min = 0.02ms, total = 17.32ms
	ray::rpc::TaskInfoGcsService.grpc_client.AddTaskEventData.OnReplyReceived - 360 total (0 active), Execution time: mean = 0.04ms, total = 14.18ms, Queueing time: mean = 0.03ms, max = 0.06ms, min = 0.01ms, total = 12.39ms
	ray::rpc::TaskInfoGcsService.grpc_client.AddTaskEventData - 360 total (0 active), Execution time: mean = 0.81ms, total = 292.58ms, Queueing time: mean = 0.00ms, max = -0.00ms, min = 9223372036854.78ms, total = 0.00ms
	PeriodicalRunner.RunFnPeriodically - 1 total (0 active), Execution time: mean = 0.25ms, total = 0.25ms, Queueing time: mean = 0.01ms, max = 0.01ms, min = 0.01ms, total = 0.01ms
Other Stats:
	gcs_grpc_in_progress:0
	event_aggregator_grpc_in_progress:0
	current number of task status events in buffer: 0
	current number of profile events in buffer: 0
	current number of dropped task attempts tracked: 0
	total task events sent: 0 MiB
	total number of task attempts sent: 0
	total number of task attempts dropped reported: 0
	total number of sent failure: 0
	num status task events dropped: 0
	num profile task events dropped: 0
	num ray task events reported to aggregator: 0
	num ray task events failed to report to aggregator: 0
	num of task attempts dropped reported to aggregator: 0
	num of failed requests to aggregator: 0

[2026-02-05 22:44:53,275 I 3799557 3800141] core_worker.cc:455: Event stats:


Global stats: 6100 total (8 active)
Queueing time: mean = 0.86ms, max = 1000.03ms, min = 0.01ms, total = 5259.34ms
Execution time:  mean = 0.08ms, total = 514.76ms
Event stats:
	CoreWorker.RecoverObjects - 4198 total (1 active), Execution time: mean = 0.01ms, total = 37.61ms, Queueing time: mean = 0.05ms, max = 0.18ms, min = 0.01ms, total = 192.30ms
	CoreWorker.InternalHeartbeat - 420 total (1 active), Execution time: mean = 0.20ms, total = 83.48ms, Queueing time: mean = 0.05ms, max = 0.11ms, min = 0.01ms, total = 18.97ms
	NodeManagerService.grpc_client.ReportWorkerBacklog.OnReplyReceived - 420 total (0 active), Execution time: mean = 0.03ms, total = 12.84ms, Queueing time: mean = 0.04ms, max = 0.08ms, min = 0.01ms, total = 16.19ms
	NodeManagerService.grpc_client.ReportWorkerBacklog - 420 total (0 active), Execution time: mean = 0.80ms, total = 337.61ms, Queueing time: mean = 0.00ms, max = -0.00ms, min = 9223372036854.78ms, total = 0.00ms
	CoreWorker.ExitIfParentRayletDies - 420 total (1 active), Execution time: mean = 0.01ms, total = 4.62ms, Queueing time: mean = 0.05ms, max = 0.09ms, min = 0.01ms, total = 19.65ms
	CoreWorker.RecordMetrics - 84 total (1 active), Execution time: mean = 0.07ms, total = 5.88ms, Queueing time: mean = 0.05ms, max = 0.08ms, min = 0.01ms, total = 3.84ms
	CoreWorker.TryDelPendingObjectRefStreams - 42 total (1 active), Execution time: mean = 0.01ms, total = 0.24ms, Queueing time: mean = 0.11ms, max = 0.62ms, min = 0.02ms, total = 4.75ms
	CoreWorkerService.grpc_server.GetCoreWorkerStats - 28 total (0 active), Execution time: mean = 0.34ms, total = 9.44ms, Queueing time: mean = 0.00ms, max = -0.00ms, min = 9223372036854.78ms, total = 0.00ms
	CoreWorkerService.grpc_server.GetCoreWorkerStats.HandleRequestImpl - 28 total (0 active), Execution time: mean = 0.09ms, total = 2.62ms, Queueing time: mean = 0.03ms, max = 0.06ms, min = 0.02ms, total = 0.79ms
	CoreWorker.PrintEventStats - 7 total (1 active, 1 running), Execution time: mean = 0.66ms, total = 4.62ms, Queueing time: mean = 0.05ms, max = 0.07ms, min = 0.03ms, total = 0.34ms
	PeriodicalRunner.RunFnPeriodically - 7 total (0 active), Execution time: mean = 0.09ms, total = 0.64ms, Queueing time: mean = 0.31ms, max = 0.69ms, min = 0.02ms, total = 2.19ms
	ReporterService.grpc_client.HealthCheck - 6 total (0 active), Execution time: mean = 0.81ms, total = 4.88ms, Queueing time: mean = 0.00ms, max = -0.00ms, min = 9223372036854.78ms, total = 0.00ms
	ReporterService.grpc_client.HealthCheck.OnReplyReceived - 6 total (0 active), Execution time: mean = 0.09ms, total = 0.55ms, Queueing time: mean = 0.01ms, max = 0.02ms, min = 0.01ms, total = 0.09ms
	MetricsAgentClient.WaitForServerReadyWithRetry - 5 total (0 active), Execution time: mean = 0.15ms, total = 0.74ms, Queueing time: mean = 1000.02ms, max = 1000.03ms, min = 1000.02ms, total = 5000.11ms
	Publisher.CheckDeadSubscribers - 2 total (1 active), Execution time: mean = 0.00ms, total = 0.01ms, Queueing time: mean = 0.03ms, max = 0.07ms, min = 0.07ms, total = 0.07ms
	ray::rpc::InternalPubSubGcsService.grpc_client.GcsSubscriberPoll - 1 total (1 active), Execution time: mean = 0.00ms, total = 0.00ms, Queueing time: mean = 0.00ms, max = -0.00ms, min = 9223372036854.78ms, total = 0.00ms
	ray::rpc::InternalPubSubGcsService.grpc_client.GcsSubscriberCommandBatch.OnReplyReceived - 1 total (0 active), Execution time: mean = 0.18ms, total = 0.18ms, Queueing time: mean = 0.03ms, max = 0.03ms, min = 0.03ms, total = 0.03ms
	ray::rpc::InternalPubSubGcsService.grpc_client.GcsSubscriberCommandBatch - 1 total (0 active), Execution time: mean = 3.94ms, total = 3.94ms, Queueing time: mean = 0.00ms, max = -0.00ms, min = 9223372036854.78ms, total = 0.00ms
	ray::rpc::NodeInfoGcsService.grpc_client.GetAllNodeAddressAndLiveness - 1 total (0 active), Execution time: mean = 0.67ms, total = 0.67ms, Queueing time: mean = 0.00ms, max = -0.00ms, min = 9223372036854.78ms, total = 0.00ms
	ray::rpc::WorkerInfoGcsService.grpc_client.AddWorkerInfo - 1 total (0 active), Execution time: mean = 4.10ms, total = 4.10ms, Queueing time: mean = 0.00ms, max = -0.00ms, min = 9223372036854.78ms, total = 0.00ms
	ray::rpc::WorkerInfoGcsService.grpc_client.AddWorkerInfo.OnReplyReceived - 1 total (0 active), Execution time: mean = 0.03ms, total = 0.03ms, Queueing time: mean = 0.01ms, max = 0.01ms, min = 0.01ms, total = 0.01ms
	ray::rpc::NodeInfoGcsService.grpc_client.GetAllNodeAddressAndLiveness.OnReplyReceived - 1 total (0 active), Execution time: mean = 0.05ms, total = 0.05ms, Queueing time: mean = 0.01ms, max = 0.01ms, min = 0.01ms, total = 0.01ms

-----------------
Task execution event stats:

Global stats: 41747 total (1 active)
Queueing time: mean = 0.05ms, max = 8.52ms, min = 0.00ms, total = 2109.41ms
Execution time:  mean = 0.02ms, total = 646.20ms
Event stats:
	CoreWorker.CheckSignal - 41746 total (1 active), Execution time: mean = 0.02ms, total = 646.18ms, Queueing time: mean = 0.05ms, max = 8.52ms, min = 0.01ms, total = 2109.40ms
	PeriodicalRunner.RunFnPeriodically - 1 total (0 active), Execution time: mean = 0.01ms, total = 0.01ms, Queueing time: mean = 0.00ms, max = 0.00ms, min = 0.00ms, total = 0.00ms

-----------------
Task Event stats:

IO Service Stats:

Global stats: 1261 total (1 active)
Queueing time: mean = 0.03ms, max = 0.13ms, min = 0.01ms, total = 35.47ms
Execution time:  mean = 0.36ms, total = 452.59ms
Event stats:
	CoreWorker.deadline_timer.flush_task_events - 420 total (1 active), Execution time: mean = 0.23ms, total = 96.17ms, Queueing time: mean = 0.05ms, max = 0.13ms, min = 0.02ms, total = 20.53ms
	ray::rpc::TaskInfoGcsService.grpc_client.AddTaskEventData.OnReplyReceived - 420 total (0 active), Execution time: mean = 0.04ms, total = 16.65ms, Queueing time: mean = 0.04ms, max = 0.06ms, min = 0.01ms, total = 14.93ms
	ray::rpc::TaskInfoGcsService.grpc_client.AddTaskEventData - 420 total (0 active), Execution time: mean = 0.81ms, total = 339.53ms, Queueing time: mean = 0.00ms, max = -0.00ms, min = 9223372036854.78ms, total = 0.00ms
	PeriodicalRunner.RunFnPeriodically - 1 total (0 active), Execution time: mean = 0.25ms, total = 0.25ms, Queueing time: mean = 0.01ms, max = 0.01ms, min = 0.01ms, total = 0.01ms
Other Stats:
	gcs_grpc_in_progress:0
	event_aggregator_grpc_in_progress:0
	current number of task status events in buffer: 0
	current number of profile events in buffer: 0
	current number of dropped task attempts tracked: 0
	total task events sent: 0 MiB
	total number of task attempts sent: 0
	total number of task attempts dropped reported: 0
	total number of sent failure: 0
	num status task events dropped: 0
	num profile task events dropped: 0
	num ray task events reported to aggregator: 0
	num ray task events failed to report to aggregator: 0
	num of task attempts dropped reported to aggregator: 0
	num of failed requests to aggregator: 0

