[2026-02-05 22:32:39,171 I 3789526 3789526] core_worker_process.cc:777: Constructing CoreWorkerProcess. pid: 3789526
[2026-02-05 22:32:39,190 I 3789526 3789526] event.cc:499: Ray Event initialized for CORE_WORKER
[2026-02-05 22:32:39,191 I 3789526 3789526] event.cc:499: Ray Event initialized for EXPORT_TASK
[2026-02-05 22:32:39,191 I 3789526 3789526] event.cc:332: Set ray event level to warning
[2026-02-05 22:32:39,191 I 3789526 3789526] event_aggregator_client.h:50: Initiating the local event aggregator client with port: 60856
[2026-02-05 22:32:39,192 I 3789526 3789526] grpc_server.cc:143: worker server started, listening on port 40405.
[2026-02-05 22:32:39,208 I 3789526 3789526] core_worker_process.cc:262: Initializing worker at address: 172.28.6.5:40405 worker_id=e201ade25162314e87d1f3ef0b5f5df40b1b92bc55de9f4c2e5d72b7 node_id=be8a61a27d6d5519aa59fc061c94f31ca71670f215b13b1b003e782e
[2026-02-05 22:32:39,209 I 3789526 3789526] task_event_buffer.cc:480: Reporting task events to GCS every 1000ms.
[2026-02-05 22:32:39,211 I 3789526 3791164] core_worker.cc:455: Event stats:


Global stats: 8 total (6 active)
Queueing time: mean = 0.00ms, max = 0.02ms, min = 0.01ms, total = 0.04ms
Execution time:  mean = 0.01ms, total = 0.05ms
Event stats:
	PeriodicalRunner.RunFnPeriodically - 3 total (1 active, 1 running), Execution time: mean = 0.02ms, total = 0.05ms, Queueing time: mean = 0.01ms, max = 0.02ms, min = 0.01ms, total = 0.04ms
	Publisher.CheckDeadSubscribers - 1 total (1 active), Execution time: mean = 0.00ms, total = 0.00ms, Queueing time: mean = 0.00ms, max = -0.00ms, min = 9223372036854.78ms, total = 0.00ms
	ray::rpc::WorkerInfoGcsService.grpc_client.AddWorkerInfo - 1 total (1 active), Execution time: mean = 0.00ms, total = 0.00ms, Queueing time: mean = 0.00ms, max = -0.00ms, min = 9223372036854.78ms, total = 0.00ms
	ray::rpc::InternalPubSubGcsService.grpc_client.GcsSubscriberCommandBatch - 1 total (1 active), Execution time: mean = 0.00ms, total = 0.00ms, Queueing time: mean = 0.00ms, max = -0.00ms, min = 9223372036854.78ms, total = 0.00ms
	ray::rpc::InternalPubSubGcsService.grpc_client.GcsSubscriberPoll - 1 total (1 active), Execution time: mean = 0.00ms, total = 0.00ms, Queueing time: mean = 0.00ms, max = -0.00ms, min = 9223372036854.78ms, total = 0.00ms
	CoreWorker.ExitIfParentRayletDies - 1 total (1 active), Execution time: mean = 0.00ms, total = 0.00ms, Queueing time: mean = 0.00ms, max = -0.00ms, min = 9223372036854.78ms, total = 0.00ms

-----------------
Task execution event stats:

Global stats: 0 total (0 active)
Queueing time: mean = -nanms, max = -0.00ms, min = 9223372036854.78ms, total = 0.00ms
Execution time:  mean = -nanms, total = 0.00ms
Event stats:

-----------------
Task Event stats:

IO Service Stats:

Global stats: 3 total (2 active)
Queueing time: mean = 0.00ms, max = 0.01ms, min = 0.01ms, total = 0.01ms
Execution time:  mean = 0.06ms, total = 0.18ms
Event stats:
	ray::rpc::TaskInfoGcsService.grpc_client.AddTaskEventData - 1 total (1 active), Execution time: mean = 0.00ms, total = 0.00ms, Queueing time: mean = 0.00ms, max = -0.00ms, min = 9223372036854.78ms, total = 0.00ms
	CoreWorker.deadline_timer.flush_task_events - 1 total (1 active), Execution time: mean = 0.00ms, total = 0.00ms, Queueing time: mean = 0.00ms, max = -0.00ms, min = 9223372036854.78ms, total = 0.00ms
	PeriodicalRunner.RunFnPeriodically - 1 total (0 active), Execution time: mean = 0.18ms, total = 0.18ms, Queueing time: mean = 0.01ms, max = 0.01ms, min = 0.01ms, total = 0.01ms
Other Stats:
	gcs_grpc_in_progress:1
	event_aggregator_grpc_in_progress:0
	current number of task status events in buffer: 0
	current number of profile events in buffer: 0
	current number of dropped task attempts tracked: 0
	total task events sent: 0 MiB
	total number of task attempts sent: 0
	total number of task attempts dropped reported: 0
	total number of sent failure: 0
	num status task events dropped: 0
	num profile task events dropped: 0
	num ray task events reported to aggregator: 0
	num ray task events failed to report to aggregator: 0
	num of task attempts dropped reported to aggregator: 0
	num of failed requests to aggregator: 0

[2026-02-05 22:32:39,211 I 3789526 3789526] core_worker.cc:515: Adjusted worker niceness to 15
[2026-02-05 22:32:39,211 I 3789526 3789526] metrics_agent_client.cc:45: Initializing exporter ...
[2026-02-05 22:32:39,214 I 3789526 3791164] accessor.cc:433: Received address and liveness notification for node, IsAlive = 1 node_id=be8a61a27d6d5519aa59fc061c94f31ca71670f215b13b1b003e782e
[2026-02-05 22:32:39,214 I 3789526 3791164] normal_task_submitter.cc:840: Number of alive nodes:1
[2026-02-05 22:32:43,222 I 3789526 3791164] metrics_agent_client.cc:59: Exporter initialized.
[2026-02-05 22:33:39,211 I 3789526 3791164] core_worker.cc:455: Event stats:


Global stats: 896 total (8 active)
Queueing time: mean = 4.50ms, max = 1000.03ms, min = 0.01ms, total = 4031.27ms
Execution time:  mean = 0.09ms, total = 78.75ms
Event stats:
	CoreWorker.RecoverObjects - 600 total (1 active), Execution time: mean = 0.01ms, total = 5.42ms, Queueing time: mean = 0.04ms, max = 0.09ms, min = 0.02ms, total = 23.86ms
	CoreWorker.ExitIfParentRayletDies - 60 total (1 active), Execution time: mean = 0.01ms, total = 0.61ms, Queueing time: mean = 0.04ms, max = 0.07ms, min = 0.01ms, total = 2.21ms
	NodeManagerService.grpc_client.ReportWorkerBacklog - 60 total (0 active), Execution time: mean = 0.65ms, total = 38.97ms, Queueing time: mean = 0.00ms, max = -0.00ms, min = 9223372036854.78ms, total = 0.00ms
	NodeManagerService.grpc_client.ReportWorkerBacklog.OnReplyReceived - 60 total (0 active), Execution time: mean = 0.03ms, total = 1.65ms, Queueing time: mean = 0.03ms, max = 0.15ms, min = 0.01ms, total = 1.54ms
	CoreWorker.InternalHeartbeat - 60 total (1 active), Execution time: mean = 0.18ms, total = 10.78ms, Queueing time: mean = 0.03ms, max = 0.21ms, min = 0.02ms, total = 1.88ms
	CoreWorker.RecordMetrics - 12 total (1 active), Execution time: mean = 0.06ms, total = 0.70ms, Queueing time: mean = 0.04ms, max = 0.06ms, min = 0.01ms, total = 0.42ms
	PeriodicalRunner.RunFnPeriodically - 7 total (0 active), Execution time: mean = 0.09ms, total = 0.62ms, Queueing time: mean = 0.10ms, max = 0.34ms, min = 0.01ms, total = 0.71ms
	CoreWorker.TryDelPendingObjectRefStreams - 6 total (1 active), Execution time: mean = 0.00ms, total = 0.03ms, Queueing time: mean = 0.03ms, max = 0.07ms, min = 0.02ms, total = 0.16ms
	ReporterService.grpc_client.HealthCheck.OnReplyReceived - 5 total (0 active), Execution time: mean = 0.11ms, total = 0.53ms, Queueing time: mean = 0.02ms, max = 0.03ms, min = 0.01ms, total = 0.09ms
	ReporterService.grpc_client.HealthCheck - 5 total (0 active), Execution time: mean = 2.04ms, total = 10.19ms, Queueing time: mean = 0.00ms, max = -0.00ms, min = 9223372036854.78ms, total = 0.00ms
	CoreWorkerService.grpc_server.GetCoreWorkerStats.HandleRequestImpl - 4 total (0 active), Execution time: mean = 0.12ms, total = 0.47ms, Queueing time: mean = 0.02ms, max = 0.02ms, min = 0.02ms, total = 0.09ms
	MetricsAgentClient.WaitForServerReadyWithRetry - 4 total (0 active), Execution time: mean = 0.17ms, total = 0.70ms, Queueing time: mean = 1000.03ms, max = 1000.03ms, min = 1000.02ms, total = 4000.11ms
	CoreWorkerService.grpc_server.GetCoreWorkerStats - 4 total (0 active), Execution time: mean = 0.33ms, total = 1.30ms, Queueing time: mean = 0.00ms, max = -0.00ms, min = 9223372036854.78ms, total = 0.00ms
	ray::rpc::InternalPubSubGcsService.grpc_client.GcsSubscriberPoll - 1 total (1 active), Execution time: mean = 0.00ms, total = 0.00ms, Queueing time: mean = 0.00ms, max = -0.00ms, min = 9223372036854.78ms, total = 0.00ms
	ray::rpc::InternalPubSubGcsService.grpc_client.GcsSubscriberCommandBatch.OnReplyReceived - 1 total (0 active), Execution time: mean = 0.17ms, total = 0.17ms, Queueing time: mean = 0.01ms, max = 0.01ms, min = 0.01ms, total = 0.01ms
	ray::rpc::NodeInfoGcsService.grpc_client.GetAllNodeAddressAndLiveness - 1 total (0 active), Execution time: mean = 0.52ms, total = 0.52ms, Queueing time: mean = 0.00ms, max = -0.00ms, min = 9223372036854.78ms, total = 0.00ms
	ray::rpc::WorkerInfoGcsService.grpc_client.AddWorkerInfo - 1 total (0 active), Execution time: mean = 3.13ms, total = 3.13ms, Queueing time: mean = 0.00ms, max = -0.00ms, min = 9223372036854.78ms, total = 0.00ms
	ray::rpc::NodeInfoGcsService.grpc_client.GetAllNodeAddressAndLiveness.OnReplyReceived - 1 total (0 active), Execution time: mean = 0.06ms, total = 0.06ms, Queueing time: mean = 0.01ms, max = 0.01ms, min = 0.01ms, total = 0.01ms
	ray::rpc::WorkerInfoGcsService.grpc_client.AddWorkerInfo.OnReplyReceived - 1 total (0 active), Execution time: mean = 0.03ms, total = 0.03ms, Queueing time: mean = 0.18ms, max = 0.18ms, min = 0.18ms, total = 0.18ms
	Publisher.CheckDeadSubscribers - 1 total (1 active), Execution time: mean = 0.00ms, total = 0.00ms, Queueing time: mean = 0.00ms, max = -0.00ms, min = 9223372036854.78ms, total = 0.00ms
	ray::rpc::InternalPubSubGcsService.grpc_client.GcsSubscriberCommandBatch - 1 total (0 active), Execution time: mean = 2.87ms, total = 2.87ms, Queueing time: mean = 0.00ms, max = -0.00ms, min = 9223372036854.78ms, total = 0.00ms
	CoreWorker.PrintEventStats - 1 total (1 active, 1 running), Execution time: mean = 0.00ms, total = 0.00ms, Queueing time: mean = 0.00ms, max = -0.00ms, min = 9223372036854.78ms, total = 0.00ms

-----------------
Task execution event stats:

Global stats: 5955 total (1 active)
Queueing time: mean = 0.07ms, max = 14.00ms, min = -0.20ms, total = 403.24ms
Execution time:  mean = 0.01ms, total = 86.43ms
Event stats:
	CoreWorker.CheckSignal - 5954 total (1 active), Execution time: mean = 0.01ms, total = 86.42ms, Queueing time: mean = 0.07ms, max = 14.00ms, min = -0.20ms, total = 403.24ms
	PeriodicalRunner.RunFnPeriodically - 1 total (0 active), Execution time: mean = 0.01ms, total = 0.01ms, Queueing time: mean = 0.00ms, max = 0.00ms, min = 0.00ms, total = 0.00ms

-----------------
Task Event stats:

IO Service Stats:

Global stats: 181 total (1 active)
Queueing time: mean = 0.02ms, max = 0.21ms, min = 0.01ms, total = 3.54ms
Execution time:  mean = 0.31ms, total = 56.63ms
Event stats:
	CoreWorker.deadline_timer.flush_task_events - 60 total (1 active), Execution time: mean = 0.22ms, total = 13.11ms, Queueing time: mean = 0.03ms, max = 0.05ms, min = 0.02ms, total = 1.91ms
	ray::rpc::TaskInfoGcsService.grpc_client.AddTaskEventData.OnReplyReceived - 60 total (0 active), Execution time: mean = 0.04ms, total = 2.11ms, Queueing time: mean = 0.03ms, max = 0.21ms, min = 0.01ms, total = 1.62ms
	ray::rpc::TaskInfoGcsService.grpc_client.AddTaskEventData - 60 total (0 active), Execution time: mean = 0.69ms, total = 41.23ms, Queueing time: mean = 0.00ms, max = -0.00ms, min = 9223372036854.78ms, total = 0.00ms
	PeriodicalRunner.RunFnPeriodically - 1 total (0 active), Execution time: mean = 0.18ms, total = 0.18ms, Queueing time: mean = 0.01ms, max = 0.01ms, min = 0.01ms, total = 0.01ms
Other Stats:
	gcs_grpc_in_progress:0
	event_aggregator_grpc_in_progress:0
	current number of task status events in buffer: 0
	current number of profile events in buffer: 0
	current number of dropped task attempts tracked: 0
	total task events sent: 0 MiB
	total number of task attempts sent: 0
	total number of task attempts dropped reported: 0
	total number of sent failure: 0
	num status task events dropped: 0
	num profile task events dropped: 0
	num ray task events reported to aggregator: 0
	num ray task events failed to report to aggregator: 0
	num of task attempts dropped reported to aggregator: 0
	num of failed requests to aggregator: 0

[2026-02-05 22:34:39,212 I 3789526 3791164] core_worker.cc:455: Event stats:


Global stats: 1763 total (8 active)
Queueing time: mean = 2.31ms, max = 1000.03ms, min = 0.01ms, total = 4066.88ms
Execution time:  mean = 0.08ms, total = 146.32ms
Event stats:
	CoreWorker.RecoverObjects - 1200 total (1 active), Execution time: mean = 0.01ms, total = 11.02ms, Queueing time: mean = 0.04ms, max = 0.10ms, min = 0.02ms, total = 51.86ms
	CoreWorker.ExitIfParentRayletDies - 120 total (1 active), Execution time: mean = 0.01ms, total = 1.28ms, Queueing time: mean = 0.04ms, max = 0.08ms, min = 0.01ms, total = 5.00ms
	NodeManagerService.grpc_client.ReportWorkerBacklog - 120 total (0 active), Execution time: mean = 0.69ms, total = 82.64ms, Queueing time: mean = 0.00ms, max = -0.00ms, min = 9223372036854.78ms, total = 0.00ms
	NodeManagerService.grpc_client.ReportWorkerBacklog.OnReplyReceived - 120 total (0 active), Execution time: mean = 0.03ms, total = 3.60ms, Queueing time: mean = 0.03ms, max = 0.15ms, min = 0.01ms, total = 3.14ms
	CoreWorker.InternalHeartbeat - 120 total (1 active), Execution time: mean = 0.19ms, total = 23.33ms, Queueing time: mean = 0.03ms, max = 0.21ms, min = 0.02ms, total = 3.93ms
	CoreWorker.RecordMetrics - 24 total (1 active), Execution time: mean = 0.06ms, total = 1.54ms, Queueing time: mean = 0.04ms, max = 0.07ms, min = 0.01ms, total = 0.92ms
	CoreWorker.TryDelPendingObjectRefStreams - 12 total (1 active), Execution time: mean = 0.01ms, total = 0.06ms, Queueing time: mean = 0.05ms, max = 0.16ms, min = 0.02ms, total = 0.63ms
	CoreWorkerService.grpc_server.GetCoreWorkerStats.HandleRequestImpl - 8 total (0 active), Execution time: mean = 0.10ms, total = 0.82ms, Queueing time: mean = 0.02ms, max = 0.04ms, min = 0.02ms, total = 0.20ms
	CoreWorkerService.grpc_server.GetCoreWorkerStats - 8 total (0 active), Execution time: mean = 0.32ms, total = 2.58ms, Queueing time: mean = 0.00ms, max = -0.00ms, min = 9223372036854.78ms, total = 0.00ms
	PeriodicalRunner.RunFnPeriodically - 7 total (0 active), Execution time: mean = 0.09ms, total = 0.62ms, Queueing time: mean = 0.10ms, max = 0.34ms, min = 0.01ms, total = 0.71ms
	ReporterService.grpc_client.HealthCheck - 5 total (0 active), Execution time: mean = 2.04ms, total = 10.19ms, Queueing time: mean = 0.00ms, max = -0.00ms, min = 9223372036854.78ms, total = 0.00ms
	ReporterService.grpc_client.HealthCheck.OnReplyReceived - 5 total (0 active), Execution time: mean = 0.11ms, total = 0.53ms, Queueing time: mean = 0.02ms, max = 0.03ms, min = 0.01ms, total = 0.09ms
	MetricsAgentClient.WaitForServerReadyWithRetry - 4 total (0 active), Execution time: mean = 0.17ms, total = 0.70ms, Queueing time: mean = 1000.03ms, max = 1000.03ms, min = 1000.02ms, total = 4000.11ms
	CoreWorker.PrintEventStats - 2 total (1 active, 1 running), Execution time: mean = 0.31ms, total = 0.62ms, Queueing time: mean = 0.04ms, max = 0.07ms, min = 0.07ms, total = 0.07ms
	ray::rpc::InternalPubSubGcsService.grpc_client.GcsSubscriberCommandBatch.OnReplyReceived - 1 total (0 active), Execution time: mean = 0.17ms, total = 0.17ms, Queueing time: mean = 0.01ms, max = 0.01ms, min = 0.01ms, total = 0.01ms
	ray::rpc::InternalPubSubGcsService.grpc_client.GcsSubscriberPoll - 1 total (1 active), Execution time: mean = 0.00ms, total = 0.00ms, Queueing time: mean = 0.00ms, max = -0.00ms, min = 9223372036854.78ms, total = 0.00ms
	ray::rpc::NodeInfoGcsService.grpc_client.GetAllNodeAddressAndLiveness.OnReplyReceived - 1 total (0 active), Execution time: mean = 0.06ms, total = 0.06ms, Queueing time: mean = 0.01ms, max = 0.01ms, min = 0.01ms, total = 0.01ms
	ray::rpc::NodeInfoGcsService.grpc_client.GetAllNodeAddressAndLiveness - 1 total (0 active), Execution time: mean = 0.52ms, total = 0.52ms, Queueing time: mean = 0.00ms, max = -0.00ms, min = 9223372036854.78ms, total = 0.00ms
	ray::rpc::WorkerInfoGcsService.grpc_client.AddWorkerInfo - 1 total (0 active), Execution time: mean = 3.13ms, total = 3.13ms, Queueing time: mean = 0.00ms, max = -0.00ms, min = 9223372036854.78ms, total = 0.00ms
	ray::rpc::WorkerInfoGcsService.grpc_client.AddWorkerInfo.OnReplyReceived - 1 total (0 active), Execution time: mean = 0.03ms, total = 0.03ms, Queueing time: mean = 0.18ms, max = 0.18ms, min = 0.18ms, total = 0.18ms
	Publisher.CheckDeadSubscribers - 1 total (1 active), Execution time: mean = 0.00ms, total = 0.00ms, Queueing time: mean = 0.00ms, max = -0.00ms, min = 9223372036854.78ms, total = 0.00ms
	ray::rpc::InternalPubSubGcsService.grpc_client.GcsSubscriberCommandBatch - 1 total (0 active), Execution time: mean = 2.87ms, total = 2.87ms, Queueing time: mean = 0.00ms, max = -0.00ms, min = 9223372036854.78ms, total = 0.00ms

-----------------
Task execution event stats:

Global stats: 11922 total (1 active)
Queueing time: mean = 0.06ms, max = 14.00ms, min = -0.20ms, total = 672.33ms
Execution time:  mean = 0.01ms, total = 178.40ms
Event stats:
	CoreWorker.CheckSignal - 11921 total (1 active), Execution time: mean = 0.01ms, total = 178.39ms, Queueing time: mean = 0.06ms, max = 14.00ms, min = -0.20ms, total = 672.33ms
	PeriodicalRunner.RunFnPeriodically - 1 total (0 active), Execution time: mean = 0.01ms, total = 0.01ms, Queueing time: mean = 0.00ms, max = 0.00ms, min = 0.00ms, total = 0.00ms

-----------------
Task Event stats:

IO Service Stats:

Global stats: 361 total (1 active)
Queueing time: mean = 0.02ms, max = 0.21ms, min = 0.01ms, total = 7.68ms
Execution time:  mean = 0.32ms, total = 116.70ms
Event stats:
	CoreWorker.deadline_timer.flush_task_events - 120 total (1 active), Execution time: mean = 0.23ms, total = 27.17ms, Queueing time: mean = 0.03ms, max = 0.09ms, min = 0.02ms, total = 4.18ms
	ray::rpc::TaskInfoGcsService.grpc_client.AddTaskEventData.OnReplyReceived - 120 total (0 active), Execution time: mean = 0.04ms, total = 4.61ms, Queueing time: mean = 0.03ms, max = 0.21ms, min = 0.01ms, total = 3.49ms
	ray::rpc::TaskInfoGcsService.grpc_client.AddTaskEventData - 120 total (0 active), Execution time: mean = 0.71ms, total = 84.74ms, Queueing time: mean = 0.00ms, max = -0.00ms, min = 9223372036854.78ms, total = 0.00ms
	PeriodicalRunner.RunFnPeriodically - 1 total (0 active), Execution time: mean = 0.18ms, total = 0.18ms, Queueing time: mean = 0.01ms, max = 0.01ms, min = 0.01ms, total = 0.01ms
Other Stats:
	gcs_grpc_in_progress:0
	event_aggregator_grpc_in_progress:0
	current number of task status events in buffer: 0
	current number of profile events in buffer: 0
	current number of dropped task attempts tracked: 0
	total task events sent: 0 MiB
	total number of task attempts sent: 0
	total number of task attempts dropped reported: 0
	total number of sent failure: 0
	num status task events dropped: 0
	num profile task events dropped: 0
	num ray task events reported to aggregator: 0
	num ray task events failed to report to aggregator: 0
	num of task attempts dropped reported to aggregator: 0
	num of failed requests to aggregator: 0

[2026-02-05 22:35:39,213 I 3789526 3791164] core_worker.cc:455: Event stats:


Global stats: 2630 total (8 active)
Queueing time: mean = 1.56ms, max = 1000.03ms, min = 0.01ms, total = 4102.90ms
Execution time:  mean = 0.08ms, total = 212.29ms
Event stats:
	CoreWorker.RecoverObjects - 1800 total (1 active), Execution time: mean = 0.01ms, total = 16.44ms, Queueing time: mean = 0.04ms, max = 0.10ms, min = 0.02ms, total = 79.21ms
	CoreWorker.ExitIfParentRayletDies - 180 total (1 active), Execution time: mean = 0.01ms, total = 1.96ms, Queueing time: mean = 0.04ms, max = 0.08ms, min = 0.01ms, total = 7.75ms
	NodeManagerService.grpc_client.ReportWorkerBacklog - 180 total (0 active), Execution time: mean = 0.70ms, total = 125.26ms, Queueing time: mean = 0.00ms, max = -0.00ms, min = 9223372036854.78ms, total = 0.00ms
	NodeManagerService.grpc_client.ReportWorkerBacklog.OnReplyReceived - 180 total (0 active), Execution time: mean = 0.03ms, total = 5.54ms, Queueing time: mean = 0.03ms, max = 0.15ms, min = 0.01ms, total = 5.16ms
	CoreWorker.InternalHeartbeat - 180 total (1 active), Execution time: mean = 0.20ms, total = 35.26ms, Queueing time: mean = 0.03ms, max = 0.21ms, min = 0.02ms, total = 6.11ms
	CoreWorker.RecordMetrics - 36 total (1 active), Execution time: mean = 0.06ms, total = 2.30ms, Queueing time: mean = 0.04ms, max = 0.08ms, min = 0.01ms, total = 1.57ms
	CoreWorker.TryDelPendingObjectRefStreams - 18 total (1 active), Execution time: mean = 0.01ms, total = 0.09ms, Queueing time: mean = 0.09ms, max = 0.63ms, min = 0.02ms, total = 1.56ms
	CoreWorkerService.grpc_server.GetCoreWorkerStats.HandleRequestImpl - 12 total (0 active), Execution time: mean = 0.10ms, total = 1.17ms, Queueing time: mean = 0.03ms, max = 0.04ms, min = 0.02ms, total = 0.32ms
	CoreWorkerService.grpc_server.GetCoreWorkerStats - 12 total (0 active), Execution time: mean = 0.32ms, total = 3.88ms, Queueing time: mean = 0.00ms, max = -0.00ms, min = 9223372036854.78ms, total = 0.00ms
	PeriodicalRunner.RunFnPeriodically - 7 total (0 active), Execution time: mean = 0.09ms, total = 0.62ms, Queueing time: mean = 0.10ms, max = 0.34ms, min = 0.01ms, total = 0.71ms
	ReporterService.grpc_client.HealthCheck - 5 total (0 active), Execution time: mean = 2.04ms, total = 10.19ms, Queueing time: mean = 0.00ms, max = -0.00ms, min = 9223372036854.78ms, total = 0.00ms
	ReporterService.grpc_client.HealthCheck.OnReplyReceived - 5 total (0 active), Execution time: mean = 0.11ms, total = 0.53ms, Queueing time: mean = 0.02ms, max = 0.03ms, min = 0.01ms, total = 0.09ms
	MetricsAgentClient.WaitForServerReadyWithRetry - 4 total (0 active), Execution time: mean = 0.17ms, total = 0.70ms, Queueing time: mean = 1000.03ms, max = 1000.03ms, min = 1000.02ms, total = 4000.11ms
	CoreWorker.PrintEventStats - 3 total (1 active, 1 running), Execution time: mean = 0.52ms, total = 1.57ms, Queueing time: mean = 0.03ms, max = 0.07ms, min = 0.03ms, total = 0.10ms
	ray::rpc::InternalPubSubGcsService.grpc_client.GcsSubscriberCommandBatch.OnReplyReceived - 1 total (0 active), Execution time: mean = 0.17ms, total = 0.17ms, Queueing time: mean = 0.01ms, max = 0.01ms, min = 0.01ms, total = 0.01ms
	ray::rpc::InternalPubSubGcsService.grpc_client.GcsSubscriberPoll - 1 total (1 active), Execution time: mean = 0.00ms, total = 0.00ms, Queueing time: mean = 0.00ms, max = -0.00ms, min = 9223372036854.78ms, total = 0.00ms
	ray::rpc::NodeInfoGcsService.grpc_client.GetAllNodeAddressAndLiveness.OnReplyReceived - 1 total (0 active), Execution time: mean = 0.06ms, total = 0.06ms, Queueing time: mean = 0.01ms, max = 0.01ms, min = 0.01ms, total = 0.01ms
	ray::rpc::NodeInfoGcsService.grpc_client.GetAllNodeAddressAndLiveness - 1 total (0 active), Execution time: mean = 0.52ms, total = 0.52ms, Queueing time: mean = 0.00ms, max = -0.00ms, min = 9223372036854.78ms, total = 0.00ms
	ray::rpc::WorkerInfoGcsService.grpc_client.AddWorkerInfo - 1 total (0 active), Execution time: mean = 3.13ms, total = 3.13ms, Queueing time: mean = 0.00ms, max = -0.00ms, min = 9223372036854.78ms, total = 0.00ms
	ray::rpc::WorkerInfoGcsService.grpc_client.AddWorkerInfo.OnReplyReceived - 1 total (0 active), Execution time: mean = 0.03ms, total = 0.03ms, Queueing time: mean = 0.18ms, max = 0.18ms, min = 0.18ms, total = 0.18ms
	Publisher.CheckDeadSubscribers - 1 total (1 active), Execution time: mean = 0.00ms, total = 0.00ms, Queueing time: mean = 0.00ms, max = -0.00ms, min = 9223372036854.78ms, total = 0.00ms
	ray::rpc::InternalPubSubGcsService.grpc_client.GcsSubscriberCommandBatch - 1 total (0 active), Execution time: mean = 2.87ms, total = 2.87ms, Queueing time: mean = 0.00ms, max = -0.00ms, min = 9223372036854.78ms, total = 0.00ms

-----------------
Task execution event stats:

Global stats: 17888 total (1 active)
Queueing time: mean = 0.05ms, max = 14.00ms, min = -0.20ms, total = 950.26ms
Execution time:  mean = 0.02ms, total = 273.64ms
Event stats:
	CoreWorker.CheckSignal - 17887 total (1 active), Execution time: mean = 0.02ms, total = 273.63ms, Queueing time: mean = 0.05ms, max = 14.00ms, min = -0.20ms, total = 950.26ms
	PeriodicalRunner.RunFnPeriodically - 1 total (0 active), Execution time: mean = 0.01ms, total = 0.01ms, Queueing time: mean = 0.00ms, max = 0.00ms, min = 0.00ms, total = 0.00ms

-----------------
Task Event stats:

IO Service Stats:

Global stats: 541 total (1 active)
Queueing time: mean = 0.02ms, max = 0.21ms, min = 0.01ms, total = 11.84ms
Execution time:  mean = 0.34ms, total = 181.35ms
Event stats:
	CoreWorker.deadline_timer.flush_task_events - 180 total (1 active), Execution time: mean = 0.23ms, total = 41.28ms, Queueing time: mean = 0.04ms, max = 0.09ms, min = 0.02ms, total = 6.57ms
	ray::rpc::TaskInfoGcsService.grpc_client.AddTaskEventData.OnReplyReceived - 180 total (0 active), Execution time: mean = 0.04ms, total = 7.08ms, Queueing time: mean = 0.03ms, max = 0.21ms, min = 0.01ms, total = 5.26ms
	ray::rpc::TaskInfoGcsService.grpc_client.AddTaskEventData - 180 total (0 active), Execution time: mean = 0.74ms, total = 132.81ms, Queueing time: mean = 0.00ms, max = -0.00ms, min = 9223372036854.78ms, total = 0.00ms
	PeriodicalRunner.RunFnPeriodically - 1 total (0 active), Execution time: mean = 0.18ms, total = 0.18ms, Queueing time: mean = 0.01ms, max = 0.01ms, min = 0.01ms, total = 0.01ms
Other Stats:
	gcs_grpc_in_progress:0
	event_aggregator_grpc_in_progress:0
	current number of task status events in buffer: 0
	current number of profile events in buffer: 0
	current number of dropped task attempts tracked: 0
	total task events sent: 0 MiB
	total number of task attempts sent: 0
	total number of task attempts dropped reported: 0
	total number of sent failure: 0
	num status task events dropped: 0
	num profile task events dropped: 0
	num ray task events reported to aggregator: 0
	num ray task events failed to report to aggregator: 0
	num of task attempts dropped reported to aggregator: 0
	num of failed requests to aggregator: 0

[2026-02-05 22:36:39,214 I 3789526 3791164] core_worker.cc:455: Event stats:


Global stats: 3496 total (8 active)
Queueing time: mean = 1.18ms, max = 1000.03ms, min = 0.01ms, total = 4139.75ms
Execution time:  mean = 0.08ms, total = 280.70ms
Event stats:
	CoreWorker.RecoverObjects - 2399 total (1 active), Execution time: mean = 0.01ms, total = 21.89ms, Queueing time: mean = 0.04ms, max = 0.10ms, min = 0.01ms, total = 107.85ms
	CoreWorker.ExitIfParentRayletDies - 240 total (1 active), Execution time: mean = 0.01ms, total = 2.63ms, Queueing time: mean = 0.04ms, max = 0.10ms, min = 0.01ms, total = 10.59ms
	NodeManagerService.grpc_client.ReportWorkerBacklog - 240 total (0 active), Execution time: mean = 0.71ms, total = 169.83ms, Queueing time: mean = 0.00ms, max = -0.00ms, min = 9223372036854.78ms, total = 0.00ms
	NodeManagerService.grpc_client.ReportWorkerBacklog.OnReplyReceived - 240 total (0 active), Execution time: mean = 0.03ms, total = 7.51ms, Queueing time: mean = 0.03ms, max = 0.15ms, min = 0.01ms, total = 6.94ms
	CoreWorker.InternalHeartbeat - 240 total (1 active), Execution time: mean = 0.20ms, total = 47.62ms, Queueing time: mean = 0.03ms, max = 0.21ms, min = 0.02ms, total = 8.34ms
	CoreWorker.RecordMetrics - 48 total (1 active), Execution time: mean = 0.06ms, total = 3.11ms, Queueing time: mean = 0.04ms, max = 0.08ms, min = 0.01ms, total = 2.14ms
	CoreWorker.TryDelPendingObjectRefStreams - 24 total (1 active), Execution time: mean = 0.01ms, total = 0.13ms, Queueing time: mean = 0.09ms, max = 0.63ms, min = 0.02ms, total = 2.18ms
	CoreWorkerService.grpc_server.GetCoreWorkerStats.HandleRequestImpl - 16 total (0 active), Execution time: mean = 0.10ms, total = 1.55ms, Queueing time: mean = 0.03ms, max = 0.06ms, min = 0.02ms, total = 0.48ms
	CoreWorkerService.grpc_server.GetCoreWorkerStats - 16 total (0 active), Execution time: mean = 0.33ms, total = 5.29ms, Queueing time: mean = 0.00ms, max = -0.00ms, min = 9223372036854.78ms, total = 0.00ms
	PeriodicalRunner.RunFnPeriodically - 7 total (0 active), Execution time: mean = 0.09ms, total = 0.62ms, Queueing time: mean = 0.10ms, max = 0.34ms, min = 0.01ms, total = 0.71ms
	ReporterService.grpc_client.HealthCheck - 5 total (0 active), Execution time: mean = 2.04ms, total = 10.19ms, Queueing time: mean = 0.00ms, max = -0.00ms, min = 9223372036854.78ms, total = 0.00ms
	ReporterService.grpc_client.HealthCheck.OnReplyReceived - 5 total (0 active), Execution time: mean = 0.11ms, total = 0.53ms, Queueing time: mean = 0.02ms, max = 0.03ms, min = 0.01ms, total = 0.09ms
	MetricsAgentClient.WaitForServerReadyWithRetry - 4 total (0 active), Execution time: mean = 0.17ms, total = 0.70ms, Queueing time: mean = 1000.03ms, max = 1000.03ms, min = 1000.02ms, total = 4000.11ms
	CoreWorker.PrintEventStats - 4 total (1 active, 1 running), Execution time: mean = 0.58ms, total = 2.33ms, Queueing time: mean = 0.03ms, max = 0.07ms, min = 0.02ms, total = 0.12ms
	ray::rpc::InternalPubSubGcsService.grpc_client.GcsSubscriberCommandBatch.OnReplyReceived - 1 total (0 active), Execution time: mean = 0.17ms, total = 0.17ms, Queueing time: mean = 0.01ms, max = 0.01ms, min = 0.01ms, total = 0.01ms
	ray::rpc::InternalPubSubGcsService.grpc_client.GcsSubscriberPoll - 1 total (1 active), Execution time: mean = 0.00ms, total = 0.00ms, Queueing time: mean = 0.00ms, max = -0.00ms, min = 9223372036854.78ms, total = 0.00ms
	ray::rpc::NodeInfoGcsService.grpc_client.GetAllNodeAddressAndLiveness.OnReplyReceived - 1 total (0 active), Execution time: mean = 0.06ms, total = 0.06ms, Queueing time: mean = 0.01ms, max = 0.01ms, min = 0.01ms, total = 0.01ms
	ray::rpc::NodeInfoGcsService.grpc_client.GetAllNodeAddressAndLiveness - 1 total (0 active), Execution time: mean = 0.52ms, total = 0.52ms, Queueing time: mean = 0.00ms, max = -0.00ms, min = 9223372036854.78ms, total = 0.00ms
	ray::rpc::WorkerInfoGcsService.grpc_client.AddWorkerInfo - 1 total (0 active), Execution time: mean = 3.13ms, total = 3.13ms, Queueing time: mean = 0.00ms, max = -0.00ms, min = 9223372036854.78ms, total = 0.00ms
	ray::rpc::WorkerInfoGcsService.grpc_client.AddWorkerInfo.OnReplyReceived - 1 total (0 active), Execution time: mean = 0.03ms, total = 0.03ms, Queueing time: mean = 0.18ms, max = 0.18ms, min = 0.18ms, total = 0.18ms
	Publisher.CheckDeadSubscribers - 1 total (1 active), Execution time: mean = 0.00ms, total = 0.00ms, Queueing time: mean = 0.00ms, max = -0.00ms, min = 9223372036854.78ms, total = 0.00ms
	ray::rpc::InternalPubSubGcsService.grpc_client.GcsSubscriberCommandBatch - 1 total (0 active), Execution time: mean = 2.87ms, total = 2.87ms, Queueing time: mean = 0.00ms, max = -0.00ms, min = 9223372036854.78ms, total = 0.00ms

-----------------
Task execution event stats:

Global stats: 23856 total (1 active)
Queueing time: mean = 0.05ms, max = 14.00ms, min = -0.20ms, total = 1209.74ms
Execution time:  mean = 0.02ms, total = 364.81ms
Event stats:
	CoreWorker.CheckSignal - 23855 total (1 active), Execution time: mean = 0.02ms, total = 364.80ms, Queueing time: mean = 0.05ms, max = 14.00ms, min = -0.20ms, total = 1209.74ms
	PeriodicalRunner.RunFnPeriodically - 1 total (0 active), Execution time: mean = 0.01ms, total = 0.01ms, Queueing time: mean = 0.00ms, max = 0.00ms, min = 0.00ms, total = 0.00ms

-----------------
Task Event stats:

IO Service Stats:

Global stats: 721 total (1 active)
Queueing time: mean = 0.02ms, max = 0.21ms, min = 0.01ms, total = 16.44ms
Execution time:  mean = 0.34ms, total = 243.06ms
Event stats:
	CoreWorker.deadline_timer.flush_task_events - 240 total (1 active), Execution time: mean = 0.23ms, total = 55.55ms, Queueing time: mean = 0.04ms, max = 0.09ms, min = 0.02ms, total = 9.13ms
	ray::rpc::TaskInfoGcsService.grpc_client.AddTaskEventData.OnReplyReceived - 240 total (0 active), Execution time: mean = 0.04ms, total = 9.59ms, Queueing time: mean = 0.03ms, max = 0.21ms, min = 0.01ms, total = 7.30ms
	ray::rpc::TaskInfoGcsService.grpc_client.AddTaskEventData - 240 total (0 active), Execution time: mean = 0.74ms, total = 177.73ms, Queueing time: mean = 0.00ms, max = -0.00ms, min = 9223372036854.78ms, total = 0.00ms
	PeriodicalRunner.RunFnPeriodically - 1 total (0 active), Execution time: mean = 0.18ms, total = 0.18ms, Queueing time: mean = 0.01ms, max = 0.01ms, min = 0.01ms, total = 0.01ms
Other Stats:
	gcs_grpc_in_progress:0
	event_aggregator_grpc_in_progress:0
	current number of task status events in buffer: 0
	current number of profile events in buffer: 0
	current number of dropped task attempts tracked: 0
	total task events sent: 0 MiB
	total number of task attempts sent: 0
	total number of task attempts dropped reported: 0
	total number of sent failure: 0
	num status task events dropped: 0
	num profile task events dropped: 0
	num ray task events reported to aggregator: 0
	num ray task events failed to report to aggregator: 0
	num of task attempts dropped reported to aggregator: 0
	num of failed requests to aggregator: 0

