[2026-02-05 21:52:27,785 I 3774978 3774978] core_worker_process.cc:777: Constructing CoreWorkerProcess. pid: 3774978
[2026-02-05 21:52:27,787 I 3774978 3774978] event.cc:499: Ray Event initialized for CORE_WORKER
[2026-02-05 21:52:27,787 I 3774978 3774978] event.cc:499: Ray Event initialized for EXPORT_TASK
[2026-02-05 21:52:27,787 I 3774978 3774978] event.cc:332: Set ray event level to warning
[2026-02-05 21:52:27,787 I 3774978 3774978] event_aggregator_client.h:50: Initiating the local event aggregator client with port: 55216
[2026-02-05 21:52:27,789 I 3774978 3774978] grpc_server.cc:143: worker server started, listening on port 42955.
[2026-02-05 21:52:27,800 I 3774978 3774978] core_worker_process.cc:262: Initializing worker at address: 172.28.6.5:42955 worker_id=459a3e78462e3badd637aab98c26c16ccdc9e17e70c6c46b88f83f4c node_id=4f5a135a59e8f3ceb8c777d10e7d9106c037a3a81aad0d806ae5305f
[2026-02-05 21:52:27,801 I 3774978 3774978] task_event_buffer.cc:480: Reporting task events to GCS every 1000ms.
[2026-02-05 21:52:27,802 I 3774978 3774978] core_worker.cc:515: Adjusted worker niceness to 15
[2026-02-05 21:52:27,802 I 3774978 3774978] metrics_agent_client.cc:45: Initializing exporter ...
[2026-02-05 21:52:27,802 I 3774978 3776489] core_worker.cc:455: Event stats:


Global stats: 12 total (10 active)
Queueing time: mean = 0.00ms, max = 0.03ms, min = 0.02ms, total = 0.04ms
Execution time:  mean = 0.00ms, total = 0.05ms
Event stats:
	PeriodicalRunner.RunFnPeriodically - 7 total (5 active, 1 running), Execution time: mean = 0.01ms, total = 0.05ms, Queueing time: mean = 0.01ms, max = 0.03ms, min = 0.02ms, total = 0.04ms
	CoreWorker.ExitIfParentRayletDies - 1 total (1 active), Execution time: mean = 0.00ms, total = 0.00ms, Queueing time: mean = 0.00ms, max = -0.00ms, min = 9223372036854.78ms, total = 0.00ms
	ray::rpc::InternalPubSubGcsService.grpc_client.GcsSubscriberCommandBatch - 1 total (1 active), Execution time: mean = 0.00ms, total = 0.00ms, Queueing time: mean = 0.00ms, max = -0.00ms, min = 9223372036854.78ms, total = 0.00ms
	ray::rpc::InternalPubSubGcsService.grpc_client.GcsSubscriberPoll - 1 total (1 active), Execution time: mean = 0.00ms, total = 0.00ms, Queueing time: mean = 0.00ms, max = -0.00ms, min = 9223372036854.78ms, total = 0.00ms
	Publisher.CheckDeadSubscribers - 1 total (1 active), Execution time: mean = 0.00ms, total = 0.00ms, Queueing time: mean = 0.00ms, max = -0.00ms, min = 9223372036854.78ms, total = 0.00ms
	ray::rpc::WorkerInfoGcsService.grpc_client.AddWorkerInfo - 1 total (1 active), Execution time: mean = 0.00ms, total = 0.00ms, Queueing time: mean = 0.00ms, max = -0.00ms, min = 9223372036854.78ms, total = 0.00ms

-----------------
Task execution event stats:

Global stats: 0 total (0 active)
Queueing time: mean = -nanms, max = -0.00ms, min = 9223372036854.78ms, total = 0.00ms
Execution time:  mean = -nanms, total = 0.00ms
Event stats:

-----------------
Task Event stats:

IO Service Stats:

Global stats: 4 total (1 active)
Queueing time: mean = 0.05ms, max = 0.20ms, min = 0.01ms, total = 0.21ms
Execution time:  mean = 0.23ms, total = 0.93ms
Event stats:
	PeriodicalRunner.RunFnPeriodically - 1 total (0 active), Execution time: mean = 0.25ms, total = 0.25ms, Queueing time: mean = 0.01ms, max = 0.01ms, min = 0.01ms, total = 0.01ms
	CoreWorker.deadline_timer.flush_task_events - 1 total (1 active), Execution time: mean = 0.00ms, total = 0.00ms, Queueing time: mean = 0.00ms, max = -0.00ms, min = 9223372036854.78ms, total = 0.00ms
	ray::rpc::TaskInfoGcsService.grpc_client.AddTaskEventData - 1 total (0 active), Execution time: mean = 0.64ms, total = 0.64ms, Queueing time: mean = 0.00ms, max = -0.00ms, min = 9223372036854.78ms, total = 0.00ms
	ray::rpc::TaskInfoGcsService.grpc_client.AddTaskEventData.OnReplyReceived - 1 total (0 active), Execution time: mean = 0.04ms, total = 0.04ms, Queueing time: mean = 0.20ms, max = 0.20ms, min = 0.20ms, total = 0.20ms
Other Stats:
	gcs_grpc_in_progress:0
	event_aggregator_grpc_in_progress:0
	current number of task status events in buffer: 0
	current number of profile events in buffer: 0
	current number of dropped task attempts tracked: 0
	total task events sent: 0 MiB
	total number of task attempts sent: 0
	total number of task attempts dropped reported: 0
	total number of sent failure: 0
	num status task events dropped: 0
	num profile task events dropped: 0
	num ray task events reported to aggregator: 0
	num ray task events failed to report to aggregator: 0
	num of task attempts dropped reported to aggregator: 0
	num of failed requests to aggregator: 0

[2026-02-05 21:52:27,804 I 3774978 3776489] metrics_agent_client.cc:59: Exporter initialized.
[2026-02-05 21:52:27,804 I 3774978 3776489] accessor.cc:433: Received address and liveness notification for node, IsAlive = 1 node_id=4f5a135a59e8f3ceb8c777d10e7d9106c037a3a81aad0d806ae5305f
[2026-02-05 21:52:27,804 I 3774978 3776489] normal_task_submitter.cc:840: Number of alive nodes:1
[2026-02-05 21:53:27,803 I 3774978 3776489] core_worker.cc:455: Event stats:


Global stats: 884 total (8 active)
Queueing time: mean = 0.05ms, max = 0.92ms, min = 0.01ms, total = 41.57ms
Execution time:  mean = 0.08ms, total = 67.03ms
Event stats:
	CoreWorker.RecoverObjects - 600 total (1 active), Execution time: mean = 0.01ms, total = 5.61ms, Queueing time: mean = 0.05ms, max = 0.18ms, min = 0.01ms, total = 29.36ms
	NodeManagerService.grpc_client.ReportWorkerBacklog - 60 total (0 active), Execution time: mean = 0.70ms, total = 42.02ms, Queueing time: mean = 0.00ms, max = -0.00ms, min = 9223372036854.78ms, total = 0.00ms
	CoreWorker.ExitIfParentRayletDies - 60 total (1 active), Execution time: mean = 0.01ms, total = 0.65ms, Queueing time: mean = 0.04ms, max = 0.07ms, min = 0.01ms, total = 2.68ms
	CoreWorker.InternalHeartbeat - 60 total (1 active), Execution time: mean = 0.17ms, total = 10.48ms, Queueing time: mean = 0.04ms, max = 0.07ms, min = 0.01ms, total = 2.48ms
	NodeManagerService.grpc_client.ReportWorkerBacklog.OnReplyReceived - 60 total (0 active), Execution time: mean = 0.02ms, total = 1.48ms, Queueing time: mean = 0.03ms, max = 0.17ms, min = 0.01ms, total = 1.88ms
	CoreWorker.RecordMetrics - 12 total (1 active), Execution time: mean = 0.06ms, total = 0.69ms, Queueing time: mean = 0.03ms, max = 0.07ms, min = 0.01ms, total = 0.39ms
	PeriodicalRunner.RunFnPeriodically - 7 total (0 active), Execution time: mean = 0.14ms, total = 0.95ms, Queueing time: mean = 0.38ms, max = 0.92ms, min = 0.02ms, total = 2.67ms
	CoreWorker.TryDelPendingObjectRefStreams - 6 total (1 active), Execution time: mean = 0.01ms, total = 0.03ms, Queueing time: mean = 0.03ms, max = 0.06ms, min = 0.02ms, total = 0.19ms
	CoreWorkerService.grpc_server.GetCoreWorkerStats - 4 total (0 active), Execution time: mean = 0.34ms, total = 1.36ms, Queueing time: mean = 0.00ms, max = -0.00ms, min = 9223372036854.78ms, total = 0.00ms
	CoreWorkerService.grpc_server.GetCoreWorkerStats.HandleRequestImpl - 4 total (0 active), Execution time: mean = 0.13ms, total = 0.51ms, Queueing time: mean = 0.02ms, max = 0.03ms, min = 0.02ms, total = 0.10ms
	ray::rpc::InternalPubSubGcsService.grpc_client.GcsSubscriberPoll - 1 total (1 active), Execution time: mean = 0.00ms, total = 0.00ms, Queueing time: mean = 0.00ms, max = -0.00ms, min = 9223372036854.78ms, total = 0.00ms
	ray::rpc::InternalPubSubGcsService.grpc_client.GcsSubscriberCommandBatch - 1 total (0 active), Execution time: mean = 0.54ms, total = 0.54ms, Queueing time: mean = 0.00ms, max = -0.00ms, min = 9223372036854.78ms, total = 0.00ms
	ray::rpc::InternalPubSubGcsService.grpc_client.GcsSubscriberCommandBatch.OnReplyReceived - 1 total (0 active), Execution time: mean = 0.18ms, total = 0.18ms, Queueing time: mean = 0.73ms, max = 0.73ms, min = 0.73ms, total = 0.73ms
	Publisher.CheckDeadSubscribers - 1 total (1 active), Execution time: mean = 0.00ms, total = 0.00ms, Queueing time: mean = 0.00ms, max = -0.00ms, min = 9223372036854.78ms, total = 0.00ms
	ray::rpc::NodeInfoGcsService.grpc_client.GetAllNodeAddressAndLiveness.OnReplyReceived - 1 total (0 active), Execution time: mean = 0.08ms, total = 0.08ms, Queueing time: mean = 0.23ms, max = 0.23ms, min = 0.23ms, total = 0.23ms
	ray::rpc::WorkerInfoGcsService.grpc_client.AddWorkerInfo.OnReplyReceived - 1 total (0 active), Execution time: mean = 0.03ms, total = 0.03ms, Queueing time: mean = 0.85ms, max = 0.85ms, min = 0.85ms, total = 0.85ms
	CoreWorker.PrintEventStats - 1 total (1 active, 1 running), Execution time: mean = 0.00ms, total = 0.00ms, Queueing time: mean = 0.00ms, max = -0.00ms, min = 9223372036854.78ms, total = 0.00ms
	ray::rpc::NodeInfoGcsService.grpc_client.GetAllNodeAddressAndLiveness - 1 total (0 active), Execution time: mean = 0.42ms, total = 0.42ms, Queueing time: mean = 0.00ms, max = -0.00ms, min = 9223372036854.78ms, total = 0.00ms
	ReporterService.grpc_client.HealthCheck.OnReplyReceived - 1 total (0 active), Execution time: mean = 0.25ms, total = 0.25ms, Queueing time: mean = 0.02ms, max = 0.02ms, min = 0.02ms, total = 0.02ms
	ray::rpc::WorkerInfoGcsService.grpc_client.AddWorkerInfo - 1 total (0 active), Execution time: mean = 0.58ms, total = 0.58ms, Queueing time: mean = 0.00ms, max = -0.00ms, min = 9223372036854.78ms, total = 0.00ms
	ReporterService.grpc_client.HealthCheck - 1 total (0 active), Execution time: mean = 1.18ms, total = 1.18ms, Queueing time: mean = 0.00ms, max = -0.00ms, min = 9223372036854.78ms, total = 0.00ms

-----------------
Task execution event stats:

Global stats: 5963 total (1 active)
Queueing time: mean = 0.05ms, max = 12.00ms, min = 0.00ms, total = 326.04ms
Execution time:  mean = 0.01ms, total = 87.09ms
Event stats:
	CoreWorker.CheckSignal - 5962 total (1 active), Execution time: mean = 0.01ms, total = 87.08ms, Queueing time: mean = 0.05ms, max = 12.00ms, min = 0.00ms, total = 326.04ms
	PeriodicalRunner.RunFnPeriodically - 1 total (0 active), Execution time: mean = 0.01ms, total = 0.01ms, Queueing time: mean = 0.00ms, max = 0.00ms, min = 0.00ms, total = 0.00ms

-----------------
Task Event stats:

IO Service Stats:

Global stats: 181 total (1 active)
Queueing time: mean = 0.03ms, max = 0.20ms, min = 0.01ms, total = 4.64ms
Execution time:  mean = 0.30ms, total = 54.83ms
Event stats:
	CoreWorker.deadline_timer.flush_task_events - 60 total (1 active), Execution time: mean = 0.21ms, total = 12.54ms, Queueing time: mean = 0.05ms, max = 0.10ms, min = 0.02ms, total = 2.90ms
	ray::rpc::TaskInfoGcsService.grpc_client.AddTaskEventData - 60 total (0 active), Execution time: mean = 0.67ms, total = 40.06ms, Queueing time: mean = 0.00ms, max = -0.00ms, min = 9223372036854.78ms, total = 0.00ms
	ray::rpc::TaskInfoGcsService.grpc_client.AddTaskEventData.OnReplyReceived - 60 total (0 active), Execution time: mean = 0.03ms, total = 1.97ms, Queueing time: mean = 0.03ms, max = 0.20ms, min = 0.01ms, total = 1.73ms
	PeriodicalRunner.RunFnPeriodically - 1 total (0 active), Execution time: mean = 0.25ms, total = 0.25ms, Queueing time: mean = 0.01ms, max = 0.01ms, min = 0.01ms, total = 0.01ms
Other Stats:
	gcs_grpc_in_progress:0
	event_aggregator_grpc_in_progress:0
	current number of task status events in buffer: 0
	current number of profile events in buffer: 0
	current number of dropped task attempts tracked: 0
	total task events sent: 0 MiB
	total number of task attempts sent: 0
	total number of task attempts dropped reported: 0
	total number of sent failure: 0
	num status task events dropped: 0
	num profile task events dropped: 0
	num ray task events reported to aggregator: 0
	num ray task events failed to report to aggregator: 0
	num of task attempts dropped reported to aggregator: 0
	num of failed requests to aggregator: 0

[2026-02-05 21:54:27,804 I 3774978 3776489] core_worker.cc:455: Event stats:


Global stats: 1751 total (8 active)
Queueing time: mean = 0.05ms, max = 0.92ms, min = 0.01ms, total = 80.06ms
Execution time:  mean = 0.08ms, total = 134.55ms
Event stats:
	CoreWorker.RecoverObjects - 1200 total (1 active), Execution time: mean = 0.01ms, total = 11.27ms, Queueing time: mean = 0.05ms, max = 0.18ms, min = 0.01ms, total = 59.14ms
	NodeManagerService.grpc_client.ReportWorkerBacklog - 120 total (0 active), Execution time: mean = 0.72ms, total = 86.39ms, Queueing time: mean = 0.00ms, max = -0.00ms, min = 9223372036854.78ms, total = 0.00ms
	CoreWorker.ExitIfParentRayletDies - 120 total (1 active), Execution time: mean = 0.01ms, total = 1.31ms, Queueing time: mean = 0.05ms, max = 0.08ms, min = 0.01ms, total = 5.54ms
	CoreWorker.InternalHeartbeat - 120 total (1 active), Execution time: mean = 0.19ms, total = 22.36ms, Queueing time: mean = 0.05ms, max = 0.08ms, min = 0.01ms, total = 5.40ms
	NodeManagerService.grpc_client.ReportWorkerBacklog.OnReplyReceived - 120 total (0 active), Execution time: mean = 0.03ms, total = 3.22ms, Queueing time: mean = 0.03ms, max = 0.17ms, min = 0.01ms, total = 3.86ms
	CoreWorker.RecordMetrics - 24 total (1 active), Execution time: mean = 0.06ms, total = 1.53ms, Queueing time: mean = 0.04ms, max = 0.07ms, min = 0.01ms, total = 0.89ms
	CoreWorker.TryDelPendingObjectRefStreams - 12 total (1 active), Execution time: mean = 0.01ms, total = 0.07ms, Queueing time: mean = 0.04ms, max = 0.07ms, min = 0.02ms, total = 0.43ms
	CoreWorkerService.grpc_server.GetCoreWorkerStats - 8 total (0 active), Execution time: mean = 0.34ms, total = 2.70ms, Queueing time: mean = 0.00ms, max = -0.00ms, min = 9223372036854.78ms, total = 0.00ms
	CoreWorkerService.grpc_server.GetCoreWorkerStats.HandleRequestImpl - 8 total (0 active), Execution time: mean = 0.11ms, total = 0.88ms, Queueing time: mean = 0.03ms, max = 0.05ms, min = 0.02ms, total = 0.26ms
	PeriodicalRunner.RunFnPeriodically - 7 total (0 active), Execution time: mean = 0.14ms, total = 0.95ms, Queueing time: mean = 0.38ms, max = 0.92ms, min = 0.02ms, total = 2.67ms
	CoreWorker.PrintEventStats - 2 total (1 active, 1 running), Execution time: mean = 0.31ms, total = 0.62ms, Queueing time: mean = 0.03ms, max = 0.07ms, min = 0.07ms, total = 0.07ms
	ray::rpc::InternalPubSubGcsService.grpc_client.GcsSubscriberPoll - 1 total (1 active), Execution time: mean = 0.00ms, total = 0.00ms, Queueing time: mean = 0.00ms, max = -0.00ms, min = 9223372036854.78ms, total = 0.00ms
	ray::rpc::InternalPubSubGcsService.grpc_client.GcsSubscriberCommandBatch - 1 total (0 active), Execution time: mean = 0.54ms, total = 0.54ms, Queueing time: mean = 0.00ms, max = -0.00ms, min = 9223372036854.78ms, total = 0.00ms
	ray::rpc::InternalPubSubGcsService.grpc_client.GcsSubscriberCommandBatch.OnReplyReceived - 1 total (0 active), Execution time: mean = 0.18ms, total = 0.18ms, Queueing time: mean = 0.73ms, max = 0.73ms, min = 0.73ms, total = 0.73ms
	Publisher.CheckDeadSubscribers - 1 total (1 active), Execution time: mean = 0.00ms, total = 0.00ms, Queueing time: mean = 0.00ms, max = -0.00ms, min = 9223372036854.78ms, total = 0.00ms
	ray::rpc::NodeInfoGcsService.grpc_client.GetAllNodeAddressAndLiveness.OnReplyReceived - 1 total (0 active), Execution time: mean = 0.08ms, total = 0.08ms, Queueing time: mean = 0.23ms, max = 0.23ms, min = 0.23ms, total = 0.23ms
	ray::rpc::WorkerInfoGcsService.grpc_client.AddWorkerInfo.OnReplyReceived - 1 total (0 active), Execution time: mean = 0.03ms, total = 0.03ms, Queueing time: mean = 0.85ms, max = 0.85ms, min = 0.85ms, total = 0.85ms
	ray::rpc::NodeInfoGcsService.grpc_client.GetAllNodeAddressAndLiveness - 1 total (0 active), Execution time: mean = 0.42ms, total = 0.42ms, Queueing time: mean = 0.00ms, max = -0.00ms, min = 9223372036854.78ms, total = 0.00ms
	ReporterService.grpc_client.HealthCheck.OnReplyReceived - 1 total (0 active), Execution time: mean = 0.25ms, total = 0.25ms, Queueing time: mean = 0.02ms, max = 0.02ms, min = 0.02ms, total = 0.02ms
	ray::rpc::WorkerInfoGcsService.grpc_client.AddWorkerInfo - 1 total (0 active), Execution time: mean = 0.58ms, total = 0.58ms, Queueing time: mean = 0.00ms, max = -0.00ms, min = 9223372036854.78ms, total = 0.00ms
	ReporterService.grpc_client.HealthCheck - 1 total (0 active), Execution time: mean = 1.18ms, total = 1.18ms, Queueing time: mean = 0.00ms, max = -0.00ms, min = 9223372036854.78ms, total = 0.00ms

-----------------
Task execution event stats:

Global stats: 11935 total (1 active)
Queueing time: mean = 0.05ms, max = 12.00ms, min = -0.00ms, total = 543.15ms
Execution time:  mean = 0.01ms, total = 174.08ms
Event stats:
	CoreWorker.CheckSignal - 11934 total (1 active), Execution time: mean = 0.01ms, total = 174.07ms, Queueing time: mean = 0.05ms, max = 12.00ms, min = -0.00ms, total = 543.14ms
	PeriodicalRunner.RunFnPeriodically - 1 total (0 active), Execution time: mean = 0.01ms, total = 0.01ms, Queueing time: mean = 0.00ms, max = 0.00ms, min = 0.00ms, total = 0.00ms

-----------------
Task Event stats:

IO Service Stats:

Global stats: 361 total (1 active)
Queueing time: mean = 0.03ms, max = 0.20ms, min = 0.01ms, total = 9.83ms
Execution time:  mean = 0.31ms, total = 112.14ms
Event stats:
	CoreWorker.deadline_timer.flush_task_events - 120 total (1 active), Execution time: mean = 0.21ms, total = 25.59ms, Queueing time: mean = 0.05ms, max = 0.10ms, min = 0.02ms, total = 5.92ms
	ray::rpc::TaskInfoGcsService.grpc_client.AddTaskEventData - 120 total (0 active), Execution time: mean = 0.69ms, total = 82.24ms, Queueing time: mean = 0.00ms, max = -0.00ms, min = 9223372036854.78ms, total = 0.00ms
	ray::rpc::TaskInfoGcsService.grpc_client.AddTaskEventData.OnReplyReceived - 120 total (0 active), Execution time: mean = 0.03ms, total = 4.06ms, Queueing time: mean = 0.03ms, max = 0.20ms, min = 0.01ms, total = 3.90ms
	PeriodicalRunner.RunFnPeriodically - 1 total (0 active), Execution time: mean = 0.25ms, total = 0.25ms, Queueing time: mean = 0.01ms, max = 0.01ms, min = 0.01ms, total = 0.01ms
Other Stats:
	gcs_grpc_in_progress:0
	event_aggregator_grpc_in_progress:0
	current number of task status events in buffer: 0
	current number of profile events in buffer: 0
	current number of dropped task attempts tracked: 0
	total task events sent: 0 MiB
	total number of task attempts sent: 0
	total number of task attempts dropped reported: 0
	total number of sent failure: 0
	num status task events dropped: 0
	num profile task events dropped: 0
	num ray task events reported to aggregator: 0
	num ray task events failed to report to aggregator: 0
	num of task attempts dropped reported to aggregator: 0
	num of failed requests to aggregator: 0

[2026-02-05 21:55:27,804 I 3774978 3776489] core_worker.cc:455: Event stats:


Global stats: 2618 total (8 active)
Queueing time: mean = 0.04ms, max = 0.92ms, min = 0.01ms, total = 112.54ms
Execution time:  mean = 0.08ms, total = 205.74ms
Event stats:
	CoreWorker.RecoverObjects - 1800 total (1 active), Execution time: mean = 0.01ms, total = 16.88ms, Queueing time: mean = 0.05ms, max = 0.18ms, min = 0.01ms, total = 83.10ms
	NodeManagerService.grpc_client.ReportWorkerBacklog - 180 total (0 active), Execution time: mean = 0.74ms, total = 133.93ms, Queueing time: mean = 0.00ms, max = -0.00ms, min = 9223372036854.78ms, total = 0.00ms
	CoreWorker.ExitIfParentRayletDies - 180 total (1 active), Execution time: mean = 0.01ms, total = 1.99ms, Queueing time: mean = 0.04ms, max = 0.08ms, min = 0.01ms, total = 8.01ms
	CoreWorker.InternalHeartbeat - 180 total (1 active), Execution time: mean = 0.19ms, total = 34.63ms, Queueing time: mean = 0.04ms, max = 0.08ms, min = 0.01ms, total = 7.94ms
	NodeManagerService.grpc_client.ReportWorkerBacklog.OnReplyReceived - 180 total (0 active), Execution time: mean = 0.03ms, total = 5.08ms, Queueing time: mean = 0.03ms, max = 0.17ms, min = 0.01ms, total = 6.06ms
	CoreWorker.RecordMetrics - 36 total (1 active), Execution time: mean = 0.06ms, total = 2.29ms, Queueing time: mean = 0.04ms, max = 0.07ms, min = 0.01ms, total = 1.40ms
	CoreWorker.TryDelPendingObjectRefStreams - 18 total (1 active), Execution time: mean = 0.01ms, total = 0.10ms, Queueing time: mean = 0.06ms, max = 0.41ms, min = 0.02ms, total = 1.07ms
	CoreWorkerService.grpc_server.GetCoreWorkerStats - 12 total (0 active), Execution time: mean = 0.34ms, total = 4.03ms, Queueing time: mean = 0.00ms, max = -0.00ms, min = 9223372036854.78ms, total = 0.00ms
	CoreWorkerService.grpc_server.GetCoreWorkerStats.HandleRequestImpl - 12 total (0 active), Execution time: mean = 0.11ms, total = 1.28ms, Queueing time: mean = 0.03ms, max = 0.05ms, min = 0.02ms, total = 0.37ms
	PeriodicalRunner.RunFnPeriodically - 7 total (0 active), Execution time: mean = 0.14ms, total = 0.95ms, Queueing time: mean = 0.38ms, max = 0.92ms, min = 0.02ms, total = 2.67ms
	CoreWorker.PrintEventStats - 3 total (1 active, 1 running), Execution time: mean = 0.44ms, total = 1.33ms, Queueing time: mean = 0.03ms, max = 0.07ms, min = 0.03ms, total = 0.10ms
	ray::rpc::InternalPubSubGcsService.grpc_client.GcsSubscriberPoll - 1 total (1 active), Execution time: mean = 0.00ms, total = 0.00ms, Queueing time: mean = 0.00ms, max = -0.00ms, min = 9223372036854.78ms, total = 0.00ms
	ray::rpc::InternalPubSubGcsService.grpc_client.GcsSubscriberCommandBatch - 1 total (0 active), Execution time: mean = 0.54ms, total = 0.54ms, Queueing time: mean = 0.00ms, max = -0.00ms, min = 9223372036854.78ms, total = 0.00ms
	ray::rpc::InternalPubSubGcsService.grpc_client.GcsSubscriberCommandBatch.OnReplyReceived - 1 total (0 active), Execution time: mean = 0.18ms, total = 0.18ms, Queueing time: mean = 0.73ms, max = 0.73ms, min = 0.73ms, total = 0.73ms
	Publisher.CheckDeadSubscribers - 1 total (1 active), Execution time: mean = 0.00ms, total = 0.00ms, Queueing time: mean = 0.00ms, max = -0.00ms, min = 9223372036854.78ms, total = 0.00ms
	ray::rpc::NodeInfoGcsService.grpc_client.GetAllNodeAddressAndLiveness.OnReplyReceived - 1 total (0 active), Execution time: mean = 0.08ms, total = 0.08ms, Queueing time: mean = 0.23ms, max = 0.23ms, min = 0.23ms, total = 0.23ms
	ray::rpc::WorkerInfoGcsService.grpc_client.AddWorkerInfo.OnReplyReceived - 1 total (0 active), Execution time: mean = 0.03ms, total = 0.03ms, Queueing time: mean = 0.85ms, max = 0.85ms, min = 0.85ms, total = 0.85ms
	ray::rpc::NodeInfoGcsService.grpc_client.GetAllNodeAddressAndLiveness - 1 total (0 active), Execution time: mean = 0.42ms, total = 0.42ms, Queueing time: mean = 0.00ms, max = -0.00ms, min = 9223372036854.78ms, total = 0.00ms
	ReporterService.grpc_client.HealthCheck.OnReplyReceived - 1 total (0 active), Execution time: mean = 0.25ms, total = 0.25ms, Queueing time: mean = 0.02ms, max = 0.02ms, min = 0.02ms, total = 0.02ms
	ray::rpc::WorkerInfoGcsService.grpc_client.AddWorkerInfo - 1 total (0 active), Execution time: mean = 0.58ms, total = 0.58ms, Queueing time: mean = 0.00ms, max = -0.00ms, min = 9223372036854.78ms, total = 0.00ms
	ReporterService.grpc_client.HealthCheck - 1 total (0 active), Execution time: mean = 1.18ms, total = 1.18ms, Queueing time: mean = 0.00ms, max = -0.00ms, min = 9223372036854.78ms, total = 0.00ms

-----------------
Task execution event stats:

Global stats: 17899 total (1 active)
Queueing time: mean = 0.05ms, max = 12.00ms, min = -0.00ms, total = 842.40ms
Execution time:  mean = 0.01ms, total = 267.57ms
Event stats:
	CoreWorker.CheckSignal - 17898 total (1 active), Execution time: mean = 0.01ms, total = 267.56ms, Queueing time: mean = 0.05ms, max = 12.00ms, min = -0.00ms, total = 842.40ms
	PeriodicalRunner.RunFnPeriodically - 1 total (0 active), Execution time: mean = 0.01ms, total = 0.01ms, Queueing time: mean = 0.00ms, max = 0.00ms, min = 0.00ms, total = 0.00ms

-----------------
Task Event stats:

IO Service Stats:

Global stats: 541 total (1 active)
Queueing time: mean = 0.03ms, max = 0.20ms, min = 0.01ms, total = 14.66ms
Execution time:  mean = 0.32ms, total = 174.11ms
Event stats:
	CoreWorker.deadline_timer.flush_task_events - 180 total (1 active), Execution time: mean = 0.22ms, total = 38.94ms, Queueing time: mean = 0.05ms, max = 0.16ms, min = 0.02ms, total = 8.63ms
	ray::rpc::TaskInfoGcsService.grpc_client.AddTaskEventData - 180 total (0 active), Execution time: mean = 0.71ms, total = 128.44ms, Queueing time: mean = 0.00ms, max = -0.00ms, min = 9223372036854.78ms, total = 0.00ms
	ray::rpc::TaskInfoGcsService.grpc_client.AddTaskEventData.OnReplyReceived - 180 total (0 active), Execution time: mean = 0.04ms, total = 6.49ms, Queueing time: mean = 0.03ms, max = 0.20ms, min = 0.01ms, total = 6.02ms
	PeriodicalRunner.RunFnPeriodically - 1 total (0 active), Execution time: mean = 0.25ms, total = 0.25ms, Queueing time: mean = 0.01ms, max = 0.01ms, min = 0.01ms, total = 0.01ms
Other Stats:
	gcs_grpc_in_progress:0
	event_aggregator_grpc_in_progress:0
	current number of task status events in buffer: 0
	current number of profile events in buffer: 0
	current number of dropped task attempts tracked: 0
	total task events sent: 0 MiB
	total number of task attempts sent: 0
	total number of task attempts dropped reported: 0
	total number of sent failure: 0
	num status task events dropped: 0
	num profile task events dropped: 0
	num ray task events reported to aggregator: 0
	num ray task events failed to report to aggregator: 0
	num of task attempts dropped reported to aggregator: 0
	num of failed requests to aggregator: 0

[2026-02-05 21:56:27,805 I 3774978 3776489] core_worker.cc:455: Event stats:


Global stats: 3484 total (8 active)
Queueing time: mean = 0.04ms, max = 0.92ms, min = 0.01ms, total = 149.02ms
Execution time:  mean = 0.08ms, total = 278.18ms
Event stats:
	CoreWorker.RecoverObjects - 2399 total (1 active), Execution time: mean = 0.01ms, total = 22.35ms, Queueing time: mean = 0.05ms, max = 0.18ms, min = 0.01ms, total = 110.40ms
	NodeManagerService.grpc_client.ReportWorkerBacklog - 240 total (0 active), Execution time: mean = 0.76ms, total = 182.93ms, Queueing time: mean = 0.00ms, max = -0.00ms, min = 9223372036854.78ms, total = 0.00ms
	CoreWorker.ExitIfParentRayletDies - 240 total (1 active), Execution time: mean = 0.01ms, total = 2.69ms, Queueing time: mean = 0.04ms, max = 0.08ms, min = 0.01ms, total = 10.77ms
	CoreWorker.InternalHeartbeat - 240 total (1 active), Execution time: mean = 0.20ms, total = 46.80ms, Queueing time: mean = 0.04ms, max = 0.08ms, min = 0.01ms, total = 10.62ms
	NodeManagerService.grpc_client.ReportWorkerBacklog.OnReplyReceived - 240 total (0 active), Execution time: mean = 0.03ms, total = 6.99ms, Queueing time: mean = 0.03ms, max = 0.17ms, min = 0.01ms, total = 8.39ms
	CoreWorker.RecordMetrics - 48 total (1 active), Execution time: mean = 0.06ms, total = 3.06ms, Queueing time: mean = 0.04ms, max = 0.07ms, min = 0.01ms, total = 1.97ms
	CoreWorker.TryDelPendingObjectRefStreams - 24 total (1 active), Execution time: mean = 0.01ms, total = 0.14ms, Queueing time: mean = 0.07ms, max = 0.50ms, min = 0.02ms, total = 1.75ms
	CoreWorkerService.grpc_server.GetCoreWorkerStats - 16 total (0 active), Execution time: mean = 0.34ms, total = 5.38ms, Queueing time: mean = 0.00ms, max = -0.00ms, min = 9223372036854.78ms, total = 0.00ms
	CoreWorkerService.grpc_server.GetCoreWorkerStats.HandleRequestImpl - 16 total (0 active), Execution time: mean = 0.10ms, total = 1.62ms, Queueing time: mean = 0.03ms, max = 0.05ms, min = 0.02ms, total = 0.48ms
	PeriodicalRunner.RunFnPeriodically - 7 total (0 active), Execution time: mean = 0.14ms, total = 0.95ms, Queueing time: mean = 0.38ms, max = 0.92ms, min = 0.02ms, total = 2.67ms
	CoreWorker.PrintEventStats - 4 total (1 active, 1 running), Execution time: mean = 0.50ms, total = 2.02ms, Queueing time: mean = 0.04ms, max = 0.07ms, min = 0.03ms, total = 0.16ms
	ray::rpc::InternalPubSubGcsService.grpc_client.GcsSubscriberPoll - 1 total (1 active), Execution time: mean = 0.00ms, total = 0.00ms, Queueing time: mean = 0.00ms, max = -0.00ms, min = 9223372036854.78ms, total = 0.00ms
	ray::rpc::InternalPubSubGcsService.grpc_client.GcsSubscriberCommandBatch - 1 total (0 active), Execution time: mean = 0.54ms, total = 0.54ms, Queueing time: mean = 0.00ms, max = -0.00ms, min = 9223372036854.78ms, total = 0.00ms
	ray::rpc::InternalPubSubGcsService.grpc_client.GcsSubscriberCommandBatch.OnReplyReceived - 1 total (0 active), Execution time: mean = 0.18ms, total = 0.18ms, Queueing time: mean = 0.73ms, max = 0.73ms, min = 0.73ms, total = 0.73ms
	Publisher.CheckDeadSubscribers - 1 total (1 active), Execution time: mean = 0.00ms, total = 0.00ms, Queueing time: mean = 0.00ms, max = -0.00ms, min = 9223372036854.78ms, total = 0.00ms
	ray::rpc::NodeInfoGcsService.grpc_client.GetAllNodeAddressAndLiveness.OnReplyReceived - 1 total (0 active), Execution time: mean = 0.08ms, total = 0.08ms, Queueing time: mean = 0.23ms, max = 0.23ms, min = 0.23ms, total = 0.23ms
	ray::rpc::WorkerInfoGcsService.grpc_client.AddWorkerInfo.OnReplyReceived - 1 total (0 active), Execution time: mean = 0.03ms, total = 0.03ms, Queueing time: mean = 0.85ms, max = 0.85ms, min = 0.85ms, total = 0.85ms
	ray::rpc::NodeInfoGcsService.grpc_client.GetAllNodeAddressAndLiveness - 1 total (0 active), Execution time: mean = 0.42ms, total = 0.42ms, Queueing time: mean = 0.00ms, max = -0.00ms, min = 9223372036854.78ms, total = 0.00ms
	ReporterService.grpc_client.HealthCheck.OnReplyReceived - 1 total (0 active), Execution time: mean = 0.25ms, total = 0.25ms, Queueing time: mean = 0.02ms, max = 0.02ms, min = 0.02ms, total = 0.02ms
	ray::rpc::WorkerInfoGcsService.grpc_client.AddWorkerInfo - 1 total (0 active), Execution time: mean = 0.58ms, total = 0.58ms, Queueing time: mean = 0.00ms, max = -0.00ms, min = 9223372036854.78ms, total = 0.00ms
	ReporterService.grpc_client.HealthCheck - 1 total (0 active), Execution time: mean = 1.18ms, total = 1.18ms, Queueing time: mean = 0.00ms, max = -0.00ms, min = 9223372036854.78ms, total = 0.00ms

-----------------
Task execution event stats:

Global stats: 23863 total (1 active)
Queueing time: mean = 0.05ms, max = 12.00ms, min = -0.00ms, total = 1140.14ms
Execution time:  mean = 0.02ms, total = 359.58ms
Event stats:
	CoreWorker.CheckSignal - 23862 total (1 active), Execution time: mean = 0.02ms, total = 359.57ms, Queueing time: mean = 0.05ms, max = 12.00ms, min = -0.00ms, total = 1140.13ms
	PeriodicalRunner.RunFnPeriodically - 1 total (0 active), Execution time: mean = 0.01ms, total = 0.01ms, Queueing time: mean = 0.00ms, max = 0.00ms, min = 0.00ms, total = 0.00ms

-----------------
Task Event stats:

IO Service Stats:

Global stats: 721 total (1 active)
Queueing time: mean = 0.03ms, max = 0.20ms, min = 0.01ms, total = 19.70ms
Execution time:  mean = 0.33ms, total = 236.51ms
Event stats:
	CoreWorker.deadline_timer.flush_task_events - 240 total (1 active), Execution time: mean = 0.22ms, total = 52.56ms, Queueing time: mean = 0.05ms, max = 0.16ms, min = 0.02ms, total = 11.69ms
	ray::rpc::TaskInfoGcsService.grpc_client.AddTaskEventData - 240 total (0 active), Execution time: mean = 0.73ms, total = 174.88ms, Queueing time: mean = 0.00ms, max = -0.00ms, min = 9223372036854.78ms, total = 0.00ms
	ray::rpc::TaskInfoGcsService.grpc_client.AddTaskEventData.OnReplyReceived - 240 total (0 active), Execution time: mean = 0.04ms, total = 8.82ms, Queueing time: mean = 0.03ms, max = 0.20ms, min = 0.01ms, total = 8.00ms
	PeriodicalRunner.RunFnPeriodically - 1 total (0 active), Execution time: mean = 0.25ms, total = 0.25ms, Queueing time: mean = 0.01ms, max = 0.01ms, min = 0.01ms, total = 0.01ms
Other Stats:
	gcs_grpc_in_progress:0
	event_aggregator_grpc_in_progress:0
	current number of task status events in buffer: 0
	current number of profile events in buffer: 0
	current number of dropped task attempts tracked: 0
	total task events sent: 0 MiB
	total number of task attempts sent: 0
	total number of task attempts dropped reported: 0
	total number of sent failure: 0
	num status task events dropped: 0
	num profile task events dropped: 0
	num ray task events reported to aggregator: 0
	num ray task events failed to report to aggregator: 0
	num of task attempts dropped reported to aggregator: 0
	num of failed requests to aggregator: 0

[2026-02-05 21:57:27,806 I 3774978 3776489] core_worker.cc:455: Event stats:


Global stats: 4352 total (8 active)
Queueing time: mean = 0.04ms, max = 0.92ms, min = 0.01ms, total = 188.07ms
Execution time:  mean = 0.08ms, total = 349.19ms
Event stats:
	CoreWorker.RecoverObjects - 2999 total (1 active), Execution time: mean = 0.01ms, total = 27.63ms, Queueing time: mean = 0.05ms, max = 0.18ms, min = 0.01ms, total = 139.61ms
	NodeManagerService.grpc_client.ReportWorkerBacklog - 300 total (0 active), Execution time: mean = 0.77ms, total = 231.10ms, Queueing time: mean = 0.00ms, max = -0.00ms, min = 9223372036854.78ms, total = 0.00ms
	CoreWorker.ExitIfParentRayletDies - 300 total (1 active), Execution time: mean = 0.01ms, total = 3.38ms, Queueing time: mean = 0.05ms, max = 0.08ms, min = 0.01ms, total = 13.88ms
	CoreWorker.InternalHeartbeat - 300 total (1 active), Execution time: mean = 0.20ms, total = 58.73ms, Queueing time: mean = 0.04ms, max = 0.08ms, min = 0.01ms, total = 13.46ms
	NodeManagerService.grpc_client.ReportWorkerBacklog.OnReplyReceived - 300 total (0 active), Execution time: mean = 0.03ms, total = 8.78ms, Queueing time: mean = 0.04ms, max = 0.17ms, min = 0.01ms, total = 10.60ms
	CoreWorker.RecordMetrics - 60 total (1 active), Execution time: mean = 0.07ms, total = 3.92ms, Queueing time: mean = 0.04ms, max = 0.08ms, min = 0.01ms, total = 2.63ms
	CoreWorker.TryDelPendingObjectRefStreams - 30 total (1 active), Execution time: mean = 0.01ms, total = 0.17ms, Queueing time: mean = 0.08ms, max = 0.56ms, min = 0.02ms, total = 2.52ms
	CoreWorkerService.grpc_server.GetCoreWorkerStats - 20 total (0 active), Execution time: mean = 0.33ms, total = 6.61ms, Queueing time: mean = 0.00ms, max = -0.00ms, min = 9223372036854.78ms, total = 0.00ms
	CoreWorkerService.grpc_server.GetCoreWorkerStats.HandleRequestImpl - 20 total (0 active), Execution time: mean = 0.10ms, total = 1.96ms, Queueing time: mean = 0.03ms, max = 0.05ms, min = 0.02ms, total = 0.58ms
	PeriodicalRunner.RunFnPeriodically - 7 total (0 active), Execution time: mean = 0.14ms, total = 0.95ms, Queueing time: mean = 0.38ms, max = 0.92ms, min = 0.02ms, total = 2.67ms
	CoreWorker.PrintEventStats - 5 total (1 active, 1 running), Execution time: mean = 0.54ms, total = 2.71ms, Queueing time: mean = 0.05ms, max = 0.07ms, min = 0.03ms, total = 0.24ms
	Publisher.CheckDeadSubscribers - 2 total (1 active), Execution time: mean = 0.00ms, total = 0.01ms, Queueing time: mean = 0.03ms, max = 0.06ms, min = 0.06ms, total = 0.06ms
	ray::rpc::InternalPubSubGcsService.grpc_client.GcsSubscriberPoll - 1 total (1 active), Execution time: mean = 0.00ms, total = 0.00ms, Queueing time: mean = 0.00ms, max = -0.00ms, min = 9223372036854.78ms, total = 0.00ms
	ray::rpc::InternalPubSubGcsService.grpc_client.GcsSubscriberCommandBatch - 1 total (0 active), Execution time: mean = 0.54ms, total = 0.54ms, Queueing time: mean = 0.00ms, max = -0.00ms, min = 9223372036854.78ms, total = 0.00ms
	ray::rpc::InternalPubSubGcsService.grpc_client.GcsSubscriberCommandBatch.OnReplyReceived - 1 total (0 active), Execution time: mean = 0.18ms, total = 0.18ms, Queueing time: mean = 0.73ms, max = 0.73ms, min = 0.73ms, total = 0.73ms
	ray::rpc::NodeInfoGcsService.grpc_client.GetAllNodeAddressAndLiveness.OnReplyReceived - 1 total (0 active), Execution time: mean = 0.08ms, total = 0.08ms, Queueing time: mean = 0.23ms, max = 0.23ms, min = 0.23ms, total = 0.23ms
	ray::rpc::WorkerInfoGcsService.grpc_client.AddWorkerInfo.OnReplyReceived - 1 total (0 active), Execution time: mean = 0.03ms, total = 0.03ms, Queueing time: mean = 0.85ms, max = 0.85ms, min = 0.85ms, total = 0.85ms
	ray::rpc::NodeInfoGcsService.grpc_client.GetAllNodeAddressAndLiveness - 1 total (0 active), Execution time: mean = 0.42ms, total = 0.42ms, Queueing time: mean = 0.00ms, max = -0.00ms, min = 9223372036854.78ms, total = 0.00ms
	ReporterService.grpc_client.HealthCheck.OnReplyReceived - 1 total (0 active), Execution time: mean = 0.25ms, total = 0.25ms, Queueing time: mean = 0.02ms, max = 0.02ms, min = 0.02ms, total = 0.02ms
	ray::rpc::WorkerInfoGcsService.grpc_client.AddWorkerInfo - 1 total (0 active), Execution time: mean = 0.58ms, total = 0.58ms, Queueing time: mean = 0.00ms, max = -0.00ms, min = 9223372036854.78ms, total = 0.00ms
	ReporterService.grpc_client.HealthCheck - 1 total (0 active), Execution time: mean = 1.18ms, total = 1.18ms, Queueing time: mean = 0.00ms, max = -0.00ms, min = 9223372036854.78ms, total = 0.00ms

-----------------
Task execution event stats:

Global stats: 29828 total (1 active)
Queueing time: mean = 0.05ms, max = 12.00ms, min = -0.00ms, total = 1431.27ms
Execution time:  mean = 0.02ms, total = 452.95ms
Event stats:
	CoreWorker.CheckSignal - 29827 total (1 active), Execution time: mean = 0.02ms, total = 452.95ms, Queueing time: mean = 0.05ms, max = 12.00ms, min = -0.00ms, total = 1431.26ms
	PeriodicalRunner.RunFnPeriodically - 1 total (0 active), Execution time: mean = 0.01ms, total = 0.01ms, Queueing time: mean = 0.00ms, max = 0.00ms, min = 0.00ms, total = 0.00ms

-----------------
Task Event stats:

IO Service Stats:

Global stats: 901 total (1 active)
Queueing time: mean = 0.03ms, max = 0.20ms, min = 0.01ms, total = 25.36ms
Execution time:  mean = 0.33ms, total = 299.73ms
Event stats:
	CoreWorker.deadline_timer.flush_task_events - 300 total (1 active), Execution time: mean = 0.22ms, total = 66.20ms, Queueing time: mean = 0.05ms, max = 0.16ms, min = 0.02ms, total = 15.15ms
	ray::rpc::TaskInfoGcsService.grpc_client.AddTaskEventData - 300 total (0 active), Execution time: mean = 0.74ms, total = 222.01ms, Queueing time: mean = 0.00ms, max = -0.00ms, min = 9223372036854.78ms, total = 0.00ms
	ray::rpc::TaskInfoGcsService.grpc_client.AddTaskEventData.OnReplyReceived - 300 total (0 active), Execution time: mean = 0.04ms, total = 11.27ms, Queueing time: mean = 0.03ms, max = 0.20ms, min = 0.01ms, total = 10.20ms
	PeriodicalRunner.RunFnPeriodically - 1 total (0 active), Execution time: mean = 0.25ms, total = 0.25ms, Queueing time: mean = 0.01ms, max = 0.01ms, min = 0.01ms, total = 0.01ms
Other Stats:
	gcs_grpc_in_progress:0
	event_aggregator_grpc_in_progress:0
	current number of task status events in buffer: 0
	current number of profile events in buffer: 0
	current number of dropped task attempts tracked: 0
	total task events sent: 0 MiB
	total number of task attempts sent: 0
	total number of task attempts dropped reported: 0
	total number of sent failure: 0
	num status task events dropped: 0
	num profile task events dropped: 0
	num ray task events reported to aggregator: 0
	num ray task events failed to report to aggregator: 0
	num of task attempts dropped reported to aggregator: 0
	num of failed requests to aggregator: 0

[2026-02-05 21:58:27,807 I 3774978 3776489] core_worker.cc:455: Event stats:


Global stats: 5219 total (8 active)
Queueing time: mean = 0.04ms, max = 0.92ms, min = 0.01ms, total = 220.28ms
Execution time:  mean = 0.08ms, total = 420.75ms
Event stats:
	CoreWorker.RecoverObjects - 3599 total (1 active), Execution time: mean = 0.01ms, total = 32.96ms, Queueing time: mean = 0.05ms, max = 0.18ms, min = 0.01ms, total = 163.36ms
	NodeManagerService.grpc_client.ReportWorkerBacklog - 360 total (0 active), Execution time: mean = 0.77ms, total = 278.89ms, Queueing time: mean = 0.00ms, max = -0.00ms, min = 9223372036854.78ms, total = 0.00ms
	CoreWorker.ExitIfParentRayletDies - 360 total (1 active), Execution time: mean = 0.01ms, total = 4.05ms, Queueing time: mean = 0.05ms, max = 0.10ms, min = 0.01ms, total = 16.29ms
	CoreWorker.InternalHeartbeat - 360 total (1 active), Execution time: mean = 0.20ms, total = 71.22ms, Queueing time: mean = 0.04ms, max = 0.09ms, min = 0.01ms, total = 15.91ms
	NodeManagerService.grpc_client.ReportWorkerBacklog.OnReplyReceived - 360 total (0 active), Execution time: mean = 0.03ms, total = 10.78ms, Queueing time: mean = 0.04ms, max = 0.17ms, min = 0.01ms, total = 12.91ms
	CoreWorker.RecordMetrics - 72 total (1 active), Execution time: mean = 0.07ms, total = 4.70ms, Queueing time: mean = 0.04ms, max = 0.08ms, min = 0.01ms, total = 3.10ms
	CoreWorker.TryDelPendingObjectRefStreams - 36 total (1 active), Execution time: mean = 0.01ms, total = 0.21ms, Queueing time: mean = 0.09ms, max = 0.56ms, min = 0.02ms, total = 3.19ms
	CoreWorkerService.grpc_server.GetCoreWorkerStats - 24 total (0 active), Execution time: mean = 0.33ms, total = 8.03ms, Queueing time: mean = 0.00ms, max = -0.00ms, min = 9223372036854.78ms, total = 0.00ms
	CoreWorkerService.grpc_server.GetCoreWorkerStats.HandleRequestImpl - 24 total (0 active), Execution time: mean = 0.10ms, total = 2.30ms, Queueing time: mean = 0.03ms, max = 0.05ms, min = 0.02ms, total = 0.68ms
	PeriodicalRunner.RunFnPeriodically - 7 total (0 active), Execution time: mean = 0.14ms, total = 0.95ms, Queueing time: mean = 0.38ms, max = 0.92ms, min = 0.02ms, total = 2.67ms
	CoreWorker.PrintEventStats - 6 total (1 active, 1 running), Execution time: mean = 0.57ms, total = 3.42ms, Queueing time: mean = 0.05ms, max = 0.07ms, min = 0.03ms, total = 0.29ms
	Publisher.CheckDeadSubscribers - 2 total (1 active), Execution time: mean = 0.00ms, total = 0.01ms, Queueing time: mean = 0.03ms, max = 0.06ms, min = 0.06ms, total = 0.06ms
	ray::rpc::InternalPubSubGcsService.grpc_client.GcsSubscriberPoll - 1 total (1 active), Execution time: mean = 0.00ms, total = 0.00ms, Queueing time: mean = 0.00ms, max = -0.00ms, min = 9223372036854.78ms, total = 0.00ms
	ray::rpc::InternalPubSubGcsService.grpc_client.GcsSubscriberCommandBatch - 1 total (0 active), Execution time: mean = 0.54ms, total = 0.54ms, Queueing time: mean = 0.00ms, max = -0.00ms, min = 9223372036854.78ms, total = 0.00ms
	ray::rpc::InternalPubSubGcsService.grpc_client.GcsSubscriberCommandBatch.OnReplyReceived - 1 total (0 active), Execution time: mean = 0.18ms, total = 0.18ms, Queueing time: mean = 0.73ms, max = 0.73ms, min = 0.73ms, total = 0.73ms
	ray::rpc::NodeInfoGcsService.grpc_client.GetAllNodeAddressAndLiveness.OnReplyReceived - 1 total (0 active), Execution time: mean = 0.08ms, total = 0.08ms, Queueing time: mean = 0.23ms, max = 0.23ms, min = 0.23ms, total = 0.23ms
	ray::rpc::WorkerInfoGcsService.grpc_client.AddWorkerInfo.OnReplyReceived - 1 total (0 active), Execution time: mean = 0.03ms, total = 0.03ms, Queueing time: mean = 0.85ms, max = 0.85ms, min = 0.85ms, total = 0.85ms
	ray::rpc::NodeInfoGcsService.grpc_client.GetAllNodeAddressAndLiveness - 1 total (0 active), Execution time: mean = 0.42ms, total = 0.42ms, Queueing time: mean = 0.00ms, max = -0.00ms, min = 9223372036854.78ms, total = 0.00ms
	ReporterService.grpc_client.HealthCheck.OnReplyReceived - 1 total (0 active), Execution time: mean = 0.25ms, total = 0.25ms, Queueing time: mean = 0.02ms, max = 0.02ms, min = 0.02ms, total = 0.02ms
	ray::rpc::WorkerInfoGcsService.grpc_client.AddWorkerInfo - 1 total (0 active), Execution time: mean = 0.58ms, total = 0.58ms, Queueing time: mean = 0.00ms, max = -0.00ms, min = 9223372036854.78ms, total = 0.00ms
	ReporterService.grpc_client.HealthCheck - 1 total (0 active), Execution time: mean = 1.18ms, total = 1.18ms, Queueing time: mean = 0.00ms, max = -0.00ms, min = 9223372036854.78ms, total = 0.00ms

-----------------
Task execution event stats:

Global stats: 35798 total (1 active)
Queueing time: mean = 0.05ms, max = 12.00ms, min = -0.00ms, total = 1670.17ms
Execution time:  mean = 0.02ms, total = 545.46ms
Event stats:
	CoreWorker.CheckSignal - 35797 total (1 active), Execution time: mean = 0.02ms, total = 545.45ms, Queueing time: mean = 0.05ms, max = 12.00ms, min = -0.00ms, total = 1670.17ms
	PeriodicalRunner.RunFnPeriodically - 1 total (0 active), Execution time: mean = 0.01ms, total = 0.01ms, Queueing time: mean = 0.00ms, max = 0.00ms, min = 0.00ms, total = 0.00ms

-----------------
Task Event stats:

IO Service Stats:

Global stats: 1081 total (1 active)
Queueing time: mean = 0.03ms, max = 0.20ms, min = 0.01ms, total = 30.61ms
Execution time:  mean = 0.33ms, total = 360.69ms
Event stats:
	CoreWorker.deadline_timer.flush_task_events - 360 total (1 active), Execution time: mean = 0.22ms, total = 79.47ms, Queueing time: mean = 0.05ms, max = 0.16ms, min = 0.02ms, total = 18.17ms
	ray::rpc::TaskInfoGcsService.grpc_client.AddTaskEventData - 360 total (0 active), Execution time: mean = 0.74ms, total = 267.22ms, Queueing time: mean = 0.00ms, max = -0.00ms, min = 9223372036854.78ms, total = 0.00ms
	ray::rpc::TaskInfoGcsService.grpc_client.AddTaskEventData.OnReplyReceived - 360 total (0 active), Execution time: mean = 0.04ms, total = 13.75ms, Queueing time: mean = 0.03ms, max = 0.20ms, min = 0.01ms, total = 12.43ms
	PeriodicalRunner.RunFnPeriodically - 1 total (0 active), Execution time: mean = 0.25ms, total = 0.25ms, Queueing time: mean = 0.01ms, max = 0.01ms, min = 0.01ms, total = 0.01ms
Other Stats:
	gcs_grpc_in_progress:0
	event_aggregator_grpc_in_progress:0
	current number of task status events in buffer: 0
	current number of profile events in buffer: 0
	current number of dropped task attempts tracked: 0
	total task events sent: 0 MiB
	total number of task attempts sent: 0
	total number of task attempts dropped reported: 0
	total number of sent failure: 0
	num status task events dropped: 0
	num profile task events dropped: 0
	num ray task events reported to aggregator: 0
	num ray task events failed to report to aggregator: 0
	num of task attempts dropped reported to aggregator: 0
	num of failed requests to aggregator: 0

[2026-02-05 21:59:27,807 I 3774978 3776489] core_worker.cc:455: Event stats:


Global stats: 6085 total (8 active)
Queueing time: mean = 0.04ms, max = 0.92ms, min = 0.01ms, total = 254.44ms
Execution time:  mean = 0.08ms, total = 493.30ms
Event stats:
	CoreWorker.RecoverObjects - 4198 total (1 active), Execution time: mean = 0.01ms, total = 38.47ms, Queueing time: mean = 0.04ms, max = 0.24ms, min = 0.01ms, total = 188.30ms
	NodeManagerService.grpc_client.ReportWorkerBacklog - 420 total (0 active), Execution time: mean = 0.78ms, total = 327.46ms, Queueing time: mean = 0.00ms, max = -0.00ms, min = 9223372036854.78ms, total = 0.00ms
	CoreWorker.ExitIfParentRayletDies - 420 total (1 active), Execution time: mean = 0.01ms, total = 4.74ms, Queueing time: mean = 0.05ms, max = 0.10ms, min = 0.01ms, total = 19.32ms
	CoreWorker.InternalHeartbeat - 420 total (1 active), Execution time: mean = 0.20ms, total = 83.73ms, Queueing time: mean = 0.04ms, max = 0.09ms, min = 0.01ms, total = 18.54ms
	NodeManagerService.grpc_client.ReportWorkerBacklog.OnReplyReceived - 420 total (0 active), Execution time: mean = 0.03ms, total = 12.63ms, Queueing time: mean = 0.04ms, max = 0.17ms, min = 0.01ms, total = 14.99ms
	CoreWorker.RecordMetrics - 84 total (1 active), Execution time: mean = 0.07ms, total = 5.49ms, Queueing time: mean = 0.04ms, max = 0.08ms, min = 0.01ms, total = 3.62ms
	CoreWorker.TryDelPendingObjectRefStreams - 42 total (1 active), Execution time: mean = 0.01ms, total = 0.24ms, Queueing time: mean = 0.10ms, max = 0.59ms, min = 0.02ms, total = 4.01ms
	CoreWorkerService.grpc_server.GetCoreWorkerStats - 28 total (0 active), Execution time: mean = 0.34ms, total = 9.48ms, Queueing time: mean = 0.00ms, max = -0.00ms, min = 9223372036854.78ms, total = 0.00ms
	CoreWorkerService.grpc_server.GetCoreWorkerStats.HandleRequestImpl - 28 total (0 active), Execution time: mean = 0.10ms, total = 2.69ms, Queueing time: mean = 0.03ms, max = 0.05ms, min = 0.02ms, total = 0.81ms
	CoreWorker.PrintEventStats - 7 total (1 active, 1 running), Execution time: mean = 0.60ms, total = 4.18ms, Queueing time: mean = 0.04ms, max = 0.07ms, min = 0.02ms, total = 0.31ms
	PeriodicalRunner.RunFnPeriodically - 7 total (0 active), Execution time: mean = 0.14ms, total = 0.95ms, Queueing time: mean = 0.38ms, max = 0.92ms, min = 0.02ms, total = 2.67ms
	Publisher.CheckDeadSubscribers - 2 total (1 active), Execution time: mean = 0.00ms, total = 0.01ms, Queueing time: mean = 0.03ms, max = 0.06ms, min = 0.06ms, total = 0.06ms
	ray::rpc::InternalPubSubGcsService.grpc_client.GcsSubscriberPoll - 1 total (1 active), Execution time: mean = 0.00ms, total = 0.00ms, Queueing time: mean = 0.00ms, max = -0.00ms, min = 9223372036854.78ms, total = 0.00ms
	ray::rpc::InternalPubSubGcsService.grpc_client.GcsSubscriberCommandBatch - 1 total (0 active), Execution time: mean = 0.54ms, total = 0.54ms, Queueing time: mean = 0.00ms, max = -0.00ms, min = 9223372036854.78ms, total = 0.00ms
	ray::rpc::InternalPubSubGcsService.grpc_client.GcsSubscriberCommandBatch.OnReplyReceived - 1 total (0 active), Execution time: mean = 0.18ms, total = 0.18ms, Queueing time: mean = 0.73ms, max = 0.73ms, min = 0.73ms, total = 0.73ms
	ray::rpc::NodeInfoGcsService.grpc_client.GetAllNodeAddressAndLiveness.OnReplyReceived - 1 total (0 active), Execution time: mean = 0.08ms, total = 0.08ms, Queueing time: mean = 0.23ms, max = 0.23ms, min = 0.23ms, total = 0.23ms
	ray::rpc::WorkerInfoGcsService.grpc_client.AddWorkerInfo.OnReplyReceived - 1 total (0 active), Execution time: mean = 0.03ms, total = 0.03ms, Queueing time: mean = 0.85ms, max = 0.85ms, min = 0.85ms, total = 0.85ms
	ray::rpc::NodeInfoGcsService.grpc_client.GetAllNodeAddressAndLiveness - 1 total (0 active), Execution time: mean = 0.42ms, total = 0.42ms, Queueing time: mean = 0.00ms, max = -0.00ms, min = 9223372036854.78ms, total = 0.00ms
	ReporterService.grpc_client.HealthCheck.OnReplyReceived - 1 total (0 active), Execution time: mean = 0.25ms, total = 0.25ms, Queueing time: mean = 0.02ms, max = 0.02ms, min = 0.02ms, total = 0.02ms
	ray::rpc::WorkerInfoGcsService.grpc_client.AddWorkerInfo - 1 total (0 active), Execution time: mean = 0.58ms, total = 0.58ms, Queueing time: mean = 0.00ms, max = -0.00ms, min = 9223372036854.78ms, total = 0.00ms
	ReporterService.grpc_client.HealthCheck - 1 total (0 active), Execution time: mean = 1.18ms, total = 1.18ms, Queueing time: mean = 0.00ms, max = -0.00ms, min = 9223372036854.78ms, total = 0.00ms

-----------------
Task execution event stats:

Global stats: 41768 total (1 active)
Queueing time: mean = 0.05ms, max = 12.00ms, min = -0.00ms, total = 1912.15ms
Execution time:  mean = 0.02ms, total = 639.47ms
Event stats:
	CoreWorker.CheckSignal - 41767 total (1 active), Execution time: mean = 0.02ms, total = 639.46ms, Queueing time: mean = 0.05ms, max = 12.00ms, min = -0.00ms, total = 1912.15ms
	PeriodicalRunner.RunFnPeriodically - 1 total (0 active), Execution time: mean = 0.01ms, total = 0.01ms, Queueing time: mean = 0.00ms, max = 0.00ms, min = 0.00ms, total = 0.00ms

-----------------
Task Event stats:

IO Service Stats:

Global stats: 1261 total (1 active)
Queueing time: mean = 0.03ms, max = 0.20ms, min = 0.01ms, total = 35.15ms
Execution time:  mean = 0.33ms, total = 422.32ms
Event stats:
	CoreWorker.deadline_timer.flush_task_events - 420 total (1 active), Execution time: mean = 0.22ms, total = 92.77ms, Queueing time: mean = 0.05ms, max = 0.16ms, min = 0.02ms, total = 20.57ms
	ray::rpc::TaskInfoGcsService.grpc_client.AddTaskEventData - 420 total (0 active), Execution time: mean = 0.75ms, total = 313.22ms, Queueing time: mean = 0.00ms, max = -0.00ms, min = 9223372036854.78ms, total = 0.00ms
	ray::rpc::TaskInfoGcsService.grpc_client.AddTaskEventData.OnReplyReceived - 420 total (0 active), Execution time: mean = 0.04ms, total = 16.08ms, Queueing time: mean = 0.03ms, max = 0.20ms, min = 0.01ms, total = 14.57ms
	PeriodicalRunner.RunFnPeriodically - 1 total (0 active), Execution time: mean = 0.25ms, total = 0.25ms, Queueing time: mean = 0.01ms, max = 0.01ms, min = 0.01ms, total = 0.01ms
Other Stats:
	gcs_grpc_in_progress:0
	event_aggregator_grpc_in_progress:0
	current number of task status events in buffer: 0
	current number of profile events in buffer: 0
	current number of dropped task attempts tracked: 0
	total task events sent: 0 MiB
	total number of task attempts sent: 0
	total number of task attempts dropped reported: 0
	total number of sent failure: 0
	num status task events dropped: 0
	num profile task events dropped: 0
	num ray task events reported to aggregator: 0
	num ray task events failed to report to aggregator: 0
	num of task attempts dropped reported to aggregator: 0
	num of failed requests to aggregator: 0

[2026-02-05 22:00:27,808 I 3774978 3776489] core_worker.cc:455: Event stats:


Global stats: 6952 total (8 active)
Queueing time: mean = 0.04ms, max = 0.92ms, min = 0.01ms, total = 293.22ms
Execution time:  mean = 0.08ms, total = 562.73ms
Event stats:
	CoreWorker.RecoverObjects - 4798 total (1 active), Execution time: mean = 0.01ms, total = 43.79ms, Queueing time: mean = 0.05ms, max = 0.24ms, min = 0.01ms, total = 217.39ms
	NodeManagerService.grpc_client.ReportWorkerBacklog - 480 total (0 active), Execution time: mean = 0.78ms, total = 375.11ms, Queueing time: mean = 0.00ms, max = -0.00ms, min = 9223372036854.78ms, total = 0.00ms
	CoreWorker.ExitIfParentRayletDies - 480 total (1 active), Execution time: mean = 0.01ms, total = 5.37ms, Queueing time: mean = 0.05ms, max = 0.10ms, min = 0.01ms, total = 22.25ms
	CoreWorker.InternalHeartbeat - 480 total (1 active), Execution time: mean = 0.20ms, total = 94.67ms, Queueing time: mean = 0.04ms, max = 0.09ms, min = 0.01ms, total = 21.44ms
	NodeManagerService.grpc_client.ReportWorkerBacklog.OnReplyReceived - 480 total (0 active), Execution time: mean = 0.03ms, total = 14.42ms, Queueing time: mean = 0.04ms, max = 0.17ms, min = 0.01ms, total = 17.40ms
	CoreWorker.RecordMetrics - 96 total (1 active), Execution time: mean = 0.06ms, total = 6.23ms, Queueing time: mean = 0.04ms, max = 0.08ms, min = 0.01ms, total = 4.23ms
	CoreWorker.TryDelPendingObjectRefStreams - 48 total (1 active), Execution time: mean = 0.01ms, total = 0.28ms, Queueing time: mean = 0.10ms, max = 0.59ms, min = 0.02ms, total = 4.72ms
	CoreWorkerService.grpc_server.GetCoreWorkerStats - 32 total (0 active), Execution time: mean = 0.34ms, total = 10.76ms, Queueing time: mean = 0.00ms, max = -0.00ms, min = 9223372036854.78ms, total = 0.00ms
	CoreWorkerService.grpc_server.GetCoreWorkerStats.HandleRequestImpl - 32 total (0 active), Execution time: mean = 0.09ms, total = 3.04ms, Queueing time: mean = 0.03ms, max = 0.05ms, min = 0.02ms, total = 0.91ms
	CoreWorker.PrintEventStats - 8 total (1 active, 1 running), Execution time: mean = 0.61ms, total = 4.86ms, Queueing time: mean = 0.04ms, max = 0.07ms, min = 0.02ms, total = 0.33ms
	PeriodicalRunner.RunFnPeriodically - 7 total (0 active), Execution time: mean = 0.14ms, total = 0.95ms, Queueing time: mean = 0.38ms, max = 0.92ms, min = 0.02ms, total = 2.67ms
	Publisher.CheckDeadSubscribers - 2 total (1 active), Execution time: mean = 0.00ms, total = 0.01ms, Queueing time: mean = 0.03ms, max = 0.06ms, min = 0.06ms, total = 0.06ms
	ray::rpc::InternalPubSubGcsService.grpc_client.GcsSubscriberPoll - 1 total (1 active), Execution time: mean = 0.00ms, total = 0.00ms, Queueing time: mean = 0.00ms, max = -0.00ms, min = 9223372036854.78ms, total = 0.00ms
	ray::rpc::InternalPubSubGcsService.grpc_client.GcsSubscriberCommandBatch - 1 total (0 active), Execution time: mean = 0.54ms, total = 0.54ms, Queueing time: mean = 0.00ms, max = -0.00ms, min = 9223372036854.78ms, total = 0.00ms
	ray::rpc::InternalPubSubGcsService.grpc_client.GcsSubscriberCommandBatch.OnReplyReceived - 1 total (0 active), Execution time: mean = 0.18ms, total = 0.18ms, Queueing time: mean = 0.73ms, max = 0.73ms, min = 0.73ms, total = 0.73ms
	ray::rpc::NodeInfoGcsService.grpc_client.GetAllNodeAddressAndLiveness.OnReplyReceived - 1 total (0 active), Execution time: mean = 0.08ms, total = 0.08ms, Queueing time: mean = 0.23ms, max = 0.23ms, min = 0.23ms, total = 0.23ms
	ray::rpc::WorkerInfoGcsService.grpc_client.AddWorkerInfo.OnReplyReceived - 1 total (0 active), Execution time: mean = 0.03ms, total = 0.03ms, Queueing time: mean = 0.85ms, max = 0.85ms, min = 0.85ms, total = 0.85ms
	ray::rpc::NodeInfoGcsService.grpc_client.GetAllNodeAddressAndLiveness - 1 total (0 active), Execution time: mean = 0.42ms, total = 0.42ms, Queueing time: mean = 0.00ms, max = -0.00ms, min = 9223372036854.78ms, total = 0.00ms
	ReporterService.grpc_client.HealthCheck.OnReplyReceived - 1 total (0 active), Execution time: mean = 0.25ms, total = 0.25ms, Queueing time: mean = 0.02ms, max = 0.02ms, min = 0.02ms, total = 0.02ms
	ray::rpc::WorkerInfoGcsService.grpc_client.AddWorkerInfo - 1 total (0 active), Execution time: mean = 0.58ms, total = 0.58ms, Queueing time: mean = 0.00ms, max = -0.00ms, min = 9223372036854.78ms, total = 0.00ms
	ReporterService.grpc_client.HealthCheck - 1 total (0 active), Execution time: mean = 1.18ms, total = 1.18ms, Queueing time: mean = 0.00ms, max = -0.00ms, min = 9223372036854.78ms, total = 0.00ms

-----------------
Task execution event stats:

Global stats: 47737 total (1 active)
Queueing time: mean = 0.05ms, max = 12.00ms, min = -0.00ms, total = 2164.13ms
Execution time:  mean = 0.02ms, total = 732.75ms
Event stats:
	CoreWorker.CheckSignal - 47736 total (1 active), Execution time: mean = 0.02ms, total = 732.75ms, Queueing time: mean = 0.05ms, max = 12.00ms, min = -0.00ms, total = 2164.13ms
	PeriodicalRunner.RunFnPeriodically - 1 total (0 active), Execution time: mean = 0.01ms, total = 0.01ms, Queueing time: mean = 0.00ms, max = 0.00ms, min = 0.00ms, total = 0.00ms

-----------------
Task Event stats:

IO Service Stats:

Global stats: 1441 total (1 active)
Queueing time: mean = 0.03ms, max = 0.20ms, min = 0.01ms, total = 40.36ms
Execution time:  mean = 0.34ms, total = 483.60ms
Event stats:
	CoreWorker.deadline_timer.flush_task_events - 480 total (1 active), Execution time: mean = 0.22ms, total = 105.35ms, Queueing time: mean = 0.05ms, max = 0.16ms, min = 0.02ms, total = 23.31ms
	ray::rpc::TaskInfoGcsService.grpc_client.AddTaskEventData - 480 total (0 active), Execution time: mean = 0.75ms, total = 359.51ms, Queueing time: mean = 0.00ms, max = -0.00ms, min = 9223372036854.78ms, total = 0.00ms
	ray::rpc::TaskInfoGcsService.grpc_client.AddTaskEventData.OnReplyReceived - 480 total (0 active), Execution time: mean = 0.04ms, total = 18.49ms, Queueing time: mean = 0.04ms, max = 0.20ms, min = 0.01ms, total = 17.04ms
	PeriodicalRunner.RunFnPeriodically - 1 total (0 active), Execution time: mean = 0.25ms, total = 0.25ms, Queueing time: mean = 0.01ms, max = 0.01ms, min = 0.01ms, total = 0.01ms
Other Stats:
	gcs_grpc_in_progress:0
	event_aggregator_grpc_in_progress:0
	current number of task status events in buffer: 0
	current number of profile events in buffer: 0
	current number of dropped task attempts tracked: 0
	total task events sent: 0 MiB
	total number of task attempts sent: 0
	total number of task attempts dropped reported: 0
	total number of sent failure: 0
	num status task events dropped: 0
	num profile task events dropped: 0
	num ray task events reported to aggregator: 0
	num ray task events failed to report to aggregator: 0
	num of task attempts dropped reported to aggregator: 0
	num of failed requests to aggregator: 0

