2026-02-11 11:17:04,511	INFO log_monitor.py:169 -- Starting log monitor with [max open files=200], [is_autoscaler_v2=False]
2026-02-11 11:17:04,513	INFO log_monitor.py:291 -- Beginning to track file raylet.err
2026-02-11 11:17:04,514	INFO log_monitor.py:291 -- Beginning to track file monitor.log
2026-02-11 11:17:04,514	INFO log_monitor.py:291 -- Beginning to track file gcs_server.err
2026-02-11 11:17:05,020	INFO log_monitor.py:291 -- Beginning to track file worker-bbe7d97439edae342d1e06182a52f2ad70d8236d1fba49014926256d-ffffffff-2323985.out
2026-02-11 11:17:05,020	INFO log_monitor.py:291 -- Beginning to track file worker-48a96eb7087481062fa28359cbafef392ad0714c249781ac7d7e22fc-ffffffff-2323977.out
2026-02-11 11:17:05,020	INFO log_monitor.py:291 -- Beginning to track file worker-9c977ba418fc377c8581d974dc32a83a4a7f44aef07307826568a9e0-ffffffff-2323982.out
2026-02-11 11:17:05,020	INFO log_monitor.py:291 -- Beginning to track file worker-0eaec9d16f67cddd6e8113f560d9d18715dfe725e56f118c9ea6961e-ffffffff-2323989.out
2026-02-11 11:17:05,020	INFO log_monitor.py:291 -- Beginning to track file worker-71b31197f145f42e785808ba2b0d8fc397894089a96038e8071ef88a-ffffffff-2323984.out
2026-02-11 11:17:05,020	INFO log_monitor.py:291 -- Beginning to track file worker-450246e2a430eb36f1bac078c725b979fd1fafacedc327d902ce6503-ffffffff-2323979.out
2026-02-11 11:17:05,021	INFO log_monitor.py:291 -- Beginning to track file worker-9c977ba418fc377c8581d974dc32a83a4a7f44aef07307826568a9e0-ffffffff-2323982.err
2026-02-11 11:17:05,021	INFO log_monitor.py:291 -- Beginning to track file worker-c09d510f927dc11a5a5efcbd65253f82f82f96d732a200beebe5b00b-ffffffff-2323992.out
2026-02-11 11:17:05,021	INFO log_monitor.py:291 -- Beginning to track file worker-bbe7d97439edae342d1e06182a52f2ad70d8236d1fba49014926256d-ffffffff-2323985.err
2026-02-11 11:17:05,021	INFO log_monitor.py:291 -- Beginning to track file worker-8a00e23fe864a27b0e174738c47050c6ae75a07579f407b967f472bf-ffffffff-2323981.err
2026-02-11 11:17:05,021	INFO log_monitor.py:291 -- Beginning to track file worker-0eaec9d16f67cddd6e8113f560d9d18715dfe725e56f118c9ea6961e-ffffffff-2323989.err
2026-02-11 11:17:05,021	INFO log_monitor.py:291 -- Beginning to track file worker-83eef3ab303cb486830120d2c6d6d056ec6eb0965c31aace6022748a-ffffffff-2323993.out
2026-02-11 11:17:05,021	INFO log_monitor.py:291 -- Beginning to track file worker-c09d510f927dc11a5a5efcbd65253f82f82f96d732a200beebe5b00b-ffffffff-2323992.err
2026-02-11 11:17:05,021	INFO log_monitor.py:291 -- Beginning to track file worker-a1db54138c353ca408778565df2021932ee1abe1e82253c74c016b6f-ffffffff-2323990.err
2026-02-11 11:17:05,021	INFO log_monitor.py:291 -- Beginning to track file worker-48a96eb7087481062fa28359cbafef392ad0714c249781ac7d7e22fc-ffffffff-2323977.err
2026-02-11 11:17:05,021	INFO log_monitor.py:291 -- Beginning to track file worker-8a00e23fe864a27b0e174738c47050c6ae75a07579f407b967f472bf-ffffffff-2323981.out
2026-02-11 11:17:05,021	INFO log_monitor.py:291 -- Beginning to track file worker-5dc0e7a93d980111a3a5220a4de13a87eac9e834888f2337f7b17515-ffffffff-2323980.out
2026-02-11 11:17:05,021	INFO log_monitor.py:291 -- Beginning to track file worker-450246e2a430eb36f1bac078c725b979fd1fafacedc327d902ce6503-ffffffff-2323979.err
2026-02-11 11:17:05,021	INFO log_monitor.py:291 -- Beginning to track file worker-a1db54138c353ca408778565df2021932ee1abe1e82253c74c016b6f-ffffffff-2323990.out
2026-02-11 11:17:05,021	INFO log_monitor.py:291 -- Beginning to track file worker-83eef3ab303cb486830120d2c6d6d056ec6eb0965c31aace6022748a-ffffffff-2323993.err
2026-02-11 11:17:05,021	INFO log_monitor.py:291 -- Beginning to track file worker-cf405f03ede08ae2c33601c9584a2c53c28a9263d375c510266cc294-ffffffff-2323994.err
2026-02-11 11:17:05,021	INFO log_monitor.py:291 -- Beginning to track file worker-5dc0e7a93d980111a3a5220a4de13a87eac9e834888f2337f7b17515-ffffffff-2323980.err
2026-02-11 11:17:05,021	INFO log_monitor.py:291 -- Beginning to track file worker-466e14593ecff03fb71c1d1dac41f9cd2d4379193541fb4abd77a6d5-ffffffff-2323983.err
2026-02-11 11:17:05,021	INFO log_monitor.py:291 -- Beginning to track file worker-cf405f03ede08ae2c33601c9584a2c53c28a9263d375c510266cc294-ffffffff-2323994.out
2026-02-11 11:17:05,022	INFO log_monitor.py:291 -- Beginning to track file worker-466e14593ecff03fb71c1d1dac41f9cd2d4379193541fb4abd77a6d5-ffffffff-2323983.out
2026-02-11 11:17:05,022	INFO log_monitor.py:291 -- Beginning to track file worker-71b31197f145f42e785808ba2b0d8fc397894089a96038e8071ef88a-ffffffff-2323984.err
2026-02-11 11:17:05,123	INFO log_monitor.py:291 -- Beginning to track file worker-73fa5d6b369e47190bfc22a534b5394f21d9109caaded9d772634ac2-ffffffff-2324032.out
2026-02-11 11:17:05,124	INFO log_monitor.py:291 -- Beginning to track file worker-324c006da3234cc1f494dcbf683439ac7e851bba9590794e7fb9ad23-ffffffff-2323978.err
2026-02-11 11:17:05,124	INFO log_monitor.py:291 -- Beginning to track file worker-bd18ae7c07b4c29662a0291c1e370f0eb3949682f39bb5b6a0f38545-ffffffff-2324045.out
2026-02-11 11:17:05,124	INFO log_monitor.py:291 -- Beginning to track file worker-906e97702349fc36797610a33f2358a1f8670911139b87377d217a36-ffffffff-2324034.out
2026-02-11 11:17:05,124	INFO log_monitor.py:291 -- Beginning to track file worker-ae0abd59ee8502e9a2bac7e365f180ba0ac284632729e04ddfb69b6f-ffffffff-2324046.err
2026-02-11 11:17:05,124	INFO log_monitor.py:291 -- Beginning to track file worker-e9e9790b649b4ce021751cd49335ad2cd51b88b8bf9463ca3b07fc72-ffffffff-2324043.out
2026-02-11 11:17:05,124	INFO log_monitor.py:291 -- Beginning to track file worker-ccdb5b84dca3c4f28e269f20dfbe59b56764357669e659c9ced4234e-ffffffff-2324040.err
2026-02-11 11:17:05,124	INFO log_monitor.py:291 -- Beginning to track file worker-5cb9f5e5a6c48953ef03e03781c7ac5733d6c3c123a7c50ae6ba821e-ffffffff-2324038.out
2026-02-11 11:17:05,124	INFO log_monitor.py:291 -- Beginning to track file worker-f52c2dda8e7abc1119deab136e3dfb4b3f0ccfb7a74ec6a8b42f6a02-ffffffff-2324036.err
2026-02-11 11:17:05,124	INFO log_monitor.py:291 -- Beginning to track file worker-8f86c314eb3d4377d24ad4230bc7963a45fd5e6ad6a0b4b0007e12bd-ffffffff-2324037.err
2026-02-11 11:17:05,124	INFO log_monitor.py:291 -- Beginning to track file worker-2254b9c767214c3e26f9a931a1b9470bf0b704ee206219f18f2ded37-ffffffff-2324039.err
2026-02-11 11:17:05,125	INFO log_monitor.py:291 -- Beginning to track file worker-906e97702349fc36797610a33f2358a1f8670911139b87377d217a36-ffffffff-2324034.err
2026-02-11 11:17:05,125	INFO log_monitor.py:291 -- Beginning to track file worker-73fa5d6b369e47190bfc22a534b5394f21d9109caaded9d772634ac2-ffffffff-2324032.err
2026-02-11 11:17:05,125	INFO log_monitor.py:291 -- Beginning to track file worker-5cb9f5e5a6c48953ef03e03781c7ac5733d6c3c123a7c50ae6ba821e-ffffffff-2324038.err
2026-02-11 11:17:05,125	INFO log_monitor.py:291 -- Beginning to track file worker-98edce4c7f2c19e1098d1686208d2d3a9be9c9c3cacb9e42225b6dcc-ffffffff-2324035.out
2026-02-11 11:17:05,125	INFO log_monitor.py:291 -- Beginning to track file worker-98edce4c7f2c19e1098d1686208d2d3a9be9c9c3cacb9e42225b6dcc-ffffffff-2324035.err
2026-02-11 11:17:05,125	INFO log_monitor.py:291 -- Beginning to track file worker-ccdb5b84dca3c4f28e269f20dfbe59b56764357669e659c9ced4234e-ffffffff-2324040.out
2026-02-11 11:17:05,125	INFO log_monitor.py:291 -- Beginning to track file worker-324c006da3234cc1f494dcbf683439ac7e851bba9590794e7fb9ad23-ffffffff-2323978.out
2026-02-11 11:17:05,125	INFO log_monitor.py:291 -- Beginning to track file worker-2254b9c767214c3e26f9a931a1b9470bf0b704ee206219f18f2ded37-ffffffff-2324039.out
2026-02-11 11:17:05,125	INFO log_monitor.py:291 -- Beginning to track file worker-e9e9790b649b4ce021751cd49335ad2cd51b88b8bf9463ca3b07fc72-ffffffff-2324043.err
2026-02-11 11:17:05,125	INFO log_monitor.py:291 -- Beginning to track file worker-f52c2dda8e7abc1119deab136e3dfb4b3f0ccfb7a74ec6a8b42f6a02-ffffffff-2324036.out
2026-02-11 11:17:05,126	INFO log_monitor.py:291 -- Beginning to track file worker-ae0abd59ee8502e9a2bac7e365f180ba0ac284632729e04ddfb69b6f-ffffffff-2324046.out
2026-02-11 11:17:05,126	INFO log_monitor.py:291 -- Beginning to track file worker-bd18ae7c07b4c29662a0291c1e370f0eb3949682f39bb5b6a0f38545-ffffffff-2324045.err
2026-02-11 11:17:05,126	INFO log_monitor.py:291 -- Beginning to track file worker-8f86c314eb3d4377d24ad4230bc7963a45fd5e6ad6a0b4b0007e12bd-ffffffff-2324037.out
2026-02-11 11:17:05,228	INFO log_monitor.py:291 -- Beginning to track file worker-7bf8b883a685ba3d15396f2115404661970e02d7e3ddc16321006c93-ffffffff-2324041.out
2026-02-11 11:17:05,228	INFO log_monitor.py:291 -- Beginning to track file worker-a7fc5ec777324c20c026e884ebd9547d0b0ea2d9597ff58ff7c59c09-ffffffff-2324024.out
2026-02-11 11:17:05,228	INFO log_monitor.py:291 -- Beginning to track file worker-8d3be0beb7ef0f31e3487623c83121c9450f3421db678b7f84242bf5-ffffffff-2324051.err
2026-02-11 11:17:05,228	INFO log_monitor.py:291 -- Beginning to track file worker-3f9f2f1e1457c90f44dcf65ca071c94db2413c687bedd624b51a0d21-ffffffff-2324048.out
2026-02-11 11:17:05,228	INFO log_monitor.py:291 -- Beginning to track file worker-ac6cf1cd1a226adbe7b7bfd3beaa5b015a89fe317331beab6f84c21c-ffffffff-2324042.out
2026-02-11 11:17:05,228	INFO log_monitor.py:291 -- Beginning to track file worker-cceb9b681e17130b8420ecd55709b04301dbb26b8b2c23d9e2e8ad55-ffffffff-2324047.err
2026-02-11 11:17:05,229	INFO log_monitor.py:291 -- Beginning to track file worker-a697efa93b9374b2bbc65733c831fc79dbddb3f4075e355e90b5aef7-ffffffff-2324052.err
2026-02-11 11:17:05,229	INFO log_monitor.py:291 -- Beginning to track file worker-bbf7f20d6aa125afa3f712fb91664e47a4241fb8942bd658b90ea562-ffffffff-2324053.out
2026-02-11 11:17:05,229	INFO log_monitor.py:291 -- Beginning to track file worker-774cf6d6369c8f05624ac5d22ab89b42eb2546028e431fae787b82e9-ffffffff-2324044.err
2026-02-11 11:17:05,229	INFO log_monitor.py:291 -- Beginning to track file worker-8d3be0beb7ef0f31e3487623c83121c9450f3421db678b7f84242bf5-ffffffff-2324051.out
2026-02-11 11:17:05,229	INFO log_monitor.py:291 -- Beginning to track file worker-4b3c544f1b0fed4e7bfce63dd7418050ab7a3bcea284cad6d626ae70-ffffffff-2324027.out
2026-02-11 11:17:05,229	INFO log_monitor.py:291 -- Beginning to track file worker-a697efa93b9374b2bbc65733c831fc79dbddb3f4075e355e90b5aef7-ffffffff-2324052.out
2026-02-11 11:17:05,229	INFO log_monitor.py:291 -- Beginning to track file worker-8efb3b347bc6c564bbec4cb633a81a94fb39e1d20c5fa413133a7032-ffffffff-2323991.out
2026-02-11 11:17:05,229	INFO log_monitor.py:291 -- Beginning to track file worker-8efb3b347bc6c564bbec4cb633a81a94fb39e1d20c5fa413133a7032-ffffffff-2323991.err
2026-02-11 11:17:05,230	INFO log_monitor.py:291 -- Beginning to track file worker-a7fc5ec777324c20c026e884ebd9547d0b0ea2d9597ff58ff7c59c09-ffffffff-2324024.err
2026-02-11 11:17:05,230	INFO log_monitor.py:291 -- Beginning to track file worker-18e33c8c10027865e1359962e1c17529743e21ddb44f48a0e9499bba-ffffffff-2324049.err
2026-02-11 11:17:05,230	INFO log_monitor.py:291 -- Beginning to track file worker-bbf7f20d6aa125afa3f712fb91664e47a4241fb8942bd658b90ea562-ffffffff-2324053.err
2026-02-11 11:17:05,230	INFO log_monitor.py:291 -- Beginning to track file worker-4b3c544f1b0fed4e7bfce63dd7418050ab7a3bcea284cad6d626ae70-ffffffff-2324027.err
2026-02-11 11:17:05,230	INFO log_monitor.py:291 -- Beginning to track file worker-774cf6d6369c8f05624ac5d22ab89b42eb2546028e431fae787b82e9-ffffffff-2324044.out
2026-02-11 11:17:05,230	INFO log_monitor.py:291 -- Beginning to track file worker-ddfc8a0b01caec939783390d2ea5ddccd9bd7e2af868094081fafc0c-ffffffff-2324029.err
2026-02-11 11:17:05,230	INFO log_monitor.py:291 -- Beginning to track file worker-6776ec698e60dd9bee36c4eb64132411aea5d7a5ab63020e921207d6-ffffffff-2324050.out
2026-02-11 11:17:05,230	INFO log_monitor.py:291 -- Beginning to track file worker-18e33c8c10027865e1359962e1c17529743e21ddb44f48a0e9499bba-ffffffff-2324049.out
2026-02-11 11:17:05,230	INFO log_monitor.py:291 -- Beginning to track file worker-cceb9b681e17130b8420ecd55709b04301dbb26b8b2c23d9e2e8ad55-ffffffff-2324047.out
2026-02-11 11:17:05,231	INFO log_monitor.py:291 -- Beginning to track file worker-7bf8b883a685ba3d15396f2115404661970e02d7e3ddc16321006c93-ffffffff-2324041.err
2026-02-11 11:17:05,231	INFO log_monitor.py:291 -- Beginning to track file worker-3f9f2f1e1457c90f44dcf65ca071c94db2413c687bedd624b51a0d21-ffffffff-2324048.err
2026-02-11 11:17:05,231	INFO log_monitor.py:291 -- Beginning to track file worker-6776ec698e60dd9bee36c4eb64132411aea5d7a5ab63020e921207d6-ffffffff-2324050.err
2026-02-11 11:17:05,231	INFO log_monitor.py:291 -- Beginning to track file worker-ddfc8a0b01caec939783390d2ea5ddccd9bd7e2af868094081fafc0c-ffffffff-2324029.out
2026-02-11 11:17:05,231	INFO log_monitor.py:291 -- Beginning to track file worker-ac6cf1cd1a226adbe7b7bfd3beaa5b015a89fe317331beab6f84c21c-ffffffff-2324042.err
2026-02-11 11:17:05,334	INFO log_monitor.py:291 -- Beginning to track file worker-60f556297e881f9b672a183fdc628bc979e35332eb08c77733a55698-ffffffff-2324028.out
2026-02-11 11:17:05,335	INFO log_monitor.py:291 -- Beginning to track file worker-60f556297e881f9b672a183fdc628bc979e35332eb08c77733a55698-ffffffff-2324028.err
2026-02-11 11:17:05,335	INFO log_monitor.py:291 -- Beginning to track file worker-bf4177004f56467c30a4eb7d95cb09e1ec766bfe730f9bac366210ac-ffffffff-2324026.out
2026-02-11 11:17:05,335	INFO log_monitor.py:291 -- Beginning to track file worker-bf4177004f56467c30a4eb7d95cb09e1ec766bfe730f9bac366210ac-ffffffff-2324026.err
2026-02-11 11:17:05,439	INFO log_monitor.py:291 -- Beginning to track file worker-ce7392c5468f11ba3fcefc8d7a66d2a7c1bf0083e6cc9ec6b665017e-ffffffff-2323986.err
2026-02-11 11:17:05,439	INFO log_monitor.py:291 -- Beginning to track file worker-91bca9cd3d8c8aeeb587510013dcf1c2be0dab4d0947c10e8682fb07-ffffffff-2324033.out
2026-02-11 11:17:05,439	INFO log_monitor.py:291 -- Beginning to track file worker-70f32b710976cb980c0fe661194410bb740fe6694b96a1edc8fcb9fd-ffffffff-2323987.out
2026-02-11 11:17:05,439	INFO log_monitor.py:291 -- Beginning to track file worker-70f32b710976cb980c0fe661194410bb740fe6694b96a1edc8fcb9fd-ffffffff-2323987.err
2026-02-11 11:17:05,440	INFO log_monitor.py:291 -- Beginning to track file worker-985d1e41b01bc2c7a5bdce8ae905416f404e63af41f446128e1f6722-ffffffff-2323988.out
2026-02-11 11:17:05,440	INFO log_monitor.py:291 -- Beginning to track file worker-91bca9cd3d8c8aeeb587510013dcf1c2be0dab4d0947c10e8682fb07-ffffffff-2324033.err
2026-02-11 11:17:05,440	INFO log_monitor.py:291 -- Beginning to track file worker-985d1e41b01bc2c7a5bdce8ae905416f404e63af41f446128e1f6722-ffffffff-2323988.err
2026-02-11 11:17:05,440	INFO log_monitor.py:291 -- Beginning to track file worker-ce7392c5468f11ba3fcefc8d7a66d2a7c1bf0083e6cc9ec6b665017e-ffffffff-2323986.out
2026-02-11 11:17:05,544	INFO log_monitor.py:291 -- Beginning to track file worker-76ee62969ca6741b9326896c98c0f3eae6544bace04f50cc77baec2f-ffffffff-2324031.err
2026-02-11 11:17:05,544	INFO log_monitor.py:291 -- Beginning to track file worker-c822972c7088ce6b26c452061ba2ce5c8dfe67a30fd1dae5b2a8a291-ffffffff-2324030.err
2026-02-11 11:17:05,544	INFO log_monitor.py:291 -- Beginning to track file worker-d29c463b608a1a01129a78bbf65d49770c3f2afc253a7901128d8b05-ffffffff-2324025.out
2026-02-11 11:17:05,545	INFO log_monitor.py:291 -- Beginning to track file worker-76ee62969ca6741b9326896c98c0f3eae6544bace04f50cc77baec2f-ffffffff-2324031.out
2026-02-11 11:17:05,545	INFO log_monitor.py:291 -- Beginning to track file worker-d29c463b608a1a01129a78bbf65d49770c3f2afc253a7901128d8b05-ffffffff-2324025.err
2026-02-11 11:17:05,545	INFO log_monitor.py:291 -- Beginning to track file worker-c822972c7088ce6b26c452061ba2ce5c8dfe67a30fd1dae5b2a8a291-ffffffff-2324030.out
2026-02-11 11:17:06,379	INFO log_monitor.py:291 -- Beginning to track file worker-80e823c19467767ac660d08a54e55e23631e7e7c52ee5ea10b65bc8b-01000000-2326721.err
2026-02-11 11:17:06,380	INFO log_monitor.py:291 -- Beginning to track file worker-80e823c19467767ac660d08a54e55e23631e7e7c52ee5ea10b65bc8b-01000000-2326721.out
2026-02-11 11:17:17,346	INFO log_monitor.py:291 -- Beginning to track file worker-96816bf109a0437f28d9abd0b979332d85a411d674822a2500d516c2-01000000-2327580.err
2026-02-11 11:17:17,347	INFO log_monitor.py:291 -- Beginning to track file worker-96816bf109a0437f28d9abd0b979332d85a411d674822a2500d516c2-01000000-2327580.out
2026-02-11 11:17:18,397	INFO log_monitor.py:291 -- Beginning to track file worker-c704e2179c87a35debfc938f4be1ec8a62fe93fa24c66751d02e0d98-01000000-2327694.err
2026-02-11 11:17:18,397	INFO log_monitor.py:291 -- Beginning to track file worker-c704e2179c87a35debfc938f4be1ec8a62fe93fa24c66751d02e0d98-01000000-2327694.out
2026-02-11 11:17:26,933	INFO log_monitor.py:291 -- Beginning to track file worker-f06be893f3174d2ebd92273410915df0f7b4c4bbfd2ceab334179448-01000000-2328102.err
2026-02-11 11:17:26,933	INFO log_monitor.py:291 -- Beginning to track file worker-f06be893f3174d2ebd92273410915df0f7b4c4bbfd2ceab334179448-01000000-2328102.out
2026-02-11 11:17:28,195	INFO log_monitor.py:291 -- Beginning to track file worker-8971e3496fa06fc4d8da991b26dbac051963dd76f04125c3eb173283-01000000-2328199.out
2026-02-11 11:17:28,196	INFO log_monitor.py:291 -- Beginning to track file worker-8971e3496fa06fc4d8da991b26dbac051963dd76f04125c3eb173283-01000000-2328199.err
