[2026-02-11 11:17:04,946 I 2323983 2323983] core_worker_process.cc:777: Constructing CoreWorkerProcess. pid: 2323983
[2026-02-11 11:17:04,952 I 2323983 2323983] event.cc:499: Ray Event initialized for CORE_WORKER
[2026-02-11 11:17:04,952 I 2323983 2323983] event.cc:499: Ray Event initialized for EXPORT_TASK
[2026-02-11 11:17:04,952 I 2323983 2323983] event.cc:332: Set ray event level to warning
[2026-02-11 11:17:04,952 I 2323983 2323983] event_aggregator_client.h:50: Initiating the local event aggregator client with port: 65306
[2026-02-11 11:17:04,955 I 2323983 2323983] grpc_server.cc:143: worker server started, listening on port 34387.
[2026-02-11 11:17:04,969 I 2323983 2323983] core_worker_process.cc:262: Initializing worker at address: 172.28.6.5:34387 worker_id=466e14593ecff03fb71c1d1dac41f9cd2d4379193541fb4abd77a6d5 node_id=15bb4623e906cd8016c81c8a9baf0961f5f330a461105b956bdf04a2
[2026-02-11 11:17:04,970 I 2323983 2323983] task_event_buffer.cc:480: Reporting task events to GCS every 1000ms.
[2026-02-11 11:17:04,972 I 2323983 2323983] core_worker.cc:515: Adjusted worker niceness to 15
[2026-02-11 11:17:04,972 I 2323983 2323983] metrics_agent_client.cc:45: Initializing exporter ...
[2026-02-11 11:17:04,972 I 2323983 2324492] core_worker.cc:455: Event stats:


Global stats: 12 total (10 active)
Queueing time: mean = 0.00ms, max = 0.02ms, min = 0.01ms, total = 0.03ms
Execution time:  mean = 0.00ms, total = 0.04ms
Event stats:
	PeriodicalRunner.RunFnPeriodically - 7 total (5 active, 1 running), Execution time: mean = 0.01ms, total = 0.04ms, Queueing time: mean = 0.00ms, max = 0.02ms, min = 0.01ms, total = 0.03ms
	Publisher.CheckDeadSubscribers - 1 total (1 active), Execution time: mean = 0.00ms, total = 0.00ms, Queueing time: mean = 0.00ms, max = -0.00ms, min = 9223372036854.78ms, total = 0.00ms
	CoreWorker.ExitIfParentRayletDies - 1 total (1 active), Execution time: mean = 0.00ms, total = 0.00ms, Queueing time: mean = 0.00ms, max = -0.00ms, min = 9223372036854.78ms, total = 0.00ms
	ray::rpc::InternalPubSubGcsService.grpc_client.GcsSubscriberCommandBatch - 1 total (1 active), Execution time: mean = 0.00ms, total = 0.00ms, Queueing time: mean = 0.00ms, max = -0.00ms, min = 9223372036854.78ms, total = 0.00ms
	ray::rpc::InternalPubSubGcsService.grpc_client.GcsSubscriberPoll - 1 total (1 active), Execution time: mean = 0.00ms, total = 0.00ms, Queueing time: mean = 0.00ms, max = -0.00ms, min = 9223372036854.78ms, total = 0.00ms
	ray::rpc::WorkerInfoGcsService.grpc_client.AddWorkerInfo - 1 total (1 active), Execution time: mean = 0.00ms, total = 0.00ms, Queueing time: mean = 0.00ms, max = -0.00ms, min = 9223372036854.78ms, total = 0.00ms

-----------------
Task execution event stats:

Global stats: 0 total (0 active)
Queueing time: mean = -nanms, max = -0.00ms, min = 9223372036854.78ms, total = 0.00ms
Execution time:  mean = -nanms, total = 0.00ms
Event stats:

-----------------
Task Event stats:

IO Service Stats:

Global stats: 4 total (1 active)
Queueing time: mean = 0.05ms, max = 0.17ms, min = 0.01ms, total = 0.18ms
Execution time:  mean = 0.28ms, total = 1.13ms
Event stats:
	CoreWorker.deadline_timer.flush_task_events - 1 total (1 active), Execution time: mean = 0.00ms, total = 0.00ms, Queueing time: mean = 0.00ms, max = -0.00ms, min = 9223372036854.78ms, total = 0.00ms
	PeriodicalRunner.RunFnPeriodically - 1 total (0 active), Execution time: mean = 0.30ms, total = 0.30ms, Queueing time: mean = 0.17ms, max = 0.17ms, min = 0.17ms, total = 0.17ms
	ray::rpc::TaskInfoGcsService.grpc_client.AddTaskEventData.OnReplyReceived - 1 total (0 active), Execution time: mean = 0.03ms, total = 0.03ms, Queueing time: mean = 0.01ms, max = 0.01ms, min = 0.01ms, total = 0.01ms
	ray::rpc::TaskInfoGcsService.grpc_client.AddTaskEventData - 1 total (0 active), Execution time: mean = 0.80ms, total = 0.80ms, Queueing time: mean = 0.00ms, max = -0.00ms, min = 9223372036854.78ms, total = 0.00ms
Other Stats:
	gcs_grpc_in_progress:0
	event_aggregator_grpc_in_progress:0
	current number of task status events in buffer: 0
	current number of profile events in buffer: 0
	current number of dropped task attempts tracked: 0
	total task events sent: 0 MiB
	total number of task attempts sent: 0
	total number of task attempts dropped reported: 0
	total number of sent failure: 0
	num status task events dropped: 0
	num profile task events dropped: 0
	num ray task events reported to aggregator: 0
	num ray task events failed to report to aggregator: 0
	num of task attempts dropped reported to aggregator: 0
	num of failed requests to aggregator: 0

[2026-02-11 11:17:04,973 I 2323983 2324492] accessor.cc:433: Received address and liveness notification for node, IsAlive = 1 node_id=15bb4623e906cd8016c81c8a9baf0961f5f330a461105b956bdf04a2
[2026-02-11 11:17:04,973 I 2323983 2324492] normal_task_submitter.cc:840: Number of alive nodes:1
[2026-02-11 11:17:06,974 I 2323983 2324492] metrics_agent_client.cc:59: Exporter initialized.
[2026-02-11 11:18:04,972 I 2323983 2324492] core_worker.cc:455: Event stats:


Global stats: 890 total (8 active)
Queueing time: mean = 2.29ms, max = 1000.02ms, min = 0.01ms, total = 2039.89ms
Execution time:  mean = 0.08ms, total = 73.57ms
Event stats:
	CoreWorker.RecoverObjects - 600 total (1 active), Execution time: mean = 0.01ms, total = 5.92ms, Queueing time: mean = 0.05ms, max = 0.12ms, min = 0.01ms, total = 29.60ms
	NodeManagerService.grpc_client.ReportWorkerBacklog - 60 total (0 active), Execution time: mean = 0.76ms, total = 45.45ms, Queueing time: mean = 0.00ms, max = -0.00ms, min = 9223372036854.78ms, total = 0.00ms
	CoreWorker.InternalHeartbeat - 60 total (1 active), Execution time: mean = 0.18ms, total = 10.75ms, Queueing time: mean = 0.04ms, max = 0.10ms, min = 0.01ms, total = 2.69ms
	NodeManagerService.grpc_client.ReportWorkerBacklog.OnReplyReceived - 60 total (0 active), Execution time: mean = 0.02ms, total = 1.49ms, Queueing time: mean = 0.03ms, max = 0.07ms, min = 0.01ms, total = 1.87ms
	CoreWorker.ExitIfParentRayletDies - 60 total (1 active), Execution time: mean = 0.01ms, total = 0.63ms, Queueing time: mean = 0.05ms, max = 0.08ms, min = 0.01ms, total = 2.78ms
	CoreWorker.RecordMetrics - 12 total (1 active), Execution time: mean = 0.06ms, total = 0.72ms, Queueing time: mean = 0.03ms, max = 0.08ms, min = 0.01ms, total = 0.39ms
	PeriodicalRunner.RunFnPeriodically - 7 total (0 active), Execution time: mean = 0.11ms, total = 0.74ms, Queueing time: mean = 0.29ms, max = 0.71ms, min = 0.01ms, total = 2.04ms
	CoreWorker.TryDelPendingObjectRefStreams - 6 total (1 active), Execution time: mean = 0.00ms, total = 0.03ms, Queueing time: mean = 0.04ms, max = 0.06ms, min = 0.02ms, total = 0.22ms
	CoreWorkerService.grpc_server.GetCoreWorkerStats.HandleRequestImpl - 4 total (0 active), Execution time: mean = 0.11ms, total = 0.45ms, Queueing time: mean = 0.02ms, max = 0.03ms, min = 0.02ms, total = 0.09ms
	CoreWorkerService.grpc_server.GetCoreWorkerStats - 4 total (0 active), Execution time: mean = 0.33ms, total = 1.31ms, Queueing time: mean = 0.00ms, max = -0.00ms, min = 9223372036854.78ms, total = 0.00ms
	ReporterService.grpc_client.HealthCheck - 3 total (0 active), Execution time: mean = 0.66ms, total = 1.98ms, Queueing time: mean = 0.00ms, max = -0.00ms, min = 9223372036854.78ms, total = 0.00ms
	ReporterService.grpc_client.HealthCheck.OnReplyReceived - 3 total (0 active), Execution time: mean = 0.13ms, total = 0.40ms, Queueing time: mean = 0.04ms, max = 0.06ms, min = 0.02ms, total = 0.12ms
	MetricsAgentClient.WaitForServerReadyWithRetry - 2 total (0 active), Execution time: mean = 0.16ms, total = 0.32ms, Queueing time: mean = 1000.02ms, max = 1000.02ms, min = 1000.02ms, total = 2000.04ms
	ray::rpc::NodeInfoGcsService.grpc_client.GetAllNodeAddressAndLiveness - 1 total (0 active), Execution time: mean = 0.50ms, total = 0.50ms, Queueing time: mean = 0.00ms, max = -0.00ms, min = 9223372036854.78ms, total = 0.00ms
	ray::rpc::InternalPubSubGcsService.grpc_client.GcsSubscriberPoll - 1 total (1 active), Execution time: mean = 0.00ms, total = 0.00ms, Queueing time: mean = 0.00ms, max = -0.00ms, min = 9223372036854.78ms, total = 0.00ms
	Publisher.CheckDeadSubscribers - 1 total (1 active), Execution time: mean = 0.00ms, total = 0.00ms, Queueing time: mean = 0.00ms, max = -0.00ms, min = 9223372036854.78ms, total = 0.00ms
	ray::rpc::WorkerInfoGcsService.grpc_client.AddWorkerInfo - 1 total (0 active), Execution time: mean = 1.49ms, total = 1.49ms, Queueing time: mean = 0.00ms, max = -0.00ms, min = 9223372036854.78ms, total = 0.00ms
	ray::rpc::InternalPubSubGcsService.grpc_client.GcsSubscriberCommandBatch.OnReplyReceived - 1 total (0 active), Execution time: mean = 0.15ms, total = 0.15ms, Queueing time: mean = 0.02ms, max = 0.02ms, min = 0.02ms, total = 0.02ms
	ray::rpc::WorkerInfoGcsService.grpc_client.AddWorkerInfo.OnReplyReceived - 1 total (0 active), Execution time: mean = 0.02ms, total = 0.02ms, Queueing time: mean = 0.01ms, max = 0.01ms, min = 0.01ms, total = 0.01ms
	ray::rpc::NodeInfoGcsService.grpc_client.GetAllNodeAddressAndLiveness.OnReplyReceived - 1 total (0 active), Execution time: mean = 0.07ms, total = 0.07ms, Queueing time: mean = 0.01ms, max = 0.01ms, min = 0.01ms, total = 0.01ms
	ray::rpc::InternalPubSubGcsService.grpc_client.GcsSubscriberCommandBatch - 1 total (0 active), Execution time: mean = 1.14ms, total = 1.14ms, Queueing time: mean = 0.00ms, max = -0.00ms, min = 9223372036854.78ms, total = 0.00ms
	CoreWorker.PrintEventStats - 1 total (1 active, 1 running), Execution time: mean = 0.00ms, total = 0.00ms, Queueing time: mean = 0.00ms, max = -0.00ms, min = 9223372036854.78ms, total = 0.00ms

-----------------
Task execution event stats:

Global stats: 5972 total (1 active)
Queueing time: mean = 0.04ms, max = 11.87ms, min = 0.00ms, total = 232.72ms
Execution time:  mean = 0.01ms, total = 84.31ms
Event stats:
	CoreWorker.CheckSignal - 5971 total (1 active), Execution time: mean = 0.01ms, total = 84.29ms, Queueing time: mean = 0.04ms, max = 11.87ms, min = 0.01ms, total = 232.72ms
	PeriodicalRunner.RunFnPeriodically - 1 total (0 active), Execution time: mean = 0.02ms, total = 0.02ms, Queueing time: mean = 0.00ms, max = 0.00ms, min = 0.00ms, total = 0.00ms

-----------------
Task Event stats:

IO Service Stats:

Global stats: 181 total (1 active)
Queueing time: mean = 0.03ms, max = 0.17ms, min = 0.01ms, total = 5.07ms
Execution time:  mean = 0.32ms, total = 57.23ms
Event stats:
	CoreWorker.deadline_timer.flush_task_events - 60 total (1 active), Execution time: mean = 0.22ms, total = 13.23ms, Queueing time: mean = 0.05ms, max = 0.08ms, min = 0.02ms, total = 3.12ms
	ray::rpc::TaskInfoGcsService.grpc_client.AddTaskEventData.OnReplyReceived - 60 total (0 active), Execution time: mean = 0.03ms, total = 1.97ms, Queueing time: mean = 0.03ms, max = 0.06ms, min = 0.01ms, total = 1.77ms
	ray::rpc::TaskInfoGcsService.grpc_client.AddTaskEventData - 60 total (0 active), Execution time: mean = 0.70ms, total = 41.73ms, Queueing time: mean = 0.00ms, max = -0.00ms, min = 9223372036854.78ms, total = 0.00ms
	PeriodicalRunner.RunFnPeriodically - 1 total (0 active), Execution time: mean = 0.30ms, total = 0.30ms, Queueing time: mean = 0.17ms, max = 0.17ms, min = 0.17ms, total = 0.17ms
Other Stats:
	gcs_grpc_in_progress:0
	event_aggregator_grpc_in_progress:0
	current number of task status events in buffer: 0
	current number of profile events in buffer: 0
	current number of dropped task attempts tracked: 0
	total task events sent: 0 MiB
	total number of task attempts sent: 0
	total number of task attempts dropped reported: 0
	total number of sent failure: 0
	num status task events dropped: 0
	num profile task events dropped: 0
	num ray task events reported to aggregator: 0
	num ray task events failed to report to aggregator: 0
	num of task attempts dropped reported to aggregator: 0
	num of failed requests to aggregator: 0

[2026-02-11 11:19:04,973 I 2323983 2324492] core_worker.cc:455: Event stats:


Global stats: 1757 total (8 active)
Queueing time: mean = 1.18ms, max = 1000.02ms, min = 0.01ms, total = 2071.35ms
Execution time:  mean = 0.08ms, total = 146.66ms
Event stats:
	CoreWorker.RecoverObjects - 1200 total (1 active), Execution time: mean = 0.01ms, total = 11.47ms, Queueing time: mean = 0.04ms, max = 0.12ms, min = 0.01ms, total = 53.64ms
	NodeManagerService.grpc_client.ReportWorkerBacklog - 120 total (0 active), Execution time: mean = 0.79ms, total = 94.56ms, Queueing time: mean = 0.00ms, max = -0.00ms, min = 9223372036854.78ms, total = 0.00ms
	CoreWorker.InternalHeartbeat - 120 total (1 active), Execution time: mean = 0.19ms, total = 23.26ms, Queueing time: mean = 0.04ms, max = 0.10ms, min = 0.01ms, total = 5.07ms
	NodeManagerService.grpc_client.ReportWorkerBacklog.OnReplyReceived - 120 total (0 active), Execution time: mean = 0.03ms, total = 3.40ms, Queueing time: mean = 0.03ms, max = 0.07ms, min = 0.01ms, total = 3.83ms
	CoreWorker.ExitIfParentRayletDies - 120 total (1 active), Execution time: mean = 0.01ms, total = 1.30ms, Queueing time: mean = 0.04ms, max = 0.08ms, min = 0.01ms, total = 5.07ms
	CoreWorker.RecordMetrics - 24 total (1 active), Execution time: mean = 0.07ms, total = 1.62ms, Queueing time: mean = 0.03ms, max = 0.08ms, min = 0.01ms, total = 0.73ms
	CoreWorker.TryDelPendingObjectRefStreams - 12 total (1 active), Execution time: mean = 0.01ms, total = 0.06ms, Queueing time: mean = 0.04ms, max = 0.12ms, min = 0.02ms, total = 0.48ms
	CoreWorkerService.grpc_server.GetCoreWorkerStats.HandleRequestImpl - 8 total (0 active), Execution time: mean = 0.11ms, total = 0.85ms, Queueing time: mean = 0.02ms, max = 0.03ms, min = 0.02ms, total = 0.20ms
	CoreWorkerService.grpc_server.GetCoreWorkerStats - 8 total (0 active), Execution time: mean = 0.33ms, total = 2.64ms, Queueing time: mean = 0.00ms, max = -0.00ms, min = 9223372036854.78ms, total = 0.00ms
	PeriodicalRunner.RunFnPeriodically - 7 total (0 active), Execution time: mean = 0.11ms, total = 0.74ms, Queueing time: mean = 0.29ms, max = 0.71ms, min = 0.01ms, total = 2.04ms
	ReporterService.grpc_client.HealthCheck - 3 total (0 active), Execution time: mean = 0.66ms, total = 1.98ms, Queueing time: mean = 0.00ms, max = -0.00ms, min = 9223372036854.78ms, total = 0.00ms
	ReporterService.grpc_client.HealthCheck.OnReplyReceived - 3 total (0 active), Execution time: mean = 0.13ms, total = 0.40ms, Queueing time: mean = 0.04ms, max = 0.06ms, min = 0.02ms, total = 0.12ms
	MetricsAgentClient.WaitForServerReadyWithRetry - 2 total (0 active), Execution time: mean = 0.16ms, total = 0.32ms, Queueing time: mean = 1000.02ms, max = 1000.02ms, min = 1000.02ms, total = 2000.04ms
	CoreWorker.PrintEventStats - 2 total (1 active, 1 running), Execution time: mean = 0.34ms, total = 0.68ms, Queueing time: mean = 0.04ms, max = 0.08ms, min = 0.08ms, total = 0.08ms
	ray::rpc::NodeInfoGcsService.grpc_client.GetAllNodeAddressAndLiveness - 1 total (0 active), Execution time: mean = 0.50ms, total = 0.50ms, Queueing time: mean = 0.00ms, max = -0.00ms, min = 9223372036854.78ms, total = 0.00ms
	ray::rpc::InternalPubSubGcsService.grpc_client.GcsSubscriberPoll - 1 total (1 active), Execution time: mean = 0.00ms, total = 0.00ms, Queueing time: mean = 0.00ms, max = -0.00ms, min = 9223372036854.78ms, total = 0.00ms
	Publisher.CheckDeadSubscribers - 1 total (1 active), Execution time: mean = 0.00ms, total = 0.00ms, Queueing time: mean = 0.00ms, max = -0.00ms, min = 9223372036854.78ms, total = 0.00ms
	ray::rpc::WorkerInfoGcsService.grpc_client.AddWorkerInfo - 1 total (0 active), Execution time: mean = 1.49ms, total = 1.49ms, Queueing time: mean = 0.00ms, max = -0.00ms, min = 9223372036854.78ms, total = 0.00ms
	ray::rpc::InternalPubSubGcsService.grpc_client.GcsSubscriberCommandBatch.OnReplyReceived - 1 total (0 active), Execution time: mean = 0.15ms, total = 0.15ms, Queueing time: mean = 0.02ms, max = 0.02ms, min = 0.02ms, total = 0.02ms
	ray::rpc::WorkerInfoGcsService.grpc_client.AddWorkerInfo.OnReplyReceived - 1 total (0 active), Execution time: mean = 0.02ms, total = 0.02ms, Queueing time: mean = 0.01ms, max = 0.01ms, min = 0.01ms, total = 0.01ms
	ray::rpc::NodeInfoGcsService.grpc_client.GetAllNodeAddressAndLiveness.OnReplyReceived - 1 total (0 active), Execution time: mean = 0.07ms, total = 0.07ms, Queueing time: mean = 0.01ms, max = 0.01ms, min = 0.01ms, total = 0.01ms
	ray::rpc::InternalPubSubGcsService.grpc_client.GcsSubscriberCommandBatch - 1 total (0 active), Execution time: mean = 1.14ms, total = 1.14ms, Queueing time: mean = 0.00ms, max = -0.00ms, min = 9223372036854.78ms, total = 0.00ms

-----------------
Task execution event stats:

Global stats: 11946 total (1 active)
Queueing time: mean = 0.04ms, max = 11.87ms, min = -1.20ms, total = 435.29ms
Execution time:  mean = 0.01ms, total = 170.45ms
Event stats:
	CoreWorker.CheckSignal - 11945 total (1 active), Execution time: mean = 0.01ms, total = 170.43ms, Queueing time: mean = 0.04ms, max = 11.87ms, min = -1.20ms, total = 435.28ms
	PeriodicalRunner.RunFnPeriodically - 1 total (0 active), Execution time: mean = 0.02ms, total = 0.02ms, Queueing time: mean = 0.00ms, max = 0.00ms, min = 0.00ms, total = 0.00ms

-----------------
Task Event stats:

IO Service Stats:

Global stats: 361 total (1 active)
Queueing time: mean = 0.03ms, max = 0.17ms, min = 0.01ms, total = 11.00ms
Execution time:  mean = 0.33ms, total = 120.14ms
Event stats:
	CoreWorker.deadline_timer.flush_task_events - 120 total (1 active), Execution time: mean = 0.23ms, total = 27.24ms, Queueing time: mean = 0.06ms, max = 0.11ms, min = 0.02ms, total = 6.79ms
	ray::rpc::TaskInfoGcsService.grpc_client.AddTaskEventData.OnReplyReceived - 120 total (0 active), Execution time: mean = 0.03ms, total = 4.13ms, Queueing time: mean = 0.03ms, max = 0.06ms, min = 0.01ms, total = 4.04ms
	ray::rpc::TaskInfoGcsService.grpc_client.AddTaskEventData - 120 total (0 active), Execution time: mean = 0.74ms, total = 88.47ms, Queueing time: mean = 0.00ms, max = -0.00ms, min = 9223372036854.78ms, total = 0.00ms
	PeriodicalRunner.RunFnPeriodically - 1 total (0 active), Execution time: mean = 0.30ms, total = 0.30ms, Queueing time: mean = 0.17ms, max = 0.17ms, min = 0.17ms, total = 0.17ms
Other Stats:
	gcs_grpc_in_progress:0
	event_aggregator_grpc_in_progress:0
	current number of task status events in buffer: 0
	current number of profile events in buffer: 0
	current number of dropped task attempts tracked: 0
	total task events sent: 0 MiB
	total number of task attempts sent: 0
	total number of task attempts dropped reported: 0
	total number of sent failure: 0
	num status task events dropped: 0
	num profile task events dropped: 0
	num ray task events reported to aggregator: 0
	num ray task events failed to report to aggregator: 0
	num of task attempts dropped reported to aggregator: 0
	num of failed requests to aggregator: 0

[2026-02-11 11:20:04,974 I 2323983 2324492] core_worker.cc:455: Event stats:


Global stats: 2624 total (8 active)
Queueing time: mean = 0.80ms, max = 1000.02ms, min = 0.01ms, total = 2101.29ms
Execution time:  mean = 0.09ms, total = 223.12ms
Event stats:
	CoreWorker.RecoverObjects - 1800 total (1 active), Execution time: mean = 0.01ms, total = 16.92ms, Queueing time: mean = 0.04ms, max = 0.12ms, min = 0.01ms, total = 75.49ms
	NodeManagerService.grpc_client.ReportWorkerBacklog - 180 total (0 active), Execution time: mean = 0.81ms, total = 146.39ms, Queueing time: mean = 0.00ms, max = -0.00ms, min = 9223372036854.78ms, total = 0.00ms
	CoreWorker.InternalHeartbeat - 180 total (1 active), Execution time: mean = 0.20ms, total = 36.36ms, Queueing time: mean = 0.04ms, max = 0.10ms, min = 0.01ms, total = 7.31ms
	NodeManagerService.grpc_client.ReportWorkerBacklog.OnReplyReceived - 180 total (0 active), Execution time: mean = 0.03ms, total = 5.48ms, Queueing time: mean = 0.03ms, max = 0.07ms, min = 0.01ms, total = 5.99ms
	CoreWorker.ExitIfParentRayletDies - 180 total (1 active), Execution time: mean = 0.01ms, total = 1.98ms, Queueing time: mean = 0.04ms, max = 0.08ms, min = 0.01ms, total = 7.39ms
	CoreWorker.RecordMetrics - 36 total (1 active), Execution time: mean = 0.07ms, total = 2.48ms, Queueing time: mean = 0.03ms, max = 0.08ms, min = 0.01ms, total = 1.16ms
	CoreWorker.TryDelPendingObjectRefStreams - 18 total (1 active), Execution time: mean = 0.01ms, total = 0.10ms, Queueing time: mean = 0.07ms, max = 0.63ms, min = 0.02ms, total = 1.25ms
	CoreWorkerService.grpc_server.GetCoreWorkerStats.HandleRequestImpl - 12 total (0 active), Execution time: mean = 0.10ms, total = 1.23ms, Queueing time: mean = 0.03ms, max = 0.03ms, min = 0.02ms, total = 0.30ms
	CoreWorkerService.grpc_server.GetCoreWorkerStats - 12 total (0 active), Execution time: mean = 0.33ms, total = 3.95ms, Queueing time: mean = 0.00ms, max = -0.00ms, min = 9223372036854.78ms, total = 0.00ms
	PeriodicalRunner.RunFnPeriodically - 7 total (0 active), Execution time: mean = 0.11ms, total = 0.74ms, Queueing time: mean = 0.29ms, max = 0.71ms, min = 0.01ms, total = 2.04ms
	ReporterService.grpc_client.HealthCheck - 3 total (0 active), Execution time: mean = 0.66ms, total = 1.98ms, Queueing time: mean = 0.00ms, max = -0.00ms, min = 9223372036854.78ms, total = 0.00ms
	ReporterService.grpc_client.HealthCheck.OnReplyReceived - 3 total (0 active), Execution time: mean = 0.13ms, total = 0.40ms, Queueing time: mean = 0.04ms, max = 0.06ms, min = 0.02ms, total = 0.12ms
	CoreWorker.PrintEventStats - 3 total (1 active, 1 running), Execution time: mean = 0.47ms, total = 1.41ms, Queueing time: mean = 0.05ms, max = 0.08ms, min = 0.07ms, total = 0.15ms
	MetricsAgentClient.WaitForServerReadyWithRetry - 2 total (0 active), Execution time: mean = 0.16ms, total = 0.32ms, Queueing time: mean = 1000.02ms, max = 1000.02ms, min = 1000.02ms, total = 2000.04ms
	ray::rpc::NodeInfoGcsService.grpc_client.GetAllNodeAddressAndLiveness - 1 total (0 active), Execution time: mean = 0.50ms, total = 0.50ms, Queueing time: mean = 0.00ms, max = -0.00ms, min = 9223372036854.78ms, total = 0.00ms
	ray::rpc::InternalPubSubGcsService.grpc_client.GcsSubscriberPoll - 1 total (1 active), Execution time: mean = 0.00ms, total = 0.00ms, Queueing time: mean = 0.00ms, max = -0.00ms, min = 9223372036854.78ms, total = 0.00ms
	Publisher.CheckDeadSubscribers - 1 total (1 active), Execution time: mean = 0.00ms, total = 0.00ms, Queueing time: mean = 0.00ms, max = -0.00ms, min = 9223372036854.78ms, total = 0.00ms
	ray::rpc::WorkerInfoGcsService.grpc_client.AddWorkerInfo - 1 total (0 active), Execution time: mean = 1.49ms, total = 1.49ms, Queueing time: mean = 0.00ms, max = -0.00ms, min = 9223372036854.78ms, total = 0.00ms
	ray::rpc::InternalPubSubGcsService.grpc_client.GcsSubscriberCommandBatch.OnReplyReceived - 1 total (0 active), Execution time: mean = 0.15ms, total = 0.15ms, Queueing time: mean = 0.02ms, max = 0.02ms, min = 0.02ms, total = 0.02ms
	ray::rpc::WorkerInfoGcsService.grpc_client.AddWorkerInfo.OnReplyReceived - 1 total (0 active), Execution time: mean = 0.02ms, total = 0.02ms, Queueing time: mean = 0.01ms, max = 0.01ms, min = 0.01ms, total = 0.01ms
	ray::rpc::NodeInfoGcsService.grpc_client.GetAllNodeAddressAndLiveness.OnReplyReceived - 1 total (0 active), Execution time: mean = 0.07ms, total = 0.07ms, Queueing time: mean = 0.01ms, max = 0.01ms, min = 0.01ms, total = 0.01ms
	ray::rpc::InternalPubSubGcsService.grpc_client.GcsSubscriberCommandBatch - 1 total (0 active), Execution time: mean = 1.14ms, total = 1.14ms, Queueing time: mean = 0.00ms, max = -0.00ms, min = 9223372036854.78ms, total = 0.00ms

-----------------
Task execution event stats:

Global stats: 17918 total (1 active)
Queueing time: mean = 0.04ms, max = 11.87ms, min = -1.20ms, total = 660.37ms
Execution time:  mean = 0.01ms, total = 258.12ms
Event stats:
	CoreWorker.CheckSignal - 17917 total (1 active), Execution time: mean = 0.01ms, total = 258.10ms, Queueing time: mean = 0.04ms, max = 11.87ms, min = -1.20ms, total = 660.37ms
	PeriodicalRunner.RunFnPeriodically - 1 total (0 active), Execution time: mean = 0.02ms, total = 0.02ms, Queueing time: mean = 0.00ms, max = 0.00ms, min = 0.00ms, total = 0.00ms

-----------------
Task Event stats:

IO Service Stats:

Global stats: 541 total (1 active)
Queueing time: mean = 0.03ms, max = 0.17ms, min = 0.01ms, total = 16.72ms
Execution time:  mean = 0.34ms, total = 185.78ms
Event stats:
	CoreWorker.deadline_timer.flush_task_events - 180 total (1 active), Execution time: mean = 0.23ms, total = 42.02ms, Queueing time: mean = 0.06ms, max = 0.11ms, min = 0.02ms, total = 10.56ms
	ray::rpc::TaskInfoGcsService.grpc_client.AddTaskEventData.OnReplyReceived - 180 total (0 active), Execution time: mean = 0.04ms, total = 6.54ms, Queueing time: mean = 0.03ms, max = 0.06ms, min = 0.01ms, total = 5.99ms
	ray::rpc::TaskInfoGcsService.grpc_client.AddTaskEventData - 180 total (0 active), Execution time: mean = 0.76ms, total = 136.92ms, Queueing time: mean = 0.00ms, max = -0.00ms, min = 9223372036854.78ms, total = 0.00ms
	PeriodicalRunner.RunFnPeriodically - 1 total (0 active), Execution time: mean = 0.30ms, total = 0.30ms, Queueing time: mean = 0.17ms, max = 0.17ms, min = 0.17ms, total = 0.17ms
Other Stats:
	gcs_grpc_in_progress:0
	event_aggregator_grpc_in_progress:0
	current number of task status events in buffer: 0
	current number of profile events in buffer: 0
	current number of dropped task attempts tracked: 0
	total task events sent: 0 MiB
	total number of task attempts sent: 0
	total number of task attempts dropped reported: 0
	total number of sent failure: 0
	num status task events dropped: 0
	num profile task events dropped: 0
	num ray task events reported to aggregator: 0
	num ray task events failed to report to aggregator: 0
	num of task attempts dropped reported to aggregator: 0
	num of failed requests to aggregator: 0

[2026-02-11 11:21:04,975 I 2323983 2324492] core_worker.cc:455: Event stats:


Global stats: 3490 total (8 active)
Queueing time: mean = 0.61ms, max = 1000.02ms, min = 0.01ms, total = 2132.54ms
Execution time:  mean = 0.09ms, total = 299.15ms
Event stats:
	CoreWorker.RecoverObjects - 2399 total (1 active), Execution time: mean = 0.01ms, total = 22.46ms, Queueing time: mean = 0.04ms, max = 0.12ms, min = 0.01ms, total = 98.52ms
	NodeManagerService.grpc_client.ReportWorkerBacklog - 240 total (0 active), Execution time: mean = 0.82ms, total = 197.43ms, Queueing time: mean = 0.00ms, max = -0.00ms, min = 9223372036854.78ms, total = 0.00ms
	CoreWorker.InternalHeartbeat - 240 total (1 active), Execution time: mean = 0.21ms, total = 49.67ms, Queueing time: mean = 0.04ms, max = 0.10ms, min = 0.01ms, total = 9.58ms
	NodeManagerService.grpc_client.ReportWorkerBacklog.OnReplyReceived - 240 total (0 active), Execution time: mean = 0.03ms, total = 7.54ms, Queueing time: mean = 0.03ms, max = 0.07ms, min = 0.01ms, total = 8.10ms
	CoreWorker.ExitIfParentRayletDies - 240 total (1 active), Execution time: mean = 0.01ms, total = 2.67ms, Queueing time: mean = 0.04ms, max = 0.08ms, min = 0.01ms, total = 9.80ms
	CoreWorker.RecordMetrics - 48 total (1 active), Execution time: mean = 0.07ms, total = 3.31ms, Queueing time: mean = 0.03ms, max = 0.08ms, min = 0.01ms, total = 1.63ms
	CoreWorker.TryDelPendingObjectRefStreams - 24 total (1 active), Execution time: mean = 0.01ms, total = 0.13ms, Queueing time: mean = 0.08ms, max = 0.63ms, min = 0.02ms, total = 2.03ms
	CoreWorkerService.grpc_server.GetCoreWorkerStats.HandleRequestImpl - 16 total (0 active), Execution time: mean = 0.10ms, total = 1.61ms, Queueing time: mean = 0.03ms, max = 0.06ms, min = 0.02ms, total = 0.45ms
	CoreWorkerService.grpc_server.GetCoreWorkerStats - 16 total (0 active), Execution time: mean = 0.34ms, total = 5.38ms, Queueing time: mean = 0.00ms, max = -0.00ms, min = 9223372036854.78ms, total = 0.00ms
	PeriodicalRunner.RunFnPeriodically - 7 total (0 active), Execution time: mean = 0.11ms, total = 0.74ms, Queueing time: mean = 0.29ms, max = 0.71ms, min = 0.01ms, total = 2.04ms
	CoreWorker.PrintEventStats - 4 total (1 active, 1 running), Execution time: mean = 0.53ms, total = 2.13ms, Queueing time: mean = 0.04ms, max = 0.08ms, min = 0.02ms, total = 0.17ms
	ReporterService.grpc_client.HealthCheck - 3 total (0 active), Execution time: mean = 0.66ms, total = 1.98ms, Queueing time: mean = 0.00ms, max = -0.00ms, min = 9223372036854.78ms, total = 0.00ms
	ReporterService.grpc_client.HealthCheck.OnReplyReceived - 3 total (0 active), Execution time: mean = 0.13ms, total = 0.40ms, Queueing time: mean = 0.04ms, max = 0.06ms, min = 0.02ms, total = 0.12ms
	MetricsAgentClient.WaitForServerReadyWithRetry - 2 total (0 active), Execution time: mean = 0.16ms, total = 0.32ms, Queueing time: mean = 1000.02ms, max = 1000.02ms, min = 1000.02ms, total = 2000.04ms
	ray::rpc::NodeInfoGcsService.grpc_client.GetAllNodeAddressAndLiveness - 1 total (0 active), Execution time: mean = 0.50ms, total = 0.50ms, Queueing time: mean = 0.00ms, max = -0.00ms, min = 9223372036854.78ms, total = 0.00ms
	ray::rpc::InternalPubSubGcsService.grpc_client.GcsSubscriberPoll - 1 total (1 active), Execution time: mean = 0.00ms, total = 0.00ms, Queueing time: mean = 0.00ms, max = -0.00ms, min = 9223372036854.78ms, total = 0.00ms
	Publisher.CheckDeadSubscribers - 1 total (1 active), Execution time: mean = 0.00ms, total = 0.00ms, Queueing time: mean = 0.00ms, max = -0.00ms, min = 9223372036854.78ms, total = 0.00ms
	ray::rpc::WorkerInfoGcsService.grpc_client.AddWorkerInfo - 1 total (0 active), Execution time: mean = 1.49ms, total = 1.49ms, Queueing time: mean = 0.00ms, max = -0.00ms, min = 9223372036854.78ms, total = 0.00ms
	ray::rpc::InternalPubSubGcsService.grpc_client.GcsSubscriberCommandBatch.OnReplyReceived - 1 total (0 active), Execution time: mean = 0.15ms, total = 0.15ms, Queueing time: mean = 0.02ms, max = 0.02ms, min = 0.02ms, total = 0.02ms
	ray::rpc::WorkerInfoGcsService.grpc_client.AddWorkerInfo.OnReplyReceived - 1 total (0 active), Execution time: mean = 0.02ms, total = 0.02ms, Queueing time: mean = 0.01ms, max = 0.01ms, min = 0.01ms, total = 0.01ms
	ray::rpc::NodeInfoGcsService.grpc_client.GetAllNodeAddressAndLiveness.OnReplyReceived - 1 total (0 active), Execution time: mean = 0.07ms, total = 0.07ms, Queueing time: mean = 0.01ms, max = 0.01ms, min = 0.01ms, total = 0.01ms
	ray::rpc::InternalPubSubGcsService.grpc_client.GcsSubscriberCommandBatch - 1 total (0 active), Execution time: mean = 1.14ms, total = 1.14ms, Queueing time: mean = 0.00ms, max = -0.00ms, min = 9223372036854.78ms, total = 0.00ms

-----------------
Task execution event stats:

Global stats: 23888 total (1 active)
Queueing time: mean = 0.04ms, max = 11.87ms, min = -1.20ms, total = 897.27ms
Execution time:  mean = 0.01ms, total = 348.71ms
Event stats:
	CoreWorker.CheckSignal - 23887 total (1 active), Execution time: mean = 0.01ms, total = 348.69ms, Queueing time: mean = 0.04ms, max = 11.87ms, min = -1.20ms, total = 897.27ms
	PeriodicalRunner.RunFnPeriodically - 1 total (0 active), Execution time: mean = 0.02ms, total = 0.02ms, Queueing time: mean = 0.00ms, max = 0.00ms, min = 0.00ms, total = 0.00ms

-----------------
Task Event stats:

IO Service Stats:

Global stats: 721 total (1 active)
Queueing time: mean = 0.03ms, max = 0.17ms, min = 0.01ms, total = 21.05ms
Execution time:  mean = 0.35ms, total = 251.35ms
Event stats:
	CoreWorker.deadline_timer.flush_task_events - 240 total (1 active), Execution time: mean = 0.23ms, total = 56.35ms, Queueing time: mean = 0.05ms, max = 0.11ms, min = 0.02ms, total = 12.93ms
	ray::rpc::TaskInfoGcsService.grpc_client.AddTaskEventData.OnReplyReceived - 240 total (0 active), Execution time: mean = 0.04ms, total = 9.09ms, Queueing time: mean = 0.03ms, max = 0.06ms, min = 0.01ms, total = 7.95ms
	ray::rpc::TaskInfoGcsService.grpc_client.AddTaskEventData - 240 total (0 active), Execution time: mean = 0.77ms, total = 185.61ms, Queueing time: mean = 0.00ms, max = -0.00ms, min = 9223372036854.78ms, total = 0.00ms
	PeriodicalRunner.RunFnPeriodically - 1 total (0 active), Execution time: mean = 0.30ms, total = 0.30ms, Queueing time: mean = 0.17ms, max = 0.17ms, min = 0.17ms, total = 0.17ms
Other Stats:
	gcs_grpc_in_progress:0
	event_aggregator_grpc_in_progress:0
	current number of task status events in buffer: 0
	current number of profile events in buffer: 0
	current number of dropped task attempts tracked: 0
	total task events sent: 0 MiB
	total number of task attempts sent: 0
	total number of task attempts dropped reported: 0
	total number of sent failure: 0
	num status task events dropped: 0
	num profile task events dropped: 0
	num ray task events reported to aggregator: 0
	num ray task events failed to report to aggregator: 0
	num of task attempts dropped reported to aggregator: 0
	num of failed requests to aggregator: 0

[2026-02-11 11:22:04,975 I 2323983 2324492] core_worker.cc:455: Event stats:


Global stats: 4358 total (8 active)
Queueing time: mean = 0.50ms, max = 1000.02ms, min = 0.01ms, total = 2164.30ms
Execution time:  mean = 0.09ms, total = 372.15ms
Event stats:
	CoreWorker.RecoverObjects - 2999 total (1 active), Execution time: mean = 0.01ms, total = 27.83ms, Queueing time: mean = 0.04ms, max = 0.12ms, min = 0.01ms, total = 121.84ms
	NodeManagerService.grpc_client.ReportWorkerBacklog - 300 total (0 active), Execution time: mean = 0.82ms, total = 246.54ms, Queueing time: mean = 0.00ms, max = -0.00ms, min = 9223372036854.78ms, total = 0.00ms
	CoreWorker.InternalHeartbeat - 300 total (1 active), Execution time: mean = 0.21ms, total = 62.45ms, Queueing time: mean = 0.04ms, max = 0.10ms, min = 0.01ms, total = 11.92ms
	NodeManagerService.grpc_client.ReportWorkerBacklog.OnReplyReceived - 300 total (0 active), Execution time: mean = 0.03ms, total = 9.33ms, Queueing time: mean = 0.03ms, max = 0.07ms, min = 0.01ms, total = 10.08ms
	CoreWorker.ExitIfParentRayletDies - 300 total (1 active), Execution time: mean = 0.01ms, total = 3.39ms, Queueing time: mean = 0.04ms, max = 0.08ms, min = 0.01ms, total = 12.46ms
	CoreWorker.RecordMetrics - 60 total (1 active), Execution time: mean = 0.07ms, total = 4.17ms, Queueing time: mean = 0.03ms, max = 0.08ms, min = 0.01ms, total = 2.09ms
	CoreWorker.TryDelPendingObjectRefStreams - 30 total (1 active), Execution time: mean = 0.01ms, total = 0.17ms, Queueing time: mean = 0.09ms, max = 0.63ms, min = 0.02ms, total = 2.81ms
	CoreWorkerService.grpc_server.GetCoreWorkerStats.HandleRequestImpl - 20 total (0 active), Execution time: mean = 0.10ms, total = 2.00ms, Queueing time: mean = 0.03ms, max = 0.06ms, min = 0.02ms, total = 0.58ms
	CoreWorkerService.grpc_server.GetCoreWorkerStats - 20 total (0 active), Execution time: mean = 0.33ms, total = 6.63ms, Queueing time: mean = 0.00ms, max = -0.00ms, min = 9223372036854.78ms, total = 0.00ms
	PeriodicalRunner.RunFnPeriodically - 7 total (0 active), Execution time: mean = 0.11ms, total = 0.74ms, Queueing time: mean = 0.29ms, max = 0.71ms, min = 0.01ms, total = 2.04ms
	CoreWorker.PrintEventStats - 5 total (1 active, 1 running), Execution time: mean = 0.57ms, total = 2.83ms, Queueing time: mean = 0.05ms, max = 0.08ms, min = 0.02ms, total = 0.23ms
	ReporterService.grpc_client.HealthCheck - 3 total (0 active), Execution time: mean = 0.66ms, total = 1.98ms, Queueing time: mean = 0.00ms, max = -0.00ms, min = 9223372036854.78ms, total = 0.00ms
	ReporterService.grpc_client.HealthCheck.OnReplyReceived - 3 total (0 active), Execution time: mean = 0.13ms, total = 0.40ms, Queueing time: mean = 0.04ms, max = 0.06ms, min = 0.02ms, total = 0.12ms
	Publisher.CheckDeadSubscribers - 2 total (1 active), Execution time: mean = 0.00ms, total = 0.01ms, Queueing time: mean = 0.01ms, max = 0.02ms, min = 0.02ms, total = 0.02ms
	MetricsAgentClient.WaitForServerReadyWithRetry - 2 total (0 active), Execution time: mean = 0.16ms, total = 0.32ms, Queueing time: mean = 1000.02ms, max = 1000.02ms, min = 1000.02ms, total = 2000.04ms
	ray::rpc::NodeInfoGcsService.grpc_client.GetAllNodeAddressAndLiveness - 1 total (0 active), Execution time: mean = 0.50ms, total = 0.50ms, Queueing time: mean = 0.00ms, max = -0.00ms, min = 9223372036854.78ms, total = 0.00ms
	ray::rpc::InternalPubSubGcsService.grpc_client.GcsSubscriberPoll - 1 total (1 active), Execution time: mean = 0.00ms, total = 0.00ms, Queueing time: mean = 0.00ms, max = -0.00ms, min = 9223372036854.78ms, total = 0.00ms
	ray::rpc::WorkerInfoGcsService.grpc_client.AddWorkerInfo - 1 total (0 active), Execution time: mean = 1.49ms, total = 1.49ms, Queueing time: mean = 0.00ms, max = -0.00ms, min = 9223372036854.78ms, total = 0.00ms
	ray::rpc::InternalPubSubGcsService.grpc_client.GcsSubscriberCommandBatch.OnReplyReceived - 1 total (0 active), Execution time: mean = 0.15ms, total = 0.15ms, Queueing time: mean = 0.02ms, max = 0.02ms, min = 0.02ms, total = 0.02ms
	ray::rpc::WorkerInfoGcsService.grpc_client.AddWorkerInfo.OnReplyReceived - 1 total (0 active), Execution time: mean = 0.02ms, total = 0.02ms, Queueing time: mean = 0.01ms, max = 0.01ms, min = 0.01ms, total = 0.01ms
	ray::rpc::NodeInfoGcsService.grpc_client.GetAllNodeAddressAndLiveness.OnReplyReceived - 1 total (0 active), Execution time: mean = 0.07ms, total = 0.07ms, Queueing time: mean = 0.01ms, max = 0.01ms, min = 0.01ms, total = 0.01ms
	ray::rpc::InternalPubSubGcsService.grpc_client.GcsSubscriberCommandBatch - 1 total (0 active), Execution time: mean = 1.14ms, total = 1.14ms, Queueing time: mean = 0.00ms, max = -0.00ms, min = 9223372036854.78ms, total = 0.00ms

-----------------
Task execution event stats:

Global stats: 29859 total (1 active)
Queueing time: mean = 0.04ms, max = 11.87ms, min = -1.20ms, total = 1130.05ms
Execution time:  mean = 0.01ms, total = 439.11ms
Event stats:
	CoreWorker.CheckSignal - 29858 total (1 active), Execution time: mean = 0.01ms, total = 439.08ms, Queueing time: mean = 0.04ms, max = 11.87ms, min = -1.20ms, total = 1130.04ms
	PeriodicalRunner.RunFnPeriodically - 1 total (0 active), Execution time: mean = 0.02ms, total = 0.02ms, Queueing time: mean = 0.00ms, max = 0.00ms, min = 0.00ms, total = 0.00ms

-----------------
Task Event stats:

IO Service Stats:

Global stats: 901 total (1 active)
Queueing time: mean = 0.03ms, max = 0.17ms, min = 0.01ms, total = 25.58ms
Execution time:  mean = 0.35ms, total = 315.32ms
Event stats:
	CoreWorker.deadline_timer.flush_task_events - 300 total (1 active), Execution time: mean = 0.23ms, total = 69.97ms, Queueing time: mean = 0.05ms, max = 0.11ms, min = 0.02ms, total = 15.43ms
	ray::rpc::TaskInfoGcsService.grpc_client.AddTaskEventData.OnReplyReceived - 300 total (0 active), Execution time: mean = 0.04ms, total = 11.57ms, Queueing time: mean = 0.03ms, max = 0.06ms, min = 0.01ms, total = 9.98ms
	ray::rpc::TaskInfoGcsService.grpc_client.AddTaskEventData - 300 total (0 active), Execution time: mean = 0.78ms, total = 233.48ms, Queueing time: mean = 0.00ms, max = -0.00ms, min = 9223372036854.78ms, total = 0.00ms
	PeriodicalRunner.RunFnPeriodically - 1 total (0 active), Execution time: mean = 0.30ms, total = 0.30ms, Queueing time: mean = 0.17ms, max = 0.17ms, min = 0.17ms, total = 0.17ms
Other Stats:
	gcs_grpc_in_progress:0
	event_aggregator_grpc_in_progress:0
	current number of task status events in buffer: 0
	current number of profile events in buffer: 0
	current number of dropped task attempts tracked: 0
	total task events sent: 0 MiB
	total number of task attempts sent: 0
	total number of task attempts dropped reported: 0
	total number of sent failure: 0
	num status task events dropped: 0
	num profile task events dropped: 0
	num ray task events reported to aggregator: 0
	num ray task events failed to report to aggregator: 0
	num of task attempts dropped reported to aggregator: 0
	num of failed requests to aggregator: 0

[2026-02-11 11:23:04,976 I 2323983 2324492] core_worker.cc:455: Event stats:


Global stats: 5225 total (8 active)
Queueing time: mean = 0.42ms, max = 1000.02ms, min = 0.01ms, total = 2200.50ms
Execution time:  mean = 0.08ms, total = 444.06ms
Event stats:
	CoreWorker.RecoverObjects - 3599 total (1 active), Execution time: mean = 0.01ms, total = 33.14ms, Queueing time: mean = 0.04ms, max = 0.12ms, min = 0.01ms, total = 148.35ms
	NodeManagerService.grpc_client.ReportWorkerBacklog - 360 total (0 active), Execution time: mean = 0.82ms, total = 295.26ms, Queueing time: mean = 0.00ms, max = -0.00ms, min = 9223372036854.78ms, total = 0.00ms
	CoreWorker.InternalHeartbeat - 360 total (1 active), Execution time: mean = 0.21ms, total = 74.47ms, Queueing time: mean = 0.04ms, max = 0.10ms, min = 0.01ms, total = 14.71ms
	NodeManagerService.grpc_client.ReportWorkerBacklog.OnReplyReceived - 360 total (0 active), Execution time: mean = 0.03ms, total = 11.22ms, Queueing time: mean = 0.04ms, max = 0.08ms, min = 0.01ms, total = 12.66ms
	CoreWorker.ExitIfParentRayletDies - 360 total (1 active), Execution time: mean = 0.01ms, total = 4.05ms, Queueing time: mean = 0.04ms, max = 0.08ms, min = 0.01ms, total = 15.26ms
	CoreWorker.RecordMetrics - 72 total (1 active), Execution time: mean = 0.07ms, total = 4.98ms, Queueing time: mean = 0.04ms, max = 0.08ms, min = 0.01ms, total = 2.70ms
	CoreWorker.TryDelPendingObjectRefStreams - 36 total (1 active), Execution time: mean = 0.01ms, total = 0.20ms, Queueing time: mean = 0.10ms, max = 0.63ms, min = 0.02ms, total = 3.53ms
	CoreWorkerService.grpc_server.GetCoreWorkerStats.HandleRequestImpl - 24 total (0 active), Execution time: mean = 0.10ms, total = 2.41ms, Queueing time: mean = 0.03ms, max = 0.06ms, min = 0.02ms, total = 0.75ms
	CoreWorkerService.grpc_server.GetCoreWorkerStats - 24 total (0 active), Execution time: mean = 0.33ms, total = 7.97ms, Queueing time: mean = 0.00ms, max = -0.00ms, min = 9223372036854.78ms, total = 0.00ms
	PeriodicalRunner.RunFnPeriodically - 7 total (0 active), Execution time: mean = 0.11ms, total = 0.74ms, Queueing time: mean = 0.29ms, max = 0.71ms, min = 0.01ms, total = 2.04ms
	CoreWorker.PrintEventStats - 6 total (1 active, 1 running), Execution time: mean = 0.59ms, total = 3.55ms, Queueing time: mean = 0.04ms, max = 0.08ms, min = 0.02ms, total = 0.26ms
	ReporterService.grpc_client.HealthCheck - 3 total (0 active), Execution time: mean = 0.66ms, total = 1.98ms, Queueing time: mean = 0.00ms, max = -0.00ms, min = 9223372036854.78ms, total = 0.00ms
	ReporterService.grpc_client.HealthCheck.OnReplyReceived - 3 total (0 active), Execution time: mean = 0.13ms, total = 0.40ms, Queueing time: mean = 0.04ms, max = 0.06ms, min = 0.02ms, total = 0.12ms
	Publisher.CheckDeadSubscribers - 2 total (1 active), Execution time: mean = 0.00ms, total = 0.01ms, Queueing time: mean = 0.01ms, max = 0.02ms, min = 0.02ms, total = 0.02ms
	MetricsAgentClient.WaitForServerReadyWithRetry - 2 total (0 active), Execution time: mean = 0.16ms, total = 0.32ms, Queueing time: mean = 1000.02ms, max = 1000.02ms, min = 1000.02ms, total = 2000.04ms
	ray::rpc::NodeInfoGcsService.grpc_client.GetAllNodeAddressAndLiveness - 1 total (0 active), Execution time: mean = 0.50ms, total = 0.50ms, Queueing time: mean = 0.00ms, max = -0.00ms, min = 9223372036854.78ms, total = 0.00ms
	ray::rpc::InternalPubSubGcsService.grpc_client.GcsSubscriberPoll - 1 total (1 active), Execution time: mean = 0.00ms, total = 0.00ms, Queueing time: mean = 0.00ms, max = -0.00ms, min = 9223372036854.78ms, total = 0.00ms
	ray::rpc::WorkerInfoGcsService.grpc_client.AddWorkerInfo - 1 total (0 active), Execution time: mean = 1.49ms, total = 1.49ms, Queueing time: mean = 0.00ms, max = -0.00ms, min = 9223372036854.78ms, total = 0.00ms
	ray::rpc::InternalPubSubGcsService.grpc_client.GcsSubscriberCommandBatch.OnReplyReceived - 1 total (0 active), Execution time: mean = 0.15ms, total = 0.15ms, Queueing time: mean = 0.02ms, max = 0.02ms, min = 0.02ms, total = 0.02ms
	ray::rpc::WorkerInfoGcsService.grpc_client.AddWorkerInfo.OnReplyReceived - 1 total (0 active), Execution time: mean = 0.02ms, total = 0.02ms, Queueing time: mean = 0.01ms, max = 0.01ms, min = 0.01ms, total = 0.01ms
	ray::rpc::NodeInfoGcsService.grpc_client.GetAllNodeAddressAndLiveness.OnReplyReceived - 1 total (0 active), Execution time: mean = 0.07ms, total = 0.07ms, Queueing time: mean = 0.01ms, max = 0.01ms, min = 0.01ms, total = 0.01ms
	ray::rpc::InternalPubSubGcsService.grpc_client.GcsSubscriberCommandBatch - 1 total (0 active), Execution time: mean = 1.14ms, total = 1.14ms, Queueing time: mean = 0.00ms, max = -0.00ms, min = 9223372036854.78ms, total = 0.00ms

-----------------
Task execution event stats:

Global stats: 35828 total (1 active)
Queueing time: mean = 0.04ms, max = 11.87ms, min = -1.20ms, total = 1374.81ms
Execution time:  mean = 0.01ms, total = 532.21ms
Event stats:
	CoreWorker.CheckSignal - 35827 total (1 active), Execution time: mean = 0.01ms, total = 532.19ms, Queueing time: mean = 0.04ms, max = 11.87ms, min = -1.20ms, total = 1374.80ms
	PeriodicalRunner.RunFnPeriodically - 1 total (0 active), Execution time: mean = 0.02ms, total = 0.02ms, Queueing time: mean = 0.00ms, max = 0.00ms, min = 0.00ms, total = 0.00ms

-----------------
Task Event stats:

IO Service Stats:

Global stats: 1081 total (1 active)
Queueing time: mean = 0.03ms, max = 0.17ms, min = 0.01ms, total = 30.54ms
Execution time:  mean = 0.35ms, total = 380.23ms
Event stats:
	CoreWorker.deadline_timer.flush_task_events - 360 total (1 active), Execution time: mean = 0.23ms, total = 84.21ms, Queueing time: mean = 0.05ms, max = 0.11ms, min = 0.02ms, total = 18.07ms
	ray::rpc::TaskInfoGcsService.grpc_client.AddTaskEventData.OnReplyReceived - 360 total (0 active), Execution time: mean = 0.04ms, total = 14.13ms, Queueing time: mean = 0.03ms, max = 0.07ms, min = 0.01ms, total = 12.30ms
	ray::rpc::TaskInfoGcsService.grpc_client.AddTaskEventData - 360 total (0 active), Execution time: mean = 0.78ms, total = 281.59ms, Queueing time: mean = 0.00ms, max = -0.00ms, min = 9223372036854.78ms, total = 0.00ms
	PeriodicalRunner.RunFnPeriodically - 1 total (0 active), Execution time: mean = 0.30ms, total = 0.30ms, Queueing time: mean = 0.17ms, max = 0.17ms, min = 0.17ms, total = 0.17ms
Other Stats:
	gcs_grpc_in_progress:0
	event_aggregator_grpc_in_progress:0
	current number of task status events in buffer: 0
	current number of profile events in buffer: 0
	current number of dropped task attempts tracked: 0
	total task events sent: 0 MiB
	total number of task attempts sent: 0
	total number of task attempts dropped reported: 0
	total number of sent failure: 0
	num status task events dropped: 0
	num profile task events dropped: 0
	num ray task events reported to aggregator: 0
	num ray task events failed to report to aggregator: 0
	num of task attempts dropped reported to aggregator: 0
	num of failed requests to aggregator: 0

[2026-02-11 11:24:04,977 I 2323983 2324492] core_worker.cc:455: Event stats:


Global stats: 6092 total (8 active)
Queueing time: mean = 0.37ms, max = 1000.02ms, min = 0.01ms, total = 2230.84ms
Execution time:  mean = 0.08ms, total = 517.48ms
Event stats:
	CoreWorker.RecoverObjects - 4199 total (1 active), Execution time: mean = 0.01ms, total = 38.47ms, Queueing time: mean = 0.04ms, max = 0.12ms, min = 0.01ms, total = 170.71ms
	NodeManagerService.grpc_client.ReportWorkerBacklog - 420 total (0 active), Execution time: mean = 0.82ms, total = 345.07ms, Queueing time: mean = 0.00ms, max = -0.00ms, min = 9223372036854.78ms, total = 0.00ms
	CoreWorker.InternalHeartbeat - 420 total (1 active), Execution time: mean = 0.21ms, total = 86.90ms, Queueing time: mean = 0.04ms, max = 0.10ms, min = 0.01ms, total = 16.97ms
	NodeManagerService.grpc_client.ReportWorkerBacklog.OnReplyReceived - 420 total (0 active), Execution time: mean = 0.03ms, total = 13.12ms, Queueing time: mean = 0.03ms, max = 0.08ms, min = 0.01ms, total = 14.58ms
	CoreWorker.ExitIfParentRayletDies - 420 total (1 active), Execution time: mean = 0.01ms, total = 4.70ms, Queueing time: mean = 0.04ms, max = 0.08ms, min = 0.01ms, total = 17.65ms
	CoreWorker.RecordMetrics - 84 total (1 active), Execution time: mean = 0.07ms, total = 5.77ms, Queueing time: mean = 0.04ms, max = 0.08ms, min = 0.01ms, total = 3.20ms
	CoreWorker.TryDelPendingObjectRefStreams - 42 total (1 active), Execution time: mean = 0.01ms, total = 0.24ms, Queueing time: mean = 0.10ms, max = 0.63ms, min = 0.02ms, total = 4.27ms
	CoreWorkerService.grpc_server.GetCoreWorkerStats.HandleRequestImpl - 28 total (0 active), Execution time: mean = 0.10ms, total = 2.74ms, Queueing time: mean = 0.03ms, max = 0.06ms, min = 0.02ms, total = 0.86ms
	CoreWorkerService.grpc_server.GetCoreWorkerStats - 28 total (0 active), Execution time: mean = 0.33ms, total = 9.28ms, Queueing time: mean = 0.00ms, max = -0.00ms, min = 9223372036854.78ms, total = 0.00ms
	PeriodicalRunner.RunFnPeriodically - 7 total (0 active), Execution time: mean = 0.11ms, total = 0.74ms, Queueing time: mean = 0.29ms, max = 0.71ms, min = 0.01ms, total = 2.04ms
	CoreWorker.PrintEventStats - 7 total (1 active, 1 running), Execution time: mean = 0.62ms, total = 4.37ms, Queueing time: mean = 0.05ms, max = 0.08ms, min = 0.02ms, total = 0.33ms
	ReporterService.grpc_client.HealthCheck - 3 total (0 active), Execution time: mean = 0.66ms, total = 1.98ms, Queueing time: mean = 0.00ms, max = -0.00ms, min = 9223372036854.78ms, total = 0.00ms
	ReporterService.grpc_client.HealthCheck.OnReplyReceived - 3 total (0 active), Execution time: mean = 0.13ms, total = 0.40ms, Queueing time: mean = 0.04ms, max = 0.06ms, min = 0.02ms, total = 0.12ms
	Publisher.CheckDeadSubscribers - 2 total (1 active), Execution time: mean = 0.00ms, total = 0.01ms, Queueing time: mean = 0.01ms, max = 0.02ms, min = 0.02ms, total = 0.02ms
	MetricsAgentClient.WaitForServerReadyWithRetry - 2 total (0 active), Execution time: mean = 0.16ms, total = 0.32ms, Queueing time: mean = 1000.02ms, max = 1000.02ms, min = 1000.02ms, total = 2000.04ms
	ray::rpc::NodeInfoGcsService.grpc_client.GetAllNodeAddressAndLiveness - 1 total (0 active), Execution time: mean = 0.50ms, total = 0.50ms, Queueing time: mean = 0.00ms, max = -0.00ms, min = 9223372036854.78ms, total = 0.00ms
	ray::rpc::InternalPubSubGcsService.grpc_client.GcsSubscriberPoll - 1 total (1 active), Execution time: mean = 0.00ms, total = 0.00ms, Queueing time: mean = 0.00ms, max = -0.00ms, min = 9223372036854.78ms, total = 0.00ms
	ray::rpc::WorkerInfoGcsService.grpc_client.AddWorkerInfo - 1 total (0 active), Execution time: mean = 1.49ms, total = 1.49ms, Queueing time: mean = 0.00ms, max = -0.00ms, min = 9223372036854.78ms, total = 0.00ms
	ray::rpc::InternalPubSubGcsService.grpc_client.GcsSubscriberCommandBatch.OnReplyReceived - 1 total (0 active), Execution time: mean = 0.15ms, total = 0.15ms, Queueing time: mean = 0.02ms, max = 0.02ms, min = 0.02ms, total = 0.02ms
	ray::rpc::WorkerInfoGcsService.grpc_client.AddWorkerInfo.OnReplyReceived - 1 total (0 active), Execution time: mean = 0.02ms, total = 0.02ms, Queueing time: mean = 0.01ms, max = 0.01ms, min = 0.01ms, total = 0.01ms
	ray::rpc::NodeInfoGcsService.grpc_client.GetAllNodeAddressAndLiveness.OnReplyReceived - 1 total (0 active), Execution time: mean = 0.07ms, total = 0.07ms, Queueing time: mean = 0.01ms, max = 0.01ms, min = 0.01ms, total = 0.01ms
	ray::rpc::InternalPubSubGcsService.grpc_client.GcsSubscriberCommandBatch - 1 total (0 active), Execution time: mean = 1.14ms, total = 1.14ms, Queueing time: mean = 0.00ms, max = -0.00ms, min = 9223372036854.78ms, total = 0.00ms

-----------------
Task execution event stats:

Global stats: 41801 total (1 active)
Queueing time: mean = 0.04ms, max = 11.87ms, min = -1.20ms, total = 1590.60ms
Execution time:  mean = 0.01ms, total = 621.09ms
Event stats:
	CoreWorker.CheckSignal - 41800 total (1 active), Execution time: mean = 0.01ms, total = 621.07ms, Queueing time: mean = 0.04ms, max = 11.87ms, min = -1.20ms, total = 1590.60ms
	PeriodicalRunner.RunFnPeriodically - 1 total (0 active), Execution time: mean = 0.02ms, total = 0.02ms, Queueing time: mean = 0.00ms, max = 0.00ms, min = 0.00ms, total = 0.00ms

-----------------
Task Event stats:

IO Service Stats:

Global stats: 1261 total (1 active)
Queueing time: mean = 0.03ms, max = 0.17ms, min = 0.01ms, total = 35.28ms
Execution time:  mean = 0.35ms, total = 444.75ms
Event stats:
	CoreWorker.deadline_timer.flush_task_events - 420 total (1 active), Execution time: mean = 0.23ms, total = 98.14ms, Queueing time: mean = 0.05ms, max = 0.11ms, min = 0.02ms, total = 20.72ms
	ray::rpc::TaskInfoGcsService.grpc_client.AddTaskEventData.OnReplyReceived - 420 total (0 active), Execution time: mean = 0.04ms, total = 16.59ms, Queueing time: mean = 0.03ms, max = 0.08ms, min = 0.01ms, total = 14.39ms
	ray::rpc::TaskInfoGcsService.grpc_client.AddTaskEventData - 420 total (0 active), Execution time: mean = 0.79ms, total = 329.73ms, Queueing time: mean = 0.00ms, max = -0.00ms, min = 9223372036854.78ms, total = 0.00ms
	PeriodicalRunner.RunFnPeriodically - 1 total (0 active), Execution time: mean = 0.30ms, total = 0.30ms, Queueing time: mean = 0.17ms, max = 0.17ms, min = 0.17ms, total = 0.17ms
Other Stats:
	gcs_grpc_in_progress:0
	event_aggregator_grpc_in_progress:0
	current number of task status events in buffer: 0
	current number of profile events in buffer: 0
	current number of dropped task attempts tracked: 0
	total task events sent: 0 MiB
	total number of task attempts sent: 0
	total number of task attempts dropped reported: 0
	total number of sent failure: 0
	num status task events dropped: 0
	num profile task events dropped: 0
	num ray task events reported to aggregator: 0
	num ray task events failed to report to aggregator: 0
	num of task attempts dropped reported to aggregator: 0
	num of failed requests to aggregator: 0

[2026-02-11 11:25:04,978 I 2323983 2324492] core_worker.cc:455: Event stats:


Global stats: 6958 total (8 active)
Queueing time: mean = 0.33ms, max = 1000.02ms, min = 0.01ms, total = 2263.40ms
Execution time:  mean = 0.08ms, total = 590.74ms
Event stats:
	CoreWorker.RecoverObjects - 4798 total (1 active), Execution time: mean = 0.01ms, total = 43.86ms, Queueing time: mean = 0.04ms, max = 0.12ms, min = 0.01ms, total = 195.03ms
	NodeManagerService.grpc_client.ReportWorkerBacklog - 480 total (0 active), Execution time: mean = 0.82ms, total = 394.55ms, Queueing time: mean = 0.00ms, max = -0.00ms, min = 9223372036854.78ms, total = 0.00ms
	CoreWorker.InternalHeartbeat - 480 total (1 active), Execution time: mean = 0.21ms, total = 99.55ms, Queueing time: mean = 0.04ms, max = 0.10ms, min = 0.01ms, total = 19.24ms
	NodeManagerService.grpc_client.ReportWorkerBacklog.OnReplyReceived - 480 total (0 active), Execution time: mean = 0.03ms, total = 15.11ms, Queueing time: mean = 0.04ms, max = 0.08ms, min = 0.01ms, total = 16.91ms
	CoreWorker.ExitIfParentRayletDies - 480 total (1 active), Execution time: mean = 0.01ms, total = 5.35ms, Queueing time: mean = 0.04ms, max = 0.08ms, min = 0.01ms, total = 19.96ms
	CoreWorker.RecordMetrics - 96 total (1 active), Execution time: mean = 0.07ms, total = 6.57ms, Queueing time: mean = 0.04ms, max = 0.08ms, min = 0.01ms, total = 3.68ms
	CoreWorker.TryDelPendingObjectRefStreams - 48 total (1 active), Execution time: mean = 0.01ms, total = 0.27ms, Queueing time: mean = 0.10ms, max = 0.63ms, min = 0.02ms, total = 4.92ms
	CoreWorkerService.grpc_server.GetCoreWorkerStats.HandleRequestImpl - 32 total (0 active), Execution time: mean = 0.10ms, total = 3.09ms, Queueing time: mean = 0.03ms, max = 0.06ms, min = 0.02ms, total = 0.99ms
	CoreWorkerService.grpc_server.GetCoreWorkerStats - 32 total (0 active), Execution time: mean = 0.33ms, total = 10.59ms, Queueing time: mean = 0.00ms, max = -0.00ms, min = 9223372036854.78ms, total = 0.00ms
	CoreWorker.PrintEventStats - 8 total (1 active, 1 running), Execution time: mean = 0.63ms, total = 5.00ms, Queueing time: mean = 0.05ms, max = 0.08ms, min = 0.02ms, total = 0.39ms
	PeriodicalRunner.RunFnPeriodically - 7 total (0 active), Execution time: mean = 0.11ms, total = 0.74ms, Queueing time: mean = 0.29ms, max = 0.71ms, min = 0.01ms, total = 2.04ms
	ReporterService.grpc_client.HealthCheck - 3 total (0 active), Execution time: mean = 0.66ms, total = 1.98ms, Queueing time: mean = 0.00ms, max = -0.00ms, min = 9223372036854.78ms, total = 0.00ms
	ReporterService.grpc_client.HealthCheck.OnReplyReceived - 3 total (0 active), Execution time: mean = 0.13ms, total = 0.40ms, Queueing time: mean = 0.04ms, max = 0.06ms, min = 0.02ms, total = 0.12ms
	Publisher.CheckDeadSubscribers - 2 total (1 active), Execution time: mean = 0.00ms, total = 0.01ms, Queueing time: mean = 0.01ms, max = 0.02ms, min = 0.02ms, total = 0.02ms
	MetricsAgentClient.WaitForServerReadyWithRetry - 2 total (0 active), Execution time: mean = 0.16ms, total = 0.32ms, Queueing time: mean = 1000.02ms, max = 1000.02ms, min = 1000.02ms, total = 2000.04ms
	ray::rpc::NodeInfoGcsService.grpc_client.GetAllNodeAddressAndLiveness - 1 total (0 active), Execution time: mean = 0.50ms, total = 0.50ms, Queueing time: mean = 0.00ms, max = -0.00ms, min = 9223372036854.78ms, total = 0.00ms
	ray::rpc::InternalPubSubGcsService.grpc_client.GcsSubscriberPoll - 1 total (1 active), Execution time: mean = 0.00ms, total = 0.00ms, Queueing time: mean = 0.00ms, max = -0.00ms, min = 9223372036854.78ms, total = 0.00ms
	ray::rpc::WorkerInfoGcsService.grpc_client.AddWorkerInfo - 1 total (0 active), Execution time: mean = 1.49ms, total = 1.49ms, Queueing time: mean = 0.00ms, max = -0.00ms, min = 9223372036854.78ms, total = 0.00ms
	ray::rpc::InternalPubSubGcsService.grpc_client.GcsSubscriberCommandBatch.OnReplyReceived - 1 total (0 active), Execution time: mean = 0.15ms, total = 0.15ms, Queueing time: mean = 0.02ms, max = 0.02ms, min = 0.02ms, total = 0.02ms
	ray::rpc::WorkerInfoGcsService.grpc_client.AddWorkerInfo.OnReplyReceived - 1 total (0 active), Execution time: mean = 0.02ms, total = 0.02ms, Queueing time: mean = 0.01ms, max = 0.01ms, min = 0.01ms, total = 0.01ms
	ray::rpc::NodeInfoGcsService.grpc_client.GetAllNodeAddressAndLiveness.OnReplyReceived - 1 total (0 active), Execution time: mean = 0.07ms, total = 0.07ms, Queueing time: mean = 0.01ms, max = 0.01ms, min = 0.01ms, total = 0.01ms
	ray::rpc::InternalPubSubGcsService.grpc_client.GcsSubscriberCommandBatch - 1 total (0 active), Execution time: mean = 1.14ms, total = 1.14ms, Queueing time: mean = 0.00ms, max = -0.00ms, min = 9223372036854.78ms, total = 0.00ms

-----------------
Task execution event stats:

Global stats: 47772 total (1 active)
Queueing time: mean = 0.04ms, max = 11.87ms, min = -1.20ms, total = 1824.39ms
Execution time:  mean = 0.01ms, total = 711.77ms
Event stats:
	CoreWorker.CheckSignal - 47771 total (1 active), Execution time: mean = 0.01ms, total = 711.75ms, Queueing time: mean = 0.04ms, max = 11.87ms, min = -1.20ms, total = 1824.39ms
	PeriodicalRunner.RunFnPeriodically - 1 total (0 active), Execution time: mean = 0.02ms, total = 0.02ms, Queueing time: mean = 0.00ms, max = 0.00ms, min = 0.00ms, total = 0.00ms

-----------------
Task Event stats:

IO Service Stats:

Global stats: 1441 total (1 active)
Queueing time: mean = 0.03ms, max = 0.17ms, min = 0.01ms, total = 41.11ms
Execution time:  mean = 0.35ms, total = 510.58ms
Event stats:
	CoreWorker.deadline_timer.flush_task_events - 480 total (1 active), Execution time: mean = 0.23ms, total = 111.90ms, Queueing time: mean = 0.05ms, max = 0.11ms, min = 0.02ms, total = 24.01ms
	ray::rpc::TaskInfoGcsService.grpc_client.AddTaskEventData.OnReplyReceived - 480 total (0 active), Execution time: mean = 0.04ms, total = 19.04ms, Queueing time: mean = 0.04ms, max = 0.08ms, min = 0.01ms, total = 16.93ms
	ray::rpc::TaskInfoGcsService.grpc_client.AddTaskEventData - 480 total (0 active), Execution time: mean = 0.79ms, total = 379.34ms, Queueing time: mean = 0.00ms, max = -0.00ms, min = 9223372036854.78ms, total = 0.00ms
	PeriodicalRunner.RunFnPeriodically - 1 total (0 active), Execution time: mean = 0.30ms, total = 0.30ms, Queueing time: mean = 0.17ms, max = 0.17ms, min = 0.17ms, total = 0.17ms
Other Stats:
	gcs_grpc_in_progress:0
	event_aggregator_grpc_in_progress:0
	current number of task status events in buffer: 0
	current number of profile events in buffer: 0
	current number of dropped task attempts tracked: 0
	total task events sent: 0 MiB
	total number of task attempts sent: 0
	total number of task attempts dropped reported: 0
	total number of sent failure: 0
	num status task events dropped: 0
	num profile task events dropped: 0
	num ray task events reported to aggregator: 0
	num ray task events failed to report to aggregator: 0
	num of task attempts dropped reported to aggregator: 0
	num of failed requests to aggregator: 0

[2026-02-11 11:26:04,978 I 2323983 2324492] core_worker.cc:455: Event stats:


Global stats: 7825 total (8 active)
Queueing time: mean = 0.29ms, max = 1000.02ms, min = 0.01ms, total = 2302.38ms
Execution time:  mean = 0.08ms, total = 661.37ms
Event stats:
	CoreWorker.RecoverObjects - 5398 total (1 active), Execution time: mean = 0.01ms, total = 49.22ms, Queueing time: mean = 0.04ms, max = 0.12ms, min = 0.01ms, total = 224.04ms
	NodeManagerService.grpc_client.ReportWorkerBacklog - 540 total (0 active), Execution time: mean = 0.82ms, total = 442.80ms, Queueing time: mean = 0.00ms, max = -0.00ms, min = 9223372036854.78ms, total = 0.00ms
	CoreWorker.InternalHeartbeat - 540 total (1 active), Execution time: mean = 0.21ms, total = 110.82ms, Queueing time: mean = 0.04ms, max = 0.10ms, min = 0.01ms, total = 22.12ms
	NodeManagerService.grpc_client.ReportWorkerBacklog.OnReplyReceived - 540 total (0 active), Execution time: mean = 0.03ms, total = 16.97ms, Queueing time: mean = 0.04ms, max = 0.08ms, min = 0.01ms, total = 19.40ms
	CoreWorker.ExitIfParentRayletDies - 540 total (1 active), Execution time: mean = 0.01ms, total = 5.98ms, Queueing time: mean = 0.04ms, max = 0.08ms, min = 0.01ms, total = 22.94ms
	CoreWorker.RecordMetrics - 108 total (1 active), Execution time: mean = 0.07ms, total = 7.41ms, Queueing time: mean = 0.04ms, max = 0.08ms, min = 0.01ms, total = 4.34ms
	CoreWorker.TryDelPendingObjectRefStreams - 54 total (1 active), Execution time: mean = 0.01ms, total = 0.31ms, Queueing time: mean = 0.11ms, max = 0.63ms, min = 0.02ms, total = 5.74ms
	CoreWorkerService.grpc_server.GetCoreWorkerStats.HandleRequestImpl - 36 total (0 active), Execution time: mean = 0.10ms, total = 3.43ms, Queueing time: mean = 0.03ms, max = 0.06ms, min = 0.02ms, total = 1.10ms
	CoreWorkerService.grpc_server.GetCoreWorkerStats - 36 total (0 active), Execution time: mean = 0.33ms, total = 11.93ms, Queueing time: mean = 0.00ms, max = -0.00ms, min = 9223372036854.78ms, total = 0.00ms
	CoreWorker.PrintEventStats - 9 total (1 active, 1 running), Execution time: mean = 0.63ms, total = 5.69ms, Queueing time: mean = 0.05ms, max = 0.08ms, min = 0.02ms, total = 0.41ms
	PeriodicalRunner.RunFnPeriodically - 7 total (0 active), Execution time: mean = 0.11ms, total = 0.74ms, Queueing time: mean = 0.29ms, max = 0.71ms, min = 0.01ms, total = 2.04ms
	ReporterService.grpc_client.HealthCheck - 3 total (0 active), Execution time: mean = 0.66ms, total = 1.98ms, Queueing time: mean = 0.00ms, max = -0.00ms, min = 9223372036854.78ms, total = 0.00ms
	ReporterService.grpc_client.HealthCheck.OnReplyReceived - 3 total (0 active), Execution time: mean = 0.13ms, total = 0.40ms, Queueing time: mean = 0.04ms, max = 0.06ms, min = 0.02ms, total = 0.12ms
	Publisher.CheckDeadSubscribers - 2 total (1 active), Execution time: mean = 0.00ms, total = 0.01ms, Queueing time: mean = 0.01ms, max = 0.02ms, min = 0.02ms, total = 0.02ms
	MetricsAgentClient.WaitForServerReadyWithRetry - 2 total (0 active), Execution time: mean = 0.16ms, total = 0.32ms, Queueing time: mean = 1000.02ms, max = 1000.02ms, min = 1000.02ms, total = 2000.04ms
	ray::rpc::NodeInfoGcsService.grpc_client.GetAllNodeAddressAndLiveness - 1 total (0 active), Execution time: mean = 0.50ms, total = 0.50ms, Queueing time: mean = 0.00ms, max = -0.00ms, min = 9223372036854.78ms, total = 0.00ms
	ray::rpc::InternalPubSubGcsService.grpc_client.GcsSubscriberPoll - 1 total (1 active), Execution time: mean = 0.00ms, total = 0.00ms, Queueing time: mean = 0.00ms, max = -0.00ms, min = 9223372036854.78ms, total = 0.00ms
	ray::rpc::WorkerInfoGcsService.grpc_client.AddWorkerInfo - 1 total (0 active), Execution time: mean = 1.49ms, total = 1.49ms, Queueing time: mean = 0.00ms, max = -0.00ms, min = 9223372036854.78ms, total = 0.00ms
	ray::rpc::InternalPubSubGcsService.grpc_client.GcsSubscriberCommandBatch.OnReplyReceived - 1 total (0 active), Execution time: mean = 0.15ms, total = 0.15ms, Queueing time: mean = 0.02ms, max = 0.02ms, min = 0.02ms, total = 0.02ms
	ray::rpc::WorkerInfoGcsService.grpc_client.AddWorkerInfo.OnReplyReceived - 1 total (0 active), Execution time: mean = 0.02ms, total = 0.02ms, Queueing time: mean = 0.01ms, max = 0.01ms, min = 0.01ms, total = 0.01ms
	ray::rpc::NodeInfoGcsService.grpc_client.GetAllNodeAddressAndLiveness.OnReplyReceived - 1 total (0 active), Execution time: mean = 0.07ms, total = 0.07ms, Queueing time: mean = 0.01ms, max = 0.01ms, min = 0.01ms, total = 0.01ms
	ray::rpc::InternalPubSubGcsService.grpc_client.GcsSubscriberCommandBatch - 1 total (0 active), Execution time: mean = 1.14ms, total = 1.14ms, Queueing time: mean = 0.00ms, max = -0.00ms, min = 9223372036854.78ms, total = 0.00ms

-----------------
Task execution event stats:

Global stats: 53743 total (1 active)
Queueing time: mean = 0.04ms, max = 11.87ms, min = -1.20ms, total = 2054.82ms
Execution time:  mean = 0.01ms, total = 802.73ms
Event stats:
	CoreWorker.CheckSignal - 53742 total (1 active), Execution time: mean = 0.01ms, total = 802.71ms, Queueing time: mean = 0.04ms, max = 11.87ms, min = -1.20ms, total = 2054.81ms
	PeriodicalRunner.RunFnPeriodically - 1 total (0 active), Execution time: mean = 0.02ms, total = 0.02ms, Queueing time: mean = 0.00ms, max = 0.00ms, min = 0.00ms, total = 0.00ms

-----------------
Task Event stats:

IO Service Stats:

Global stats: 1621 total (1 active)
Queueing time: mean = 0.03ms, max = 0.17ms, min = 0.01ms, total = 46.23ms
Execution time:  mean = 0.35ms, total = 574.72ms
Event stats:
	CoreWorker.deadline_timer.flush_task_events - 540 total (1 active), Execution time: mean = 0.23ms, total = 125.14ms, Queueing time: mean = 0.05ms, max = 0.11ms, min = 0.02ms, total = 27.00ms
	ray::rpc::TaskInfoGcsService.grpc_client.AddTaskEventData.OnReplyReceived - 540 total (0 active), Execution time: mean = 0.04ms, total = 21.52ms, Queueing time: mean = 0.04ms, max = 0.08ms, min = 0.01ms, total = 19.06ms
	ray::rpc::TaskInfoGcsService.grpc_client.AddTaskEventData - 540 total (0 active), Execution time: mean = 0.79ms, total = 427.75ms, Queueing time: mean = 0.00ms, max = -0.00ms, min = 9223372036854.78ms, total = 0.00ms
	PeriodicalRunner.RunFnPeriodically - 1 total (0 active), Execution time: mean = 0.30ms, total = 0.30ms, Queueing time: mean = 0.17ms, max = 0.17ms, min = 0.17ms, total = 0.17ms
Other Stats:
	gcs_grpc_in_progress:0
	event_aggregator_grpc_in_progress:0
	current number of task status events in buffer: 0
	current number of profile events in buffer: 0
	current number of dropped task attempts tracked: 0
	total task events sent: 0 MiB
	total number of task attempts sent: 0
	total number of task attempts dropped reported: 0
	total number of sent failure: 0
	num status task events dropped: 0
	num profile task events dropped: 0
	num ray task events reported to aggregator: 0
	num ray task events failed to report to aggregator: 0
	num of task attempts dropped reported to aggregator: 0
	num of failed requests to aggregator: 0

[2026-02-11 11:27:04,979 I 2323983 2324492] core_worker.cc:455: Event stats:


Global stats: 8693 total (8 active)
Queueing time: mean = 0.27ms, max = 1000.02ms, min = 0.01ms, total = 2338.73ms
Execution time:  mean = 68.59ms, total = 596216.58ms
Event stats:
	CoreWorker.RecoverObjects - 5998 total (1 active), Execution time: mean = 0.01ms, total = 54.56ms, Queueing time: mean = 0.04ms, max = 0.14ms, min = 0.01ms, total = 251.41ms
	NodeManagerService.grpc_client.ReportWorkerBacklog - 600 total (0 active), Execution time: mean = 0.82ms, total = 492.33ms, Queueing time: mean = 0.00ms, max = -0.00ms, min = 9223372036854.78ms, total = 0.00ms
	CoreWorker.InternalHeartbeat - 600 total (1 active), Execution time: mean = 0.20ms, total = 122.71ms, Queueing time: mean = 0.04ms, max = 0.10ms, min = 0.01ms, total = 24.73ms
	NodeManagerService.grpc_client.ReportWorkerBacklog.OnReplyReceived - 600 total (0 active), Execution time: mean = 0.03ms, total = 18.81ms, Queueing time: mean = 0.04ms, max = 0.08ms, min = 0.01ms, total = 21.38ms
	CoreWorker.ExitIfParentRayletDies - 600 total (1 active), Execution time: mean = 0.01ms, total = 6.62ms, Queueing time: mean = 0.04ms, max = 0.08ms, min = 0.01ms, total = 25.83ms
	CoreWorker.RecordMetrics - 120 total (1 active), Execution time: mean = 0.07ms, total = 8.39ms, Queueing time: mean = 0.04ms, max = 0.08ms, min = 0.01ms, total = 4.92ms
	CoreWorker.TryDelPendingObjectRefStreams - 60 total (1 active), Execution time: mean = 0.01ms, total = 0.34ms, Queueing time: mean = 0.11ms, max = 0.63ms, min = 0.02ms, total = 6.45ms
	CoreWorkerService.grpc_server.GetCoreWorkerStats.HandleRequestImpl - 39 total (0 active), Execution time: mean = 0.10ms, total = 3.71ms, Queueing time: mean = 0.03ms, max = 0.06ms, min = 0.02ms, total = 1.21ms
	CoreWorkerService.grpc_server.GetCoreWorkerStats - 39 total (0 active), Execution time: mean = 0.34ms, total = 13.19ms, Queueing time: mean = 0.00ms, max = -0.00ms, min = 9223372036854.78ms, total = 0.00ms
	CoreWorker.PrintEventStats - 10 total (1 active, 1 running), Execution time: mean = 0.64ms, total = 6.37ms, Queueing time: mean = 0.04ms, max = 0.08ms, min = 0.02ms, total = 0.44ms
	PeriodicalRunner.RunFnPeriodically - 7 total (0 active), Execution time: mean = 0.11ms, total = 0.74ms, Queueing time: mean = 0.29ms, max = 0.71ms, min = 0.01ms, total = 2.04ms
	Publisher.CheckDeadSubscribers - 3 total (1 active), Execution time: mean = 0.00ms, total = 0.01ms, Queueing time: mean = 0.02ms, max = 0.04ms, min = 0.02ms, total = 0.05ms
	ReporterService.grpc_client.HealthCheck - 3 total (0 active), Execution time: mean = 0.66ms, total = 1.98ms, Queueing time: mean = 0.00ms, max = -0.00ms, min = 9223372036854.78ms, total = 0.00ms
	ReporterService.grpc_client.HealthCheck.OnReplyReceived - 3 total (0 active), Execution time: mean = 0.13ms, total = 0.40ms, Queueing time: mean = 0.04ms, max = 0.06ms, min = 0.02ms, total = 0.12ms
	MetricsAgentClient.WaitForServerReadyWithRetry - 2 total (0 active), Execution time: mean = 0.16ms, total = 0.32ms, Queueing time: mean = 1000.02ms, max = 1000.02ms, min = 1000.02ms, total = 2000.04ms
	ray::rpc::InternalPubSubGcsService.grpc_client.GcsSubscriberPoll - 2 total (1 active), Execution time: mean = 297741.00ms, total = 595482.01ms, Queueing time: mean = 0.00ms, max = -0.00ms, min = 9223372036854.78ms, total = 0.00ms
	ray::rpc::WorkerInfoGcsService.grpc_client.AddWorkerInfo - 1 total (0 active), Execution time: mean = 1.49ms, total = 1.49ms, Queueing time: mean = 0.00ms, max = -0.00ms, min = 9223372036854.78ms, total = 0.00ms
	ray::rpc::InternalPubSubGcsService.grpc_client.GcsSubscriberCommandBatch.OnReplyReceived - 1 total (0 active), Execution time: mean = 0.15ms, total = 0.15ms, Queueing time: mean = 0.02ms, max = 0.02ms, min = 0.02ms, total = 0.02ms
	ray::rpc::WorkerInfoGcsService.grpc_client.AddWorkerInfo.OnReplyReceived - 1 total (0 active), Execution time: mean = 0.02ms, total = 0.02ms, Queueing time: mean = 0.01ms, max = 0.01ms, min = 0.01ms, total = 0.01ms
	ray::rpc::NodeInfoGcsService.grpc_client.GetAllNodeAddressAndLiveness.OnReplyReceived - 1 total (0 active), Execution time: mean = 0.07ms, total = 0.07ms, Queueing time: mean = 0.01ms, max = 0.01ms, min = 0.01ms, total = 0.01ms
	ray::rpc::InternalPubSubGcsService.grpc_client.GcsSubscriberCommandBatch - 1 total (0 active), Execution time: mean = 1.14ms, total = 1.14ms, Queueing time: mean = 0.00ms, max = -0.00ms, min = 9223372036854.78ms, total = 0.00ms
	ray::rpc::InternalPubSubGcsService.grpc_client.GcsSubscriberPoll.OnReplyReceived - 1 total (0 active), Execution time: mean = 0.71ms, total = 0.71ms, Queueing time: mean = 0.06ms, max = 0.06ms, min = 0.06ms, total = 0.06ms
	ray::rpc::NodeInfoGcsService.grpc_client.GetAllNodeAddressAndLiveness - 1 total (0 active), Execution time: mean = 0.50ms, total = 0.50ms, Queueing time: mean = 0.00ms, max = -0.00ms, min = 9223372036854.78ms, total = 0.00ms

-----------------
Task execution event stats:

Global stats: 59710 total (1 active)
Queueing time: mean = 0.04ms, max = 11.87ms, min = -1.20ms, total = 2316.01ms
Execution time:  mean = 0.02ms, total = 895.90ms
Event stats:
	CoreWorker.CheckSignal - 59709 total (1 active), Execution time: mean = 0.02ms, total = 895.88ms, Queueing time: mean = 0.04ms, max = 11.87ms, min = -1.20ms, total = 2316.01ms
	PeriodicalRunner.RunFnPeriodically - 1 total (0 active), Execution time: mean = 0.02ms, total = 0.02ms, Queueing time: mean = 0.00ms, max = 0.00ms, min = 0.00ms, total = 0.00ms

-----------------
Task Event stats:

IO Service Stats:

Global stats: 1801 total (1 active)
Queueing time: mean = 0.03ms, max = 0.17ms, min = 0.01ms, total = 51.43ms
Execution time:  mean = 0.35ms, total = 638.09ms
Event stats:
	CoreWorker.deadline_timer.flush_task_events - 600 total (1 active), Execution time: mean = 0.23ms, total = 138.71ms, Queueing time: mean = 0.05ms, max = 0.12ms, min = 0.02ms, total = 29.94ms
	ray::rpc::TaskInfoGcsService.grpc_client.AddTaskEventData.OnReplyReceived - 600 total (0 active), Execution time: mean = 0.04ms, total = 23.96ms, Queueing time: mean = 0.04ms, max = 0.08ms, min = 0.01ms, total = 21.33ms
	ray::rpc::TaskInfoGcsService.grpc_client.AddTaskEventData - 600 total (0 active), Execution time: mean = 0.79ms, total = 475.13ms, Queueing time: mean = 0.00ms, max = -0.00ms, min = 9223372036854.78ms, total = 0.00ms
	PeriodicalRunner.RunFnPeriodically - 1 total (0 active), Execution time: mean = 0.30ms, total = 0.30ms, Queueing time: mean = 0.17ms, max = 0.17ms, min = 0.17ms, total = 0.17ms
Other Stats:
	gcs_grpc_in_progress:0
	event_aggregator_grpc_in_progress:0
	current number of task status events in buffer: 0
	current number of profile events in buffer: 0
	current number of dropped task attempts tracked: 0
	total task events sent: 0 MiB
	total number of task attempts sent: 0
	total number of task attempts dropped reported: 0
	total number of sent failure: 0
	num status task events dropped: 0
	num profile task events dropped: 0
	num ray task events reported to aggregator: 0
	num ray task events failed to report to aggregator: 0
	num of task attempts dropped reported to aggregator: 0
	num of failed requests to aggregator: 0

[2026-02-11 11:28:04,980 I 2323983 2324492] core_worker.cc:455: Event stats:


Global stats: 9559 total (8 active)
Queueing time: mean = 0.25ms, max = 1000.02ms, min = 0.01ms, total = 2375.49ms
Execution time:  mean = 62.38ms, total = 596289.40ms
Event stats:
	CoreWorker.RecoverObjects - 6597 total (1 active), Execution time: mean = 0.01ms, total = 60.13ms, Queueing time: mean = 0.04ms, max = 0.14ms, min = 0.01ms, total = 278.71ms
	NodeManagerService.grpc_client.ReportWorkerBacklog - 660 total (0 active), Execution time: mean = 0.82ms, total = 541.31ms, Queueing time: mean = 0.00ms, max = -0.00ms, min = 9223372036854.78ms, total = 0.00ms
	CoreWorker.InternalHeartbeat - 660 total (1 active), Execution time: mean = 0.21ms, total = 135.31ms, Queueing time: mean = 0.04ms, max = 0.10ms, min = 0.01ms, total = 27.64ms
	NodeManagerService.grpc_client.ReportWorkerBacklog.OnReplyReceived - 660 total (0 active), Execution time: mean = 0.03ms, total = 20.68ms, Queueing time: mean = 0.04ms, max = 0.08ms, min = 0.01ms, total = 23.79ms
	CoreWorker.ExitIfParentRayletDies - 660 total (1 active), Execution time: mean = 0.01ms, total = 7.30ms, Queueing time: mean = 0.04ms, max = 0.08ms, min = 0.01ms, total = 28.49ms
	CoreWorker.RecordMetrics - 132 total (1 active), Execution time: mean = 0.07ms, total = 9.23ms, Queueing time: mean = 0.04ms, max = 0.08ms, min = 0.01ms, total = 5.50ms
	CoreWorker.TryDelPendingObjectRefStreams - 66 total (1 active), Execution time: mean = 0.01ms, total = 0.37ms, Queueing time: mean = 0.11ms, max = 0.63ms, min = 0.02ms, total = 7.19ms
	CoreWorkerService.grpc_server.GetCoreWorkerStats.HandleRequestImpl - 43 total (0 active), Execution time: mean = 0.09ms, total = 4.04ms, Queueing time: mean = 0.03ms, max = 0.06ms, min = 0.02ms, total = 1.31ms
	CoreWorkerService.grpc_server.GetCoreWorkerStats - 43 total (0 active), Execution time: mean = 0.33ms, total = 14.37ms, Queueing time: mean = 0.00ms, max = -0.00ms, min = 9223372036854.78ms, total = 0.00ms
	CoreWorker.PrintEventStats - 11 total (1 active, 1 running), Execution time: mean = 0.65ms, total = 7.12ms, Queueing time: mean = 0.04ms, max = 0.08ms, min = 0.02ms, total = 0.49ms
	PeriodicalRunner.RunFnPeriodically - 7 total (0 active), Execution time: mean = 0.11ms, total = 0.74ms, Queueing time: mean = 0.29ms, max = 0.71ms, min = 0.01ms, total = 2.04ms
	Publisher.CheckDeadSubscribers - 3 total (1 active), Execution time: mean = 0.00ms, total = 0.01ms, Queueing time: mean = 0.02ms, max = 0.04ms, min = 0.02ms, total = 0.05ms
	ReporterService.grpc_client.HealthCheck - 3 total (0 active), Execution time: mean = 0.66ms, total = 1.98ms, Queueing time: mean = 0.00ms, max = -0.00ms, min = 9223372036854.78ms, total = 0.00ms
	ReporterService.grpc_client.HealthCheck.OnReplyReceived - 3 total (0 active), Execution time: mean = 0.13ms, total = 0.40ms, Queueing time: mean = 0.04ms, max = 0.06ms, min = 0.02ms, total = 0.12ms
	MetricsAgentClient.WaitForServerReadyWithRetry - 2 total (0 active), Execution time: mean = 0.16ms, total = 0.32ms, Queueing time: mean = 1000.02ms, max = 1000.02ms, min = 1000.02ms, total = 2000.04ms
	ray::rpc::InternalPubSubGcsService.grpc_client.GcsSubscriberPoll - 2 total (1 active), Execution time: mean = 297741.00ms, total = 595482.01ms, Queueing time: mean = 0.00ms, max = -0.00ms, min = 9223372036854.78ms, total = 0.00ms
	ray::rpc::WorkerInfoGcsService.grpc_client.AddWorkerInfo - 1 total (0 active), Execution time: mean = 1.49ms, total = 1.49ms, Queueing time: mean = 0.00ms, max = -0.00ms, min = 9223372036854.78ms, total = 0.00ms
	ray::rpc::InternalPubSubGcsService.grpc_client.GcsSubscriberCommandBatch.OnReplyReceived - 1 total (0 active), Execution time: mean = 0.15ms, total = 0.15ms, Queueing time: mean = 0.02ms, max = 0.02ms, min = 0.02ms, total = 0.02ms
	ray::rpc::WorkerInfoGcsService.grpc_client.AddWorkerInfo.OnReplyReceived - 1 total (0 active), Execution time: mean = 0.02ms, total = 0.02ms, Queueing time: mean = 0.01ms, max = 0.01ms, min = 0.01ms, total = 0.01ms
	ray::rpc::NodeInfoGcsService.grpc_client.GetAllNodeAddressAndLiveness.OnReplyReceived - 1 total (0 active), Execution time: mean = 0.07ms, total = 0.07ms, Queueing time: mean = 0.01ms, max = 0.01ms, min = 0.01ms, total = 0.01ms
	ray::rpc::InternalPubSubGcsService.grpc_client.GcsSubscriberCommandBatch - 1 total (0 active), Execution time: mean = 1.14ms, total = 1.14ms, Queueing time: mean = 0.00ms, max = -0.00ms, min = 9223372036854.78ms, total = 0.00ms
	ray::rpc::InternalPubSubGcsService.grpc_client.GcsSubscriberPoll.OnReplyReceived - 1 total (0 active), Execution time: mean = 0.71ms, total = 0.71ms, Queueing time: mean = 0.06ms, max = 0.06ms, min = 0.06ms, total = 0.06ms
	ray::rpc::NodeInfoGcsService.grpc_client.GetAllNodeAddressAndLiveness - 1 total (0 active), Execution time: mean = 0.50ms, total = 0.50ms, Queueing time: mean = 0.00ms, max = -0.00ms, min = 9223372036854.78ms, total = 0.00ms

-----------------
Task execution event stats:

Global stats: 65677 total (1 active)
Queueing time: mean = 0.04ms, max = 11.87ms, min = -1.20ms, total = 2587.02ms
Execution time:  mean = 0.02ms, total = 985.39ms
Event stats:
	CoreWorker.CheckSignal - 65676 total (1 active), Execution time: mean = 0.02ms, total = 985.37ms, Queueing time: mean = 0.04ms, max = 11.87ms, min = -1.20ms, total = 2587.02ms
	PeriodicalRunner.RunFnPeriodically - 1 total (0 active), Execution time: mean = 0.02ms, total = 0.02ms, Queueing time: mean = 0.00ms, max = 0.00ms, min = 0.00ms, total = 0.00ms

-----------------
Task Event stats:

IO Service Stats:

Global stats: 1981 total (1 active)
Queueing time: mean = 0.03ms, max = 0.17ms, min = 0.01ms, total = 56.46ms
Execution time:  mean = 0.35ms, total = 700.59ms
Event stats:
	CoreWorker.deadline_timer.flush_task_events - 660 total (1 active), Execution time: mean = 0.23ms, total = 152.12ms, Queueing time: mean = 0.05ms, max = 0.12ms, min = 0.02ms, total = 32.79ms
	ray::rpc::TaskInfoGcsService.grpc_client.AddTaskEventData.OnReplyReceived - 660 total (0 active), Execution time: mean = 0.04ms, total = 26.36ms, Queueing time: mean = 0.04ms, max = 0.08ms, min = 0.01ms, total = 23.50ms
	ray::rpc::TaskInfoGcsService.grpc_client.AddTaskEventData - 660 total (0 active), Execution time: mean = 0.79ms, total = 521.82ms, Queueing time: mean = 0.00ms, max = -0.00ms, min = 9223372036854.78ms, total = 0.00ms
	PeriodicalRunner.RunFnPeriodically - 1 total (0 active), Execution time: mean = 0.30ms, total = 0.30ms, Queueing time: mean = 0.17ms, max = 0.17ms, min = 0.17ms, total = 0.17ms
Other Stats:
	gcs_grpc_in_progress:0
	event_aggregator_grpc_in_progress:0
	current number of task status events in buffer: 0
	current number of profile events in buffer: 0
	current number of dropped task attempts tracked: 0
	total task events sent: 0 MiB
	total number of task attempts sent: 0
	total number of task attempts dropped reported: 0
	total number of sent failure: 0
	num status task events dropped: 0
	num profile task events dropped: 0
	num ray task events reported to aggregator: 0
	num ray task events failed to report to aggregator: 0
	num of task attempts dropped reported to aggregator: 0
	num of failed requests to aggregator: 0

[2026-02-11 11:29:04,981 I 2323983 2324492] core_worker.cc:455: Event stats:


Global stats: 10426 total (8 active)
Queueing time: mean = 0.23ms, max = 1000.02ms, min = 0.01ms, total = 2411.58ms
Execution time:  mean = 57.20ms, total = 596362.27ms
Event stats:
	CoreWorker.RecoverObjects - 7197 total (1 active), Execution time: mean = 0.01ms, total = 65.62ms, Queueing time: mean = 0.04ms, max = 0.14ms, min = 0.01ms, total = 305.63ms
	NodeManagerService.grpc_client.ReportWorkerBacklog - 720 total (0 active), Execution time: mean = 0.82ms, total = 590.43ms, Queueing time: mean = 0.00ms, max = -0.00ms, min = 9223372036854.78ms, total = 0.00ms
	CoreWorker.InternalHeartbeat - 720 total (1 active), Execution time: mean = 0.21ms, total = 147.67ms, Queueing time: mean = 0.04ms, max = 0.10ms, min = 0.01ms, total = 30.37ms
	NodeManagerService.grpc_client.ReportWorkerBacklog.OnReplyReceived - 720 total (0 active), Execution time: mean = 0.03ms, total = 22.61ms, Queueing time: mean = 0.04ms, max = 0.08ms, min = 0.01ms, total = 26.10ms
	CoreWorker.ExitIfParentRayletDies - 720 total (1 active), Execution time: mean = 0.01ms, total = 7.97ms, Queueing time: mean = 0.04ms, max = 0.09ms, min = 0.01ms, total = 31.33ms
	CoreWorker.RecordMetrics - 144 total (1 active), Execution time: mean = 0.07ms, total = 10.04ms, Queueing time: mean = 0.04ms, max = 0.08ms, min = 0.01ms, total = 5.98ms
	CoreWorker.TryDelPendingObjectRefStreams - 72 total (1 active), Execution time: mean = 0.01ms, total = 0.41ms, Queueing time: mean = 0.11ms, max = 0.63ms, min = 0.02ms, total = 7.86ms
	CoreWorkerService.grpc_server.GetCoreWorkerStats.HandleRequestImpl - 47 total (0 active), Execution time: mean = 0.09ms, total = 4.36ms, Queueing time: mean = 0.03ms, max = 0.06ms, min = 0.02ms, total = 1.43ms
	CoreWorkerService.grpc_server.GetCoreWorkerStats - 47 total (0 active), Execution time: mean = 0.34ms, total = 15.76ms, Queueing time: mean = 0.00ms, max = -0.00ms, min = 9223372036854.78ms, total = 0.00ms
	CoreWorker.PrintEventStats - 12 total (1 active, 1 running), Execution time: mean = 0.65ms, total = 7.86ms, Queueing time: mean = 0.04ms, max = 0.08ms, min = 0.02ms, total = 0.52ms
	PeriodicalRunner.RunFnPeriodically - 7 total (0 active), Execution time: mean = 0.11ms, total = 0.74ms, Queueing time: mean = 0.29ms, max = 0.71ms, min = 0.01ms, total = 2.04ms
	Publisher.CheckDeadSubscribers - 3 total (1 active), Execution time: mean = 0.00ms, total = 0.01ms, Queueing time: mean = 0.02ms, max = 0.04ms, min = 0.02ms, total = 0.05ms
	ReporterService.grpc_client.HealthCheck - 3 total (0 active), Execution time: mean = 0.66ms, total = 1.98ms, Queueing time: mean = 0.00ms, max = -0.00ms, min = 9223372036854.78ms, total = 0.00ms
	ReporterService.grpc_client.HealthCheck.OnReplyReceived - 3 total (0 active), Execution time: mean = 0.13ms, total = 0.40ms, Queueing time: mean = 0.04ms, max = 0.06ms, min = 0.02ms, total = 0.12ms
	MetricsAgentClient.WaitForServerReadyWithRetry - 2 total (0 active), Execution time: mean = 0.16ms, total = 0.32ms, Queueing time: mean = 1000.02ms, max = 1000.02ms, min = 1000.02ms, total = 2000.04ms
	ray::rpc::InternalPubSubGcsService.grpc_client.GcsSubscriberPoll - 2 total (1 active), Execution time: mean = 297741.00ms, total = 595482.01ms, Queueing time: mean = 0.00ms, max = -0.00ms, min = 9223372036854.78ms, total = 0.00ms
	ray::rpc::WorkerInfoGcsService.grpc_client.AddWorkerInfo - 1 total (0 active), Execution time: mean = 1.49ms, total = 1.49ms, Queueing time: mean = 0.00ms, max = -0.00ms, min = 9223372036854.78ms, total = 0.00ms
	ray::rpc::InternalPubSubGcsService.grpc_client.GcsSubscriberCommandBatch.OnReplyReceived - 1 total (0 active), Execution time: mean = 0.15ms, total = 0.15ms, Queueing time: mean = 0.02ms, max = 0.02ms, min = 0.02ms, total = 0.02ms
	ray::rpc::WorkerInfoGcsService.grpc_client.AddWorkerInfo.OnReplyReceived - 1 total (0 active), Execution time: mean = 0.02ms, total = 0.02ms, Queueing time: mean = 0.01ms, max = 0.01ms, min = 0.01ms, total = 0.01ms
	ray::rpc::NodeInfoGcsService.grpc_client.GetAllNodeAddressAndLiveness.OnReplyReceived - 1 total (0 active), Execution time: mean = 0.07ms, total = 0.07ms, Queueing time: mean = 0.01ms, max = 0.01ms, min = 0.01ms, total = 0.01ms
	ray::rpc::InternalPubSubGcsService.grpc_client.GcsSubscriberCommandBatch - 1 total (0 active), Execution time: mean = 1.14ms, total = 1.14ms, Queueing time: mean = 0.00ms, max = -0.00ms, min = 9223372036854.78ms, total = 0.00ms
	ray::rpc::InternalPubSubGcsService.grpc_client.GcsSubscriberPoll.OnReplyReceived - 1 total (0 active), Execution time: mean = 0.71ms, total = 0.71ms, Queueing time: mean = 0.06ms, max = 0.06ms, min = 0.06ms, total = 0.06ms
	ray::rpc::NodeInfoGcsService.grpc_client.GetAllNodeAddressAndLiveness - 1 total (0 active), Execution time: mean = 0.50ms, total = 0.50ms, Queueing time: mean = 0.00ms, max = -0.00ms, min = 9223372036854.78ms, total = 0.00ms

-----------------
Task execution event stats:

Global stats: 71645 total (1 active)
Queueing time: mean = 0.04ms, max = 11.87ms, min = -1.20ms, total = 2853.75ms
Execution time:  mean = 0.01ms, total = 1072.23ms
Event stats:
	CoreWorker.CheckSignal - 71644 total (1 active), Execution time: mean = 0.01ms, total = 1072.21ms, Queueing time: mean = 0.04ms, max = 11.87ms, min = -1.20ms, total = 2853.75ms
	PeriodicalRunner.RunFnPeriodically - 1 total (0 active), Execution time: mean = 0.02ms, total = 0.02ms, Queueing time: mean = 0.00ms, max = 0.00ms, min = 0.00ms, total = 0.00ms

-----------------
Task Event stats:

IO Service Stats:

Global stats: 2161 total (1 active)
Queueing time: mean = 0.03ms, max = 0.17ms, min = 0.01ms, total = 61.03ms
Execution time:  mean = 0.35ms, total = 761.74ms
Event stats:
	CoreWorker.deadline_timer.flush_task_events - 720 total (1 active), Execution time: mean = 0.23ms, total = 165.53ms, Queueing time: mean = 0.05ms, max = 0.12ms, min = 0.02ms, total = 35.61ms
	ray::rpc::TaskInfoGcsService.grpc_client.AddTaskEventData.OnReplyReceived - 720 total (0 active), Execution time: mean = 0.04ms, total = 28.62ms, Queueing time: mean = 0.04ms, max = 0.08ms, min = 0.01ms, total = 25.25ms
	ray::rpc::TaskInfoGcsService.grpc_client.AddTaskEventData - 720 total (0 active), Execution time: mean = 0.79ms, total = 567.29ms, Queueing time: mean = 0.00ms, max = -0.00ms, min = 9223372036854.78ms, total = 0.00ms
	PeriodicalRunner.RunFnPeriodically - 1 total (0 active), Execution time: mean = 0.30ms, total = 0.30ms, Queueing time: mean = 0.17ms, max = 0.17ms, min = 0.17ms, total = 0.17ms
Other Stats:
	gcs_grpc_in_progress:0
	event_aggregator_grpc_in_progress:0
	current number of task status events in buffer: 0
	current number of profile events in buffer: 0
	current number of dropped task attempts tracked: 0
	total task events sent: 0 MiB
	total number of task attempts sent: 0
	total number of task attempts dropped reported: 0
	total number of sent failure: 0
	num status task events dropped: 0
	num profile task events dropped: 0
	num ray task events reported to aggregator: 0
	num ray task events failed to report to aggregator: 0
	num of task attempts dropped reported to aggregator: 0
	num of failed requests to aggregator: 0

