[2026-02-14 22:21:44,453 I 3161732 3161732] core_worker_process.cc:777: Constructing CoreWorkerProcess. pid: 3161732
[2026-02-14 22:21:44,455 I 3161732 3161732] event.cc:499: Ray Event initialized for CORE_WORKER
[2026-02-14 22:21:44,455 I 3161732 3161732] event.cc:499: Ray Event initialized for EXPORT_TASK
[2026-02-14 22:21:44,455 I 3161732 3161732] event.cc:332: Set ray event level to warning
[2026-02-14 22:21:44,455 I 3161732 3161732] event_aggregator_client.h:50: Initiating the local event aggregator client with port: 53393
[2026-02-14 22:21:44,457 I 3161732 3161732] grpc_server.cc:143: worker server started, listening on port 45585.
[2026-02-14 22:21:44,466 I 3161732 3161732] core_worker_process.cc:262: Initializing worker at address: 172.28.6.3:45585 worker_id=4afe689aeb80bad9e527c45eacadc3fbcf704d4c9ec4d0ade8c9caac node_id=2c2edfc19d000e26177a4a2292ddce800b84dbfca5e99610037fc462
[2026-02-14 22:21:44,467 I 3161732 3161732] task_event_buffer.cc:480: Reporting task events to GCS every 1000ms.
[2026-02-14 22:21:44,468 I 3161732 3161732] core_worker.cc:515: Adjusted worker niceness to 15
[2026-02-14 22:21:44,468 I 3161732 3161732] metrics_agent_client.cc:45: Initializing exporter ...
[2026-02-14 22:21:44,468 I 3161732 3164246] core_worker.cc:455: Event stats:


Global stats: 12 total (10 active)
Queueing time: mean = 0.00ms, max = 0.03ms, min = 0.01ms, total = 0.05ms
Execution time:  mean = 0.00ms, total = 0.03ms
Event stats:
	PeriodicalRunner.RunFnPeriodically - 7 total (5 active, 1 running), Execution time: mean = 0.00ms, total = 0.03ms, Queueing time: mean = 0.01ms, max = 0.03ms, min = 0.01ms, total = 0.05ms
	ray::rpc::InternalPubSubGcsService.grpc_client.GcsSubscriberCommandBatch - 1 total (1 active), Execution time: mean = 0.00ms, total = 0.00ms, Queueing time: mean = 0.00ms, max = -0.00ms, min = 9223372036854.78ms, total = 0.00ms
	Publisher.CheckDeadSubscribers - 1 total (1 active), Execution time: mean = 0.00ms, total = 0.00ms, Queueing time: mean = 0.00ms, max = -0.00ms, min = 9223372036854.78ms, total = 0.00ms
	ray::rpc::InternalPubSubGcsService.grpc_client.GcsSubscriberPoll - 1 total (1 active), Execution time: mean = 0.00ms, total = 0.00ms, Queueing time: mean = 0.00ms, max = -0.00ms, min = 9223372036854.78ms, total = 0.00ms
	CoreWorker.ExitIfParentRayletDies - 1 total (1 active), Execution time: mean = 0.00ms, total = 0.00ms, Queueing time: mean = 0.00ms, max = -0.00ms, min = 9223372036854.78ms, total = 0.00ms
	ray::rpc::WorkerInfoGcsService.grpc_client.AddWorkerInfo - 1 total (1 active), Execution time: mean = 0.00ms, total = 0.00ms, Queueing time: mean = 0.00ms, max = -0.00ms, min = 9223372036854.78ms, total = 0.00ms

-----------------
Task execution event stats:

Global stats: 0 total (0 active)
Queueing time: mean = -nanms, max = -0.00ms, min = 9223372036854.78ms, total = 0.00ms
Execution time:  mean = -nanms, total = 0.00ms
Event stats:

-----------------
Task Event stats:

IO Service Stats:

Global stats: 4 total (1 active)
Queueing time: mean = 0.01ms, max = 0.01ms, min = 0.01ms, total = 0.02ms
Execution time:  mean = 0.14ms, total = 0.55ms
Event stats:
	CoreWorker.deadline_timer.flush_task_events - 1 total (1 active), Execution time: mean = 0.00ms, total = 0.00ms, Queueing time: mean = 0.00ms, max = -0.00ms, min = 9223372036854.78ms, total = 0.00ms
	ray::rpc::TaskInfoGcsService.grpc_client.AddTaskEventData - 1 total (0 active), Execution time: mean = 0.38ms, total = 0.38ms, Queueing time: mean = 0.00ms, max = -0.00ms, min = 9223372036854.78ms, total = 0.00ms
	PeriodicalRunner.RunFnPeriodically - 1 total (0 active), Execution time: mean = 0.16ms, total = 0.16ms, Queueing time: mean = 0.01ms, max = 0.01ms, min = 0.01ms, total = 0.01ms
	ray::rpc::TaskInfoGcsService.grpc_client.AddTaskEventData.OnReplyReceived - 1 total (0 active), Execution time: mean = 0.02ms, total = 0.02ms, Queueing time: mean = 0.01ms, max = 0.01ms, min = 0.01ms, total = 0.01ms
Other Stats:
	gcs_grpc_in_progress:0
	event_aggregator_grpc_in_progress:0
	current number of task status events in buffer: 0
	current number of profile events in buffer: 0
	current number of dropped task attempts tracked: 0
	total task events sent: 0 MiB
	total number of task attempts sent: 0
	total number of task attempts dropped reported: 0
	total number of sent failure: 0
	num status task events dropped: 0
	num profile task events dropped: 0
	num ray task events reported to aggregator: 0
	num ray task events failed to report to aggregator: 0
	num of task attempts dropped reported to aggregator: 0
	num of failed requests to aggregator: 0

[2026-02-14 22:21:44,469 I 3161732 3164246] accessor.cc:433: Received address and liveness notification for node, IsAlive = 1 node_id=2c2edfc19d000e26177a4a2292ddce800b84dbfca5e99610037fc462
[2026-02-14 22:21:44,469 I 3161732 3164246] normal_task_submitter.cc:840: Number of alive nodes:1
[2026-02-14 22:21:46,470 I 3161732 3164246] metrics_agent_client.cc:59: Exporter initialized.
[2026-02-14 22:22:44,469 I 3161732 3164246] core_worker.cc:455: Event stats:


Global stats: 890 total (8 active)
Queueing time: mean = 2.30ms, max = 1000.08ms, min = 0.01ms, total = 2048.18ms
Execution time:  mean = 0.08ms, total = 70.97ms
Event stats:
	CoreWorker.RecoverObjects - 600 total (1 active), Execution time: mean = 0.01ms, total = 5.53ms, Queueing time: mean = 0.06ms, max = 0.10ms, min = 0.02ms, total = 36.41ms
	CoreWorker.ExitIfParentRayletDies - 60 total (1 active), Execution time: mean = 0.01ms, total = 0.64ms, Queueing time: mean = 0.06ms, max = 0.10ms, min = 0.01ms, total = 3.32ms
	CoreWorker.InternalHeartbeat - 60 total (1 active), Execution time: mean = 0.18ms, total = 11.09ms, Queueing time: mean = 0.05ms, max = 0.10ms, min = 0.02ms, total = 2.89ms
	NodeManagerService.grpc_client.ReportWorkerBacklog.OnReplyReceived - 60 total (0 active), Execution time: mean = 0.02ms, total = 1.46ms, Queueing time: mean = 0.03ms, max = 0.06ms, min = 0.01ms, total = 1.99ms
	NodeManagerService.grpc_client.ReportWorkerBacklog - 60 total (0 active), Execution time: mean = 0.75ms, total = 45.07ms, Queueing time: mean = 0.00ms, max = -0.00ms, min = 9223372036854.78ms, total = 0.00ms
	CoreWorker.RecordMetrics - 12 total (1 active), Execution time: mean = 0.06ms, total = 0.67ms, Queueing time: mean = 0.03ms, max = 0.07ms, min = 0.02ms, total = 0.37ms
	PeriodicalRunner.RunFnPeriodically - 7 total (0 active), Execution time: mean = 0.08ms, total = 0.54ms, Queueing time: mean = 0.23ms, max = 0.53ms, min = 0.01ms, total = 1.59ms
	CoreWorker.TryDelPendingObjectRefStreams - 6 total (1 active), Execution time: mean = 0.00ms, total = 0.03ms, Queueing time: mean = 0.05ms, max = 0.08ms, min = 0.02ms, total = 0.31ms
	CoreWorkerService.grpc_server.GetCoreWorkerStats - 4 total (0 active), Execution time: mean = 0.40ms, total = 1.61ms, Queueing time: mean = 0.00ms, max = -0.00ms, min = 9223372036854.78ms, total = 0.00ms
	CoreWorkerService.grpc_server.GetCoreWorkerStats.HandleRequestImpl - 4 total (0 active), Execution time: mean = 0.13ms, total = 0.52ms, Queueing time: mean = 0.04ms, max = 0.07ms, min = 0.02ms, total = 0.16ms
	ReporterService.grpc_client.HealthCheck - 3 total (0 active), Execution time: mean = 0.57ms, total = 1.70ms, Queueing time: mean = 0.00ms, max = -0.00ms, min = 9223372036854.78ms, total = 0.00ms
	ReporterService.grpc_client.HealthCheck.OnReplyReceived - 3 total (0 active), Execution time: mean = 0.14ms, total = 0.42ms, Queueing time: mean = 0.06ms, max = 0.10ms, min = 0.01ms, total = 0.17ms
	MetricsAgentClient.WaitForServerReadyWithRetry - 2 total (0 active), Execution time: mean = 0.16ms, total = 0.32ms, Queueing time: mean = 1000.05ms, max = 1000.08ms, min = 1000.02ms, total = 2000.10ms
	ray::rpc::InternalPubSubGcsService.grpc_client.GcsSubscriberCommandBatch.OnReplyReceived - 1 total (0 active), Execution time: mean = 0.10ms, total = 0.10ms, Queueing time: mean = 0.39ms, max = 0.39ms, min = 0.39ms, total = 0.39ms
	ray::rpc::InternalPubSubGcsService.grpc_client.GcsSubscriberCommandBatch - 1 total (0 active), Execution time: mean = 0.40ms, total = 0.40ms, Queueing time: mean = 0.00ms, max = -0.00ms, min = 9223372036854.78ms, total = 0.00ms
	ray::rpc::WorkerInfoGcsService.grpc_client.AddWorkerInfo.OnReplyReceived - 1 total (0 active), Execution time: mean = 0.02ms, total = 0.02ms, Queueing time: mean = 0.47ms, max = 0.47ms, min = 0.47ms, total = 0.47ms
	ray::rpc::InternalPubSubGcsService.grpc_client.GcsSubscriberPoll - 1 total (1 active), Execution time: mean = 0.00ms, total = 0.00ms, Queueing time: mean = 0.00ms, max = -0.00ms, min = 9223372036854.78ms, total = 0.00ms
	ray::rpc::WorkerInfoGcsService.grpc_client.AddWorkerInfo - 1 total (0 active), Execution time: mean = 0.47ms, total = 0.47ms, Queueing time: mean = 0.00ms, max = -0.00ms, min = 9223372036854.78ms, total = 0.00ms
	ray::rpc::NodeInfoGcsService.grpc_client.GetAllNodeAddressAndLiveness.OnReplyReceived - 1 total (0 active), Execution time: mean = 0.04ms, total = 0.04ms, Queueing time: mean = 0.01ms, max = 0.01ms, min = 0.01ms, total = 0.01ms
	ray::rpc::NodeInfoGcsService.grpc_client.GetAllNodeAddressAndLiveness - 1 total (0 active), Execution time: mean = 0.35ms, total = 0.35ms, Queueing time: mean = 0.00ms, max = -0.00ms, min = 9223372036854.78ms, total = 0.00ms
	Publisher.CheckDeadSubscribers - 1 total (1 active), Execution time: mean = 0.00ms, total = 0.00ms, Queueing time: mean = 0.00ms, max = -0.00ms, min = 9223372036854.78ms, total = 0.00ms
	CoreWorker.PrintEventStats - 1 total (1 active, 1 running), Execution time: mean = 0.00ms, total = 0.00ms, Queueing time: mean = 0.00ms, max = -0.00ms, min = 9223372036854.78ms, total = 0.00ms

-----------------
Task execution event stats:

Global stats: 5963 total (1 active)
Queueing time: mean = 0.06ms, max = 0.13ms, min = 0.00ms, total = 330.51ms
Execution time:  mean = 0.01ms, total = 86.90ms
Event stats:
	CoreWorker.CheckSignal - 5962 total (1 active), Execution time: mean = 0.01ms, total = 86.89ms, Queueing time: mean = 0.06ms, max = 0.13ms, min = 0.00ms, total = 330.50ms
	PeriodicalRunner.RunFnPeriodically - 1 total (0 active), Execution time: mean = 0.01ms, total = 0.01ms, Queueing time: mean = 0.00ms, max = 0.00ms, min = 0.00ms, total = 0.00ms

-----------------
Task Event stats:

IO Service Stats:

Global stats: 181 total (1 active)
Queueing time: mean = 0.03ms, max = 0.12ms, min = 0.01ms, total = 5.41ms
Execution time:  mean = 0.33ms, total = 60.45ms
Event stats:
	CoreWorker.deadline_timer.flush_task_events - 60 total (1 active), Execution time: mean = 0.22ms, total = 13.24ms, Queueing time: mean = 0.05ms, max = 0.12ms, min = 0.02ms, total = 3.17ms
	ray::rpc::TaskInfoGcsService.grpc_client.AddTaskEventData - 60 total (0 active), Execution time: mean = 0.75ms, total = 45.03ms, Queueing time: mean = 0.00ms, max = -0.00ms, min = 9223372036854.78ms, total = 0.00ms
	ray::rpc::TaskInfoGcsService.grpc_client.AddTaskEventData.OnReplyReceived - 60 total (0 active), Execution time: mean = 0.03ms, total = 2.02ms, Queueing time: mean = 0.04ms, max = 0.07ms, min = 0.01ms, total = 2.24ms
	PeriodicalRunner.RunFnPeriodically - 1 total (0 active), Execution time: mean = 0.16ms, total = 0.16ms, Queueing time: mean = 0.01ms, max = 0.01ms, min = 0.01ms, total = 0.01ms
Other Stats:
	gcs_grpc_in_progress:0
	event_aggregator_grpc_in_progress:0
	current number of task status events in buffer: 0
	current number of profile events in buffer: 0
	current number of dropped task attempts tracked: 0
	total task events sent: 0 MiB
	total number of task attempts sent: 0
	total number of task attempts dropped reported: 0
	total number of sent failure: 0
	num status task events dropped: 0
	num profile task events dropped: 0
	num ray task events reported to aggregator: 0
	num ray task events failed to report to aggregator: 0
	num of task attempts dropped reported to aggregator: 0
	num of failed requests to aggregator: 0

[2026-02-14 22:23:44,469 I 3161732 3164246] core_worker.cc:455: Event stats:


Global stats: 1757 total (8 active)
Queueing time: mean = 1.19ms, max = 1000.08ms, min = 0.01ms, total = 2093.52ms
Execution time:  mean = 0.08ms, total = 140.16ms
Event stats:
	CoreWorker.RecoverObjects - 1200 total (1 active), Execution time: mean = 0.01ms, total = 10.88ms, Queueing time: mean = 0.06ms, max = 0.13ms, min = 0.01ms, total = 71.22ms
	CoreWorker.ExitIfParentRayletDies - 120 total (1 active), Execution time: mean = 0.01ms, total = 1.32ms, Queueing time: mean = 0.06ms, max = 0.10ms, min = 0.01ms, total = 6.68ms
	CoreWorker.InternalHeartbeat - 120 total (1 active), Execution time: mean = 0.19ms, total = 22.25ms, Queueing time: mean = 0.05ms, max = 0.10ms, min = 0.01ms, total = 5.94ms
	NodeManagerService.grpc_client.ReportWorkerBacklog.OnReplyReceived - 120 total (0 active), Execution time: mean = 0.03ms, total = 3.03ms, Queueing time: mean = 0.04ms, max = 0.07ms, min = 0.01ms, total = 4.75ms
	NodeManagerService.grpc_client.ReportWorkerBacklog - 120 total (0 active), Execution time: mean = 0.77ms, total = 92.39ms, Queueing time: mean = 0.00ms, max = -0.00ms, min = 9223372036854.78ms, total = 0.00ms
	CoreWorker.RecordMetrics - 24 total (1 active), Execution time: mean = 0.06ms, total = 1.42ms, Queueing time: mean = 0.04ms, max = 0.09ms, min = 0.02ms, total = 1.02ms
	CoreWorker.TryDelPendingObjectRefStreams - 12 total (1 active), Execution time: mean = 0.00ms, total = 0.06ms, Queueing time: mean = 0.06ms, max = 0.13ms, min = 0.02ms, total = 0.72ms
	CoreWorkerService.grpc_server.GetCoreWorkerStats - 8 total (0 active), Execution time: mean = 0.37ms, total = 2.94ms, Queueing time: mean = 0.00ms, max = -0.00ms, min = 9223372036854.78ms, total = 0.00ms
	CoreWorkerService.grpc_server.GetCoreWorkerStats.HandleRequestImpl - 8 total (0 active), Execution time: mean = 0.10ms, total = 0.84ms, Queueing time: mean = 0.05ms, max = 0.07ms, min = 0.02ms, total = 0.40ms
	PeriodicalRunner.RunFnPeriodically - 7 total (0 active), Execution time: mean = 0.08ms, total = 0.54ms, Queueing time: mean = 0.23ms, max = 0.53ms, min = 0.01ms, total = 1.59ms
	ReporterService.grpc_client.HealthCheck - 3 total (0 active), Execution time: mean = 0.57ms, total = 1.70ms, Queueing time: mean = 0.00ms, max = -0.00ms, min = 9223372036854.78ms, total = 0.00ms
	ReporterService.grpc_client.HealthCheck.OnReplyReceived - 3 total (0 active), Execution time: mean = 0.14ms, total = 0.42ms, Queueing time: mean = 0.06ms, max = 0.10ms, min = 0.01ms, total = 0.17ms
	MetricsAgentClient.WaitForServerReadyWithRetry - 2 total (0 active), Execution time: mean = 0.16ms, total = 0.32ms, Queueing time: mean = 1000.05ms, max = 1000.08ms, min = 1000.02ms, total = 2000.10ms
	CoreWorker.PrintEventStats - 2 total (1 active, 1 running), Execution time: mean = 0.33ms, total = 0.66ms, Queueing time: mean = 0.04ms, max = 0.08ms, min = 0.08ms, total = 0.08ms
	ray::rpc::InternalPubSubGcsService.grpc_client.GcsSubscriberCommandBatch.OnReplyReceived - 1 total (0 active), Execution time: mean = 0.10ms, total = 0.10ms, Queueing time: mean = 0.39ms, max = 0.39ms, min = 0.39ms, total = 0.39ms
	ray::rpc::InternalPubSubGcsService.grpc_client.GcsSubscriberCommandBatch - 1 total (0 active), Execution time: mean = 0.40ms, total = 0.40ms, Queueing time: mean = 0.00ms, max = -0.00ms, min = 9223372036854.78ms, total = 0.00ms
	ray::rpc::WorkerInfoGcsService.grpc_client.AddWorkerInfo.OnReplyReceived - 1 total (0 active), Execution time: mean = 0.02ms, total = 0.02ms, Queueing time: mean = 0.47ms, max = 0.47ms, min = 0.47ms, total = 0.47ms
	ray::rpc::InternalPubSubGcsService.grpc_client.GcsSubscriberPoll - 1 total (1 active), Execution time: mean = 0.00ms, total = 0.00ms, Queueing time: mean = 0.00ms, max = -0.00ms, min = 9223372036854.78ms, total = 0.00ms
	ray::rpc::WorkerInfoGcsService.grpc_client.AddWorkerInfo - 1 total (0 active), Execution time: mean = 0.47ms, total = 0.47ms, Queueing time: mean = 0.00ms, max = -0.00ms, min = 9223372036854.78ms, total = 0.00ms
	ray::rpc::NodeInfoGcsService.grpc_client.GetAllNodeAddressAndLiveness.OnReplyReceived - 1 total (0 active), Execution time: mean = 0.04ms, total = 0.04ms, Queueing time: mean = 0.01ms, max = 0.01ms, min = 0.01ms, total = 0.01ms
	ray::rpc::NodeInfoGcsService.grpc_client.GetAllNodeAddressAndLiveness - 1 total (0 active), Execution time: mean = 0.35ms, total = 0.35ms, Queueing time: mean = 0.00ms, max = -0.00ms, min = 9223372036854.78ms, total = 0.00ms
	Publisher.CheckDeadSubscribers - 1 total (1 active), Execution time: mean = 0.00ms, total = 0.00ms, Queueing time: mean = 0.00ms, max = -0.00ms, min = 9223372036854.78ms, total = 0.00ms

-----------------
Task execution event stats:

Global stats: 11928 total (1 active)
Queueing time: mean = 0.05ms, max = 1.12ms, min = -0.01ms, total = 624.82ms
Execution time:  mean = 0.01ms, total = 174.75ms
Event stats:
	CoreWorker.CheckSignal - 11927 total (1 active), Execution time: mean = 0.01ms, total = 174.74ms, Queueing time: mean = 0.05ms, max = 1.12ms, min = -0.01ms, total = 624.82ms
	PeriodicalRunner.RunFnPeriodically - 1 total (0 active), Execution time: mean = 0.01ms, total = 0.01ms, Queueing time: mean = 0.00ms, max = 0.00ms, min = 0.00ms, total = 0.00ms

-----------------
Task Event stats:

IO Service Stats:

Global stats: 361 total (1 active)
Queueing time: mean = 0.03ms, max = 0.13ms, min = 0.01ms, total = 11.78ms
Execution time:  mean = 0.33ms, total = 120.49ms
Event stats:
	CoreWorker.deadline_timer.flush_task_events - 120 total (1 active), Execution time: mean = 0.22ms, total = 26.17ms, Queueing time: mean = 0.06ms, max = 0.13ms, min = 0.02ms, total = 6.61ms
	ray::rpc::TaskInfoGcsService.grpc_client.AddTaskEventData - 120 total (0 active), Execution time: mean = 0.75ms, total = 90.08ms, Queueing time: mean = 0.00ms, max = -0.00ms, min = 9223372036854.78ms, total = 0.00ms
	ray::rpc::TaskInfoGcsService.grpc_client.AddTaskEventData.OnReplyReceived - 120 total (0 active), Execution time: mean = 0.03ms, total = 4.08ms, Queueing time: mean = 0.04ms, max = 0.07ms, min = 0.01ms, total = 5.16ms
	PeriodicalRunner.RunFnPeriodically - 1 total (0 active), Execution time: mean = 0.16ms, total = 0.16ms, Queueing time: mean = 0.01ms, max = 0.01ms, min = 0.01ms, total = 0.01ms
Other Stats:
	gcs_grpc_in_progress:0
	event_aggregator_grpc_in_progress:0
	current number of task status events in buffer: 0
	current number of profile events in buffer: 0
	current number of dropped task attempts tracked: 0
	total task events sent: 0 MiB
	total number of task attempts sent: 0
	total number of task attempts dropped reported: 0
	total number of sent failure: 0
	num status task events dropped: 0
	num profile task events dropped: 0
	num ray task events reported to aggregator: 0
	num ray task events failed to report to aggregator: 0
	num of task attempts dropped reported to aggregator: 0
	num of failed requests to aggregator: 0

[2026-02-14 22:24:44,470 I 3161732 3164246] core_worker.cc:455: Event stats:


Global stats: 2623 total (8 active)
Queueing time: mean = 0.81ms, max = 1000.08ms, min = 0.01ms, total = 2136.93ms
Execution time:  mean = 0.08ms, total = 208.21ms
Event stats:
	CoreWorker.RecoverObjects - 1799 total (1 active), Execution time: mean = 0.01ms, total = 16.09ms, Queueing time: mean = 0.06ms, max = 0.13ms, min = 0.01ms, total = 104.03ms
	CoreWorker.ExitIfParentRayletDies - 180 total (1 active), Execution time: mean = 0.01ms, total = 1.98ms, Queueing time: mean = 0.05ms, max = 0.10ms, min = 0.01ms, total = 9.89ms
	CoreWorker.InternalHeartbeat - 180 total (1 active), Execution time: mean = 0.18ms, total = 33.16ms, Queueing time: mean = 0.05ms, max = 0.10ms, min = 0.01ms, total = 9.20ms
	NodeManagerService.grpc_client.ReportWorkerBacklog.OnReplyReceived - 180 total (0 active), Execution time: mean = 0.03ms, total = 4.55ms, Queueing time: mean = 0.04ms, max = 0.07ms, min = 0.01ms, total = 7.29ms
	NodeManagerService.grpc_client.ReportWorkerBacklog - 180 total (0 active), Execution time: mean = 0.77ms, total = 139.26ms, Queueing time: mean = 0.00ms, max = -0.00ms, min = 9223372036854.78ms, total = 0.00ms
	CoreWorker.RecordMetrics - 36 total (1 active), Execution time: mean = 0.06ms, total = 2.08ms, Queueing time: mean = 0.05ms, max = 0.10ms, min = 0.02ms, total = 1.64ms
	CoreWorker.TryDelPendingObjectRefStreams - 18 total (1 active), Execution time: mean = 0.00ms, total = 0.09ms, Queueing time: mean = 0.08ms, max = 0.46ms, min = 0.02ms, total = 1.45ms
	CoreWorkerService.grpc_server.GetCoreWorkerStats - 12 total (0 active), Execution time: mean = 0.35ms, total = 4.16ms, Queueing time: mean = 0.00ms, max = -0.00ms, min = 9223372036854.78ms, total = 0.00ms
	CoreWorkerService.grpc_server.GetCoreWorkerStats.HandleRequestImpl - 12 total (0 active), Execution time: mean = 0.09ms, total = 1.12ms, Queueing time: mean = 0.05ms, max = 0.07ms, min = 0.02ms, total = 0.55ms
	PeriodicalRunner.RunFnPeriodically - 7 total (0 active), Execution time: mean = 0.08ms, total = 0.54ms, Queueing time: mean = 0.23ms, max = 0.53ms, min = 0.01ms, total = 1.59ms
	ReporterService.grpc_client.HealthCheck - 3 total (0 active), Execution time: mean = 0.57ms, total = 1.70ms, Queueing time: mean = 0.00ms, max = -0.00ms, min = 9223372036854.78ms, total = 0.00ms
	ReporterService.grpc_client.HealthCheck.OnReplyReceived - 3 total (0 active), Execution time: mean = 0.14ms, total = 0.42ms, Queueing time: mean = 0.06ms, max = 0.10ms, min = 0.01ms, total = 0.17ms
	CoreWorker.PrintEventStats - 3 total (1 active, 1 running), Execution time: mean = 0.45ms, total = 1.36ms, Queueing time: mean = 0.05ms, max = 0.08ms, min = 0.07ms, total = 0.15ms
	MetricsAgentClient.WaitForServerReadyWithRetry - 2 total (0 active), Execution time: mean = 0.16ms, total = 0.32ms, Queueing time: mean = 1000.05ms, max = 1000.08ms, min = 1000.02ms, total = 2000.10ms
	ray::rpc::InternalPubSubGcsService.grpc_client.GcsSubscriberCommandBatch.OnReplyReceived - 1 total (0 active), Execution time: mean = 0.10ms, total = 0.10ms, Queueing time: mean = 0.39ms, max = 0.39ms, min = 0.39ms, total = 0.39ms
	ray::rpc::InternalPubSubGcsService.grpc_client.GcsSubscriberCommandBatch - 1 total (0 active), Execution time: mean = 0.40ms, total = 0.40ms, Queueing time: mean = 0.00ms, max = -0.00ms, min = 9223372036854.78ms, total = 0.00ms
	ray::rpc::WorkerInfoGcsService.grpc_client.AddWorkerInfo.OnReplyReceived - 1 total (0 active), Execution time: mean = 0.02ms, total = 0.02ms, Queueing time: mean = 0.47ms, max = 0.47ms, min = 0.47ms, total = 0.47ms
	ray::rpc::InternalPubSubGcsService.grpc_client.GcsSubscriberPoll - 1 total (1 active), Execution time: mean = 0.00ms, total = 0.00ms, Queueing time: mean = 0.00ms, max = -0.00ms, min = 9223372036854.78ms, total = 0.00ms
	ray::rpc::WorkerInfoGcsService.grpc_client.AddWorkerInfo - 1 total (0 active), Execution time: mean = 0.47ms, total = 0.47ms, Queueing time: mean = 0.00ms, max = -0.00ms, min = 9223372036854.78ms, total = 0.00ms
	ray::rpc::NodeInfoGcsService.grpc_client.GetAllNodeAddressAndLiveness.OnReplyReceived - 1 total (0 active), Execution time: mean = 0.04ms, total = 0.04ms, Queueing time: mean = 0.01ms, max = 0.01ms, min = 0.01ms, total = 0.01ms
	ray::rpc::NodeInfoGcsService.grpc_client.GetAllNodeAddressAndLiveness - 1 total (0 active), Execution time: mean = 0.35ms, total = 0.35ms, Queueing time: mean = 0.00ms, max = -0.00ms, min = 9223372036854.78ms, total = 0.00ms
	Publisher.CheckDeadSubscribers - 1 total (1 active), Execution time: mean = 0.00ms, total = 0.00ms, Queueing time: mean = 0.00ms, max = -0.00ms, min = 9223372036854.78ms, total = 0.00ms

-----------------
Task execution event stats:

Global stats: 17892 total (1 active)
Queueing time: mean = 0.05ms, max = 1.12ms, min = -0.01ms, total = 927.52ms
Execution time:  mean = 0.01ms, total = 262.66ms
Event stats:
	CoreWorker.CheckSignal - 17891 total (1 active), Execution time: mean = 0.01ms, total = 262.65ms, Queueing time: mean = 0.05ms, max = 1.12ms, min = -0.01ms, total = 927.52ms
	PeriodicalRunner.RunFnPeriodically - 1 total (0 active), Execution time: mean = 0.01ms, total = 0.01ms, Queueing time: mean = 0.00ms, max = 0.00ms, min = 0.00ms, total = 0.00ms

-----------------
Task Event stats:

IO Service Stats:

Global stats: 541 total (1 active)
Queueing time: mean = 0.03ms, max = 0.13ms, min = 0.01ms, total = 17.82ms
Execution time:  mean = 0.34ms, total = 181.90ms
Event stats:
	CoreWorker.deadline_timer.flush_task_events - 180 total (1 active), Execution time: mean = 0.22ms, total = 38.88ms, Queueing time: mean = 0.05ms, max = 0.13ms, min = 0.02ms, total = 9.62ms
	ray::rpc::TaskInfoGcsService.grpc_client.AddTaskEventData - 180 total (0 active), Execution time: mean = 0.76ms, total = 136.73ms, Queueing time: mean = 0.00ms, max = -0.00ms, min = 9223372036854.78ms, total = 0.00ms
	ray::rpc::TaskInfoGcsService.grpc_client.AddTaskEventData.OnReplyReceived - 180 total (0 active), Execution time: mean = 0.03ms, total = 6.13ms, Queueing time: mean = 0.05ms, max = 0.08ms, min = 0.01ms, total = 8.18ms
	PeriodicalRunner.RunFnPeriodically - 1 total (0 active), Execution time: mean = 0.16ms, total = 0.16ms, Queueing time: mean = 0.01ms, max = 0.01ms, min = 0.01ms, total = 0.01ms
Other Stats:
	gcs_grpc_in_progress:0
	event_aggregator_grpc_in_progress:0
	current number of task status events in buffer: 0
	current number of profile events in buffer: 0
	current number of dropped task attempts tracked: 0
	total task events sent: 0 MiB
	total number of task attempts sent: 0
	total number of task attempts dropped reported: 0
	total number of sent failure: 0
	num status task events dropped: 0
	num profile task events dropped: 0
	num ray task events reported to aggregator: 0
	num ray task events failed to report to aggregator: 0
	num of task attempts dropped reported to aggregator: 0
	num of failed requests to aggregator: 0

[2026-02-14 22:25:44,471 I 3161732 3164246] core_worker.cc:455: Event stats:


Global stats: 3490 total (8 active)
Queueing time: mean = 0.62ms, max = 1000.08ms, min = 0.01ms, total = 2180.42ms
Execution time:  mean = 0.08ms, total = 278.64ms
Event stats:
	CoreWorker.RecoverObjects - 2399 total (1 active), Execution time: mean = 0.01ms, total = 21.04ms, Queueing time: mean = 0.06ms, max = 0.13ms, min = 0.01ms, total = 137.05ms
	CoreWorker.ExitIfParentRayletDies - 240 total (1 active), Execution time: mean = 0.01ms, total = 2.62ms, Queueing time: mean = 0.05ms, max = 0.10ms, min = 0.01ms, total = 12.77ms
	CoreWorker.InternalHeartbeat - 240 total (1 active), Execution time: mean = 0.19ms, total = 44.67ms, Queueing time: mean = 0.05ms, max = 0.10ms, min = 0.01ms, total = 12.55ms
	NodeManagerService.grpc_client.ReportWorkerBacklog.OnReplyReceived - 240 total (0 active), Execution time: mean = 0.03ms, total = 6.15ms, Queueing time: mean = 0.04ms, max = 0.08ms, min = 0.01ms, total = 9.85ms
	NodeManagerService.grpc_client.ReportWorkerBacklog - 240 total (0 active), Execution time: mean = 0.78ms, total = 188.02ms, Queueing time: mean = 0.00ms, max = -0.00ms, min = 9223372036854.78ms, total = 0.00ms
	CoreWorker.RecordMetrics - 48 total (1 active), Execution time: mean = 0.06ms, total = 2.82ms, Queueing time: mean = 0.05ms, max = 0.10ms, min = 0.02ms, total = 2.38ms
	CoreWorker.TryDelPendingObjectRefStreams - 24 total (1 active), Execution time: mean = 0.00ms, total = 0.12ms, Queueing time: mean = 0.09ms, max = 0.46ms, min = 0.02ms, total = 2.18ms
	CoreWorkerService.grpc_server.GetCoreWorkerStats - 16 total (0 active), Execution time: mean = 0.34ms, total = 5.44ms, Queueing time: mean = 0.00ms, max = -0.00ms, min = 9223372036854.78ms, total = 0.00ms
	CoreWorkerService.grpc_server.GetCoreWorkerStats.HandleRequestImpl - 16 total (0 active), Execution time: mean = 0.09ms, total = 1.40ms, Queueing time: mean = 0.04ms, max = 0.07ms, min = 0.02ms, total = 0.69ms
	PeriodicalRunner.RunFnPeriodically - 7 total (0 active), Execution time: mean = 0.08ms, total = 0.54ms, Queueing time: mean = 0.23ms, max = 0.53ms, min = 0.01ms, total = 1.59ms
	CoreWorker.PrintEventStats - 4 total (1 active, 1 running), Execution time: mean = 0.50ms, total = 2.00ms, Queueing time: mean = 0.05ms, max = 0.08ms, min = 0.07ms, total = 0.22ms
	ReporterService.grpc_client.HealthCheck.OnReplyReceived - 3 total (0 active), Execution time: mean = 0.14ms, total = 0.42ms, Queueing time: mean = 0.06ms, max = 0.10ms, min = 0.01ms, total = 0.17ms
	ReporterService.grpc_client.HealthCheck - 3 total (0 active), Execution time: mean = 0.57ms, total = 1.70ms, Queueing time: mean = 0.00ms, max = -0.00ms, min = 9223372036854.78ms, total = 0.00ms
	MetricsAgentClient.WaitForServerReadyWithRetry - 2 total (0 active), Execution time: mean = 0.16ms, total = 0.32ms, Queueing time: mean = 1000.05ms, max = 1000.08ms, min = 1000.02ms, total = 2000.10ms
	ray::rpc::InternalPubSubGcsService.grpc_client.GcsSubscriberCommandBatch.OnReplyReceived - 1 total (0 active), Execution time: mean = 0.10ms, total = 0.10ms, Queueing time: mean = 0.39ms, max = 0.39ms, min = 0.39ms, total = 0.39ms
	ray::rpc::InternalPubSubGcsService.grpc_client.GcsSubscriberCommandBatch - 1 total (0 active), Execution time: mean = 0.40ms, total = 0.40ms, Queueing time: mean = 0.00ms, max = -0.00ms, min = 9223372036854.78ms, total = 0.00ms
	ray::rpc::WorkerInfoGcsService.grpc_client.AddWorkerInfo.OnReplyReceived - 1 total (0 active), Execution time: mean = 0.02ms, total = 0.02ms, Queueing time: mean = 0.47ms, max = 0.47ms, min = 0.47ms, total = 0.47ms
	ray::rpc::InternalPubSubGcsService.grpc_client.GcsSubscriberPoll - 1 total (1 active), Execution time: mean = 0.00ms, total = 0.00ms, Queueing time: mean = 0.00ms, max = -0.00ms, min = 9223372036854.78ms, total = 0.00ms
	ray::rpc::WorkerInfoGcsService.grpc_client.AddWorkerInfo - 1 total (0 active), Execution time: mean = 0.47ms, total = 0.47ms, Queueing time: mean = 0.00ms, max = -0.00ms, min = 9223372036854.78ms, total = 0.00ms
	ray::rpc::NodeInfoGcsService.grpc_client.GetAllNodeAddressAndLiveness.OnReplyReceived - 1 total (0 active), Execution time: mean = 0.04ms, total = 0.04ms, Queueing time: mean = 0.01ms, max = 0.01ms, min = 0.01ms, total = 0.01ms
	ray::rpc::NodeInfoGcsService.grpc_client.GetAllNodeAddressAndLiveness - 1 total (0 active), Execution time: mean = 0.35ms, total = 0.35ms, Queueing time: mean = 0.00ms, max = -0.00ms, min = 9223372036854.78ms, total = 0.00ms
	Publisher.CheckDeadSubscribers - 1 total (1 active), Execution time: mean = 0.00ms, total = 0.00ms, Queueing time: mean = 0.00ms, max = -0.00ms, min = 9223372036854.78ms, total = 0.00ms

-----------------
Task execution event stats:

Global stats: 23856 total (1 active)
Queueing time: mean = 0.05ms, max = 1.12ms, min = -0.01ms, total = 1231.47ms
Execution time:  mean = 0.01ms, total = 351.13ms
Event stats:
	CoreWorker.CheckSignal - 23855 total (1 active), Execution time: mean = 0.01ms, total = 351.12ms, Queueing time: mean = 0.05ms, max = 1.12ms, min = -0.01ms, total = 1231.47ms
	PeriodicalRunner.RunFnPeriodically - 1 total (0 active), Execution time: mean = 0.01ms, total = 0.01ms, Queueing time: mean = 0.00ms, max = 0.00ms, min = 0.00ms, total = 0.00ms

-----------------
Task Event stats:

IO Service Stats:

Global stats: 721 total (1 active)
Queueing time: mean = 0.03ms, max = 0.13ms, min = 0.01ms, total = 24.13ms
Execution time:  mean = 0.34ms, total = 243.45ms
Event stats:
	CoreWorker.deadline_timer.flush_task_events - 240 total (1 active), Execution time: mean = 0.22ms, total = 51.76ms, Queueing time: mean = 0.05ms, max = 0.13ms, min = 0.02ms, total = 13.06ms
	ray::rpc::TaskInfoGcsService.grpc_client.AddTaskEventData - 240 total (0 active), Execution time: mean = 0.76ms, total = 183.38ms, Queueing time: mean = 0.00ms, max = -0.00ms, min = 9223372036854.78ms, total = 0.00ms
	ray::rpc::TaskInfoGcsService.grpc_client.AddTaskEventData.OnReplyReceived - 240 total (0 active), Execution time: mean = 0.03ms, total = 8.15ms, Queueing time: mean = 0.05ms, max = 0.09ms, min = 0.01ms, total = 11.07ms
	PeriodicalRunner.RunFnPeriodically - 1 total (0 active), Execution time: mean = 0.16ms, total = 0.16ms, Queueing time: mean = 0.01ms, max = 0.01ms, min = 0.01ms, total = 0.01ms
Other Stats:
	gcs_grpc_in_progress:0
	event_aggregator_grpc_in_progress:0
	current number of task status events in buffer: 0
	current number of profile events in buffer: 0
	current number of dropped task attempts tracked: 0
	total task events sent: 0 MiB
	total number of task attempts sent: 0
	total number of task attempts dropped reported: 0
	total number of sent failure: 0
	num status task events dropped: 0
	num profile task events dropped: 0
	num ray task events reported to aggregator: 0
	num ray task events failed to report to aggregator: 0
	num of task attempts dropped reported to aggregator: 0
	num of failed requests to aggregator: 0

[2026-02-14 22:26:44,471 I 3161732 3164246] core_worker.cc:455: Event stats:


Global stats: 4358 total (8 active)
Queueing time: mean = 0.51ms, max = 1000.08ms, min = 0.01ms, total = 2214.80ms
Execution time:  mean = 0.08ms, total = 345.28ms
Event stats:
	CoreWorker.RecoverObjects - 2999 total (1 active), Execution time: mean = 0.01ms, total = 25.60ms, Queueing time: mean = 0.05ms, max = 0.13ms, min = 0.01ms, total = 163.48ms
	CoreWorker.ExitIfParentRayletDies - 300 total (1 active), Execution time: mean = 0.01ms, total = 3.22ms, Queueing time: mean = 0.05ms, max = 0.10ms, min = 0.01ms, total = 15.29ms
	CoreWorker.InternalHeartbeat - 300 total (1 active), Execution time: mean = 0.18ms, total = 55.13ms, Queueing time: mean = 0.05ms, max = 0.10ms, min = 0.01ms, total = 14.93ms
	NodeManagerService.grpc_client.ReportWorkerBacklog.OnReplyReceived - 300 total (0 active), Execution time: mean = 0.03ms, total = 7.60ms, Queueing time: mean = 0.04ms, max = 0.08ms, min = 0.01ms, total = 11.66ms
	NodeManagerService.grpc_client.ReportWorkerBacklog - 300 total (0 active), Execution time: mean = 0.78ms, total = 234.85ms, Queueing time: mean = 0.00ms, max = -0.00ms, min = 9223372036854.78ms, total = 0.00ms
	CoreWorker.RecordMetrics - 60 total (1 active), Execution time: mean = 0.06ms, total = 3.52ms, Queueing time: mean = 0.05ms, max = 0.10ms, min = 0.02ms, total = 2.89ms
	CoreWorker.TryDelPendingObjectRefStreams - 30 total (1 active), Execution time: mean = 0.00ms, total = 0.15ms, Queueing time: mean = 0.09ms, max = 0.46ms, min = 0.02ms, total = 2.73ms
	CoreWorkerService.grpc_server.GetCoreWorkerStats - 20 total (0 active), Execution time: mean = 0.33ms, total = 6.51ms, Queueing time: mean = 0.00ms, max = -0.00ms, min = 9223372036854.78ms, total = 0.00ms
	CoreWorkerService.grpc_server.GetCoreWorkerStats.HandleRequestImpl - 20 total (0 active), Execution time: mean = 0.08ms, total = 1.68ms, Queueing time: mean = 0.04ms, max = 0.07ms, min = 0.02ms, total = 0.80ms
	PeriodicalRunner.RunFnPeriodically - 7 total (0 active), Execution time: mean = 0.08ms, total = 0.54ms, Queueing time: mean = 0.23ms, max = 0.53ms, min = 0.01ms, total = 1.59ms
	CoreWorker.PrintEventStats - 5 total (1 active, 1 running), Execution time: mean = 0.53ms, total = 2.67ms, Queueing time: mean = 0.05ms, max = 0.08ms, min = 0.03ms, total = 0.25ms
	ReporterService.grpc_client.HealthCheck.OnReplyReceived - 3 total (0 active), Execution time: mean = 0.14ms, total = 0.42ms, Queueing time: mean = 0.06ms, max = 0.10ms, min = 0.01ms, total = 0.17ms
	ReporterService.grpc_client.HealthCheck - 3 total (0 active), Execution time: mean = 0.57ms, total = 1.70ms, Queueing time: mean = 0.00ms, max = -0.00ms, min = 9223372036854.78ms, total = 0.00ms
	MetricsAgentClient.WaitForServerReadyWithRetry - 2 total (0 active), Execution time: mean = 0.16ms, total = 0.32ms, Queueing time: mean = 1000.05ms, max = 1000.08ms, min = 1000.02ms, total = 2000.10ms
	Publisher.CheckDeadSubscribers - 2 total (1 active), Execution time: mean = 0.00ms, total = 0.01ms, Queueing time: mean = 0.03ms, max = 0.06ms, min = 0.06ms, total = 0.06ms
	ray::rpc::InternalPubSubGcsService.grpc_client.GcsSubscriberCommandBatch.OnReplyReceived - 1 total (0 active), Execution time: mean = 0.10ms, total = 0.10ms, Queueing time: mean = 0.39ms, max = 0.39ms, min = 0.39ms, total = 0.39ms
	ray::rpc::InternalPubSubGcsService.grpc_client.GcsSubscriberCommandBatch - 1 total (0 active), Execution time: mean = 0.40ms, total = 0.40ms, Queueing time: mean = 0.00ms, max = -0.00ms, min = 9223372036854.78ms, total = 0.00ms
	ray::rpc::WorkerInfoGcsService.grpc_client.AddWorkerInfo.OnReplyReceived - 1 total (0 active), Execution time: mean = 0.02ms, total = 0.02ms, Queueing time: mean = 0.47ms, max = 0.47ms, min = 0.47ms, total = 0.47ms
	ray::rpc::InternalPubSubGcsService.grpc_client.GcsSubscriberPoll - 1 total (1 active), Execution time: mean = 0.00ms, total = 0.00ms, Queueing time: mean = 0.00ms, max = -0.00ms, min = 9223372036854.78ms, total = 0.00ms
	ray::rpc::WorkerInfoGcsService.grpc_client.AddWorkerInfo - 1 total (0 active), Execution time: mean = 0.47ms, total = 0.47ms, Queueing time: mean = 0.00ms, max = -0.00ms, min = 9223372036854.78ms, total = 0.00ms
	ray::rpc::NodeInfoGcsService.grpc_client.GetAllNodeAddressAndLiveness.OnReplyReceived - 1 total (0 active), Execution time: mean = 0.04ms, total = 0.04ms, Queueing time: mean = 0.01ms, max = 0.01ms, min = 0.01ms, total = 0.01ms
	ray::rpc::NodeInfoGcsService.grpc_client.GetAllNodeAddressAndLiveness - 1 total (0 active), Execution time: mean = 0.35ms, total = 0.35ms, Queueing time: mean = 0.00ms, max = -0.00ms, min = 9223372036854.78ms, total = 0.00ms

-----------------
Task execution event stats:

Global stats: 29821 total (1 active)
Queueing time: mean = 0.05ms, max = 1.43ms, min = -0.01ms, total = 1532.84ms
Execution time:  mean = 0.01ms, total = 440.43ms
Event stats:
	CoreWorker.CheckSignal - 29820 total (1 active), Execution time: mean = 0.01ms, total = 440.43ms, Queueing time: mean = 0.05ms, max = 1.43ms, min = -0.01ms, total = 1532.84ms
	PeriodicalRunner.RunFnPeriodically - 1 total (0 active), Execution time: mean = 0.01ms, total = 0.01ms, Queueing time: mean = 0.00ms, max = 0.00ms, min = 0.00ms, total = 0.00ms

-----------------
Task Event stats:

IO Service Stats:

Global stats: 901 total (1 active)
Queueing time: mean = 0.03ms, max = 0.13ms, min = 0.01ms, total = 30.13ms
Execution time:  mean = 0.34ms, total = 306.04ms
Event stats:
	CoreWorker.deadline_timer.flush_task_events - 300 total (1 active), Execution time: mean = 0.22ms, total = 65.12ms, Queueing time: mean = 0.05ms, max = 0.13ms, min = 0.02ms, total = 16.40ms
	ray::rpc::TaskInfoGcsService.grpc_client.AddTaskEventData - 300 total (0 active), Execution time: mean = 0.77ms, total = 230.59ms, Queueing time: mean = 0.00ms, max = -0.00ms, min = 9223372036854.78ms, total = 0.00ms
	ray::rpc::TaskInfoGcsService.grpc_client.AddTaskEventData.OnReplyReceived - 300 total (0 active), Execution time: mean = 0.03ms, total = 10.17ms, Queueing time: mean = 0.05ms, max = 0.09ms, min = 0.01ms, total = 13.71ms
	PeriodicalRunner.RunFnPeriodically - 1 total (0 active), Execution time: mean = 0.16ms, total = 0.16ms, Queueing time: mean = 0.01ms, max = 0.01ms, min = 0.01ms, total = 0.01ms
Other Stats:
	gcs_grpc_in_progress:0
	event_aggregator_grpc_in_progress:0
	current number of task status events in buffer: 0
	current number of profile events in buffer: 0
	current number of dropped task attempts tracked: 0
	total task events sent: 0 MiB
	total number of task attempts sent: 0
	total number of task attempts dropped reported: 0
	total number of sent failure: 0
	num status task events dropped: 0
	num profile task events dropped: 0
	num ray task events reported to aggregator: 0
	num ray task events failed to report to aggregator: 0
	num of task attempts dropped reported to aggregator: 0
	num of failed requests to aggregator: 0

[2026-02-14 22:27:44,472 I 3161732 3164246] core_worker.cc:455: Event stats:


Global stats: 5224 total (8 active)
Queueing time: mean = 0.43ms, max = 1000.08ms, min = 0.01ms, total = 2254.29ms
Execution time:  mean = 0.08ms, total = 416.35ms
Event stats:
	CoreWorker.RecoverObjects - 3598 total (1 active), Execution time: mean = 0.01ms, total = 30.62ms, Queueing time: mean = 0.05ms, max = 0.13ms, min = 0.01ms, total = 192.85ms
	CoreWorker.ExitIfParentRayletDies - 360 total (1 active), Execution time: mean = 0.01ms, total = 3.81ms, Queueing time: mean = 0.05ms, max = 0.10ms, min = 0.01ms, total = 18.21ms
	CoreWorker.InternalHeartbeat - 360 total (1 active), Execution time: mean = 0.18ms, total = 65.83ms, Queueing time: mean = 0.05ms, max = 0.10ms, min = 0.01ms, total = 17.91ms
	NodeManagerService.grpc_client.ReportWorkerBacklog.OnReplyReceived - 360 total (0 active), Execution time: mean = 0.03ms, total = 9.20ms, Queueing time: mean = 0.04ms, max = 0.08ms, min = 0.01ms, total = 14.35ms
	NodeManagerService.grpc_client.ReportWorkerBacklog - 360 total (0 active), Execution time: mean = 0.79ms, total = 284.97ms, Queueing time: mean = 0.00ms, max = -0.00ms, min = 9223372036854.78ms, total = 0.00ms
	CoreWorker.RecordMetrics - 72 total (1 active), Execution time: mean = 0.06ms, total = 4.25ms, Queueing time: mean = 0.05ms, max = 0.10ms, min = 0.02ms, total = 3.47ms
	CoreWorker.TryDelPendingObjectRefStreams - 36 total (1 active), Execution time: mean = 0.00ms, total = 0.17ms, Queueing time: mean = 0.10ms, max = 0.54ms, min = 0.02ms, total = 3.45ms
	CoreWorkerService.grpc_server.GetCoreWorkerStats - 24 total (0 active), Execution time: mean = 0.32ms, total = 7.79ms, Queueing time: mean = 0.00ms, max = -0.00ms, min = 9223372036854.78ms, total = 0.00ms
	CoreWorkerService.grpc_server.GetCoreWorkerStats.HandleRequestImpl - 24 total (0 active), Execution time: mean = 0.08ms, total = 2.00ms, Queueing time: mean = 0.04ms, max = 0.07ms, min = 0.02ms, total = 0.92ms
	PeriodicalRunner.RunFnPeriodically - 7 total (0 active), Execution time: mean = 0.08ms, total = 0.54ms, Queueing time: mean = 0.23ms, max = 0.53ms, min = 0.01ms, total = 1.59ms
	CoreWorker.PrintEventStats - 6 total (1 active, 1 running), Execution time: mean = 0.56ms, total = 3.34ms, Queueing time: mean = 0.06ms, max = 0.08ms, min = 0.03ms, total = 0.33ms
	ReporterService.grpc_client.HealthCheck.OnReplyReceived - 3 total (0 active), Execution time: mean = 0.14ms, total = 0.42ms, Queueing time: mean = 0.06ms, max = 0.10ms, min = 0.01ms, total = 0.17ms
	ReporterService.grpc_client.HealthCheck - 3 total (0 active), Execution time: mean = 0.57ms, total = 1.70ms, Queueing time: mean = 0.00ms, max = -0.00ms, min = 9223372036854.78ms, total = 0.00ms
	MetricsAgentClient.WaitForServerReadyWithRetry - 2 total (0 active), Execution time: mean = 0.16ms, total = 0.32ms, Queueing time: mean = 1000.05ms, max = 1000.08ms, min = 1000.02ms, total = 2000.10ms
	Publisher.CheckDeadSubscribers - 2 total (1 active), Execution time: mean = 0.00ms, total = 0.01ms, Queueing time: mean = 0.03ms, max = 0.06ms, min = 0.06ms, total = 0.06ms
	ray::rpc::InternalPubSubGcsService.grpc_client.GcsSubscriberCommandBatch.OnReplyReceived - 1 total (0 active), Execution time: mean = 0.10ms, total = 0.10ms, Queueing time: mean = 0.39ms, max = 0.39ms, min = 0.39ms, total = 0.39ms
	ray::rpc::InternalPubSubGcsService.grpc_client.GcsSubscriberCommandBatch - 1 total (0 active), Execution time: mean = 0.40ms, total = 0.40ms, Queueing time: mean = 0.00ms, max = -0.00ms, min = 9223372036854.78ms, total = 0.00ms
	ray::rpc::WorkerInfoGcsService.grpc_client.AddWorkerInfo.OnReplyReceived - 1 total (0 active), Execution time: mean = 0.02ms, total = 0.02ms, Queueing time: mean = 0.47ms, max = 0.47ms, min = 0.47ms, total = 0.47ms
	ray::rpc::InternalPubSubGcsService.grpc_client.GcsSubscriberPoll - 1 total (1 active), Execution time: mean = 0.00ms, total = 0.00ms, Queueing time: mean = 0.00ms, max = -0.00ms, min = 9223372036854.78ms, total = 0.00ms
	ray::rpc::WorkerInfoGcsService.grpc_client.AddWorkerInfo - 1 total (0 active), Execution time: mean = 0.47ms, total = 0.47ms, Queueing time: mean = 0.00ms, max = -0.00ms, min = 9223372036854.78ms, total = 0.00ms
	ray::rpc::NodeInfoGcsService.grpc_client.GetAllNodeAddressAndLiveness.OnReplyReceived - 1 total (0 active), Execution time: mean = 0.04ms, total = 0.04ms, Queueing time: mean = 0.01ms, max = 0.01ms, min = 0.01ms, total = 0.01ms
	ray::rpc::NodeInfoGcsService.grpc_client.GetAllNodeAddressAndLiveness - 1 total (0 active), Execution time: mean = 0.35ms, total = 0.35ms, Queueing time: mean = 0.00ms, max = -0.00ms, min = 9223372036854.78ms, total = 0.00ms

-----------------
Task execution event stats:

Global stats: 35785 total (1 active)
Queueing time: mean = 0.05ms, max = 1.43ms, min = -0.01ms, total = 1832.56ms
Execution time:  mean = 0.01ms, total = 533.64ms
Event stats:
	CoreWorker.CheckSignal - 35784 total (1 active), Execution time: mean = 0.01ms, total = 533.63ms, Queueing time: mean = 0.05ms, max = 1.43ms, min = -0.01ms, total = 1832.56ms
	PeriodicalRunner.RunFnPeriodically - 1 total (0 active), Execution time: mean = 0.01ms, total = 0.01ms, Queueing time: mean = 0.00ms, max = 0.00ms, min = 0.00ms, total = 0.00ms

-----------------
Task Event stats:

IO Service Stats:

Global stats: 1081 total (1 active)
Queueing time: mean = 0.03ms, max = 0.13ms, min = 0.01ms, total = 35.85ms
Execution time:  mean = 0.34ms, total = 368.41ms
Event stats:
	CoreWorker.deadline_timer.flush_task_events - 360 total (1 active), Execution time: mean = 0.22ms, total = 78.59ms, Queueing time: mean = 0.05ms, max = 0.13ms, min = 0.02ms, total = 19.64ms
	ray::rpc::TaskInfoGcsService.grpc_client.AddTaskEventData - 360 total (0 active), Execution time: mean = 0.77ms, total = 277.45ms, Queueing time: mean = 0.00ms, max = -0.00ms, min = 9223372036854.78ms, total = 0.00ms
	ray::rpc::TaskInfoGcsService.grpc_client.AddTaskEventData.OnReplyReceived - 360 total (0 active), Execution time: mean = 0.03ms, total = 12.21ms, Queueing time: mean = 0.05ms, max = 0.09ms, min = 0.01ms, total = 16.20ms
	PeriodicalRunner.RunFnPeriodically - 1 total (0 active), Execution time: mean = 0.16ms, total = 0.16ms, Queueing time: mean = 0.01ms, max = 0.01ms, min = 0.01ms, total = 0.01ms
Other Stats:
	gcs_grpc_in_progress:0
	event_aggregator_grpc_in_progress:0
	current number of task status events in buffer: 0
	current number of profile events in buffer: 0
	current number of dropped task attempts tracked: 0
	total task events sent: 0 MiB
	total number of task attempts sent: 0
	total number of task attempts dropped reported: 0
	total number of sent failure: 0
	num status task events dropped: 0
	num profile task events dropped: 0
	num ray task events reported to aggregator: 0
	num ray task events failed to report to aggregator: 0
	num of task attempts dropped reported to aggregator: 0
	num of failed requests to aggregator: 0

[2026-02-14 22:27:55,714 I 3161732 3164246] accessor.cc:433: Received address and liveness notification for node, IsAlive = 0 node_id=2c2edfc19d000e26177a4a2292ddce800b84dbfca5e99610037fc462
[2026-02-14 22:27:55,714 I 3161732 3164246] core_worker.cc:740: Node failure. All objects pinned on that node will be lost if object reconstruction is not enabled. node_id=2c2edfc19d000e26177a4a2292ddce800b84dbfca5e99610037fc462
[2026-02-14 22:27:55,714 I 3161732 3164246] normal_task_submitter.cc:840: Number of alive nodes:0
