[2026-02-14 22:21:44,453 I 3161743 3161743] core_worker_process.cc:777: Constructing CoreWorkerProcess. pid: 3161743
[2026-02-14 22:21:44,455 I 3161743 3161743] event.cc:499: Ray Event initialized for CORE_WORKER
[2026-02-14 22:21:44,455 I 3161743 3161743] event.cc:499: Ray Event initialized for EXPORT_TASK
[2026-02-14 22:21:44,455 I 3161743 3161743] event.cc:332: Set ray event level to warning
[2026-02-14 22:21:44,455 I 3161743 3161743] event_aggregator_client.h:50: Initiating the local event aggregator client with port: 53393
[2026-02-14 22:21:44,457 I 3161743 3161743] grpc_server.cc:143: worker server started, listening on port 43421.
[2026-02-14 22:21:44,466 I 3161743 3161743] core_worker_process.cc:262: Initializing worker at address: 172.28.6.3:43421 worker_id=a1dd03ea35a6bf075cc9b7518b3b6e7fee055b22796b813b0568dac6 node_id=2c2edfc19d000e26177a4a2292ddce800b84dbfca5e99610037fc462
[2026-02-14 22:21:44,467 I 3161743 3161743] task_event_buffer.cc:480: Reporting task events to GCS every 1000ms.
[2026-02-14 22:21:44,468 I 3161743 3161743] core_worker.cc:515: Adjusted worker niceness to 15
[2026-02-14 22:21:44,468 I 3161743 3161743] metrics_agent_client.cc:45: Initializing exporter ...
[2026-02-14 22:21:44,468 I 3161743 3164247] core_worker.cc:455: Event stats:


Global stats: 12 total (10 active)
Queueing time: mean = 0.00ms, max = 0.01ms, min = 0.01ms, total = 0.02ms
Execution time:  mean = 0.00ms, total = 0.03ms
Event stats:
	PeriodicalRunner.RunFnPeriodically - 7 total (5 active, 1 running), Execution time: mean = 0.00ms, total = 0.03ms, Queueing time: mean = 0.00ms, max = 0.01ms, min = 0.01ms, total = 0.02ms
	Publisher.CheckDeadSubscribers - 1 total (1 active), Execution time: mean = 0.00ms, total = 0.00ms, Queueing time: mean = 0.00ms, max = -0.00ms, min = 9223372036854.78ms, total = 0.00ms
	CoreWorker.ExitIfParentRayletDies - 1 total (1 active), Execution time: mean = 0.00ms, total = 0.00ms, Queueing time: mean = 0.00ms, max = -0.00ms, min = 9223372036854.78ms, total = 0.00ms
	ray::rpc::WorkerInfoGcsService.grpc_client.AddWorkerInfo - 1 total (1 active), Execution time: mean = 0.00ms, total = 0.00ms, Queueing time: mean = 0.00ms, max = -0.00ms, min = 9223372036854.78ms, total = 0.00ms
	ray::rpc::InternalPubSubGcsService.grpc_client.GcsSubscriberCommandBatch - 1 total (1 active), Execution time: mean = 0.00ms, total = 0.00ms, Queueing time: mean = 0.00ms, max = -0.00ms, min = 9223372036854.78ms, total = 0.00ms
	ray::rpc::InternalPubSubGcsService.grpc_client.GcsSubscriberPoll - 1 total (1 active), Execution time: mean = 0.00ms, total = 0.00ms, Queueing time: mean = 0.00ms, max = -0.00ms, min = 9223372036854.78ms, total = 0.00ms

-----------------
Task execution event stats:

Global stats: 0 total (0 active)
Queueing time: mean = -nanms, max = -0.00ms, min = 9223372036854.78ms, total = 0.00ms
Execution time:  mean = -nanms, total = 0.00ms
Event stats:

-----------------
Task Event stats:

IO Service Stats:

Global stats: 4 total (1 active)
Queueing time: mean = 0.00ms, max = 0.01ms, min = 0.01ms, total = 0.02ms
Execution time:  mean = 0.15ms, total = 0.60ms
Event stats:
	CoreWorker.deadline_timer.flush_task_events - 1 total (1 active), Execution time: mean = 0.00ms, total = 0.00ms, Queueing time: mean = 0.00ms, max = -0.00ms, min = 9223372036854.78ms, total = 0.00ms
	ray::rpc::TaskInfoGcsService.grpc_client.AddTaskEventData - 1 total (0 active), Execution time: mean = 0.40ms, total = 0.40ms, Queueing time: mean = 0.00ms, max = -0.00ms, min = 9223372036854.78ms, total = 0.00ms
	PeriodicalRunner.RunFnPeriodically - 1 total (0 active), Execution time: mean = 0.19ms, total = 0.19ms, Queueing time: mean = 0.01ms, max = 0.01ms, min = 0.01ms, total = 0.01ms
	ray::rpc::TaskInfoGcsService.grpc_client.AddTaskEventData.OnReplyReceived - 1 total (0 active), Execution time: mean = 0.01ms, total = 0.01ms, Queueing time: mean = 0.01ms, max = 0.01ms, min = 0.01ms, total = 0.01ms
Other Stats:
	gcs_grpc_in_progress:0
	event_aggregator_grpc_in_progress:0
	current number of task status events in buffer: 0
	current number of profile events in buffer: 0
	current number of dropped task attempts tracked: 0
	total task events sent: 0 MiB
	total number of task attempts sent: 0
	total number of task attempts dropped reported: 0
	total number of sent failure: 0
	num status task events dropped: 0
	num profile task events dropped: 0
	num ray task events reported to aggregator: 0
	num ray task events failed to report to aggregator: 0
	num of task attempts dropped reported to aggregator: 0
	num of failed requests to aggregator: 0

[2026-02-14 22:21:44,469 I 3161743 3164247] accessor.cc:433: Received address and liveness notification for node, IsAlive = 1 node_id=2c2edfc19d000e26177a4a2292ddce800b84dbfca5e99610037fc462
[2026-02-14 22:21:44,469 I 3161743 3164247] normal_task_submitter.cc:840: Number of alive nodes:1
[2026-02-14 22:21:46,471 I 3161743 3164247] metrics_agent_client.cc:59: Exporter initialized.
[2026-02-14 22:22:44,469 I 3161743 3164247] core_worker.cc:455: Event stats:


Global stats: 890 total (8 active)
Queueing time: mean = 2.30ms, max = 1000.04ms, min = 0.01ms, total = 2045.16ms
Execution time:  mean = 0.08ms, total = 75.54ms
Event stats:
	CoreWorker.RecoverObjects - 600 total (1 active), Execution time: mean = 0.01ms, total = 6.08ms, Queueing time: mean = 0.06ms, max = 0.12ms, min = 0.01ms, total = 34.15ms
	NodeManagerService.grpc_client.ReportWorkerBacklog.OnReplyReceived - 60 total (0 active), Execution time: mean = 0.03ms, total = 1.65ms, Queueing time: mean = 0.04ms, max = 0.07ms, min = 0.01ms, total = 2.29ms
	CoreWorker.ExitIfParentRayletDies - 60 total (1 active), Execution time: mean = 0.01ms, total = 0.73ms, Queueing time: mean = 0.05ms, max = 0.10ms, min = 0.01ms, total = 3.06ms
	CoreWorker.InternalHeartbeat - 60 total (1 active), Execution time: mean = 0.19ms, total = 11.34ms, Queueing time: mean = 0.05ms, max = 0.08ms, min = 0.02ms, total = 2.74ms
	NodeManagerService.grpc_client.ReportWorkerBacklog - 60 total (0 active), Execution time: mean = 0.81ms, total = 48.44ms, Queueing time: mean = 0.00ms, max = -0.00ms, min = 9223372036854.78ms, total = 0.00ms
	CoreWorker.RecordMetrics - 12 total (1 active), Execution time: mean = 0.05ms, total = 0.65ms, Queueing time: mean = 0.04ms, max = 0.08ms, min = 0.02ms, total = 0.50ms
	PeriodicalRunner.RunFnPeriodically - 7 total (0 active), Execution time: mean = 0.07ms, total = 0.46ms, Queueing time: mean = 0.18ms, max = 0.45ms, min = 0.01ms, total = 1.24ms
	CoreWorker.TryDelPendingObjectRefStreams - 6 total (1 active), Execution time: mean = 0.01ms, total = 0.03ms, Queueing time: mean = 0.05ms, max = 0.07ms, min = 0.03ms, total = 0.28ms
	CoreWorkerService.grpc_server.GetCoreWorkerStats.HandleRequestImpl - 4 total (0 active), Execution time: mean = 0.10ms, total = 0.42ms, Queueing time: mean = 0.04ms, max = 0.05ms, min = 0.02ms, total = 0.14ms
	CoreWorkerService.grpc_server.GetCoreWorkerStats - 4 total (0 active), Execution time: mean = 0.32ms, total = 1.26ms, Queueing time: mean = 0.00ms, max = -0.00ms, min = 9223372036854.78ms, total = 0.00ms
	ReporterService.grpc_client.HealthCheck - 3 total (0 active), Execution time: mean = 0.77ms, total = 2.30ms, Queueing time: mean = 0.00ms, max = -0.00ms, min = 9223372036854.78ms, total = 0.00ms
	ReporterService.grpc_client.HealthCheck.OnReplyReceived - 3 total (0 active), Execution time: mean = 0.15ms, total = 0.44ms, Queueing time: mean = 0.02ms, max = 0.02ms, min = 0.02ms, total = 0.06ms
	MetricsAgentClient.WaitForServerReadyWithRetry - 2 total (0 active), Execution time: mean = 0.20ms, total = 0.39ms, Queueing time: mean = 1000.03ms, max = 1000.04ms, min = 1000.02ms, total = 2000.06ms
	ray::rpc::InternalPubSubGcsService.grpc_client.GcsSubscriberCommandBatch - 1 total (0 active), Execution time: mean = 0.41ms, total = 0.41ms, Queueing time: mean = 0.00ms, max = -0.00ms, min = 9223372036854.78ms, total = 0.00ms
	CoreWorker.PrintEventStats - 1 total (1 active, 1 running), Execution time: mean = 0.00ms, total = 0.00ms, Queueing time: mean = 0.00ms, max = -0.00ms, min = 9223372036854.78ms, total = 0.00ms
	ray::rpc::WorkerInfoGcsService.grpc_client.AddWorkerInfo.OnReplyReceived - 1 total (0 active), Execution time: mean = 0.02ms, total = 0.02ms, Queueing time: mean = 0.39ms, max = 0.39ms, min = 0.39ms, total = 0.39ms
	Publisher.CheckDeadSubscribers - 1 total (1 active), Execution time: mean = 0.00ms, total = 0.00ms, Queueing time: mean = 0.00ms, max = -0.00ms, min = 9223372036854.78ms, total = 0.00ms
	ray::rpc::WorkerInfoGcsService.grpc_client.AddWorkerInfo - 1 total (0 active), Execution time: mean = 0.40ms, total = 0.40ms, Queueing time: mean = 0.00ms, max = -0.00ms, min = 9223372036854.78ms, total = 0.00ms
	ray::rpc::InternalPubSubGcsService.grpc_client.GcsSubscriberCommandBatch.OnReplyReceived - 1 total (0 active), Execution time: mean = 0.10ms, total = 0.10ms, Queueing time: mean = 0.24ms, max = 0.24ms, min = 0.24ms, total = 0.24ms
	ray::rpc::InternalPubSubGcsService.grpc_client.GcsSubscriberPoll - 1 total (1 active), Execution time: mean = 0.00ms, total = 0.00ms, Queueing time: mean = 0.00ms, max = -0.00ms, min = 9223372036854.78ms, total = 0.00ms
	ray::rpc::NodeInfoGcsService.grpc_client.GetAllNodeAddressAndLiveness - 1 total (0 active), Execution time: mean = 0.37ms, total = 0.37ms, Queueing time: mean = 0.00ms, max = -0.00ms, min = 9223372036854.78ms, total = 0.00ms
	ray::rpc::NodeInfoGcsService.grpc_client.GetAllNodeAddressAndLiveness.OnReplyReceived - 1 total (0 active), Execution time: mean = 0.05ms, total = 0.05ms, Queueing time: mean = 0.01ms, max = 0.01ms, min = 0.01ms, total = 0.01ms

-----------------
Task execution event stats:

Global stats: 5960 total (1 active)
Queueing time: mean = 0.06ms, max = 0.19ms, min = 0.00ms, total = 357.19ms
Execution time:  mean = 0.02ms, total = 92.17ms
Event stats:
	CoreWorker.CheckSignal - 5959 total (1 active), Execution time: mean = 0.02ms, total = 92.16ms, Queueing time: mean = 0.06ms, max = 0.19ms, min = 0.01ms, total = 357.18ms
	PeriodicalRunner.RunFnPeriodically - 1 total (0 active), Execution time: mean = 0.01ms, total = 0.01ms, Queueing time: mean = 0.00ms, max = 0.00ms, min = 0.00ms, total = 0.00ms

-----------------
Task Event stats:

IO Service Stats:

Global stats: 181 total (1 active)
Queueing time: mean = 0.03ms, max = 0.11ms, min = 0.01ms, total = 5.33ms
Execution time:  mean = 0.34ms, total = 61.35ms
Event stats:
	CoreWorker.deadline_timer.flush_task_events - 60 total (1 active), Execution time: mean = 0.22ms, total = 13.19ms, Queueing time: mean = 0.05ms, max = 0.11ms, min = 0.02ms, total = 3.12ms
	ray::rpc::TaskInfoGcsService.grpc_client.AddTaskEventData - 60 total (0 active), Execution time: mean = 0.77ms, total = 46.01ms, Queueing time: mean = 0.00ms, max = -0.00ms, min = 9223372036854.78ms, total = 0.00ms
	ray::rpc::TaskInfoGcsService.grpc_client.AddTaskEventData.OnReplyReceived - 60 total (0 active), Execution time: mean = 0.03ms, total = 1.97ms, Queueing time: mean = 0.04ms, max = 0.07ms, min = 0.01ms, total = 2.20ms
	PeriodicalRunner.RunFnPeriodically - 1 total (0 active), Execution time: mean = 0.19ms, total = 0.19ms, Queueing time: mean = 0.01ms, max = 0.01ms, min = 0.01ms, total = 0.01ms
Other Stats:
	gcs_grpc_in_progress:0
	event_aggregator_grpc_in_progress:0
	current number of task status events in buffer: 0
	current number of profile events in buffer: 0
	current number of dropped task attempts tracked: 0
	total task events sent: 0 MiB
	total number of task attempts sent: 0
	total number of task attempts dropped reported: 0
	total number of sent failure: 0
	num status task events dropped: 0
	num profile task events dropped: 0
	num ray task events reported to aggregator: 0
	num ray task events failed to report to aggregator: 0
	num of task attempts dropped reported to aggregator: 0
	num of failed requests to aggregator: 0

[2026-02-14 22:23:44,469 I 3161743 3164247] core_worker.cc:455: Event stats:


Global stats: 1757 total (8 active)
Queueing time: mean = 1.19ms, max = 1000.04ms, min = 0.01ms, total = 2086.83ms
Execution time:  mean = 0.08ms, total = 142.22ms
Event stats:
	CoreWorker.RecoverObjects - 1200 total (1 active), Execution time: mean = 0.01ms, total = 11.32ms, Queueing time: mean = 0.06ms, max = 0.18ms, min = 0.01ms, total = 66.11ms
	NodeManagerService.grpc_client.ReportWorkerBacklog.OnReplyReceived - 120 total (0 active), Execution time: mean = 0.03ms, total = 3.28ms, Queueing time: mean = 0.04ms, max = 0.07ms, min = 0.01ms, total = 4.77ms
	CoreWorker.ExitIfParentRayletDies - 120 total (1 active), Execution time: mean = 0.01ms, total = 1.43ms, Queueing time: mean = 0.05ms, max = 0.10ms, min = 0.01ms, total = 6.43ms
	CoreWorker.InternalHeartbeat - 120 total (1 active), Execution time: mean = 0.19ms, total = 23.05ms, Queueing time: mean = 0.05ms, max = 0.09ms, min = 0.02ms, total = 5.41ms
	NodeManagerService.grpc_client.ReportWorkerBacklog - 120 total (0 active), Execution time: mean = 0.77ms, total = 92.69ms, Queueing time: mean = 0.00ms, max = -0.00ms, min = 9223372036854.78ms, total = 0.00ms
	CoreWorker.RecordMetrics - 24 total (1 active), Execution time: mean = 0.06ms, total = 1.44ms, Queueing time: mean = 0.04ms, max = 0.08ms, min = 0.02ms, total = 1.07ms
	CoreWorker.TryDelPendingObjectRefStreams - 12 total (1 active), Execution time: mean = 0.01ms, total = 0.07ms, Queueing time: mean = 0.06ms, max = 0.19ms, min = 0.03ms, total = 0.74ms
	CoreWorkerService.grpc_server.GetCoreWorkerStats.HandleRequestImpl - 8 total (0 active), Execution time: mean = 0.09ms, total = 0.72ms, Queueing time: mean = 0.03ms, max = 0.05ms, min = 0.02ms, total = 0.22ms
	CoreWorkerService.grpc_server.GetCoreWorkerStats - 8 total (0 active), Execution time: mean = 0.32ms, total = 2.58ms, Queueing time: mean = 0.00ms, max = -0.00ms, min = 9223372036854.78ms, total = 0.00ms
	PeriodicalRunner.RunFnPeriodically - 7 total (0 active), Execution time: mean = 0.07ms, total = 0.46ms, Queueing time: mean = 0.18ms, max = 0.45ms, min = 0.01ms, total = 1.24ms
	ReporterService.grpc_client.HealthCheck - 3 total (0 active), Execution time: mean = 0.77ms, total = 2.30ms, Queueing time: mean = 0.00ms, max = -0.00ms, min = 9223372036854.78ms, total = 0.00ms
	ReporterService.grpc_client.HealthCheck.OnReplyReceived - 3 total (0 active), Execution time: mean = 0.15ms, total = 0.44ms, Queueing time: mean = 0.02ms, max = 0.02ms, min = 0.02ms, total = 0.06ms
	MetricsAgentClient.WaitForServerReadyWithRetry - 2 total (0 active), Execution time: mean = 0.20ms, total = 0.39ms, Queueing time: mean = 1000.03ms, max = 1000.04ms, min = 1000.02ms, total = 2000.06ms
	CoreWorker.PrintEventStats - 2 total (1 active, 1 running), Execution time: mean = 0.35ms, total = 0.70ms, Queueing time: mean = 0.04ms, max = 0.07ms, min = 0.07ms, total = 0.07ms
	ray::rpc::InternalPubSubGcsService.grpc_client.GcsSubscriberCommandBatch - 1 total (0 active), Execution time: mean = 0.41ms, total = 0.41ms, Queueing time: mean = 0.00ms, max = -0.00ms, min = 9223372036854.78ms, total = 0.00ms
	ray::rpc::WorkerInfoGcsService.grpc_client.AddWorkerInfo.OnReplyReceived - 1 total (0 active), Execution time: mean = 0.02ms, total = 0.02ms, Queueing time: mean = 0.39ms, max = 0.39ms, min = 0.39ms, total = 0.39ms
	Publisher.CheckDeadSubscribers - 1 total (1 active), Execution time: mean = 0.00ms, total = 0.00ms, Queueing time: mean = 0.00ms, max = -0.00ms, min = 9223372036854.78ms, total = 0.00ms
	ray::rpc::WorkerInfoGcsService.grpc_client.AddWorkerInfo - 1 total (0 active), Execution time: mean = 0.40ms, total = 0.40ms, Queueing time: mean = 0.00ms, max = -0.00ms, min = 9223372036854.78ms, total = 0.00ms
	ray::rpc::InternalPubSubGcsService.grpc_client.GcsSubscriberCommandBatch.OnReplyReceived - 1 total (0 active), Execution time: mean = 0.10ms, total = 0.10ms, Queueing time: mean = 0.24ms, max = 0.24ms, min = 0.24ms, total = 0.24ms
	ray::rpc::InternalPubSubGcsService.grpc_client.GcsSubscriberPoll - 1 total (1 active), Execution time: mean = 0.00ms, total = 0.00ms, Queueing time: mean = 0.00ms, max = -0.00ms, min = 9223372036854.78ms, total = 0.00ms
	ray::rpc::NodeInfoGcsService.grpc_client.GetAllNodeAddressAndLiveness - 1 total (0 active), Execution time: mean = 0.37ms, total = 0.37ms, Queueing time: mean = 0.00ms, max = -0.00ms, min = 9223372036854.78ms, total = 0.00ms
	ray::rpc::NodeInfoGcsService.grpc_client.GetAllNodeAddressAndLiveness.OnReplyReceived - 1 total (0 active), Execution time: mean = 0.05ms, total = 0.05ms, Queueing time: mean = 0.01ms, max = 0.01ms, min = 0.01ms, total = 0.01ms

-----------------
Task execution event stats:

Global stats: 11920 total (1 active)
Queueing time: mean = 0.06ms, max = 0.83ms, min = 0.00ms, total = 695.51ms
Execution time:  mean = 0.02ms, total = 179.30ms
Event stats:
	CoreWorker.CheckSignal - 11919 total (1 active), Execution time: mean = 0.02ms, total = 179.30ms, Queueing time: mean = 0.06ms, max = 0.83ms, min = 0.01ms, total = 695.51ms
	PeriodicalRunner.RunFnPeriodically - 1 total (0 active), Execution time: mean = 0.01ms, total = 0.01ms, Queueing time: mean = 0.00ms, max = 0.00ms, min = 0.00ms, total = 0.00ms

-----------------
Task Event stats:

IO Service Stats:

Global stats: 361 total (1 active)
Queueing time: mean = 0.03ms, max = 0.11ms, min = 0.01ms, total = 10.25ms
Execution time:  mean = 0.34ms, total = 121.62ms
Event stats:
	CoreWorker.deadline_timer.flush_task_events - 120 total (1 active), Execution time: mean = 0.21ms, total = 25.77ms, Queueing time: mean = 0.05ms, max = 0.11ms, min = 0.02ms, total = 5.57ms
	ray::rpc::TaskInfoGcsService.grpc_client.AddTaskEventData - 120 total (0 active), Execution time: mean = 0.76ms, total = 91.72ms, Queueing time: mean = 0.00ms, max = -0.00ms, min = 9223372036854.78ms, total = 0.00ms
	ray::rpc::TaskInfoGcsService.grpc_client.AddTaskEventData.OnReplyReceived - 120 total (0 active), Execution time: mean = 0.03ms, total = 3.93ms, Queueing time: mean = 0.04ms, max = 0.07ms, min = 0.01ms, total = 4.67ms
	PeriodicalRunner.RunFnPeriodically - 1 total (0 active), Execution time: mean = 0.19ms, total = 0.19ms, Queueing time: mean = 0.01ms, max = 0.01ms, min = 0.01ms, total = 0.01ms
Other Stats:
	gcs_grpc_in_progress:0
	event_aggregator_grpc_in_progress:0
	current number of task status events in buffer: 0
	current number of profile events in buffer: 0
	current number of dropped task attempts tracked: 0
	total task events sent: 0 MiB
	total number of task attempts sent: 0
	total number of task attempts dropped reported: 0
	total number of sent failure: 0
	num status task events dropped: 0
	num profile task events dropped: 0
	num ray task events reported to aggregator: 0
	num ray task events failed to report to aggregator: 0
	num of task attempts dropped reported to aggregator: 0
	num of failed requests to aggregator: 0

[2026-02-14 22:24:44,470 I 3161743 3164247] core_worker.cc:455: Event stats:


Global stats: 2623 total (8 active)
Queueing time: mean = 0.81ms, max = 1000.04ms, min = 0.01ms, total = 2129.33ms
Execution time:  mean = 0.08ms, total = 207.79ms
Event stats:
	CoreWorker.RecoverObjects - 1799 total (1 active), Execution time: mean = 0.01ms, total = 16.49ms, Queueing time: mean = 0.05ms, max = 0.18ms, min = 0.01ms, total = 98.50ms
	NodeManagerService.grpc_client.ReportWorkerBacklog.OnReplyReceived - 180 total (0 active), Execution time: mean = 0.03ms, total = 4.85ms, Queueing time: mean = 0.04ms, max = 0.08ms, min = 0.01ms, total = 7.11ms
	CoreWorker.ExitIfParentRayletDies - 180 total (1 active), Execution time: mean = 0.01ms, total = 2.09ms, Queueing time: mean = 0.05ms, max = 0.10ms, min = 0.01ms, total = 9.62ms
	CoreWorker.InternalHeartbeat - 180 total (1 active), Execution time: mean = 0.19ms, total = 34.56ms, Queueing time: mean = 0.05ms, max = 0.09ms, min = 0.02ms, total = 8.55ms
	NodeManagerService.grpc_client.ReportWorkerBacklog - 180 total (0 active), Execution time: mean = 0.76ms, total = 136.54ms, Queueing time: mean = 0.00ms, max = -0.00ms, min = 9223372036854.78ms, total = 0.00ms
	CoreWorker.RecordMetrics - 36 total (1 active), Execution time: mean = 0.06ms, total = 2.16ms, Queueing time: mean = 0.05ms, max = 0.08ms, min = 0.02ms, total = 1.72ms
	CoreWorker.TryDelPendingObjectRefStreams - 18 total (1 active), Execution time: mean = 0.01ms, total = 0.10ms, Queueing time: mean = 0.08ms, max = 0.44ms, min = 0.03ms, total = 1.43ms
	CoreWorkerService.grpc_server.GetCoreWorkerStats.HandleRequestImpl - 12 total (0 active), Execution time: mean = 0.08ms, total = 1.00ms, Queueing time: mean = 0.03ms, max = 0.05ms, min = 0.02ms, total = 0.31ms
	CoreWorkerService.grpc_server.GetCoreWorkerStats - 12 total (0 active), Execution time: mean = 0.30ms, total = 3.65ms, Queueing time: mean = 0.00ms, max = -0.00ms, min = 9223372036854.78ms, total = 0.00ms
	PeriodicalRunner.RunFnPeriodically - 7 total (0 active), Execution time: mean = 0.07ms, total = 0.46ms, Queueing time: mean = 0.18ms, max = 0.45ms, min = 0.01ms, total = 1.24ms
	CoreWorker.PrintEventStats - 3 total (1 active, 1 running), Execution time: mean = 0.47ms, total = 1.42ms, Queueing time: mean = 0.03ms, max = 0.07ms, min = 0.03ms, total = 0.10ms
	ReporterService.grpc_client.HealthCheck.OnReplyReceived - 3 total (0 active), Execution time: mean = 0.15ms, total = 0.44ms, Queueing time: mean = 0.02ms, max = 0.02ms, min = 0.02ms, total = 0.06ms
	ReporterService.grpc_client.HealthCheck - 3 total (0 active), Execution time: mean = 0.77ms, total = 2.30ms, Queueing time: mean = 0.00ms, max = -0.00ms, min = 9223372036854.78ms, total = 0.00ms
	MetricsAgentClient.WaitForServerReadyWithRetry - 2 total (0 active), Execution time: mean = 0.20ms, total = 0.39ms, Queueing time: mean = 1000.03ms, max = 1000.04ms, min = 1000.02ms, total = 2000.06ms
	ray::rpc::InternalPubSubGcsService.grpc_client.GcsSubscriberCommandBatch - 1 total (0 active), Execution time: mean = 0.41ms, total = 0.41ms, Queueing time: mean = 0.00ms, max = -0.00ms, min = 9223372036854.78ms, total = 0.00ms
	ray::rpc::WorkerInfoGcsService.grpc_client.AddWorkerInfo.OnReplyReceived - 1 total (0 active), Execution time: mean = 0.02ms, total = 0.02ms, Queueing time: mean = 0.39ms, max = 0.39ms, min = 0.39ms, total = 0.39ms
	Publisher.CheckDeadSubscribers - 1 total (1 active), Execution time: mean = 0.00ms, total = 0.00ms, Queueing time: mean = 0.00ms, max = -0.00ms, min = 9223372036854.78ms, total = 0.00ms
	ray::rpc::WorkerInfoGcsService.grpc_client.AddWorkerInfo - 1 total (0 active), Execution time: mean = 0.40ms, total = 0.40ms, Queueing time: mean = 0.00ms, max = -0.00ms, min = 9223372036854.78ms, total = 0.00ms
	ray::rpc::InternalPubSubGcsService.grpc_client.GcsSubscriberCommandBatch.OnReplyReceived - 1 total (0 active), Execution time: mean = 0.10ms, total = 0.10ms, Queueing time: mean = 0.24ms, max = 0.24ms, min = 0.24ms, total = 0.24ms
	ray::rpc::InternalPubSubGcsService.grpc_client.GcsSubscriberPoll - 1 total (1 active), Execution time: mean = 0.00ms, total = 0.00ms, Queueing time: mean = 0.00ms, max = -0.00ms, min = 9223372036854.78ms, total = 0.00ms
	ray::rpc::NodeInfoGcsService.grpc_client.GetAllNodeAddressAndLiveness - 1 total (0 active), Execution time: mean = 0.37ms, total = 0.37ms, Queueing time: mean = 0.00ms, max = -0.00ms, min = 9223372036854.78ms, total = 0.00ms
	ray::rpc::NodeInfoGcsService.grpc_client.GetAllNodeAddressAndLiveness.OnReplyReceived - 1 total (0 active), Execution time: mean = 0.05ms, total = 0.05ms, Queueing time: mean = 0.01ms, max = 0.01ms, min = 0.01ms, total = 0.01ms

-----------------
Task execution event stats:

Global stats: 17883 total (1 active)
Queueing time: mean = 0.06ms, max = 0.83ms, min = 0.00ms, total = 1013.37ms
Execution time:  mean = 0.02ms, total = 268.31ms
Event stats:
	CoreWorker.CheckSignal - 17882 total (1 active), Execution time: mean = 0.02ms, total = 268.30ms, Queueing time: mean = 0.06ms, max = 0.83ms, min = 0.00ms, total = 1013.37ms
	PeriodicalRunner.RunFnPeriodically - 1 total (0 active), Execution time: mean = 0.01ms, total = 0.01ms, Queueing time: mean = 0.00ms, max = 0.00ms, min = 0.00ms, total = 0.00ms

-----------------
Task Event stats:

IO Service Stats:

Global stats: 541 total (1 active)
Queueing time: mean = 0.03ms, max = 0.11ms, min = 0.01ms, total = 15.77ms
Execution time:  mean = 0.34ms, total = 181.27ms
Event stats:
	CoreWorker.deadline_timer.flush_task_events - 180 total (1 active), Execution time: mean = 0.21ms, total = 38.36ms, Queueing time: mean = 0.05ms, max = 0.11ms, min = 0.02ms, total = 8.69ms
	ray::rpc::TaskInfoGcsService.grpc_client.AddTaskEventData - 180 total (0 active), Execution time: mean = 0.76ms, total = 136.91ms, Queueing time: mean = 0.00ms, max = -0.00ms, min = 9223372036854.78ms, total = 0.00ms
	ray::rpc::TaskInfoGcsService.grpc_client.AddTaskEventData.OnReplyReceived - 180 total (0 active), Execution time: mean = 0.03ms, total = 5.82ms, Queueing time: mean = 0.04ms, max = 0.07ms, min = 0.01ms, total = 7.07ms
	PeriodicalRunner.RunFnPeriodically - 1 total (0 active), Execution time: mean = 0.19ms, total = 0.19ms, Queueing time: mean = 0.01ms, max = 0.01ms, min = 0.01ms, total = 0.01ms
Other Stats:
	gcs_grpc_in_progress:0
	event_aggregator_grpc_in_progress:0
	current number of task status events in buffer: 0
	current number of profile events in buffer: 0
	current number of dropped task attempts tracked: 0
	total task events sent: 0 MiB
	total number of task attempts sent: 0
	total number of task attempts dropped reported: 0
	total number of sent failure: 0
	num status task events dropped: 0
	num profile task events dropped: 0
	num ray task events reported to aggregator: 0
	num ray task events failed to report to aggregator: 0
	num of task attempts dropped reported to aggregator: 0
	num of failed requests to aggregator: 0

[2026-02-14 22:25:44,471 I 3161743 3164247] core_worker.cc:455: Event stats:


Global stats: 3490 total (8 active)
Queueing time: mean = 0.62ms, max = 1000.04ms, min = 0.01ms, total = 2169.68ms
Execution time:  mean = 0.08ms, total = 271.11ms
Event stats:
	CoreWorker.RecoverObjects - 2399 total (1 active), Execution time: mean = 0.01ms, total = 21.61ms, Queueing time: mean = 0.05ms, max = 0.18ms, min = 0.01ms, total = 129.47ms
	NodeManagerService.grpc_client.ReportWorkerBacklog.OnReplyReceived - 240 total (0 active), Execution time: mean = 0.03ms, total = 6.43ms, Queueing time: mean = 0.04ms, max = 0.08ms, min = 0.01ms, total = 9.52ms
	CoreWorker.ExitIfParentRayletDies - 240 total (1 active), Execution time: mean = 0.01ms, total = 2.73ms, Queueing time: mean = 0.05ms, max = 0.10ms, min = 0.01ms, total = 12.30ms
	CoreWorker.InternalHeartbeat - 240 total (1 active), Execution time: mean = 0.19ms, total = 45.99ms, Queueing time: mean = 0.05ms, max = 0.09ms, min = 0.02ms, total = 11.35ms
	NodeManagerService.grpc_client.ReportWorkerBacklog - 240 total (0 active), Execution time: mean = 0.74ms, total = 178.29ms, Queueing time: mean = 0.00ms, max = -0.00ms, min = 9223372036854.78ms, total = 0.00ms
	CoreWorker.RecordMetrics - 48 total (1 active), Execution time: mean = 0.06ms, total = 2.87ms, Queueing time: mean = 0.05ms, max = 0.11ms, min = 0.02ms, total = 2.40ms
	CoreWorker.TryDelPendingObjectRefStreams - 24 total (1 active), Execution time: mean = 0.01ms, total = 0.12ms, Queueing time: mean = 0.09ms, max = 0.44ms, min = 0.02ms, total = 2.05ms
	CoreWorkerService.grpc_server.GetCoreWorkerStats.HandleRequestImpl - 16 total (0 active), Execution time: mean = 0.08ms, total = 1.29ms, Queueing time: mean = 0.03ms, max = 0.05ms, min = 0.02ms, total = 0.42ms
	CoreWorkerService.grpc_server.GetCoreWorkerStats - 16 total (0 active), Execution time: mean = 0.30ms, total = 4.79ms, Queueing time: mean = 0.00ms, max = -0.00ms, min = 9223372036854.78ms, total = 0.00ms
	PeriodicalRunner.RunFnPeriodically - 7 total (0 active), Execution time: mean = 0.07ms, total = 0.46ms, Queueing time: mean = 0.18ms, max = 0.45ms, min = 0.01ms, total = 1.24ms
	CoreWorker.PrintEventStats - 4 total (1 active, 1 running), Execution time: mean = 0.51ms, total = 2.05ms, Queueing time: mean = 0.04ms, max = 0.07ms, min = 0.03ms, total = 0.17ms
	ReporterService.grpc_client.HealthCheck.OnReplyReceived - 3 total (0 active), Execution time: mean = 0.15ms, total = 0.44ms, Queueing time: mean = 0.02ms, max = 0.02ms, min = 0.02ms, total = 0.06ms
	ReporterService.grpc_client.HealthCheck - 3 total (0 active), Execution time: mean = 0.77ms, total = 2.30ms, Queueing time: mean = 0.00ms, max = -0.00ms, min = 9223372036854.78ms, total = 0.00ms
	MetricsAgentClient.WaitForServerReadyWithRetry - 2 total (0 active), Execution time: mean = 0.20ms, total = 0.39ms, Queueing time: mean = 1000.03ms, max = 1000.04ms, min = 1000.02ms, total = 2000.06ms
	ray::rpc::InternalPubSubGcsService.grpc_client.GcsSubscriberCommandBatch - 1 total (0 active), Execution time: mean = 0.41ms, total = 0.41ms, Queueing time: mean = 0.00ms, max = -0.00ms, min = 9223372036854.78ms, total = 0.00ms
	ray::rpc::WorkerInfoGcsService.grpc_client.AddWorkerInfo.OnReplyReceived - 1 total (0 active), Execution time: mean = 0.02ms, total = 0.02ms, Queueing time: mean = 0.39ms, max = 0.39ms, min = 0.39ms, total = 0.39ms
	Publisher.CheckDeadSubscribers - 1 total (1 active), Execution time: mean = 0.00ms, total = 0.00ms, Queueing time: mean = 0.00ms, max = -0.00ms, min = 9223372036854.78ms, total = 0.00ms
	ray::rpc::WorkerInfoGcsService.grpc_client.AddWorkerInfo - 1 total (0 active), Execution time: mean = 0.40ms, total = 0.40ms, Queueing time: mean = 0.00ms, max = -0.00ms, min = 9223372036854.78ms, total = 0.00ms
	ray::rpc::InternalPubSubGcsService.grpc_client.GcsSubscriberCommandBatch.OnReplyReceived - 1 total (0 active), Execution time: mean = 0.10ms, total = 0.10ms, Queueing time: mean = 0.24ms, max = 0.24ms, min = 0.24ms, total = 0.24ms
	ray::rpc::InternalPubSubGcsService.grpc_client.GcsSubscriberPoll - 1 total (1 active), Execution time: mean = 0.00ms, total = 0.00ms, Queueing time: mean = 0.00ms, max = -0.00ms, min = 9223372036854.78ms, total = 0.00ms
	ray::rpc::NodeInfoGcsService.grpc_client.GetAllNodeAddressAndLiveness - 1 total (0 active), Execution time: mean = 0.37ms, total = 0.37ms, Queueing time: mean = 0.00ms, max = -0.00ms, min = 9223372036854.78ms, total = 0.00ms
	ray::rpc::NodeInfoGcsService.grpc_client.GetAllNodeAddressAndLiveness.OnReplyReceived - 1 total (0 active), Execution time: mean = 0.05ms, total = 0.05ms, Queueing time: mean = 0.01ms, max = 0.01ms, min = 0.01ms, total = 0.01ms

-----------------
Task execution event stats:

Global stats: 23847 total (1 active)
Queueing time: mean = 0.06ms, max = 0.83ms, min = 0.00ms, total = 1317.75ms
Execution time:  mean = 0.01ms, total = 355.50ms
Event stats:
	CoreWorker.CheckSignal - 23846 total (1 active), Execution time: mean = 0.01ms, total = 355.50ms, Queueing time: mean = 0.06ms, max = 0.83ms, min = 0.00ms, total = 1317.75ms
	PeriodicalRunner.RunFnPeriodically - 1 total (0 active), Execution time: mean = 0.01ms, total = 0.01ms, Queueing time: mean = 0.00ms, max = 0.00ms, min = 0.00ms, total = 0.00ms

-----------------
Task Event stats:

IO Service Stats:

Global stats: 721 total (1 active)
Queueing time: mean = 0.03ms, max = 0.11ms, min = 0.01ms, total = 21.08ms
Execution time:  mean = 0.33ms, total = 240.52ms
Event stats:
	CoreWorker.deadline_timer.flush_task_events - 240 total (1 active), Execution time: mean = 0.21ms, total = 50.67ms, Queueing time: mean = 0.05ms, max = 0.11ms, min = 0.02ms, total = 11.57ms
	ray::rpc::TaskInfoGcsService.grpc_client.AddTaskEventData - 240 total (0 active), Execution time: mean = 0.76ms, total = 181.86ms, Queueing time: mean = 0.00ms, max = -0.00ms, min = 9223372036854.78ms, total = 0.00ms
	ray::rpc::TaskInfoGcsService.grpc_client.AddTaskEventData.OnReplyReceived - 240 total (0 active), Execution time: mean = 0.03ms, total = 7.81ms, Queueing time: mean = 0.04ms, max = 0.07ms, min = 0.01ms, total = 9.50ms
	PeriodicalRunner.RunFnPeriodically - 1 total (0 active), Execution time: mean = 0.19ms, total = 0.19ms, Queueing time: mean = 0.01ms, max = 0.01ms, min = 0.01ms, total = 0.01ms
Other Stats:
	gcs_grpc_in_progress:0
	event_aggregator_grpc_in_progress:0
	current number of task status events in buffer: 0
	current number of profile events in buffer: 0
	current number of dropped task attempts tracked: 0
	total task events sent: 0 MiB
	total number of task attempts sent: 0
	total number of task attempts dropped reported: 0
	total number of sent failure: 0
	num status task events dropped: 0
	num profile task events dropped: 0
	num ray task events reported to aggregator: 0
	num ray task events failed to report to aggregator: 0
	num of task attempts dropped reported to aggregator: 0
	num of failed requests to aggregator: 0

[2026-02-14 22:26:44,472 I 3161743 3164247] core_worker.cc:455: Event stats:


Global stats: 4358 total (8 active)
Queueing time: mean = 0.51ms, max = 1000.04ms, min = 0.01ms, total = 2209.17ms
Execution time:  mean = 0.08ms, total = 337.20ms
Event stats:
	CoreWorker.RecoverObjects - 2999 total (1 active), Execution time: mean = 0.01ms, total = 26.51ms, Queueing time: mean = 0.05ms, max = 0.22ms, min = 0.01ms, total = 159.56ms
	NodeManagerService.grpc_client.ReportWorkerBacklog.OnReplyReceived - 300 total (0 active), Execution time: mean = 0.03ms, total = 8.01ms, Queueing time: mean = 0.04ms, max = 0.08ms, min = 0.01ms, total = 11.70ms
	CoreWorker.ExitIfParentRayletDies - 300 total (1 active), Execution time: mean = 0.01ms, total = 3.39ms, Queueing time: mean = 0.05ms, max = 0.10ms, min = 0.01ms, total = 15.25ms
	CoreWorker.InternalHeartbeat - 300 total (1 active), Execution time: mean = 0.19ms, total = 57.01ms, Queueing time: mean = 0.05ms, max = 0.10ms, min = 0.02ms, total = 14.06ms
	NodeManagerService.grpc_client.ReportWorkerBacklog - 300 total (0 active), Execution time: mean = 0.75ms, total = 223.50ms, Queueing time: mean = 0.00ms, max = -0.00ms, min = 9223372036854.78ms, total = 0.00ms
	CoreWorker.RecordMetrics - 60 total (1 active), Execution time: mean = 0.06ms, total = 3.55ms, Queueing time: mean = 0.05ms, max = 0.11ms, min = 0.02ms, total = 3.00ms
	CoreWorker.TryDelPendingObjectRefStreams - 30 total (1 active), Execution time: mean = 0.01ms, total = 0.15ms, Queueing time: mean = 0.09ms, max = 0.51ms, min = 0.02ms, total = 2.74ms
	CoreWorkerService.grpc_server.GetCoreWorkerStats.HandleRequestImpl - 20 total (0 active), Execution time: mean = 0.08ms, total = 1.59ms, Queueing time: mean = 0.03ms, max = 0.05ms, min = 0.02ms, total = 0.54ms
	CoreWorkerService.grpc_server.GetCoreWorkerStats - 20 total (0 active), Execution time: mean = 0.29ms, total = 5.84ms, Queueing time: mean = 0.00ms, max = -0.00ms, min = 9223372036854.78ms, total = 0.00ms
	PeriodicalRunner.RunFnPeriodically - 7 total (0 active), Execution time: mean = 0.07ms, total = 0.46ms, Queueing time: mean = 0.18ms, max = 0.45ms, min = 0.01ms, total = 1.24ms
	CoreWorker.PrintEventStats - 5 total (1 active, 1 running), Execution time: mean = 0.54ms, total = 2.72ms, Queueing time: mean = 0.05ms, max = 0.07ms, min = 0.03ms, total = 0.23ms
	ReporterService.grpc_client.HealthCheck.OnReplyReceived - 3 total (0 active), Execution time: mean = 0.15ms, total = 0.44ms, Queueing time: mean = 0.02ms, max = 0.02ms, min = 0.02ms, total = 0.06ms
	ReporterService.grpc_client.HealthCheck - 3 total (0 active), Execution time: mean = 0.77ms, total = 2.30ms, Queueing time: mean = 0.00ms, max = -0.00ms, min = 9223372036854.78ms, total = 0.00ms
	MetricsAgentClient.WaitForServerReadyWithRetry - 2 total (0 active), Execution time: mean = 0.20ms, total = 0.39ms, Queueing time: mean = 1000.03ms, max = 1000.04ms, min = 1000.02ms, total = 2000.06ms
	Publisher.CheckDeadSubscribers - 2 total (1 active), Execution time: mean = 0.00ms, total = 0.01ms, Queueing time: mean = 0.03ms, max = 0.07ms, min = 0.07ms, total = 0.07ms
	ray::rpc::InternalPubSubGcsService.grpc_client.GcsSubscriberCommandBatch - 1 total (0 active), Execution time: mean = 0.41ms, total = 0.41ms, Queueing time: mean = 0.00ms, max = -0.00ms, min = 9223372036854.78ms, total = 0.00ms
	ray::rpc::WorkerInfoGcsService.grpc_client.AddWorkerInfo.OnReplyReceived - 1 total (0 active), Execution time: mean = 0.02ms, total = 0.02ms, Queueing time: mean = 0.39ms, max = 0.39ms, min = 0.39ms, total = 0.39ms
	ray::rpc::WorkerInfoGcsService.grpc_client.AddWorkerInfo - 1 total (0 active), Execution time: mean = 0.40ms, total = 0.40ms, Queueing time: mean = 0.00ms, max = -0.00ms, min = 9223372036854.78ms, total = 0.00ms
	ray::rpc::InternalPubSubGcsService.grpc_client.GcsSubscriberCommandBatch.OnReplyReceived - 1 total (0 active), Execution time: mean = 0.10ms, total = 0.10ms, Queueing time: mean = 0.24ms, max = 0.24ms, min = 0.24ms, total = 0.24ms
	ray::rpc::InternalPubSubGcsService.grpc_client.GcsSubscriberPoll - 1 total (1 active), Execution time: mean = 0.00ms, total = 0.00ms, Queueing time: mean = 0.00ms, max = -0.00ms, min = 9223372036854.78ms, total = 0.00ms
	ray::rpc::NodeInfoGcsService.grpc_client.GetAllNodeAddressAndLiveness - 1 total (0 active), Execution time: mean = 0.37ms, total = 0.37ms, Queueing time: mean = 0.00ms, max = -0.00ms, min = 9223372036854.78ms, total = 0.00ms
	ray::rpc::NodeInfoGcsService.grpc_client.GetAllNodeAddressAndLiveness.OnReplyReceived - 1 total (0 active), Execution time: mean = 0.05ms, total = 0.05ms, Queueing time: mean = 0.01ms, max = 0.01ms, min = 0.01ms, total = 0.01ms

-----------------
Task execution event stats:

Global stats: 29813 total (1 active)
Queueing time: mean = 0.05ms, max = 1.72ms, min = 0.00ms, total = 1604.09ms
Execution time:  mean = 0.01ms, total = 442.91ms
Event stats:
	CoreWorker.CheckSignal - 29812 total (1 active), Execution time: mean = 0.01ms, total = 442.90ms, Queueing time: mean = 0.05ms, max = 1.72ms, min = 0.00ms, total = 1604.09ms
	PeriodicalRunner.RunFnPeriodically - 1 total (0 active), Execution time: mean = 0.01ms, total = 0.01ms, Queueing time: mean = 0.00ms, max = 0.00ms, min = 0.00ms, total = 0.00ms

-----------------
Task Event stats:

IO Service Stats:

Global stats: 901 total (1 active)
Queueing time: mean = 0.03ms, max = 0.11ms, min = 0.01ms, total = 26.97ms
Execution time:  mean = 0.34ms, total = 303.33ms
Event stats:
	CoreWorker.deadline_timer.flush_task_events - 300 total (1 active), Execution time: mean = 0.21ms, total = 63.55ms, Queueing time: mean = 0.05ms, max = 0.11ms, min = 0.02ms, total = 15.00ms
	ray::rpc::TaskInfoGcsService.grpc_client.AddTaskEventData - 300 total (0 active), Execution time: mean = 0.77ms, total = 229.73ms, Queueing time: mean = 0.00ms, max = -0.00ms, min = 9223372036854.78ms, total = 0.00ms
	ray::rpc::TaskInfoGcsService.grpc_client.AddTaskEventData.OnReplyReceived - 300 total (0 active), Execution time: mean = 0.03ms, total = 9.86ms, Queueing time: mean = 0.04ms, max = 0.07ms, min = 0.01ms, total = 11.96ms
	PeriodicalRunner.RunFnPeriodically - 1 total (0 active), Execution time: mean = 0.19ms, total = 0.19ms, Queueing time: mean = 0.01ms, max = 0.01ms, min = 0.01ms, total = 0.01ms
Other Stats:
	gcs_grpc_in_progress:0
	event_aggregator_grpc_in_progress:0
	current number of task status events in buffer: 0
	current number of profile events in buffer: 0
	current number of dropped task attempts tracked: 0
	total task events sent: 0 MiB
	total number of task attempts sent: 0
	total number of task attempts dropped reported: 0
	total number of sent failure: 0
	num status task events dropped: 0
	num profile task events dropped: 0
	num ray task events reported to aggregator: 0
	num ray task events failed to report to aggregator: 0
	num of task attempts dropped reported to aggregator: 0
	num of failed requests to aggregator: 0

[2026-02-14 22:27:44,472 I 3161743 3164247] core_worker.cc:455: Event stats:


Global stats: 5224 total (8 active)
Queueing time: mean = 0.43ms, max = 1000.04ms, min = 0.01ms, total = 2251.93ms
Execution time:  mean = 0.08ms, total = 408.21ms
Event stats:
	CoreWorker.RecoverObjects - 3598 total (1 active), Execution time: mean = 0.01ms, total = 32.12ms, Queueing time: mean = 0.05ms, max = 0.22ms, min = 0.01ms, total = 192.18ms
	NodeManagerService.grpc_client.ReportWorkerBacklog.OnReplyReceived - 360 total (0 active), Execution time: mean = 0.03ms, total = 9.59ms, Queueing time: mean = 0.04ms, max = 0.08ms, min = 0.01ms, total = 14.01ms
	CoreWorker.ExitIfParentRayletDies - 360 total (1 active), Execution time: mean = 0.01ms, total = 4.05ms, Queueing time: mean = 0.05ms, max = 0.10ms, min = 0.01ms, total = 18.39ms
	CoreWorker.InternalHeartbeat - 360 total (1 active), Execution time: mean = 0.19ms, total = 68.40ms, Queueing time: mean = 0.05ms, max = 0.10ms, min = 0.02ms, total = 17.20ms
	NodeManagerService.grpc_client.ReportWorkerBacklog - 360 total (0 active), Execution time: mean = 0.76ms, total = 272.32ms, Queueing time: mean = 0.00ms, max = -0.00ms, min = 9223372036854.78ms, total = 0.00ms
	CoreWorker.RecordMetrics - 72 total (1 active), Execution time: mean = 0.06ms, total = 4.25ms, Queueing time: mean = 0.05ms, max = 0.11ms, min = 0.02ms, total = 3.51ms
	CoreWorker.TryDelPendingObjectRefStreams - 36 total (1 active), Execution time: mean = 0.01ms, total = 0.18ms, Queueing time: mean = 0.10ms, max = 0.65ms, min = 0.02ms, total = 3.60ms
	CoreWorkerService.grpc_server.GetCoreWorkerStats.HandleRequestImpl - 24 total (0 active), Execution time: mean = 0.08ms, total = 1.91ms, Queueing time: mean = 0.03ms, max = 0.05ms, min = 0.02ms, total = 0.67ms
	CoreWorkerService.grpc_server.GetCoreWorkerStats - 24 total (0 active), Execution time: mean = 0.29ms, total = 6.96ms, Queueing time: mean = 0.00ms, max = -0.00ms, min = 9223372036854.78ms, total = 0.00ms
	PeriodicalRunner.RunFnPeriodically - 7 total (0 active), Execution time: mean = 0.07ms, total = 0.46ms, Queueing time: mean = 0.18ms, max = 0.45ms, min = 0.01ms, total = 1.24ms
	CoreWorker.PrintEventStats - 6 total (1 active, 1 running), Execution time: mean = 0.58ms, total = 3.49ms, Queueing time: mean = 0.05ms, max = 0.07ms, min = 0.03ms, total = 0.31ms
	ReporterService.grpc_client.HealthCheck.OnReplyReceived - 3 total (0 active), Execution time: mean = 0.15ms, total = 0.44ms, Queueing time: mean = 0.02ms, max = 0.02ms, min = 0.02ms, total = 0.06ms
	ReporterService.grpc_client.HealthCheck - 3 total (0 active), Execution time: mean = 0.77ms, total = 2.30ms, Queueing time: mean = 0.00ms, max = -0.00ms, min = 9223372036854.78ms, total = 0.00ms
	MetricsAgentClient.WaitForServerReadyWithRetry - 2 total (0 active), Execution time: mean = 0.20ms, total = 0.39ms, Queueing time: mean = 1000.03ms, max = 1000.04ms, min = 1000.02ms, total = 2000.06ms
	Publisher.CheckDeadSubscribers - 2 total (1 active), Execution time: mean = 0.00ms, total = 0.01ms, Queueing time: mean = 0.03ms, max = 0.07ms, min = 0.07ms, total = 0.07ms
	ray::rpc::InternalPubSubGcsService.grpc_client.GcsSubscriberCommandBatch - 1 total (0 active), Execution time: mean = 0.41ms, total = 0.41ms, Queueing time: mean = 0.00ms, max = -0.00ms, min = 9223372036854.78ms, total = 0.00ms
	ray::rpc::WorkerInfoGcsService.grpc_client.AddWorkerInfo.OnReplyReceived - 1 total (0 active), Execution time: mean = 0.02ms, total = 0.02ms, Queueing time: mean = 0.39ms, max = 0.39ms, min = 0.39ms, total = 0.39ms
	ray::rpc::WorkerInfoGcsService.grpc_client.AddWorkerInfo - 1 total (0 active), Execution time: mean = 0.40ms, total = 0.40ms, Queueing time: mean = 0.00ms, max = -0.00ms, min = 9223372036854.78ms, total = 0.00ms
	ray::rpc::InternalPubSubGcsService.grpc_client.GcsSubscriberCommandBatch.OnReplyReceived - 1 total (0 active), Execution time: mean = 0.10ms, total = 0.10ms, Queueing time: mean = 0.24ms, max = 0.24ms, min = 0.24ms, total = 0.24ms
	ray::rpc::InternalPubSubGcsService.grpc_client.GcsSubscriberPoll - 1 total (1 active), Execution time: mean = 0.00ms, total = 0.00ms, Queueing time: mean = 0.00ms, max = -0.00ms, min = 9223372036854.78ms, total = 0.00ms
	ray::rpc::NodeInfoGcsService.grpc_client.GetAllNodeAddressAndLiveness - 1 total (0 active), Execution time: mean = 0.37ms, total = 0.37ms, Queueing time: mean = 0.00ms, max = -0.00ms, min = 9223372036854.78ms, total = 0.00ms
	ray::rpc::NodeInfoGcsService.grpc_client.GetAllNodeAddressAndLiveness.OnReplyReceived - 1 total (0 active), Execution time: mean = 0.05ms, total = 0.05ms, Queueing time: mean = 0.01ms, max = 0.01ms, min = 0.01ms, total = 0.01ms

-----------------
Task execution event stats:

Global stats: 35780 total (1 active)
Queueing time: mean = 0.05ms, max = 1.72ms, min = -0.01ms, total = 1882.83ms
Execution time:  mean = 0.01ms, total = 532.01ms
Event stats:
	CoreWorker.CheckSignal - 35779 total (1 active), Execution time: mean = 0.01ms, total = 532.01ms, Queueing time: mean = 0.05ms, max = 1.72ms, min = -0.01ms, total = 1882.83ms
	PeriodicalRunner.RunFnPeriodically - 1 total (0 active), Execution time: mean = 0.01ms, total = 0.01ms, Queueing time: mean = 0.00ms, max = 0.00ms, min = 0.00ms, total = 0.00ms

-----------------
Task Event stats:

IO Service Stats:

Global stats: 1081 total (1 active)
Queueing time: mean = 0.03ms, max = 0.11ms, min = 0.01ms, total = 33.10ms
Execution time:  mean = 0.34ms, total = 365.47ms
Event stats:
	CoreWorker.deadline_timer.flush_task_events - 360 total (1 active), Execution time: mean = 0.21ms, total = 76.93ms, Queueing time: mean = 0.05ms, max = 0.11ms, min = 0.01ms, total = 18.99ms
	ray::rpc::TaskInfoGcsService.grpc_client.AddTaskEventData - 360 total (0 active), Execution time: mean = 0.77ms, total = 276.42ms, Queueing time: mean = 0.00ms, max = -0.00ms, min = 9223372036854.78ms, total = 0.00ms
	ray::rpc::TaskInfoGcsService.grpc_client.AddTaskEventData.OnReplyReceived - 360 total (0 active), Execution time: mean = 0.03ms, total = 11.93ms, Queueing time: mean = 0.04ms, max = 0.07ms, min = 0.01ms, total = 14.10ms
	PeriodicalRunner.RunFnPeriodically - 1 total (0 active), Execution time: mean = 0.19ms, total = 0.19ms, Queueing time: mean = 0.01ms, max = 0.01ms, min = 0.01ms, total = 0.01ms
Other Stats:
	gcs_grpc_in_progress:0
	event_aggregator_grpc_in_progress:0
	current number of task status events in buffer: 0
	current number of profile events in buffer: 0
	current number of dropped task attempts tracked: 0
	total task events sent: 0 MiB
	total number of task attempts sent: 0
	total number of task attempts dropped reported: 0
	total number of sent failure: 0
	num status task events dropped: 0
	num profile task events dropped: 0
	num ray task events reported to aggregator: 0
	num ray task events failed to report to aggregator: 0
	num of task attempts dropped reported to aggregator: 0
	num of failed requests to aggregator: 0

[2026-02-14 22:27:55,713 I 3161743 3164247] accessor.cc:433: Received address and liveness notification for node, IsAlive = 0 node_id=2c2edfc19d000e26177a4a2292ddce800b84dbfca5e99610037fc462
[2026-02-14 22:27:55,713 I 3161743 3164247] core_worker.cc:740: Node failure. All objects pinned on that node will be lost if object reconstruction is not enabled. node_id=2c2edfc19d000e26177a4a2292ddce800b84dbfca5e99610037fc462
[2026-02-14 22:27:55,713 I 3161743 3164247] normal_task_submitter.cc:840: Number of alive nodes:0
