[2026-01-26 22:22:14,130 I 2672441 2672441] core_worker_process.cc:777: Constructing CoreWorkerProcess. pid: 2672441
[2026-01-26 22:22:14,133 I 2672441 2672441] event.cc:499: Ray Event initialized for CORE_WORKER
[2026-01-26 22:22:14,133 I 2672441 2672441] event.cc:499: Ray Event initialized for EXPORT_TASK
[2026-01-26 22:22:14,133 I 2672441 2672441] event.cc:332: Set ray event level to warning
[2026-01-26 22:22:14,133 I 2672441 2672441] event_aggregator_client.h:50: Initiating the local event aggregator client with port: 62282
[2026-01-26 22:22:14,136 I 2672441 2672441] grpc_server.cc:143: worker server started, listening on port 37415.
[2026-01-26 22:22:14,148 I 2672441 2672441] core_worker_process.cc:262: Initializing worker at address: 172.28.6.5:37415 worker_id=ac3db51fe5277940885c7ba22448b7cc7a68144d887c7eec79b0fd55 node_id=3f7d8f3c2f2ce4ceda046a9e31a63354ce562ec300cdcb32b8fa179b
[2026-01-26 22:22:14,149 I 2672441 2672441] task_event_buffer.cc:480: Reporting task events to GCS every 1000ms.
[2026-01-26 22:22:14,150 I 2672441 2672441] core_worker.cc:515: Adjusted worker niceness to 15
[2026-01-26 22:22:14,150 I 2672441 2672441] metrics_agent_client.cc:45: Initializing exporter ...
[2026-01-26 22:22:14,150 I 2672441 2674815] core_worker.cc:455: Event stats:


Global stats: 12 total (10 active)
Queueing time: mean = 0.00ms, max = 0.02ms, min = 0.01ms, total = 0.03ms
Execution time:  mean = 0.00ms, total = 0.04ms
Event stats:
	PeriodicalRunner.RunFnPeriodically - 7 total (5 active, 1 running), Execution time: mean = 0.01ms, total = 0.04ms, Queueing time: mean = 0.00ms, max = 0.02ms, min = 0.01ms, total = 0.03ms
	ray::rpc::WorkerInfoGcsService.grpc_client.AddWorkerInfo - 1 total (1 active), Execution time: mean = 0.00ms, total = 0.00ms, Queueing time: mean = 0.00ms, max = -0.00ms, min = 9223372036854.78ms, total = 0.00ms
	ray::rpc::InternalPubSubGcsService.grpc_client.GcsSubscriberPoll - 1 total (1 active), Execution time: mean = 0.00ms, total = 0.00ms, Queueing time: mean = 0.00ms, max = -0.00ms, min = 9223372036854.78ms, total = 0.00ms
	CoreWorker.ExitIfParentRayletDies - 1 total (1 active), Execution time: mean = 0.00ms, total = 0.00ms, Queueing time: mean = 0.00ms, max = -0.00ms, min = 9223372036854.78ms, total = 0.00ms
	ray::rpc::InternalPubSubGcsService.grpc_client.GcsSubscriberCommandBatch - 1 total (1 active), Execution time: mean = 0.00ms, total = 0.00ms, Queueing time: mean = 0.00ms, max = -0.00ms, min = 9223372036854.78ms, total = 0.00ms
	Publisher.CheckDeadSubscribers - 1 total (1 active), Execution time: mean = 0.00ms, total = 0.00ms, Queueing time: mean = 0.00ms, max = -0.00ms, min = 9223372036854.78ms, total = 0.00ms

-----------------
Task execution event stats:

Global stats: 0 total (0 active)
Queueing time: mean = -nanms, max = -0.00ms, min = 9223372036854.78ms, total = 0.00ms
Execution time:  mean = -nanms, total = 0.00ms
Event stats:

-----------------
Task Event stats:

IO Service Stats:

Global stats: 4 total (1 active)
Queueing time: mean = 0.01ms, max = 0.02ms, min = 0.01ms, total = 0.03ms
Execution time:  mean = 0.26ms, total = 1.05ms
Event stats:
	CoreWorker.deadline_timer.flush_task_events - 1 total (1 active), Execution time: mean = 0.00ms, total = 0.00ms, Queueing time: mean = 0.00ms, max = -0.00ms, min = 9223372036854.78ms, total = 0.00ms
	ray::rpc::TaskInfoGcsService.grpc_client.AddTaskEventData.OnReplyReceived - 1 total (0 active), Execution time: mean = 0.03ms, total = 0.03ms, Queueing time: mean = 0.02ms, max = 0.02ms, min = 0.02ms, total = 0.02ms
	PeriodicalRunner.RunFnPeriodically - 1 total (0 active), Execution time: mean = 0.28ms, total = 0.28ms, Queueing time: mean = 0.01ms, max = 0.01ms, min = 0.01ms, total = 0.01ms
	ray::rpc::TaskInfoGcsService.grpc_client.AddTaskEventData - 1 total (0 active), Execution time: mean = 0.74ms, total = 0.74ms, Queueing time: mean = 0.00ms, max = -0.00ms, min = 9223372036854.78ms, total = 0.00ms
Other Stats:
	gcs_grpc_in_progress:0
	event_aggregator_grpc_in_progress:0
	current number of task status events in buffer: 0
	current number of profile events in buffer: 0
	current number of dropped task attempts tracked: 0
	total task events sent: 0 MiB
	total number of task attempts sent: 0
	total number of task attempts dropped reported: 0
	total number of sent failure: 0
	num status task events dropped: 0
	num profile task events dropped: 0
	num ray task events reported to aggregator: 0
	num ray task events failed to report to aggregator: 0
	num of task attempts dropped reported to aggregator: 0
	num of failed requests to aggregator: 0

[2026-01-26 22:22:14,151 I 2672441 2674815] accessor.cc:433: Received address and liveness notification for node, IsAlive = 1 node_id=3f7d8f3c2f2ce4ceda046a9e31a63354ce562ec300cdcb32b8fa179b
[2026-01-26 22:22:14,151 I 2672441 2674815] normal_task_submitter.cc:840: Number of alive nodes:1
[2026-01-26 22:22:16,153 I 2672441 2674815] metrics_agent_client.cc:59: Exporter initialized.
[2026-01-26 22:23:14,151 I 2672441 2674815] core_worker.cc:455: Event stats:


Global stats: 890 total (8 active)
Queueing time: mean = 2.30ms, max = 1000.03ms, min = 0.01ms, total = 2045.29ms
Execution time:  mean = 0.08ms, total = 70.71ms
Event stats:
	CoreWorker.RecoverObjects - 600 total (1 active), Execution time: mean = 0.01ms, total = 6.17ms, Queueing time: mean = 0.06ms, max = 0.11ms, min = 0.01ms, total = 34.04ms
	CoreWorker.ExitIfParentRayletDies - 60 total (1 active), Execution time: mean = 0.01ms, total = 0.70ms, Queueing time: mean = 0.06ms, max = 0.19ms, min = 0.02ms, total = 3.61ms
	NodeManagerService.grpc_client.ReportWorkerBacklog - 60 total (0 active), Execution time: mean = 0.69ms, total = 41.56ms, Queueing time: mean = 0.00ms, max = -0.00ms, min = 9223372036854.78ms, total = 0.00ms
	CoreWorker.InternalHeartbeat - 60 total (1 active), Execution time: mean = 0.19ms, total = 11.43ms, Queueing time: mean = 0.05ms, max = 0.09ms, min = 0.02ms, total = 2.89ms
	NodeManagerService.grpc_client.ReportWorkerBacklog.OnReplyReceived - 60 total (0 active), Execution time: mean = 0.03ms, total = 1.50ms, Queueing time: mean = 0.03ms, max = 0.06ms, min = 0.01ms, total = 1.77ms
	CoreWorker.RecordMetrics - 12 total (1 active), Execution time: mean = 0.06ms, total = 0.72ms, Queueing time: mean = 0.04ms, max = 0.09ms, min = 0.01ms, total = 0.50ms
	PeriodicalRunner.RunFnPeriodically - 7 total (0 active), Execution time: mean = 0.09ms, total = 0.66ms, Queueing time: mean = 0.26ms, max = 0.64ms, min = 0.01ms, total = 1.82ms
	CoreWorker.TryDelPendingObjectRefStreams - 6 total (1 active), Execution time: mean = 0.01ms, total = 0.04ms, Queueing time: mean = 0.05ms, max = 0.09ms, min = 0.04ms, total = 0.31ms
	CoreWorkerService.grpc_server.GetCoreWorkerStats.HandleRequestImpl - 4 total (0 active), Execution time: mean = 0.11ms, total = 0.44ms, Queueing time: mean = 0.03ms, max = 0.04ms, min = 0.02ms, total = 0.13ms
	CoreWorkerService.grpc_server.GetCoreWorkerStats - 4 total (0 active), Execution time: mean = 0.33ms, total = 1.31ms, Queueing time: mean = 0.00ms, max = -0.00ms, min = 9223372036854.78ms, total = 0.00ms
	ReporterService.grpc_client.HealthCheck.OnReplyReceived - 3 total (0 active), Execution time: mean = 0.15ms, total = 0.44ms, Queueing time: mean = 0.02ms, max = 0.02ms, min = 0.01ms, total = 0.05ms
	ReporterService.grpc_client.HealthCheck - 3 total (0 active), Execution time: mean = 0.92ms, total = 2.77ms, Queueing time: mean = 0.00ms, max = -0.00ms, min = 9223372036854.78ms, total = 0.00ms
	MetricsAgentClient.WaitForServerReadyWithRetry - 2 total (0 active), Execution time: mean = 0.20ms, total = 0.41ms, Queueing time: mean = 1000.03ms, max = 1000.03ms, min = 1000.03ms, total = 2000.06ms
	ray::rpc::InternalPubSubGcsService.grpc_client.GcsSubscriberPoll - 1 total (1 active), Execution time: mean = 0.00ms, total = 0.00ms, Queueing time: mean = 0.00ms, max = -0.00ms, min = 9223372036854.78ms, total = 0.00ms
	ray::rpc::WorkerInfoGcsService.grpc_client.AddWorkerInfo.OnReplyReceived - 1 total (0 active), Execution time: mean = 0.03ms, total = 0.03ms, Queueing time: mean = 0.06ms, max = 0.06ms, min = 0.06ms, total = 0.06ms
	ray::rpc::NodeInfoGcsService.grpc_client.GetAllNodeAddressAndLiveness.OnReplyReceived - 1 total (0 active), Execution time: mean = 0.06ms, total = 0.06ms, Queueing time: mean = 0.01ms, max = 0.01ms, min = 0.01ms, total = 0.01ms
	ray::rpc::InternalPubSubGcsService.grpc_client.GcsSubscriberCommandBatch - 1 total (0 active), Execution time: mean = 0.85ms, total = 0.85ms, Queueing time: mean = 0.00ms, max = -0.00ms, min = 9223372036854.78ms, total = 0.00ms
	ray::rpc::WorkerInfoGcsService.grpc_client.AddWorkerInfo - 1 total (0 active), Execution time: mean = 0.95ms, total = 0.95ms, Queueing time: mean = 0.00ms, max = -0.00ms, min = 9223372036854.78ms, total = 0.00ms
	ray::rpc::InternalPubSubGcsService.grpc_client.GcsSubscriberCommandBatch.OnReplyReceived - 1 total (0 active), Execution time: mean = 0.15ms, total = 0.15ms, Queueing time: mean = 0.04ms, max = 0.04ms, min = 0.04ms, total = 0.04ms
	Publisher.CheckDeadSubscribers - 1 total (1 active), Execution time: mean = 0.00ms, total = 0.00ms, Queueing time: mean = 0.00ms, max = -0.00ms, min = 9223372036854.78ms, total = 0.00ms
	CoreWorker.PrintEventStats - 1 total (1 active, 1 running), Execution time: mean = 0.00ms, total = 0.00ms, Queueing time: mean = 0.00ms, max = -0.00ms, min = 9223372036854.78ms, total = 0.00ms
	ray::rpc::NodeInfoGcsService.grpc_client.GetAllNodeAddressAndLiveness - 1 total (0 active), Execution time: mean = 0.53ms, total = 0.53ms, Queueing time: mean = 0.00ms, max = -0.00ms, min = 9223372036854.78ms, total = 0.00ms

-----------------
Task execution event stats:

Global stats: 5952 total (1 active)
Queueing time: mean = 0.07ms, max = 9.74ms, min = -0.00ms, total = 431.77ms
Execution time:  mean = 0.01ms, total = 85.76ms
Event stats:
	CoreWorker.CheckSignal - 5951 total (1 active), Execution time: mean = 0.01ms, total = 85.74ms, Queueing time: mean = 0.07ms, max = 9.74ms, min = -0.00ms, total = 431.77ms
	PeriodicalRunner.RunFnPeriodically - 1 total (0 active), Execution time: mean = 0.02ms, total = 0.02ms, Queueing time: mean = 0.01ms, max = 0.01ms, min = 0.01ms, total = 0.01ms

-----------------
Task Event stats:

IO Service Stats:

Global stats: 181 total (1 active)
Queueing time: mean = 0.03ms, max = 0.09ms, min = 0.01ms, total = 4.80ms
Execution time:  mean = 0.33ms, total = 59.31ms
Event stats:
	CoreWorker.deadline_timer.flush_task_events - 60 total (1 active), Execution time: mean = 0.22ms, total = 12.95ms, Queueing time: mean = 0.05ms, max = 0.09ms, min = 0.01ms, total = 3.16ms
	ray::rpc::TaskInfoGcsService.grpc_client.AddTaskEventData.OnReplyReceived - 60 total (0 active), Execution time: mean = 0.03ms, total = 1.95ms, Queueing time: mean = 0.03ms, max = 0.07ms, min = 0.01ms, total = 1.63ms
	ray::rpc::TaskInfoGcsService.grpc_client.AddTaskEventData - 60 total (0 active), Execution time: mean = 0.74ms, total = 44.13ms, Queueing time: mean = 0.00ms, max = -0.00ms, min = 9223372036854.78ms, total = 0.00ms
	PeriodicalRunner.RunFnPeriodically - 1 total (0 active), Execution time: mean = 0.28ms, total = 0.28ms, Queueing time: mean = 0.01ms, max = 0.01ms, min = 0.01ms, total = 0.01ms
Other Stats:
	gcs_grpc_in_progress:0
	event_aggregator_grpc_in_progress:0
	current number of task status events in buffer: 0
	current number of profile events in buffer: 0
	current number of dropped task attempts tracked: 0
	total task events sent: 0 MiB
	total number of task attempts sent: 0
	total number of task attempts dropped reported: 0
	total number of sent failure: 0
	num status task events dropped: 0
	num profile task events dropped: 0
	num ray task events reported to aggregator: 0
	num ray task events failed to report to aggregator: 0
	num of task attempts dropped reported to aggregator: 0
	num of failed requests to aggregator: 0

[2026-01-26 22:24:14,152 I 2672441 2674815] core_worker.cc:455: Event stats:


Global stats: 1757 total (8 active)
Queueing time: mean = 1.19ms, max = 1000.03ms, min = 0.01ms, total = 2089.02ms
Execution time:  mean = 0.08ms, total = 136.66ms
Event stats:
	CoreWorker.RecoverObjects - 1200 total (1 active), Execution time: mean = 0.01ms, total = 11.75ms, Queueing time: mean = 0.06ms, max = 0.11ms, min = 0.01ms, total = 68.07ms
	CoreWorker.ExitIfParentRayletDies - 120 total (1 active), Execution time: mean = 0.01ms, total = 1.34ms, Queueing time: mean = 0.06ms, max = 0.19ms, min = 0.02ms, total = 6.85ms
	NodeManagerService.grpc_client.ReportWorkerBacklog - 120 total (0 active), Execution time: mean = 0.71ms, total = 84.86ms, Queueing time: mean = 0.00ms, max = -0.00ms, min = 9223372036854.78ms, total = 0.00ms
	CoreWorker.InternalHeartbeat - 120 total (1 active), Execution time: mean = 0.19ms, total = 23.06ms, Queueing time: mean = 0.05ms, max = 0.09ms, min = 0.02ms, total = 5.97ms
	NodeManagerService.grpc_client.ReportWorkerBacklog.OnReplyReceived - 120 total (0 active), Execution time: mean = 0.03ms, total = 3.27ms, Queueing time: mean = 0.03ms, max = 0.07ms, min = 0.01ms, total = 4.17ms
	CoreWorker.RecordMetrics - 24 total (1 active), Execution time: mean = 0.07ms, total = 1.60ms, Queueing time: mean = 0.04ms, max = 0.09ms, min = 0.01ms, total = 1.04ms
	CoreWorker.TryDelPendingObjectRefStreams - 12 total (1 active), Execution time: mean = 0.01ms, total = 0.07ms, Queueing time: mean = 0.05ms, max = 0.09ms, min = 0.02ms, total = 0.61ms
	CoreWorkerService.grpc_server.GetCoreWorkerStats.HandleRequestImpl - 8 total (0 active), Execution time: mean = 0.09ms, total = 0.76ms, Queueing time: mean = 0.03ms, max = 0.04ms, min = 0.02ms, total = 0.23ms
	CoreWorkerService.grpc_server.GetCoreWorkerStats - 8 total (0 active), Execution time: mean = 0.31ms, total = 2.48ms, Queueing time: mean = 0.00ms, max = -0.00ms, min = 9223372036854.78ms, total = 0.00ms
	PeriodicalRunner.RunFnPeriodically - 7 total (0 active), Execution time: mean = 0.09ms, total = 0.66ms, Queueing time: mean = 0.26ms, max = 0.64ms, min = 0.01ms, total = 1.82ms
	ReporterService.grpc_client.HealthCheck.OnReplyReceived - 3 total (0 active), Execution time: mean = 0.15ms, total = 0.44ms, Queueing time: mean = 0.02ms, max = 0.02ms, min = 0.01ms, total = 0.05ms
	ReporterService.grpc_client.HealthCheck - 3 total (0 active), Execution time: mean = 0.92ms, total = 2.77ms, Queueing time: mean = 0.00ms, max = -0.00ms, min = 9223372036854.78ms, total = 0.00ms
	MetricsAgentClient.WaitForServerReadyWithRetry - 2 total (0 active), Execution time: mean = 0.20ms, total = 0.41ms, Queueing time: mean = 1000.03ms, max = 1000.03ms, min = 1000.03ms, total = 2000.06ms
	CoreWorker.PrintEventStats - 2 total (1 active, 1 running), Execution time: mean = 0.31ms, total = 0.62ms, Queueing time: mean = 0.01ms, max = 0.03ms, min = 0.03ms, total = 0.03ms
	ray::rpc::InternalPubSubGcsService.grpc_client.GcsSubscriberPoll - 1 total (1 active), Execution time: mean = 0.00ms, total = 0.00ms, Queueing time: mean = 0.00ms, max = -0.00ms, min = 9223372036854.78ms, total = 0.00ms
	ray::rpc::WorkerInfoGcsService.grpc_client.AddWorkerInfo.OnReplyReceived - 1 total (0 active), Execution time: mean = 0.03ms, total = 0.03ms, Queueing time: mean = 0.06ms, max = 0.06ms, min = 0.06ms, total = 0.06ms
	ray::rpc::NodeInfoGcsService.grpc_client.GetAllNodeAddressAndLiveness.OnReplyReceived - 1 total (0 active), Execution time: mean = 0.06ms, total = 0.06ms, Queueing time: mean = 0.01ms, max = 0.01ms, min = 0.01ms, total = 0.01ms
	ray::rpc::InternalPubSubGcsService.grpc_client.GcsSubscriberCommandBatch - 1 total (0 active), Execution time: mean = 0.85ms, total = 0.85ms, Queueing time: mean = 0.00ms, max = -0.00ms, min = 9223372036854.78ms, total = 0.00ms
	ray::rpc::WorkerInfoGcsService.grpc_client.AddWorkerInfo - 1 total (0 active), Execution time: mean = 0.95ms, total = 0.95ms, Queueing time: mean = 0.00ms, max = -0.00ms, min = 9223372036854.78ms, total = 0.00ms
	ray::rpc::InternalPubSubGcsService.grpc_client.GcsSubscriberCommandBatch.OnReplyReceived - 1 total (0 active), Execution time: mean = 0.15ms, total = 0.15ms, Queueing time: mean = 0.04ms, max = 0.04ms, min = 0.04ms, total = 0.04ms
	Publisher.CheckDeadSubscribers - 1 total (1 active), Execution time: mean = 0.00ms, total = 0.00ms, Queueing time: mean = 0.00ms, max = -0.00ms, min = 9223372036854.78ms, total = 0.00ms
	ray::rpc::NodeInfoGcsService.grpc_client.GetAllNodeAddressAndLiveness - 1 total (0 active), Execution time: mean = 0.53ms, total = 0.53ms, Queueing time: mean = 0.00ms, max = -0.00ms, min = 9223372036854.78ms, total = 0.00ms

-----------------
Task execution event stats:

Global stats: 11912 total (1 active)
Queueing time: mean = 0.06ms, max = 9.74ms, min = -0.00ms, total = 772.80ms
Execution time:  mean = 0.01ms, total = 177.57ms
Event stats:
	CoreWorker.CheckSignal - 11911 total (1 active), Execution time: mean = 0.01ms, total = 177.55ms, Queueing time: mean = 0.06ms, max = 9.74ms, min = -0.00ms, total = 772.79ms
	PeriodicalRunner.RunFnPeriodically - 1 total (0 active), Execution time: mean = 0.02ms, total = 0.02ms, Queueing time: mean = 0.01ms, max = 0.01ms, min = 0.01ms, total = 0.01ms

-----------------
Task Event stats:

IO Service Stats:

Global stats: 361 total (1 active)
Queueing time: mean = 0.03ms, max = 0.10ms, min = 0.01ms, total = 10.16ms
Execution time:  mean = 0.33ms, total = 118.85ms
Event stats:
	CoreWorker.deadline_timer.flush_task_events - 120 total (1 active), Execution time: mean = 0.22ms, total = 25.98ms, Queueing time: mean = 0.05ms, max = 0.10ms, min = 0.01ms, total = 6.24ms
	ray::rpc::TaskInfoGcsService.grpc_client.AddTaskEventData.OnReplyReceived - 120 total (0 active), Execution time: mean = 0.03ms, total = 4.12ms, Queueing time: mean = 0.03ms, max = 0.07ms, min = 0.01ms, total = 3.91ms
	ray::rpc::TaskInfoGcsService.grpc_client.AddTaskEventData - 120 total (0 active), Execution time: mean = 0.74ms, total = 88.47ms, Queueing time: mean = 0.00ms, max = -0.00ms, min = 9223372036854.78ms, total = 0.00ms
	PeriodicalRunner.RunFnPeriodically - 1 total (0 active), Execution time: mean = 0.28ms, total = 0.28ms, Queueing time: mean = 0.01ms, max = 0.01ms, min = 0.01ms, total = 0.01ms
Other Stats:
	gcs_grpc_in_progress:0
	event_aggregator_grpc_in_progress:0
	current number of task status events in buffer: 0
	current number of profile events in buffer: 0
	current number of dropped task attempts tracked: 0
	total task events sent: 0 MiB
	total number of task attempts sent: 0
	total number of task attempts dropped reported: 0
	total number of sent failure: 0
	num status task events dropped: 0
	num profile task events dropped: 0
	num ray task events reported to aggregator: 0
	num ray task events failed to report to aggregator: 0
	num of task attempts dropped reported to aggregator: 0
	num of failed requests to aggregator: 0

[2026-01-26 22:25:14,152 I 2672441 2674815] core_worker.cc:455: Event stats:


Global stats: 2623 total (8 active)
Queueing time: mean = 0.81ms, max = 1000.03ms, min = 0.01ms, total = 2133.54ms
Execution time:  mean = 0.08ms, total = 206.93ms
Event stats:
	CoreWorker.RecoverObjects - 1799 total (1 active), Execution time: mean = 0.01ms, total = 17.47ms, Queueing time: mean = 0.06ms, max = 0.12ms, min = 0.01ms, total = 102.10ms
	CoreWorker.ExitIfParentRayletDies - 180 total (1 active), Execution time: mean = 0.01ms, total = 2.01ms, Queueing time: mean = 0.06ms, max = 0.19ms, min = 0.02ms, total = 9.98ms
	NodeManagerService.grpc_client.ReportWorkerBacklog - 180 total (0 active), Execution time: mean = 0.73ms, total = 132.13ms, Queueing time: mean = 0.00ms, max = -0.00ms, min = 9223372036854.78ms, total = 0.00ms
	CoreWorker.InternalHeartbeat - 180 total (1 active), Execution time: mean = 0.19ms, total = 34.70ms, Queueing time: mean = 0.05ms, max = 0.11ms, min = 0.02ms, total = 9.45ms
	NodeManagerService.grpc_client.ReportWorkerBacklog.OnReplyReceived - 180 total (0 active), Execution time: mean = 0.03ms, total = 5.11ms, Queueing time: mean = 0.04ms, max = 0.07ms, min = 0.01ms, total = 6.58ms
	CoreWorker.RecordMetrics - 36 total (1 active), Execution time: mean = 0.06ms, total = 2.33ms, Queueing time: mean = 0.05ms, max = 0.09ms, min = 0.01ms, total = 1.68ms
	CoreWorker.TryDelPendingObjectRefStreams - 18 total (1 active), Execution time: mean = 0.01ms, total = 0.10ms, Queueing time: mean = 0.07ms, max = 0.37ms, min = 0.02ms, total = 1.21ms
	CoreWorkerService.grpc_server.GetCoreWorkerStats.HandleRequestImpl - 12 total (0 active), Execution time: mean = 0.09ms, total = 1.11ms, Queueing time: mean = 0.03ms, max = 0.08ms, min = 0.02ms, total = 0.40ms
	CoreWorkerService.grpc_server.GetCoreWorkerStats - 12 total (0 active), Execution time: mean = 0.32ms, total = 3.79ms, Queueing time: mean = 0.00ms, max = -0.00ms, min = 9223372036854.78ms, total = 0.00ms
	PeriodicalRunner.RunFnPeriodically - 7 total (0 active), Execution time: mean = 0.09ms, total = 0.66ms, Queueing time: mean = 0.26ms, max = 0.64ms, min = 0.01ms, total = 1.82ms
	ReporterService.grpc_client.HealthCheck.OnReplyReceived - 3 total (0 active), Execution time: mean = 0.15ms, total = 0.44ms, Queueing time: mean = 0.02ms, max = 0.02ms, min = 0.01ms, total = 0.05ms
	ReporterService.grpc_client.HealthCheck - 3 total (0 active), Execution time: mean = 0.92ms, total = 2.77ms, Queueing time: mean = 0.00ms, max = -0.00ms, min = 9223372036854.78ms, total = 0.00ms
	CoreWorker.PrintEventStats - 3 total (1 active, 1 running), Execution time: mean = 0.44ms, total = 1.32ms, Queueing time: mean = 0.03ms, max = 0.07ms, min = 0.03ms, total = 0.10ms
	MetricsAgentClient.WaitForServerReadyWithRetry - 2 total (0 active), Execution time: mean = 0.20ms, total = 0.41ms, Queueing time: mean = 1000.03ms, max = 1000.03ms, min = 1000.03ms, total = 2000.06ms
	ray::rpc::InternalPubSubGcsService.grpc_client.GcsSubscriberPoll - 1 total (1 active), Execution time: mean = 0.00ms, total = 0.00ms, Queueing time: mean = 0.00ms, max = -0.00ms, min = 9223372036854.78ms, total = 0.00ms
	ray::rpc::WorkerInfoGcsService.grpc_client.AddWorkerInfo.OnReplyReceived - 1 total (0 active), Execution time: mean = 0.03ms, total = 0.03ms, Queueing time: mean = 0.06ms, max = 0.06ms, min = 0.06ms, total = 0.06ms
	ray::rpc::NodeInfoGcsService.grpc_client.GetAllNodeAddressAndLiveness.OnReplyReceived - 1 total (0 active), Execution time: mean = 0.06ms, total = 0.06ms, Queueing time: mean = 0.01ms, max = 0.01ms, min = 0.01ms, total = 0.01ms
	ray::rpc::InternalPubSubGcsService.grpc_client.GcsSubscriberCommandBatch - 1 total (0 active), Execution time: mean = 0.85ms, total = 0.85ms, Queueing time: mean = 0.00ms, max = -0.00ms, min = 9223372036854.78ms, total = 0.00ms
	ray::rpc::WorkerInfoGcsService.grpc_client.AddWorkerInfo - 1 total (0 active), Execution time: mean = 0.95ms, total = 0.95ms, Queueing time: mean = 0.00ms, max = -0.00ms, min = 9223372036854.78ms, total = 0.00ms
	ray::rpc::InternalPubSubGcsService.grpc_client.GcsSubscriberCommandBatch.OnReplyReceived - 1 total (0 active), Execution time: mean = 0.15ms, total = 0.15ms, Queueing time: mean = 0.04ms, max = 0.04ms, min = 0.04ms, total = 0.04ms
	Publisher.CheckDeadSubscribers - 1 total (1 active), Execution time: mean = 0.00ms, total = 0.00ms, Queueing time: mean = 0.00ms, max = -0.00ms, min = 9223372036854.78ms, total = 0.00ms
	ray::rpc::NodeInfoGcsService.grpc_client.GetAllNodeAddressAndLiveness - 1 total (0 active), Execution time: mean = 0.53ms, total = 0.53ms, Queueing time: mean = 0.00ms, max = -0.00ms, min = 9223372036854.78ms, total = 0.00ms

-----------------
Task execution event stats:

Global stats: 17869 total (1 active)
Queueing time: mean = 0.06ms, max = 9.74ms, min = -0.00ms, total = 1135.93ms
Execution time:  mean = 0.02ms, total = 284.90ms
Event stats:
	CoreWorker.CheckSignal - 17868 total (1 active), Execution time: mean = 0.02ms, total = 284.89ms, Queueing time: mean = 0.06ms, max = 9.74ms, min = -0.00ms, total = 1135.93ms
	PeriodicalRunner.RunFnPeriodically - 1 total (0 active), Execution time: mean = 0.02ms, total = 0.02ms, Queueing time: mean = 0.01ms, max = 0.01ms, min = 0.01ms, total = 0.01ms

-----------------
Task Event stats:

IO Service Stats:

Global stats: 541 total (1 active)
Queueing time: mean = 0.03ms, max = 0.11ms, min = 0.01ms, total = 16.43ms
Execution time:  mean = 0.33ms, total = 180.05ms
Event stats:
	CoreWorker.deadline_timer.flush_task_events - 180 total (1 active), Execution time: mean = 0.22ms, total = 39.49ms, Queueing time: mean = 0.05ms, max = 0.11ms, min = 0.01ms, total = 9.85ms
	ray::rpc::TaskInfoGcsService.grpc_client.AddTaskEventData.OnReplyReceived - 180 total (0 active), Execution time: mean = 0.04ms, total = 6.38ms, Queueing time: mean = 0.04ms, max = 0.08ms, min = 0.01ms, total = 6.57ms
	ray::rpc::TaskInfoGcsService.grpc_client.AddTaskEventData - 180 total (0 active), Execution time: mean = 0.74ms, total = 133.90ms, Queueing time: mean = 0.00ms, max = -0.00ms, min = 9223372036854.78ms, total = 0.00ms
	PeriodicalRunner.RunFnPeriodically - 1 total (0 active), Execution time: mean = 0.28ms, total = 0.28ms, Queueing time: mean = 0.01ms, max = 0.01ms, min = 0.01ms, total = 0.01ms
Other Stats:
	gcs_grpc_in_progress:0
	event_aggregator_grpc_in_progress:0
	current number of task status events in buffer: 0
	current number of profile events in buffer: 0
	current number of dropped task attempts tracked: 0
	total task events sent: 0 MiB
	total number of task attempts sent: 0
	total number of task attempts dropped reported: 0
	total number of sent failure: 0
	num status task events dropped: 0
	num profile task events dropped: 0
	num ray task events reported to aggregator: 0
	num ray task events failed to report to aggregator: 0
	num of task attempts dropped reported to aggregator: 0
	num of failed requests to aggregator: 0

[2026-01-26 22:26:14,153 I 2672441 2674815] core_worker.cc:455: Event stats:


Global stats: 3490 total (8 active)
Queueing time: mean = 0.62ms, max = 1000.03ms, min = 0.01ms, total = 2179.39ms
Execution time:  mean = 0.08ms, total = 275.80ms
Event stats:
	CoreWorker.RecoverObjects - 2399 total (1 active), Execution time: mean = 0.01ms, total = 23.07ms, Queueing time: mean = 0.06ms, max = 0.12ms, min = 0.01ms, total = 136.21ms
	CoreWorker.ExitIfParentRayletDies - 240 total (1 active), Execution time: mean = 0.01ms, total = 2.70ms, Queueing time: mean = 0.06ms, max = 0.19ms, min = 0.01ms, total = 13.60ms
	NodeManagerService.grpc_client.ReportWorkerBacklog - 240 total (0 active), Execution time: mean = 0.74ms, total = 177.56ms, Queueing time: mean = 0.00ms, max = -0.00ms, min = 9223372036854.78ms, total = 0.00ms
	CoreWorker.InternalHeartbeat - 240 total (1 active), Execution time: mean = 0.20ms, total = 46.85ms, Queueing time: mean = 0.05ms, max = 0.11ms, min = 0.02ms, total = 12.84ms
	NodeManagerService.grpc_client.ReportWorkerBacklog.OnReplyReceived - 240 total (0 active), Execution time: mean = 0.03ms, total = 6.97ms, Queueing time: mean = 0.04ms, max = 0.07ms, min = 0.01ms, total = 9.74ms
	CoreWorker.RecordMetrics - 48 total (1 active), Execution time: mean = 0.06ms, total = 3.11ms, Queueing time: mean = 0.05ms, max = 0.09ms, min = 0.01ms, total = 2.37ms
	CoreWorker.TryDelPendingObjectRefStreams - 24 total (1 active), Execution time: mean = 0.01ms, total = 0.14ms, Queueing time: mean = 0.08ms, max = 0.48ms, min = 0.02ms, total = 1.90ms
	CoreWorkerService.grpc_server.GetCoreWorkerStats.HandleRequestImpl - 16 total (0 active), Execution time: mean = 0.09ms, total = 1.43ms, Queueing time: mean = 0.03ms, max = 0.08ms, min = 0.02ms, total = 0.56ms
	CoreWorkerService.grpc_server.GetCoreWorkerStats - 16 total (0 active), Execution time: mean = 0.32ms, total = 5.08ms, Queueing time: mean = 0.00ms, max = -0.00ms, min = 9223372036854.78ms, total = 0.00ms
	PeriodicalRunner.RunFnPeriodically - 7 total (0 active), Execution time: mean = 0.09ms, total = 0.66ms, Queueing time: mean = 0.26ms, max = 0.64ms, min = 0.01ms, total = 1.82ms
	CoreWorker.PrintEventStats - 4 total (1 active, 1 running), Execution time: mean = 0.51ms, total = 2.03ms, Queueing time: mean = 0.03ms, max = 0.07ms, min = 0.03ms, total = 0.13ms
	ReporterService.grpc_client.HealthCheck.OnReplyReceived - 3 total (0 active), Execution time: mean = 0.15ms, total = 0.44ms, Queueing time: mean = 0.02ms, max = 0.02ms, min = 0.01ms, total = 0.05ms
	ReporterService.grpc_client.HealthCheck - 3 total (0 active), Execution time: mean = 0.92ms, total = 2.77ms, Queueing time: mean = 0.00ms, max = -0.00ms, min = 9223372036854.78ms, total = 0.00ms
	MetricsAgentClient.WaitForServerReadyWithRetry - 2 total (0 active), Execution time: mean = 0.20ms, total = 0.41ms, Queueing time: mean = 1000.03ms, max = 1000.03ms, min = 1000.03ms, total = 2000.06ms
	ray::rpc::InternalPubSubGcsService.grpc_client.GcsSubscriberPoll - 1 total (1 active), Execution time: mean = 0.00ms, total = 0.00ms, Queueing time: mean = 0.00ms, max = -0.00ms, min = 9223372036854.78ms, total = 0.00ms
	ray::rpc::WorkerInfoGcsService.grpc_client.AddWorkerInfo.OnReplyReceived - 1 total (0 active), Execution time: mean = 0.03ms, total = 0.03ms, Queueing time: mean = 0.06ms, max = 0.06ms, min = 0.06ms, total = 0.06ms
	ray::rpc::NodeInfoGcsService.grpc_client.GetAllNodeAddressAndLiveness.OnReplyReceived - 1 total (0 active), Execution time: mean = 0.06ms, total = 0.06ms, Queueing time: mean = 0.01ms, max = 0.01ms, min = 0.01ms, total = 0.01ms
	ray::rpc::InternalPubSubGcsService.grpc_client.GcsSubscriberCommandBatch - 1 total (0 active), Execution time: mean = 0.85ms, total = 0.85ms, Queueing time: mean = 0.00ms, max = -0.00ms, min = 9223372036854.78ms, total = 0.00ms
	ray::rpc::WorkerInfoGcsService.grpc_client.AddWorkerInfo - 1 total (0 active), Execution time: mean = 0.95ms, total = 0.95ms, Queueing time: mean = 0.00ms, max = -0.00ms, min = 9223372036854.78ms, total = 0.00ms
	ray::rpc::InternalPubSubGcsService.grpc_client.GcsSubscriberCommandBatch.OnReplyReceived - 1 total (0 active), Execution time: mean = 0.15ms, total = 0.15ms, Queueing time: mean = 0.04ms, max = 0.04ms, min = 0.04ms, total = 0.04ms
	Publisher.CheckDeadSubscribers - 1 total (1 active), Execution time: mean = 0.00ms, total = 0.00ms, Queueing time: mean = 0.00ms, max = -0.00ms, min = 9223372036854.78ms, total = 0.00ms
	ray::rpc::NodeInfoGcsService.grpc_client.GetAllNodeAddressAndLiveness - 1 total (0 active), Execution time: mean = 0.53ms, total = 0.53ms, Queueing time: mean = 0.00ms, max = -0.00ms, min = 9223372036854.78ms, total = 0.00ms

-----------------
Task execution event stats:

Global stats: 23827 total (1 active)
Queueing time: mean = 0.06ms, max = 9.74ms, min = -0.00ms, total = 1494.62ms
Execution time:  mean = 0.02ms, total = 383.59ms
Event stats:
	CoreWorker.CheckSignal - 23826 total (1 active), Execution time: mean = 0.02ms, total = 383.57ms, Queueing time: mean = 0.06ms, max = 9.74ms, min = -0.00ms, total = 1494.62ms
	PeriodicalRunner.RunFnPeriodically - 1 total (0 active), Execution time: mean = 0.02ms, total = 0.02ms, Queueing time: mean = 0.01ms, max = 0.01ms, min = 0.01ms, total = 0.01ms

-----------------
Task Event stats:

IO Service Stats:

Global stats: 721 total (1 active)
Queueing time: mean = 0.03ms, max = 0.11ms, min = 0.01ms, total = 22.35ms
Execution time:  mean = 0.34ms, total = 242.27ms
Event stats:
	CoreWorker.deadline_timer.flush_task_events - 240 total (1 active), Execution time: mean = 0.22ms, total = 52.57ms, Queueing time: mean = 0.06ms, max = 0.11ms, min = 0.01ms, total = 13.61ms
	ray::rpc::TaskInfoGcsService.grpc_client.AddTaskEventData.OnReplyReceived - 240 total (0 active), Execution time: mean = 0.04ms, total = 8.65ms, Queueing time: mean = 0.04ms, max = 0.08ms, min = 0.01ms, total = 8.73ms
	ray::rpc::TaskInfoGcsService.grpc_client.AddTaskEventData - 240 total (0 active), Execution time: mean = 0.75ms, total = 180.77ms, Queueing time: mean = 0.00ms, max = -0.00ms, min = 9223372036854.78ms, total = 0.00ms
	PeriodicalRunner.RunFnPeriodically - 1 total (0 active), Execution time: mean = 0.28ms, total = 0.28ms, Queueing time: mean = 0.01ms, max = 0.01ms, min = 0.01ms, total = 0.01ms
Other Stats:
	gcs_grpc_in_progress:0
	event_aggregator_grpc_in_progress:0
	current number of task status events in buffer: 0
	current number of profile events in buffer: 0
	current number of dropped task attempts tracked: 0
	total task events sent: 0 MiB
	total number of task attempts sent: 0
	total number of task attempts dropped reported: 0
	total number of sent failure: 0
	num status task events dropped: 0
	num profile task events dropped: 0
	num ray task events reported to aggregator: 0
	num ray task events failed to report to aggregator: 0
	num of task attempts dropped reported to aggregator: 0
	num of failed requests to aggregator: 0

[2026-01-26 22:27:14,154 I 2672441 2674815] core_worker.cc:455: Event stats:


Global stats: 4358 total (8 active)
Queueing time: mean = 0.51ms, max = 1000.03ms, min = 0.01ms, total = 2224.27ms
Execution time:  mean = 0.08ms, total = 345.76ms
Event stats:
	CoreWorker.RecoverObjects - 2999 total (1 active), Execution time: mean = 0.01ms, total = 28.85ms, Queueing time: mean = 0.06ms, max = 0.12ms, min = 0.01ms, total = 170.24ms
	CoreWorker.ExitIfParentRayletDies - 300 total (1 active), Execution time: mean = 0.01ms, total = 3.39ms, Queueing time: mean = 0.06ms, max = 0.19ms, min = 0.01ms, total = 16.83ms
	NodeManagerService.grpc_client.ReportWorkerBacklog - 300 total (0 active), Execution time: mean = 0.75ms, total = 223.75ms, Queueing time: mean = 0.00ms, max = -0.00ms, min = 9223372036854.78ms, total = 0.00ms
	CoreWorker.InternalHeartbeat - 300 total (1 active), Execution time: mean = 0.20ms, total = 59.10ms, Queueing time: mean = 0.05ms, max = 0.11ms, min = 0.01ms, total = 15.85ms
	NodeManagerService.grpc_client.ReportWorkerBacklog.OnReplyReceived - 300 total (0 active), Execution time: mean = 0.03ms, total = 8.84ms, Queueing time: mean = 0.04ms, max = 0.07ms, min = 0.01ms, total = 12.54ms
	CoreWorker.RecordMetrics - 60 total (1 active), Execution time: mean = 0.06ms, total = 3.87ms, Queueing time: mean = 0.05ms, max = 0.09ms, min = 0.01ms, total = 3.16ms
	CoreWorker.TryDelPendingObjectRefStreams - 30 total (1 active), Execution time: mean = 0.01ms, total = 0.19ms, Queueing time: mean = 0.09ms, max = 0.54ms, min = 0.02ms, total = 2.72ms
	CoreWorkerService.grpc_server.GetCoreWorkerStats.HandleRequestImpl - 20 total (0 active), Execution time: mean = 0.09ms, total = 1.79ms, Queueing time: mean = 0.03ms, max = 0.08ms, min = 0.02ms, total = 0.66ms
	CoreWorkerService.grpc_server.GetCoreWorkerStats - 20 total (0 active), Execution time: mean = 0.32ms, total = 6.37ms, Queueing time: mean = 0.00ms, max = -0.00ms, min = 9223372036854.78ms, total = 0.00ms
	PeriodicalRunner.RunFnPeriodically - 7 total (0 active), Execution time: mean = 0.09ms, total = 0.66ms, Queueing time: mean = 0.26ms, max = 0.64ms, min = 0.01ms, total = 1.82ms
	CoreWorker.PrintEventStats - 5 total (1 active, 1 running), Execution time: mean = 0.55ms, total = 2.74ms, Queueing time: mean = 0.04ms, max = 0.07ms, min = 0.03ms, total = 0.20ms
	ReporterService.grpc_client.HealthCheck.OnReplyReceived - 3 total (0 active), Execution time: mean = 0.15ms, total = 0.44ms, Queueing time: mean = 0.02ms, max = 0.02ms, min = 0.01ms, total = 0.05ms
	ReporterService.grpc_client.HealthCheck - 3 total (0 active), Execution time: mean = 0.92ms, total = 2.77ms, Queueing time: mean = 0.00ms, max = -0.00ms, min = 9223372036854.78ms, total = 0.00ms
	MetricsAgentClient.WaitForServerReadyWithRetry - 2 total (0 active), Execution time: mean = 0.20ms, total = 0.41ms, Queueing time: mean = 1000.03ms, max = 1000.03ms, min = 1000.03ms, total = 2000.06ms
	Publisher.CheckDeadSubscribers - 2 total (1 active), Execution time: mean = 0.00ms, total = 0.01ms, Queueing time: mean = 0.02ms, max = 0.03ms, min = 0.03ms, total = 0.03ms
	ray::rpc::InternalPubSubGcsService.grpc_client.GcsSubscriberPoll - 1 total (1 active), Execution time: mean = 0.00ms, total = 0.00ms, Queueing time: mean = 0.00ms, max = -0.00ms, min = 9223372036854.78ms, total = 0.00ms
	ray::rpc::WorkerInfoGcsService.grpc_client.AddWorkerInfo.OnReplyReceived - 1 total (0 active), Execution time: mean = 0.03ms, total = 0.03ms, Queueing time: mean = 0.06ms, max = 0.06ms, min = 0.06ms, total = 0.06ms
	ray::rpc::NodeInfoGcsService.grpc_client.GetAllNodeAddressAndLiveness.OnReplyReceived - 1 total (0 active), Execution time: mean = 0.06ms, total = 0.06ms, Queueing time: mean = 0.01ms, max = 0.01ms, min = 0.01ms, total = 0.01ms
	ray::rpc::InternalPubSubGcsService.grpc_client.GcsSubscriberCommandBatch - 1 total (0 active), Execution time: mean = 0.85ms, total = 0.85ms, Queueing time: mean = 0.00ms, max = -0.00ms, min = 9223372036854.78ms, total = 0.00ms
	ray::rpc::WorkerInfoGcsService.grpc_client.AddWorkerInfo - 1 total (0 active), Execution time: mean = 0.95ms, total = 0.95ms, Queueing time: mean = 0.00ms, max = -0.00ms, min = 9223372036854.78ms, total = 0.00ms
	ray::rpc::InternalPubSubGcsService.grpc_client.GcsSubscriberCommandBatch.OnReplyReceived - 1 total (0 active), Execution time: mean = 0.15ms, total = 0.15ms, Queueing time: mean = 0.04ms, max = 0.04ms, min = 0.04ms, total = 0.04ms
	ray::rpc::NodeInfoGcsService.grpc_client.GetAllNodeAddressAndLiveness - 1 total (0 active), Execution time: mean = 0.53ms, total = 0.53ms, Queueing time: mean = 0.00ms, max = -0.00ms, min = 9223372036854.78ms, total = 0.00ms

-----------------
Task execution event stats:

Global stats: 29785 total (1 active)
Queueing time: mean = 0.06ms, max = 9.74ms, min = -0.00ms, total = 1845.23ms
Execution time:  mean = 0.02ms, total = 486.11ms
Event stats:
	CoreWorker.CheckSignal - 29784 total (1 active), Execution time: mean = 0.02ms, total = 486.09ms, Queueing time: mean = 0.06ms, max = 9.74ms, min = -0.00ms, total = 1845.22ms
	PeriodicalRunner.RunFnPeriodically - 1 total (0 active), Execution time: mean = 0.02ms, total = 0.02ms, Queueing time: mean = 0.01ms, max = 0.01ms, min = 0.01ms, total = 0.01ms

-----------------
Task Event stats:

IO Service Stats:

Global stats: 901 total (1 active)
Queueing time: mean = 0.03ms, max = 0.11ms, min = 0.01ms, total = 28.11ms
Execution time:  mean = 0.34ms, total = 305.14ms
Event stats:
	CoreWorker.deadline_timer.flush_task_events - 300 total (1 active), Execution time: mean = 0.22ms, total = 65.72ms, Queueing time: mean = 0.06ms, max = 0.11ms, min = 0.01ms, total = 17.51ms
	ray::rpc::TaskInfoGcsService.grpc_client.AddTaskEventData.OnReplyReceived - 300 total (0 active), Execution time: mean = 0.04ms, total = 10.98ms, Queueing time: mean = 0.04ms, max = 0.08ms, min = 0.01ms, total = 10.59ms
	ray::rpc::TaskInfoGcsService.grpc_client.AddTaskEventData - 300 total (0 active), Execution time: mean = 0.76ms, total = 228.17ms, Queueing time: mean = 0.00ms, max = -0.00ms, min = 9223372036854.78ms, total = 0.00ms
	PeriodicalRunner.RunFnPeriodically - 1 total (0 active), Execution time: mean = 0.28ms, total = 0.28ms, Queueing time: mean = 0.01ms, max = 0.01ms, min = 0.01ms, total = 0.01ms
Other Stats:
	gcs_grpc_in_progress:0
	event_aggregator_grpc_in_progress:0
	current number of task status events in buffer: 0
	current number of profile events in buffer: 0
	current number of dropped task attempts tracked: 0
	total task events sent: 0 MiB
	total number of task attempts sent: 0
	total number of task attempts dropped reported: 0
	total number of sent failure: 0
	num status task events dropped: 0
	num profile task events dropped: 0
	num ray task events reported to aggregator: 0
	num ray task events failed to report to aggregator: 0
	num of task attempts dropped reported to aggregator: 0
	num of failed requests to aggregator: 0

[2026-01-26 22:28:14,155 I 2672441 2674815] core_worker.cc:455: Event stats:


Global stats: 5224 total (8 active)
Queueing time: mean = 0.43ms, max = 1000.03ms, min = 0.01ms, total = 2270.96ms
Execution time:  mean = 0.08ms, total = 413.69ms
Event stats:
	CoreWorker.RecoverObjects - 3598 total (1 active), Execution time: mean = 0.01ms, total = 34.53ms, Queueing time: mean = 0.06ms, max = 0.12ms, min = 0.01ms, total = 205.47ms
	CoreWorker.ExitIfParentRayletDies - 360 total (1 active), Execution time: mean = 0.01ms, total = 4.05ms, Queueing time: mean = 0.06ms, max = 0.19ms, min = 0.01ms, total = 20.43ms
	NodeManagerService.grpc_client.ReportWorkerBacklog - 360 total (0 active), Execution time: mean = 0.75ms, total = 268.50ms, Queueing time: mean = 0.00ms, max = -0.00ms, min = 9223372036854.78ms, total = 0.00ms
	CoreWorker.InternalHeartbeat - 360 total (1 active), Execution time: mean = 0.20ms, total = 70.73ms, Queueing time: mean = 0.05ms, max = 0.11ms, min = 0.01ms, total = 19.18ms
	NodeManagerService.grpc_client.ReportWorkerBacklog.OnReplyReceived - 360 total (0 active), Execution time: mean = 0.03ms, total = 10.69ms, Queueing time: mean = 0.04ms, max = 0.08ms, min = 0.01ms, total = 15.44ms
	CoreWorker.RecordMetrics - 72 total (1 active), Execution time: mean = 0.06ms, total = 4.65ms, Queueing time: mean = 0.05ms, max = 0.09ms, min = 0.01ms, total = 3.95ms
	CoreWorker.TryDelPendingObjectRefStreams - 36 total (1 active), Execution time: mean = 0.01ms, total = 0.22ms, Queueing time: mean = 0.09ms, max = 0.54ms, min = 0.02ms, total = 3.39ms
	CoreWorkerService.grpc_server.GetCoreWorkerStats.HandleRequestImpl - 24 total (0 active), Execution time: mean = 0.09ms, total = 2.14ms, Queueing time: mean = 0.03ms, max = 0.08ms, min = 0.02ms, total = 0.79ms
	CoreWorkerService.grpc_server.GetCoreWorkerStats - 24 total (0 active), Execution time: mean = 0.33ms, total = 7.88ms, Queueing time: mean = 0.00ms, max = -0.00ms, min = 9223372036854.78ms, total = 0.00ms
	PeriodicalRunner.RunFnPeriodically - 7 total (0 active), Execution time: mean = 0.09ms, total = 0.66ms, Queueing time: mean = 0.26ms, max = 0.64ms, min = 0.01ms, total = 1.82ms
	CoreWorker.PrintEventStats - 6 total (1 active, 1 running), Execution time: mean = 0.57ms, total = 3.44ms, Queueing time: mean = 0.04ms, max = 0.07ms, min = 0.03ms, total = 0.23ms
	ReporterService.grpc_client.HealthCheck.OnReplyReceived - 3 total (0 active), Execution time: mean = 0.15ms, total = 0.44ms, Queueing time: mean = 0.02ms, max = 0.02ms, min = 0.01ms, total = 0.05ms
	ReporterService.grpc_client.HealthCheck - 3 total (0 active), Execution time: mean = 0.92ms, total = 2.77ms, Queueing time: mean = 0.00ms, max = -0.00ms, min = 9223372036854.78ms, total = 0.00ms
	MetricsAgentClient.WaitForServerReadyWithRetry - 2 total (0 active), Execution time: mean = 0.20ms, total = 0.41ms, Queueing time: mean = 1000.03ms, max = 1000.03ms, min = 1000.03ms, total = 2000.06ms
	Publisher.CheckDeadSubscribers - 2 total (1 active), Execution time: mean = 0.00ms, total = 0.01ms, Queueing time: mean = 0.02ms, max = 0.03ms, min = 0.03ms, total = 0.03ms
	ray::rpc::InternalPubSubGcsService.grpc_client.GcsSubscriberPoll - 1 total (1 active), Execution time: mean = 0.00ms, total = 0.00ms, Queueing time: mean = 0.00ms, max = -0.00ms, min = 9223372036854.78ms, total = 0.00ms
	ray::rpc::WorkerInfoGcsService.grpc_client.AddWorkerInfo.OnReplyReceived - 1 total (0 active), Execution time: mean = 0.03ms, total = 0.03ms, Queueing time: mean = 0.06ms, max = 0.06ms, min = 0.06ms, total = 0.06ms
	ray::rpc::NodeInfoGcsService.grpc_client.GetAllNodeAddressAndLiveness.OnReplyReceived - 1 total (0 active), Execution time: mean = 0.06ms, total = 0.06ms, Queueing time: mean = 0.01ms, max = 0.01ms, min = 0.01ms, total = 0.01ms
	ray::rpc::InternalPubSubGcsService.grpc_client.GcsSubscriberCommandBatch - 1 total (0 active), Execution time: mean = 0.85ms, total = 0.85ms, Queueing time: mean = 0.00ms, max = -0.00ms, min = 9223372036854.78ms, total = 0.00ms
	ray::rpc::WorkerInfoGcsService.grpc_client.AddWorkerInfo - 1 total (0 active), Execution time: mean = 0.95ms, total = 0.95ms, Queueing time: mean = 0.00ms, max = -0.00ms, min = 9223372036854.78ms, total = 0.00ms
	ray::rpc::InternalPubSubGcsService.grpc_client.GcsSubscriberCommandBatch.OnReplyReceived - 1 total (0 active), Execution time: mean = 0.15ms, total = 0.15ms, Queueing time: mean = 0.04ms, max = 0.04ms, min = 0.04ms, total = 0.04ms
	ray::rpc::NodeInfoGcsService.grpc_client.GetAllNodeAddressAndLiveness - 1 total (0 active), Execution time: mean = 0.53ms, total = 0.53ms, Queueing time: mean = 0.00ms, max = -0.00ms, min = 9223372036854.78ms, total = 0.00ms

-----------------
Task execution event stats:

Global stats: 35745 total (1 active)
Queueing time: mean = 0.06ms, max = 9.74ms, min = -0.00ms, total = 2185.26ms
Execution time:  mean = 0.02ms, total = 583.48ms
Event stats:
	CoreWorker.CheckSignal - 35744 total (1 active), Execution time: mean = 0.02ms, total = 583.46ms, Queueing time: mean = 0.06ms, max = 9.74ms, min = -0.00ms, total = 2185.25ms
	PeriodicalRunner.RunFnPeriodically - 1 total (0 active), Execution time: mean = 0.02ms, total = 0.02ms, Queueing time: mean = 0.01ms, max = 0.01ms, min = 0.01ms, total = 0.01ms

-----------------
Task Event stats:

IO Service Stats:

Global stats: 1081 total (1 active)
Queueing time: mean = 0.03ms, max = 0.11ms, min = 0.01ms, total = 34.59ms
Execution time:  mean = 0.34ms, total = 368.05ms
Event stats:
	CoreWorker.deadline_timer.flush_task_events - 360 total (1 active), Execution time: mean = 0.22ms, total = 78.10ms, Queueing time: mean = 0.06ms, max = 0.11ms, min = 0.01ms, total = 21.86ms
	ray::rpc::TaskInfoGcsService.grpc_client.AddTaskEventData.OnReplyReceived - 360 total (0 active), Execution time: mean = 0.04ms, total = 13.23ms, Queueing time: mean = 0.04ms, max = 0.08ms, min = 0.01ms, total = 12.72ms
	ray::rpc::TaskInfoGcsService.grpc_client.AddTaskEventData - 360 total (0 active), Execution time: mean = 0.77ms, total = 276.45ms, Queueing time: mean = 0.00ms, max = -0.00ms, min = 9223372036854.78ms, total = 0.00ms
	PeriodicalRunner.RunFnPeriodically - 1 total (0 active), Execution time: mean = 0.28ms, total = 0.28ms, Queueing time: mean = 0.01ms, max = 0.01ms, min = 0.01ms, total = 0.01ms
Other Stats:
	gcs_grpc_in_progress:0
	event_aggregator_grpc_in_progress:0
	current number of task status events in buffer: 0
	current number of profile events in buffer: 0
	current number of dropped task attempts tracked: 0
	total task events sent: 0 MiB
	total number of task attempts sent: 0
	total number of task attempts dropped reported: 0
	total number of sent failure: 0
	num status task events dropped: 0
	num profile task events dropped: 0
	num ray task events reported to aggregator: 0
	num ray task events failed to report to aggregator: 0
	num of task attempts dropped reported to aggregator: 0
	num of failed requests to aggregator: 0

[2026-01-26 22:29:14,156 I 2672441 2674815] core_worker.cc:455: Event stats:


Global stats: 6091 total (8 active)
Queueing time: mean = 0.38ms, max = 1000.03ms, min = 0.01ms, total = 2316.32ms
Execution time:  mean = 0.08ms, total = 481.26ms
Event stats:
	CoreWorker.RecoverObjects - 4198 total (1 active), Execution time: mean = 0.01ms, total = 39.94ms, Queueing time: mean = 0.06ms, max = 0.12ms, min = 0.01ms, total = 239.91ms
	CoreWorker.ExitIfParentRayletDies - 420 total (1 active), Execution time: mean = 0.01ms, total = 4.72ms, Queueing time: mean = 0.06ms, max = 0.19ms, min = 0.01ms, total = 23.85ms
	NodeManagerService.grpc_client.ReportWorkerBacklog - 420 total (0 active), Execution time: mean = 0.75ms, total = 313.03ms, Queueing time: mean = 0.00ms, max = -0.00ms, min = 9223372036854.78ms, total = 0.00ms
	CoreWorker.InternalHeartbeat - 420 total (1 active), Execution time: mean = 0.20ms, total = 82.36ms, Queueing time: mean = 0.05ms, max = 0.11ms, min = 0.01ms, total = 22.28ms
	NodeManagerService.grpc_client.ReportWorkerBacklog.OnReplyReceived - 420 total (0 active), Execution time: mean = 0.03ms, total = 12.50ms, Queueing time: mean = 0.04ms, max = 0.08ms, min = 0.01ms, total = 17.97ms
	CoreWorker.RecordMetrics - 84 total (1 active), Execution time: mean = 0.06ms, total = 5.39ms, Queueing time: mean = 0.06ms, max = 0.09ms, min = 0.01ms, total = 4.65ms
	CoreWorker.TryDelPendingObjectRefStreams - 42 total (1 active), Execution time: mean = 0.01ms, total = 0.25ms, Queueing time: mean = 0.10ms, max = 0.67ms, min = 0.02ms, total = 4.34ms
	CoreWorkerService.grpc_server.GetCoreWorkerStats.HandleRequestImpl - 28 total (0 active), Execution time: mean = 0.09ms, total = 2.51ms, Queueing time: mean = 0.03ms, max = 0.08ms, min = 0.02ms, total = 0.97ms
	CoreWorkerService.grpc_server.GetCoreWorkerStats - 28 total (0 active), Execution time: mean = 0.33ms, total = 9.36ms, Queueing time: mean = 0.00ms, max = -0.00ms, min = 9223372036854.78ms, total = 0.00ms
	PeriodicalRunner.RunFnPeriodically - 7 total (0 active), Execution time: mean = 0.09ms, total = 0.66ms, Queueing time: mean = 0.26ms, max = 0.64ms, min = 0.01ms, total = 1.82ms
	CoreWorker.PrintEventStats - 7 total (1 active, 1 running), Execution time: mean = 0.62ms, total = 4.35ms, Queueing time: mean = 0.04ms, max = 0.07ms, min = 0.03ms, total = 0.28ms
	ReporterService.grpc_client.HealthCheck.OnReplyReceived - 3 total (0 active), Execution time: mean = 0.15ms, total = 0.44ms, Queueing time: mean = 0.02ms, max = 0.02ms, min = 0.01ms, total = 0.05ms
	ReporterService.grpc_client.HealthCheck - 3 total (0 active), Execution time: mean = 0.92ms, total = 2.77ms, Queueing time: mean = 0.00ms, max = -0.00ms, min = 9223372036854.78ms, total = 0.00ms
	MetricsAgentClient.WaitForServerReadyWithRetry - 2 total (0 active), Execution time: mean = 0.20ms, total = 0.41ms, Queueing time: mean = 1000.03ms, max = 1000.03ms, min = 1000.03ms, total = 2000.06ms
	Publisher.CheckDeadSubscribers - 2 total (1 active), Execution time: mean = 0.00ms, total = 0.01ms, Queueing time: mean = 0.02ms, max = 0.03ms, min = 0.03ms, total = 0.03ms
	ray::rpc::InternalPubSubGcsService.grpc_client.GcsSubscriberPoll - 1 total (1 active), Execution time: mean = 0.00ms, total = 0.00ms, Queueing time: mean = 0.00ms, max = -0.00ms, min = 9223372036854.78ms, total = 0.00ms
	ray::rpc::WorkerInfoGcsService.grpc_client.AddWorkerInfo.OnReplyReceived - 1 total (0 active), Execution time: mean = 0.03ms, total = 0.03ms, Queueing time: mean = 0.06ms, max = 0.06ms, min = 0.06ms, total = 0.06ms
	ray::rpc::NodeInfoGcsService.grpc_client.GetAllNodeAddressAndLiveness.OnReplyReceived - 1 total (0 active), Execution time: mean = 0.06ms, total = 0.06ms, Queueing time: mean = 0.01ms, max = 0.01ms, min = 0.01ms, total = 0.01ms
	ray::rpc::InternalPubSubGcsService.grpc_client.GcsSubscriberCommandBatch - 1 total (0 active), Execution time: mean = 0.85ms, total = 0.85ms, Queueing time: mean = 0.00ms, max = -0.00ms, min = 9223372036854.78ms, total = 0.00ms
	ray::rpc::WorkerInfoGcsService.grpc_client.AddWorkerInfo - 1 total (0 active), Execution time: mean = 0.95ms, total = 0.95ms, Queueing time: mean = 0.00ms, max = -0.00ms, min = 9223372036854.78ms, total = 0.00ms
	ray::rpc::InternalPubSubGcsService.grpc_client.GcsSubscriberCommandBatch.OnReplyReceived - 1 total (0 active), Execution time: mean = 0.15ms, total = 0.15ms, Queueing time: mean = 0.04ms, max = 0.04ms, min = 0.04ms, total = 0.04ms
	ray::rpc::NodeInfoGcsService.grpc_client.GetAllNodeAddressAndLiveness - 1 total (0 active), Execution time: mean = 0.53ms, total = 0.53ms, Queueing time: mean = 0.00ms, max = -0.00ms, min = 9223372036854.78ms, total = 0.00ms

-----------------
Task execution event stats:

Global stats: 41704 total (1 active)
Queueing time: mean = 0.06ms, max = 9.74ms, min = -0.00ms, total = 2523.64ms
Execution time:  mean = 0.02ms, total = 682.55ms
Event stats:
	CoreWorker.CheckSignal - 41703 total (1 active), Execution time: mean = 0.02ms, total = 682.54ms, Queueing time: mean = 0.06ms, max = 9.74ms, min = -0.00ms, total = 2523.64ms
	PeriodicalRunner.RunFnPeriodically - 1 total (0 active), Execution time: mean = 0.02ms, total = 0.02ms, Queueing time: mean = 0.01ms, max = 0.01ms, min = 0.01ms, total = 0.01ms

-----------------
Task Event stats:

IO Service Stats:

Global stats: 1261 total (1 active)
Queueing time: mean = 0.03ms, max = 0.11ms, min = 0.01ms, total = 40.73ms
Execution time:  mean = 0.34ms, total = 431.92ms
Event stats:
	CoreWorker.deadline_timer.flush_task_events - 420 total (1 active), Execution time: mean = 0.22ms, total = 91.95ms, Queueing time: mean = 0.06ms, max = 0.11ms, min = 0.01ms, total = 25.44ms
	ray::rpc::TaskInfoGcsService.grpc_client.AddTaskEventData.OnReplyReceived - 420 total (0 active), Execution time: mean = 0.04ms, total = 15.64ms, Queueing time: mean = 0.04ms, max = 0.08ms, min = 0.01ms, total = 15.27ms
	ray::rpc::TaskInfoGcsService.grpc_client.AddTaskEventData - 420 total (0 active), Execution time: mean = 0.77ms, total = 324.06ms, Queueing time: mean = 0.00ms, max = -0.00ms, min = 9223372036854.78ms, total = 0.00ms
	PeriodicalRunner.RunFnPeriodically - 1 total (0 active), Execution time: mean = 0.28ms, total = 0.28ms, Queueing time: mean = 0.01ms, max = 0.01ms, min = 0.01ms, total = 0.01ms
Other Stats:
	gcs_grpc_in_progress:0
	event_aggregator_grpc_in_progress:0
	current number of task status events in buffer: 0
	current number of profile events in buffer: 0
	current number of dropped task attempts tracked: 0
	total task events sent: 0 MiB
	total number of task attempts sent: 0
	total number of task attempts dropped reported: 0
	total number of sent failure: 0
	num status task events dropped: 0
	num profile task events dropped: 0
	num ray task events reported to aggregator: 0
	num ray task events failed to report to aggregator: 0
	num of task attempts dropped reported to aggregator: 0
	num of failed requests to aggregator: 0

[2026-01-26 22:30:14,156 I 2672441 2674815] core_worker.cc:455: Event stats:


Global stats: 6958 total (8 active)
Queueing time: mean = 0.34ms, max = 1000.03ms, min = 0.01ms, total = 2365.19ms
Execution time:  mean = 0.08ms, total = 550.82ms
Event stats:
	CoreWorker.RecoverObjects - 4798 total (1 active), Execution time: mean = 0.01ms, total = 45.35ms, Queueing time: mean = 0.06ms, max = 0.12ms, min = 0.01ms, total = 277.54ms
	CoreWorker.ExitIfParentRayletDies - 480 total (1 active), Execution time: mean = 0.01ms, total = 5.36ms, Queueing time: mean = 0.06ms, max = 0.19ms, min = 0.01ms, total = 27.39ms
	NodeManagerService.grpc_client.ReportWorkerBacklog - 480 total (0 active), Execution time: mean = 0.75ms, total = 360.53ms, Queueing time: mean = 0.00ms, max = -0.00ms, min = 9223372036854.78ms, total = 0.00ms
	CoreWorker.InternalHeartbeat - 480 total (1 active), Execution time: mean = 0.19ms, total = 93.42ms, Queueing time: mean = 0.05ms, max = 0.11ms, min = 0.01ms, total = 25.80ms
	NodeManagerService.grpc_client.ReportWorkerBacklog.OnReplyReceived - 480 total (0 active), Execution time: mean = 0.03ms, total = 14.21ms, Queueing time: mean = 0.04ms, max = 0.08ms, min = 0.01ms, total = 20.46ms
	CoreWorker.RecordMetrics - 96 total (1 active), Execution time: mean = 0.06ms, total = 6.17ms, Queueing time: mean = 0.06ms, max = 0.09ms, min = 0.01ms, total = 5.30ms
	CoreWorker.TryDelPendingObjectRefStreams - 48 total (1 active), Execution time: mean = 0.01ms, total = 0.29ms, Queueing time: mean = 0.11ms, max = 0.67ms, min = 0.02ms, total = 5.14ms
	CoreWorkerService.grpc_server.GetCoreWorkerStats.HandleRequestImpl - 32 total (0 active), Execution time: mean = 0.09ms, total = 2.83ms, Queueing time: mean = 0.03ms, max = 0.08ms, min = 0.02ms, total = 1.12ms
	CoreWorkerService.grpc_server.GetCoreWorkerStats - 32 total (0 active), Execution time: mean = 0.34ms, total = 10.77ms, Queueing time: mean = 0.00ms, max = -0.00ms, min = 9223372036854.78ms, total = 0.00ms
	CoreWorker.PrintEventStats - 8 total (1 active, 1 running), Execution time: mean = 0.63ms, total = 5.03ms, Queueing time: mean = 0.04ms, max = 0.07ms, min = 0.03ms, total = 0.36ms
	PeriodicalRunner.RunFnPeriodically - 7 total (0 active), Execution time: mean = 0.09ms, total = 0.66ms, Queueing time: mean = 0.26ms, max = 0.64ms, min = 0.01ms, total = 1.82ms
	ReporterService.grpc_client.HealthCheck.OnReplyReceived - 3 total (0 active), Execution time: mean = 0.15ms, total = 0.44ms, Queueing time: mean = 0.02ms, max = 0.02ms, min = 0.01ms, total = 0.05ms
	ReporterService.grpc_client.HealthCheck - 3 total (0 active), Execution time: mean = 0.92ms, total = 2.77ms, Queueing time: mean = 0.00ms, max = -0.00ms, min = 9223372036854.78ms, total = 0.00ms
	MetricsAgentClient.WaitForServerReadyWithRetry - 2 total (0 active), Execution time: mean = 0.20ms, total = 0.41ms, Queueing time: mean = 1000.03ms, max = 1000.03ms, min = 1000.03ms, total = 2000.06ms
	Publisher.CheckDeadSubscribers - 2 total (1 active), Execution time: mean = 0.00ms, total = 0.01ms, Queueing time: mean = 0.02ms, max = 0.03ms, min = 0.03ms, total = 0.03ms
	ray::rpc::InternalPubSubGcsService.grpc_client.GcsSubscriberPoll - 1 total (1 active), Execution time: mean = 0.00ms, total = 0.00ms, Queueing time: mean = 0.00ms, max = -0.00ms, min = 9223372036854.78ms, total = 0.00ms
	ray::rpc::WorkerInfoGcsService.grpc_client.AddWorkerInfo.OnReplyReceived - 1 total (0 active), Execution time: mean = 0.03ms, total = 0.03ms, Queueing time: mean = 0.06ms, max = 0.06ms, min = 0.06ms, total = 0.06ms
	ray::rpc::NodeInfoGcsService.grpc_client.GetAllNodeAddressAndLiveness.OnReplyReceived - 1 total (0 active), Execution time: mean = 0.06ms, total = 0.06ms, Queueing time: mean = 0.01ms, max = 0.01ms, min = 0.01ms, total = 0.01ms
	ray::rpc::InternalPubSubGcsService.grpc_client.GcsSubscriberCommandBatch - 1 total (0 active), Execution time: mean = 0.85ms, total = 0.85ms, Queueing time: mean = 0.00ms, max = -0.00ms, min = 9223372036854.78ms, total = 0.00ms
	ray::rpc::WorkerInfoGcsService.grpc_client.AddWorkerInfo - 1 total (0 active), Execution time: mean = 0.95ms, total = 0.95ms, Queueing time: mean = 0.00ms, max = -0.00ms, min = 9223372036854.78ms, total = 0.00ms
	ray::rpc::InternalPubSubGcsService.grpc_client.GcsSubscriberCommandBatch.OnReplyReceived - 1 total (0 active), Execution time: mean = 0.15ms, total = 0.15ms, Queueing time: mean = 0.04ms, max = 0.04ms, min = 0.04ms, total = 0.04ms
	ray::rpc::NodeInfoGcsService.grpc_client.GetAllNodeAddressAndLiveness - 1 total (0 active), Execution time: mean = 0.53ms, total = 0.53ms, Queueing time: mean = 0.00ms, max = -0.00ms, min = 9223372036854.78ms, total = 0.00ms

-----------------
Task execution event stats:

Global stats: 47664 total (1 active)
Queueing time: mean = 0.06ms, max = 9.74ms, min = -0.00ms, total = 2858.08ms
Execution time:  mean = 0.02ms, total = 781.16ms
Event stats:
	CoreWorker.CheckSignal - 47663 total (1 active), Execution time: mean = 0.02ms, total = 781.15ms, Queueing time: mean = 0.06ms, max = 9.74ms, min = -0.00ms, total = 2858.07ms
	PeriodicalRunner.RunFnPeriodically - 1 total (0 active), Execution time: mean = 0.02ms, total = 0.02ms, Queueing time: mean = 0.01ms, max = 0.01ms, min = 0.01ms, total = 0.01ms

-----------------
Task Event stats:

IO Service Stats:

Global stats: 1441 total (1 active)
Queueing time: mean = 0.03ms, max = 0.11ms, min = 0.01ms, total = 46.38ms
Execution time:  mean = 0.35ms, total = 497.89ms
Event stats:
	CoreWorker.deadline_timer.flush_task_events - 480 total (1 active), Execution time: mean = 0.22ms, total = 106.21ms, Queueing time: mean = 0.06ms, max = 0.11ms, min = 0.01ms, total = 28.72ms
	ray::rpc::TaskInfoGcsService.grpc_client.AddTaskEventData.OnReplyReceived - 480 total (0 active), Execution time: mean = 0.04ms, total = 18.16ms, Queueing time: mean = 0.04ms, max = 0.08ms, min = 0.01ms, total = 17.65ms
	ray::rpc::TaskInfoGcsService.grpc_client.AddTaskEventData - 480 total (0 active), Execution time: mean = 0.78ms, total = 373.24ms, Queueing time: mean = 0.00ms, max = -0.00ms, min = 9223372036854.78ms, total = 0.00ms
	PeriodicalRunner.RunFnPeriodically - 1 total (0 active), Execution time: mean = 0.28ms, total = 0.28ms, Queueing time: mean = 0.01ms, max = 0.01ms, min = 0.01ms, total = 0.01ms
Other Stats:
	gcs_grpc_in_progress:0
	event_aggregator_grpc_in_progress:0
	current number of task status events in buffer: 0
	current number of profile events in buffer: 0
	current number of dropped task attempts tracked: 0
	total task events sent: 0 MiB
	total number of task attempts sent: 0
	total number of task attempts dropped reported: 0
	total number of sent failure: 0
	num status task events dropped: 0
	num profile task events dropped: 0
	num ray task events reported to aggregator: 0
	num ray task events failed to report to aggregator: 0
	num of task attempts dropped reported to aggregator: 0
	num of failed requests to aggregator: 0

[2026-01-26 22:31:14,157 I 2672441 2674815] core_worker.cc:455: Event stats:


Global stats: 7822 total (8 active)
Queueing time: mean = 0.31ms, max = 1000.03ms, min = 0.01ms, total = 2415.37ms
Execution time:  mean = 0.08ms, total = 617.56ms
Event stats:
	CoreWorker.RecoverObjects - 5397 total (1 active), Execution time: mean = 0.01ms, total = 50.62ms, Queueing time: mean = 0.06ms, max = 0.12ms, min = 0.01ms, total = 315.62ms
	CoreWorker.ExitIfParentRayletDies - 540 total (1 active), Execution time: mean = 0.01ms, total = 6.00ms, Queueing time: mean = 0.06ms, max = 0.19ms, min = 0.01ms, total = 31.23ms
	NodeManagerService.grpc_client.ReportWorkerBacklog - 540 total (0 active), Execution time: mean = 0.75ms, total = 406.28ms, Queueing time: mean = 0.00ms, max = -0.00ms, min = 9223372036854.78ms, total = 0.00ms
	CoreWorker.InternalHeartbeat - 540 total (1 active), Execution time: mean = 0.19ms, total = 104.00ms, Queueing time: mean = 0.06ms, max = 0.11ms, min = 0.01ms, total = 29.73ms
	NodeManagerService.grpc_client.ReportWorkerBacklog.OnReplyReceived - 540 total (0 active), Execution time: mean = 0.03ms, total = 15.99ms, Queueing time: mean = 0.04ms, max = 0.08ms, min = 0.01ms, total = 23.01ms
	CoreWorker.RecordMetrics - 108 total (1 active), Execution time: mean = 0.06ms, total = 6.86ms, Queueing time: mean = 0.06ms, max = 0.09ms, min = 0.01ms, total = 6.15ms
	CoreWorker.TryDelPendingObjectRefStreams - 54 total (1 active), Execution time: mean = 0.01ms, total = 0.32ms, Queueing time: mean = 0.11ms, max = 0.67ms, min = 0.02ms, total = 5.89ms
	CoreWorkerService.grpc_server.GetCoreWorkerStats.HandleRequestImpl - 35 total (0 active), Execution time: mean = 0.09ms, total = 3.09ms, Queueing time: mean = 0.04ms, max = 0.08ms, min = 0.02ms, total = 1.24ms
	CoreWorkerService.grpc_server.GetCoreWorkerStats - 35 total (0 active), Execution time: mean = 0.34ms, total = 11.82ms, Queueing time: mean = 0.00ms, max = -0.00ms, min = 9223372036854.78ms, total = 0.00ms
	CoreWorker.PrintEventStats - 9 total (1 active, 1 running), Execution time: mean = 0.64ms, total = 5.72ms, Queueing time: mean = 0.05ms, max = 0.07ms, min = 0.03ms, total = 0.43ms
	PeriodicalRunner.RunFnPeriodically - 7 total (0 active), Execution time: mean = 0.09ms, total = 0.66ms, Queueing time: mean = 0.26ms, max = 0.64ms, min = 0.01ms, total = 1.82ms
	ReporterService.grpc_client.HealthCheck.OnReplyReceived - 3 total (0 active), Execution time: mean = 0.15ms, total = 0.44ms, Queueing time: mean = 0.02ms, max = 0.02ms, min = 0.01ms, total = 0.05ms
	ReporterService.grpc_client.HealthCheck - 3 total (0 active), Execution time: mean = 0.92ms, total = 2.77ms, Queueing time: mean = 0.00ms, max = -0.00ms, min = 9223372036854.78ms, total = 0.00ms
	MetricsAgentClient.WaitForServerReadyWithRetry - 2 total (0 active), Execution time: mean = 0.20ms, total = 0.41ms, Queueing time: mean = 1000.03ms, max = 1000.03ms, min = 1000.03ms, total = 2000.06ms
	Publisher.CheckDeadSubscribers - 2 total (1 active), Execution time: mean = 0.00ms, total = 0.01ms, Queueing time: mean = 0.02ms, max = 0.03ms, min = 0.03ms, total = 0.03ms
	ray::rpc::InternalPubSubGcsService.grpc_client.GcsSubscriberPoll - 1 total (1 active), Execution time: mean = 0.00ms, total = 0.00ms, Queueing time: mean = 0.00ms, max = -0.00ms, min = 9223372036854.78ms, total = 0.00ms
	ray::rpc::WorkerInfoGcsService.grpc_client.AddWorkerInfo.OnReplyReceived - 1 total (0 active), Execution time: mean = 0.03ms, total = 0.03ms, Queueing time: mean = 0.06ms, max = 0.06ms, min = 0.06ms, total = 0.06ms
	ray::rpc::NodeInfoGcsService.grpc_client.GetAllNodeAddressAndLiveness.OnReplyReceived - 1 total (0 active), Execution time: mean = 0.06ms, total = 0.06ms, Queueing time: mean = 0.01ms, max = 0.01ms, min = 0.01ms, total = 0.01ms
	ray::rpc::InternalPubSubGcsService.grpc_client.GcsSubscriberCommandBatch - 1 total (0 active), Execution time: mean = 0.85ms, total = 0.85ms, Queueing time: mean = 0.00ms, max = -0.00ms, min = 9223372036854.78ms, total = 0.00ms
	ray::rpc::WorkerInfoGcsService.grpc_client.AddWorkerInfo - 1 total (0 active), Execution time: mean = 0.95ms, total = 0.95ms, Queueing time: mean = 0.00ms, max = -0.00ms, min = 9223372036854.78ms, total = 0.00ms
	ray::rpc::InternalPubSubGcsService.grpc_client.GcsSubscriberCommandBatch.OnReplyReceived - 1 total (0 active), Execution time: mean = 0.15ms, total = 0.15ms, Queueing time: mean = 0.04ms, max = 0.04ms, min = 0.04ms, total = 0.04ms
	ray::rpc::NodeInfoGcsService.grpc_client.GetAllNodeAddressAndLiveness - 1 total (0 active), Execution time: mean = 0.53ms, total = 0.53ms, Queueing time: mean = 0.00ms, max = -0.00ms, min = 9223372036854.78ms, total = 0.00ms

-----------------
Task execution event stats:

Global stats: 53625 total (1 active)
Queueing time: mean = 0.06ms, max = 9.74ms, min = -0.00ms, total = 3187.44ms
Execution time:  mean = 0.02ms, total = 881.45ms
Event stats:
	CoreWorker.CheckSignal - 53624 total (1 active), Execution time: mean = 0.02ms, total = 881.43ms, Queueing time: mean = 0.06ms, max = 9.74ms, min = -0.00ms, total = 3187.43ms
	PeriodicalRunner.RunFnPeriodically - 1 total (0 active), Execution time: mean = 0.02ms, total = 0.02ms, Queueing time: mean = 0.01ms, max = 0.01ms, min = 0.01ms, total = 0.01ms

-----------------
Task Event stats:

IO Service Stats:

Global stats: 1621 total (1 active)
Queueing time: mean = 0.03ms, max = 0.11ms, min = 0.01ms, total = 53.52ms
Execution time:  mean = 0.35ms, total = 564.62ms
Event stats:
	CoreWorker.deadline_timer.flush_task_events - 540 total (1 active), Execution time: mean = 0.22ms, total = 118.71ms, Queueing time: mean = 0.06ms, max = 0.11ms, min = 0.01ms, total = 32.67ms
	ray::rpc::TaskInfoGcsService.grpc_client.AddTaskEventData.OnReplyReceived - 540 total (0 active), Execution time: mean = 0.04ms, total = 20.50ms, Queueing time: mean = 0.04ms, max = 0.08ms, min = 0.01ms, total = 20.84ms
	ray::rpc::TaskInfoGcsService.grpc_client.AddTaskEventData - 540 total (0 active), Execution time: mean = 0.79ms, total = 425.13ms, Queueing time: mean = 0.00ms, max = -0.00ms, min = 9223372036854.78ms, total = 0.00ms
	PeriodicalRunner.RunFnPeriodically - 1 total (0 active), Execution time: mean = 0.28ms, total = 0.28ms, Queueing time: mean = 0.01ms, max = 0.01ms, min = 0.01ms, total = 0.01ms
Other Stats:
	gcs_grpc_in_progress:0
	event_aggregator_grpc_in_progress:0
	current number of task status events in buffer: 0
	current number of profile events in buffer: 0
	current number of dropped task attempts tracked: 0
	total task events sent: 0 MiB
	total number of task attempts sent: 0
	total number of task attempts dropped reported: 0
	total number of sent failure: 0
	num status task events dropped: 0
	num profile task events dropped: 0
	num ray task events reported to aggregator: 0
	num ray task events failed to report to aggregator: 0
	num of task attempts dropped reported to aggregator: 0
	num of failed requests to aggregator: 0

[2026-01-26 22:32:14,158 I 2672441 2674815] core_worker.cc:455: Event stats:


Global stats: 8692 total (8 active)
Queueing time: mean = 0.28ms, max = 1000.03ms, min = 0.01ms, total = 2465.76ms
Execution time:  mean = 68.62ms, total = 596406.65ms
Event stats:
	CoreWorker.RecoverObjects - 5997 total (1 active), Execution time: mean = 0.01ms, total = 55.87ms, Queueing time: mean = 0.06ms, max = 0.12ms, min = 0.01ms, total = 353.66ms
	CoreWorker.ExitIfParentRayletDies - 600 total (1 active), Execution time: mean = 0.01ms, total = 6.64ms, Queueing time: mean = 0.06ms, max = 0.19ms, min = 0.01ms, total = 34.96ms
	NodeManagerService.grpc_client.ReportWorkerBacklog - 600 total (0 active), Execution time: mean = 0.76ms, total = 455.39ms, Queueing time: mean = 0.00ms, max = -0.00ms, min = 9223372036854.78ms, total = 0.00ms
	CoreWorker.InternalHeartbeat - 600 total (1 active), Execution time: mean = 0.19ms, total = 114.60ms, Queueing time: mean = 0.06ms, max = 0.12ms, min = 0.01ms, total = 33.59ms
	NodeManagerService.grpc_client.ReportWorkerBacklog.OnReplyReceived - 600 total (0 active), Execution time: mean = 0.03ms, total = 17.73ms, Queueing time: mean = 0.04ms, max = 0.08ms, min = 0.01ms, total = 26.00ms
	CoreWorker.RecordMetrics - 120 total (1 active), Execution time: mean = 0.06ms, total = 7.58ms, Queueing time: mean = 0.06ms, max = 0.09ms, min = 0.01ms, total = 6.98ms
	CoreWorker.TryDelPendingObjectRefStreams - 60 total (1 active), Execution time: mean = 0.01ms, total = 0.36ms, Queueing time: mean = 0.11ms, max = 0.67ms, min = 0.02ms, total = 6.54ms
	CoreWorkerService.grpc_server.GetCoreWorkerStats - 39 total (0 active), Execution time: mean = 0.34ms, total = 13.15ms, Queueing time: mean = 0.00ms, max = -0.00ms, min = 9223372036854.78ms, total = 0.00ms
	CoreWorkerService.grpc_server.GetCoreWorkerStats.HandleRequestImpl - 39 total (0 active), Execution time: mean = 0.09ms, total = 3.43ms, Queueing time: mean = 0.04ms, max = 0.08ms, min = 0.02ms, total = 1.38ms
	CoreWorker.PrintEventStats - 10 total (1 active, 1 running), Execution time: mean = 0.64ms, total = 6.41ms, Queueing time: mean = 0.05ms, max = 0.07ms, min = 0.03ms, total = 0.50ms
	PeriodicalRunner.RunFnPeriodically - 7 total (0 active), Execution time: mean = 0.09ms, total = 0.66ms, Queueing time: mean = 0.26ms, max = 0.64ms, min = 0.01ms, total = 1.82ms
	ReporterService.grpc_client.HealthCheck - 3 total (0 active), Execution time: mean = 0.92ms, total = 2.77ms, Queueing time: mean = 0.00ms, max = -0.00ms, min = 9223372036854.78ms, total = 0.00ms
	Publisher.CheckDeadSubscribers - 3 total (1 active), Execution time: mean = 0.00ms, total = 0.01ms, Queueing time: mean = 0.02ms, max = 0.03ms, min = 0.03ms, total = 0.07ms
	ReporterService.grpc_client.HealthCheck.OnReplyReceived - 3 total (0 active), Execution time: mean = 0.15ms, total = 0.44ms, Queueing time: mean = 0.02ms, max = 0.02ms, min = 0.01ms, total = 0.05ms
	MetricsAgentClient.WaitForServerReadyWithRetry - 2 total (0 active), Execution time: mean = 0.20ms, total = 0.41ms, Queueing time: mean = 1000.03ms, max = 1000.03ms, min = 1000.03ms, total = 2000.06ms
	ray::rpc::InternalPubSubGcsService.grpc_client.GcsSubscriberPoll - 2 total (1 active), Execution time: mean = 297859.03ms, total = 595718.07ms, Queueing time: mean = 0.00ms, max = -0.00ms, min = 9223372036854.78ms, total = 0.00ms
	ray::rpc::InternalPubSubGcsService.grpc_client.GcsSubscriberPoll.OnReplyReceived - 1 total (0 active), Execution time: mean = 0.57ms, total = 0.57ms, Queueing time: mean = 0.03ms, max = 0.03ms, min = 0.03ms, total = 0.03ms
	ray::rpc::WorkerInfoGcsService.grpc_client.AddWorkerInfo - 1 total (0 active), Execution time: mean = 0.95ms, total = 0.95ms, Queueing time: mean = 0.00ms, max = -0.00ms, min = 9223372036854.78ms, total = 0.00ms
	ray::rpc::NodeInfoGcsService.grpc_client.GetAllNodeAddressAndLiveness.OnReplyReceived - 1 total (0 active), Execution time: mean = 0.06ms, total = 0.06ms, Queueing time: mean = 0.01ms, max = 0.01ms, min = 0.01ms, total = 0.01ms
	ray::rpc::WorkerInfoGcsService.grpc_client.AddWorkerInfo.OnReplyReceived - 1 total (0 active), Execution time: mean = 0.03ms, total = 0.03ms, Queueing time: mean = 0.06ms, max = 0.06ms, min = 0.06ms, total = 0.06ms
	ray::rpc::InternalPubSubGcsService.grpc_client.GcsSubscriberCommandBatch - 1 total (0 active), Execution time: mean = 0.85ms, total = 0.85ms, Queueing time: mean = 0.00ms, max = -0.00ms, min = 9223372036854.78ms, total = 0.00ms
	ray::rpc::InternalPubSubGcsService.grpc_client.GcsSubscriberCommandBatch.OnReplyReceived - 1 total (0 active), Execution time: mean = 0.15ms, total = 0.15ms, Queueing time: mean = 0.04ms, max = 0.04ms, min = 0.04ms, total = 0.04ms
	ray::rpc::NodeInfoGcsService.grpc_client.GetAllNodeAddressAndLiveness - 1 total (0 active), Execution time: mean = 0.53ms, total = 0.53ms, Queueing time: mean = 0.00ms, max = -0.00ms, min = 9223372036854.78ms, total = 0.00ms

-----------------
Task execution event stats:

Global stats: 59585 total (1 active)
Queueing time: mean = 0.06ms, max = 9.74ms, min = -0.00ms, total = 3520.08ms
Execution time:  mean = 0.02ms, total = 979.11ms
Event stats:
	CoreWorker.CheckSignal - 59584 total (1 active), Execution time: mean = 0.02ms, total = 979.09ms, Queueing time: mean = 0.06ms, max = 9.74ms, min = -0.00ms, total = 3520.07ms
	PeriodicalRunner.RunFnPeriodically - 1 total (0 active), Execution time: mean = 0.02ms, total = 0.02ms, Queueing time: mean = 0.01ms, max = 0.01ms, min = 0.01ms, total = 0.01ms

-----------------
Task Event stats:

IO Service Stats:

Global stats: 1801 total (1 active)
Queueing time: mean = 0.03ms, max = 0.12ms, min = 0.01ms, total = 59.33ms
Execution time:  mean = 0.35ms, total = 629.47ms
Event stats:
	CoreWorker.deadline_timer.flush_task_events - 600 total (1 active), Execution time: mean = 0.22ms, total = 132.37ms, Queueing time: mean = 0.06ms, max = 0.12ms, min = 0.01ms, total = 35.95ms
	ray::rpc::TaskInfoGcsService.grpc_client.AddTaskEventData.OnReplyReceived - 600 total (0 active), Execution time: mean = 0.04ms, total = 22.84ms, Queueing time: mean = 0.04ms, max = 0.08ms, min = 0.01ms, total = 23.37ms
	ray::rpc::TaskInfoGcsService.grpc_client.AddTaskEventData - 600 total (0 active), Execution time: mean = 0.79ms, total = 473.98ms, Queueing time: mean = 0.00ms, max = -0.00ms, min = 9223372036854.78ms, total = 0.00ms
	PeriodicalRunner.RunFnPeriodically - 1 total (0 active), Execution time: mean = 0.28ms, total = 0.28ms, Queueing time: mean = 0.01ms, max = 0.01ms, min = 0.01ms, total = 0.01ms
Other Stats:
	gcs_grpc_in_progress:0
	event_aggregator_grpc_in_progress:0
	current number of task status events in buffer: 0
	current number of profile events in buffer: 0
	current number of dropped task attempts tracked: 0
	total task events sent: 0 MiB
	total number of task attempts sent: 0
	total number of task attempts dropped reported: 0
	total number of sent failure: 0
	num status task events dropped: 0
	num profile task events dropped: 0
	num ray task events reported to aggregator: 0
	num ray task events failed to report to aggregator: 0
	num of task attempts dropped reported to aggregator: 0
	num of failed requests to aggregator: 0

[2026-01-26 22:32:15,117 I 2672441 2674815] accessor.cc:433: Received address and liveness notification for node, IsAlive = 0 node_id=3f7d8f3c2f2ce4ceda046a9e31a63354ce562ec300cdcb32b8fa179b
[2026-01-26 22:32:15,117 I 2672441 2674815] core_worker.cc:740: Node failure. All objects pinned on that node will be lost if object reconstruction is not enabled. node_id=3f7d8f3c2f2ce4ceda046a9e31a63354ce562ec300cdcb32b8fa179b
[2026-01-26 22:32:15,117 I 2672441 2674815] normal_task_submitter.cc:840: Number of alive nodes:0
