[2026-01-26 22:22:14,127 I 2672437 2672437] core_worker_process.cc:777: Constructing CoreWorkerProcess. pid: 2672437
[2026-01-26 22:22:14,133 I 2672437 2672437] event.cc:499: Ray Event initialized for CORE_WORKER
[2026-01-26 22:22:14,133 I 2672437 2672437] event.cc:499: Ray Event initialized for EXPORT_TASK
[2026-01-26 22:22:14,133 I 2672437 2672437] event.cc:332: Set ray event level to warning
[2026-01-26 22:22:14,133 I 2672437 2672437] event_aggregator_client.h:50: Initiating the local event aggregator client with port: 62282
[2026-01-26 22:22:14,135 I 2672437 2672437] grpc_server.cc:143: worker server started, listening on port 42021.
[2026-01-26 22:22:14,147 I 2672437 2672437] core_worker_process.cc:262: Initializing worker at address: 172.28.6.5:42021 worker_id=d6bbfe5eeedae617e42511ae682ef7ddf98d860c1ee11ba35fbd09b2 node_id=3f7d8f3c2f2ce4ceda046a9e31a63354ce562ec300cdcb32b8fa179b
[2026-01-26 22:22:14,148 I 2672437 2672437] task_event_buffer.cc:480: Reporting task events to GCS every 1000ms.
[2026-01-26 22:22:14,149 I 2672437 2672437] core_worker.cc:515: Adjusted worker niceness to 15
[2026-01-26 22:22:14,149 I 2672437 2672437] metrics_agent_client.cc:45: Initializing exporter ...
[2026-01-26 22:22:14,150 I 2672437 2674814] core_worker.cc:455: Event stats:


Global stats: 12 total (10 active)
Queueing time: mean = 0.00ms, max = 0.03ms, min = 0.02ms, total = 0.05ms
Execution time:  mean = 0.01ms, total = 0.07ms
Event stats:
	PeriodicalRunner.RunFnPeriodically - 7 total (5 active, 1 running), Execution time: mean = 0.01ms, total = 0.07ms, Queueing time: mean = 0.01ms, max = 0.03ms, min = 0.02ms, total = 0.05ms
	ray::rpc::InternalPubSubGcsService.grpc_client.GcsSubscriberCommandBatch - 1 total (1 active), Execution time: mean = 0.00ms, total = 0.00ms, Queueing time: mean = 0.00ms, max = -0.00ms, min = 9223372036854.78ms, total = 0.00ms
	ray::rpc::InternalPubSubGcsService.grpc_client.GcsSubscriberPoll - 1 total (1 active), Execution time: mean = 0.00ms, total = 0.00ms, Queueing time: mean = 0.00ms, max = -0.00ms, min = 9223372036854.78ms, total = 0.00ms
	CoreWorker.ExitIfParentRayletDies - 1 total (1 active), Execution time: mean = 0.00ms, total = 0.00ms, Queueing time: mean = 0.00ms, max = -0.00ms, min = 9223372036854.78ms, total = 0.00ms
	ray::rpc::WorkerInfoGcsService.grpc_client.AddWorkerInfo - 1 total (1 active), Execution time: mean = 0.00ms, total = 0.00ms, Queueing time: mean = 0.00ms, max = -0.00ms, min = 9223372036854.78ms, total = 0.00ms
	Publisher.CheckDeadSubscribers - 1 total (1 active), Execution time: mean = 0.00ms, total = 0.00ms, Queueing time: mean = 0.00ms, max = -0.00ms, min = 9223372036854.78ms, total = 0.00ms

-----------------
Task execution event stats:

Global stats: 0 total (0 active)
Queueing time: mean = -nanms, max = -0.00ms, min = 9223372036854.78ms, total = 0.00ms
Execution time:  mean = -nanms, total = 0.00ms
Event stats:

-----------------
Task Event stats:

IO Service Stats:

Global stats: 4 total (1 active)
Queueing time: mean = 0.01ms, max = 0.04ms, min = 0.01ms, total = 0.05ms
Execution time:  mean = 0.22ms, total = 0.87ms
Event stats:
	CoreWorker.deadline_timer.flush_task_events - 1 total (1 active), Execution time: mean = 0.00ms, total = 0.00ms, Queueing time: mean = 0.00ms, max = -0.00ms, min = 9223372036854.78ms, total = 0.00ms
	ray::rpc::TaskInfoGcsService.grpc_client.AddTaskEventData - 1 total (0 active), Execution time: mean = 0.61ms, total = 0.61ms, Queueing time: mean = 0.00ms, max = -0.00ms, min = 9223372036854.78ms, total = 0.00ms
	ray::rpc::TaskInfoGcsService.grpc_client.AddTaskEventData.OnReplyReceived - 1 total (0 active), Execution time: mean = 0.03ms, total = 0.03ms, Queueing time: mean = 0.04ms, max = 0.04ms, min = 0.04ms, total = 0.04ms
	PeriodicalRunner.RunFnPeriodically - 1 total (0 active), Execution time: mean = 0.23ms, total = 0.23ms, Queueing time: mean = 0.01ms, max = 0.01ms, min = 0.01ms, total = 0.01ms
Other Stats:
	gcs_grpc_in_progress:0
	event_aggregator_grpc_in_progress:0
	current number of task status events in buffer: 0
	current number of profile events in buffer: 0
	current number of dropped task attempts tracked: 0
	total task events sent: 0 MiB
	total number of task attempts sent: 0
	total number of task attempts dropped reported: 0
	total number of sent failure: 0
	num status task events dropped: 0
	num profile task events dropped: 0
	num ray task events reported to aggregator: 0
	num ray task events failed to report to aggregator: 0
	num of task attempts dropped reported to aggregator: 0
	num of failed requests to aggregator: 0

[2026-01-26 22:22:14,151 I 2672437 2674814] accessor.cc:433: Received address and liveness notification for node, IsAlive = 1 node_id=3f7d8f3c2f2ce4ceda046a9e31a63354ce562ec300cdcb32b8fa179b
[2026-01-26 22:22:14,151 I 2672437 2674814] normal_task_submitter.cc:840: Number of alive nodes:1
[2026-01-26 22:22:16,153 I 2672437 2674814] metrics_agent_client.cc:59: Exporter initialized.
[2026-01-26 22:23:14,150 I 2672437 2674814] core_worker.cc:455: Event stats:


Global stats: 890 total (8 active)
Queueing time: mean = 2.30ms, max = 1000.03ms, min = 0.01ms, total = 2047.40ms
Execution time:  mean = 0.09ms, total = 78.48ms
Event stats:
	CoreWorker.RecoverObjects - 600 total (1 active), Execution time: mean = 0.01ms, total = 5.95ms, Queueing time: mean = 0.05ms, max = 0.17ms, min = 0.02ms, total = 32.81ms
	CoreWorker.ExitIfParentRayletDies - 60 total (1 active), Execution time: mean = 0.01ms, total = 0.65ms, Queueing time: mean = 0.05ms, max = 0.08ms, min = 0.01ms, total = 3.25ms
	CoreWorker.InternalHeartbeat - 60 total (1 active), Execution time: mean = 0.19ms, total = 11.42ms, Queueing time: mean = 0.05ms, max = 0.10ms, min = 0.02ms, total = 2.98ms
	NodeManagerService.grpc_client.ReportWorkerBacklog - 60 total (0 active), Execution time: mean = 0.82ms, total = 49.39ms, Queueing time: mean = 0.00ms, max = -0.00ms, min = 9223372036854.78ms, total = 0.00ms
	NodeManagerService.grpc_client.ReportWorkerBacklog.OnReplyReceived - 60 total (0 active), Execution time: mean = 0.03ms, total = 1.61ms, Queueing time: mean = 0.03ms, max = 0.06ms, min = 0.01ms, total = 1.84ms
	CoreWorker.RecordMetrics - 12 total (1 active), Execution time: mean = 0.05ms, total = 0.63ms, Queueing time: mean = 0.04ms, max = 0.07ms, min = 0.01ms, total = 0.44ms
	PeriodicalRunner.RunFnPeriodically - 7 total (0 active), Execution time: mean = 0.17ms, total = 1.17ms, Queueing time: mean = 0.49ms, max = 1.14ms, min = 0.02ms, total = 3.46ms
	CoreWorker.TryDelPendingObjectRefStreams - 6 total (1 active), Execution time: mean = 0.00ms, total = 0.03ms, Queueing time: mean = 0.05ms, max = 0.08ms, min = 0.01ms, total = 0.29ms
	CoreWorkerService.grpc_server.GetCoreWorkerStats.HandleRequestImpl - 4 total (0 active), Execution time: mean = 0.10ms, total = 0.39ms, Queueing time: mean = 0.03ms, max = 0.05ms, min = 0.02ms, total = 0.12ms
	CoreWorkerService.grpc_server.GetCoreWorkerStats - 4 total (0 active), Execution time: mean = 0.34ms, total = 1.34ms, Queueing time: mean = 0.00ms, max = -0.00ms, min = 9223372036854.78ms, total = 0.00ms
	ReporterService.grpc_client.HealthCheck.OnReplyReceived - 3 total (0 active), Execution time: mean = 0.16ms, total = 0.47ms, Queueing time: mean = 0.22ms, max = 0.62ms, min = 0.02ms, total = 0.65ms
	ReporterService.grpc_client.HealthCheck - 3 total (0 active), Execution time: mean = 0.92ms, total = 2.77ms, Queueing time: mean = 0.00ms, max = -0.00ms, min = 9223372036854.78ms, total = 0.00ms
	MetricsAgentClient.WaitForServerReadyWithRetry - 2 total (0 active), Execution time: mean = 0.16ms, total = 0.33ms, Queueing time: mean = 1000.02ms, max = 1000.03ms, min = 1000.02ms, total = 2000.05ms
	ray::rpc::InternalPubSubGcsService.grpc_client.GcsSubscriberCommandBatch - 1 total (0 active), Execution time: mean = 0.67ms, total = 0.67ms, Queueing time: mean = 0.00ms, max = -0.00ms, min = 9223372036854.78ms, total = 0.00ms
	ray::rpc::InternalPubSubGcsService.grpc_client.GcsSubscriberCommandBatch.OnReplyReceived - 1 total (0 active), Execution time: mean = 0.23ms, total = 0.23ms, Queueing time: mean = 0.70ms, max = 0.70ms, min = 0.70ms, total = 0.70ms
	Publisher.CheckDeadSubscribers - 1 total (1 active), Execution time: mean = 0.00ms, total = 0.00ms, Queueing time: mean = 0.00ms, max = -0.00ms, min = 9223372036854.78ms, total = 0.00ms
	ray::rpc::WorkerInfoGcsService.grpc_client.AddWorkerInfo.OnReplyReceived - 1 total (0 active), Execution time: mean = 0.03ms, total = 0.03ms, Queueing time: mean = 0.79ms, max = 0.79ms, min = 0.79ms, total = 0.79ms
	ray::rpc::InternalPubSubGcsService.grpc_client.GcsSubscriberPoll - 1 total (1 active), Execution time: mean = 0.00ms, total = 0.00ms, Queueing time: mean = 0.00ms, max = -0.00ms, min = 9223372036854.78ms, total = 0.00ms
	ray::rpc::NodeInfoGcsService.grpc_client.GetAllNodeAddressAndLiveness - 1 total (0 active), Execution time: mean = 0.65ms, total = 0.65ms, Queueing time: mean = 0.00ms, max = -0.00ms, min = 9223372036854.78ms, total = 0.00ms
	ray::rpc::WorkerInfoGcsService.grpc_client.AddWorkerInfo - 1 total (0 active), Execution time: mean = 0.70ms, total = 0.70ms, Queueing time: mean = 0.00ms, max = -0.00ms, min = 9223372036854.78ms, total = 0.00ms
	ray::rpc::NodeInfoGcsService.grpc_client.GetAllNodeAddressAndLiveness.OnReplyReceived - 1 total (0 active), Execution time: mean = 0.07ms, total = 0.07ms, Queueing time: mean = 0.01ms, max = 0.01ms, min = 0.01ms, total = 0.01ms
	CoreWorker.PrintEventStats - 1 total (1 active, 1 running), Execution time: mean = 0.00ms, total = 0.00ms, Queueing time: mean = 0.00ms, max = -0.00ms, min = 9223372036854.78ms, total = 0.00ms

-----------------
Task execution event stats:

Global stats: 5945 total (1 active)
Queueing time: mean = 0.08ms, max = 11.59ms, min = 0.01ms, total = 497.92ms
Execution time:  mean = 0.02ms, total = 96.18ms
Event stats:
	CoreWorker.CheckSignal - 5944 total (1 active), Execution time: mean = 0.02ms, total = 96.16ms, Queueing time: mean = 0.08ms, max = 11.59ms, min = 0.01ms, total = 497.91ms
	PeriodicalRunner.RunFnPeriodically - 1 total (0 active), Execution time: mean = 0.02ms, total = 0.02ms, Queueing time: mean = 0.01ms, max = 0.01ms, min = 0.01ms, total = 0.01ms

-----------------
Task Event stats:

IO Service Stats:

Global stats: 181 total (1 active)
Queueing time: mean = 0.03ms, max = 0.11ms, min = 0.01ms, total = 5.28ms
Execution time:  mean = 0.34ms, total = 61.28ms
Event stats:
	CoreWorker.deadline_timer.flush_task_events - 60 total (1 active), Execution time: mean = 0.22ms, total = 13.46ms, Queueing time: mean = 0.06ms, max = 0.11ms, min = 0.02ms, total = 3.46ms
	ray::rpc::TaskInfoGcsService.grpc_client.AddTaskEventData - 60 total (0 active), Execution time: mean = 0.76ms, total = 45.56ms, Queueing time: mean = 0.00ms, max = -0.00ms, min = 9223372036854.78ms, total = 0.00ms
	ray::rpc::TaskInfoGcsService.grpc_client.AddTaskEventData.OnReplyReceived - 60 total (0 active), Execution time: mean = 0.03ms, total = 2.02ms, Queueing time: mean = 0.03ms, max = 0.07ms, min = 0.02ms, total = 1.81ms
	PeriodicalRunner.RunFnPeriodically - 1 total (0 active), Execution time: mean = 0.23ms, total = 0.23ms, Queueing time: mean = 0.01ms, max = 0.01ms, min = 0.01ms, total = 0.01ms
Other Stats:
	gcs_grpc_in_progress:0
	event_aggregator_grpc_in_progress:0
	current number of task status events in buffer: 0
	current number of profile events in buffer: 0
	current number of dropped task attempts tracked: 0
	total task events sent: 0 MiB
	total number of task attempts sent: 0
	total number of task attempts dropped reported: 0
	total number of sent failure: 0
	num status task events dropped: 0
	num profile task events dropped: 0
	num ray task events reported to aggregator: 0
	num ray task events failed to report to aggregator: 0
	num of task attempts dropped reported to aggregator: 0
	num of failed requests to aggregator: 0

[2026-01-26 22:24:14,151 I 2672437 2674814] core_worker.cc:455: Event stats:


Global stats: 1757 total (8 active)
Queueing time: mean = 1.19ms, max = 1000.03ms, min = 0.00ms, total = 2091.05ms
Execution time:  mean = 0.09ms, total = 150.94ms
Event stats:
	CoreWorker.RecoverObjects - 1200 total (1 active), Execution time: mean = 0.01ms, total = 11.56ms, Queueing time: mean = 0.06ms, max = 0.17ms, min = 0.00ms, total = 66.50ms
	CoreWorker.ExitIfParentRayletDies - 120 total (1 active), Execution time: mean = 0.01ms, total = 1.35ms, Queueing time: mean = 0.05ms, max = 0.08ms, min = 0.01ms, total = 6.30ms
	CoreWorker.InternalHeartbeat - 120 total (1 active), Execution time: mean = 0.19ms, total = 22.93ms, Queueing time: mean = 0.05ms, max = 0.10ms, min = 0.02ms, total = 6.28ms
	NodeManagerService.grpc_client.ReportWorkerBacklog - 120 total (0 active), Execution time: mean = 0.83ms, total = 99.14ms, Queueing time: mean = 0.00ms, max = -0.00ms, min = 9223372036854.78ms, total = 0.00ms
	NodeManagerService.grpc_client.ReportWorkerBacklog.OnReplyReceived - 120 total (0 active), Execution time: mean = 0.03ms, total = 3.47ms, Queueing time: mean = 0.03ms, max = 0.09ms, min = 0.01ms, total = 4.19ms
	CoreWorker.RecordMetrics - 24 total (1 active), Execution time: mean = 0.06ms, total = 1.53ms, Queueing time: mean = 0.05ms, max = 0.08ms, min = 0.01ms, total = 1.16ms
	CoreWorker.TryDelPendingObjectRefStreams - 12 total (1 active), Execution time: mean = 0.01ms, total = 0.06ms, Queueing time: mean = 0.05ms, max = 0.08ms, min = 0.01ms, total = 0.64ms
	CoreWorkerService.grpc_server.GetCoreWorkerStats - 8 total (0 active), Execution time: mean = 0.30ms, total = 2.43ms, Queueing time: mean = 0.00ms, max = -0.00ms, min = 9223372036854.78ms, total = 0.00ms
	CoreWorkerService.grpc_server.GetCoreWorkerStats.HandleRequestImpl - 8 total (0 active), Execution time: mean = 0.09ms, total = 0.72ms, Queueing time: mean = 0.03ms, max = 0.05ms, min = 0.02ms, total = 0.23ms
	PeriodicalRunner.RunFnPeriodically - 7 total (0 active), Execution time: mean = 0.17ms, total = 1.17ms, Queueing time: mean = 0.49ms, max = 1.14ms, min = 0.02ms, total = 3.46ms
	ReporterService.grpc_client.HealthCheck - 3 total (0 active), Execution time: mean = 0.92ms, total = 2.77ms, Queueing time: mean = 0.00ms, max = -0.00ms, min = 9223372036854.78ms, total = 0.00ms
	ReporterService.grpc_client.HealthCheck.OnReplyReceived - 3 total (0 active), Execution time: mean = 0.16ms, total = 0.47ms, Queueing time: mean = 0.22ms, max = 0.62ms, min = 0.02ms, total = 0.65ms
	MetricsAgentClient.WaitForServerReadyWithRetry - 2 total (0 active), Execution time: mean = 0.16ms, total = 0.33ms, Queueing time: mean = 1000.02ms, max = 1000.03ms, min = 1000.02ms, total = 2000.05ms
	CoreWorker.PrintEventStats - 2 total (1 active, 1 running), Execution time: mean = 0.34ms, total = 0.68ms, Queueing time: mean = 0.04ms, max = 0.08ms, min = 0.08ms, total = 0.08ms
	ray::rpc::InternalPubSubGcsService.grpc_client.GcsSubscriberCommandBatch - 1 total (0 active), Execution time: mean = 0.67ms, total = 0.67ms, Queueing time: mean = 0.00ms, max = -0.00ms, min = 9223372036854.78ms, total = 0.00ms
	Publisher.CheckDeadSubscribers - 1 total (1 active), Execution time: mean = 0.00ms, total = 0.00ms, Queueing time: mean = 0.00ms, max = -0.00ms, min = 9223372036854.78ms, total = 0.00ms
	ray::rpc::InternalPubSubGcsService.grpc_client.GcsSubscriberCommandBatch.OnReplyReceived - 1 total (0 active), Execution time: mean = 0.23ms, total = 0.23ms, Queueing time: mean = 0.70ms, max = 0.70ms, min = 0.70ms, total = 0.70ms
	ray::rpc::InternalPubSubGcsService.grpc_client.GcsSubscriberPoll - 1 total (1 active), Execution time: mean = 0.00ms, total = 0.00ms, Queueing time: mean = 0.00ms, max = -0.00ms, min = 9223372036854.78ms, total = 0.00ms
	ray::rpc::WorkerInfoGcsService.grpc_client.AddWorkerInfo.OnReplyReceived - 1 total (0 active), Execution time: mean = 0.03ms, total = 0.03ms, Queueing time: mean = 0.79ms, max = 0.79ms, min = 0.79ms, total = 0.79ms
	ray::rpc::NodeInfoGcsService.grpc_client.GetAllNodeAddressAndLiveness - 1 total (0 active), Execution time: mean = 0.65ms, total = 0.65ms, Queueing time: mean = 0.00ms, max = -0.00ms, min = 9223372036854.78ms, total = 0.00ms
	ray::rpc::WorkerInfoGcsService.grpc_client.AddWorkerInfo - 1 total (0 active), Execution time: mean = 0.70ms, total = 0.70ms, Queueing time: mean = 0.00ms, max = -0.00ms, min = 9223372036854.78ms, total = 0.00ms
	ray::rpc::NodeInfoGcsService.grpc_client.GetAllNodeAddressAndLiveness.OnReplyReceived - 1 total (0 active), Execution time: mean = 0.07ms, total = 0.07ms, Queueing time: mean = 0.01ms, max = 0.01ms, min = 0.01ms, total = 0.01ms

-----------------
Task execution event stats:

Global stats: 11905 total (1 active)
Queueing time: mean = 0.07ms, max = 11.59ms, min = 0.01ms, total = 836.86ms
Execution time:  mean = 0.02ms, total = 187.44ms
Event stats:
	CoreWorker.CheckSignal - 11904 total (1 active), Execution time: mean = 0.02ms, total = 187.42ms, Queueing time: mean = 0.07ms, max = 11.59ms, min = 0.01ms, total = 836.85ms
	PeriodicalRunner.RunFnPeriodically - 1 total (0 active), Execution time: mean = 0.02ms, total = 0.02ms, Queueing time: mean = 0.01ms, max = 0.01ms, min = 0.01ms, total = 0.01ms

-----------------
Task Event stats:

IO Service Stats:

Global stats: 361 total (1 active)
Queueing time: mean = 0.03ms, max = 0.13ms, min = 0.01ms, total = 10.64ms
Execution time:  mean = 0.34ms, total = 122.23ms
Event stats:
	CoreWorker.deadline_timer.flush_task_events - 120 total (1 active), Execution time: mean = 0.22ms, total = 26.73ms, Queueing time: mean = 0.05ms, max = 0.13ms, min = 0.02ms, total = 6.49ms
	ray::rpc::TaskInfoGcsService.grpc_client.AddTaskEventData - 120 total (0 active), Execution time: mean = 0.76ms, total = 91.07ms, Queueing time: mean = 0.00ms, max = -0.00ms, min = 9223372036854.78ms, total = 0.00ms
	ray::rpc::TaskInfoGcsService.grpc_client.AddTaskEventData.OnReplyReceived - 120 total (0 active), Execution time: mean = 0.04ms, total = 4.20ms, Queueing time: mean = 0.03ms, max = 0.07ms, min = 0.02ms, total = 4.14ms
	PeriodicalRunner.RunFnPeriodically - 1 total (0 active), Execution time: mean = 0.23ms, total = 0.23ms, Queueing time: mean = 0.01ms, max = 0.01ms, min = 0.01ms, total = 0.01ms
Other Stats:
	gcs_grpc_in_progress:0
	event_aggregator_grpc_in_progress:0
	current number of task status events in buffer: 0
	current number of profile events in buffer: 0
	current number of dropped task attempts tracked: 0
	total task events sent: 0 MiB
	total number of task attempts sent: 0
	total number of task attempts dropped reported: 0
	total number of sent failure: 0
	num status task events dropped: 0
	num profile task events dropped: 0
	num ray task events reported to aggregator: 0
	num ray task events failed to report to aggregator: 0
	num of task attempts dropped reported to aggregator: 0
	num of failed requests to aggregator: 0

[2026-01-26 22:25:14,152 I 2672437 2674814] core_worker.cc:455: Event stats:


Global stats: 2623 total (8 active)
Queueing time: mean = 0.82ms, max = 1000.03ms, min = 0.00ms, total = 2137.87ms
Execution time:  mean = 0.09ms, total = 226.73ms
Event stats:
	CoreWorker.RecoverObjects - 1799 total (1 active), Execution time: mean = 0.01ms, total = 17.16ms, Queueing time: mean = 0.06ms, max = 0.93ms, min = 0.00ms, total = 102.59ms
	CoreWorker.ExitIfParentRayletDies - 180 total (1 active), Execution time: mean = 0.01ms, total = 2.01ms, Queueing time: mean = 0.05ms, max = 0.08ms, min = 0.01ms, total = 9.77ms
	CoreWorker.InternalHeartbeat - 180 total (1 active), Execution time: mean = 0.19ms, total = 34.67ms, Queueing time: mean = 0.05ms, max = 0.10ms, min = 0.02ms, total = 9.86ms
	NodeManagerService.grpc_client.ReportWorkerBacklog - 180 total (0 active), Execution time: mean = 0.84ms, total = 151.63ms, Queueing time: mean = 0.00ms, max = -0.00ms, min = 9223372036854.78ms, total = 0.00ms
	NodeManagerService.grpc_client.ReportWorkerBacklog.OnReplyReceived - 180 total (0 active), Execution time: mean = 0.03ms, total = 5.42ms, Queueing time: mean = 0.04ms, max = 0.09ms, min = 0.01ms, total = 6.51ms
	CoreWorker.RecordMetrics - 36 total (1 active), Execution time: mean = 0.07ms, total = 2.35ms, Queueing time: mean = 0.05ms, max = 0.08ms, min = 0.01ms, total = 1.83ms
	CoreWorker.TryDelPendingObjectRefStreams - 18 total (1 active), Execution time: mean = 0.01ms, total = 0.10ms, Queueing time: mean = 0.06ms, max = 0.28ms, min = 0.01ms, total = 1.12ms
	CoreWorkerService.grpc_server.GetCoreWorkerStats - 12 total (0 active), Execution time: mean = 0.32ms, total = 3.83ms, Queueing time: mean = 0.00ms, max = -0.00ms, min = 9223372036854.78ms, total = 0.00ms
	CoreWorkerService.grpc_server.GetCoreWorkerStats.HandleRequestImpl - 12 total (0 active), Execution time: mean = 0.09ms, total = 1.07ms, Queueing time: mean = 0.03ms, max = 0.08ms, min = 0.02ms, total = 0.41ms
	PeriodicalRunner.RunFnPeriodically - 7 total (0 active), Execution time: mean = 0.17ms, total = 1.17ms, Queueing time: mean = 0.49ms, max = 1.14ms, min = 0.02ms, total = 3.46ms
	ReporterService.grpc_client.HealthCheck - 3 total (0 active), Execution time: mean = 0.92ms, total = 2.77ms, Queueing time: mean = 0.00ms, max = -0.00ms, min = 9223372036854.78ms, total = 0.00ms
	ReporterService.grpc_client.HealthCheck.OnReplyReceived - 3 total (0 active), Execution time: mean = 0.16ms, total = 0.47ms, Queueing time: mean = 0.22ms, max = 0.62ms, min = 0.02ms, total = 0.65ms
	CoreWorker.PrintEventStats - 3 total (1 active, 1 running), Execution time: mean = 0.48ms, total = 1.43ms, Queueing time: mean = 0.04ms, max = 0.08ms, min = 0.04ms, total = 0.11ms
	MetricsAgentClient.WaitForServerReadyWithRetry - 2 total (0 active), Execution time: mean = 0.16ms, total = 0.33ms, Queueing time: mean = 1000.02ms, max = 1000.03ms, min = 1000.02ms, total = 2000.05ms
	ray::rpc::InternalPubSubGcsService.grpc_client.GcsSubscriberCommandBatch - 1 total (0 active), Execution time: mean = 0.67ms, total = 0.67ms, Queueing time: mean = 0.00ms, max = -0.00ms, min = 9223372036854.78ms, total = 0.00ms
	Publisher.CheckDeadSubscribers - 1 total (1 active), Execution time: mean = 0.00ms, total = 0.00ms, Queueing time: mean = 0.00ms, max = -0.00ms, min = 9223372036854.78ms, total = 0.00ms
	ray::rpc::InternalPubSubGcsService.grpc_client.GcsSubscriberCommandBatch.OnReplyReceived - 1 total (0 active), Execution time: mean = 0.23ms, total = 0.23ms, Queueing time: mean = 0.70ms, max = 0.70ms, min = 0.70ms, total = 0.70ms
	ray::rpc::InternalPubSubGcsService.grpc_client.GcsSubscriberPoll - 1 total (1 active), Execution time: mean = 0.00ms, total = 0.00ms, Queueing time: mean = 0.00ms, max = -0.00ms, min = 9223372036854.78ms, total = 0.00ms
	ray::rpc::WorkerInfoGcsService.grpc_client.AddWorkerInfo.OnReplyReceived - 1 total (0 active), Execution time: mean = 0.03ms, total = 0.03ms, Queueing time: mean = 0.79ms, max = 0.79ms, min = 0.79ms, total = 0.79ms
	ray::rpc::NodeInfoGcsService.grpc_client.GetAllNodeAddressAndLiveness - 1 total (0 active), Execution time: mean = 0.65ms, total = 0.65ms, Queueing time: mean = 0.00ms, max = -0.00ms, min = 9223372036854.78ms, total = 0.00ms
	ray::rpc::WorkerInfoGcsService.grpc_client.AddWorkerInfo - 1 total (0 active), Execution time: mean = 0.70ms, total = 0.70ms, Queueing time: mean = 0.00ms, max = -0.00ms, min = 9223372036854.78ms, total = 0.00ms
	ray::rpc::NodeInfoGcsService.grpc_client.GetAllNodeAddressAndLiveness.OnReplyReceived - 1 total (0 active), Execution time: mean = 0.07ms, total = 0.07ms, Queueing time: mean = 0.01ms, max = 0.01ms, min = 0.01ms, total = 0.01ms

-----------------
Task execution event stats:

Global stats: 17862 total (1 active)
Queueing time: mean = 0.07ms, max = 11.59ms, min = 0.01ms, total = 1202.01ms
Execution time:  mean = 0.02ms, total = 291.83ms
Event stats:
	CoreWorker.CheckSignal - 17861 total (1 active), Execution time: mean = 0.02ms, total = 291.81ms, Queueing time: mean = 0.07ms, max = 11.59ms, min = 0.01ms, total = 1202.01ms
	PeriodicalRunner.RunFnPeriodically - 1 total (0 active), Execution time: mean = 0.02ms, total = 0.02ms, Queueing time: mean = 0.01ms, max = 0.01ms, min = 0.01ms, total = 0.01ms

-----------------
Task Event stats:

IO Service Stats:

Global stats: 541 total (1 active)
Queueing time: mean = 0.03ms, max = 0.13ms, min = 0.01ms, total = 16.74ms
Execution time:  mean = 0.34ms, total = 185.31ms
Event stats:
	CoreWorker.deadline_timer.flush_task_events - 180 total (1 active), Execution time: mean = 0.22ms, total = 39.99ms, Queueing time: mean = 0.06ms, max = 0.13ms, min = 0.02ms, total = 10.21ms
	ray::rpc::TaskInfoGcsService.grpc_client.AddTaskEventData - 180 total (0 active), Execution time: mean = 0.77ms, total = 138.56ms, Queueing time: mean = 0.00ms, max = -0.00ms, min = 9223372036854.78ms, total = 0.00ms
	ray::rpc::TaskInfoGcsService.grpc_client.AddTaskEventData.OnReplyReceived - 180 total (0 active), Execution time: mean = 0.04ms, total = 6.53ms, Queueing time: mean = 0.04ms, max = 0.07ms, min = 0.02ms, total = 6.52ms
	PeriodicalRunner.RunFnPeriodically - 1 total (0 active), Execution time: mean = 0.23ms, total = 0.23ms, Queueing time: mean = 0.01ms, max = 0.01ms, min = 0.01ms, total = 0.01ms
Other Stats:
	gcs_grpc_in_progress:0
	event_aggregator_grpc_in_progress:0
	current number of task status events in buffer: 0
	current number of profile events in buffer: 0
	current number of dropped task attempts tracked: 0
	total task events sent: 0 MiB
	total number of task attempts sent: 0
	total number of task attempts dropped reported: 0
	total number of sent failure: 0
	num status task events dropped: 0
	num profile task events dropped: 0
	num ray task events reported to aggregator: 0
	num ray task events failed to report to aggregator: 0
	num of task attempts dropped reported to aggregator: 0
	num of failed requests to aggregator: 0

[2026-01-26 22:26:14,153 I 2672437 2674814] core_worker.cc:455: Event stats:


Global stats: 3490 total (8 active)
Queueing time: mean = 0.63ms, max = 1000.03ms, min = 0.00ms, total = 2184.66ms
Execution time:  mean = 0.09ms, total = 301.89ms
Event stats:
	CoreWorker.RecoverObjects - 2399 total (1 active), Execution time: mean = 0.01ms, total = 22.42ms, Queueing time: mean = 0.06ms, max = 0.93ms, min = 0.00ms, total = 138.11ms
	CoreWorker.ExitIfParentRayletDies - 240 total (1 active), Execution time: mean = 0.01ms, total = 2.66ms, Queueing time: mean = 0.05ms, max = 0.08ms, min = 0.01ms, total = 13.09ms
	CoreWorker.InternalHeartbeat - 240 total (1 active), Execution time: mean = 0.19ms, total = 46.03ms, Queueing time: mean = 0.06ms, max = 0.10ms, min = 0.02ms, total = 13.61ms
	NodeManagerService.grpc_client.ReportWorkerBacklog - 240 total (0 active), Execution time: mean = 0.85ms, total = 204.46ms, Queueing time: mean = 0.00ms, max = -0.00ms, min = 9223372036854.78ms, total = 0.00ms
	NodeManagerService.grpc_client.ReportWorkerBacklog.OnReplyReceived - 240 total (0 active), Execution time: mean = 0.03ms, total = 7.28ms, Queueing time: mean = 0.04ms, max = 0.09ms, min = 0.01ms, total = 8.91ms
	CoreWorker.RecordMetrics - 48 total (1 active), Execution time: mean = 0.07ms, total = 3.15ms, Queueing time: mean = 0.05ms, max = 0.08ms, min = 0.01ms, total = 2.56ms
	CoreWorker.TryDelPendingObjectRefStreams - 24 total (1 active), Execution time: mean = 0.01ms, total = 0.13ms, Queueing time: mean = 0.08ms, max = 0.60ms, min = 0.01ms, total = 1.99ms
	CoreWorkerService.grpc_server.GetCoreWorkerStats - 16 total (0 active), Execution time: mean = 0.32ms, total = 5.09ms, Queueing time: mean = 0.00ms, max = -0.00ms, min = 9223372036854.78ms, total = 0.00ms
	CoreWorkerService.grpc_server.GetCoreWorkerStats.HandleRequestImpl - 16 total (0 active), Execution time: mean = 0.09ms, total = 1.42ms, Queueing time: mean = 0.03ms, max = 0.08ms, min = 0.02ms, total = 0.52ms
	PeriodicalRunner.RunFnPeriodically - 7 total (0 active), Execution time: mean = 0.17ms, total = 1.17ms, Queueing time: mean = 0.49ms, max = 1.14ms, min = 0.02ms, total = 3.46ms
	CoreWorker.PrintEventStats - 4 total (1 active, 1 running), Execution time: mean = 0.55ms, total = 2.18ms, Queueing time: mean = 0.05ms, max = 0.08ms, min = 0.04ms, total = 0.18ms
	ReporterService.grpc_client.HealthCheck - 3 total (0 active), Execution time: mean = 0.92ms, total = 2.77ms, Queueing time: mean = 0.00ms, max = -0.00ms, min = 9223372036854.78ms, total = 0.00ms
	ReporterService.grpc_client.HealthCheck.OnReplyReceived - 3 total (0 active), Execution time: mean = 0.16ms, total = 0.47ms, Queueing time: mean = 0.22ms, max = 0.62ms, min = 0.02ms, total = 0.65ms
	MetricsAgentClient.WaitForServerReadyWithRetry - 2 total (0 active), Execution time: mean = 0.16ms, total = 0.33ms, Queueing time: mean = 1000.02ms, max = 1000.03ms, min = 1000.02ms, total = 2000.05ms
	ray::rpc::InternalPubSubGcsService.grpc_client.GcsSubscriberCommandBatch - 1 total (0 active), Execution time: mean = 0.67ms, total = 0.67ms, Queueing time: mean = 0.00ms, max = -0.00ms, min = 9223372036854.78ms, total = 0.00ms
	Publisher.CheckDeadSubscribers - 1 total (1 active), Execution time: mean = 0.00ms, total = 0.00ms, Queueing time: mean = 0.00ms, max = -0.00ms, min = 9223372036854.78ms, total = 0.00ms
	ray::rpc::InternalPubSubGcsService.grpc_client.GcsSubscriberCommandBatch.OnReplyReceived - 1 total (0 active), Execution time: mean = 0.23ms, total = 0.23ms, Queueing time: mean = 0.70ms, max = 0.70ms, min = 0.70ms, total = 0.70ms
	ray::rpc::InternalPubSubGcsService.grpc_client.GcsSubscriberPoll - 1 total (1 active), Execution time: mean = 0.00ms, total = 0.00ms, Queueing time: mean = 0.00ms, max = -0.00ms, min = 9223372036854.78ms, total = 0.00ms
	ray::rpc::WorkerInfoGcsService.grpc_client.AddWorkerInfo.OnReplyReceived - 1 total (0 active), Execution time: mean = 0.03ms, total = 0.03ms, Queueing time: mean = 0.79ms, max = 0.79ms, min = 0.79ms, total = 0.79ms
	ray::rpc::NodeInfoGcsService.grpc_client.GetAllNodeAddressAndLiveness - 1 total (0 active), Execution time: mean = 0.65ms, total = 0.65ms, Queueing time: mean = 0.00ms, max = -0.00ms, min = 9223372036854.78ms, total = 0.00ms
	ray::rpc::WorkerInfoGcsService.grpc_client.AddWorkerInfo - 1 total (0 active), Execution time: mean = 0.70ms, total = 0.70ms, Queueing time: mean = 0.00ms, max = -0.00ms, min = 9223372036854.78ms, total = 0.00ms
	ray::rpc::NodeInfoGcsService.grpc_client.GetAllNodeAddressAndLiveness.OnReplyReceived - 1 total (0 active), Execution time: mean = 0.07ms, total = 0.07ms, Queueing time: mean = 0.01ms, max = 0.01ms, min = 0.01ms, total = 0.01ms

-----------------
Task execution event stats:

Global stats: 23820 total (1 active)
Queueing time: mean = 0.07ms, max = 11.59ms, min = 0.01ms, total = 1558.87ms
Execution time:  mean = 0.02ms, total = 385.42ms
Event stats:
	CoreWorker.CheckSignal - 23819 total (1 active), Execution time: mean = 0.02ms, total = 385.40ms, Queueing time: mean = 0.07ms, max = 11.59ms, min = 0.01ms, total = 1558.87ms
	PeriodicalRunner.RunFnPeriodically - 1 total (0 active), Execution time: mean = 0.02ms, total = 0.02ms, Queueing time: mean = 0.01ms, max = 0.01ms, min = 0.01ms, total = 0.01ms

-----------------
Task Event stats:

IO Service Stats:

Global stats: 721 total (1 active)
Queueing time: mean = 0.03ms, max = 0.13ms, min = 0.01ms, total = 22.40ms
Execution time:  mean = 0.34ms, total = 247.19ms
Event stats:
	CoreWorker.deadline_timer.flush_task_events - 240 total (1 active), Execution time: mean = 0.22ms, total = 53.75ms, Queueing time: mean = 0.06ms, max = 0.13ms, min = 0.02ms, total = 13.71ms
	ray::rpc::TaskInfoGcsService.grpc_client.AddTaskEventData - 240 total (0 active), Execution time: mean = 0.77ms, total = 184.26ms, Queueing time: mean = 0.00ms, max = -0.00ms, min = 9223372036854.78ms, total = 0.00ms
	ray::rpc::TaskInfoGcsService.grpc_client.AddTaskEventData.OnReplyReceived - 240 total (0 active), Execution time: mean = 0.04ms, total = 8.94ms, Queueing time: mean = 0.04ms, max = 0.07ms, min = 0.02ms, total = 8.68ms
	PeriodicalRunner.RunFnPeriodically - 1 total (0 active), Execution time: mean = 0.23ms, total = 0.23ms, Queueing time: mean = 0.01ms, max = 0.01ms, min = 0.01ms, total = 0.01ms
Other Stats:
	gcs_grpc_in_progress:0
	event_aggregator_grpc_in_progress:0
	current number of task status events in buffer: 0
	current number of profile events in buffer: 0
	current number of dropped task attempts tracked: 0
	total task events sent: 0 MiB
	total number of task attempts sent: 0
	total number of task attempts dropped reported: 0
	total number of sent failure: 0
	num status task events dropped: 0
	num profile task events dropped: 0
	num ray task events reported to aggregator: 0
	num ray task events failed to report to aggregator: 0
	num of task attempts dropped reported to aggregator: 0
	num of failed requests to aggregator: 0

[2026-01-26 22:27:14,153 I 2672437 2674814] core_worker.cc:455: Event stats:


Global stats: 4358 total (8 active)
Queueing time: mean = 0.51ms, max = 1000.03ms, min = 0.00ms, total = 2228.55ms
Execution time:  mean = 0.09ms, total = 377.08ms
Event stats:
	CoreWorker.RecoverObjects - 2999 total (1 active), Execution time: mean = 0.01ms, total = 28.03ms, Queueing time: mean = 0.06ms, max = 0.93ms, min = 0.00ms, total = 171.19ms
	CoreWorker.ExitIfParentRayletDies - 300 total (1 active), Execution time: mean = 0.01ms, total = 3.34ms, Queueing time: mean = 0.05ms, max = 0.08ms, min = 0.01ms, total = 16.45ms
	CoreWorker.InternalHeartbeat - 300 total (1 active), Execution time: mean = 0.19ms, total = 57.94ms, Queueing time: mean = 0.06ms, max = 0.10ms, min = 0.01ms, total = 16.95ms
	NodeManagerService.grpc_client.ReportWorkerBacklog - 300 total (0 active), Execution time: mean = 0.85ms, total = 256.39ms, Queueing time: mean = 0.00ms, max = -0.00ms, min = 9223372036854.78ms, total = 0.00ms
	NodeManagerService.grpc_client.ReportWorkerBacklog.OnReplyReceived - 300 total (0 active), Execution time: mean = 0.03ms, total = 9.19ms, Queueing time: mean = 0.04ms, max = 0.09ms, min = 0.01ms, total = 11.32ms
	CoreWorker.RecordMetrics - 60 total (1 active), Execution time: mean = 0.07ms, total = 3.95ms, Queueing time: mean = 0.05ms, max = 0.08ms, min = 0.01ms, total = 3.25ms
	CoreWorker.TryDelPendingObjectRefStreams - 30 total (1 active), Execution time: mean = 0.01ms, total = 0.16ms, Queueing time: mean = 0.09ms, max = 0.60ms, min = 0.01ms, total = 2.78ms
	CoreWorkerService.grpc_server.GetCoreWorkerStats - 20 total (0 active), Execution time: mean = 0.32ms, total = 6.36ms, Queueing time: mean = 0.00ms, max = -0.00ms, min = 9223372036854.78ms, total = 0.00ms
	CoreWorkerService.grpc_server.GetCoreWorkerStats.HandleRequestImpl - 20 total (0 active), Execution time: mean = 0.09ms, total = 1.71ms, Queueing time: mean = 0.03ms, max = 0.08ms, min = 0.02ms, total = 0.62ms
	PeriodicalRunner.RunFnPeriodically - 7 total (0 active), Execution time: mean = 0.17ms, total = 1.17ms, Queueing time: mean = 0.49ms, max = 1.14ms, min = 0.02ms, total = 3.46ms
	CoreWorker.PrintEventStats - 5 total (1 active, 1 running), Execution time: mean = 0.58ms, total = 2.91ms, Queueing time: mean = 0.05ms, max = 0.08ms, min = 0.04ms, total = 0.25ms
	ReporterService.grpc_client.HealthCheck - 3 total (0 active), Execution time: mean = 0.92ms, total = 2.77ms, Queueing time: mean = 0.00ms, max = -0.00ms, min = 9223372036854.78ms, total = 0.00ms
	ReporterService.grpc_client.HealthCheck.OnReplyReceived - 3 total (0 active), Execution time: mean = 0.16ms, total = 0.47ms, Queueing time: mean = 0.22ms, max = 0.62ms, min = 0.02ms, total = 0.65ms
	Publisher.CheckDeadSubscribers - 2 total (1 active), Execution time: mean = 0.00ms, total = 0.01ms, Queueing time: mean = 0.03ms, max = 0.07ms, min = 0.07ms, total = 0.07ms
	MetricsAgentClient.WaitForServerReadyWithRetry - 2 total (0 active), Execution time: mean = 0.16ms, total = 0.33ms, Queueing time: mean = 1000.02ms, max = 1000.03ms, min = 1000.02ms, total = 2000.05ms
	ray::rpc::InternalPubSubGcsService.grpc_client.GcsSubscriberCommandBatch - 1 total (0 active), Execution time: mean = 0.67ms, total = 0.67ms, Queueing time: mean = 0.00ms, max = -0.00ms, min = 9223372036854.78ms, total = 0.00ms
	ray::rpc::InternalPubSubGcsService.grpc_client.GcsSubscriberCommandBatch.OnReplyReceived - 1 total (0 active), Execution time: mean = 0.23ms, total = 0.23ms, Queueing time: mean = 0.70ms, max = 0.70ms, min = 0.70ms, total = 0.70ms
	ray::rpc::InternalPubSubGcsService.grpc_client.GcsSubscriberPoll - 1 total (1 active), Execution time: mean = 0.00ms, total = 0.00ms, Queueing time: mean = 0.00ms, max = -0.00ms, min = 9223372036854.78ms, total = 0.00ms
	ray::rpc::WorkerInfoGcsService.grpc_client.AddWorkerInfo.OnReplyReceived - 1 total (0 active), Execution time: mean = 0.03ms, total = 0.03ms, Queueing time: mean = 0.79ms, max = 0.79ms, min = 0.79ms, total = 0.79ms
	ray::rpc::NodeInfoGcsService.grpc_client.GetAllNodeAddressAndLiveness - 1 total (0 active), Execution time: mean = 0.65ms, total = 0.65ms, Queueing time: mean = 0.00ms, max = -0.00ms, min = 9223372036854.78ms, total = 0.00ms
	ray::rpc::WorkerInfoGcsService.grpc_client.AddWorkerInfo - 1 total (0 active), Execution time: mean = 0.70ms, total = 0.70ms, Queueing time: mean = 0.00ms, max = -0.00ms, min = 9223372036854.78ms, total = 0.00ms
	ray::rpc::NodeInfoGcsService.grpc_client.GetAllNodeAddressAndLiveness.OnReplyReceived - 1 total (0 active), Execution time: mean = 0.07ms, total = 0.07ms, Queueing time: mean = 0.01ms, max = 0.01ms, min = 0.01ms, total = 0.01ms

-----------------
Task execution event stats:

Global stats: 29779 total (1 active)
Queueing time: mean = 0.06ms, max = 11.59ms, min = 0.00ms, total = 1909.46ms
Execution time:  mean = 0.02ms, total = 485.33ms
Event stats:
	CoreWorker.CheckSignal - 29778 total (1 active), Execution time: mean = 0.02ms, total = 485.31ms, Queueing time: mean = 0.06ms, max = 11.59ms, min = 0.00ms, total = 1909.45ms
	PeriodicalRunner.RunFnPeriodically - 1 total (0 active), Execution time: mean = 0.02ms, total = 0.02ms, Queueing time: mean = 0.01ms, max = 0.01ms, min = 0.01ms, total = 0.01ms

-----------------
Task Event stats:

IO Service Stats:

Global stats: 901 total (1 active)
Queueing time: mean = 0.03ms, max = 0.13ms, min = 0.01ms, total = 28.14ms
Execution time:  mean = 0.35ms, total = 311.50ms
Event stats:
	CoreWorker.deadline_timer.flush_task_events - 300 total (1 active), Execution time: mean = 0.22ms, total = 67.07ms, Queueing time: mean = 0.06ms, max = 0.13ms, min = 0.02ms, total = 16.87ms
	ray::rpc::TaskInfoGcsService.grpc_client.AddTaskEventData - 300 total (0 active), Execution time: mean = 0.78ms, total = 232.78ms, Queueing time: mean = 0.00ms, max = -0.00ms, min = 9223372036854.78ms, total = 0.00ms
	ray::rpc::TaskInfoGcsService.grpc_client.AddTaskEventData.OnReplyReceived - 300 total (0 active), Execution time: mean = 0.04ms, total = 11.42ms, Queueing time: mean = 0.04ms, max = 0.11ms, min = 0.02ms, total = 11.26ms
	PeriodicalRunner.RunFnPeriodically - 1 total (0 active), Execution time: mean = 0.23ms, total = 0.23ms, Queueing time: mean = 0.01ms, max = 0.01ms, min = 0.01ms, total = 0.01ms
Other Stats:
	gcs_grpc_in_progress:0
	event_aggregator_grpc_in_progress:0
	current number of task status events in buffer: 0
	current number of profile events in buffer: 0
	current number of dropped task attempts tracked: 0
	total task events sent: 0 MiB
	total number of task attempts sent: 0
	total number of task attempts dropped reported: 0
	total number of sent failure: 0
	num status task events dropped: 0
	num profile task events dropped: 0
	num ray task events reported to aggregator: 0
	num ray task events failed to report to aggregator: 0
	num of task attempts dropped reported to aggregator: 0
	num of failed requests to aggregator: 0

[2026-01-26 22:28:14,154 I 2672437 2674814] core_worker.cc:455: Event stats:


Global stats: 5224 total (8 active)
Queueing time: mean = 0.44ms, max = 1000.03ms, min = 0.00ms, total = 2275.35ms
Execution time:  mean = 0.09ms, total = 452.20ms
Event stats:
	CoreWorker.RecoverObjects - 3598 total (1 active), Execution time: mean = 0.01ms, total = 33.68ms, Queueing time: mean = 0.06ms, max = 0.93ms, min = 0.00ms, total = 206.65ms
	CoreWorker.ExitIfParentRayletDies - 360 total (1 active), Execution time: mean = 0.01ms, total = 3.98ms, Queueing time: mean = 0.06ms, max = 0.09ms, min = 0.01ms, total = 20.02ms
	CoreWorker.InternalHeartbeat - 360 total (1 active), Execution time: mean = 0.19ms, total = 69.31ms, Queueing time: mean = 0.06ms, max = 0.10ms, min = 0.01ms, total = 20.59ms
	NodeManagerService.grpc_client.ReportWorkerBacklog - 360 total (0 active), Execution time: mean = 0.86ms, total = 308.74ms, Queueing time: mean = 0.00ms, max = -0.00ms, min = 9223372036854.78ms, total = 0.00ms
	NodeManagerService.grpc_client.ReportWorkerBacklog.OnReplyReceived - 360 total (0 active), Execution time: mean = 0.03ms, total = 11.13ms, Queueing time: mean = 0.04ms, max = 0.09ms, min = 0.01ms, total = 13.74ms
	CoreWorker.RecordMetrics - 72 total (1 active), Execution time: mean = 0.07ms, total = 4.70ms, Queueing time: mean = 0.06ms, max = 0.08ms, min = 0.01ms, total = 3.99ms
	CoreWorker.TryDelPendingObjectRefStreams - 36 total (1 active), Execution time: mean = 0.01ms, total = 0.21ms, Queueing time: mean = 0.10ms, max = 0.60ms, min = 0.01ms, total = 3.56ms
	CoreWorkerService.grpc_server.GetCoreWorkerStats - 24 total (0 active), Execution time: mean = 0.32ms, total = 7.64ms, Queueing time: mean = 0.00ms, max = -0.00ms, min = 9223372036854.78ms, total = 0.00ms
	CoreWorkerService.grpc_server.GetCoreWorkerStats.HandleRequestImpl - 24 total (0 active), Execution time: mean = 0.08ms, total = 2.03ms, Queueing time: mean = 0.03ms, max = 0.08ms, min = 0.02ms, total = 0.75ms
	PeriodicalRunner.RunFnPeriodically - 7 total (0 active), Execution time: mean = 0.17ms, total = 1.17ms, Queueing time: mean = 0.49ms, max = 1.14ms, min = 0.02ms, total = 3.46ms
	CoreWorker.PrintEventStats - 6 total (1 active, 1 running), Execution time: mean = 0.62ms, total = 3.70ms, Queueing time: mean = 0.05ms, max = 0.08ms, min = 0.04ms, total = 0.32ms
	ReporterService.grpc_client.HealthCheck - 3 total (0 active), Execution time: mean = 0.92ms, total = 2.77ms, Queueing time: mean = 0.00ms, max = -0.00ms, min = 9223372036854.78ms, total = 0.00ms
	ReporterService.grpc_client.HealthCheck.OnReplyReceived - 3 total (0 active), Execution time: mean = 0.16ms, total = 0.47ms, Queueing time: mean = 0.22ms, max = 0.62ms, min = 0.02ms, total = 0.65ms
	Publisher.CheckDeadSubscribers - 2 total (1 active), Execution time: mean = 0.00ms, total = 0.01ms, Queueing time: mean = 0.03ms, max = 0.07ms, min = 0.07ms, total = 0.07ms
	MetricsAgentClient.WaitForServerReadyWithRetry - 2 total (0 active), Execution time: mean = 0.16ms, total = 0.33ms, Queueing time: mean = 1000.02ms, max = 1000.03ms, min = 1000.02ms, total = 2000.05ms
	ray::rpc::InternalPubSubGcsService.grpc_client.GcsSubscriberCommandBatch - 1 total (0 active), Execution time: mean = 0.67ms, total = 0.67ms, Queueing time: mean = 0.00ms, max = -0.00ms, min = 9223372036854.78ms, total = 0.00ms
	ray::rpc::InternalPubSubGcsService.grpc_client.GcsSubscriberCommandBatch.OnReplyReceived - 1 total (0 active), Execution time: mean = 0.23ms, total = 0.23ms, Queueing time: mean = 0.70ms, max = 0.70ms, min = 0.70ms, total = 0.70ms
	ray::rpc::InternalPubSubGcsService.grpc_client.GcsSubscriberPoll - 1 total (1 active), Execution time: mean = 0.00ms, total = 0.00ms, Queueing time: mean = 0.00ms, max = -0.00ms, min = 9223372036854.78ms, total = 0.00ms
	ray::rpc::WorkerInfoGcsService.grpc_client.AddWorkerInfo.OnReplyReceived - 1 total (0 active), Execution time: mean = 0.03ms, total = 0.03ms, Queueing time: mean = 0.79ms, max = 0.79ms, min = 0.79ms, total = 0.79ms
	ray::rpc::NodeInfoGcsService.grpc_client.GetAllNodeAddressAndLiveness - 1 total (0 active), Execution time: mean = 0.65ms, total = 0.65ms, Queueing time: mean = 0.00ms, max = -0.00ms, min = 9223372036854.78ms, total = 0.00ms
	ray::rpc::WorkerInfoGcsService.grpc_client.AddWorkerInfo - 1 total (0 active), Execution time: mean = 0.70ms, total = 0.70ms, Queueing time: mean = 0.00ms, max = -0.00ms, min = 9223372036854.78ms, total = 0.00ms
	ray::rpc::NodeInfoGcsService.grpc_client.GetAllNodeAddressAndLiveness.OnReplyReceived - 1 total (0 active), Execution time: mean = 0.07ms, total = 0.07ms, Queueing time: mean = 0.01ms, max = 0.01ms, min = 0.01ms, total = 0.01ms

-----------------
Task execution event stats:

Global stats: 35735 total (1 active)
Queueing time: mean = 0.06ms, max = 11.59ms, min = 0.00ms, total = 2276.92ms
Execution time:  mean = 0.02ms, total = 579.57ms
Event stats:
	CoreWorker.CheckSignal - 35734 total (1 active), Execution time: mean = 0.02ms, total = 579.55ms, Queueing time: mean = 0.06ms, max = 11.59ms, min = 0.00ms, total = 2276.91ms
	PeriodicalRunner.RunFnPeriodically - 1 total (0 active), Execution time: mean = 0.02ms, total = 0.02ms, Queueing time: mean = 0.01ms, max = 0.01ms, min = 0.01ms, total = 0.01ms

-----------------
Task Event stats:

IO Service Stats:

Global stats: 1081 total (1 active)
Queueing time: mean = 0.03ms, max = 0.13ms, min = 0.01ms, total = 34.57ms
Execution time:  mean = 0.35ms, total = 376.33ms
Event stats:
	CoreWorker.deadline_timer.flush_task_events - 360 total (1 active), Execution time: mean = 0.23ms, total = 81.12ms, Queueing time: mean = 0.06ms, max = 0.13ms, min = 0.02ms, total = 20.51ms
	ray::rpc::TaskInfoGcsService.grpc_client.AddTaskEventData - 360 total (0 active), Execution time: mean = 0.78ms, total = 280.95ms, Queueing time: mean = 0.00ms, max = -0.00ms, min = 9223372036854.78ms, total = 0.00ms
	ray::rpc::TaskInfoGcsService.grpc_client.AddTaskEventData.OnReplyReceived - 360 total (0 active), Execution time: mean = 0.04ms, total = 14.02ms, Queueing time: mean = 0.04ms, max = 0.11ms, min = 0.02ms, total = 14.05ms
	PeriodicalRunner.RunFnPeriodically - 1 total (0 active), Execution time: mean = 0.23ms, total = 0.23ms, Queueing time: mean = 0.01ms, max = 0.01ms, min = 0.01ms, total = 0.01ms
Other Stats:
	gcs_grpc_in_progress:0
	event_aggregator_grpc_in_progress:0
	current number of task status events in buffer: 0
	current number of profile events in buffer: 0
	current number of dropped task attempts tracked: 0
	total task events sent: 0 MiB
	total number of task attempts sent: 0
	total number of task attempts dropped reported: 0
	total number of sent failure: 0
	num status task events dropped: 0
	num profile task events dropped: 0
	num ray task events reported to aggregator: 0
	num ray task events failed to report to aggregator: 0
	num of task attempts dropped reported to aggregator: 0
	num of failed requests to aggregator: 0

[2026-01-26 22:29:14,155 I 2672437 2674814] core_worker.cc:455: Event stats:


Global stats: 6091 total (8 active)
Queueing time: mean = 0.38ms, max = 1000.03ms, min = 0.00ms, total = 2322.04ms
Execution time:  mean = 0.09ms, total = 524.99ms
Event stats:
	CoreWorker.RecoverObjects - 4198 total (1 active), Execution time: mean = 0.01ms, total = 39.07ms, Queueing time: mean = 0.06ms, max = 0.93ms, min = 0.00ms, total = 242.39ms
	CoreWorker.ExitIfParentRayletDies - 420 total (1 active), Execution time: mean = 0.01ms, total = 4.65ms, Queueing time: mean = 0.06ms, max = 0.10ms, min = 0.01ms, total = 23.37ms
	CoreWorker.InternalHeartbeat - 420 total (1 active), Execution time: mean = 0.19ms, total = 80.76ms, Queueing time: mean = 0.06ms, max = 0.10ms, min = 0.01ms, total = 24.06ms
	NodeManagerService.grpc_client.ReportWorkerBacklog - 420 total (0 active), Execution time: mean = 0.85ms, total = 358.39ms, Queueing time: mean = 0.00ms, max = -0.00ms, min = 9223372036854.78ms, total = 0.00ms
	NodeManagerService.grpc_client.ReportWorkerBacklog.OnReplyReceived - 420 total (0 active), Execution time: mean = 0.03ms, total = 13.14ms, Queueing time: mean = 0.04ms, max = 0.09ms, min = 0.01ms, total = 15.89ms
	CoreWorker.RecordMetrics - 84 total (1 active), Execution time: mean = 0.07ms, total = 5.47ms, Queueing time: mean = 0.06ms, max = 0.10ms, min = 0.01ms, total = 4.79ms
	CoreWorker.TryDelPendingObjectRefStreams - 42 total (1 active), Execution time: mean = 0.01ms, total = 0.24ms, Queueing time: mean = 0.11ms, max = 0.66ms, min = 0.01ms, total = 4.55ms
	CoreWorkerService.grpc_server.GetCoreWorkerStats - 28 total (0 active), Execution time: mean = 0.33ms, total = 9.19ms, Queueing time: mean = 0.00ms, max = -0.00ms, min = 9223372036854.78ms, total = 0.00ms
	CoreWorkerService.grpc_server.GetCoreWorkerStats.HandleRequestImpl - 28 total (0 active), Execution time: mean = 0.09ms, total = 2.39ms, Queueing time: mean = 0.03ms, max = 0.08ms, min = 0.02ms, total = 0.91ms
	PeriodicalRunner.RunFnPeriodically - 7 total (0 active), Execution time: mean = 0.17ms, total = 1.17ms, Queueing time: mean = 0.49ms, max = 1.14ms, min = 0.02ms, total = 3.46ms
	CoreWorker.PrintEventStats - 7 total (1 active, 1 running), Execution time: mean = 0.66ms, total = 4.61ms, Queueing time: mean = 0.05ms, max = 0.08ms, min = 0.03ms, total = 0.35ms
	ReporterService.grpc_client.HealthCheck - 3 total (0 active), Execution time: mean = 0.92ms, total = 2.77ms, Queueing time: mean = 0.00ms, max = -0.00ms, min = 9223372036854.78ms, total = 0.00ms
	ReporterService.grpc_client.HealthCheck.OnReplyReceived - 3 total (0 active), Execution time: mean = 0.16ms, total = 0.47ms, Queueing time: mean = 0.22ms, max = 0.62ms, min = 0.02ms, total = 0.65ms
	Publisher.CheckDeadSubscribers - 2 total (1 active), Execution time: mean = 0.00ms, total = 0.01ms, Queueing time: mean = 0.03ms, max = 0.07ms, min = 0.07ms, total = 0.07ms
	MetricsAgentClient.WaitForServerReadyWithRetry - 2 total (0 active), Execution time: mean = 0.16ms, total = 0.33ms, Queueing time: mean = 1000.02ms, max = 1000.03ms, min = 1000.02ms, total = 2000.05ms
	ray::rpc::InternalPubSubGcsService.grpc_client.GcsSubscriberCommandBatch - 1 total (0 active), Execution time: mean = 0.67ms, total = 0.67ms, Queueing time: mean = 0.00ms, max = -0.00ms, min = 9223372036854.78ms, total = 0.00ms
	ray::rpc::InternalPubSubGcsService.grpc_client.GcsSubscriberCommandBatch.OnReplyReceived - 1 total (0 active), Execution time: mean = 0.23ms, total = 0.23ms, Queueing time: mean = 0.70ms, max = 0.70ms, min = 0.70ms, total = 0.70ms
	ray::rpc::InternalPubSubGcsService.grpc_client.GcsSubscriberPoll - 1 total (1 active), Execution time: mean = 0.00ms, total = 0.00ms, Queueing time: mean = 0.00ms, max = -0.00ms, min = 9223372036854.78ms, total = 0.00ms
	ray::rpc::WorkerInfoGcsService.grpc_client.AddWorkerInfo.OnReplyReceived - 1 total (0 active), Execution time: mean = 0.03ms, total = 0.03ms, Queueing time: mean = 0.79ms, max = 0.79ms, min = 0.79ms, total = 0.79ms
	ray::rpc::NodeInfoGcsService.grpc_client.GetAllNodeAddressAndLiveness - 1 total (0 active), Execution time: mean = 0.65ms, total = 0.65ms, Queueing time: mean = 0.00ms, max = -0.00ms, min = 9223372036854.78ms, total = 0.00ms
	ray::rpc::WorkerInfoGcsService.grpc_client.AddWorkerInfo - 1 total (0 active), Execution time: mean = 0.70ms, total = 0.70ms, Queueing time: mean = 0.00ms, max = -0.00ms, min = 9223372036854.78ms, total = 0.00ms
	ray::rpc::NodeInfoGcsService.grpc_client.GetAllNodeAddressAndLiveness.OnReplyReceived - 1 total (0 active), Execution time: mean = 0.07ms, total = 0.07ms, Queueing time: mean = 0.01ms, max = 0.01ms, min = 0.01ms, total = 0.01ms

-----------------
Task execution event stats:

Global stats: 41692 total (1 active)
Queueing time: mean = 0.06ms, max = 11.59ms, min = 0.00ms, total = 2645.38ms
Execution time:  mean = 0.02ms, total = 671.92ms
Event stats:
	CoreWorker.CheckSignal - 41691 total (1 active), Execution time: mean = 0.02ms, total = 671.90ms, Queueing time: mean = 0.06ms, max = 11.59ms, min = 0.00ms, total = 2645.37ms
	PeriodicalRunner.RunFnPeriodically - 1 total (0 active), Execution time: mean = 0.02ms, total = 0.02ms, Queueing time: mean = 0.01ms, max = 0.01ms, min = 0.01ms, total = 0.01ms

-----------------
Task Event stats:

IO Service Stats:

Global stats: 1261 total (1 active)
Queueing time: mean = 0.03ms, max = 0.13ms, min = 0.01ms, total = 40.64ms
Execution time:  mean = 0.35ms, total = 436.83ms
Event stats:
	CoreWorker.deadline_timer.flush_task_events - 420 total (1 active), Execution time: mean = 0.22ms, total = 93.82ms, Queueing time: mean = 0.06ms, max = 0.13ms, min = 0.02ms, total = 24.11ms
	ray::rpc::TaskInfoGcsService.grpc_client.AddTaskEventData - 420 total (0 active), Execution time: mean = 0.78ms, total = 326.53ms, Queueing time: mean = 0.00ms, max = -0.00ms, min = 9223372036854.78ms, total = 0.00ms
	ray::rpc::TaskInfoGcsService.grpc_client.AddTaskEventData.OnReplyReceived - 420 total (0 active), Execution time: mean = 0.04ms, total = 16.25ms, Queueing time: mean = 0.04ms, max = 0.11ms, min = 0.02ms, total = 16.52ms
	PeriodicalRunner.RunFnPeriodically - 1 total (0 active), Execution time: mean = 0.23ms, total = 0.23ms, Queueing time: mean = 0.01ms, max = 0.01ms, min = 0.01ms, total = 0.01ms
Other Stats:
	gcs_grpc_in_progress:0
	event_aggregator_grpc_in_progress:0
	current number of task status events in buffer: 0
	current number of profile events in buffer: 0
	current number of dropped task attempts tracked: 0
	total task events sent: 0 MiB
	total number of task attempts sent: 0
	total number of task attempts dropped reported: 0
	total number of sent failure: 0
	num status task events dropped: 0
	num profile task events dropped: 0
	num ray task events reported to aggregator: 0
	num ray task events failed to report to aggregator: 0
	num of task attempts dropped reported to aggregator: 0
	num of failed requests to aggregator: 0

[2026-01-26 22:30:14,156 I 2672437 2674814] core_worker.cc:455: Event stats:


Global stats: 6958 total (8 active)
Queueing time: mean = 0.34ms, max = 1000.03ms, min = 0.00ms, total = 2367.89ms
Execution time:  mean = 0.09ms, total = 601.00ms
Event stats:
	CoreWorker.RecoverObjects - 4798 total (1 active), Execution time: mean = 0.01ms, total = 44.53ms, Queueing time: mean = 0.06ms, max = 0.93ms, min = 0.00ms, total = 277.16ms
	CoreWorker.ExitIfParentRayletDies - 480 total (1 active), Execution time: mean = 0.01ms, total = 5.32ms, Queueing time: mean = 0.06ms, max = 0.10ms, min = 0.01ms, total = 26.82ms
	CoreWorker.InternalHeartbeat - 480 total (1 active), Execution time: mean = 0.19ms, total = 92.36ms, Queueing time: mean = 0.06ms, max = 0.10ms, min = 0.01ms, total = 27.61ms
	NodeManagerService.grpc_client.ReportWorkerBacklog - 480 total (0 active), Execution time: mean = 0.86ms, total = 411.31ms, Queueing time: mean = 0.00ms, max = -0.00ms, min = 9223372036854.78ms, total = 0.00ms
	NodeManagerService.grpc_client.ReportWorkerBacklog.OnReplyReceived - 480 total (0 active), Execution time: mean = 0.03ms, total = 15.06ms, Queueing time: mean = 0.04ms, max = 0.09ms, min = 0.01ms, total = 18.43ms
	CoreWorker.RecordMetrics - 96 total (1 active), Execution time: mean = 0.07ms, total = 6.26ms, Queueing time: mean = 0.06ms, max = 0.10ms, min = 0.01ms, total = 5.36ms
	CoreWorker.TryDelPendingObjectRefStreams - 48 total (1 active), Execution time: mean = 0.01ms, total = 0.28ms, Queueing time: mean = 0.11ms, max = 0.66ms, min = 0.01ms, total = 5.31ms
	CoreWorkerService.grpc_server.GetCoreWorkerStats - 32 total (0 active), Execution time: mean = 0.33ms, total = 10.67ms, Queueing time: mean = 0.00ms, max = -0.00ms, min = 9223372036854.78ms, total = 0.00ms
	CoreWorkerService.grpc_server.GetCoreWorkerStats.HandleRequestImpl - 32 total (0 active), Execution time: mean = 0.09ms, total = 2.79ms, Queueing time: mean = 0.03ms, max = 0.08ms, min = 0.02ms, total = 1.03ms
	CoreWorker.PrintEventStats - 8 total (1 active, 1 running), Execution time: mean = 0.67ms, total = 5.33ms, Queueing time: mean = 0.05ms, max = 0.08ms, min = 0.03ms, total = 0.42ms
	PeriodicalRunner.RunFnPeriodically - 7 total (0 active), Execution time: mean = 0.17ms, total = 1.17ms, Queueing time: mean = 0.49ms, max = 1.14ms, min = 0.02ms, total = 3.46ms
	ReporterService.grpc_client.HealthCheck.OnReplyReceived - 3 total (0 active), Execution time: mean = 0.16ms, total = 0.47ms, Queueing time: mean = 0.22ms, max = 0.62ms, min = 0.02ms, total = 0.65ms
	ReporterService.grpc_client.HealthCheck - 3 total (0 active), Execution time: mean = 0.92ms, total = 2.77ms, Queueing time: mean = 0.00ms, max = -0.00ms, min = 9223372036854.78ms, total = 0.00ms
	Publisher.CheckDeadSubscribers - 2 total (1 active), Execution time: mean = 0.00ms, total = 0.01ms, Queueing time: mean = 0.03ms, max = 0.07ms, min = 0.07ms, total = 0.07ms
	MetricsAgentClient.WaitForServerReadyWithRetry - 2 total (0 active), Execution time: mean = 0.16ms, total = 0.33ms, Queueing time: mean = 1000.02ms, max = 1000.03ms, min = 1000.02ms, total = 2000.05ms
	ray::rpc::InternalPubSubGcsService.grpc_client.GcsSubscriberCommandBatch - 1 total (0 active), Execution time: mean = 0.67ms, total = 0.67ms, Queueing time: mean = 0.00ms, max = -0.00ms, min = 9223372036854.78ms, total = 0.00ms
	ray::rpc::InternalPubSubGcsService.grpc_client.GcsSubscriberCommandBatch.OnReplyReceived - 1 total (0 active), Execution time: mean = 0.23ms, total = 0.23ms, Queueing time: mean = 0.70ms, max = 0.70ms, min = 0.70ms, total = 0.70ms
	ray::rpc::InternalPubSubGcsService.grpc_client.GcsSubscriberPoll - 1 total (1 active), Execution time: mean = 0.00ms, total = 0.00ms, Queueing time: mean = 0.00ms, max = -0.00ms, min = 9223372036854.78ms, total = 0.00ms
	ray::rpc::WorkerInfoGcsService.grpc_client.AddWorkerInfo.OnReplyReceived - 1 total (0 active), Execution time: mean = 0.03ms, total = 0.03ms, Queueing time: mean = 0.79ms, max = 0.79ms, min = 0.79ms, total = 0.79ms
	ray::rpc::NodeInfoGcsService.grpc_client.GetAllNodeAddressAndLiveness - 1 total (0 active), Execution time: mean = 0.65ms, total = 0.65ms, Queueing time: mean = 0.00ms, max = -0.00ms, min = 9223372036854.78ms, total = 0.00ms
	ray::rpc::WorkerInfoGcsService.grpc_client.AddWorkerInfo - 1 total (0 active), Execution time: mean = 0.70ms, total = 0.70ms, Queueing time: mean = 0.00ms, max = -0.00ms, min = 9223372036854.78ms, total = 0.00ms
	ray::rpc::NodeInfoGcsService.grpc_client.GetAllNodeAddressAndLiveness.OnReplyReceived - 1 total (0 active), Execution time: mean = 0.07ms, total = 0.07ms, Queueing time: mean = 0.01ms, max = 0.01ms, min = 0.01ms, total = 0.01ms

-----------------
Task execution event stats:

Global stats: 47650 total (1 active)
Queueing time: mean = 0.06ms, max = 11.59ms, min = 0.00ms, total = 3005.25ms
Execution time:  mean = 0.02ms, total = 768.24ms
Event stats:
	CoreWorker.CheckSignal - 47649 total (1 active), Execution time: mean = 0.02ms, total = 768.22ms, Queueing time: mean = 0.06ms, max = 11.59ms, min = 0.00ms, total = 3005.25ms
	PeriodicalRunner.RunFnPeriodically - 1 total (0 active), Execution time: mean = 0.02ms, total = 0.02ms, Queueing time: mean = 0.01ms, max = 0.01ms, min = 0.01ms, total = 0.01ms

-----------------
Task Event stats:

IO Service Stats:

Global stats: 1441 total (1 active)
Queueing time: mean = 0.03ms, max = 0.13ms, min = 0.01ms, total = 47.16ms
Execution time:  mean = 0.35ms, total = 500.86ms
Event stats:
	CoreWorker.deadline_timer.flush_task_events - 480 total (1 active), Execution time: mean = 0.22ms, total = 106.57ms, Queueing time: mean = 0.06ms, max = 0.13ms, min = 0.02ms, total = 27.88ms
	ray::rpc::TaskInfoGcsService.grpc_client.AddTaskEventData - 480 total (0 active), Execution time: mean = 0.78ms, total = 375.45ms, Queueing time: mean = 0.00ms, max = -0.00ms, min = 9223372036854.78ms, total = 0.00ms
	ray::rpc::TaskInfoGcsService.grpc_client.AddTaskEventData.OnReplyReceived - 480 total (0 active), Execution time: mean = 0.04ms, total = 18.61ms, Queueing time: mean = 0.04ms, max = 0.11ms, min = 0.02ms, total = 19.26ms
	PeriodicalRunner.RunFnPeriodically - 1 total (0 active), Execution time: mean = 0.23ms, total = 0.23ms, Queueing time: mean = 0.01ms, max = 0.01ms, min = 0.01ms, total = 0.01ms
Other Stats:
	gcs_grpc_in_progress:0
	event_aggregator_grpc_in_progress:0
	current number of task status events in buffer: 0
	current number of profile events in buffer: 0
	current number of dropped task attempts tracked: 0
	total task events sent: 0 MiB
	total number of task attempts sent: 0
	total number of task attempts dropped reported: 0
	total number of sent failure: 0
	num status task events dropped: 0
	num profile task events dropped: 0
	num ray task events reported to aggregator: 0
	num ray task events failed to report to aggregator: 0
	num of task attempts dropped reported to aggregator: 0
	num of failed requests to aggregator: 0

[2026-01-26 22:31:14,157 I 2672437 2674814] core_worker.cc:455: Event stats:


Global stats: 7822 total (8 active)
Queueing time: mean = 0.31ms, max = 1000.03ms, min = 0.00ms, total = 2410.99ms
Execution time:  mean = 0.09ms, total = 671.03ms
Event stats:
	CoreWorker.RecoverObjects - 5397 total (1 active), Execution time: mean = 0.01ms, total = 49.91ms, Queueing time: mean = 0.06ms, max = 0.93ms, min = 0.00ms, total = 309.71ms
	CoreWorker.ExitIfParentRayletDies - 540 total (1 active), Execution time: mean = 0.01ms, total = 6.01ms, Queueing time: mean = 0.06ms, max = 0.10ms, min = 0.01ms, total = 30.02ms
	CoreWorker.InternalHeartbeat - 540 total (1 active), Execution time: mean = 0.19ms, total = 104.39ms, Queueing time: mean = 0.06ms, max = 0.10ms, min = 0.01ms, total = 30.67ms
	NodeManagerService.grpc_client.ReportWorkerBacklog - 540 total (0 active), Execution time: mean = 0.85ms, total = 458.62ms, Queueing time: mean = 0.00ms, max = -0.00ms, min = 9223372036854.78ms, total = 0.00ms
	NodeManagerService.grpc_client.ReportWorkerBacklog.OnReplyReceived - 540 total (0 active), Execution time: mean = 0.03ms, total = 17.00ms, Queueing time: mean = 0.04ms, max = 0.09ms, min = 0.01ms, total = 20.95ms
	CoreWorker.RecordMetrics - 108 total (1 active), Execution time: mean = 0.06ms, total = 7.01ms, Queueing time: mean = 0.06ms, max = 0.10ms, min = 0.01ms, total = 6.14ms
	CoreWorker.TryDelPendingObjectRefStreams - 54 total (1 active), Execution time: mean = 0.01ms, total = 0.32ms, Queueing time: mean = 0.11ms, max = 0.66ms, min = 0.01ms, total = 6.13ms
	CoreWorkerService.grpc_server.GetCoreWorkerStats - 35 total (0 active), Execution time: mean = 0.33ms, total = 11.56ms, Queueing time: mean = 0.00ms, max = -0.00ms, min = 9223372036854.78ms, total = 0.00ms
	CoreWorkerService.grpc_server.GetCoreWorkerStats.HandleRequestImpl - 35 total (0 active), Execution time: mean = 0.09ms, total = 3.05ms, Queueing time: mean = 0.03ms, max = 0.08ms, min = 0.02ms, total = 1.14ms
	CoreWorker.PrintEventStats - 9 total (1 active, 1 running), Execution time: mean = 0.68ms, total = 6.08ms, Queueing time: mean = 0.05ms, max = 0.08ms, min = 0.03ms, total = 0.49ms
	PeriodicalRunner.RunFnPeriodically - 7 total (0 active), Execution time: mean = 0.17ms, total = 1.17ms, Queueing time: mean = 0.49ms, max = 1.14ms, min = 0.02ms, total = 3.46ms
	ReporterService.grpc_client.HealthCheck.OnReplyReceived - 3 total (0 active), Execution time: mean = 0.16ms, total = 0.47ms, Queueing time: mean = 0.22ms, max = 0.62ms, min = 0.02ms, total = 0.65ms
	ReporterService.grpc_client.HealthCheck - 3 total (0 active), Execution time: mean = 0.92ms, total = 2.77ms, Queueing time: mean = 0.00ms, max = -0.00ms, min = 9223372036854.78ms, total = 0.00ms
	Publisher.CheckDeadSubscribers - 2 total (1 active), Execution time: mean = 0.00ms, total = 0.01ms, Queueing time: mean = 0.03ms, max = 0.07ms, min = 0.07ms, total = 0.07ms
	MetricsAgentClient.WaitForServerReadyWithRetry - 2 total (0 active), Execution time: mean = 0.16ms, total = 0.33ms, Queueing time: mean = 1000.02ms, max = 1000.03ms, min = 1000.02ms, total = 2000.05ms
	ray::rpc::InternalPubSubGcsService.grpc_client.GcsSubscriberCommandBatch - 1 total (0 active), Execution time: mean = 0.67ms, total = 0.67ms, Queueing time: mean = 0.00ms, max = -0.00ms, min = 9223372036854.78ms, total = 0.00ms
	ray::rpc::InternalPubSubGcsService.grpc_client.GcsSubscriberCommandBatch.OnReplyReceived - 1 total (0 active), Execution time: mean = 0.23ms, total = 0.23ms, Queueing time: mean = 0.70ms, max = 0.70ms, min = 0.70ms, total = 0.70ms
	ray::rpc::InternalPubSubGcsService.grpc_client.GcsSubscriberPoll - 1 total (1 active), Execution time: mean = 0.00ms, total = 0.00ms, Queueing time: mean = 0.00ms, max = -0.00ms, min = 9223372036854.78ms, total = 0.00ms
	ray::rpc::WorkerInfoGcsService.grpc_client.AddWorkerInfo.OnReplyReceived - 1 total (0 active), Execution time: mean = 0.03ms, total = 0.03ms, Queueing time: mean = 0.79ms, max = 0.79ms, min = 0.79ms, total = 0.79ms
	ray::rpc::NodeInfoGcsService.grpc_client.GetAllNodeAddressAndLiveness - 1 total (0 active), Execution time: mean = 0.65ms, total = 0.65ms, Queueing time: mean = 0.00ms, max = -0.00ms, min = 9223372036854.78ms, total = 0.00ms
	ray::rpc::WorkerInfoGcsService.grpc_client.AddWorkerInfo - 1 total (0 active), Execution time: mean = 0.70ms, total = 0.70ms, Queueing time: mean = 0.00ms, max = -0.00ms, min = 9223372036854.78ms, total = 0.00ms
	ray::rpc::NodeInfoGcsService.grpc_client.GetAllNodeAddressAndLiveness.OnReplyReceived - 1 total (0 active), Execution time: mean = 0.07ms, total = 0.07ms, Queueing time: mean = 0.01ms, max = 0.01ms, min = 0.01ms, total = 0.01ms

-----------------
Task execution event stats:

Global stats: 53611 total (1 active)
Queueing time: mean = 0.06ms, max = 11.59ms, min = 0.00ms, total = 3334.29ms
Execution time:  mean = 0.02ms, total = 871.66ms
Event stats:
	CoreWorker.CheckSignal - 53610 total (1 active), Execution time: mean = 0.02ms, total = 871.64ms, Queueing time: mean = 0.06ms, max = 11.59ms, min = 0.00ms, total = 3334.28ms
	PeriodicalRunner.RunFnPeriodically - 1 total (0 active), Execution time: mean = 0.02ms, total = 0.02ms, Queueing time: mean = 0.01ms, max = 0.01ms, min = 0.01ms, total = 0.01ms

-----------------
Task Event stats:

IO Service Stats:

Global stats: 1621 total (1 active)
Queueing time: mean = 0.03ms, max = 0.13ms, min = 0.01ms, total = 53.03ms
Execution time:  mean = 0.35ms, total = 565.04ms
Event stats:
	CoreWorker.deadline_timer.flush_task_events - 540 total (1 active), Execution time: mean = 0.22ms, total = 120.03ms, Queueing time: mean = 0.06ms, max = 0.13ms, min = 0.02ms, total = 31.26ms
	ray::rpc::TaskInfoGcsService.grpc_client.AddTaskEventData - 540 total (0 active), Execution time: mean = 0.78ms, total = 423.81ms, Queueing time: mean = 0.00ms, max = -0.00ms, min = 9223372036854.78ms, total = 0.00ms
	ray::rpc::TaskInfoGcsService.grpc_client.AddTaskEventData.OnReplyReceived - 540 total (0 active), Execution time: mean = 0.04ms, total = 20.97ms, Queueing time: mean = 0.04ms, max = 0.11ms, min = 0.02ms, total = 21.76ms
	PeriodicalRunner.RunFnPeriodically - 1 total (0 active), Execution time: mean = 0.23ms, total = 0.23ms, Queueing time: mean = 0.01ms, max = 0.01ms, min = 0.01ms, total = 0.01ms
Other Stats:
	gcs_grpc_in_progress:0
	event_aggregator_grpc_in_progress:0
	current number of task status events in buffer: 0
	current number of profile events in buffer: 0
	current number of dropped task attempts tracked: 0
	total task events sent: 0 MiB
	total number of task attempts sent: 0
	total number of task attempts dropped reported: 0
	total number of sent failure: 0
	num status task events dropped: 0
	num profile task events dropped: 0
	num ray task events reported to aggregator: 0
	num ray task events failed to report to aggregator: 0
	num of task attempts dropped reported to aggregator: 0
	num of failed requests to aggregator: 0

[2026-01-26 22:32:14,158 I 2672437 2674814] core_worker.cc:455: Event stats:


Global stats: 8692 total (8 active)
Queueing time: mean = 0.28ms, max = 1000.03ms, min = 0.00ms, total = 2453.82ms
Execution time:  mean = 68.62ms, total = 596464.46ms
Event stats:
	CoreWorker.RecoverObjects - 5997 total (1 active), Execution time: mean = 0.01ms, total = 55.65ms, Queueing time: mean = 0.06ms, max = 0.93ms, min = 0.00ms, total = 342.18ms
	CoreWorker.ExitIfParentRayletDies - 600 total (1 active), Execution time: mean = 0.01ms, total = 6.72ms, Queueing time: mean = 0.06ms, max = 0.10ms, min = 0.01ms, total = 33.22ms
	CoreWorker.InternalHeartbeat - 600 total (1 active), Execution time: mean = 0.19ms, total = 116.76ms, Queueing time: mean = 0.06ms, max = 0.10ms, min = 0.01ms, total = 33.83ms
	NodeManagerService.grpc_client.ReportWorkerBacklog - 600 total (0 active), Execution time: mean = 0.85ms, total = 509.24ms, Queueing time: mean = 0.00ms, max = -0.00ms, min = 9223372036854.78ms, total = 0.00ms
	NodeManagerService.grpc_client.ReportWorkerBacklog.OnReplyReceived - 600 total (0 active), Execution time: mean = 0.03ms, total = 19.01ms, Queueing time: mean = 0.04ms, max = 0.09ms, min = 0.01ms, total = 23.22ms
	CoreWorker.RecordMetrics - 120 total (1 active), Execution time: mean = 0.06ms, total = 7.77ms, Queueing time: mean = 0.06ms, max = 0.10ms, min = 0.01ms, total = 6.85ms
	CoreWorker.TryDelPendingObjectRefStreams - 60 total (1 active), Execution time: mean = 0.01ms, total = 0.35ms, Queueing time: mean = 0.11ms, max = 0.66ms, min = 0.01ms, total = 6.74ms
	CoreWorkerService.grpc_server.GetCoreWorkerStats - 39 total (0 active), Execution time: mean = 0.33ms, total = 12.85ms, Queueing time: mean = 0.00ms, max = -0.00ms, min = 9223372036854.78ms, total = 0.00ms
	CoreWorkerService.grpc_server.GetCoreWorkerStats.HandleRequestImpl - 39 total (0 active), Execution time: mean = 0.09ms, total = 3.39ms, Queueing time: mean = 0.03ms, max = 0.08ms, min = 0.02ms, total = 1.25ms
	CoreWorker.PrintEventStats - 10 total (1 active, 1 running), Execution time: mean = 0.68ms, total = 6.79ms, Queueing time: mean = 0.05ms, max = 0.08ms, min = 0.02ms, total = 0.52ms
	PeriodicalRunner.RunFnPeriodically - 7 total (0 active), Execution time: mean = 0.17ms, total = 1.17ms, Queueing time: mean = 0.49ms, max = 1.14ms, min = 0.02ms, total = 3.46ms
	Publisher.CheckDeadSubscribers - 3 total (1 active), Execution time: mean = 0.00ms, total = 0.01ms, Queueing time: mean = 0.03ms, max = 0.07ms, min = 0.03ms, total = 0.10ms
	ReporterService.grpc_client.HealthCheck.OnReplyReceived - 3 total (0 active), Execution time: mean = 0.16ms, total = 0.47ms, Queueing time: mean = 0.22ms, max = 0.62ms, min = 0.02ms, total = 0.65ms
	ReporterService.grpc_client.HealthCheck - 3 total (0 active), Execution time: mean = 0.92ms, total = 2.77ms, Queueing time: mean = 0.00ms, max = -0.00ms, min = 9223372036854.78ms, total = 0.00ms
	ray::rpc::InternalPubSubGcsService.grpc_client.GcsSubscriberPoll - 2 total (1 active), Execution time: mean = 297859.21ms, total = 595718.43ms, Queueing time: mean = 0.00ms, max = -0.00ms, min = 9223372036854.78ms, total = 0.00ms
	MetricsAgentClient.WaitForServerReadyWithRetry - 2 total (0 active), Execution time: mean = 0.16ms, total = 0.33ms, Queueing time: mean = 1000.02ms, max = 1000.03ms, min = 1000.02ms, total = 2000.05ms
	ray::rpc::InternalPubSubGcsService.grpc_client.GcsSubscriberCommandBatch - 1 total (0 active), Execution time: mean = 0.67ms, total = 0.67ms, Queueing time: mean = 0.00ms, max = -0.00ms, min = 9223372036854.78ms, total = 0.00ms
	ray::rpc::InternalPubSubGcsService.grpc_client.GcsSubscriberPoll.OnReplyReceived - 1 total (0 active), Execution time: mean = 0.40ms, total = 0.40ms, Queueing time: mean = 0.25ms, max = 0.25ms, min = 0.25ms, total = 0.25ms
	ray::rpc::InternalPubSubGcsService.grpc_client.GcsSubscriberCommandBatch.OnReplyReceived - 1 total (0 active), Execution time: mean = 0.23ms, total = 0.23ms, Queueing time: mean = 0.70ms, max = 0.70ms, min = 0.70ms, total = 0.70ms
	ray::rpc::WorkerInfoGcsService.grpc_client.AddWorkerInfo.OnReplyReceived - 1 total (0 active), Execution time: mean = 0.03ms, total = 0.03ms, Queueing time: mean = 0.79ms, max = 0.79ms, min = 0.79ms, total = 0.79ms
	ray::rpc::NodeInfoGcsService.grpc_client.GetAllNodeAddressAndLiveness - 1 total (0 active), Execution time: mean = 0.65ms, total = 0.65ms, Queueing time: mean = 0.00ms, max = -0.00ms, min = 9223372036854.78ms, total = 0.00ms
	ray::rpc::WorkerInfoGcsService.grpc_client.AddWorkerInfo - 1 total (0 active), Execution time: mean = 0.70ms, total = 0.70ms, Queueing time: mean = 0.00ms, max = -0.00ms, min = 9223372036854.78ms, total = 0.00ms
	ray::rpc::NodeInfoGcsService.grpc_client.GetAllNodeAddressAndLiveness.OnReplyReceived - 1 total (0 active), Execution time: mean = 0.07ms, total = 0.07ms, Queueing time: mean = 0.01ms, max = 0.01ms, min = 0.01ms, total = 0.01ms

-----------------
Task execution event stats:

Global stats: 59571 total (1 active)
Queueing time: mean = 0.06ms, max = 11.59ms, min = 0.00ms, total = 3661.29ms
Execution time:  mean = 0.02ms, total = 973.81ms
Event stats:
	CoreWorker.CheckSignal - 59570 total (1 active), Execution time: mean = 0.02ms, total = 973.79ms, Queueing time: mean = 0.06ms, max = 11.59ms, min = 0.00ms, total = 3661.29ms
	PeriodicalRunner.RunFnPeriodically - 1 total (0 active), Execution time: mean = 0.02ms, total = 0.02ms, Queueing time: mean = 0.01ms, max = 0.01ms, min = 0.01ms, total = 0.01ms

-----------------
Task Event stats:

IO Service Stats:

Global stats: 1801 total (1 active)
Queueing time: mean = 0.03ms, max = 0.13ms, min = 0.01ms, total = 59.69ms
Execution time:  mean = 0.35ms, total = 629.77ms
Event stats:
	CoreWorker.deadline_timer.flush_task_events - 600 total (1 active), Execution time: mean = 0.22ms, total = 132.86ms, Queueing time: mean = 0.06ms, max = 0.13ms, min = 0.02ms, total = 35.04ms
	ray::rpc::TaskInfoGcsService.grpc_client.AddTaskEventData - 600 total (0 active), Execution time: mean = 0.79ms, total = 473.29ms, Queueing time: mean = 0.00ms, max = -0.00ms, min = 9223372036854.78ms, total = 0.00ms
	ray::rpc::TaskInfoGcsService.grpc_client.AddTaskEventData.OnReplyReceived - 600 total (0 active), Execution time: mean = 0.04ms, total = 23.39ms, Queueing time: mean = 0.04ms, max = 0.11ms, min = 0.02ms, total = 24.65ms
	PeriodicalRunner.RunFnPeriodically - 1 total (0 active), Execution time: mean = 0.23ms, total = 0.23ms, Queueing time: mean = 0.01ms, max = 0.01ms, min = 0.01ms, total = 0.01ms
Other Stats:
	gcs_grpc_in_progress:0
	event_aggregator_grpc_in_progress:0
	current number of task status events in buffer: 0
	current number of profile events in buffer: 0
	current number of dropped task attempts tracked: 0
	total task events sent: 0 MiB
	total number of task attempts sent: 0
	total number of task attempts dropped reported: 0
	total number of sent failure: 0
	num status task events dropped: 0
	num profile task events dropped: 0
	num ray task events reported to aggregator: 0
	num ray task events failed to report to aggregator: 0
	num of task attempts dropped reported to aggregator: 0
	num of failed requests to aggregator: 0

[2026-01-26 22:32:15,115 I 2672437 2674814] accessor.cc:433: Received address and liveness notification for node, IsAlive = 0 node_id=3f7d8f3c2f2ce4ceda046a9e31a63354ce562ec300cdcb32b8fa179b
[2026-01-26 22:32:15,115 I 2672437 2674814] core_worker.cc:740: Node failure. All objects pinned on that node will be lost if object reconstruction is not enabled. node_id=3f7d8f3c2f2ce4ceda046a9e31a63354ce562ec300cdcb32b8fa179b
[2026-01-26 22:32:15,115 I 2672437 2674814] normal_task_submitter.cc:840: Number of alive nodes:0
