[2026-01-25 16:45:44,831 I 2417125 2417125] core_worker_process.cc:777: Constructing CoreWorkerProcess. pid: 2417125
[2026-01-25 16:45:44,834 I 2417125 2417125] event.cc:499: Ray Event initialized for CORE_WORKER
[2026-01-25 16:45:44,834 I 2417125 2417125] event.cc:499: Ray Event initialized for EXPORT_TASK
[2026-01-25 16:45:44,834 I 2417125 2417125] event.cc:332: Set ray event level to warning
[2026-01-25 16:45:44,834 I 2417125 2417125] event_aggregator_client.h:50: Initiating the local event aggregator client with port: 64258
[2026-01-25 16:45:44,836 I 2417125 2417125] grpc_server.cc:143: worker server started, listening on port 34013.
[2026-01-25 16:45:44,845 I 2417125 2417125] core_worker_process.cc:262: Initializing worker at address: 172.28.6.5:34013 worker_id=94dcfa853e45137da4a8f7855fba42f4123b97efee65aea8cb19f45a node_id=4f226b4fe4b290f4d252817708466ab16d04df7faef9706c068db3a2
[2026-01-25 16:45:44,845 I 2417125 2417125] task_event_buffer.cc:480: Reporting task events to GCS every 1000ms.
[2026-01-25 16:45:44,846 I 2417125 2417125] core_worker.cc:515: Adjusted worker niceness to 15
[2026-01-25 16:45:44,846 I 2417125 2417125] metrics_agent_client.cc:45: Initializing exporter ...
[2026-01-25 16:45:44,847 I 2417125 2419521] core_worker.cc:455: Event stats:


Global stats: 12 total (10 active)
Queueing time: mean = 0.00ms, max = 0.02ms, min = 0.01ms, total = 0.03ms
Execution time:  mean = 0.00ms, total = 0.05ms
Event stats:
	PeriodicalRunner.RunFnPeriodically - 7 total (5 active, 1 running), Execution time: mean = 0.01ms, total = 0.05ms, Queueing time: mean = 0.00ms, max = 0.02ms, min = 0.01ms, total = 0.03ms
	ray::rpc::WorkerInfoGcsService.grpc_client.AddWorkerInfo - 1 total (1 active), Execution time: mean = 0.00ms, total = 0.00ms, Queueing time: mean = 0.00ms, max = -0.00ms, min = 9223372036854.78ms, total = 0.00ms
	CoreWorker.ExitIfParentRayletDies - 1 total (1 active), Execution time: mean = 0.00ms, total = 0.00ms, Queueing time: mean = 0.00ms, max = -0.00ms, min = 9223372036854.78ms, total = 0.00ms
	Publisher.CheckDeadSubscribers - 1 total (1 active), Execution time: mean = 0.00ms, total = 0.00ms, Queueing time: mean = 0.00ms, max = -0.00ms, min = 9223372036854.78ms, total = 0.00ms
	ray::rpc::InternalPubSubGcsService.grpc_client.GcsSubscriberPoll - 1 total (1 active), Execution time: mean = 0.00ms, total = 0.00ms, Queueing time: mean = 0.00ms, max = -0.00ms, min = 9223372036854.78ms, total = 0.00ms
	ray::rpc::InternalPubSubGcsService.grpc_client.GcsSubscriberCommandBatch - 1 total (1 active), Execution time: mean = 0.00ms, total = 0.00ms, Queueing time: mean = 0.00ms, max = -0.00ms, min = 9223372036854.78ms, total = 0.00ms

-----------------
Task execution event stats:

Global stats: 0 total (0 active)
Queueing time: mean = -nanms, max = -0.00ms, min = 9223372036854.78ms, total = 0.00ms
Execution time:  mean = -nanms, total = 0.00ms
Event stats:

-----------------
Task Event stats:

IO Service Stats:

Global stats: 4 total (1 active)
Queueing time: mean = 0.01ms, max = 0.05ms, min = 0.01ms, total = 0.06ms
Execution time:  mean = 0.27ms, total = 1.09ms
Event stats:
	CoreWorker.deadline_timer.flush_task_events - 1 total (1 active), Execution time: mean = 0.00ms, total = 0.00ms, Queueing time: mean = 0.00ms, max = -0.00ms, min = 9223372036854.78ms, total = 0.00ms
	ray::rpc::TaskInfoGcsService.grpc_client.AddTaskEventData.OnReplyReceived - 1 total (0 active), Execution time: mean = 0.04ms, total = 0.04ms, Queueing time: mean = 0.05ms, max = 0.05ms, min = 0.05ms, total = 0.05ms
	PeriodicalRunner.RunFnPeriodically - 1 total (0 active), Execution time: mean = 0.33ms, total = 0.33ms, Queueing time: mean = 0.01ms, max = 0.01ms, min = 0.01ms, total = 0.01ms
	ray::rpc::TaskInfoGcsService.grpc_client.AddTaskEventData - 1 total (0 active), Execution time: mean = 0.72ms, total = 0.72ms, Queueing time: mean = 0.00ms, max = -0.00ms, min = 9223372036854.78ms, total = 0.00ms
Other Stats:
	gcs_grpc_in_progress:0
	event_aggregator_grpc_in_progress:0
	current number of task status events in buffer: 0
	current number of profile events in buffer: 0
	current number of dropped task attempts tracked: 0
	total task events sent: 0 MiB
	total number of task attempts sent: 0
	total number of task attempts dropped reported: 0
	total number of sent failure: 0
	num status task events dropped: 0
	num profile task events dropped: 0
	num ray task events reported to aggregator: 0
	num ray task events failed to report to aggregator: 0
	num of task attempts dropped reported to aggregator: 0
	num of failed requests to aggregator: 0

[2026-01-25 16:45:44,848 I 2417125 2419521] accessor.cc:433: Received address and liveness notification for node, IsAlive = 1 node_id=4f226b4fe4b290f4d252817708466ab16d04df7faef9706c068db3a2
[2026-01-25 16:45:44,848 I 2417125 2419521] normal_task_submitter.cc:840: Number of alive nodes:1
[2026-01-25 16:45:46,063 I 2417125 2419521] metrics_agent_client.cc:59: Exporter initialized.
[2026-01-25 16:46:44,847 I 2417125 2419521] core_worker.cc:455: Event stats:


Global stats: 887 total (8 active)
Queueing time: mean = 1.18ms, max = 1000.04ms, min = 0.01ms, total = 1046.98ms
Execution time:  mean = 0.33ms, total = 288.44ms
Event stats:
	CoreWorker.RecoverObjects - 600 total (1 active), Execution time: mean = 0.01ms, total = 5.56ms, Queueing time: mean = 0.06ms, max = 0.10ms, min = 0.01ms, total = 34.21ms
	NodeManagerService.grpc_client.ReportWorkerBacklog.OnReplyReceived - 60 total (0 active), Execution time: mean = 0.03ms, total = 1.57ms, Queueing time: mean = 0.04ms, max = 0.06ms, min = 0.01ms, total = 2.44ms
	NodeManagerService.grpc_client.ReportWorkerBacklog - 60 total (0 active), Execution time: mean = 0.78ms, total = 47.08ms, Queueing time: mean = 0.00ms, max = -0.00ms, min = 9223372036854.78ms, total = 0.00ms
	CoreWorker.ExitIfParentRayletDies - 60 total (1 active), Execution time: mean = 0.01ms, total = 0.61ms, Queueing time: mean = 0.05ms, max = 0.09ms, min = 0.01ms, total = 2.97ms
	CoreWorker.InternalHeartbeat - 60 total (1 active), Execution time: mean = 0.18ms, total = 10.80ms, Queueing time: mean = 0.05ms, max = 0.09ms, min = 0.02ms, total = 2.90ms
	CoreWorker.RecordMetrics - 12 total (1 active), Execution time: mean = 0.06ms, total = 0.68ms, Queueing time: mean = 0.04ms, max = 0.08ms, min = 0.01ms, total = 0.49ms
	PeriodicalRunner.RunFnPeriodically - 7 total (0 active), Execution time: mean = 0.13ms, total = 0.94ms, Queueing time: mean = 0.37ms, max = 0.93ms, min = 0.01ms, total = 2.61ms
	CoreWorker.TryDelPendingObjectRefStreams - 6 total (1 active), Execution time: mean = 0.00ms, total = 0.03ms, Queueing time: mean = 0.05ms, max = 0.07ms, min = 0.03ms, total = 0.30ms
	CoreWorkerService.grpc_server.GetCoreWorkerStats.HandleRequestImpl - 4 total (0 active), Execution time: mean = 0.10ms, total = 0.40ms, Queueing time: mean = 0.03ms, max = 0.05ms, min = 0.02ms, total = 0.11ms
	CoreWorkerService.grpc_server.GetCoreWorkerStats - 4 total (0 active), Execution time: mean = 0.33ms, total = 1.32ms, Queueing time: mean = 0.00ms, max = -0.00ms, min = 9223372036854.78ms, total = 0.00ms
	ReporterService.grpc_client.HealthCheck.OnReplyReceived - 2 total (0 active), Execution time: mean = 0.21ms, total = 0.43ms, Queueing time: mean = 0.02ms, max = 0.02ms, min = 0.02ms, total = 0.04ms
	ReporterService.grpc_client.HealthCheck - 2 total (0 active), Execution time: mean = 108.19ms, total = 216.38ms, Queueing time: mean = 0.00ms, max = -0.00ms, min = 9223372036854.78ms, total = 0.00ms
	ray::rpc::InternalPubSubGcsService.grpc_client.GcsSubscriberCommandBatch.OnReplyReceived - 1 total (0 active), Execution time: mean = 0.13ms, total = 0.13ms, Queueing time: mean = 0.34ms, max = 0.34ms, min = 0.34ms, total = 0.34ms
	ray::rpc::NodeInfoGcsService.grpc_client.GetAllNodeAddressAndLiveness - 1 total (0 active), Execution time: mean = 0.79ms, total = 0.79ms, Queueing time: mean = 0.00ms, max = -0.00ms, min = 9223372036854.78ms, total = 0.00ms
	ray::rpc::InternalPubSubGcsService.grpc_client.GcsSubscriberCommandBatch - 1 total (0 active), Execution time: mean = 0.76ms, total = 0.76ms, Queueing time: mean = 0.00ms, max = -0.00ms, min = 9223372036854.78ms, total = 0.00ms
	ray::rpc::WorkerInfoGcsService.grpc_client.AddWorkerInfo - 1 total (0 active), Execution time: mean = 0.69ms, total = 0.69ms, Queueing time: mean = 0.00ms, max = -0.00ms, min = 9223372036854.78ms, total = 0.00ms
	ray::rpc::InternalPubSubGcsService.grpc_client.GcsSubscriberPoll - 1 total (1 active), Execution time: mean = 0.00ms, total = 0.00ms, Queueing time: mean = 0.00ms, max = -0.00ms, min = 9223372036854.78ms, total = 0.00ms
	CoreWorker.PrintEventStats - 1 total (1 active, 1 running), Execution time: mean = 0.00ms, total = 0.00ms, Queueing time: mean = 0.00ms, max = -0.00ms, min = 9223372036854.78ms, total = 0.00ms
	Publisher.CheckDeadSubscribers - 1 total (1 active), Execution time: mean = 0.00ms, total = 0.00ms, Queueing time: mean = 0.00ms, max = -0.00ms, min = 9223372036854.78ms, total = 0.00ms
	ray::rpc::WorkerInfoGcsService.grpc_client.AddWorkerInfo.OnReplyReceived - 1 total (0 active), Execution time: mean = 0.04ms, total = 0.04ms, Queueing time: mean = 0.50ms, max = 0.50ms, min = 0.50ms, total = 0.50ms
	MetricsAgentClient.WaitForServerReadyWithRetry - 1 total (0 active), Execution time: mean = 0.15ms, total = 0.15ms, Queueing time: mean = 1000.04ms, max = 1000.04ms, min = 1000.04ms, total = 1000.04ms
	ray::rpc::NodeInfoGcsService.grpc_client.GetAllNodeAddressAndLiveness.OnReplyReceived - 1 total (0 active), Execution time: mean = 0.09ms, total = 0.09ms, Queueing time: mean = 0.03ms, max = 0.03ms, min = 0.03ms, total = 0.03ms

-----------------
Task execution event stats:

Global stats: 5960 total (1 active)
Queueing time: mean = 0.06ms, max = 0.13ms, min = 0.00ms, total = 346.14ms
Execution time:  mean = 0.02ms, total = 99.06ms
Event stats:
	CoreWorker.CheckSignal - 5959 total (1 active), Execution time: mean = 0.02ms, total = 99.05ms, Queueing time: mean = 0.06ms, max = 0.13ms, min = 0.01ms, total = 346.13ms
	PeriodicalRunner.RunFnPeriodically - 1 total (0 active), Execution time: mean = 0.01ms, total = 0.01ms, Queueing time: mean = 0.00ms, max = 0.00ms, min = 0.00ms, total = 0.00ms

-----------------
Task Event stats:

IO Service Stats:

Global stats: 181 total (1 active)
Queueing time: mean = 0.03ms, max = 0.10ms, min = 0.01ms, total = 6.16ms
Execution time:  mean = 0.34ms, total = 61.03ms
Event stats:
	CoreWorker.deadline_timer.flush_task_events - 60 total (1 active), Execution time: mean = 0.21ms, total = 12.81ms, Queueing time: mean = 0.06ms, max = 0.10ms, min = 0.02ms, total = 3.49ms
	ray::rpc::TaskInfoGcsService.grpc_client.AddTaskEventData.OnReplyReceived - 60 total (0 active), Execution time: mean = 0.03ms, total = 2.02ms, Queueing time: mean = 0.04ms, max = 0.06ms, min = 0.02ms, total = 2.66ms
	ray::rpc::TaskInfoGcsService.grpc_client.AddTaskEventData - 60 total (0 active), Execution time: mean = 0.76ms, total = 45.87ms, Queueing time: mean = 0.00ms, max = -0.00ms, min = 9223372036854.78ms, total = 0.00ms
	PeriodicalRunner.RunFnPeriodically - 1 total (0 active), Execution time: mean = 0.33ms, total = 0.33ms, Queueing time: mean = 0.01ms, max = 0.01ms, min = 0.01ms, total = 0.01ms
Other Stats:
	gcs_grpc_in_progress:0
	event_aggregator_grpc_in_progress:0
	current number of task status events in buffer: 0
	current number of profile events in buffer: 0
	current number of dropped task attempts tracked: 0
	total task events sent: 0 MiB
	total number of task attempts sent: 0
	total number of task attempts dropped reported: 0
	total number of sent failure: 0
	num status task events dropped: 0
	num profile task events dropped: 0
	num ray task events reported to aggregator: 0
	num ray task events failed to report to aggregator: 0
	num of task attempts dropped reported to aggregator: 0
	num of failed requests to aggregator: 0

[2026-01-25 16:46:52,850 I 2417125 2419521] accessor.cc:433: Received address and liveness notification for node, IsAlive = 0 node_id=4f226b4fe4b290f4d252817708466ab16d04df7faef9706c068db3a2
[2026-01-25 16:46:52,850 I 2417125 2419521] core_worker.cc:740: Node failure. All objects pinned on that node will be lost if object reconstruction is not enabled. node_id=4f226b4fe4b290f4d252817708466ab16d04df7faef9706c068db3a2
[2026-01-25 16:46:52,850 I 2417125 2419521] normal_task_submitter.cc:840: Number of alive nodes:0
