[2026-02-01 20:26:56,259 I 714592 714592] core_worker_process.cc:777: Constructing CoreWorkerProcess. pid: 714592
[2026-02-01 20:26:56,261 I 714592 714592] event.cc:499: Ray Event initialized for CORE_WORKER
[2026-02-01 20:26:56,262 I 714592 714592] event.cc:499: Ray Event initialized for EXPORT_TASK
[2026-02-01 20:26:56,262 I 714592 714592] event.cc:332: Set ray event level to warning
[2026-02-01 20:26:56,262 I 714592 714592] event_aggregator_client.h:50: Initiating the local event aggregator client with port: 58832
[2026-02-01 20:26:56,265 I 714592 714592] grpc_server.cc:143: worker server started, listening on port 33241.
[2026-02-01 20:26:56,275 I 714592 714592] core_worker_process.cc:262: Initializing worker at address: 172.28.6.3:33241 worker_id=506f1b528d535b1e15f425659c517ea225e4f0d544714be692f7df36 node_id=83d64e6c8eb9181319aef1b2463c02b9e124a55e1870b1eb18332357
[2026-02-01 20:26:56,276 I 714592 714592] task_event_buffer.cc:480: Reporting task events to GCS every 1000ms.
[2026-02-01 20:26:56,277 I 714592 714592] core_worker.cc:515: Adjusted worker niceness to 15
[2026-02-01 20:26:56,277 I 714592 714592] metrics_agent_client.cc:45: Initializing exporter ...
[2026-02-01 20:26:56,277 I 714592 716158] core_worker.cc:455: Event stats:


Global stats: 12 total (10 active)
Queueing time: mean = 0.00ms, max = 0.01ms, min = 0.01ms, total = 0.02ms
Execution time:  mean = 0.00ms, total = 0.03ms
Event stats:
	PeriodicalRunner.RunFnPeriodically - 7 total (5 active, 1 running), Execution time: mean = 0.00ms, total = 0.03ms, Queueing time: mean = 0.00ms, max = 0.01ms, min = 0.01ms, total = 0.02ms
	Publisher.CheckDeadSubscribers - 1 total (1 active), Execution time: mean = 0.00ms, total = 0.00ms, Queueing time: mean = 0.00ms, max = -0.00ms, min = 9223372036854.78ms, total = 0.00ms
	ray::rpc::InternalPubSubGcsService.grpc_client.GcsSubscriberPoll - 1 total (1 active), Execution time: mean = 0.00ms, total = 0.00ms, Queueing time: mean = 0.00ms, max = -0.00ms, min = 9223372036854.78ms, total = 0.00ms
	CoreWorker.ExitIfParentRayletDies - 1 total (1 active), Execution time: mean = 0.00ms, total = 0.00ms, Queueing time: mean = 0.00ms, max = -0.00ms, min = 9223372036854.78ms, total = 0.00ms
	ray::rpc::WorkerInfoGcsService.grpc_client.AddWorkerInfo - 1 total (1 active), Execution time: mean = 0.00ms, total = 0.00ms, Queueing time: mean = 0.00ms, max = -0.00ms, min = 9223372036854.78ms, total = 0.00ms
	ray::rpc::InternalPubSubGcsService.grpc_client.GcsSubscriberCommandBatch - 1 total (1 active), Execution time: mean = 0.00ms, total = 0.00ms, Queueing time: mean = 0.00ms, max = -0.00ms, min = 9223372036854.78ms, total = 0.00ms

-----------------
Task execution event stats:

Global stats: 0 total (0 active)
Queueing time: mean = -nanms, max = -0.00ms, min = 9223372036854.78ms, total = 0.00ms
Execution time:  mean = -nanms, total = 0.00ms
Event stats:

-----------------
Task Event stats:

IO Service Stats:

Global stats: 4 total (1 active)
Queueing time: mean = 0.00ms, max = 0.01ms, min = 0.01ms, total = 0.02ms
Execution time:  mean = 0.16ms, total = 0.66ms
Event stats:
	ray::rpc::TaskInfoGcsService.grpc_client.AddTaskEventData - 1 total (0 active), Execution time: mean = 0.45ms, total = 0.45ms, Queueing time: mean = 0.00ms, max = -0.00ms, min = 9223372036854.78ms, total = 0.00ms
	PeriodicalRunner.RunFnPeriodically - 1 total (0 active), Execution time: mean = 0.19ms, total = 0.19ms, Queueing time: mean = 0.01ms, max = 0.01ms, min = 0.01ms, total = 0.01ms
	ray::rpc::TaskInfoGcsService.grpc_client.AddTaskEventData.OnReplyReceived - 1 total (0 active), Execution time: mean = 0.02ms, total = 0.02ms, Queueing time: mean = 0.01ms, max = 0.01ms, min = 0.01ms, total = 0.01ms
	CoreWorker.deadline_timer.flush_task_events - 1 total (1 active), Execution time: mean = 0.00ms, total = 0.00ms, Queueing time: mean = 0.00ms, max = -0.00ms, min = 9223372036854.78ms, total = 0.00ms
Other Stats:
	gcs_grpc_in_progress:0
	event_aggregator_grpc_in_progress:0
	current number of task status events in buffer: 0
	current number of profile events in buffer: 0
	current number of dropped task attempts tracked: 0
	total task events sent: 0 MiB
	total number of task attempts sent: 0
	total number of task attempts dropped reported: 0
	total number of sent failure: 0
	num status task events dropped: 0
	num profile task events dropped: 0
	num ray task events reported to aggregator: 0
	num ray task events failed to report to aggregator: 0
	num of task attempts dropped reported to aggregator: 0
	num of failed requests to aggregator: 0

[2026-02-01 20:26:56,278 I 714592 716158] accessor.cc:433: Received address and liveness notification for node, IsAlive = 1 node_id=83d64e6c8eb9181319aef1b2463c02b9e124a55e1870b1eb18332357
[2026-02-01 20:26:56,278 I 714592 716158] normal_task_submitter.cc:840: Number of alive nodes:1
[2026-02-01 20:26:58,281 I 714592 716158] metrics_agent_client.cc:59: Exporter initialized.
[2026-02-01 20:27:24,024 I 714592 716158] accessor.cc:433: Received address and liveness notification for node, IsAlive = 0 node_id=83d64e6c8eb9181319aef1b2463c02b9e124a55e1870b1eb18332357
[2026-02-01 20:27:24,024 I 714592 716158] core_worker.cc:740: Node failure. All objects pinned on that node will be lost if object reconstruction is not enabled. node_id=83d64e6c8eb9181319aef1b2463c02b9e124a55e1870b1eb18332357
