[2026-01-25 16:25:48,268 I 2409321 2409321] core_worker_process.cc:777: Constructing CoreWorkerProcess. pid: 2409321
[2026-01-25 16:25:48,278 I 2409321 2409321] event.cc:499: Ray Event initialized for CORE_WORKER
[2026-01-25 16:25:48,278 I 2409321 2409321] event.cc:499: Ray Event initialized for EXPORT_TASK
[2026-01-25 16:25:48,278 I 2409321 2409321] event.cc:332: Set ray event level to warning
[2026-01-25 16:25:48,278 I 2409321 2409321] event_aggregator_client.h:50: Initiating the local event aggregator client with port: 42239
[2026-01-25 16:25:48,281 I 2409321 2409321] grpc_server.cc:143: worker server started, listening on port 43555.
[2026-01-25 16:25:48,295 I 2409321 2409321] core_worker_process.cc:262: Initializing worker at address: 172.28.6.5:43555 worker_id=2bc225701a406be324fbc5d23237197f58fac174db80118c0eccc15f node_id=2cc6ae354bf7d975569963d494f21509eb9ac4c166a610b8b91c566f
[2026-01-25 16:25:48,296 I 2409321 2409321] task_event_buffer.cc:480: Reporting task events to GCS every 1000ms.
[2026-01-25 16:25:48,298 I 2409321 2409321] core_worker.cc:515: Adjusted worker niceness to 15
[2026-01-25 16:25:48,298 I 2409321 2409901] core_worker.cc:455: Event stats:


Global stats: 12 total (10 active)
Queueing time: mean = 0.01ms, max = 0.05ms, min = 0.03ms, total = 0.08ms
Execution time:  mean = 0.00ms, total = 0.05ms
Event stats:
	PeriodicalRunner.RunFnPeriodically - 7 total (5 active, 1 running), Execution time: mean = 0.01ms, total = 0.05ms, Queueing time: mean = 0.01ms, max = 0.05ms, min = 0.03ms, total = 0.08ms
	ray::rpc::InternalPubSubGcsService.grpc_client.GcsSubscriberPoll - 1 total (1 active), Execution time: mean = 0.00ms, total = 0.00ms, Queueing time: mean = 0.00ms, max = -0.00ms, min = 9223372036854.78ms, total = 0.00ms
	CoreWorker.ExitIfParentRayletDies - 1 total (1 active), Execution time: mean = 0.00ms, total = 0.00ms, Queueing time: mean = 0.00ms, max = -0.00ms, min = 9223372036854.78ms, total = 0.00ms
	Publisher.CheckDeadSubscribers - 1 total (1 active), Execution time: mean = 0.00ms, total = 0.00ms, Queueing time: mean = 0.00ms, max = -0.00ms, min = 9223372036854.78ms, total = 0.00ms
	ray::rpc::InternalPubSubGcsService.grpc_client.GcsSubscriberCommandBatch - 1 total (1 active), Execution time: mean = 0.00ms, total = 0.00ms, Queueing time: mean = 0.00ms, max = -0.00ms, min = 9223372036854.78ms, total = 0.00ms
	ray::rpc::WorkerInfoGcsService.grpc_client.AddWorkerInfo - 1 total (1 active), Execution time: mean = 0.00ms, total = 0.00ms, Queueing time: mean = 0.00ms, max = -0.00ms, min = 9223372036854.78ms, total = 0.00ms

-----------------
Task execution event stats:

Global stats: 0 total (0 active)
Queueing time: mean = -nanms, max = -0.00ms, min = 9223372036854.78ms, total = 0.00ms
Execution time:  mean = -nanms, total = 0.00ms
Event stats:

-----------------
Task Event stats:

IO Service Stats:

Global stats: 3 total (2 active)
Queueing time: mean = 0.23ms, max = 0.69ms, min = 0.69ms, total = 0.69ms
Execution time:  mean = 0.09ms, total = 0.26ms
Event stats:
	PeriodicalRunner.RunFnPeriodically - 1 total (0 active), Execution time: mean = 0.26ms, total = 0.26ms, Queueing time: mean = 0.69ms, max = 0.69ms, min = 0.69ms, total = 0.69ms
	ray::rpc::TaskInfoGcsService.grpc_client.AddTaskEventData - 1 total (1 active), Execution time: mean = 0.00ms, total = 0.00ms, Queueing time: mean = 0.00ms, max = -0.00ms, min = 9223372036854.78ms, total = 0.00ms
	CoreWorker.deadline_timer.flush_task_events - 1 total (1 active), Execution time: mean = 0.00ms, total = 0.00ms, Queueing time: mean = 0.00ms, max = -0.00ms, min = 9223372036854.78ms, total = 0.00ms
Other Stats:
	gcs_grpc_in_progress:1
	event_aggregator_grpc_in_progress:0
	current number of task status events in buffer: 0
	current number of profile events in buffer: 0
	current number of dropped task attempts tracked: 0
	total task events sent: 0 MiB
	total number of task attempts sent: 0
	total number of task attempts dropped reported: 0
	total number of sent failure: 0
	num status task events dropped: 0
	num profile task events dropped: 0
	num ray task events reported to aggregator: 0
	num ray task events failed to report to aggregator: 0
	num of task attempts dropped reported to aggregator: 0
	num of failed requests to aggregator: 0

[2026-01-25 16:25:48,298 I 2409321 2409321] metrics_agent_client.cc:45: Initializing exporter ...
[2026-01-25 16:25:48,299 I 2409321 2409901] accessor.cc:433: Received address and liveness notification for node, IsAlive = 1 node_id=2cc6ae354bf7d975569963d494f21509eb9ac4c166a610b8b91c566f
[2026-01-25 16:25:48,299 I 2409321 2409901] normal_task_submitter.cc:840: Number of alive nodes:1
[2026-01-25 16:25:50,301 I 2409321 2409901] metrics_agent_client.cc:59: Exporter initialized.
[2026-01-25 16:26:48,299 I 2409321 2409901] core_worker.cc:455: Event stats:


Global stats: 890 total (8 active)
Queueing time: mean = 2.30ms, max = 1000.07ms, min = 0.01ms, total = 2045.79ms
Execution time:  mean = 0.09ms, total = 78.98ms
Event stats:
	CoreWorker.RecoverObjects - 600 total (1 active), Execution time: mean = 0.01ms, total = 6.15ms, Queueing time: mean = 0.06ms, max = 0.11ms, min = 0.01ms, total = 33.49ms
	NodeManagerService.grpc_client.ReportWorkerBacklog - 60 total (0 active), Execution time: mean = 0.84ms, total = 50.16ms, Queueing time: mean = 0.00ms, max = -0.00ms, min = 9223372036854.78ms, total = 0.00ms
	CoreWorker.ExitIfParentRayletDies - 60 total (1 active), Execution time: mean = 0.01ms, total = 0.69ms, Queueing time: mean = 0.05ms, max = 0.10ms, min = 0.02ms, total = 3.18ms
	NodeManagerService.grpc_client.ReportWorkerBacklog.OnReplyReceived - 60 total (0 active), Execution time: mean = 0.03ms, total = 1.86ms, Queueing time: mean = 0.04ms, max = 0.07ms, min = 0.01ms, total = 2.53ms
	CoreWorker.InternalHeartbeat - 60 total (1 active), Execution time: mean = 0.19ms, total = 11.56ms, Queueing time: mean = 0.05ms, max = 0.08ms, min = 0.01ms, total = 2.86ms
	CoreWorker.RecordMetrics - 12 total (1 active), Execution time: mean = 0.06ms, total = 0.66ms, Queueing time: mean = 0.04ms, max = 0.08ms, min = 0.01ms, total = 0.54ms
	PeriodicalRunner.RunFnPeriodically - 7 total (0 active), Execution time: mean = 0.11ms, total = 0.75ms, Queueing time: mean = 0.32ms, max = 0.75ms, min = 0.03ms, total = 2.24ms
	CoreWorker.TryDelPendingObjectRefStreams - 6 total (1 active), Execution time: mean = 0.00ms, total = 0.03ms, Queueing time: mean = 0.04ms, max = 0.07ms, min = 0.02ms, total = 0.23ms
	CoreWorkerService.grpc_server.GetCoreWorkerStats - 4 total (0 active), Execution time: mean = 0.34ms, total = 1.34ms, Queueing time: mean = 0.00ms, max = -0.00ms, min = 9223372036854.78ms, total = 0.00ms
	CoreWorkerService.grpc_server.GetCoreWorkerStats.HandleRequestImpl - 4 total (0 active), Execution time: mean = 0.11ms, total = 0.46ms, Queueing time: mean = 0.04ms, max = 0.06ms, min = 0.02ms, total = 0.14ms
	ReporterService.grpc_client.HealthCheck - 3 total (0 active), Execution time: mean = 0.64ms, total = 1.91ms, Queueing time: mean = 0.00ms, max = -0.00ms, min = 9223372036854.78ms, total = 0.00ms
	ReporterService.grpc_client.HealthCheck.OnReplyReceived - 3 total (0 active), Execution time: mean = 0.13ms, total = 0.38ms, Queueing time: mean = 0.04ms, max = 0.06ms, min = 0.02ms, total = 0.13ms
	MetricsAgentClient.WaitForServerReadyWithRetry - 2 total (0 active), Execution time: mean = 0.16ms, total = 0.31ms, Queueing time: mean = 1000.06ms, max = 1000.07ms, min = 1000.04ms, total = 2000.11ms
	ray::rpc::NodeInfoGcsService.grpc_client.GetAllNodeAddressAndLiveness.OnReplyReceived - 1 total (0 active), Execution time: mean = 0.07ms, total = 0.07ms, Queueing time: mean = 0.19ms, max = 0.19ms, min = 0.19ms, total = 0.19ms
	ray::rpc::WorkerInfoGcsService.grpc_client.AddWorkerInfo.OnReplyReceived - 1 total (0 active), Execution time: mean = 0.03ms, total = 0.03ms, Queueing time: mean = 0.06ms, max = 0.06ms, min = 0.06ms, total = 0.06ms
	ray::rpc::WorkerInfoGcsService.grpc_client.AddWorkerInfo - 1 total (0 active), Execution time: mean = 1.08ms, total = 1.08ms, Queueing time: mean = 0.00ms, max = -0.00ms, min = 9223372036854.78ms, total = 0.00ms
	Publisher.CheckDeadSubscribers - 1 total (1 active), Execution time: mean = 0.00ms, total = 0.00ms, Queueing time: mean = 0.00ms, max = -0.00ms, min = 9223372036854.78ms, total = 0.00ms
	CoreWorker.PrintEventStats - 1 total (1 active, 1 running), Execution time: mean = 0.00ms, total = 0.00ms, Queueing time: mean = 0.00ms, max = -0.00ms, min = 9223372036854.78ms, total = 0.00ms
	ray::rpc::InternalPubSubGcsService.grpc_client.GcsSubscriberCommandBatch - 1 total (0 active), Execution time: mean = 0.93ms, total = 0.93ms, Queueing time: mean = 0.00ms, max = -0.00ms, min = 9223372036854.78ms, total = 0.00ms
	ray::rpc::NodeInfoGcsService.grpc_client.GetAllNodeAddressAndLiveness - 1 total (0 active), Execution time: mean = 0.47ms, total = 0.47ms, Queueing time: mean = 0.00ms, max = -0.00ms, min = 9223372036854.78ms, total = 0.00ms
	ray::rpc::InternalPubSubGcsService.grpc_client.GcsSubscriberPoll - 1 total (1 active), Execution time: mean = 0.00ms, total = 0.00ms, Queueing time: mean = 0.00ms, max = -0.00ms, min = 9223372036854.78ms, total = 0.00ms
	ray::rpc::InternalPubSubGcsService.grpc_client.GcsSubscriberCommandBatch.OnReplyReceived - 1 total (0 active), Execution time: mean = 0.16ms, total = 0.16ms, Queueing time: mean = 0.08ms, max = 0.08ms, min = 0.08ms, total = 0.08ms

-----------------
Task execution event stats:

Global stats: 5962 total (1 active)
Queueing time: mean = 0.06ms, max = 0.14ms, min = 0.00ms, total = 335.24ms
Execution time:  mean = 0.02ms, total = 90.86ms
Event stats:
	CoreWorker.CheckSignal - 5961 total (1 active), Execution time: mean = 0.02ms, total = 90.85ms, Queueing time: mean = 0.06ms, max = 0.14ms, min = 0.01ms, total = 335.23ms
	PeriodicalRunner.RunFnPeriodically - 1 total (0 active), Execution time: mean = 0.01ms, total = 0.01ms, Queueing time: mean = 0.00ms, max = 0.00ms, min = 0.00ms, total = 0.00ms

-----------------
Task Event stats:

IO Service Stats:

Global stats: 181 total (1 active)
Queueing time: mean = 0.03ms, max = 0.69ms, min = 0.02ms, total = 6.23ms
Execution time:  mean = 0.34ms, total = 62.04ms
Event stats:
	CoreWorker.deadline_timer.flush_task_events - 60 total (1 active), Execution time: mean = 0.22ms, total = 13.21ms, Queueing time: mean = 0.06ms, max = 0.13ms, min = 0.02ms, total = 3.50ms
	ray::rpc::TaskInfoGcsService.grpc_client.AddTaskEventData.OnReplyReceived - 60 total (0 active), Execution time: mean = 0.04ms, total = 2.12ms, Queueing time: mean = 0.03ms, max = 0.08ms, min = 0.02ms, total = 2.04ms
	ray::rpc::TaskInfoGcsService.grpc_client.AddTaskEventData - 60 total (0 active), Execution time: mean = 0.77ms, total = 46.45ms, Queueing time: mean = 0.00ms, max = -0.00ms, min = 9223372036854.78ms, total = 0.00ms
	PeriodicalRunner.RunFnPeriodically - 1 total (0 active), Execution time: mean = 0.26ms, total = 0.26ms, Queueing time: mean = 0.69ms, max = 0.69ms, min = 0.69ms, total = 0.69ms
Other Stats:
	gcs_grpc_in_progress:0
	event_aggregator_grpc_in_progress:0
	current number of task status events in buffer: 0
	current number of profile events in buffer: 0
	current number of dropped task attempts tracked: 0
	total task events sent: 0 MiB
	total number of task attempts sent: 0
	total number of task attempts dropped reported: 0
	total number of sent failure: 0
	num status task events dropped: 0
	num profile task events dropped: 0
	num ray task events reported to aggregator: 0
	num ray task events failed to report to aggregator: 0
	num of task attempts dropped reported to aggregator: 0
	num of failed requests to aggregator: 0

[2026-01-25 16:27:48,299 I 2409321 2409901] core_worker.cc:455: Event stats:


Global stats: 1757 total (8 active)
Queueing time: mean = 1.19ms, max = 1000.07ms, min = 0.01ms, total = 2088.06ms
Execution time:  mean = 0.09ms, total = 153.72ms
Event stats:
	CoreWorker.RecoverObjects - 1200 total (1 active), Execution time: mean = 0.01ms, total = 11.97ms, Queueing time: mean = 0.05ms, max = 0.12ms, min = 0.01ms, total = 65.90ms
	NodeManagerService.grpc_client.ReportWorkerBacklog - 120 total (0 active), Execution time: mean = 0.85ms, total = 101.43ms, Queueing time: mean = 0.00ms, max = -0.00ms, min = 9223372036854.78ms, total = 0.00ms
	CoreWorker.ExitIfParentRayletDies - 120 total (1 active), Execution time: mean = 0.01ms, total = 1.36ms, Queueing time: mean = 0.05ms, max = 0.10ms, min = 0.02ms, total = 6.30ms
	NodeManagerService.grpc_client.ReportWorkerBacklog.OnReplyReceived - 120 total (0 active), Execution time: mean = 0.03ms, total = 3.67ms, Queueing time: mean = 0.04ms, max = 0.07ms, min = 0.01ms, total = 4.80ms
	CoreWorker.InternalHeartbeat - 120 total (1 active), Execution time: mean = 0.20ms, total = 23.56ms, Queueing time: mean = 0.05ms, max = 0.08ms, min = 0.01ms, total = 5.97ms
	CoreWorker.RecordMetrics - 24 total (1 active), Execution time: mean = 0.06ms, total = 1.55ms, Queueing time: mean = 0.05ms, max = 0.10ms, min = 0.01ms, total = 1.27ms
	CoreWorker.TryDelPendingObjectRefStreams - 12 total (1 active), Execution time: mean = 0.01ms, total = 0.06ms, Queueing time: mean = 0.05ms, max = 0.09ms, min = 0.02ms, total = 0.64ms
	CoreWorkerService.grpc_server.GetCoreWorkerStats - 8 total (0 active), Execution time: mean = 0.33ms, total = 2.63ms, Queueing time: mean = 0.00ms, max = -0.00ms, min = 9223372036854.78ms, total = 0.00ms
	CoreWorkerService.grpc_server.GetCoreWorkerStats.HandleRequestImpl - 8 total (0 active), Execution time: mean = 0.10ms, total = 0.76ms, Queueing time: mean = 0.03ms, max = 0.06ms, min = 0.02ms, total = 0.28ms
	PeriodicalRunner.RunFnPeriodically - 7 total (0 active), Execution time: mean = 0.11ms, total = 0.75ms, Queueing time: mean = 0.32ms, max = 0.75ms, min = 0.03ms, total = 2.24ms
	ReporterService.grpc_client.HealthCheck.OnReplyReceived - 3 total (0 active), Execution time: mean = 0.13ms, total = 0.38ms, Queueing time: mean = 0.04ms, max = 0.06ms, min = 0.02ms, total = 0.13ms
	ReporterService.grpc_client.HealthCheck - 3 total (0 active), Execution time: mean = 0.64ms, total = 1.91ms, Queueing time: mean = 0.00ms, max = -0.00ms, min = 9223372036854.78ms, total = 0.00ms
	CoreWorker.PrintEventStats - 2 total (1 active, 1 running), Execution time: mean = 0.32ms, total = 0.65ms, Queueing time: mean = 0.03ms, max = 0.07ms, min = 0.07ms, total = 0.07ms
	MetricsAgentClient.WaitForServerReadyWithRetry - 2 total (0 active), Execution time: mean = 0.16ms, total = 0.31ms, Queueing time: mean = 1000.06ms, max = 1000.07ms, min = 1000.04ms, total = 2000.11ms
	ray::rpc::WorkerInfoGcsService.grpc_client.AddWorkerInfo.OnReplyReceived - 1 total (0 active), Execution time: mean = 0.03ms, total = 0.03ms, Queueing time: mean = 0.06ms, max = 0.06ms, min = 0.06ms, total = 0.06ms
	ray::rpc::InternalPubSubGcsService.grpc_client.GcsSubscriberCommandBatch - 1 total (0 active), Execution time: mean = 0.93ms, total = 0.93ms, Queueing time: mean = 0.00ms, max = -0.00ms, min = 9223372036854.78ms, total = 0.00ms
	Publisher.CheckDeadSubscribers - 1 total (1 active), Execution time: mean = 0.00ms, total = 0.00ms, Queueing time: mean = 0.00ms, max = -0.00ms, min = 9223372036854.78ms, total = 0.00ms
	ray::rpc::NodeInfoGcsService.grpc_client.GetAllNodeAddressAndLiveness - 1 total (0 active), Execution time: mean = 0.47ms, total = 0.47ms, Queueing time: mean = 0.00ms, max = -0.00ms, min = 9223372036854.78ms, total = 0.00ms
	ray::rpc::InternalPubSubGcsService.grpc_client.GcsSubscriberPoll - 1 total (1 active), Execution time: mean = 0.00ms, total = 0.00ms, Queueing time: mean = 0.00ms, max = -0.00ms, min = 9223372036854.78ms, total = 0.00ms
	ray::rpc::InternalPubSubGcsService.grpc_client.GcsSubscriberCommandBatch.OnReplyReceived - 1 total (0 active), Execution time: mean = 0.16ms, total = 0.16ms, Queueing time: mean = 0.08ms, max = 0.08ms, min = 0.08ms, total = 0.08ms
	ray::rpc::WorkerInfoGcsService.grpc_client.AddWorkerInfo - 1 total (0 active), Execution time: mean = 1.08ms, total = 1.08ms, Queueing time: mean = 0.00ms, max = -0.00ms, min = 9223372036854.78ms, total = 0.00ms
	ray::rpc::NodeInfoGcsService.grpc_client.GetAllNodeAddressAndLiveness.OnReplyReceived - 1 total (0 active), Execution time: mean = 0.07ms, total = 0.07ms, Queueing time: mean = 0.19ms, max = 0.19ms, min = 0.19ms, total = 0.19ms

-----------------
Task execution event stats:

Global stats: 11925 total (1 active)
Queueing time: mean = 0.05ms, max = 0.14ms, min = 0.00ms, total = 644.65ms
Execution time:  mean = 0.02ms, total = 185.90ms
Event stats:
	CoreWorker.CheckSignal - 11924 total (1 active), Execution time: mean = 0.02ms, total = 185.89ms, Queueing time: mean = 0.05ms, max = 0.14ms, min = 0.01ms, total = 644.64ms
	PeriodicalRunner.RunFnPeriodically - 1 total (0 active), Execution time: mean = 0.01ms, total = 0.01ms, Queueing time: mean = 0.00ms, max = 0.00ms, min = 0.00ms, total = 0.00ms

-----------------
Task Event stats:

IO Service Stats:

Global stats: 361 total (1 active)
Queueing time: mean = 0.03ms, max = 0.69ms, min = 0.02ms, total = 12.30ms
Execution time:  mean = 0.35ms, total = 125.01ms
Event stats:
	CoreWorker.deadline_timer.flush_task_events - 120 total (1 active), Execution time: mean = 0.22ms, total = 26.83ms, Queueing time: mean = 0.06ms, max = 0.13ms, min = 0.02ms, total = 6.92ms
	ray::rpc::TaskInfoGcsService.grpc_client.AddTaskEventData.OnReplyReceived - 120 total (0 active), Execution time: mean = 0.03ms, total = 4.18ms, Queueing time: mean = 0.04ms, max = 0.08ms, min = 0.02ms, total = 4.69ms
	ray::rpc::TaskInfoGcsService.grpc_client.AddTaskEventData - 120 total (0 active), Execution time: mean = 0.78ms, total = 93.74ms, Queueing time: mean = 0.00ms, max = -0.00ms, min = 9223372036854.78ms, total = 0.00ms
	PeriodicalRunner.RunFnPeriodically - 1 total (0 active), Execution time: mean = 0.26ms, total = 0.26ms, Queueing time: mean = 0.69ms, max = 0.69ms, min = 0.69ms, total = 0.69ms
Other Stats:
	gcs_grpc_in_progress:0
	event_aggregator_grpc_in_progress:0
	current number of task status events in buffer: 0
	current number of profile events in buffer: 0
	current number of dropped task attempts tracked: 0
	total task events sent: 0 MiB
	total number of task attempts sent: 0
	total number of task attempts dropped reported: 0
	total number of sent failure: 0
	num status task events dropped: 0
	num profile task events dropped: 0
	num ray task events reported to aggregator: 0
	num ray task events failed to report to aggregator: 0
	num of task attempts dropped reported to aggregator: 0
	num of failed requests to aggregator: 0

[2026-01-25 16:27:58,244 I 2409321 2409901] accessor.cc:433: Received address and liveness notification for node, IsAlive = 0 node_id=2cc6ae354bf7d975569963d494f21509eb9ac4c166a610b8b91c566f
[2026-01-25 16:27:58,244 I 2409321 2409901] core_worker.cc:740: Node failure. All objects pinned on that node will be lost if object reconstruction is not enabled. node_id=2cc6ae354bf7d975569963d494f21509eb9ac4c166a610b8b91c566f
[2026-01-25 16:27:58,244 I 2409321 2409901] normal_task_submitter.cc:840: Number of alive nodes:0
