[2026-01-25 16:25:48,378 I 2409347 2409347] core_worker_process.cc:777: Constructing CoreWorkerProcess. pid: 2409347
[2026-01-25 16:25:48,388 I 2409347 2409347] event.cc:499: Ray Event initialized for CORE_WORKER
[2026-01-25 16:25:48,388 I 2409347 2409347] event.cc:499: Ray Event initialized for EXPORT_TASK
[2026-01-25 16:25:48,388 I 2409347 2409347] event.cc:332: Set ray event level to warning
[2026-01-25 16:25:48,388 I 2409347 2409347] event_aggregator_client.h:50: Initiating the local event aggregator client with port: 42239
[2026-01-25 16:25:48,390 I 2409347 2409347] grpc_server.cc:143: worker server started, listening on port 41391.
[2026-01-25 16:25:48,402 I 2409347 2409347] core_worker_process.cc:262: Initializing worker at address: 172.28.6.5:41391 worker_id=9b22f5809b9c60fda05c664fdbfef2253157530726141f9cb9ca49ee node_id=2cc6ae354bf7d975569963d494f21509eb9ac4c166a610b8b91c566f
[2026-01-25 16:25:48,403 I 2409347 2409347] task_event_buffer.cc:480: Reporting task events to GCS every 1000ms.
[2026-01-25 16:25:48,404 I 2409347 2409347] core_worker.cc:515: Adjusted worker niceness to 15
[2026-01-25 16:25:48,404 I 2409347 2409347] metrics_agent_client.cc:45: Initializing exporter ...
[2026-01-25 16:25:48,404 I 2409347 2410826] core_worker.cc:455: Event stats:


Global stats: 12 total (10 active)
Queueing time: mean = 0.01ms, max = 0.05ms, min = 0.01ms, total = 0.06ms
Execution time:  mean = 0.00ms, total = 0.05ms
Event stats:
	PeriodicalRunner.RunFnPeriodically - 7 total (5 active, 1 running), Execution time: mean = 0.01ms, total = 0.05ms, Queueing time: mean = 0.01ms, max = 0.05ms, min = 0.01ms, total = 0.06ms
	ray::rpc::InternalPubSubGcsService.grpc_client.GcsSubscriberCommandBatch - 1 total (1 active), Execution time: mean = 0.00ms, total = 0.00ms, Queueing time: mean = 0.00ms, max = -0.00ms, min = 9223372036854.78ms, total = 0.00ms
	ray::rpc::InternalPubSubGcsService.grpc_client.GcsSubscriberPoll - 1 total (1 active), Execution time: mean = 0.00ms, total = 0.00ms, Queueing time: mean = 0.00ms, max = -0.00ms, min = 9223372036854.78ms, total = 0.00ms
	CoreWorker.ExitIfParentRayletDies - 1 total (1 active), Execution time: mean = 0.00ms, total = 0.00ms, Queueing time: mean = 0.00ms, max = -0.00ms, min = 9223372036854.78ms, total = 0.00ms
	ray::rpc::WorkerInfoGcsService.grpc_client.AddWorkerInfo - 1 total (1 active), Execution time: mean = 0.00ms, total = 0.00ms, Queueing time: mean = 0.00ms, max = -0.00ms, min = 9223372036854.78ms, total = 0.00ms
	Publisher.CheckDeadSubscribers - 1 total (1 active), Execution time: mean = 0.00ms, total = 0.00ms, Queueing time: mean = 0.00ms, max = -0.00ms, min = 9223372036854.78ms, total = 0.00ms

-----------------
Task execution event stats:

Global stats: 0 total (0 active)
Queueing time: mean = -nanms, max = -0.00ms, min = 9223372036854.78ms, total = 0.00ms
Execution time:  mean = -nanms, total = 0.00ms
Event stats:

-----------------
Task Event stats:

IO Service Stats:

Global stats: 3 total (2 active)
Queueing time: mean = 0.08ms, max = 0.22ms, min = 0.01ms, total = 0.24ms
Execution time:  mean = 0.10ms, total = 0.31ms
Event stats:
	ray::rpc::TaskInfoGcsService.grpc_client.AddTaskEventData - 1 total (1 active), Execution time: mean = 0.00ms, total = 0.00ms, Queueing time: mean = 0.00ms, max = -0.00ms, min = 9223372036854.78ms, total = 0.00ms
	CoreWorker.deadline_timer.flush_task_events - 1 total (1 active), Execution time: mean = 0.00ms, total = 0.00ms, Queueing time: mean = 0.00ms, max = -0.00ms, min = 9223372036854.78ms, total = 0.00ms
	PeriodicalRunner.RunFnPeriodically - 1 total (0 active), Execution time: mean = 0.31ms, total = 0.31ms, Queueing time: mean = 0.22ms, max = 0.22ms, min = 0.22ms, total = 0.22ms
Other Stats:
	gcs_grpc_in_progress:0
	event_aggregator_grpc_in_progress:0
	current number of task status events in buffer: 0
	current number of profile events in buffer: 0
	current number of dropped task attempts tracked: 0
	total task events sent: 0 MiB
	total number of task attempts sent: 0
	total number of task attempts dropped reported: 0
	total number of sent failure: 0
	num status task events dropped: 0
	num profile task events dropped: 0
	num ray task events reported to aggregator: 0
	num ray task events failed to report to aggregator: 0
	num of task attempts dropped reported to aggregator: 0
	num of failed requests to aggregator: 0

[2026-01-25 16:25:48,405 I 2409347 2410826] accessor.cc:433: Received address and liveness notification for node, IsAlive = 1 node_id=2cc6ae354bf7d975569963d494f21509eb9ac4c166a610b8b91c566f
[2026-01-25 16:25:48,405 I 2409347 2410826] normal_task_submitter.cc:840: Number of alive nodes:1
[2026-01-25 16:25:50,407 I 2409347 2410826] metrics_agent_client.cc:59: Exporter initialized.
[2026-01-25 16:26:48,405 I 2409347 2410826] core_worker.cc:455: Event stats:


Global stats: 890 total (8 active)
Queueing time: mean = 2.30ms, max = 1000.03ms, min = 0.01ms, total = 2048.95ms
Execution time:  mean = 0.09ms, total = 78.28ms
Event stats:
	CoreWorker.RecoverObjects - 600 total (1 active), Execution time: mean = 0.01ms, total = 5.81ms, Queueing time: mean = 0.06ms, max = 0.16ms, min = 0.02ms, total = 34.57ms
	NodeManagerService.grpc_client.ReportWorkerBacklog.OnReplyReceived - 60 total (0 active), Execution time: mean = 0.03ms, total = 1.80ms, Queueing time: mean = 0.04ms, max = 0.07ms, min = 0.02ms, total = 2.42ms
	NodeManagerService.grpc_client.ReportWorkerBacklog - 60 total (0 active), Execution time: mean = 0.83ms, total = 49.89ms, Queueing time: mean = 0.00ms, max = -0.00ms, min = 9223372036854.78ms, total = 0.00ms
	CoreWorker.ExitIfParentRayletDies - 60 total (1 active), Execution time: mean = 0.01ms, total = 0.64ms, Queueing time: mean = 0.05ms, max = 0.08ms, min = 0.01ms, total = 3.12ms
	CoreWorker.InternalHeartbeat - 60 total (1 active), Execution time: mean = 0.19ms, total = 11.36ms, Queueing time: mean = 0.05ms, max = 0.08ms, min = 0.01ms, total = 3.25ms
	CoreWorker.RecordMetrics - 12 total (1 active), Execution time: mean = 0.06ms, total = 0.70ms, Queueing time: mean = 0.04ms, max = 0.07ms, min = 0.01ms, total = 0.45ms
	PeriodicalRunner.RunFnPeriodically - 7 total (0 active), Execution time: mean = 0.14ms, total = 0.97ms, Queueing time: mean = 0.39ms, max = 0.95ms, min = 0.01ms, total = 2.76ms
	CoreWorker.TryDelPendingObjectRefStreams - 6 total (1 active), Execution time: mean = 0.01ms, total = 0.04ms, Queueing time: mean = 0.05ms, max = 0.09ms, min = 0.03ms, total = 0.29ms
	CoreWorkerService.grpc_server.GetCoreWorkerStats - 4 total (0 active), Execution time: mean = 0.37ms, total = 1.46ms, Queueing time: mean = 0.00ms, max = -0.00ms, min = 9223372036854.78ms, total = 0.00ms
	CoreWorkerService.grpc_server.GetCoreWorkerStats.HandleRequestImpl - 4 total (0 active), Execution time: mean = 0.11ms, total = 0.45ms, Queueing time: mean = 0.02ms, max = 0.03ms, min = 0.02ms, total = 0.10ms
	ReporterService.grpc_client.HealthCheck - 3 total (0 active), Execution time: mean = 0.76ms, total = 2.28ms, Queueing time: mean = 0.00ms, max = -0.00ms, min = 9223372036854.78ms, total = 0.00ms
	ReporterService.grpc_client.HealthCheck.OnReplyReceived - 3 total (0 active), Execution time: mean = 0.13ms, total = 0.39ms, Queueing time: mean = 0.16ms, max = 0.45ms, min = 0.02ms, total = 0.49ms
	MetricsAgentClient.WaitForServerReadyWithRetry - 2 total (0 active), Execution time: mean = 0.16ms, total = 0.33ms, Queueing time: mean = 1000.03ms, max = 1000.03ms, min = 1000.02ms, total = 2000.05ms
	ray::rpc::InternalPubSubGcsService.grpc_client.GcsSubscriberCommandBatch - 1 total (0 active), Execution time: mean = 0.48ms, total = 0.48ms, Queueing time: mean = 0.00ms, max = -0.00ms, min = 9223372036854.78ms, total = 0.00ms
	ray::rpc::WorkerInfoGcsService.grpc_client.AddWorkerInfo.OnReplyReceived - 1 total (0 active), Execution time: mean = 0.02ms, total = 0.02ms, Queueing time: mean = 0.78ms, max = 0.78ms, min = 0.78ms, total = 0.78ms
	Publisher.CheckDeadSubscribers - 1 total (1 active), Execution time: mean = 0.00ms, total = 0.00ms, Queueing time: mean = 0.00ms, max = -0.00ms, min = 9223372036854.78ms, total = 0.00ms
	ray::rpc::InternalPubSubGcsService.grpc_client.GcsSubscriberCommandBatch.OnReplyReceived - 1 total (0 active), Execution time: mean = 0.23ms, total = 0.23ms, Queueing time: mean = 0.65ms, max = 0.65ms, min = 0.65ms, total = 0.65ms
	ray::rpc::WorkerInfoGcsService.grpc_client.AddWorkerInfo - 1 total (0 active), Execution time: mean = 0.72ms, total = 0.72ms, Queueing time: mean = 0.00ms, max = -0.00ms, min = 9223372036854.78ms, total = 0.00ms
	ray::rpc::NodeInfoGcsService.grpc_client.GetAllNodeAddressAndLiveness.OnReplyReceived - 1 total (0 active), Execution time: mean = 0.15ms, total = 0.15ms, Queueing time: mean = 0.02ms, max = 0.02ms, min = 0.02ms, total = 0.02ms
	ray::rpc::InternalPubSubGcsService.grpc_client.GcsSubscriberPoll - 1 total (1 active), Execution time: mean = 0.00ms, total = 0.00ms, Queueing time: mean = 0.00ms, max = -0.00ms, min = 9223372036854.78ms, total = 0.00ms
	ray::rpc::NodeInfoGcsService.grpc_client.GetAllNodeAddressAndLiveness - 1 total (0 active), Execution time: mean = 0.56ms, total = 0.56ms, Queueing time: mean = 0.00ms, max = -0.00ms, min = 9223372036854.78ms, total = 0.00ms
	CoreWorker.PrintEventStats - 1 total (1 active, 1 running), Execution time: mean = 0.00ms, total = 0.00ms, Queueing time: mean = 0.00ms, max = -0.00ms, min = 9223372036854.78ms, total = 0.00ms

-----------------
Task execution event stats:

Global stats: 5961 total (1 active)
Queueing time: mean = 0.06ms, max = 0.14ms, min = 0.01ms, total = 342.54ms
Execution time:  mean = 0.02ms, total = 94.41ms
Event stats:
	CoreWorker.CheckSignal - 5960 total (1 active), Execution time: mean = 0.02ms, total = 94.40ms, Queueing time: mean = 0.06ms, max = 0.14ms, min = 0.01ms, total = 342.54ms
	PeriodicalRunner.RunFnPeriodically - 1 total (0 active), Execution time: mean = 0.02ms, total = 0.02ms, Queueing time: mean = 0.01ms, max = 0.01ms, min = 0.01ms, total = 0.01ms

-----------------
Task Event stats:

IO Service Stats:

Global stats: 181 total (1 active)
Queueing time: mean = 0.03ms, max = 0.22ms, min = 0.01ms, total = 6.31ms
Execution time:  mean = 0.35ms, total = 63.92ms
Event stats:
	CoreWorker.deadline_timer.flush_task_events - 60 total (1 active), Execution time: mean = 0.23ms, total = 13.60ms, Queueing time: mean = 0.06ms, max = 0.10ms, min = 0.02ms, total = 3.56ms
	ray::rpc::TaskInfoGcsService.grpc_client.AddTaskEventData.OnReplyReceived - 60 total (0 active), Execution time: mean = 0.04ms, total = 2.31ms, Queueing time: mean = 0.04ms, max = 0.08ms, min = 0.01ms, total = 2.52ms
	ray::rpc::TaskInfoGcsService.grpc_client.AddTaskEventData - 60 total (0 active), Execution time: mean = 0.79ms, total = 47.70ms, Queueing time: mean = 0.00ms, max = -0.00ms, min = 9223372036854.78ms, total = 0.00ms
	PeriodicalRunner.RunFnPeriodically - 1 total (0 active), Execution time: mean = 0.31ms, total = 0.31ms, Queueing time: mean = 0.22ms, max = 0.22ms, min = 0.22ms, total = 0.22ms
Other Stats:
	gcs_grpc_in_progress:0
	event_aggregator_grpc_in_progress:0
	current number of task status events in buffer: 0
	current number of profile events in buffer: 0
	current number of dropped task attempts tracked: 0
	total task events sent: 0 MiB
	total number of task attempts sent: 0
	total number of task attempts dropped reported: 0
	total number of sent failure: 0
	num status task events dropped: 0
	num profile task events dropped: 0
	num ray task events reported to aggregator: 0
	num ray task events failed to report to aggregator: 0
	num of task attempts dropped reported to aggregator: 0
	num of failed requests to aggregator: 0

[2026-01-25 16:27:48,406 I 2409347 2410826] core_worker.cc:455: Event stats:


Global stats: 1757 total (8 active)
Queueing time: mean = 1.19ms, max = 1000.03ms, min = 0.01ms, total = 2092.83ms
Execution time:  mean = 0.09ms, total = 151.78ms
Event stats:
	CoreWorker.RecoverObjects - 1200 total (1 active), Execution time: mean = 0.01ms, total = 11.66ms, Queueing time: mean = 0.06ms, max = 0.16ms, min = 0.02ms, total = 68.14ms
	NodeManagerService.grpc_client.ReportWorkerBacklog.OnReplyReceived - 120 total (0 active), Execution time: mean = 0.03ms, total = 3.49ms, Queueing time: mean = 0.04ms, max = 0.08ms, min = 0.02ms, total = 4.90ms
	NodeManagerService.grpc_client.ReportWorkerBacklog - 120 total (0 active), Execution time: mean = 0.84ms, total = 100.26ms, Queueing time: mean = 0.00ms, max = -0.00ms, min = 9223372036854.78ms, total = 0.00ms
	CoreWorker.ExitIfParentRayletDies - 120 total (1 active), Execution time: mean = 0.01ms, total = 1.29ms, Queueing time: mean = 0.05ms, max = 0.08ms, min = 0.01ms, total = 6.54ms
	CoreWorker.InternalHeartbeat - 120 total (1 active), Execution time: mean = 0.19ms, total = 23.10ms, Queueing time: mean = 0.06ms, max = 0.09ms, min = 0.01ms, total = 6.73ms
	CoreWorker.RecordMetrics - 24 total (1 active), Execution time: mean = 0.07ms, total = 1.58ms, Queueing time: mean = 0.04ms, max = 0.08ms, min = 0.01ms, total = 1.05ms
	CoreWorker.TryDelPendingObjectRefStreams - 12 total (1 active), Execution time: mean = 0.01ms, total = 0.07ms, Queueing time: mean = 0.04ms, max = 0.09ms, min = 0.02ms, total = 0.48ms
	CoreWorkerService.grpc_server.GetCoreWorkerStats - 8 total (0 active), Execution time: mean = 0.34ms, total = 2.69ms, Queueing time: mean = 0.00ms, max = -0.00ms, min = 9223372036854.78ms, total = 0.00ms
	CoreWorkerService.grpc_server.GetCoreWorkerStats.HandleRequestImpl - 8 total (0 active), Execution time: mean = 0.10ms, total = 0.78ms, Queueing time: mean = 0.02ms, max = 0.03ms, min = 0.02ms, total = 0.19ms
	PeriodicalRunner.RunFnPeriodically - 7 total (0 active), Execution time: mean = 0.14ms, total = 0.97ms, Queueing time: mean = 0.39ms, max = 0.95ms, min = 0.01ms, total = 2.76ms
	ReporterService.grpc_client.HealthCheck - 3 total (0 active), Execution time: mean = 0.76ms, total = 2.28ms, Queueing time: mean = 0.00ms, max = -0.00ms, min = 9223372036854.78ms, total = 0.00ms
	ReporterService.grpc_client.HealthCheck.OnReplyReceived - 3 total (0 active), Execution time: mean = 0.13ms, total = 0.39ms, Queueing time: mean = 0.16ms, max = 0.45ms, min = 0.02ms, total = 0.49ms
	MetricsAgentClient.WaitForServerReadyWithRetry - 2 total (0 active), Execution time: mean = 0.16ms, total = 0.33ms, Queueing time: mean = 1000.03ms, max = 1000.03ms, min = 1000.02ms, total = 2000.05ms
	CoreWorker.PrintEventStats - 2 total (1 active, 1 running), Execution time: mean = 0.36ms, total = 0.72ms, Queueing time: mean = 0.02ms, max = 0.04ms, min = 0.04ms, total = 0.04ms
	ray::rpc::WorkerInfoGcsService.grpc_client.AddWorkerInfo.OnReplyReceived - 1 total (0 active), Execution time: mean = 0.02ms, total = 0.02ms, Queueing time: mean = 0.78ms, max = 0.78ms, min = 0.78ms, total = 0.78ms
	ray::rpc::InternalPubSubGcsService.grpc_client.GcsSubscriberCommandBatch - 1 total (0 active), Execution time: mean = 0.48ms, total = 0.48ms, Queueing time: mean = 0.00ms, max = -0.00ms, min = 9223372036854.78ms, total = 0.00ms
	Publisher.CheckDeadSubscribers - 1 total (1 active), Execution time: mean = 0.00ms, total = 0.00ms, Queueing time: mean = 0.00ms, max = -0.00ms, min = 9223372036854.78ms, total = 0.00ms
	ray::rpc::InternalPubSubGcsService.grpc_client.GcsSubscriberCommandBatch.OnReplyReceived - 1 total (0 active), Execution time: mean = 0.23ms, total = 0.23ms, Queueing time: mean = 0.65ms, max = 0.65ms, min = 0.65ms, total = 0.65ms
	ray::rpc::WorkerInfoGcsService.grpc_client.AddWorkerInfo - 1 total (0 active), Execution time: mean = 0.72ms, total = 0.72ms, Queueing time: mean = 0.00ms, max = -0.00ms, min = 9223372036854.78ms, total = 0.00ms
	ray::rpc::NodeInfoGcsService.grpc_client.GetAllNodeAddressAndLiveness.OnReplyReceived - 1 total (0 active), Execution time: mean = 0.15ms, total = 0.15ms, Queueing time: mean = 0.02ms, max = 0.02ms, min = 0.02ms, total = 0.02ms
	ray::rpc::InternalPubSubGcsService.grpc_client.GcsSubscriberPoll - 1 total (1 active), Execution time: mean = 0.00ms, total = 0.00ms, Queueing time: mean = 0.00ms, max = -0.00ms, min = 9223372036854.78ms, total = 0.00ms
	ray::rpc::NodeInfoGcsService.grpc_client.GetAllNodeAddressAndLiveness - 1 total (0 active), Execution time: mean = 0.56ms, total = 0.56ms, Queueing time: mean = 0.00ms, max = -0.00ms, min = 9223372036854.78ms, total = 0.00ms

-----------------
Task execution event stats:

Global stats: 11921 total (1 active)
Queueing time: mean = 0.06ms, max = 1.05ms, min = 0.01ms, total = 676.05ms
Execution time:  mean = 0.02ms, total = 188.00ms
Event stats:
	CoreWorker.CheckSignal - 11920 total (1 active), Execution time: mean = 0.02ms, total = 187.98ms, Queueing time: mean = 0.06ms, max = 1.05ms, min = 0.01ms, total = 676.04ms
	PeriodicalRunner.RunFnPeriodically - 1 total (0 active), Execution time: mean = 0.02ms, total = 0.02ms, Queueing time: mean = 0.01ms, max = 0.01ms, min = 0.01ms, total = 0.01ms

-----------------
Task Event stats:

IO Service Stats:

Global stats: 361 total (1 active)
Queueing time: mean = 0.04ms, max = 0.22ms, min = 0.01ms, total = 12.68ms
Execution time:  mean = 0.35ms, total = 127.60ms
Event stats:
	CoreWorker.deadline_timer.flush_task_events - 120 total (1 active), Execution time: mean = 0.23ms, total = 27.61ms, Queueing time: mean = 0.06ms, max = 0.10ms, min = 0.02ms, total = 7.05ms
	ray::rpc::TaskInfoGcsService.grpc_client.AddTaskEventData.OnReplyReceived - 120 total (0 active), Execution time: mean = 0.04ms, total = 4.67ms, Queueing time: mean = 0.05ms, max = 0.08ms, min = 0.01ms, total = 5.41ms
	ray::rpc::TaskInfoGcsService.grpc_client.AddTaskEventData - 120 total (0 active), Execution time: mean = 0.79ms, total = 95.02ms, Queueing time: mean = 0.00ms, max = -0.00ms, min = 9223372036854.78ms, total = 0.00ms
	PeriodicalRunner.RunFnPeriodically - 1 total (0 active), Execution time: mean = 0.31ms, total = 0.31ms, Queueing time: mean = 0.22ms, max = 0.22ms, min = 0.22ms, total = 0.22ms
Other Stats:
	gcs_grpc_in_progress:0
	event_aggregator_grpc_in_progress:0
	current number of task status events in buffer: 0
	current number of profile events in buffer: 0
	current number of dropped task attempts tracked: 0
	total task events sent: 0 MiB
	total number of task attempts sent: 0
	total number of task attempts dropped reported: 0
	total number of sent failure: 0
	num status task events dropped: 0
	num profile task events dropped: 0
	num ray task events reported to aggregator: 0
	num ray task events failed to report to aggregator: 0
	num of task attempts dropped reported to aggregator: 0
	num of failed requests to aggregator: 0

[2026-01-25 16:27:58,243 I 2409347 2410826] accessor.cc:433: Received address and liveness notification for node, IsAlive = 0 node_id=2cc6ae354bf7d975569963d494f21509eb9ac4c166a610b8b91c566f
[2026-01-25 16:27:58,243 I 2409347 2410826] core_worker.cc:740: Node failure. All objects pinned on that node will be lost if object reconstruction is not enabled. node_id=2cc6ae354bf7d975569963d494f21509eb9ac4c166a610b8b91c566f
[2026-01-25 16:27:58,243 I 2409347 2410826] normal_task_submitter.cc:840: Number of alive nodes:0
