[2026-02-01 21:12:41,721 I 742132 742132] core_worker_process.cc:777: Constructing CoreWorkerProcess. pid: 742132
[2026-02-01 21:12:41,725 I 742132 742132] event.cc:499: Ray Event initialized for CORE_WORKER
[2026-02-01 21:12:41,725 I 742132 742132] event.cc:499: Ray Event initialized for EXPORT_TASK
[2026-02-01 21:12:41,725 I 742132 742132] event.cc:332: Set ray event level to warning
[2026-02-01 21:12:41,725 I 742132 742132] event_aggregator_client.h:50: Initiating the local event aggregator client with port: 62089
[2026-02-01 21:12:41,728 I 742132 742132] grpc_server.cc:143: worker server started, listening on port 34361.
[2026-02-01 21:12:41,742 I 742132 742132] core_worker_process.cc:262: Initializing worker at address: 172.28.6.3:34361 worker_id=507361b613951bfcab10a2d0d8bbec8a990cb7c671e2448373313a23 node_id=55e27cb583adc291271c2bd78940b4b1ebc29de06f8fba8d0ada64c3
[2026-02-01 21:12:41,743 I 742132 742132] task_event_buffer.cc:480: Reporting task events to GCS every 1000ms.
[2026-02-01 21:12:41,745 I 742132 742132] core_worker.cc:515: Adjusted worker niceness to 15
[2026-02-01 21:12:41,745 I 742132 742132] metrics_agent_client.cc:45: Initializing exporter ...
[2026-02-01 21:12:41,745 I 742132 742721] core_worker.cc:455: Event stats:


Global stats: 13 total (9 active)
Queueing time: mean = 0.01ms, max = 0.04ms, min = 0.01ms, total = 0.07ms
Execution time:  mean = 0.07ms, total = 0.94ms
Event stats:
	PeriodicalRunner.RunFnPeriodically - 7 total (5 active, 1 running), Execution time: mean = 0.01ms, total = 0.04ms, Queueing time: mean = 0.01ms, max = 0.04ms, min = 0.01ms, total = 0.05ms
	ray::rpc::WorkerInfoGcsService.grpc_client.AddWorkerInfo.OnReplyReceived - 1 total (0 active), Execution time: mean = 0.03ms, total = 0.03ms, Queueing time: mean = 0.02ms, max = 0.02ms, min = 0.02ms, total = 0.02ms
	ray::rpc::WorkerInfoGcsService.grpc_client.AddWorkerInfo - 1 total (0 active), Execution time: mean = 0.87ms, total = 0.87ms, Queueing time: mean = 0.00ms, max = -0.00ms, min = 9223372036854.78ms, total = 0.00ms
	ray::rpc::InternalPubSubGcsService.grpc_client.GcsSubscriberCommandBatch - 1 total (1 active), Execution time: mean = 0.00ms, total = 0.00ms, Queueing time: mean = 0.00ms, max = -0.00ms, min = 9223372036854.78ms, total = 0.00ms
	CoreWorker.ExitIfParentRayletDies - 1 total (1 active), Execution time: mean = 0.00ms, total = 0.00ms, Queueing time: mean = 0.00ms, max = -0.00ms, min = 9223372036854.78ms, total = 0.00ms
	Publisher.CheckDeadSubscribers - 1 total (1 active), Execution time: mean = 0.00ms, total = 0.00ms, Queueing time: mean = 0.00ms, max = -0.00ms, min = 9223372036854.78ms, total = 0.00ms
	ray::rpc::InternalPubSubGcsService.grpc_client.GcsSubscriberPoll - 1 total (1 active), Execution time: mean = 0.00ms, total = 0.00ms, Queueing time: mean = 0.00ms, max = -0.00ms, min = 9223372036854.78ms, total = 0.00ms

-----------------
Task execution event stats:

Global stats: 0 total (0 active)
Queueing time: mean = -nanms, max = -0.00ms, min = 9223372036854.78ms, total = 0.00ms
Execution time:  mean = -nanms, total = 0.00ms
Event stats:

-----------------
Task Event stats:

IO Service Stats:

Global stats: 4 total (1 active)
Queueing time: mean = 0.02ms, max = 0.05ms, min = 0.02ms, total = 0.07ms
Execution time:  mean = 0.28ms, total = 1.12ms
Event stats:
	PeriodicalRunner.RunFnPeriodically - 1 total (0 active), Execution time: mean = 0.33ms, total = 0.33ms, Queueing time: mean = 0.05ms, max = 0.05ms, min = 0.05ms, total = 0.05ms
	ray::rpc::TaskInfoGcsService.grpc_client.AddTaskEventData.OnReplyReceived - 1 total (0 active), Execution time: mean = 0.02ms, total = 0.02ms, Queueing time: mean = 0.02ms, max = 0.02ms, min = 0.02ms, total = 0.02ms
	ray::rpc::TaskInfoGcsService.grpc_client.AddTaskEventData - 1 total (0 active), Execution time: mean = 0.77ms, total = 0.77ms, Queueing time: mean = 0.00ms, max = -0.00ms, min = 9223372036854.78ms, total = 0.00ms
	CoreWorker.deadline_timer.flush_task_events - 1 total (1 active), Execution time: mean = 0.00ms, total = 0.00ms, Queueing time: mean = 0.00ms, max = -0.00ms, min = 9223372036854.78ms, total = 0.00ms
Other Stats:
	gcs_grpc_in_progress:0
	event_aggregator_grpc_in_progress:0
	current number of task status events in buffer: 0
	current number of profile events in buffer: 0
	current number of dropped task attempts tracked: 0
	total task events sent: 0 MiB
	total number of task attempts sent: 0
	total number of task attempts dropped reported: 0
	total number of sent failure: 0
	num status task events dropped: 0
	num profile task events dropped: 0
	num ray task events reported to aggregator: 0
	num ray task events failed to report to aggregator: 0
	num of task attempts dropped reported to aggregator: 0
	num of failed requests to aggregator: 0

[2026-02-01 21:12:41,746 I 742132 742721] accessor.cc:433: Received address and liveness notification for node, IsAlive = 1 node_id=55e27cb583adc291271c2bd78940b4b1ebc29de06f8fba8d0ada64c3
[2026-02-01 21:12:41,746 I 742132 742721] normal_task_submitter.cc:840: Number of alive nodes:1
[2026-02-01 21:12:43,747 I 742132 742721] metrics_agent_client.cc:59: Exporter initialized.
[2026-02-01 21:13:41,746 I 742132 742721] core_worker.cc:455: Event stats:


Global stats: 890 total (8 active)
Queueing time: mean = 2.30ms, max = 1000.04ms, min = 0.01ms, total = 2045.93ms
Execution time:  mean = 0.09ms, total = 78.20ms
Event stats:
	CoreWorker.RecoverObjects - 600 total (1 active), Execution time: mean = 0.01ms, total = 5.70ms, Queueing time: mean = 0.06ms, max = 0.11ms, min = 0.01ms, total = 34.23ms
	CoreWorker.InternalHeartbeat - 60 total (1 active), Execution time: mean = 0.19ms, total = 11.40ms, Queueing time: mean = 0.05ms, max = 0.08ms, min = 0.02ms, total = 2.90ms
	NodeManagerService.grpc_client.ReportWorkerBacklog - 60 total (0 active), Execution time: mean = 0.84ms, total = 50.61ms, Queueing time: mean = 0.00ms, max = -0.00ms, min = 9223372036854.78ms, total = 0.00ms
	NodeManagerService.grpc_client.ReportWorkerBacklog.OnReplyReceived - 60 total (0 active), Execution time: mean = 0.03ms, total = 1.53ms, Queueing time: mean = 0.04ms, max = 0.07ms, min = 0.02ms, total = 2.40ms
	CoreWorker.ExitIfParentRayletDies - 60 total (1 active), Execution time: mean = 0.01ms, total = 0.70ms, Queueing time: mean = 0.05ms, max = 0.11ms, min = 0.01ms, total = 3.25ms
	CoreWorker.RecordMetrics - 12 total (1 active), Execution time: mean = 0.05ms, total = 0.59ms, Queueing time: mean = 0.03ms, max = 0.08ms, min = 0.01ms, total = 0.33ms
	PeriodicalRunner.RunFnPeriodically - 7 total (0 active), Execution time: mean = 0.10ms, total = 0.73ms, Queueing time: mean = 0.29ms, max = 0.71ms, min = 0.01ms, total = 2.02ms
	CoreWorker.TryDelPendingObjectRefStreams - 6 total (1 active), Execution time: mean = 0.01ms, total = 0.03ms, Queueing time: mean = 0.04ms, max = 0.08ms, min = 0.02ms, total = 0.24ms
	CoreWorkerService.grpc_server.GetCoreWorkerStats.HandleRequestImpl - 4 total (0 active), Execution time: mean = 0.09ms, total = 0.35ms, Queueing time: mean = 0.03ms, max = 0.04ms, min = 0.02ms, total = 0.11ms
	CoreWorkerService.grpc_server.GetCoreWorkerStats - 4 total (0 active), Execution time: mean = 0.28ms, total = 1.13ms, Queueing time: mean = 0.00ms, max = -0.00ms, min = 9223372036854.78ms, total = 0.00ms
	ReporterService.grpc_client.HealthCheck - 3 total (0 active), Execution time: mean = 0.73ms, total = 2.19ms, Queueing time: mean = 0.00ms, max = -0.00ms, min = 9223372036854.78ms, total = 0.00ms
	ReporterService.grpc_client.HealthCheck.OnReplyReceived - 3 total (0 active), Execution time: mean = 0.11ms, total = 0.32ms, Queueing time: mean = 0.03ms, max = 0.04ms, min = 0.02ms, total = 0.08ms
	MetricsAgentClient.WaitForServerReadyWithRetry - 2 total (0 active), Execution time: mean = 0.17ms, total = 0.35ms, Queueing time: mean = 1000.03ms, max = 1000.04ms, min = 1000.02ms, total = 2000.06ms
	ray::rpc::NodeInfoGcsService.grpc_client.GetAllNodeAddressAndLiveness.OnReplyReceived - 1 total (0 active), Execution time: mean = 0.07ms, total = 0.07ms, Queueing time: mean = 0.03ms, max = 0.03ms, min = 0.03ms, total = 0.03ms
	ray::rpc::InternalPubSubGcsService.grpc_client.GcsSubscriberCommandBatch - 1 total (0 active), Execution time: mean = 0.72ms, total = 0.72ms, Queueing time: mean = 0.00ms, max = -0.00ms, min = 9223372036854.78ms, total = 0.00ms
	ray::rpc::WorkerInfoGcsService.grpc_client.AddWorkerInfo.OnReplyReceived - 1 total (0 active), Execution time: mean = 0.03ms, total = 0.03ms, Queueing time: mean = 0.02ms, max = 0.02ms, min = 0.02ms, total = 0.02ms
	ray::rpc::NodeInfoGcsService.grpc_client.GetAllNodeAddressAndLiveness - 1 total (0 active), Execution time: mean = 0.73ms, total = 0.73ms, Queueing time: mean = 0.00ms, max = -0.00ms, min = 9223372036854.78ms, total = 0.00ms
	ray::rpc::InternalPubSubGcsService.grpc_client.GcsSubscriberPoll - 1 total (1 active), Execution time: mean = 0.00ms, total = 0.00ms, Queueing time: mean = 0.00ms, max = -0.00ms, min = 9223372036854.78ms, total = 0.00ms
	Publisher.CheckDeadSubscribers - 1 total (1 active), Execution time: mean = 0.00ms, total = 0.00ms, Queueing time: mean = 0.00ms, max = -0.00ms, min = 9223372036854.78ms, total = 0.00ms
	ray::rpc::InternalPubSubGcsService.grpc_client.GcsSubscriberCommandBatch.OnReplyReceived - 1 total (0 active), Execution time: mean = 0.14ms, total = 0.14ms, Queueing time: mean = 0.27ms, max = 0.27ms, min = 0.27ms, total = 0.27ms
	ray::rpc::WorkerInfoGcsService.grpc_client.AddWorkerInfo - 1 total (0 active), Execution time: mean = 0.87ms, total = 0.87ms, Queueing time: mean = 0.00ms, max = -0.00ms, min = 9223372036854.78ms, total = 0.00ms
	CoreWorker.PrintEventStats - 1 total (1 active, 1 running), Execution time: mean = 0.00ms, total = 0.00ms, Queueing time: mean = 0.00ms, max = -0.00ms, min = 9223372036854.78ms, total = 0.00ms

-----------------
Task execution event stats:

Global stats: 5961 total (1 active)
Queueing time: mean = 0.06ms, max = 2.07ms, min = 0.00ms, total = 349.04ms
Execution time:  mean = 0.01ms, total = 88.63ms
Event stats:
	CoreWorker.CheckSignal - 5960 total (1 active), Execution time: mean = 0.01ms, total = 88.62ms, Queueing time: mean = 0.06ms, max = 2.07ms, min = 0.01ms, total = 349.04ms
	PeriodicalRunner.RunFnPeriodically - 1 total (0 active), Execution time: mean = 0.01ms, total = 0.01ms, Queueing time: mean = 0.00ms, max = 0.00ms, min = 0.00ms, total = 0.00ms

-----------------
Task Event stats:

IO Service Stats:

Global stats: 181 total (1 active)
Queueing time: mean = 0.03ms, max = 0.12ms, min = 0.01ms, total = 5.87ms
Execution time:  mean = 0.36ms, total = 64.42ms
Event stats:
	ray::rpc::TaskInfoGcsService.grpc_client.AddTaskEventData.OnReplyReceived - 60 total (0 active), Execution time: mean = 0.03ms, total = 2.04ms, Queueing time: mean = 0.04ms, max = 0.07ms, min = 0.01ms, total = 2.38ms
	ray::rpc::TaskInfoGcsService.grpc_client.AddTaskEventData - 60 total (0 active), Execution time: mean = 0.81ms, total = 48.56ms, Queueing time: mean = 0.00ms, max = -0.00ms, min = 9223372036854.78ms, total = 0.00ms
	CoreWorker.deadline_timer.flush_task_events - 60 total (1 active), Execution time: mean = 0.22ms, total = 13.50ms, Queueing time: mean = 0.06ms, max = 0.12ms, min = 0.03ms, total = 3.43ms
	PeriodicalRunner.RunFnPeriodically - 1 total (0 active), Execution time: mean = 0.33ms, total = 0.33ms, Queueing time: mean = 0.05ms, max = 0.05ms, min = 0.05ms, total = 0.05ms
Other Stats:
	gcs_grpc_in_progress:0
	event_aggregator_grpc_in_progress:0
	current number of task status events in buffer: 0
	current number of profile events in buffer: 0
	current number of dropped task attempts tracked: 0
	total task events sent: 0 MiB
	total number of task attempts sent: 0
	total number of task attempts dropped reported: 0
	total number of sent failure: 0
	num status task events dropped: 0
	num profile task events dropped: 0
	num ray task events reported to aggregator: 0
	num ray task events failed to report to aggregator: 0
	num of task attempts dropped reported to aggregator: 0
	num of failed requests to aggregator: 0

[2026-02-01 21:13:43,664 I 742132 742721] accessor.cc:433: Received address and liveness notification for node, IsAlive = 0 node_id=55e27cb583adc291271c2bd78940b4b1ebc29de06f8fba8d0ada64c3
[2026-02-01 21:13:43,664 I 742132 742721] core_worker.cc:740: Node failure. All objects pinned on that node will be lost if object reconstruction is not enabled. node_id=55e27cb583adc291271c2bd78940b4b1ebc29de06f8fba8d0ada64c3
[2026-02-01 21:13:43,664 I 742132 742721] normal_task_submitter.cc:840: Number of alive nodes:0
