[2026-02-01 21:12:41,858 I 742156 742156] core_worker_process.cc:777: Constructing CoreWorkerProcess. pid: 742156
[2026-02-01 21:12:41,860 I 742156 742156] event.cc:499: Ray Event initialized for CORE_WORKER
[2026-02-01 21:12:41,860 I 742156 742156] event.cc:499: Ray Event initialized for EXPORT_TASK
[2026-02-01 21:12:41,860 I 742156 742156] event.cc:332: Set ray event level to warning
[2026-02-01 21:12:41,860 I 742156 742156] event_aggregator_client.h:50: Initiating the local event aggregator client with port: 62089
[2026-02-01 21:12:41,862 I 742156 742156] grpc_server.cc:143: worker server started, listening on port 41677.
[2026-02-01 21:12:41,871 I 742156 742156] core_worker_process.cc:262: Initializing worker at address: 172.28.6.3:41677 worker_id=976f87222c7eb9cca7823c205db5533dca41f380bc5618894bee82c2 node_id=55e27cb583adc291271c2bd78940b4b1ebc29de06f8fba8d0ada64c3
[2026-02-01 21:12:41,872 I 742156 742156] task_event_buffer.cc:480: Reporting task events to GCS every 1000ms.
[2026-02-01 21:12:41,873 I 742156 742156] core_worker.cc:515: Adjusted worker niceness to 15
[2026-02-01 21:12:41,873 I 742156 742156] metrics_agent_client.cc:45: Initializing exporter ...
[2026-02-01 21:12:41,873 I 742156 744166] core_worker.cc:455: Event stats:


Global stats: 12 total (10 active)
Queueing time: mean = 0.00ms, max = 0.01ms, min = 0.01ms, total = 0.02ms
Execution time:  mean = 0.00ms, total = 0.03ms
Event stats:
	PeriodicalRunner.RunFnPeriodically - 7 total (5 active, 1 running), Execution time: mean = 0.00ms, total = 0.03ms, Queueing time: mean = 0.00ms, max = 0.01ms, min = 0.01ms, total = 0.02ms
	ray::rpc::InternalPubSubGcsService.grpc_client.GcsSubscriberPoll - 1 total (1 active), Execution time: mean = 0.00ms, total = 0.00ms, Queueing time: mean = 0.00ms, max = -0.00ms, min = 9223372036854.78ms, total = 0.00ms
	ray::rpc::WorkerInfoGcsService.grpc_client.AddWorkerInfo - 1 total (1 active), Execution time: mean = 0.00ms, total = 0.00ms, Queueing time: mean = 0.00ms, max = -0.00ms, min = 9223372036854.78ms, total = 0.00ms
	ray::rpc::InternalPubSubGcsService.grpc_client.GcsSubscriberCommandBatch - 1 total (1 active), Execution time: mean = 0.00ms, total = 0.00ms, Queueing time: mean = 0.00ms, max = -0.00ms, min = 9223372036854.78ms, total = 0.00ms
	Publisher.CheckDeadSubscribers - 1 total (1 active), Execution time: mean = 0.00ms, total = 0.00ms, Queueing time: mean = 0.00ms, max = -0.00ms, min = 9223372036854.78ms, total = 0.00ms
	CoreWorker.ExitIfParentRayletDies - 1 total (1 active), Execution time: mean = 0.00ms, total = 0.00ms, Queueing time: mean = 0.00ms, max = -0.00ms, min = 9223372036854.78ms, total = 0.00ms

-----------------
Task execution event stats:

Global stats: 0 total (0 active)
Queueing time: mean = -nanms, max = -0.00ms, min = 9223372036854.78ms, total = 0.00ms
Execution time:  mean = -nanms, total = 0.00ms
Event stats:

-----------------
Task Event stats:

IO Service Stats:

Global stats: 4 total (1 active)
Queueing time: mean = 0.00ms, max = 0.01ms, min = 0.01ms, total = 0.02ms
Execution time:  mean = 0.16ms, total = 0.64ms
Event stats:
	ray::rpc::TaskInfoGcsService.grpc_client.AddTaskEventData.OnReplyReceived - 1 total (0 active), Execution time: mean = 0.01ms, total = 0.01ms, Queueing time: mean = 0.01ms, max = 0.01ms, min = 0.01ms, total = 0.01ms
	CoreWorker.deadline_timer.flush_task_events - 1 total (1 active), Execution time: mean = 0.00ms, total = 0.00ms, Queueing time: mean = 0.00ms, max = -0.00ms, min = 9223372036854.78ms, total = 0.00ms
	ray::rpc::TaskInfoGcsService.grpc_client.AddTaskEventData - 1 total (0 active), Execution time: mean = 0.45ms, total = 0.45ms, Queueing time: mean = 0.00ms, max = -0.00ms, min = 9223372036854.78ms, total = 0.00ms
	PeriodicalRunner.RunFnPeriodically - 1 total (0 active), Execution time: mean = 0.18ms, total = 0.18ms, Queueing time: mean = 0.01ms, max = 0.01ms, min = 0.01ms, total = 0.01ms
Other Stats:
	gcs_grpc_in_progress:0
	event_aggregator_grpc_in_progress:0
	current number of task status events in buffer: 0
	current number of profile events in buffer: 0
	current number of dropped task attempts tracked: 0
	total task events sent: 0 MiB
	total number of task attempts sent: 0
	total number of task attempts dropped reported: 0
	total number of sent failure: 0
	num status task events dropped: 0
	num profile task events dropped: 0
	num ray task events reported to aggregator: 0
	num ray task events failed to report to aggregator: 0
	num of task attempts dropped reported to aggregator: 0
	num of failed requests to aggregator: 0

[2026-02-01 21:12:41,874 I 742156 744166] accessor.cc:433: Received address and liveness notification for node, IsAlive = 1 node_id=55e27cb583adc291271c2bd78940b4b1ebc29de06f8fba8d0ada64c3
[2026-02-01 21:12:41,874 I 742156 744166] normal_task_submitter.cc:840: Number of alive nodes:1
[2026-02-01 21:12:43,875 I 742156 744166] metrics_agent_client.cc:59: Exporter initialized.
[2026-02-01 21:13:41,874 I 742156 744166] core_worker.cc:455: Event stats:


Global stats: 890 total (8 active)
Queueing time: mean = 2.30ms, max = 1000.02ms, min = 0.01ms, total = 2043.76ms
Execution time:  mean = 0.08ms, total = 74.32ms
Event stats:
	CoreWorker.RecoverObjects - 600 total (1 active), Execution time: mean = 0.01ms, total = 5.23ms, Queueing time: mean = 0.05ms, max = 0.11ms, min = 0.01ms, total = 32.99ms
	NodeManagerService.grpc_client.ReportWorkerBacklog.OnReplyReceived - 60 total (0 active), Execution time: mean = 0.03ms, total = 1.52ms, Queueing time: mean = 0.04ms, max = 0.06ms, min = 0.01ms, total = 2.30ms
	CoreWorker.ExitIfParentRayletDies - 60 total (1 active), Execution time: mean = 0.01ms, total = 0.66ms, Queueing time: mean = 0.05ms, max = 0.09ms, min = 0.01ms, total = 2.78ms
	CoreWorker.InternalHeartbeat - 60 total (1 active), Execution time: mean = 0.17ms, total = 10.50ms, Queueing time: mean = 0.05ms, max = 0.09ms, min = 0.01ms, total = 2.91ms
	NodeManagerService.grpc_client.ReportWorkerBacklog - 60 total (0 active), Execution time: mean = 0.83ms, total = 50.07ms, Queueing time: mean = 0.00ms, max = -0.00ms, min = 9223372036854.78ms, total = 0.00ms
	CoreWorker.RecordMetrics - 12 total (1 active), Execution time: mean = 0.05ms, total = 0.58ms, Queueing time: mean = 0.03ms, max = 0.07ms, min = 0.01ms, total = 0.33ms
	PeriodicalRunner.RunFnPeriodically - 7 total (0 active), Execution time: mean = 0.07ms, total = 0.49ms, Queueing time: mean = 0.19ms, max = 0.47ms, min = 0.01ms, total = 1.31ms
	CoreWorker.TryDelPendingObjectRefStreams - 6 total (1 active), Execution time: mean = 0.00ms, total = 0.03ms, Queueing time: mean = 0.05ms, max = 0.08ms, min = 0.03ms, total = 0.29ms
	CoreWorkerService.grpc_server.GetCoreWorkerStats.HandleRequestImpl - 4 total (0 active), Execution time: mean = 0.12ms, total = 0.47ms, Queueing time: mean = 0.03ms, max = 0.06ms, min = 0.02ms, total = 0.14ms
	CoreWorkerService.grpc_server.GetCoreWorkerStats - 4 total (0 active), Execution time: mean = 0.34ms, total = 1.36ms, Queueing time: mean = 0.00ms, max = -0.00ms, min = 9223372036854.78ms, total = 0.00ms
	ReporterService.grpc_client.HealthCheck - 3 total (0 active), Execution time: mean = 0.52ms, total = 1.56ms, Queueing time: mean = 0.00ms, max = -0.00ms, min = 9223372036854.78ms, total = 0.00ms
	ReporterService.grpc_client.HealthCheck.OnReplyReceived - 3 total (0 active), Execution time: mean = 0.09ms, total = 0.27ms, Queueing time: mean = 0.02ms, max = 0.04ms, min = 0.01ms, total = 0.06ms
	MetricsAgentClient.WaitForServerReadyWithRetry - 2 total (0 active), Execution time: mean = 0.10ms, total = 0.21ms, Queueing time: mean = 1000.02ms, max = 1000.02ms, min = 1000.02ms, total = 2000.03ms
	ray::rpc::InternalPubSubGcsService.grpc_client.GcsSubscriberCommandBatch - 1 total (0 active), Execution time: mean = 0.44ms, total = 0.44ms, Queueing time: mean = 0.00ms, max = -0.00ms, min = 9223372036854.78ms, total = 0.00ms
	Publisher.CheckDeadSubscribers - 1 total (1 active), Execution time: mean = 0.00ms, total = 0.00ms, Queueing time: mean = 0.00ms, max = -0.00ms, min = 9223372036854.78ms, total = 0.00ms
	ray::rpc::NodeInfoGcsService.grpc_client.GetAllNodeAddressAndLiveness - 1 total (0 active), Execution time: mean = 0.34ms, total = 0.34ms, Queueing time: mean = 0.00ms, max = -0.00ms, min = 9223372036854.78ms, total = 0.00ms
	ray::rpc::WorkerInfoGcsService.grpc_client.AddWorkerInfo - 1 total (0 active), Execution time: mean = 0.41ms, total = 0.41ms, Queueing time: mean = 0.00ms, max = -0.00ms, min = 9223372036854.78ms, total = 0.00ms
	ray::rpc::InternalPubSubGcsService.grpc_client.GcsSubscriberPoll - 1 total (1 active), Execution time: mean = 0.00ms, total = 0.00ms, Queueing time: mean = 0.00ms, max = -0.00ms, min = 9223372036854.78ms, total = 0.00ms
	ray::rpc::InternalPubSubGcsService.grpc_client.GcsSubscriberCommandBatch.OnReplyReceived - 1 total (0 active), Execution time: mean = 0.12ms, total = 0.12ms, Queueing time: mean = 0.23ms, max = 0.23ms, min = 0.23ms, total = 0.23ms
	ray::rpc::NodeInfoGcsService.grpc_client.GetAllNodeAddressAndLiveness.OnReplyReceived - 1 total (0 active), Execution time: mean = 0.05ms, total = 0.05ms, Queueing time: mean = 0.01ms, max = 0.01ms, min = 0.01ms, total = 0.01ms
	ray::rpc::WorkerInfoGcsService.grpc_client.AddWorkerInfo.OnReplyReceived - 1 total (0 active), Execution time: mean = 0.02ms, total = 0.02ms, Queueing time: mean = 0.39ms, max = 0.39ms, min = 0.39ms, total = 0.39ms
	CoreWorker.PrintEventStats - 1 total (1 active, 1 running), Execution time: mean = 0.00ms, total = 0.00ms, Queueing time: mean = 0.00ms, max = -0.00ms, min = 9223372036854.78ms, total = 0.00ms

-----------------
Task execution event stats:

Global stats: 5962 total (1 active)
Queueing time: mean = 0.06ms, max = 0.20ms, min = -0.00ms, total = 335.22ms
Execution time:  mean = 0.01ms, total = 88.89ms
Event stats:
	CoreWorker.CheckSignal - 5961 total (1 active), Execution time: mean = 0.01ms, total = 88.88ms, Queueing time: mean = 0.06ms, max = 0.20ms, min = -0.00ms, total = 335.22ms
	PeriodicalRunner.RunFnPeriodically - 1 total (0 active), Execution time: mean = 0.01ms, total = 0.01ms, Queueing time: mean = 0.00ms, max = 0.00ms, min = 0.00ms, total = 0.00ms

-----------------
Task Event stats:

IO Service Stats:

Global stats: 181 total (1 active)
Queueing time: mean = 0.03ms, max = 0.09ms, min = 0.01ms, total = 5.86ms
Execution time:  mean = 0.33ms, total = 60.56ms
Event stats:
	ray::rpc::TaskInfoGcsService.grpc_client.AddTaskEventData.OnReplyReceived - 60 total (0 active), Execution time: mean = 0.03ms, total = 1.98ms, Queueing time: mean = 0.04ms, max = 0.08ms, min = 0.01ms, total = 2.55ms
	CoreWorker.deadline_timer.flush_task_events - 60 total (1 active), Execution time: mean = 0.21ms, total = 12.34ms, Queueing time: mean = 0.05ms, max = 0.09ms, min = 0.02ms, total = 3.29ms
	ray::rpc::TaskInfoGcsService.grpc_client.AddTaskEventData - 60 total (0 active), Execution time: mean = 0.77ms, total = 46.06ms, Queueing time: mean = 0.00ms, max = -0.00ms, min = 9223372036854.78ms, total = 0.00ms
	PeriodicalRunner.RunFnPeriodically - 1 total (0 active), Execution time: mean = 0.18ms, total = 0.18ms, Queueing time: mean = 0.01ms, max = 0.01ms, min = 0.01ms, total = 0.01ms
Other Stats:
	gcs_grpc_in_progress:0
	event_aggregator_grpc_in_progress:0
	current number of task status events in buffer: 0
	current number of profile events in buffer: 0
	current number of dropped task attempts tracked: 0
	total task events sent: 0 MiB
	total number of task attempts sent: 0
	total number of task attempts dropped reported: 0
	total number of sent failure: 0
	num status task events dropped: 0
	num profile task events dropped: 0
	num ray task events reported to aggregator: 0
	num ray task events failed to report to aggregator: 0
	num of task attempts dropped reported to aggregator: 0
	num of failed requests to aggregator: 0

[2026-02-01 21:13:43,665 I 742156 744166] accessor.cc:433: Received address and liveness notification for node, IsAlive = 0 node_id=55e27cb583adc291271c2bd78940b4b1ebc29de06f8fba8d0ada64c3
[2026-02-01 21:13:43,665 I 742156 744166] core_worker.cc:740: Node failure. All objects pinned on that node will be lost if object reconstruction is not enabled. node_id=55e27cb583adc291271c2bd78940b4b1ebc29de06f8fba8d0ada64c3
[2026-02-01 21:13:43,665 I 742156 744166] normal_task_submitter.cc:840: Number of alive nodes:0
