[2026-01-26 22:39:34,912 I 2695406 2695406] core_worker_process.cc:777: Constructing CoreWorkerProcess. pid: 2695406
[2026-01-26 22:39:34,915 I 2695406 2695406] event.cc:499: Ray Event initialized for CORE_WORKER
[2026-01-26 22:39:34,915 I 2695406 2695406] event.cc:499: Ray Event initialized for EXPORT_TASK
[2026-01-26 22:39:34,915 I 2695406 2695406] event.cc:332: Set ray event level to warning
[2026-01-26 22:39:34,915 I 2695406 2695406] event_aggregator_client.h:50: Initiating the local event aggregator client with port: 65169
[2026-01-26 22:39:34,917 I 2695406 2695406] grpc_server.cc:143: worker server started, listening on port 34641.
[2026-01-26 22:39:34,926 I 2695406 2695406] core_worker_process.cc:262: Initializing worker at address: 172.28.6.5:34641 worker_id=3a2a54d4c1b5332de98a71f3ea7700d0df7d012a2bd1ec204aef3ef5 node_id=58a9f280954a5c6377e65966bfbbfc54ecee0ad616208625dbe69b52
[2026-01-26 22:39:34,927 I 2695406 2695406] task_event_buffer.cc:480: Reporting task events to GCS every 1000ms.
[2026-01-26 22:39:34,927 I 2695406 2695406] core_worker.cc:515: Adjusted worker niceness to 15
[2026-01-26 22:39:34,928 I 2695406 2695406] metrics_agent_client.cc:45: Initializing exporter ...
[2026-01-26 22:39:34,928 I 2695406 2698018] core_worker.cc:455: Event stats:


Global stats: 12 total (10 active)
Queueing time: mean = 0.00ms, max = 0.04ms, min = 0.01ms, total = 0.06ms
Execution time:  mean = 0.00ms, total = 0.05ms
Event stats:
	PeriodicalRunner.RunFnPeriodically - 7 total (5 active, 1 running), Execution time: mean = 0.01ms, total = 0.05ms, Queueing time: mean = 0.01ms, max = 0.04ms, min = 0.01ms, total = 0.06ms
	CoreWorker.ExitIfParentRayletDies - 1 total (1 active), Execution time: mean = 0.00ms, total = 0.00ms, Queueing time: mean = 0.00ms, max = -0.00ms, min = 9223372036854.78ms, total = 0.00ms
	ray::rpc::InternalPubSubGcsService.grpc_client.GcsSubscriberCommandBatch - 1 total (1 active), Execution time: mean = 0.00ms, total = 0.00ms, Queueing time: mean = 0.00ms, max = -0.00ms, min = 9223372036854.78ms, total = 0.00ms
	ray::rpc::InternalPubSubGcsService.grpc_client.GcsSubscriberPoll - 1 total (1 active), Execution time: mean = 0.00ms, total = 0.00ms, Queueing time: mean = 0.00ms, max = -0.00ms, min = 9223372036854.78ms, total = 0.00ms
	Publisher.CheckDeadSubscribers - 1 total (1 active), Execution time: mean = 0.00ms, total = 0.00ms, Queueing time: mean = 0.00ms, max = -0.00ms, min = 9223372036854.78ms, total = 0.00ms
	ray::rpc::WorkerInfoGcsService.grpc_client.AddWorkerInfo - 1 total (1 active), Execution time: mean = 0.00ms, total = 0.00ms, Queueing time: mean = 0.00ms, max = -0.00ms, min = 9223372036854.78ms, total = 0.00ms

-----------------
Task execution event stats:

Global stats: 0 total (0 active)
Queueing time: mean = -nanms, max = -0.00ms, min = 9223372036854.78ms, total = 0.00ms
Execution time:  mean = -nanms, total = 0.00ms
Event stats:

-----------------
Task Event stats:

IO Service Stats:

Global stats: 4 total (1 active)
Queueing time: mean = 0.00ms, max = 0.01ms, min = 0.01ms, total = 0.02ms
Execution time:  mean = 0.23ms, total = 0.91ms
Event stats:
	ray::rpc::TaskInfoGcsService.grpc_client.AddTaskEventData - 1 total (0 active), Execution time: mean = 0.71ms, total = 0.71ms, Queueing time: mean = 0.00ms, max = -0.00ms, min = 9223372036854.78ms, total = 0.00ms
	PeriodicalRunner.RunFnPeriodically - 1 total (0 active), Execution time: mean = 0.18ms, total = 0.18ms, Queueing time: mean = 0.01ms, max = 0.01ms, min = 0.01ms, total = 0.01ms
	ray::rpc::TaskInfoGcsService.grpc_client.AddTaskEventData.OnReplyReceived - 1 total (0 active), Execution time: mean = 0.02ms, total = 0.02ms, Queueing time: mean = 0.01ms, max = 0.01ms, min = 0.01ms, total = 0.01ms
	CoreWorker.deadline_timer.flush_task_events - 1 total (1 active), Execution time: mean = 0.00ms, total = 0.00ms, Queueing time: mean = 0.00ms, max = -0.00ms, min = 9223372036854.78ms, total = 0.00ms
Other Stats:
	gcs_grpc_in_progress:0
	event_aggregator_grpc_in_progress:0
	current number of task status events in buffer: 0
	current number of profile events in buffer: 0
	current number of dropped task attempts tracked: 0
	total task events sent: 0 MiB
	total number of task attempts sent: 0
	total number of task attempts dropped reported: 0
	total number of sent failure: 0
	num status task events dropped: 0
	num profile task events dropped: 0
	num ray task events reported to aggregator: 0
	num ray task events failed to report to aggregator: 0
	num of task attempts dropped reported to aggregator: 0
	num of failed requests to aggregator: 0

[2026-01-26 22:39:34,929 I 2695406 2698018] accessor.cc:433: Received address and liveness notification for node, IsAlive = 1 node_id=58a9f280954a5c6377e65966bfbbfc54ecee0ad616208625dbe69b52
[2026-01-26 22:39:34,929 I 2695406 2698018] normal_task_submitter.cc:840: Number of alive nodes:1
[2026-01-26 22:39:36,076 I 2695406 2698018] metrics_agent_client.cc:59: Exporter initialized.
[2026-01-26 22:39:47,973 I 2695406 2698018] core_worker_shutdown_executor.cc:184: Executing handle exit: INTENDED_SYSTEM_EXIT - Worker exited because it was idle for a long time (timeout: -1ms)
[2026-01-26 22:39:47,973 I 2695406 2698018] core_worker_shutdown_executor.cc:94: Executing worker exit: INTENDED_SYSTEM_EXIT - Worker exited because it was idle for a long time (timeout: 10000ms)
[2026-01-26 22:39:47,973 I 2695406 2695406] core_worker_shutdown_executor.cc:128: Wait for currently executing tasks in the underlying thread pools to finish.
[2026-01-26 22:39:47,973 I 2695406 2695406] core_worker_shutdown_executor.cc:162: Releasing local references, then draining reference counter.
[2026-01-26 22:39:47,995 I 2695406 2695406] core_worker_shutdown_executor.cc:217: Try killing all child processes of this worker as it exits. Child process pids: 
[2026-01-26 22:39:47,995 I 2695406 2695406] core_worker_shutdown_executor.cc:262: Sending disconnect message to the local raylet.
[2026-01-26 22:39:47,996 I 2695406 2695406] raylet_ipc_client.cc:135: RayletIpcClient::Disconnect, exit_type=INTENDED_SYSTEM_EXIT, exit_detail=Worker exited because it was idle for a long time, has creation_task_exception_pb_bytes=0
[2026-01-26 22:39:47,996 I 2695406 2695406] core_worker_shutdown_executor.cc:279: Disconnected from the local raylet.
[2026-01-26 22:39:47,997 I 2695406 2695406] task_event_buffer.cc:491: Shutting down TaskEventBuffer.
[2026-01-26 22:39:47,997 I 2695406 2698038] task_event_buffer.cc:459: Task event buffer io service stopped.
[2026-01-26 22:39:47,997 I 2695406 2695406] core_worker_shutdown_executor.cc:54: Waiting for joining a core worker io thread. If it hangs here, there might be deadlock or a high load in the core worker io service.
[2026-01-26 22:39:47,997 I 2695406 2698018] core_worker_process.cc:195: Core worker main io service stopped.
[2026-01-26 22:39:48,001 I 2695406 2695406] core_worker_shutdown_executor.cc:72: Disconnecting a GCS client.
[2026-01-26 22:39:48,001 I 2695406 2695406] core_worker_shutdown_executor.cc:79: Core worker ready to be deallocated.
[2026-01-26 22:39:48,001 I 2695406 2695406] core_worker_process.cc:955: Task execution loop terminated. Removing the global worker.
[2026-01-26 22:39:48,001 I 2695406 2695406] core_worker.cc:539: Core worker is destructed
[2026-01-26 22:39:48,001 I 2695406 2695406] task_event_buffer.cc:491: Shutting down TaskEventBuffer.
[2026-01-26 22:39:48,002 I 2695406 2695406] core_worker_process.cc:851: Destructing CoreWorkerProcessImpl. pid: 2695406
[2026-01-26 22:39:48,004 I 2695406 2695406] stats.h:149: Stats module has shutdown.
[2026-01-26 22:39:48,030 W 2695406 2695406] core_worker_process.cc:865: The core worker process is not initialized yet or already shutdown.
