[2026-01-26 22:39:34,530 I 2695404 2695404] core_worker_process.cc:777: Constructing CoreWorkerProcess. pid: 2695404
[2026-01-26 22:39:34,588 I 2695404 2695404] event.cc:499: Ray Event initialized for CORE_WORKER
[2026-01-26 22:39:34,588 I 2695404 2695404] event.cc:499: Ray Event initialized for EXPORT_TASK
[2026-01-26 22:39:34,588 I 2695404 2695404] event.cc:332: Set ray event level to warning
[2026-01-26 22:39:34,588 I 2695404 2695404] event_aggregator_client.h:50: Initiating the local event aggregator client with port: 65169
[2026-01-26 22:39:34,591 I 2695404 2695404] grpc_server.cc:143: worker server started, listening on port 38335.
[2026-01-26 22:39:34,604 I 2695404 2695404] core_worker_process.cc:262: Initializing worker at address: 172.28.6.5:38335 worker_id=2fcae6b6e8afcd17ac89e8bde429fc479a0452ed1d526d4e0dc043da node_id=58a9f280954a5c6377e65966bfbbfc54ecee0ad616208625dbe69b52
[2026-01-26 22:39:34,605 I 2695404 2695404] task_event_buffer.cc:480: Reporting task events to GCS every 1000ms.
[2026-01-26 22:39:34,606 I 2695404 2695404] core_worker.cc:515: Adjusted worker niceness to 15
[2026-01-26 22:39:34,606 I 2695404 2695404] metrics_agent_client.cc:45: Initializing exporter ...
[2026-01-26 22:39:34,606 I 2695404 2696871] core_worker.cc:455: Event stats:


Global stats: 12 total (10 active)
Queueing time: mean = 0.00ms, max = 0.01ms, min = 0.01ms, total = 0.03ms
Execution time:  mean = 0.00ms, total = 0.04ms
Event stats:
	PeriodicalRunner.RunFnPeriodically - 7 total (5 active, 1 running), Execution time: mean = 0.01ms, total = 0.04ms, Queueing time: mean = 0.00ms, max = 0.01ms, min = 0.01ms, total = 0.03ms
	Publisher.CheckDeadSubscribers - 1 total (1 active), Execution time: mean = 0.00ms, total = 0.00ms, Queueing time: mean = 0.00ms, max = -0.00ms, min = 9223372036854.78ms, total = 0.00ms
	ray::rpc::WorkerInfoGcsService.grpc_client.AddWorkerInfo - 1 total (1 active), Execution time: mean = 0.00ms, total = 0.00ms, Queueing time: mean = 0.00ms, max = -0.00ms, min = 9223372036854.78ms, total = 0.00ms
	ray::rpc::InternalPubSubGcsService.grpc_client.GcsSubscriberCommandBatch - 1 total (1 active), Execution time: mean = 0.00ms, total = 0.00ms, Queueing time: mean = 0.00ms, max = -0.00ms, min = 9223372036854.78ms, total = 0.00ms
	ray::rpc::InternalPubSubGcsService.grpc_client.GcsSubscriberPoll - 1 total (1 active), Execution time: mean = 0.00ms, total = 0.00ms, Queueing time: mean = 0.00ms, max = -0.00ms, min = 9223372036854.78ms, total = 0.00ms
	CoreWorker.ExitIfParentRayletDies - 1 total (1 active), Execution time: mean = 0.00ms, total = 0.00ms, Queueing time: mean = 0.00ms, max = -0.00ms, min = 9223372036854.78ms, total = 0.00ms

-----------------
Task execution event stats:

Global stats: 0 total (0 active)
Queueing time: mean = -nanms, max = -0.00ms, min = 9223372036854.78ms, total = 0.00ms
Execution time:  mean = -nanms, total = 0.00ms
Event stats:

-----------------
Task Event stats:

IO Service Stats:

Global stats: 4 total (2 active)
Queueing time: mean = 0.04ms, max = 0.16ms, min = 0.02ms, total = 0.18ms
Execution time:  mean = 0.24ms, total = 0.95ms
Event stats:
	PeriodicalRunner.RunFnPeriodically - 1 total (0 active), Execution time: mean = 0.24ms, total = 0.24ms, Queueing time: mean = 0.16ms, max = 0.16ms, min = 0.16ms, total = 0.16ms
	CoreWorker.deadline_timer.flush_task_events - 1 total (1 active), Execution time: mean = 0.00ms, total = 0.00ms, Queueing time: mean = 0.00ms, max = -0.00ms, min = 9223372036854.78ms, total = 0.00ms
	ray::rpc::TaskInfoGcsService.grpc_client.AddTaskEventData - 1 total (0 active), Execution time: mean = 0.70ms, total = 0.70ms, Queueing time: mean = 0.00ms, max = -0.00ms, min = 9223372036854.78ms, total = 0.00ms
	ray::rpc::TaskInfoGcsService.grpc_client.AddTaskEventData.OnReplyReceived - 1 total (1 active, 1 running), Execution time: mean = 0.00ms, total = 0.00ms, Queueing time: mean = 0.00ms, max = -0.00ms, min = 9223372036854.78ms, total = 0.00ms
Other Stats:
	gcs_grpc_in_progress:0
	event_aggregator_grpc_in_progress:0
	current number of task status events in buffer: 0
	current number of profile events in buffer: 0
	current number of dropped task attempts tracked: 0
	total task events sent: 0 MiB
	total number of task attempts sent: 0
	total number of task attempts dropped reported: 0
	total number of sent failure: 0
	num status task events dropped: 0
	num profile task events dropped: 0
	num ray task events reported to aggregator: 0
	num ray task events failed to report to aggregator: 0
	num of task attempts dropped reported to aggregator: 0
	num of failed requests to aggregator: 0

[2026-01-26 22:39:34,607 I 2695404 2696871] accessor.cc:433: Received address and liveness notification for node, IsAlive = 1 node_id=58a9f280954a5c6377e65966bfbbfc54ecee0ad616208625dbe69b52
[2026-01-26 22:39:34,607 I 2695404 2696871] normal_task_submitter.cc:840: Number of alive nodes:1
[2026-01-26 22:39:36,609 I 2695404 2696871] metrics_agent_client.cc:59: Exporter initialized.
[2026-01-26 22:40:34,607 I 2695404 2696871] core_worker.cc:455: Event stats:


Global stats: 890 total (8 active)
Queueing time: mean = 2.30ms, max = 1000.02ms, min = 0.00ms, total = 2048.07ms
Execution time:  mean = 0.08ms, total = 74.92ms
Event stats:
	CoreWorker.RecoverObjects - 600 total (1 active), Execution time: mean = 0.01ms, total = 6.26ms, Queueing time: mean = 0.06ms, max = 0.14ms, min = 0.01ms, total = 34.67ms
	NodeManagerService.grpc_client.ReportWorkerBacklog.OnReplyReceived - 60 total (0 active), Execution time: mean = 0.02ms, total = 1.48ms, Queueing time: mean = 0.03ms, max = 0.09ms, min = 0.01ms, total = 2.02ms
	CoreWorker.ExitIfParentRayletDies - 60 total (1 active), Execution time: mean = 0.01ms, total = 0.67ms, Queueing time: mean = 0.05ms, max = 0.10ms, min = 0.00ms, total = 3.08ms
	CoreWorker.InternalHeartbeat - 60 total (1 active), Execution time: mean = 0.19ms, total = 11.46ms, Queueing time: mean = 0.05ms, max = 0.08ms, min = 0.02ms, total = 2.88ms
	NodeManagerService.grpc_client.ReportWorkerBacklog - 60 total (0 active), Execution time: mean = 0.77ms, total = 46.25ms, Queueing time: mean = 0.00ms, max = -0.00ms, min = 9223372036854.78ms, total = 0.00ms
	CoreWorker.RecordMetrics - 12 total (1 active), Execution time: mean = 0.06ms, total = 0.67ms, Queueing time: mean = 0.04ms, max = 0.07ms, min = 0.01ms, total = 0.45ms
	PeriodicalRunner.RunFnPeriodically - 7 total (0 active), Execution time: mean = 0.14ms, total = 0.97ms, Queueing time: mean = 0.38ms, max = 0.95ms, min = 0.01ms, total = 2.64ms
	CoreWorker.TryDelPendingObjectRefStreams - 6 total (1 active), Execution time: mean = 0.01ms, total = 0.04ms, Queueing time: mean = 0.05ms, max = 0.07ms, min = 0.03ms, total = 0.28ms
	CoreWorkerService.grpc_server.GetCoreWorkerStats.HandleRequestImpl - 4 total (0 active), Execution time: mean = 0.11ms, total = 0.42ms, Queueing time: mean = 0.02ms, max = 0.03ms, min = 0.02ms, total = 0.10ms
	CoreWorkerService.grpc_server.GetCoreWorkerStats - 4 total (0 active), Execution time: mean = 0.31ms, total = 1.24ms, Queueing time: mean = 0.00ms, max = -0.00ms, min = 9223372036854.78ms, total = 0.00ms
	ReporterService.grpc_client.HealthCheck - 3 total (0 active), Execution time: mean = 0.93ms, total = 2.80ms, Queueing time: mean = 0.00ms, max = -0.00ms, min = 9223372036854.78ms, total = 0.00ms
	ReporterService.grpc_client.HealthCheck.OnReplyReceived - 3 total (0 active), Execution time: mean = 0.13ms, total = 0.40ms, Queueing time: mean = 0.18ms, max = 0.48ms, min = 0.02ms, total = 0.53ms
	MetricsAgentClient.WaitForServerReadyWithRetry - 2 total (0 active), Execution time: mean = 0.19ms, total = 0.38ms, Queueing time: mean = 1000.02ms, max = 1000.02ms, min = 1000.02ms, total = 2000.05ms
	Publisher.CheckDeadSubscribers - 1 total (1 active), Execution time: mean = 0.00ms, total = 0.00ms, Queueing time: mean = 0.00ms, max = -0.00ms, min = 9223372036854.78ms, total = 0.00ms
	ray::rpc::WorkerInfoGcsService.grpc_client.AddWorkerInfo - 1 total (0 active), Execution time: mean = 0.57ms, total = 0.57ms, Queueing time: mean = 0.00ms, max = -0.00ms, min = 9223372036854.78ms, total = 0.00ms
	CoreWorker.PrintEventStats - 1 total (1 active, 1 running), Execution time: mean = 0.00ms, total = 0.00ms, Queueing time: mean = 0.00ms, max = -0.00ms, min = 9223372036854.78ms, total = 0.00ms
	ray::rpc::NodeInfoGcsService.grpc_client.GetAllNodeAddressAndLiveness - 1 total (0 active), Execution time: mean = 0.46ms, total = 0.46ms, Queueing time: mean = 0.00ms, max = -0.00ms, min = 9223372036854.78ms, total = 0.00ms
	ray::rpc::NodeInfoGcsService.grpc_client.GetAllNodeAddressAndLiveness.OnReplyReceived - 1 total (0 active), Execution time: mean = 0.10ms, total = 0.10ms, Queueing time: mean = 0.02ms, max = 0.02ms, min = 0.02ms, total = 0.02ms
	ray::rpc::InternalPubSubGcsService.grpc_client.GcsSubscriberPoll - 1 total (1 active), Execution time: mean = 0.00ms, total = 0.00ms, Queueing time: mean = 0.00ms, max = -0.00ms, min = 9223372036854.78ms, total = 0.00ms
	ray::rpc::InternalPubSubGcsService.grpc_client.GcsSubscriberCommandBatch - 1 total (0 active), Execution time: mean = 0.53ms, total = 0.53ms, Queueing time: mean = 0.00ms, max = -0.00ms, min = 9223372036854.78ms, total = 0.00ms
	ray::rpc::InternalPubSubGcsService.grpc_client.GcsSubscriberCommandBatch.OnReplyReceived - 1 total (0 active), Execution time: mean = 0.18ms, total = 0.18ms, Queueing time: mean = 0.65ms, max = 0.65ms, min = 0.65ms, total = 0.65ms
	ray::rpc::WorkerInfoGcsService.grpc_client.AddWorkerInfo.OnReplyReceived - 1 total (0 active), Execution time: mean = 0.04ms, total = 0.04ms, Queueing time: mean = 0.71ms, max = 0.71ms, min = 0.71ms, total = 0.71ms

-----------------
Task execution event stats:

Global stats: 5944 total (1 active)
Queueing time: mean = 0.09ms, max = 14.66ms, min = 0.00ms, total = 505.85ms
Execution time:  mean = 0.02ms, total = 94.44ms
Event stats:
	CoreWorker.CheckSignal - 5943 total (1 active), Execution time: mean = 0.02ms, total = 94.44ms, Queueing time: mean = 0.09ms, max = 14.66ms, min = 0.00ms, total = 505.85ms
	PeriodicalRunner.RunFnPeriodically - 1 total (0 active), Execution time: mean = 0.01ms, total = 0.01ms, Queueing time: mean = 0.00ms, max = 0.00ms, min = 0.00ms, total = 0.00ms

-----------------
Task Event stats:

IO Service Stats:

Global stats: 181 total (1 active)
Queueing time: mean = 0.03ms, max = 0.16ms, min = 0.01ms, total = 5.55ms
Execution time:  mean = 0.32ms, total = 58.72ms
Event stats:
	CoreWorker.deadline_timer.flush_task_events - 60 total (1 active), Execution time: mean = 0.22ms, total = 13.20ms, Queueing time: mean = 0.05ms, max = 0.10ms, min = 0.03ms, total = 3.22ms
	ray::rpc::TaskInfoGcsService.grpc_client.AddTaskEventData - 60 total (0 active), Execution time: mean = 0.72ms, total = 43.24ms, Queueing time: mean = 0.00ms, max = -0.00ms, min = 9223372036854.78ms, total = 0.00ms
	ray::rpc::TaskInfoGcsService.grpc_client.AddTaskEventData.OnReplyReceived - 60 total (0 active), Execution time: mean = 0.03ms, total = 2.04ms, Queueing time: mean = 0.04ms, max = 0.07ms, min = 0.01ms, total = 2.17ms
	PeriodicalRunner.RunFnPeriodically - 1 total (0 active), Execution time: mean = 0.24ms, total = 0.24ms, Queueing time: mean = 0.16ms, max = 0.16ms, min = 0.16ms, total = 0.16ms
Other Stats:
	gcs_grpc_in_progress:0
	event_aggregator_grpc_in_progress:0
	current number of task status events in buffer: 0
	current number of profile events in buffer: 0
	current number of dropped task attempts tracked: 0
	total task events sent: 0 MiB
	total number of task attempts sent: 0
	total number of task attempts dropped reported: 0
	total number of sent failure: 0
	num status task events dropped: 0
	num profile task events dropped: 0
	num ray task events reported to aggregator: 0
	num ray task events failed to report to aggregator: 0
	num of task attempts dropped reported to aggregator: 0
	num of failed requests to aggregator: 0

[2026-01-26 22:41:34,607 I 2695404 2696871] core_worker.cc:455: Event stats:


Global stats: 1757 total (8 active)
Queueing time: mean = 1.19ms, max = 1000.02ms, min = 0.00ms, total = 2092.45ms
Execution time:  mean = 0.08ms, total = 146.60ms
Event stats:
	CoreWorker.RecoverObjects - 1200 total (1 active), Execution time: mean = 0.01ms, total = 12.02ms, Queueing time: mean = 0.06ms, max = 0.14ms, min = 0.01ms, total = 68.75ms
	NodeManagerService.grpc_client.ReportWorkerBacklog.OnReplyReceived - 120 total (0 active), Execution time: mean = 0.03ms, total = 3.24ms, Queueing time: mean = 0.04ms, max = 0.09ms, min = 0.01ms, total = 4.70ms
	CoreWorker.ExitIfParentRayletDies - 120 total (1 active), Execution time: mean = 0.01ms, total = 1.34ms, Queueing time: mean = 0.05ms, max = 0.10ms, min = 0.00ms, total = 6.47ms
	CoreWorker.InternalHeartbeat - 120 total (1 active), Execution time: mean = 0.19ms, total = 23.28ms, Queueing time: mean = 0.05ms, max = 0.08ms, min = 0.02ms, total = 5.79ms
	NodeManagerService.grpc_client.ReportWorkerBacklog - 120 total (0 active), Execution time: mean = 0.79ms, total = 94.52ms, Queueing time: mean = 0.00ms, max = -0.00ms, min = 9223372036854.78ms, total = 0.00ms
	CoreWorker.RecordMetrics - 24 total (1 active), Execution time: mean = 0.06ms, total = 1.54ms, Queueing time: mean = 0.05ms, max = 0.08ms, min = 0.01ms, total = 1.13ms
	CoreWorker.TryDelPendingObjectRefStreams - 12 total (1 active), Execution time: mean = 0.01ms, total = 0.07ms, Queueing time: mean = 0.05ms, max = 0.07ms, min = 0.03ms, total = 0.65ms
	CoreWorkerService.grpc_server.GetCoreWorkerStats.HandleRequestImpl - 8 total (0 active), Execution time: mean = 0.10ms, total = 0.80ms, Queueing time: mean = 0.04ms, max = 0.11ms, min = 0.02ms, total = 0.29ms
	CoreWorkerService.grpc_server.GetCoreWorkerStats - 8 total (0 active), Execution time: mean = 0.34ms, total = 2.71ms, Queueing time: mean = 0.00ms, max = -0.00ms, min = 9223372036854.78ms, total = 0.00ms
	PeriodicalRunner.RunFnPeriodically - 7 total (0 active), Execution time: mean = 0.14ms, total = 0.97ms, Queueing time: mean = 0.38ms, max = 0.95ms, min = 0.01ms, total = 2.64ms
	ReporterService.grpc_client.HealthCheck - 3 total (0 active), Execution time: mean = 0.93ms, total = 2.80ms, Queueing time: mean = 0.00ms, max = -0.00ms, min = 9223372036854.78ms, total = 0.00ms
	ReporterService.grpc_client.HealthCheck.OnReplyReceived - 3 total (0 active), Execution time: mean = 0.13ms, total = 0.40ms, Queueing time: mean = 0.18ms, max = 0.48ms, min = 0.02ms, total = 0.53ms
	CoreWorker.PrintEventStats - 2 total (1 active, 1 running), Execution time: mean = 0.32ms, total = 0.64ms, Queueing time: mean = 0.04ms, max = 0.08ms, min = 0.08ms, total = 0.08ms
	MetricsAgentClient.WaitForServerReadyWithRetry - 2 total (0 active), Execution time: mean = 0.19ms, total = 0.38ms, Queueing time: mean = 1000.02ms, max = 1000.02ms, min = 1000.02ms, total = 2000.05ms
	Publisher.CheckDeadSubscribers - 1 total (1 active), Execution time: mean = 0.00ms, total = 0.00ms, Queueing time: mean = 0.00ms, max = -0.00ms, min = 9223372036854.78ms, total = 0.00ms
	ray::rpc::WorkerInfoGcsService.grpc_client.AddWorkerInfo - 1 total (0 active), Execution time: mean = 0.57ms, total = 0.57ms, Queueing time: mean = 0.00ms, max = -0.00ms, min = 9223372036854.78ms, total = 0.00ms
	ray::rpc::NodeInfoGcsService.grpc_client.GetAllNodeAddressAndLiveness - 1 total (0 active), Execution time: mean = 0.46ms, total = 0.46ms, Queueing time: mean = 0.00ms, max = -0.00ms, min = 9223372036854.78ms, total = 0.00ms
	ray::rpc::NodeInfoGcsService.grpc_client.GetAllNodeAddressAndLiveness.OnReplyReceived - 1 total (0 active), Execution time: mean = 0.10ms, total = 0.10ms, Queueing time: mean = 0.02ms, max = 0.02ms, min = 0.02ms, total = 0.02ms
	ray::rpc::InternalPubSubGcsService.grpc_client.GcsSubscriberPoll - 1 total (1 active), Execution time: mean = 0.00ms, total = 0.00ms, Queueing time: mean = 0.00ms, max = -0.00ms, min = 9223372036854.78ms, total = 0.00ms
	ray::rpc::InternalPubSubGcsService.grpc_client.GcsSubscriberCommandBatch - 1 total (0 active), Execution time: mean = 0.53ms, total = 0.53ms, Queueing time: mean = 0.00ms, max = -0.00ms, min = 9223372036854.78ms, total = 0.00ms
	ray::rpc::InternalPubSubGcsService.grpc_client.GcsSubscriberCommandBatch.OnReplyReceived - 1 total (0 active), Execution time: mean = 0.18ms, total = 0.18ms, Queueing time: mean = 0.65ms, max = 0.65ms, min = 0.65ms, total = 0.65ms
	ray::rpc::WorkerInfoGcsService.grpc_client.AddWorkerInfo.OnReplyReceived - 1 total (0 active), Execution time: mean = 0.04ms, total = 0.04ms, Queueing time: mean = 0.71ms, max = 0.71ms, min = 0.71ms, total = 0.71ms

-----------------
Task execution event stats:

Global stats: 11904 total (1 active)
Queueing time: mean = 0.07ms, max = 14.66ms, min = 0.00ms, total = 848.24ms
Execution time:  mean = 0.02ms, total = 185.64ms
Event stats:
	CoreWorker.CheckSignal - 11903 total (1 active), Execution time: mean = 0.02ms, total = 185.63ms, Queueing time: mean = 0.07ms, max = 14.66ms, min = 0.00ms, total = 848.24ms
	PeriodicalRunner.RunFnPeriodically - 1 total (0 active), Execution time: mean = 0.01ms, total = 0.01ms, Queueing time: mean = 0.00ms, max = 0.00ms, min = 0.00ms, total = 0.00ms

-----------------
Task Event stats:

IO Service Stats:

Global stats: 361 total (1 active)
Queueing time: mean = 0.03ms, max = 0.16ms, min = 0.01ms, total = 11.42ms
Execution time:  mean = 0.33ms, total = 120.60ms
Event stats:
	CoreWorker.deadline_timer.flush_task_events - 120 total (1 active), Execution time: mean = 0.22ms, total = 26.09ms, Queueing time: mean = 0.06ms, max = 0.13ms, min = 0.02ms, total = 6.64ms
	ray::rpc::TaskInfoGcsService.grpc_client.AddTaskEventData - 120 total (0 active), Execution time: mean = 0.75ms, total = 90.01ms, Queueing time: mean = 0.00ms, max = -0.00ms, min = 9223372036854.78ms, total = 0.00ms
	ray::rpc::TaskInfoGcsService.grpc_client.AddTaskEventData.OnReplyReceived - 120 total (0 active), Execution time: mean = 0.04ms, total = 4.26ms, Queueing time: mean = 0.04ms, max = 0.07ms, min = 0.01ms, total = 4.63ms
	PeriodicalRunner.RunFnPeriodically - 1 total (0 active), Execution time: mean = 0.24ms, total = 0.24ms, Queueing time: mean = 0.16ms, max = 0.16ms, min = 0.16ms, total = 0.16ms
Other Stats:
	gcs_grpc_in_progress:0
	event_aggregator_grpc_in_progress:0
	current number of task status events in buffer: 0
	current number of profile events in buffer: 0
	current number of dropped task attempts tracked: 0
	total task events sent: 0 MiB
	total number of task attempts sent: 0
	total number of task attempts dropped reported: 0
	total number of sent failure: 0
	num status task events dropped: 0
	num profile task events dropped: 0
	num ray task events reported to aggregator: 0
	num ray task events failed to report to aggregator: 0
	num of task attempts dropped reported to aggregator: 0
	num of failed requests to aggregator: 0

[2026-01-26 22:42:34,608 I 2695404 2696871] core_worker.cc:455: Event stats:


Global stats: 2623 total (8 active)
Queueing time: mean = 0.81ms, max = 1000.02ms, min = 0.00ms, total = 2137.19ms
Execution time:  mean = 0.08ms, total = 219.32ms
Event stats:
	CoreWorker.RecoverObjects - 1799 total (1 active), Execution time: mean = 0.01ms, total = 17.64ms, Queueing time: mean = 0.06ms, max = 0.14ms, min = 0.01ms, total = 103.40ms
	NodeManagerService.grpc_client.ReportWorkerBacklog.OnReplyReceived - 180 total (0 active), Execution time: mean = 0.03ms, total = 5.16ms, Queueing time: mean = 0.04ms, max = 0.09ms, min = 0.01ms, total = 7.21ms
	CoreWorker.ExitIfParentRayletDies - 180 total (1 active), Execution time: mean = 0.01ms, total = 1.99ms, Queueing time: mean = 0.05ms, max = 0.10ms, min = 0.00ms, total = 9.86ms
	CoreWorker.InternalHeartbeat - 180 total (1 active), Execution time: mean = 0.20ms, total = 35.31ms, Queueing time: mean = 0.05ms, max = 0.08ms, min = 0.02ms, total = 8.55ms
	NodeManagerService.grpc_client.ReportWorkerBacklog - 180 total (0 active), Execution time: mean = 0.80ms, total = 143.73ms, Queueing time: mean = 0.00ms, max = -0.00ms, min = 9223372036854.78ms, total = 0.00ms
	CoreWorker.RecordMetrics - 36 total (1 active), Execution time: mean = 0.06ms, total = 2.32ms, Queueing time: mean = 0.05ms, max = 0.08ms, min = 0.01ms, total = 1.79ms
	CoreWorker.TryDelPendingObjectRefStreams - 18 total (1 active), Execution time: mean = 0.01ms, total = 0.10ms, Queueing time: mean = 0.07ms, max = 0.19ms, min = 0.03ms, total = 1.18ms
	CoreWorkerService.grpc_server.GetCoreWorkerStats.HandleRequestImpl - 12 total (0 active), Execution time: mean = 0.10ms, total = 1.18ms, Queueing time: mean = 0.04ms, max = 0.11ms, min = 0.02ms, total = 0.46ms
	CoreWorkerService.grpc_server.GetCoreWorkerStats - 12 total (0 active), Execution time: mean = 0.35ms, total = 4.14ms, Queueing time: mean = 0.00ms, max = -0.00ms, min = 9223372036854.78ms, total = 0.00ms
	PeriodicalRunner.RunFnPeriodically - 7 total (0 active), Execution time: mean = 0.14ms, total = 0.97ms, Queueing time: mean = 0.38ms, max = 0.95ms, min = 0.01ms, total = 2.64ms
	CoreWorker.PrintEventStats - 3 total (1 active, 1 running), Execution time: mean = 0.44ms, total = 1.33ms, Queueing time: mean = 0.05ms, max = 0.08ms, min = 0.07ms, total = 0.14ms
	ReporterService.grpc_client.HealthCheck - 3 total (0 active), Execution time: mean = 0.93ms, total = 2.80ms, Queueing time: mean = 0.00ms, max = -0.00ms, min = 9223372036854.78ms, total = 0.00ms
	ReporterService.grpc_client.HealthCheck.OnReplyReceived - 3 total (0 active), Execution time: mean = 0.13ms, total = 0.40ms, Queueing time: mean = 0.18ms, max = 0.48ms, min = 0.02ms, total = 0.53ms
	MetricsAgentClient.WaitForServerReadyWithRetry - 2 total (0 active), Execution time: mean = 0.19ms, total = 0.38ms, Queueing time: mean = 1000.02ms, max = 1000.02ms, min = 1000.02ms, total = 2000.05ms
	Publisher.CheckDeadSubscribers - 1 total (1 active), Execution time: mean = 0.00ms, total = 0.00ms, Queueing time: mean = 0.00ms, max = -0.00ms, min = 9223372036854.78ms, total = 0.00ms
	ray::rpc::WorkerInfoGcsService.grpc_client.AddWorkerInfo - 1 total (0 active), Execution time: mean = 0.57ms, total = 0.57ms, Queueing time: mean = 0.00ms, max = -0.00ms, min = 9223372036854.78ms, total = 0.00ms
	ray::rpc::NodeInfoGcsService.grpc_client.GetAllNodeAddressAndLiveness - 1 total (0 active), Execution time: mean = 0.46ms, total = 0.46ms, Queueing time: mean = 0.00ms, max = -0.00ms, min = 9223372036854.78ms, total = 0.00ms
	ray::rpc::NodeInfoGcsService.grpc_client.GetAllNodeAddressAndLiveness.OnReplyReceived - 1 total (0 active), Execution time: mean = 0.10ms, total = 0.10ms, Queueing time: mean = 0.02ms, max = 0.02ms, min = 0.02ms, total = 0.02ms
	ray::rpc::InternalPubSubGcsService.grpc_client.GcsSubscriberPoll - 1 total (1 active), Execution time: mean = 0.00ms, total = 0.00ms, Queueing time: mean = 0.00ms, max = -0.00ms, min = 9223372036854.78ms, total = 0.00ms
	ray::rpc::InternalPubSubGcsService.grpc_client.GcsSubscriberCommandBatch - 1 total (0 active), Execution time: mean = 0.53ms, total = 0.53ms, Queueing time: mean = 0.00ms, max = -0.00ms, min = 9223372036854.78ms, total = 0.00ms
	ray::rpc::InternalPubSubGcsService.grpc_client.GcsSubscriberCommandBatch.OnReplyReceived - 1 total (0 active), Execution time: mean = 0.18ms, total = 0.18ms, Queueing time: mean = 0.65ms, max = 0.65ms, min = 0.65ms, total = 0.65ms
	ray::rpc::WorkerInfoGcsService.grpc_client.AddWorkerInfo.OnReplyReceived - 1 total (0 active), Execution time: mean = 0.04ms, total = 0.04ms, Queueing time: mean = 0.71ms, max = 0.71ms, min = 0.71ms, total = 0.71ms

-----------------
Task execution event stats:

Global stats: 17862 total (1 active)
Queueing time: mean = 0.07ms, max = 14.66ms, min = 0.00ms, total = 1203.16ms
Execution time:  mean = 0.02ms, total = 282.85ms
Event stats:
	CoreWorker.CheckSignal - 17861 total (1 active), Execution time: mean = 0.02ms, total = 282.85ms, Queueing time: mean = 0.07ms, max = 14.66ms, min = 0.00ms, total = 1203.16ms
	PeriodicalRunner.RunFnPeriodically - 1 total (0 active), Execution time: mean = 0.01ms, total = 0.01ms, Queueing time: mean = 0.00ms, max = 0.00ms, min = 0.00ms, total = 0.00ms

-----------------
Task Event stats:

IO Service Stats:

Global stats: 541 total (1 active)
Queueing time: mean = 0.03ms, max = 0.16ms, min = 0.01ms, total = 17.78ms
Execution time:  mean = 0.34ms, total = 185.82ms
Event stats:
	CoreWorker.deadline_timer.flush_task_events - 180 total (1 active), Execution time: mean = 0.22ms, total = 39.48ms, Queueing time: mean = 0.06ms, max = 0.13ms, min = 0.02ms, total = 10.11ms
	ray::rpc::TaskInfoGcsService.grpc_client.AddTaskEventData - 180 total (0 active), Execution time: mean = 0.77ms, total = 139.34ms, Queueing time: mean = 0.00ms, max = -0.00ms, min = 9223372036854.78ms, total = 0.00ms
	ray::rpc::TaskInfoGcsService.grpc_client.AddTaskEventData.OnReplyReceived - 180 total (0 active), Execution time: mean = 0.04ms, total = 6.75ms, Queueing time: mean = 0.04ms, max = 0.07ms, min = 0.01ms, total = 7.51ms
	PeriodicalRunner.RunFnPeriodically - 1 total (0 active), Execution time: mean = 0.24ms, total = 0.24ms, Queueing time: mean = 0.16ms, max = 0.16ms, min = 0.16ms, total = 0.16ms
Other Stats:
	gcs_grpc_in_progress:0
	event_aggregator_grpc_in_progress:0
	current number of task status events in buffer: 0
	current number of profile events in buffer: 0
	current number of dropped task attempts tracked: 0
	total task events sent: 0 MiB
	total number of task attempts sent: 0
	total number of task attempts dropped reported: 0
	total number of sent failure: 0
	num status task events dropped: 0
	num profile task events dropped: 0
	num ray task events reported to aggregator: 0
	num ray task events failed to report to aggregator: 0
	num of task attempts dropped reported to aggregator: 0
	num of failed requests to aggregator: 0

[2026-01-26 22:43:34,609 I 2695404 2696871] core_worker.cc:455: Event stats:


Global stats: 3490 total (8 active)
Queueing time: mean = 0.63ms, max = 1000.02ms, min = 0.00ms, total = 2182.96ms
Execution time:  mean = 0.08ms, total = 287.15ms
Event stats:
	CoreWorker.RecoverObjects - 2399 total (1 active), Execution time: mean = 0.01ms, total = 22.98ms, Queueing time: mean = 0.06ms, max = 0.14ms, min = 0.01ms, total = 138.14ms
	NodeManagerService.grpc_client.ReportWorkerBacklog.OnReplyReceived - 240 total (0 active), Execution time: mean = 0.03ms, total = 6.96ms, Queueing time: mean = 0.04ms, max = 0.09ms, min = 0.01ms, total = 9.75ms
	CoreWorker.ExitIfParentRayletDies - 240 total (1 active), Execution time: mean = 0.01ms, total = 2.63ms, Queueing time: mean = 0.06ms, max = 0.10ms, min = 0.00ms, total = 13.42ms
	CoreWorker.InternalHeartbeat - 240 total (1 active), Execution time: mean = 0.20ms, total = 46.97ms, Queueing time: mean = 0.05ms, max = 0.08ms, min = 0.02ms, total = 11.90ms
	NodeManagerService.grpc_client.ReportWorkerBacklog - 240 total (0 active), Execution time: mean = 0.79ms, total = 189.10ms, Queueing time: mean = 0.00ms, max = -0.00ms, min = 9223372036854.78ms, total = 0.00ms
	CoreWorker.RecordMetrics - 48 total (1 active), Execution time: mean = 0.06ms, total = 3.08ms, Queueing time: mean = 0.05ms, max = 0.08ms, min = 0.01ms, total = 2.57ms
	CoreWorker.TryDelPendingObjectRefStreams - 24 total (1 active), Execution time: mean = 0.01ms, total = 0.14ms, Queueing time: mean = 0.08ms, max = 0.35ms, min = 0.03ms, total = 1.82ms
	CoreWorkerService.grpc_server.GetCoreWorkerStats.HandleRequestImpl - 16 total (0 active), Execution time: mean = 0.09ms, total = 1.50ms, Queueing time: mean = 0.03ms, max = 0.11ms, min = 0.02ms, total = 0.55ms
	CoreWorkerService.grpc_server.GetCoreWorkerStats - 16 total (0 active), Execution time: mean = 0.34ms, total = 5.40ms, Queueing time: mean = 0.00ms, max = -0.00ms, min = 9223372036854.78ms, total = 0.00ms
	PeriodicalRunner.RunFnPeriodically - 7 total (0 active), Execution time: mean = 0.14ms, total = 0.97ms, Queueing time: mean = 0.38ms, max = 0.95ms, min = 0.01ms, total = 2.64ms
	CoreWorker.PrintEventStats - 4 total (1 active, 1 running), Execution time: mean = 0.49ms, total = 1.97ms, Queueing time: mean = 0.06ms, max = 0.08ms, min = 0.07ms, total = 0.22ms
	ReporterService.grpc_client.HealthCheck - 3 total (0 active), Execution time: mean = 0.93ms, total = 2.80ms, Queueing time: mean = 0.00ms, max = -0.00ms, min = 9223372036854.78ms, total = 0.00ms
	ReporterService.grpc_client.HealthCheck.OnReplyReceived - 3 total (0 active), Execution time: mean = 0.13ms, total = 0.40ms, Queueing time: mean = 0.18ms, max = 0.48ms, min = 0.02ms, total = 0.53ms
	MetricsAgentClient.WaitForServerReadyWithRetry - 2 total (0 active), Execution time: mean = 0.19ms, total = 0.38ms, Queueing time: mean = 1000.02ms, max = 1000.02ms, min = 1000.02ms, total = 2000.05ms
	Publisher.CheckDeadSubscribers - 1 total (1 active), Execution time: mean = 0.00ms, total = 0.00ms, Queueing time: mean = 0.00ms, max = -0.00ms, min = 9223372036854.78ms, total = 0.00ms
	ray::rpc::WorkerInfoGcsService.grpc_client.AddWorkerInfo - 1 total (0 active), Execution time: mean = 0.57ms, total = 0.57ms, Queueing time: mean = 0.00ms, max = -0.00ms, min = 9223372036854.78ms, total = 0.00ms
	ray::rpc::NodeInfoGcsService.grpc_client.GetAllNodeAddressAndLiveness - 1 total (0 active), Execution time: mean = 0.46ms, total = 0.46ms, Queueing time: mean = 0.00ms, max = -0.00ms, min = 9223372036854.78ms, total = 0.00ms
	ray::rpc::NodeInfoGcsService.grpc_client.GetAllNodeAddressAndLiveness.OnReplyReceived - 1 total (0 active), Execution time: mean = 0.10ms, total = 0.10ms, Queueing time: mean = 0.02ms, max = 0.02ms, min = 0.02ms, total = 0.02ms
	ray::rpc::InternalPubSubGcsService.grpc_client.GcsSubscriberPoll - 1 total (1 active), Execution time: mean = 0.00ms, total = 0.00ms, Queueing time: mean = 0.00ms, max = -0.00ms, min = 9223372036854.78ms, total = 0.00ms
	ray::rpc::InternalPubSubGcsService.grpc_client.GcsSubscriberCommandBatch - 1 total (0 active), Execution time: mean = 0.53ms, total = 0.53ms, Queueing time: mean = 0.00ms, max = -0.00ms, min = 9223372036854.78ms, total = 0.00ms
	ray::rpc::InternalPubSubGcsService.grpc_client.GcsSubscriberCommandBatch.OnReplyReceived - 1 total (0 active), Execution time: mean = 0.18ms, total = 0.18ms, Queueing time: mean = 0.65ms, max = 0.65ms, min = 0.65ms, total = 0.65ms
	ray::rpc::WorkerInfoGcsService.grpc_client.AddWorkerInfo.OnReplyReceived - 1 total (0 active), Execution time: mean = 0.04ms, total = 0.04ms, Queueing time: mean = 0.71ms, max = 0.71ms, min = 0.71ms, total = 0.71ms

-----------------
Task execution event stats:

Global stats: 23820 total (1 active)
Queueing time: mean = 0.07ms, max = 14.66ms, min = 0.00ms, total = 1564.40ms
Execution time:  mean = 0.02ms, total = 382.28ms
Event stats:
	CoreWorker.CheckSignal - 23819 total (1 active), Execution time: mean = 0.02ms, total = 382.27ms, Queueing time: mean = 0.07ms, max = 14.66ms, min = 0.00ms, total = 1564.39ms
	PeriodicalRunner.RunFnPeriodically - 1 total (0 active), Execution time: mean = 0.01ms, total = 0.01ms, Queueing time: mean = 0.00ms, max = 0.00ms, min = 0.00ms, total = 0.00ms

-----------------
Task Event stats:

IO Service Stats:

Global stats: 721 total (1 active)
Queueing time: mean = 0.03ms, max = 0.16ms, min = 0.01ms, total = 24.66ms
Execution time:  mean = 0.35ms, total = 252.04ms
Event stats:
	CoreWorker.deadline_timer.flush_task_events - 240 total (1 active), Execution time: mean = 0.22ms, total = 53.71ms, Queueing time: mean = 0.06ms, max = 0.13ms, min = 0.02ms, total = 14.14ms
	ray::rpc::TaskInfoGcsService.grpc_client.AddTaskEventData - 240 total (0 active), Execution time: mean = 0.79ms, total = 188.80ms, Queueing time: mean = 0.00ms, max = -0.00ms, min = 9223372036854.78ms, total = 0.00ms
	ray::rpc::TaskInfoGcsService.grpc_client.AddTaskEventData.OnReplyReceived - 240 total (0 active), Execution time: mean = 0.04ms, total = 9.28ms, Queueing time: mean = 0.04ms, max = 0.07ms, min = 0.01ms, total = 10.36ms
	PeriodicalRunner.RunFnPeriodically - 1 total (0 active), Execution time: mean = 0.24ms, total = 0.24ms, Queueing time: mean = 0.16ms, max = 0.16ms, min = 0.16ms, total = 0.16ms
Other Stats:
	gcs_grpc_in_progress:0
	event_aggregator_grpc_in_progress:0
	current number of task status events in buffer: 0
	current number of profile events in buffer: 0
	current number of dropped task attempts tracked: 0
	total task events sent: 0 MiB
	total number of task attempts sent: 0
	total number of task attempts dropped reported: 0
	total number of sent failure: 0
	num status task events dropped: 0
	num profile task events dropped: 0
	num ray task events reported to aggregator: 0
	num ray task events failed to report to aggregator: 0
	num of task attempts dropped reported to aggregator: 0
	num of failed requests to aggregator: 0

[2026-01-26 22:44:34,610 I 2695404 2696871] core_worker.cc:455: Event stats:


Global stats: 4358 total (8 active)
Queueing time: mean = 0.51ms, max = 1000.02ms, min = 0.00ms, total = 2225.81ms
Execution time:  mean = 0.08ms, total = 355.66ms
Event stats:
	CoreWorker.RecoverObjects - 2999 total (1 active), Execution time: mean = 0.01ms, total = 28.64ms, Queueing time: mean = 0.06ms, max = 0.19ms, min = 0.01ms, total = 170.96ms
	NodeManagerService.grpc_client.ReportWorkerBacklog.OnReplyReceived - 300 total (0 active), Execution time: mean = 0.03ms, total = 8.83ms, Queueing time: mean = 0.04ms, max = 0.09ms, min = 0.01ms, total = 11.91ms
	CoreWorker.ExitIfParentRayletDies - 300 total (1 active), Execution time: mean = 0.01ms, total = 3.30ms, Queueing time: mean = 0.06ms, max = 0.10ms, min = 0.00ms, total = 16.72ms
	CoreWorker.InternalHeartbeat - 300 total (1 active), Execution time: mean = 0.20ms, total = 59.04ms, Queueing time: mean = 0.05ms, max = 0.08ms, min = 0.02ms, total = 14.91ms
	NodeManagerService.grpc_client.ReportWorkerBacklog - 300 total (0 active), Execution time: mean = 0.78ms, total = 234.18ms, Queueing time: mean = 0.00ms, max = -0.00ms, min = 9223372036854.78ms, total = 0.00ms
	CoreWorker.RecordMetrics - 60 total (1 active), Execution time: mean = 0.06ms, total = 3.87ms, Queueing time: mean = 0.05ms, max = 0.08ms, min = 0.01ms, total = 3.22ms
	CoreWorker.TryDelPendingObjectRefStreams - 30 total (1 active), Execution time: mean = 0.01ms, total = 0.17ms, Queueing time: mean = 0.08ms, max = 0.43ms, min = 0.03ms, total = 2.46ms
	CoreWorkerService.grpc_server.GetCoreWorkerStats.HandleRequestImpl - 20 total (0 active), Execution time: mean = 0.09ms, total = 1.84ms, Queueing time: mean = 0.03ms, max = 0.11ms, min = 0.02ms, total = 0.68ms
	CoreWorkerService.grpc_server.GetCoreWorkerStats - 20 total (0 active), Execution time: mean = 0.33ms, total = 6.69ms, Queueing time: mean = 0.00ms, max = -0.00ms, min = 9223372036854.78ms, total = 0.00ms
	PeriodicalRunner.RunFnPeriodically - 7 total (0 active), Execution time: mean = 0.14ms, total = 0.97ms, Queueing time: mean = 0.38ms, max = 0.95ms, min = 0.01ms, total = 2.64ms
	CoreWorker.PrintEventStats - 5 total (1 active, 1 running), Execution time: mean = 0.53ms, total = 2.65ms, Queueing time: mean = 0.06ms, max = 0.08ms, min = 0.07ms, total = 0.29ms
	ReporterService.grpc_client.HealthCheck - 3 total (0 active), Execution time: mean = 0.93ms, total = 2.80ms, Queueing time: mean = 0.00ms, max = -0.00ms, min = 9223372036854.78ms, total = 0.00ms
	ReporterService.grpc_client.HealthCheck.OnReplyReceived - 3 total (0 active), Execution time: mean = 0.13ms, total = 0.40ms, Queueing time: mean = 0.18ms, max = 0.48ms, min = 0.02ms, total = 0.53ms
	Publisher.CheckDeadSubscribers - 2 total (1 active), Execution time: mean = 0.00ms, total = 0.01ms, Queueing time: mean = 0.04ms, max = 0.07ms, min = 0.07ms, total = 0.07ms
	MetricsAgentClient.WaitForServerReadyWithRetry - 2 total (0 active), Execution time: mean = 0.19ms, total = 0.38ms, Queueing time: mean = 1000.02ms, max = 1000.02ms, min = 1000.02ms, total = 2000.05ms
	ray::rpc::WorkerInfoGcsService.grpc_client.AddWorkerInfo - 1 total (0 active), Execution time: mean = 0.57ms, total = 0.57ms, Queueing time: mean = 0.00ms, max = -0.00ms, min = 9223372036854.78ms, total = 0.00ms
	ray::rpc::NodeInfoGcsService.grpc_client.GetAllNodeAddressAndLiveness - 1 total (0 active), Execution time: mean = 0.46ms, total = 0.46ms, Queueing time: mean = 0.00ms, max = -0.00ms, min = 9223372036854.78ms, total = 0.00ms
	ray::rpc::NodeInfoGcsService.grpc_client.GetAllNodeAddressAndLiveness.OnReplyReceived - 1 total (0 active), Execution time: mean = 0.10ms, total = 0.10ms, Queueing time: mean = 0.02ms, max = 0.02ms, min = 0.02ms, total = 0.02ms
	ray::rpc::InternalPubSubGcsService.grpc_client.GcsSubscriberPoll - 1 total (1 active), Execution time: mean = 0.00ms, total = 0.00ms, Queueing time: mean = 0.00ms, max = -0.00ms, min = 9223372036854.78ms, total = 0.00ms
	ray::rpc::InternalPubSubGcsService.grpc_client.GcsSubscriberCommandBatch - 1 total (0 active), Execution time: mean = 0.53ms, total = 0.53ms, Queueing time: mean = 0.00ms, max = -0.00ms, min = 9223372036854.78ms, total = 0.00ms
	ray::rpc::InternalPubSubGcsService.grpc_client.GcsSubscriberCommandBatch.OnReplyReceived - 1 total (0 active), Execution time: mean = 0.18ms, total = 0.18ms, Queueing time: mean = 0.65ms, max = 0.65ms, min = 0.65ms, total = 0.65ms
	ray::rpc::WorkerInfoGcsService.grpc_client.AddWorkerInfo.OnReplyReceived - 1 total (0 active), Execution time: mean = 0.04ms, total = 0.04ms, Queueing time: mean = 0.71ms, max = 0.71ms, min = 0.71ms, total = 0.71ms

-----------------
Task execution event stats:

Global stats: 29780 total (1 active)
Queueing time: mean = 0.06ms, max = 14.66ms, min = 0.00ms, total = 1902.08ms
Execution time:  mean = 0.02ms, total = 485.09ms
Event stats:
	CoreWorker.CheckSignal - 29779 total (1 active), Execution time: mean = 0.02ms, total = 485.08ms, Queueing time: mean = 0.06ms, max = 14.66ms, min = 0.00ms, total = 1902.08ms
	PeriodicalRunner.RunFnPeriodically - 1 total (0 active), Execution time: mean = 0.01ms, total = 0.01ms, Queueing time: mean = 0.00ms, max = 0.00ms, min = 0.00ms, total = 0.00ms

-----------------
Task Event stats:

IO Service Stats:

Global stats: 901 total (1 active)
Queueing time: mean = 0.03ms, max = 0.16ms, min = 0.01ms, total = 30.82ms
Execution time:  mean = 0.35ms, total = 318.23ms
Event stats:
	CoreWorker.deadline_timer.flush_task_events - 300 total (1 active), Execution time: mean = 0.23ms, total = 67.69ms, Queueing time: mean = 0.06ms, max = 0.13ms, min = 0.02ms, total = 17.43ms
	ray::rpc::TaskInfoGcsService.grpc_client.AddTaskEventData - 300 total (0 active), Execution time: mean = 0.80ms, total = 238.55ms, Queueing time: mean = 0.00ms, max = -0.00ms, min = 9223372036854.78ms, total = 0.00ms
	ray::rpc::TaskInfoGcsService.grpc_client.AddTaskEventData.OnReplyReceived - 300 total (0 active), Execution time: mean = 0.04ms, total = 11.75ms, Queueing time: mean = 0.04ms, max = 0.07ms, min = 0.01ms, total = 13.23ms
	PeriodicalRunner.RunFnPeriodically - 1 total (0 active), Execution time: mean = 0.24ms, total = 0.24ms, Queueing time: mean = 0.16ms, max = 0.16ms, min = 0.16ms, total = 0.16ms
Other Stats:
	gcs_grpc_in_progress:0
	event_aggregator_grpc_in_progress:0
	current number of task status events in buffer: 0
	current number of profile events in buffer: 0
	current number of dropped task attempts tracked: 0
	total task events sent: 0 MiB
	total number of task attempts sent: 0
	total number of task attempts dropped reported: 0
	total number of sent failure: 0
	num status task events dropped: 0
	num profile task events dropped: 0
	num ray task events reported to aggregator: 0
	num ray task events failed to report to aggregator: 0
	num of task attempts dropped reported to aggregator: 0
	num of failed requests to aggregator: 0

[2026-01-26 22:45:34,610 I 2695404 2696871] core_worker.cc:455: Event stats:


Global stats: 5224 total (8 active)
Queueing time: mean = 0.43ms, max = 1000.02ms, min = 0.00ms, total = 2269.87ms
Execution time:  mean = 0.08ms, total = 425.51ms
Event stats:
	CoreWorker.RecoverObjects - 3598 total (1 active), Execution time: mean = 0.01ms, total = 34.33ms, Queueing time: mean = 0.06ms, max = 0.19ms, min = 0.01ms, total = 204.00ms
	NodeManagerService.grpc_client.ReportWorkerBacklog.OnReplyReceived - 360 total (0 active), Execution time: mean = 0.03ms, total = 10.82ms, Queueing time: mean = 0.04ms, max = 0.09ms, min = 0.01ms, total = 14.56ms
	CoreWorker.ExitIfParentRayletDies - 360 total (1 active), Execution time: mean = 0.01ms, total = 3.97ms, Queueing time: mean = 0.06ms, max = 0.10ms, min = 0.00ms, total = 20.11ms
	CoreWorker.InternalHeartbeat - 360 total (1 active), Execution time: mean = 0.20ms, total = 71.42ms, Queueing time: mean = 0.05ms, max = 0.09ms, min = 0.02ms, total = 18.09ms
	NodeManagerService.grpc_client.ReportWorkerBacklog - 360 total (0 active), Execution time: mean = 0.78ms, total = 280.20ms, Queueing time: mean = 0.00ms, max = -0.00ms, min = 9223372036854.78ms, total = 0.00ms
	CoreWorker.RecordMetrics - 72 total (1 active), Execution time: mean = 0.06ms, total = 4.64ms, Queueing time: mean = 0.06ms, max = 0.10ms, min = 0.01ms, total = 4.03ms
	CoreWorker.TryDelPendingObjectRefStreams - 36 total (1 active), Execution time: mean = 0.01ms, total = 0.20ms, Queueing time: mean = 0.09ms, max = 0.55ms, min = 0.03ms, total = 3.25ms
	CoreWorkerService.grpc_server.GetCoreWorkerStats.HandleRequestImpl - 24 total (0 active), Execution time: mean = 0.09ms, total = 2.18ms, Queueing time: mean = 0.03ms, max = 0.11ms, min = 0.02ms, total = 0.80ms
	CoreWorkerService.grpc_server.GetCoreWorkerStats - 24 total (0 active), Execution time: mean = 0.33ms, total = 7.97ms, Queueing time: mean = 0.00ms, max = -0.00ms, min = 9223372036854.78ms, total = 0.00ms
	PeriodicalRunner.RunFnPeriodically - 7 total (0 active), Execution time: mean = 0.14ms, total = 0.97ms, Queueing time: mean = 0.38ms, max = 0.95ms, min = 0.01ms, total = 2.64ms
	CoreWorker.PrintEventStats - 6 total (1 active, 1 running), Execution time: mean = 0.56ms, total = 3.35ms, Queueing time: mean = 0.06ms, max = 0.08ms, min = 0.07ms, total = 0.37ms
	ReporterService.grpc_client.HealthCheck - 3 total (0 active), Execution time: mean = 0.93ms, total = 2.80ms, Queueing time: mean = 0.00ms, max = -0.00ms, min = 9223372036854.78ms, total = 0.00ms
	ReporterService.grpc_client.HealthCheck.OnReplyReceived - 3 total (0 active), Execution time: mean = 0.13ms, total = 0.40ms, Queueing time: mean = 0.18ms, max = 0.48ms, min = 0.02ms, total = 0.53ms
	Publisher.CheckDeadSubscribers - 2 total (1 active), Execution time: mean = 0.00ms, total = 0.01ms, Queueing time: mean = 0.04ms, max = 0.07ms, min = 0.07ms, total = 0.07ms
	MetricsAgentClient.WaitForServerReadyWithRetry - 2 total (0 active), Execution time: mean = 0.19ms, total = 0.38ms, Queueing time: mean = 1000.02ms, max = 1000.02ms, min = 1000.02ms, total = 2000.05ms
	ray::rpc::WorkerInfoGcsService.grpc_client.AddWorkerInfo - 1 total (0 active), Execution time: mean = 0.57ms, total = 0.57ms, Queueing time: mean = 0.00ms, max = -0.00ms, min = 9223372036854.78ms, total = 0.00ms
	ray::rpc::NodeInfoGcsService.grpc_client.GetAllNodeAddressAndLiveness - 1 total (0 active), Execution time: mean = 0.46ms, total = 0.46ms, Queueing time: mean = 0.00ms, max = -0.00ms, min = 9223372036854.78ms, total = 0.00ms
	ray::rpc::NodeInfoGcsService.grpc_client.GetAllNodeAddressAndLiveness.OnReplyReceived - 1 total (0 active), Execution time: mean = 0.10ms, total = 0.10ms, Queueing time: mean = 0.02ms, max = 0.02ms, min = 0.02ms, total = 0.02ms
	ray::rpc::InternalPubSubGcsService.grpc_client.GcsSubscriberPoll - 1 total (1 active), Execution time: mean = 0.00ms, total = 0.00ms, Queueing time: mean = 0.00ms, max = -0.00ms, min = 9223372036854.78ms, total = 0.00ms
	ray::rpc::InternalPubSubGcsService.grpc_client.GcsSubscriberCommandBatch - 1 total (0 active), Execution time: mean = 0.53ms, total = 0.53ms, Queueing time: mean = 0.00ms, max = -0.00ms, min = 9223372036854.78ms, total = 0.00ms
	ray::rpc::InternalPubSubGcsService.grpc_client.GcsSubscriberCommandBatch.OnReplyReceived - 1 total (0 active), Execution time: mean = 0.18ms, total = 0.18ms, Queueing time: mean = 0.65ms, max = 0.65ms, min = 0.65ms, total = 0.65ms
	ray::rpc::WorkerInfoGcsService.grpc_client.AddWorkerInfo.OnReplyReceived - 1 total (0 active), Execution time: mean = 0.04ms, total = 0.04ms, Queueing time: mean = 0.71ms, max = 0.71ms, min = 0.71ms, total = 0.71ms

-----------------
Task execution event stats:

Global stats: 35739 total (1 active)
Queueing time: mean = 0.06ms, max = 14.66ms, min = 0.00ms, total = 2236.60ms
Execution time:  mean = 0.02ms, total = 592.54ms
Event stats:
	CoreWorker.CheckSignal - 35738 total (1 active), Execution time: mean = 0.02ms, total = 592.53ms, Queueing time: mean = 0.06ms, max = 14.66ms, min = 0.00ms, total = 2236.60ms
	PeriodicalRunner.RunFnPeriodically - 1 total (0 active), Execution time: mean = 0.01ms, total = 0.01ms, Queueing time: mean = 0.00ms, max = 0.00ms, min = 0.00ms, total = 0.00ms

-----------------
Task Event stats:

IO Service Stats:

Global stats: 1081 total (1 active)
Queueing time: mean = 0.03ms, max = 0.16ms, min = 0.01ms, total = 37.40ms
Execution time:  mean = 0.35ms, total = 383.52ms
Event stats:
	CoreWorker.deadline_timer.flush_task_events - 360 total (1 active), Execution time: mean = 0.23ms, total = 81.14ms, Queueing time: mean = 0.06ms, max = 0.13ms, min = 0.02ms, total = 20.97ms
	ray::rpc::TaskInfoGcsService.grpc_client.AddTaskEventData - 360 total (0 active), Execution time: mean = 0.80ms, total = 287.89ms, Queueing time: mean = 0.00ms, max = -0.00ms, min = 9223372036854.78ms, total = 0.00ms
	ray::rpc::TaskInfoGcsService.grpc_client.AddTaskEventData.OnReplyReceived - 360 total (0 active), Execution time: mean = 0.04ms, total = 14.25ms, Queueing time: mean = 0.05ms, max = 0.07ms, min = 0.01ms, total = 16.27ms
	PeriodicalRunner.RunFnPeriodically - 1 total (0 active), Execution time: mean = 0.24ms, total = 0.24ms, Queueing time: mean = 0.16ms, max = 0.16ms, min = 0.16ms, total = 0.16ms
Other Stats:
	gcs_grpc_in_progress:0
	event_aggregator_grpc_in_progress:0
	current number of task status events in buffer: 0
	current number of profile events in buffer: 0
	current number of dropped task attempts tracked: 0
	total task events sent: 0 MiB
	total number of task attempts sent: 0
	total number of task attempts dropped reported: 0
	total number of sent failure: 0
	num status task events dropped: 0
	num profile task events dropped: 0
	num ray task events reported to aggregator: 0
	num ray task events failed to report to aggregator: 0
	num of task attempts dropped reported to aggregator: 0
	num of failed requests to aggregator: 0

[2026-01-26 22:46:34,611 I 2695404 2696871] core_worker.cc:455: Event stats:


Global stats: 6091 total (8 active)
Queueing time: mean = 0.38ms, max = 1000.02ms, min = 0.00ms, total = 2315.33ms
Execution time:  mean = 0.08ms, total = 497.88ms
Event stats:
	CoreWorker.RecoverObjects - 4198 total (1 active), Execution time: mean = 0.01ms, total = 39.79ms, Queueing time: mean = 0.06ms, max = 0.19ms, min = 0.01ms, total = 238.43ms
	NodeManagerService.grpc_client.ReportWorkerBacklog.OnReplyReceived - 420 total (0 active), Execution time: mean = 0.03ms, total = 12.78ms, Queueing time: mean = 0.04ms, max = 0.09ms, min = 0.01ms, total = 17.23ms
	CoreWorker.ExitIfParentRayletDies - 420 total (1 active), Execution time: mean = 0.01ms, total = 4.65ms, Queueing time: mean = 0.06ms, max = 0.10ms, min = 0.00ms, total = 23.54ms
	CoreWorker.InternalHeartbeat - 420 total (1 active), Execution time: mean = 0.20ms, total = 83.68ms, Queueing time: mean = 0.05ms, max = 0.09ms, min = 0.02ms, total = 21.24ms
	NodeManagerService.grpc_client.ReportWorkerBacklog - 420 total (0 active), Execution time: mean = 0.78ms, total = 329.10ms, Queueing time: mean = 0.00ms, max = -0.00ms, min = 9223372036854.78ms, total = 0.00ms
	CoreWorker.RecordMetrics - 84 total (1 active), Execution time: mean = 0.06ms, total = 5.43ms, Queueing time: mean = 0.06ms, max = 0.10ms, min = 0.01ms, total = 4.83ms
	CoreWorker.TryDelPendingObjectRefStreams - 42 total (1 active), Execution time: mean = 0.01ms, total = 0.23ms, Queueing time: mean = 0.10ms, max = 0.55ms, min = 0.03ms, total = 4.01ms
	CoreWorkerService.grpc_server.GetCoreWorkerStats.HandleRequestImpl - 28 total (0 active), Execution time: mean = 0.09ms, total = 2.53ms, Queueing time: mean = 0.03ms, max = 0.11ms, min = 0.02ms, total = 0.95ms
	CoreWorkerService.grpc_server.GetCoreWorkerStats - 28 total (0 active), Execution time: mean = 0.33ms, total = 9.27ms, Queueing time: mean = 0.00ms, max = -0.00ms, min = 9223372036854.78ms, total = 0.00ms
	CoreWorker.PrintEventStats - 7 total (1 active, 1 running), Execution time: mean = 0.57ms, total = 3.99ms, Queueing time: mean = 0.06ms, max = 0.08ms, min = 0.07ms, total = 0.44ms
	PeriodicalRunner.RunFnPeriodically - 7 total (0 active), Execution time: mean = 0.14ms, total = 0.97ms, Queueing time: mean = 0.38ms, max = 0.95ms, min = 0.01ms, total = 2.64ms
	ReporterService.grpc_client.HealthCheck - 3 total (0 active), Execution time: mean = 0.93ms, total = 2.80ms, Queueing time: mean = 0.00ms, max = -0.00ms, min = 9223372036854.78ms, total = 0.00ms
	ReporterService.grpc_client.HealthCheck.OnReplyReceived - 3 total (0 active), Execution time: mean = 0.13ms, total = 0.40ms, Queueing time: mean = 0.18ms, max = 0.48ms, min = 0.02ms, total = 0.53ms
	Publisher.CheckDeadSubscribers - 2 total (1 active), Execution time: mean = 0.00ms, total = 0.01ms, Queueing time: mean = 0.04ms, max = 0.07ms, min = 0.07ms, total = 0.07ms
	MetricsAgentClient.WaitForServerReadyWithRetry - 2 total (0 active), Execution time: mean = 0.19ms, total = 0.38ms, Queueing time: mean = 1000.02ms, max = 1000.02ms, min = 1000.02ms, total = 2000.05ms
	ray::rpc::WorkerInfoGcsService.grpc_client.AddWorkerInfo - 1 total (0 active), Execution time: mean = 0.57ms, total = 0.57ms, Queueing time: mean = 0.00ms, max = -0.00ms, min = 9223372036854.78ms, total = 0.00ms
	ray::rpc::NodeInfoGcsService.grpc_client.GetAllNodeAddressAndLiveness - 1 total (0 active), Execution time: mean = 0.46ms, total = 0.46ms, Queueing time: mean = 0.00ms, max = -0.00ms, min = 9223372036854.78ms, total = 0.00ms
	ray::rpc::NodeInfoGcsService.grpc_client.GetAllNodeAddressAndLiveness.OnReplyReceived - 1 total (0 active), Execution time: mean = 0.10ms, total = 0.10ms, Queueing time: mean = 0.02ms, max = 0.02ms, min = 0.02ms, total = 0.02ms
	ray::rpc::InternalPubSubGcsService.grpc_client.GcsSubscriberPoll - 1 total (1 active), Execution time: mean = 0.00ms, total = 0.00ms, Queueing time: mean = 0.00ms, max = -0.00ms, min = 9223372036854.78ms, total = 0.00ms
	ray::rpc::InternalPubSubGcsService.grpc_client.GcsSubscriberCommandBatch - 1 total (0 active), Execution time: mean = 0.53ms, total = 0.53ms, Queueing time: mean = 0.00ms, max = -0.00ms, min = 9223372036854.78ms, total = 0.00ms
	ray::rpc::InternalPubSubGcsService.grpc_client.GcsSubscriberCommandBatch.OnReplyReceived - 1 total (0 active), Execution time: mean = 0.18ms, total = 0.18ms, Queueing time: mean = 0.65ms, max = 0.65ms, min = 0.65ms, total = 0.65ms
	ray::rpc::WorkerInfoGcsService.grpc_client.AddWorkerInfo.OnReplyReceived - 1 total (0 active), Execution time: mean = 0.04ms, total = 0.04ms, Queueing time: mean = 0.71ms, max = 0.71ms, min = 0.71ms, total = 0.71ms

-----------------
Task execution event stats:

Global stats: 41698 total (1 active)
Queueing time: mean = 0.06ms, max = 14.66ms, min = 0.00ms, total = 2590.46ms
Execution time:  mean = 0.02ms, total = 689.49ms
Event stats:
	CoreWorker.CheckSignal - 41697 total (1 active), Execution time: mean = 0.02ms, total = 689.49ms, Queueing time: mean = 0.06ms, max = 14.66ms, min = 0.00ms, total = 2590.46ms
	PeriodicalRunner.RunFnPeriodically - 1 total (0 active), Execution time: mean = 0.01ms, total = 0.01ms, Queueing time: mean = 0.00ms, max = 0.00ms, min = 0.00ms, total = 0.00ms

-----------------
Task Event stats:

IO Service Stats:

Global stats: 1261 total (1 active)
Queueing time: mean = 0.03ms, max = 0.16ms, min = 0.01ms, total = 43.89ms
Execution time:  mean = 0.36ms, total = 448.40ms
Event stats:
	CoreWorker.deadline_timer.flush_task_events - 420 total (1 active), Execution time: mean = 0.22ms, total = 94.48ms, Queueing time: mean = 0.06ms, max = 0.13ms, min = 0.02ms, total = 24.50ms
	ray::rpc::TaskInfoGcsService.grpc_client.AddTaskEventData - 420 total (0 active), Execution time: mean = 0.80ms, total = 336.93ms, Queueing time: mean = 0.00ms, max = -0.00ms, min = 9223372036854.78ms, total = 0.00ms
	ray::rpc::TaskInfoGcsService.grpc_client.AddTaskEventData.OnReplyReceived - 420 total (0 active), Execution time: mean = 0.04ms, total = 16.74ms, Queueing time: mean = 0.05ms, max = 0.07ms, min = 0.01ms, total = 19.23ms
	PeriodicalRunner.RunFnPeriodically - 1 total (0 active), Execution time: mean = 0.24ms, total = 0.24ms, Queueing time: mean = 0.16ms, max = 0.16ms, min = 0.16ms, total = 0.16ms
Other Stats:
	gcs_grpc_in_progress:0
	event_aggregator_grpc_in_progress:0
	current number of task status events in buffer: 0
	current number of profile events in buffer: 0
	current number of dropped task attempts tracked: 0
	total task events sent: 0 MiB
	total number of task attempts sent: 0
	total number of task attempts dropped reported: 0
	total number of sent failure: 0
	num status task events dropped: 0
	num profile task events dropped: 0
	num ray task events reported to aggregator: 0
	num ray task events failed to report to aggregator: 0
	num of task attempts dropped reported to aggregator: 0
	num of failed requests to aggregator: 0

[2026-01-26 22:47:34,612 I 2695404 2696871] core_worker.cc:455: Event stats:


Global stats: 6958 total (8 active)
Queueing time: mean = 0.34ms, max = 1000.02ms, min = 0.00ms, total = 2360.73ms
Execution time:  mean = 0.08ms, total = 573.17ms
Event stats:
	CoreWorker.RecoverObjects - 4798 total (1 active), Execution time: mean = 0.01ms, total = 45.39ms, Queueing time: mean = 0.06ms, max = 0.19ms, min = 0.01ms, total = 273.06ms
	NodeManagerService.grpc_client.ReportWorkerBacklog.OnReplyReceived - 480 total (0 active), Execution time: mean = 0.03ms, total = 14.59ms, Queueing time: mean = 0.04ms, max = 0.09ms, min = 0.01ms, total = 19.77ms
	CoreWorker.ExitIfParentRayletDies - 480 total (1 active), Execution time: mean = 0.01ms, total = 5.32ms, Queueing time: mean = 0.06ms, max = 0.10ms, min = 0.00ms, total = 26.94ms
	CoreWorker.InternalHeartbeat - 480 total (1 active), Execution time: mean = 0.20ms, total = 95.73ms, Queueing time: mean = 0.05ms, max = 0.17ms, min = 0.02ms, total = 24.55ms
	NodeManagerService.grpc_client.ReportWorkerBacklog - 480 total (0 active), Execution time: mean = 0.79ms, total = 380.88ms, Queueing time: mean = 0.00ms, max = -0.00ms, min = 9223372036854.78ms, total = 0.00ms
	CoreWorker.RecordMetrics - 96 total (1 active), Execution time: mean = 0.06ms, total = 6.23ms, Queueing time: mean = 0.06ms, max = 0.10ms, min = 0.01ms, total = 5.42ms
	CoreWorker.TryDelPendingObjectRefStreams - 48 total (1 active), Execution time: mean = 0.01ms, total = 0.27ms, Queueing time: mean = 0.10ms, max = 0.55ms, min = 0.03ms, total = 4.73ms
	CoreWorkerService.grpc_server.GetCoreWorkerStats.HandleRequestImpl - 32 total (0 active), Execution time: mean = 0.09ms, total = 2.90ms, Queueing time: mean = 0.03ms, max = 0.11ms, min = 0.02ms, total = 1.10ms
	CoreWorkerService.grpc_server.GetCoreWorkerStats - 32 total (0 active), Execution time: mean = 0.34ms, total = 10.76ms, Queueing time: mean = 0.00ms, max = -0.00ms, min = 9223372036854.78ms, total = 0.00ms
	CoreWorker.PrintEventStats - 8 total (1 active, 1 running), Execution time: mean = 0.58ms, total = 4.67ms, Queueing time: mean = 0.06ms, max = 0.08ms, min = 0.07ms, total = 0.50ms
	PeriodicalRunner.RunFnPeriodically - 7 total (0 active), Execution time: mean = 0.14ms, total = 0.97ms, Queueing time: mean = 0.38ms, max = 0.95ms, min = 0.01ms, total = 2.64ms
	ReporterService.grpc_client.HealthCheck - 3 total (0 active), Execution time: mean = 0.93ms, total = 2.80ms, Queueing time: mean = 0.00ms, max = -0.00ms, min = 9223372036854.78ms, total = 0.00ms
	ReporterService.grpc_client.HealthCheck.OnReplyReceived - 3 total (0 active), Execution time: mean = 0.13ms, total = 0.40ms, Queueing time: mean = 0.18ms, max = 0.48ms, min = 0.02ms, total = 0.53ms
	Publisher.CheckDeadSubscribers - 2 total (1 active), Execution time: mean = 0.00ms, total = 0.01ms, Queueing time: mean = 0.04ms, max = 0.07ms, min = 0.07ms, total = 0.07ms
	MetricsAgentClient.WaitForServerReadyWithRetry - 2 total (0 active), Execution time: mean = 0.19ms, total = 0.38ms, Queueing time: mean = 1000.02ms, max = 1000.02ms, min = 1000.02ms, total = 2000.05ms
	ray::rpc::WorkerInfoGcsService.grpc_client.AddWorkerInfo - 1 total (0 active), Execution time: mean = 0.57ms, total = 0.57ms, Queueing time: mean = 0.00ms, max = -0.00ms, min = 9223372036854.78ms, total = 0.00ms
	ray::rpc::NodeInfoGcsService.grpc_client.GetAllNodeAddressAndLiveness - 1 total (0 active), Execution time: mean = 0.46ms, total = 0.46ms, Queueing time: mean = 0.00ms, max = -0.00ms, min = 9223372036854.78ms, total = 0.00ms
	ray::rpc::NodeInfoGcsService.grpc_client.GetAllNodeAddressAndLiveness.OnReplyReceived - 1 total (0 active), Execution time: mean = 0.10ms, total = 0.10ms, Queueing time: mean = 0.02ms, max = 0.02ms, min = 0.02ms, total = 0.02ms
	ray::rpc::InternalPubSubGcsService.grpc_client.GcsSubscriberPoll - 1 total (1 active), Execution time: mean = 0.00ms, total = 0.00ms, Queueing time: mean = 0.00ms, max = -0.00ms, min = 9223372036854.78ms, total = 0.00ms
	ray::rpc::InternalPubSubGcsService.grpc_client.GcsSubscriberCommandBatch - 1 total (0 active), Execution time: mean = 0.53ms, total = 0.53ms, Queueing time: mean = 0.00ms, max = -0.00ms, min = 9223372036854.78ms, total = 0.00ms
	ray::rpc::InternalPubSubGcsService.grpc_client.GcsSubscriberCommandBatch.OnReplyReceived - 1 total (0 active), Execution time: mean = 0.18ms, total = 0.18ms, Queueing time: mean = 0.65ms, max = 0.65ms, min = 0.65ms, total = 0.65ms
	ray::rpc::WorkerInfoGcsService.grpc_client.AddWorkerInfo.OnReplyReceived - 1 total (0 active), Execution time: mean = 0.04ms, total = 0.04ms, Queueing time: mean = 0.71ms, max = 0.71ms, min = 0.71ms, total = 0.71ms

-----------------
Task execution event stats:

Global stats: 47656 total (1 active)
Queueing time: mean = 0.06ms, max = 14.66ms, min = -1.26ms, total = 2942.15ms
Execution time:  mean = 0.02ms, total = 787.63ms
Event stats:
	CoreWorker.CheckSignal - 47655 total (1 active), Execution time: mean = 0.02ms, total = 787.62ms, Queueing time: mean = 0.06ms, max = 14.66ms, min = -1.26ms, total = 2942.15ms
	PeriodicalRunner.RunFnPeriodically - 1 total (0 active), Execution time: mean = 0.01ms, total = 0.01ms, Queueing time: mean = 0.00ms, max = 0.00ms, min = 0.00ms, total = 0.00ms

-----------------
Task Event stats:

IO Service Stats:

Global stats: 1441 total (1 active)
Queueing time: mean = 0.03ms, max = 0.16ms, min = 0.01ms, total = 50.10ms
Execution time:  mean = 0.36ms, total = 514.40ms
Event stats:
	CoreWorker.deadline_timer.flush_task_events - 480 total (1 active), Execution time: mean = 0.23ms, total = 108.87ms, Queueing time: mean = 0.06ms, max = 0.13ms, min = 0.02ms, total = 28.11ms
	ray::rpc::TaskInfoGcsService.grpc_client.AddTaskEventData - 480 total (0 active), Execution time: mean = 0.80ms, total = 386.13ms, Queueing time: mean = 0.00ms, max = -0.00ms, min = 9223372036854.78ms, total = 0.00ms
	ray::rpc::TaskInfoGcsService.grpc_client.AddTaskEventData.OnReplyReceived - 480 total (0 active), Execution time: mean = 0.04ms, total = 19.14ms, Queueing time: mean = 0.05ms, max = 0.07ms, min = 0.01ms, total = 21.83ms
	PeriodicalRunner.RunFnPeriodically - 1 total (0 active), Execution time: mean = 0.24ms, total = 0.24ms, Queueing time: mean = 0.16ms, max = 0.16ms, min = 0.16ms, total = 0.16ms
Other Stats:
	gcs_grpc_in_progress:0
	event_aggregator_grpc_in_progress:0
	current number of task status events in buffer: 0
	current number of profile events in buffer: 0
	current number of dropped task attempts tracked: 0
	total task events sent: 0 MiB
	total number of task attempts sent: 0
	total number of task attempts dropped reported: 0
	total number of sent failure: 0
	num status task events dropped: 0
	num profile task events dropped: 0
	num ray task events reported to aggregator: 0
	num ray task events failed to report to aggregator: 0
	num of task attempts dropped reported to aggregator: 0
	num of failed requests to aggregator: 0

[2026-01-26 22:48:34,613 I 2695404 2696871] core_worker.cc:455: Event stats:


Global stats: 7822 total (8 active)
Queueing time: mean = 0.31ms, max = 1000.02ms, min = 0.00ms, total = 2404.24ms
Execution time:  mean = 0.08ms, total = 649.25ms
Event stats:
	CoreWorker.RecoverObjects - 5397 total (1 active), Execution time: mean = 0.01ms, total = 50.91ms, Queueing time: mean = 0.06ms, max = 0.19ms, min = 0.01ms, total = 305.73ms
	NodeManagerService.grpc_client.ReportWorkerBacklog.OnReplyReceived - 540 total (0 active), Execution time: mean = 0.03ms, total = 16.57ms, Queueing time: mean = 0.04ms, max = 0.09ms, min = 0.01ms, total = 22.44ms
	CoreWorker.ExitIfParentRayletDies - 540 total (1 active), Execution time: mean = 0.01ms, total = 6.00ms, Queueing time: mean = 0.06ms, max = 0.10ms, min = 0.00ms, total = 30.27ms
	CoreWorker.InternalHeartbeat - 540 total (1 active), Execution time: mean = 0.20ms, total = 108.00ms, Queueing time: mean = 0.05ms, max = 0.17ms, min = 0.02ms, total = 27.87ms
	NodeManagerService.grpc_client.ReportWorkerBacklog - 540 total (0 active), Execution time: mean = 0.80ms, total = 433.77ms, Queueing time: mean = 0.00ms, max = -0.00ms, min = 9223372036854.78ms, total = 0.00ms
	CoreWorker.RecordMetrics - 108 total (1 active), Execution time: mean = 0.06ms, total = 7.00ms, Queueing time: mean = 0.06ms, max = 0.10ms, min = 0.01ms, total = 6.08ms
	CoreWorker.TryDelPendingObjectRefStreams - 54 total (1 active), Execution time: mean = 0.01ms, total = 0.30ms, Queueing time: mean = 0.10ms, max = 0.55ms, min = 0.03ms, total = 5.41ms
	CoreWorkerService.grpc_server.GetCoreWorkerStats.HandleRequestImpl - 35 total (0 active), Execution time: mean = 0.09ms, total = 3.17ms, Queueing time: mean = 0.03ms, max = 0.11ms, min = 0.02ms, total = 1.21ms
	CoreWorkerService.grpc_server.GetCoreWorkerStats - 35 total (0 active), Execution time: mean = 0.33ms, total = 11.71ms, Queueing time: mean = 0.00ms, max = -0.00ms, min = 9223372036854.78ms, total = 0.00ms
	CoreWorker.PrintEventStats - 9 total (1 active, 1 running), Execution time: mean = 0.60ms, total = 5.39ms, Queueing time: mean = 0.06ms, max = 0.08ms, min = 0.07ms, total = 0.57ms
	PeriodicalRunner.RunFnPeriodically - 7 total (0 active), Execution time: mean = 0.14ms, total = 0.97ms, Queueing time: mean = 0.38ms, max = 0.95ms, min = 0.01ms, total = 2.64ms
	ReporterService.grpc_client.HealthCheck - 3 total (0 active), Execution time: mean = 0.93ms, total = 2.80ms, Queueing time: mean = 0.00ms, max = -0.00ms, min = 9223372036854.78ms, total = 0.00ms
	ReporterService.grpc_client.HealthCheck.OnReplyReceived - 3 total (0 active), Execution time: mean = 0.13ms, total = 0.40ms, Queueing time: mean = 0.18ms, max = 0.48ms, min = 0.02ms, total = 0.53ms
	Publisher.CheckDeadSubscribers - 2 total (1 active), Execution time: mean = 0.00ms, total = 0.01ms, Queueing time: mean = 0.04ms, max = 0.07ms, min = 0.07ms, total = 0.07ms
	MetricsAgentClient.WaitForServerReadyWithRetry - 2 total (0 active), Execution time: mean = 0.19ms, total = 0.38ms, Queueing time: mean = 1000.02ms, max = 1000.02ms, min = 1000.02ms, total = 2000.05ms
	ray::rpc::WorkerInfoGcsService.grpc_client.AddWorkerInfo - 1 total (0 active), Execution time: mean = 0.57ms, total = 0.57ms, Queueing time: mean = 0.00ms, max = -0.00ms, min = 9223372036854.78ms, total = 0.00ms
	ray::rpc::NodeInfoGcsService.grpc_client.GetAllNodeAddressAndLiveness - 1 total (0 active), Execution time: mean = 0.46ms, total = 0.46ms, Queueing time: mean = 0.00ms, max = -0.00ms, min = 9223372036854.78ms, total = 0.00ms
	ray::rpc::NodeInfoGcsService.grpc_client.GetAllNodeAddressAndLiveness.OnReplyReceived - 1 total (0 active), Execution time: mean = 0.10ms, total = 0.10ms, Queueing time: mean = 0.02ms, max = 0.02ms, min = 0.02ms, total = 0.02ms
	ray::rpc::InternalPubSubGcsService.grpc_client.GcsSubscriberPoll - 1 total (1 active), Execution time: mean = 0.00ms, total = 0.00ms, Queueing time: mean = 0.00ms, max = -0.00ms, min = 9223372036854.78ms, total = 0.00ms
	ray::rpc::InternalPubSubGcsService.grpc_client.GcsSubscriberCommandBatch - 1 total (0 active), Execution time: mean = 0.53ms, total = 0.53ms, Queueing time: mean = 0.00ms, max = -0.00ms, min = 9223372036854.78ms, total = 0.00ms
	ray::rpc::InternalPubSubGcsService.grpc_client.GcsSubscriberCommandBatch.OnReplyReceived - 1 total (0 active), Execution time: mean = 0.18ms, total = 0.18ms, Queueing time: mean = 0.65ms, max = 0.65ms, min = 0.65ms, total = 0.65ms
	ray::rpc::WorkerInfoGcsService.grpc_client.AddWorkerInfo.OnReplyReceived - 1 total (0 active), Execution time: mean = 0.04ms, total = 0.04ms, Queueing time: mean = 0.71ms, max = 0.71ms, min = 0.71ms, total = 0.71ms

-----------------
Task execution event stats:

Global stats: 53611 total (1 active)
Queueing time: mean = 0.06ms, max = 14.66ms, min = -1.26ms, total = 3325.46ms
Execution time:  mean = 0.02ms, total = 880.22ms
Event stats:
	CoreWorker.CheckSignal - 53610 total (1 active), Execution time: mean = 0.02ms, total = 880.21ms, Queueing time: mean = 0.06ms, max = 14.66ms, min = -1.26ms, total = 3325.45ms
	PeriodicalRunner.RunFnPeriodically - 1 total (0 active), Execution time: mean = 0.01ms, total = 0.01ms, Queueing time: mean = 0.00ms, max = 0.00ms, min = 0.00ms, total = 0.00ms

-----------------
Task Event stats:

IO Service Stats:

Global stats: 1621 total (1 active)
Queueing time: mean = 0.04ms, max = 0.16ms, min = 0.01ms, total = 56.86ms
Execution time:  mean = 0.36ms, total = 579.05ms
Event stats:
	CoreWorker.deadline_timer.flush_task_events - 540 total (1 active), Execution time: mean = 0.23ms, total = 121.65ms, Queueing time: mean = 0.06ms, max = 0.13ms, min = 0.02ms, total = 31.84ms
	ray::rpc::TaskInfoGcsService.grpc_client.AddTaskEventData - 540 total (0 active), Execution time: mean = 0.81ms, total = 435.62ms, Queueing time: mean = 0.00ms, max = -0.00ms, min = 9223372036854.78ms, total = 0.00ms
	ray::rpc::TaskInfoGcsService.grpc_client.AddTaskEventData.OnReplyReceived - 540 total (0 active), Execution time: mean = 0.04ms, total = 21.53ms, Queueing time: mean = 0.05ms, max = 0.07ms, min = 0.01ms, total = 24.86ms
	PeriodicalRunner.RunFnPeriodically - 1 total (0 active), Execution time: mean = 0.24ms, total = 0.24ms, Queueing time: mean = 0.16ms, max = 0.16ms, min = 0.16ms, total = 0.16ms
Other Stats:
	gcs_grpc_in_progress:0
	event_aggregator_grpc_in_progress:0
	current number of task status events in buffer: 0
	current number of profile events in buffer: 0
	current number of dropped task attempts tracked: 0
	total task events sent: 0 MiB
	total number of task attempts sent: 0
	total number of task attempts dropped reported: 0
	total number of sent failure: 0
	num status task events dropped: 0
	num profile task events dropped: 0
	num ray task events reported to aggregator: 0
	num ray task events failed to report to aggregator: 0
	num of task attempts dropped reported to aggregator: 0
	num of failed requests to aggregator: 0

[2026-01-26 22:49:34,613 I 2695404 2696871] core_worker.cc:455: Event stats:


Global stats: 8692 total (8 active)
Queueing time: mean = 0.28ms, max = 1000.02ms, min = 0.00ms, total = 2447.72ms
Execution time:  mean = 68.64ms, total = 596599.72ms
Event stats:
	CoreWorker.RecoverObjects - 5997 total (1 active), Execution time: mean = 0.01ms, total = 56.52ms, Queueing time: mean = 0.06ms, max = 0.19ms, min = 0.01ms, total = 338.26ms
	CoreWorker.InternalHeartbeat - 600 total (1 active), Execution time: mean = 0.20ms, total = 120.19ms, Queueing time: mean = 0.05ms, max = 0.17ms, min = 0.02ms, total = 31.00ms
	NodeManagerService.grpc_client.ReportWorkerBacklog.OnReplyReceived - 600 total (0 active), Execution time: mean = 0.03ms, total = 18.58ms, Queueing time: mean = 0.04ms, max = 0.09ms, min = 0.01ms, total = 25.41ms
	NodeManagerService.grpc_client.ReportWorkerBacklog - 600 total (0 active), Execution time: mean = 0.82ms, total = 492.35ms, Queueing time: mean = 0.00ms, max = -0.00ms, min = 9223372036854.78ms, total = 0.00ms
	CoreWorker.ExitIfParentRayletDies - 600 total (1 active), Execution time: mean = 0.01ms, total = 6.67ms, Queueing time: mean = 0.06ms, max = 0.10ms, min = 0.00ms, total = 33.36ms
	CoreWorker.RecordMetrics - 120 total (1 active), Execution time: mean = 0.06ms, total = 7.76ms, Queueing time: mean = 0.06ms, max = 0.10ms, min = 0.01ms, total = 6.79ms
	CoreWorker.TryDelPendingObjectRefStreams - 60 total (1 active), Execution time: mean = 0.01ms, total = 0.34ms, Queueing time: mean = 0.10ms, max = 0.55ms, min = 0.03ms, total = 6.15ms
	CoreWorkerService.grpc_server.GetCoreWorkerStats.HandleRequestImpl - 39 total (0 active), Execution time: mean = 0.09ms, total = 3.55ms, Queueing time: mean = 0.03ms, max = 0.11ms, min = 0.02ms, total = 1.33ms
	CoreWorkerService.grpc_server.GetCoreWorkerStats - 39 total (0 active), Execution time: mean = 0.34ms, total = 13.22ms, Queueing time: mean = 0.00ms, max = -0.00ms, min = 9223372036854.78ms, total = 0.00ms
	CoreWorker.PrintEventStats - 10 total (1 active, 1 running), Execution time: mean = 0.61ms, total = 6.05ms, Queueing time: mean = 0.06ms, max = 0.08ms, min = 0.07ms, total = 0.64ms
	PeriodicalRunner.RunFnPeriodically - 7 total (0 active), Execution time: mean = 0.14ms, total = 0.97ms, Queueing time: mean = 0.38ms, max = 0.95ms, min = 0.01ms, total = 2.64ms
	ReporterService.grpc_client.HealthCheck.OnReplyReceived - 3 total (0 active), Execution time: mean = 0.13ms, total = 0.40ms, Queueing time: mean = 0.18ms, max = 0.48ms, min = 0.02ms, total = 0.53ms
	ReporterService.grpc_client.HealthCheck - 3 total (0 active), Execution time: mean = 0.93ms, total = 2.80ms, Queueing time: mean = 0.00ms, max = -0.00ms, min = 9223372036854.78ms, total = 0.00ms
	Publisher.CheckDeadSubscribers - 3 total (1 active), Execution time: mean = 0.00ms, total = 0.01ms, Queueing time: mean = 0.05ms, max = 0.08ms, min = 0.07ms, total = 0.16ms
	ray::rpc::InternalPubSubGcsService.grpc_client.GcsSubscriberPoll - 2 total (1 active), Execution time: mean = 297933.84ms, total = 595867.68ms, Queueing time: mean = 0.00ms, max = -0.00ms, min = 9223372036854.78ms, total = 0.00ms
	MetricsAgentClient.WaitForServerReadyWithRetry - 2 total (0 active), Execution time: mean = 0.19ms, total = 0.38ms, Queueing time: mean = 1000.02ms, max = 1000.02ms, min = 1000.02ms, total = 2000.05ms
	ray::rpc::WorkerInfoGcsService.grpc_client.AddWorkerInfo.OnReplyReceived - 1 total (0 active), Execution time: mean = 0.04ms, total = 0.04ms, Queueing time: mean = 0.71ms, max = 0.71ms, min = 0.71ms, total = 0.71ms
	ray::rpc::NodeInfoGcsService.grpc_client.GetAllNodeAddressAndLiveness - 1 total (0 active), Execution time: mean = 0.46ms, total = 0.46ms, Queueing time: mean = 0.00ms, max = -0.00ms, min = 9223372036854.78ms, total = 0.00ms
	ray::rpc::InternalPubSubGcsService.grpc_client.GcsSubscriberCommandBatch.OnReplyReceived - 1 total (0 active), Execution time: mean = 0.18ms, total = 0.18ms, Queueing time: mean = 0.65ms, max = 0.65ms, min = 0.65ms, total = 0.65ms
	ray::rpc::InternalPubSubGcsService.grpc_client.GcsSubscriberCommandBatch - 1 total (0 active), Execution time: mean = 0.53ms, total = 0.53ms, Queueing time: mean = 0.00ms, max = -0.00ms, min = 9223372036854.78ms, total = 0.00ms
	ray::rpc::WorkerInfoGcsService.grpc_client.AddWorkerInfo - 1 total (0 active), Execution time: mean = 0.57ms, total = 0.57ms, Queueing time: mean = 0.00ms, max = -0.00ms, min = 9223372036854.78ms, total = 0.00ms
	ray::rpc::NodeInfoGcsService.grpc_client.GetAllNodeAddressAndLiveness.OnReplyReceived - 1 total (0 active), Execution time: mean = 0.10ms, total = 0.10ms, Queueing time: mean = 0.02ms, max = 0.02ms, min = 0.02ms, total = 0.02ms
	ray::rpc::InternalPubSubGcsService.grpc_client.GcsSubscriberPoll.OnReplyReceived - 1 total (0 active), Execution time: mean = 0.37ms, total = 0.37ms, Queueing time: mean = 0.05ms, max = 0.05ms, min = 0.05ms, total = 0.05ms

-----------------
Task execution event stats:

Global stats: 59566 total (1 active)
Queueing time: mean = 0.06ms, max = 14.66ms, min = -1.26ms, total = 3714.47ms
Execution time:  mean = 0.02ms, total = 972.29ms
Event stats:
	CoreWorker.CheckSignal - 59565 total (1 active), Execution time: mean = 0.02ms, total = 972.28ms, Queueing time: mean = 0.06ms, max = 14.66ms, min = -1.26ms, total = 3714.47ms
	PeriodicalRunner.RunFnPeriodically - 1 total (0 active), Execution time: mean = 0.01ms, total = 0.01ms, Queueing time: mean = 0.00ms, max = 0.00ms, min = 0.00ms, total = 0.00ms

-----------------
Task Event stats:

IO Service Stats:

Global stats: 1801 total (1 active)
Queueing time: mean = 0.04ms, max = 0.16ms, min = 0.01ms, total = 63.90ms
Execution time:  mean = 0.36ms, total = 643.91ms
Event stats:
	CoreWorker.deadline_timer.flush_task_events - 600 total (1 active), Execution time: mean = 0.22ms, total = 134.21ms, Queueing time: mean = 0.06ms, max = 0.13ms, min = 0.02ms, total = 35.78ms
	ray::rpc::TaskInfoGcsService.grpc_client.AddTaskEventData - 600 total (0 active), Execution time: mean = 0.81ms, total = 485.45ms, Queueing time: mean = 0.00ms, max = -0.00ms, min = 9223372036854.78ms, total = 0.00ms
	ray::rpc::TaskInfoGcsService.grpc_client.AddTaskEventData.OnReplyReceived - 600 total (0 active), Execution time: mean = 0.04ms, total = 24.00ms, Queueing time: mean = 0.05ms, max = 0.07ms, min = 0.01ms, total = 27.96ms
	PeriodicalRunner.RunFnPeriodically - 1 total (0 active), Execution time: mean = 0.24ms, total = 0.24ms, Queueing time: mean = 0.16ms, max = 0.16ms, min = 0.16ms, total = 0.16ms
Other Stats:
	gcs_grpc_in_progress:0
	event_aggregator_grpc_in_progress:0
	current number of task status events in buffer: 0
	current number of profile events in buffer: 0
	current number of dropped task attempts tracked: 0
	total task events sent: 0 MiB
	total number of task attempts sent: 0
	total number of task attempts dropped reported: 0
	total number of sent failure: 0
	num status task events dropped: 0
	num profile task events dropped: 0
	num ray task events reported to aggregator: 0
	num ray task events failed to report to aggregator: 0
	num of task attempts dropped reported to aggregator: 0
	num of failed requests to aggregator: 0

