[2026-01-26 22:39:34,657 I 2695413 2695413] core_worker_process.cc:777: Constructing CoreWorkerProcess. pid: 2695413
[2026-01-26 22:39:34,660 I 2695413 2695413] event.cc:499: Ray Event initialized for CORE_WORKER
[2026-01-26 22:39:34,660 I 2695413 2695413] event.cc:499: Ray Event initialized for EXPORT_TASK
[2026-01-26 22:39:34,660 I 2695413 2695413] event.cc:332: Set ray event level to warning
[2026-01-26 22:39:34,660 I 2695413 2695413] event_aggregator_client.h:50: Initiating the local event aggregator client with port: 65169
[2026-01-26 22:39:34,662 I 2695413 2695413] grpc_server.cc:143: worker server started, listening on port 42373.
[2026-01-26 22:39:34,672 I 2695413 2695413] core_worker_process.cc:262: Initializing worker at address: 172.28.6.5:42373 worker_id=bc693daa89a4e859c120f17705b28381e321bd5ad898e16260ba0799 node_id=58a9f280954a5c6377e65966bfbbfc54ecee0ad616208625dbe69b52
[2026-01-26 22:39:34,673 I 2695413 2695413] task_event_buffer.cc:480: Reporting task events to GCS every 1000ms.
[2026-01-26 22:39:34,674 I 2695413 2695413] core_worker.cc:515: Adjusted worker niceness to 15
[2026-01-26 22:39:34,674 I 2695413 2695413] metrics_agent_client.cc:45: Initializing exporter ...
[2026-01-26 22:39:34,674 I 2695413 2697364] core_worker.cc:455: Event stats:


Global stats: 12 total (10 active)
Queueing time: mean = 0.00ms, max = 0.02ms, min = 0.01ms, total = 0.03ms
Execution time:  mean = 0.00ms, total = 0.06ms
Event stats:
	PeriodicalRunner.RunFnPeriodically - 7 total (5 active, 1 running), Execution time: mean = 0.01ms, total = 0.06ms, Queueing time: mean = 0.00ms, max = 0.02ms, min = 0.01ms, total = 0.03ms
	Publisher.CheckDeadSubscribers - 1 total (1 active), Execution time: mean = 0.00ms, total = 0.00ms, Queueing time: mean = 0.00ms, max = -0.00ms, min = 9223372036854.78ms, total = 0.00ms
	ray::rpc::WorkerInfoGcsService.grpc_client.AddWorkerInfo - 1 total (1 active), Execution time: mean = 0.00ms, total = 0.00ms, Queueing time: mean = 0.00ms, max = -0.00ms, min = 9223372036854.78ms, total = 0.00ms
	ray::rpc::InternalPubSubGcsService.grpc_client.GcsSubscriberCommandBatch - 1 total (1 active), Execution time: mean = 0.00ms, total = 0.00ms, Queueing time: mean = 0.00ms, max = -0.00ms, min = 9223372036854.78ms, total = 0.00ms
	CoreWorker.ExitIfParentRayletDies - 1 total (1 active), Execution time: mean = 0.00ms, total = 0.00ms, Queueing time: mean = 0.00ms, max = -0.00ms, min = 9223372036854.78ms, total = 0.00ms
	ray::rpc::InternalPubSubGcsService.grpc_client.GcsSubscriberPoll - 1 total (1 active), Execution time: mean = 0.00ms, total = 0.00ms, Queueing time: mean = 0.00ms, max = -0.00ms, min = 9223372036854.78ms, total = 0.00ms

-----------------
Task execution event stats:

Global stats: 0 total (0 active)
Queueing time: mean = -nanms, max = -0.00ms, min = 9223372036854.78ms, total = 0.00ms
Execution time:  mean = -nanms, total = 0.00ms
Event stats:

-----------------
Task Event stats:

IO Service Stats:

Global stats: 4 total (1 active)
Queueing time: mean = 0.01ms, max = 0.02ms, min = 0.01ms, total = 0.03ms
Execution time:  mean = 0.25ms, total = 0.99ms
Event stats:
	CoreWorker.deadline_timer.flush_task_events - 1 total (1 active), Execution time: mean = 0.00ms, total = 0.00ms, Queueing time: mean = 0.00ms, max = -0.00ms, min = 9223372036854.78ms, total = 0.00ms
	ray::rpc::TaskInfoGcsService.grpc_client.AddTaskEventData - 1 total (0 active), Execution time: mean = 0.63ms, total = 0.63ms, Queueing time: mean = 0.00ms, max = -0.00ms, min = 9223372036854.78ms, total = 0.00ms
	ray::rpc::TaskInfoGcsService.grpc_client.AddTaskEventData.OnReplyReceived - 1 total (0 active), Execution time: mean = 0.03ms, total = 0.03ms, Queueing time: mean = 0.02ms, max = 0.02ms, min = 0.02ms, total = 0.02ms
	PeriodicalRunner.RunFnPeriodically - 1 total (0 active), Execution time: mean = 0.32ms, total = 0.32ms, Queueing time: mean = 0.01ms, max = 0.01ms, min = 0.01ms, total = 0.01ms
Other Stats:
	gcs_grpc_in_progress:0
	event_aggregator_grpc_in_progress:0
	current number of task status events in buffer: 0
	current number of profile events in buffer: 0
	current number of dropped task attempts tracked: 0
	total task events sent: 0 MiB
	total number of task attempts sent: 0
	total number of task attempts dropped reported: 0
	total number of sent failure: 0
	num status task events dropped: 0
	num profile task events dropped: 0
	num ray task events reported to aggregator: 0
	num ray task events failed to report to aggregator: 0
	num of task attempts dropped reported to aggregator: 0
	num of failed requests to aggregator: 0

[2026-01-26 22:39:34,675 I 2695413 2697364] accessor.cc:433: Received address and liveness notification for node, IsAlive = 1 node_id=58a9f280954a5c6377e65966bfbbfc54ecee0ad616208625dbe69b52
[2026-01-26 22:39:34,675 I 2695413 2697364] normal_task_submitter.cc:840: Number of alive nodes:1
[2026-01-26 22:39:35,677 I 2695413 2697364] metrics_agent_client.cc:59: Exporter initialized.
[2026-01-26 22:40:34,675 I 2695413 2697364] core_worker.cc:455: Event stats:


Global stats: 887 total (8 active)
Queueing time: mean = 1.18ms, max = 1000.03ms, min = 0.01ms, total = 1048.01ms
Execution time:  mean = 0.09ms, total = 75.71ms
Event stats:
	CoreWorker.RecoverObjects - 600 total (1 active), Execution time: mean = 0.01ms, total = 6.18ms, Queueing time: mean = 0.06ms, max = 0.10ms, min = 0.01ms, total = 33.91ms
	NodeManagerService.grpc_client.ReportWorkerBacklog.OnReplyReceived - 60 total (0 active), Execution time: mean = 0.03ms, total = 1.58ms, Queueing time: mean = 0.03ms, max = 0.07ms, min = 0.01ms, total = 1.87ms
	NodeManagerService.grpc_client.ReportWorkerBacklog - 60 total (0 active), Execution time: mean = 0.78ms, total = 47.03ms, Queueing time: mean = 0.00ms, max = -0.00ms, min = 9223372036854.78ms, total = 0.00ms
	CoreWorker.InternalHeartbeat - 60 total (1 active), Execution time: mean = 0.20ms, total = 11.83ms, Queueing time: mean = 0.05ms, max = 0.11ms, min = 0.02ms, total = 2.90ms
	CoreWorker.ExitIfParentRayletDies - 60 total (1 active), Execution time: mean = 0.01ms, total = 0.74ms, Queueing time: mean = 0.06ms, max = 0.12ms, min = 0.01ms, total = 3.30ms
	CoreWorker.RecordMetrics - 12 total (1 active), Execution time: mean = 0.06ms, total = 0.71ms, Queueing time: mean = 0.03ms, max = 0.07ms, min = 0.01ms, total = 0.38ms
	PeriodicalRunner.RunFnPeriodically - 7 total (0 active), Execution time: mean = 0.16ms, total = 1.13ms, Queueing time: mean = 0.44ms, max = 1.11ms, min = 0.01ms, total = 3.08ms
	CoreWorker.TryDelPendingObjectRefStreams - 6 total (1 active), Execution time: mean = 0.01ms, total = 0.05ms, Queueing time: mean = 0.05ms, max = 0.08ms, min = 0.05ms, total = 0.32ms
	CoreWorkerService.grpc_server.GetCoreWorkerStats.HandleRequestImpl - 4 total (0 active), Execution time: mean = 0.11ms, total = 0.43ms, Queueing time: mean = 0.03ms, max = 0.03ms, min = 0.02ms, total = 0.11ms
	CoreWorkerService.grpc_server.GetCoreWorkerStats - 4 total (0 active), Execution time: mean = 0.31ms, total = 1.23ms, Queueing time: mean = 0.00ms, max = -0.00ms, min = 9223372036854.78ms, total = 0.00ms
	ReporterService.grpc_client.HealthCheck.OnReplyReceived - 2 total (0 active), Execution time: mean = 0.19ms, total = 0.38ms, Queueing time: mean = 0.34ms, max = 0.62ms, min = 0.07ms, total = 0.69ms
	ReporterService.grpc_client.HealthCheck - 2 total (0 active), Execution time: mean = 0.99ms, total = 1.98ms, Queueing time: mean = 0.00ms, max = -0.00ms, min = 9223372036854.78ms, total = 0.00ms
	MetricsAgentClient.WaitForServerReadyWithRetry - 1 total (0 active), Execution time: mean = 0.21ms, total = 0.21ms, Queueing time: mean = 1000.03ms, max = 1000.03ms, min = 1000.03ms, total = 1000.03ms
	ray::rpc::WorkerInfoGcsService.grpc_client.AddWorkerInfo.OnReplyReceived - 1 total (0 active), Execution time: mean = 0.03ms, total = 0.03ms, Queueing time: mean = 0.69ms, max = 0.69ms, min = 0.69ms, total = 0.69ms
	Publisher.CheckDeadSubscribers - 1 total (1 active), Execution time: mean = 0.00ms, total = 0.00ms, Queueing time: mean = 0.00ms, max = -0.00ms, min = 9223372036854.78ms, total = 0.00ms
	ray::rpc::WorkerInfoGcsService.grpc_client.AddWorkerInfo - 1 total (0 active), Execution time: mean = 0.72ms, total = 0.72ms, Queueing time: mean = 0.00ms, max = -0.00ms, min = 9223372036854.78ms, total = 0.00ms
	ray::rpc::InternalPubSubGcsService.grpc_client.GcsSubscriberPoll - 1 total (1 active), Execution time: mean = 0.00ms, total = 0.00ms, Queueing time: mean = 0.00ms, max = -0.00ms, min = 9223372036854.78ms, total = 0.00ms
	CoreWorker.PrintEventStats - 1 total (1 active, 1 running), Execution time: mean = 0.00ms, total = 0.00ms, Queueing time: mean = 0.00ms, max = -0.00ms, min = 9223372036854.78ms, total = 0.00ms
	ray::rpc::InternalPubSubGcsService.grpc_client.GcsSubscriberCommandBatch - 1 total (0 active), Execution time: mean = 0.61ms, total = 0.61ms, Queueing time: mean = 0.00ms, max = -0.00ms, min = 9223372036854.78ms, total = 0.00ms
	ray::rpc::NodeInfoGcsService.grpc_client.GetAllNodeAddressAndLiveness - 1 total (0 active), Execution time: mean = 0.66ms, total = 0.66ms, Queueing time: mean = 0.00ms, max = -0.00ms, min = 9223372036854.78ms, total = 0.00ms
	ray::rpc::NodeInfoGcsService.grpc_client.GetAllNodeAddressAndLiveness.OnReplyReceived - 1 total (0 active), Execution time: mean = 0.05ms, total = 0.05ms, Queueing time: mean = 0.02ms, max = 0.02ms, min = 0.02ms, total = 0.02ms
	ray::rpc::InternalPubSubGcsService.grpc_client.GcsSubscriberCommandBatch.OnReplyReceived - 1 total (0 active), Execution time: mean = 0.15ms, total = 0.15ms, Queueing time: mean = 0.71ms, max = 0.71ms, min = 0.71ms, total = 0.71ms

-----------------
Task execution event stats:

Global stats: 5942 total (1 active)
Queueing time: mean = 0.09ms, max = 14.05ms, min = 0.00ms, total = 526.28ms
Execution time:  mean = 0.02ms, total = 98.31ms
Event stats:
	CoreWorker.CheckSignal - 5941 total (1 active), Execution time: mean = 0.02ms, total = 98.29ms, Queueing time: mean = 0.09ms, max = 14.05ms, min = 0.00ms, total = 526.28ms
	PeriodicalRunner.RunFnPeriodically - 1 total (0 active), Execution time: mean = 0.02ms, total = 0.02ms, Queueing time: mean = 0.01ms, max = 0.01ms, min = 0.01ms, total = 0.01ms

-----------------
Task Event stats:

IO Service Stats:

Global stats: 181 total (1 active)
Queueing time: mean = 0.03ms, max = 0.12ms, min = 0.01ms, total = 5.64ms
Execution time:  mean = 0.34ms, total = 62.41ms
Event stats:
	CoreWorker.deadline_timer.flush_task_events - 60 total (1 active), Execution time: mean = 0.22ms, total = 13.06ms, Queueing time: mean = 0.07ms, max = 0.11ms, min = 0.02ms, total = 3.91ms
	ray::rpc::TaskInfoGcsService.grpc_client.AddTaskEventData - 60 total (0 active), Execution time: mean = 0.78ms, total = 47.04ms, Queueing time: mean = 0.00ms, max = -0.00ms, min = 9223372036854.78ms, total = 0.00ms
	ray::rpc::TaskInfoGcsService.grpc_client.AddTaskEventData.OnReplyReceived - 60 total (0 active), Execution time: mean = 0.03ms, total = 1.98ms, Queueing time: mean = 0.03ms, max = 0.12ms, min = 0.01ms, total = 1.72ms
	PeriodicalRunner.RunFnPeriodically - 1 total (0 active), Execution time: mean = 0.32ms, total = 0.32ms, Queueing time: mean = 0.01ms, max = 0.01ms, min = 0.01ms, total = 0.01ms
Other Stats:
	gcs_grpc_in_progress:0
	event_aggregator_grpc_in_progress:0
	current number of task status events in buffer: 0
	current number of profile events in buffer: 0
	current number of dropped task attempts tracked: 0
	total task events sent: 0 MiB
	total number of task attempts sent: 0
	total number of task attempts dropped reported: 0
	total number of sent failure: 0
	num status task events dropped: 0
	num profile task events dropped: 0
	num ray task events reported to aggregator: 0
	num ray task events failed to report to aggregator: 0
	num of task attempts dropped reported to aggregator: 0
	num of failed requests to aggregator: 0

[2026-01-26 22:41:34,675 I 2695413 2697364] core_worker.cc:455: Event stats:


Global stats: 1754 total (8 active)
Queueing time: mean = 0.62ms, max = 1000.03ms, min = 0.01ms, total = 1091.81ms
Execution time:  mean = 0.09ms, total = 149.21ms
Event stats:
	CoreWorker.RecoverObjects - 1200 total (1 active), Execution time: mean = 0.01ms, total = 11.99ms, Queueing time: mean = 0.06ms, max = 0.17ms, min = 0.01ms, total = 67.90ms
	NodeManagerService.grpc_client.ReportWorkerBacklog.OnReplyReceived - 120 total (0 active), Execution time: mean = 0.03ms, total = 3.30ms, Queueing time: mean = 0.03ms, max = 0.07ms, min = 0.01ms, total = 3.88ms
	NodeManagerService.grpc_client.ReportWorkerBacklog - 120 total (0 active), Execution time: mean = 0.81ms, total = 97.16ms, Queueing time: mean = 0.00ms, max = -0.00ms, min = 9223372036854.78ms, total = 0.00ms
	CoreWorker.InternalHeartbeat - 120 total (1 active), Execution time: mean = 0.20ms, total = 23.86ms, Queueing time: mean = 0.05ms, max = 0.11ms, min = 0.02ms, total = 6.15ms
	CoreWorker.ExitIfParentRayletDies - 120 total (1 active), Execution time: mean = 0.01ms, total = 1.43ms, Queueing time: mean = 0.06ms, max = 0.12ms, min = 0.01ms, total = 6.77ms
	CoreWorker.RecordMetrics - 24 total (1 active), Execution time: mean = 0.06ms, total = 1.52ms, Queueing time: mean = 0.04ms, max = 0.08ms, min = 0.01ms, total = 1.08ms
	CoreWorker.TryDelPendingObjectRefStreams - 12 total (1 active), Execution time: mean = 0.01ms, total = 0.09ms, Queueing time: mean = 0.05ms, max = 0.08ms, min = 0.02ms, total = 0.58ms
	CoreWorkerService.grpc_server.GetCoreWorkerStats.HandleRequestImpl - 8 total (0 active), Execution time: mean = 0.10ms, total = 0.76ms, Queueing time: mean = 0.03ms, max = 0.03ms, min = 0.02ms, total = 0.22ms
	CoreWorkerService.grpc_server.GetCoreWorkerStats - 8 total (0 active), Execution time: mean = 0.31ms, total = 2.46ms, Queueing time: mean = 0.00ms, max = -0.00ms, min = 9223372036854.78ms, total = 0.00ms
	PeriodicalRunner.RunFnPeriodically - 7 total (0 active), Execution time: mean = 0.16ms, total = 1.13ms, Queueing time: mean = 0.44ms, max = 1.11ms, min = 0.01ms, total = 3.08ms
	ReporterService.grpc_client.HealthCheck.OnReplyReceived - 2 total (0 active), Execution time: mean = 0.19ms, total = 0.38ms, Queueing time: mean = 0.34ms, max = 0.62ms, min = 0.07ms, total = 0.69ms
	CoreWorker.PrintEventStats - 2 total (1 active, 1 running), Execution time: mean = 0.36ms, total = 0.71ms, Queueing time: mean = 0.02ms, max = 0.05ms, min = 0.05ms, total = 0.05ms
	ReporterService.grpc_client.HealthCheck - 2 total (0 active), Execution time: mean = 0.99ms, total = 1.98ms, Queueing time: mean = 0.00ms, max = -0.00ms, min = 9223372036854.78ms, total = 0.00ms
	MetricsAgentClient.WaitForServerReadyWithRetry - 1 total (0 active), Execution time: mean = 0.21ms, total = 0.21ms, Queueing time: mean = 1000.03ms, max = 1000.03ms, min = 1000.03ms, total = 1000.03ms
	ray::rpc::WorkerInfoGcsService.grpc_client.AddWorkerInfo.OnReplyReceived - 1 total (0 active), Execution time: mean = 0.03ms, total = 0.03ms, Queueing time: mean = 0.69ms, max = 0.69ms, min = 0.69ms, total = 0.69ms
	Publisher.CheckDeadSubscribers - 1 total (1 active), Execution time: mean = 0.00ms, total = 0.00ms, Queueing time: mean = 0.00ms, max = -0.00ms, min = 9223372036854.78ms, total = 0.00ms
	ray::rpc::WorkerInfoGcsService.grpc_client.AddWorkerInfo - 1 total (0 active), Execution time: mean = 0.72ms, total = 0.72ms, Queueing time: mean = 0.00ms, max = -0.00ms, min = 9223372036854.78ms, total = 0.00ms
	ray::rpc::InternalPubSubGcsService.grpc_client.GcsSubscriberPoll - 1 total (1 active), Execution time: mean = 0.00ms, total = 0.00ms, Queueing time: mean = 0.00ms, max = -0.00ms, min = 9223372036854.78ms, total = 0.00ms
	ray::rpc::InternalPubSubGcsService.grpc_client.GcsSubscriberCommandBatch - 1 total (0 active), Execution time: mean = 0.61ms, total = 0.61ms, Queueing time: mean = 0.00ms, max = -0.00ms, min = 9223372036854.78ms, total = 0.00ms
	ray::rpc::NodeInfoGcsService.grpc_client.GetAllNodeAddressAndLiveness - 1 total (0 active), Execution time: mean = 0.66ms, total = 0.66ms, Queueing time: mean = 0.00ms, max = -0.00ms, min = 9223372036854.78ms, total = 0.00ms
	ray::rpc::NodeInfoGcsService.grpc_client.GetAllNodeAddressAndLiveness.OnReplyReceived - 1 total (0 active), Execution time: mean = 0.05ms, total = 0.05ms, Queueing time: mean = 0.02ms, max = 0.02ms, min = 0.02ms, total = 0.02ms
	ray::rpc::InternalPubSubGcsService.grpc_client.GcsSubscriberCommandBatch.OnReplyReceived - 1 total (0 active), Execution time: mean = 0.15ms, total = 0.15ms, Queueing time: mean = 0.71ms, max = 0.71ms, min = 0.71ms, total = 0.71ms

-----------------
Task execution event stats:

Global stats: 11901 total (1 active)
Queueing time: mean = 0.07ms, max = 14.05ms, min = 0.00ms, total = 872.89ms
Execution time:  mean = 0.02ms, total = 194.88ms
Event stats:
	CoreWorker.CheckSignal - 11900 total (1 active), Execution time: mean = 0.02ms, total = 194.86ms, Queueing time: mean = 0.07ms, max = 14.05ms, min = 0.00ms, total = 872.88ms
	PeriodicalRunner.RunFnPeriodically - 1 total (0 active), Execution time: mean = 0.02ms, total = 0.02ms, Queueing time: mean = 0.01ms, max = 0.01ms, min = 0.01ms, total = 0.01ms

-----------------
Task Event stats:

IO Service Stats:

Global stats: 361 total (1 active)
Queueing time: mean = 0.03ms, max = 0.12ms, min = 0.01ms, total = 10.99ms
Execution time:  mean = 0.34ms, total = 122.92ms
Event stats:
	CoreWorker.deadline_timer.flush_task_events - 120 total (1 active), Execution time: mean = 0.22ms, total = 26.44ms, Queueing time: mean = 0.06ms, max = 0.12ms, min = 0.02ms, total = 7.36ms
	ray::rpc::TaskInfoGcsService.grpc_client.AddTaskEventData - 120 total (0 active), Execution time: mean = 0.77ms, total = 92.02ms, Queueing time: mean = 0.00ms, max = -0.00ms, min = 9223372036854.78ms, total = 0.00ms
	ray::rpc::TaskInfoGcsService.grpc_client.AddTaskEventData.OnReplyReceived - 120 total (0 active), Execution time: mean = 0.03ms, total = 4.14ms, Queueing time: mean = 0.03ms, max = 0.12ms, min = 0.01ms, total = 3.63ms
	PeriodicalRunner.RunFnPeriodically - 1 total (0 active), Execution time: mean = 0.32ms, total = 0.32ms, Queueing time: mean = 0.01ms, max = 0.01ms, min = 0.01ms, total = 0.01ms
Other Stats:
	gcs_grpc_in_progress:0
	event_aggregator_grpc_in_progress:0
	current number of task status events in buffer: 0
	current number of profile events in buffer: 0
	current number of dropped task attempts tracked: 0
	total task events sent: 0 MiB
	total number of task attempts sent: 0
	total number of task attempts dropped reported: 0
	total number of sent failure: 0
	num status task events dropped: 0
	num profile task events dropped: 0
	num ray task events reported to aggregator: 0
	num ray task events failed to report to aggregator: 0
	num of task attempts dropped reported to aggregator: 0
	num of failed requests to aggregator: 0

[2026-01-26 22:42:34,676 I 2695413 2697364] core_worker.cc:455: Event stats:


Global stats: 2620 total (8 active)
Queueing time: mean = 0.43ms, max = 1000.03ms, min = 0.01ms, total = 1136.97ms
Execution time:  mean = 0.08ms, total = 219.60ms
Event stats:
	CoreWorker.RecoverObjects - 1799 total (1 active), Execution time: mean = 0.01ms, total = 17.66ms, Queueing time: mean = 0.06ms, max = 0.17ms, min = 0.01ms, total = 102.52ms
	NodeManagerService.grpc_client.ReportWorkerBacklog.OnReplyReceived - 180 total (0 active), Execution time: mean = 0.03ms, total = 5.16ms, Queueing time: mean = 0.03ms, max = 0.07ms, min = 0.01ms, total = 6.10ms
	NodeManagerService.grpc_client.ReportWorkerBacklog - 180 total (0 active), Execution time: mean = 0.80ms, total = 143.97ms, Queueing time: mean = 0.00ms, max = -0.00ms, min = 9223372036854.78ms, total = 0.00ms
	CoreWorker.InternalHeartbeat - 180 total (1 active), Execution time: mean = 0.20ms, total = 36.02ms, Queueing time: mean = 0.05ms, max = 0.11ms, min = 0.02ms, total = 9.60ms
	CoreWorker.ExitIfParentRayletDies - 180 total (1 active), Execution time: mean = 0.01ms, total = 2.10ms, Queueing time: mean = 0.06ms, max = 0.12ms, min = 0.01ms, total = 10.23ms
	CoreWorker.RecordMetrics - 36 total (1 active), Execution time: mean = 0.06ms, total = 2.28ms, Queueing time: mean = 0.05ms, max = 0.08ms, min = 0.01ms, total = 1.79ms
	CoreWorker.TryDelPendingObjectRefStreams - 18 total (1 active), Execution time: mean = 0.01ms, total = 0.13ms, Queueing time: mean = 0.06ms, max = 0.19ms, min = 0.02ms, total = 1.07ms
	CoreWorkerService.grpc_server.GetCoreWorkerStats.HandleRequestImpl - 12 total (0 active), Execution time: mean = 0.09ms, total = 1.10ms, Queueing time: mean = 0.03ms, max = 0.03ms, min = 0.02ms, total = 0.33ms
	CoreWorkerService.grpc_server.GetCoreWorkerStats - 12 total (0 active), Execution time: mean = 0.32ms, total = 3.87ms, Queueing time: mean = 0.00ms, max = -0.00ms, min = 9223372036854.78ms, total = 0.00ms
	PeriodicalRunner.RunFnPeriodically - 7 total (0 active), Execution time: mean = 0.16ms, total = 1.13ms, Queueing time: mean = 0.44ms, max = 1.11ms, min = 0.01ms, total = 3.08ms
	CoreWorker.PrintEventStats - 3 total (1 active, 1 running), Execution time: mean = 0.47ms, total = 1.40ms, Queueing time: mean = 0.04ms, max = 0.07ms, min = 0.05ms, total = 0.12ms
	ReporterService.grpc_client.HealthCheck.OnReplyReceived - 2 total (0 active), Execution time: mean = 0.19ms, total = 0.38ms, Queueing time: mean = 0.34ms, max = 0.62ms, min = 0.07ms, total = 0.69ms
	ReporterService.grpc_client.HealthCheck - 2 total (0 active), Execution time: mean = 0.99ms, total = 1.98ms, Queueing time: mean = 0.00ms, max = -0.00ms, min = 9223372036854.78ms, total = 0.00ms
	MetricsAgentClient.WaitForServerReadyWithRetry - 1 total (0 active), Execution time: mean = 0.21ms, total = 0.21ms, Queueing time: mean = 1000.03ms, max = 1000.03ms, min = 1000.03ms, total = 1000.03ms
	ray::rpc::WorkerInfoGcsService.grpc_client.AddWorkerInfo.OnReplyReceived - 1 total (0 active), Execution time: mean = 0.03ms, total = 0.03ms, Queueing time: mean = 0.69ms, max = 0.69ms, min = 0.69ms, total = 0.69ms
	Publisher.CheckDeadSubscribers - 1 total (1 active), Execution time: mean = 0.00ms, total = 0.00ms, Queueing time: mean = 0.00ms, max = -0.00ms, min = 9223372036854.78ms, total = 0.00ms
	ray::rpc::WorkerInfoGcsService.grpc_client.AddWorkerInfo - 1 total (0 active), Execution time: mean = 0.72ms, total = 0.72ms, Queueing time: mean = 0.00ms, max = -0.00ms, min = 9223372036854.78ms, total = 0.00ms
	ray::rpc::InternalPubSubGcsService.grpc_client.GcsSubscriberPoll - 1 total (1 active), Execution time: mean = 0.00ms, total = 0.00ms, Queueing time: mean = 0.00ms, max = -0.00ms, min = 9223372036854.78ms, total = 0.00ms
	ray::rpc::InternalPubSubGcsService.grpc_client.GcsSubscriberCommandBatch - 1 total (0 active), Execution time: mean = 0.61ms, total = 0.61ms, Queueing time: mean = 0.00ms, max = -0.00ms, min = 9223372036854.78ms, total = 0.00ms
	ray::rpc::NodeInfoGcsService.grpc_client.GetAllNodeAddressAndLiveness - 1 total (0 active), Execution time: mean = 0.66ms, total = 0.66ms, Queueing time: mean = 0.00ms, max = -0.00ms, min = 9223372036854.78ms, total = 0.00ms
	ray::rpc::NodeInfoGcsService.grpc_client.GetAllNodeAddressAndLiveness.OnReplyReceived - 1 total (0 active), Execution time: mean = 0.05ms, total = 0.05ms, Queueing time: mean = 0.02ms, max = 0.02ms, min = 0.02ms, total = 0.02ms
	ray::rpc::InternalPubSubGcsService.grpc_client.GcsSubscriberCommandBatch.OnReplyReceived - 1 total (0 active), Execution time: mean = 0.15ms, total = 0.15ms, Queueing time: mean = 0.71ms, max = 0.71ms, min = 0.71ms, total = 0.71ms

-----------------
Task execution event stats:

Global stats: 17859 total (1 active)
Queueing time: mean = 0.07ms, max = 14.05ms, min = 0.00ms, total = 1224.90ms
Execution time:  mean = 0.02ms, total = 293.85ms
Event stats:
	CoreWorker.CheckSignal - 17858 total (1 active), Execution time: mean = 0.02ms, total = 293.83ms, Queueing time: mean = 0.07ms, max = 14.05ms, min = 0.00ms, total = 1224.90ms
	PeriodicalRunner.RunFnPeriodically - 1 total (0 active), Execution time: mean = 0.02ms, total = 0.02ms, Queueing time: mean = 0.01ms, max = 0.01ms, min = 0.01ms, total = 0.01ms

-----------------
Task Event stats:

IO Service Stats:

Global stats: 541 total (1 active)
Queueing time: mean = 0.03ms, max = 0.12ms, min = 0.01ms, total = 17.02ms
Execution time:  mean = 0.34ms, total = 185.39ms
Event stats:
	CoreWorker.deadline_timer.flush_task_events - 180 total (1 active), Execution time: mean = 0.22ms, total = 39.66ms, Queueing time: mean = 0.06ms, max = 0.12ms, min = 0.02ms, total = 10.74ms
	ray::rpc::TaskInfoGcsService.grpc_client.AddTaskEventData - 180 total (0 active), Execution time: mean = 0.77ms, total = 139.05ms, Queueing time: mean = 0.00ms, max = -0.00ms, min = 9223372036854.78ms, total = 0.00ms
	ray::rpc::TaskInfoGcsService.grpc_client.AddTaskEventData.OnReplyReceived - 180 total (0 active), Execution time: mean = 0.04ms, total = 6.36ms, Queueing time: mean = 0.03ms, max = 0.12ms, min = 0.01ms, total = 6.27ms
	PeriodicalRunner.RunFnPeriodically - 1 total (0 active), Execution time: mean = 0.32ms, total = 0.32ms, Queueing time: mean = 0.01ms, max = 0.01ms, min = 0.01ms, total = 0.01ms
Other Stats:
	gcs_grpc_in_progress:0
	event_aggregator_grpc_in_progress:0
	current number of task status events in buffer: 0
	current number of profile events in buffer: 0
	current number of dropped task attempts tracked: 0
	total task events sent: 0 MiB
	total number of task attempts sent: 0
	total number of task attempts dropped reported: 0
	total number of sent failure: 0
	num status task events dropped: 0
	num profile task events dropped: 0
	num ray task events reported to aggregator: 0
	num ray task events failed to report to aggregator: 0
	num of task attempts dropped reported to aggregator: 0
	num of failed requests to aggregator: 0

[2026-01-26 22:43:34,677 I 2695413 2697364] core_worker.cc:455: Event stats:


Global stats: 3487 total (8 active)
Queueing time: mean = 0.34ms, max = 1000.03ms, min = 0.01ms, total = 1182.42ms
Execution time:  mean = 0.08ms, total = 295.80ms
Event stats:
	CoreWorker.RecoverObjects - 2399 total (1 active), Execution time: mean = 0.01ms, total = 23.12ms, Queueing time: mean = 0.06ms, max = 0.17ms, min = 0.01ms, total = 136.54ms
	NodeManagerService.grpc_client.ReportWorkerBacklog.OnReplyReceived - 240 total (0 active), Execution time: mean = 0.03ms, total = 7.07ms, Queueing time: mean = 0.04ms, max = 0.07ms, min = 0.01ms, total = 8.79ms
	NodeManagerService.grpc_client.ReportWorkerBacklog - 240 total (0 active), Execution time: mean = 0.82ms, total = 196.44ms, Queueing time: mean = 0.00ms, max = -0.00ms, min = 9223372036854.78ms, total = 0.00ms
	CoreWorker.InternalHeartbeat - 240 total (1 active), Execution time: mean = 0.20ms, total = 48.52ms, Queueing time: mean = 0.05ms, max = 0.11ms, min = 0.02ms, total = 13.13ms
	CoreWorker.ExitIfParentRayletDies - 240 total (1 active), Execution time: mean = 0.01ms, total = 2.78ms, Queueing time: mean = 0.06ms, max = 0.12ms, min = 0.01ms, total = 13.67ms
	CoreWorker.RecordMetrics - 48 total (1 active), Execution time: mean = 0.06ms, total = 3.08ms, Queueing time: mean = 0.05ms, max = 0.08ms, min = 0.01ms, total = 2.61ms
	CoreWorker.TryDelPendingObjectRefStreams - 24 total (1 active), Execution time: mean = 0.01ms, total = 0.16ms, Queueing time: mean = 0.08ms, max = 0.44ms, min = 0.02ms, total = 1.84ms
	CoreWorkerService.grpc_server.GetCoreWorkerStats.HandleRequestImpl - 16 total (0 active), Execution time: mean = 0.09ms, total = 1.45ms, Queueing time: mean = 0.03ms, max = 0.06ms, min = 0.02ms, total = 0.46ms
	CoreWorkerService.grpc_server.GetCoreWorkerStats - 16 total (0 active), Execution time: mean = 0.32ms, total = 5.15ms, Queueing time: mean = 0.00ms, max = -0.00ms, min = 9223372036854.78ms, total = 0.00ms
	PeriodicalRunner.RunFnPeriodically - 7 total (0 active), Execution time: mean = 0.16ms, total = 1.13ms, Queueing time: mean = 0.44ms, max = 1.11ms, min = 0.01ms, total = 3.08ms
	CoreWorker.PrintEventStats - 4 total (1 active, 1 running), Execution time: mean = 0.53ms, total = 2.11ms, Queueing time: mean = 0.05ms, max = 0.07ms, min = 0.05ms, total = 0.18ms
	ReporterService.grpc_client.HealthCheck.OnReplyReceived - 2 total (0 active), Execution time: mean = 0.19ms, total = 0.38ms, Queueing time: mean = 0.34ms, max = 0.62ms, min = 0.07ms, total = 0.69ms
	ReporterService.grpc_client.HealthCheck - 2 total (0 active), Execution time: mean = 0.99ms, total = 1.98ms, Queueing time: mean = 0.00ms, max = -0.00ms, min = 9223372036854.78ms, total = 0.00ms
	MetricsAgentClient.WaitForServerReadyWithRetry - 1 total (0 active), Execution time: mean = 0.21ms, total = 0.21ms, Queueing time: mean = 1000.03ms, max = 1000.03ms, min = 1000.03ms, total = 1000.03ms
	ray::rpc::WorkerInfoGcsService.grpc_client.AddWorkerInfo.OnReplyReceived - 1 total (0 active), Execution time: mean = 0.03ms, total = 0.03ms, Queueing time: mean = 0.69ms, max = 0.69ms, min = 0.69ms, total = 0.69ms
	Publisher.CheckDeadSubscribers - 1 total (1 active), Execution time: mean = 0.00ms, total = 0.00ms, Queueing time: mean = 0.00ms, max = -0.00ms, min = 9223372036854.78ms, total = 0.00ms
	ray::rpc::WorkerInfoGcsService.grpc_client.AddWorkerInfo - 1 total (0 active), Execution time: mean = 0.72ms, total = 0.72ms, Queueing time: mean = 0.00ms, max = -0.00ms, min = 9223372036854.78ms, total = 0.00ms
	ray::rpc::InternalPubSubGcsService.grpc_client.GcsSubscriberPoll - 1 total (1 active), Execution time: mean = 0.00ms, total = 0.00ms, Queueing time: mean = 0.00ms, max = -0.00ms, min = 9223372036854.78ms, total = 0.00ms
	ray::rpc::InternalPubSubGcsService.grpc_client.GcsSubscriberCommandBatch - 1 total (0 active), Execution time: mean = 0.61ms, total = 0.61ms, Queueing time: mean = 0.00ms, max = -0.00ms, min = 9223372036854.78ms, total = 0.00ms
	ray::rpc::NodeInfoGcsService.grpc_client.GetAllNodeAddressAndLiveness - 1 total (0 active), Execution time: mean = 0.66ms, total = 0.66ms, Queueing time: mean = 0.00ms, max = -0.00ms, min = 9223372036854.78ms, total = 0.00ms
	ray::rpc::NodeInfoGcsService.grpc_client.GetAllNodeAddressAndLiveness.OnReplyReceived - 1 total (0 active), Execution time: mean = 0.05ms, total = 0.05ms, Queueing time: mean = 0.02ms, max = 0.02ms, min = 0.02ms, total = 0.02ms
	ray::rpc::InternalPubSubGcsService.grpc_client.GcsSubscriberCommandBatch.OnReplyReceived - 1 total (0 active), Execution time: mean = 0.15ms, total = 0.15ms, Queueing time: mean = 0.71ms, max = 0.71ms, min = 0.71ms, total = 0.71ms

-----------------
Task execution event stats:

Global stats: 23818 total (1 active)
Queueing time: mean = 0.07ms, max = 14.05ms, min = 0.00ms, total = 1575.90ms
Execution time:  mean = 0.02ms, total = 394.12ms
Event stats:
	CoreWorker.CheckSignal - 23817 total (1 active), Execution time: mean = 0.02ms, total = 394.11ms, Queueing time: mean = 0.07ms, max = 14.05ms, min = 0.00ms, total = 1575.90ms
	PeriodicalRunner.RunFnPeriodically - 1 total (0 active), Execution time: mean = 0.02ms, total = 0.02ms, Queueing time: mean = 0.01ms, max = 0.01ms, min = 0.01ms, total = 0.01ms

-----------------
Task Event stats:

IO Service Stats:

Global stats: 721 total (1 active)
Queueing time: mean = 0.03ms, max = 0.12ms, min = 0.01ms, total = 23.03ms
Execution time:  mean = 0.34ms, total = 246.68ms
Event stats:
	CoreWorker.deadline_timer.flush_task_events - 240 total (1 active), Execution time: mean = 0.22ms, total = 52.40ms, Queueing time: mean = 0.06ms, max = 0.12ms, min = 0.02ms, total = 14.16ms
	ray::rpc::TaskInfoGcsService.grpc_client.AddTaskEventData - 240 total (0 active), Execution time: mean = 0.77ms, total = 185.41ms, Queueing time: mean = 0.00ms, max = -0.00ms, min = 9223372036854.78ms, total = 0.00ms
	ray::rpc::TaskInfoGcsService.grpc_client.AddTaskEventData.OnReplyReceived - 240 total (0 active), Execution time: mean = 0.04ms, total = 8.55ms, Queueing time: mean = 0.04ms, max = 0.12ms, min = 0.01ms, total = 8.86ms
	PeriodicalRunner.RunFnPeriodically - 1 total (0 active), Execution time: mean = 0.32ms, total = 0.32ms, Queueing time: mean = 0.01ms, max = 0.01ms, min = 0.01ms, total = 0.01ms
Other Stats:
	gcs_grpc_in_progress:0
	event_aggregator_grpc_in_progress:0
	current number of task status events in buffer: 0
	current number of profile events in buffer: 0
	current number of dropped task attempts tracked: 0
	total task events sent: 0 MiB
	total number of task attempts sent: 0
	total number of task attempts dropped reported: 0
	total number of sent failure: 0
	num status task events dropped: 0
	num profile task events dropped: 0
	num ray task events reported to aggregator: 0
	num ray task events failed to report to aggregator: 0
	num of task attempts dropped reported to aggregator: 0
	num of failed requests to aggregator: 0

[2026-01-26 22:44:34,678 I 2695413 2697364] core_worker.cc:455: Event stats:


Global stats: 4355 total (8 active)
Queueing time: mean = 0.28ms, max = 1000.03ms, min = 0.01ms, total = 1226.24ms
Execution time:  mean = 0.09ms, total = 370.56ms
Event stats:
	CoreWorker.RecoverObjects - 2999 total (1 active), Execution time: mean = 0.01ms, total = 28.73ms, Queueing time: mean = 0.06ms, max = 0.17ms, min = 0.01ms, total = 170.28ms
	NodeManagerService.grpc_client.ReportWorkerBacklog.OnReplyReceived - 300 total (0 active), Execution time: mean = 0.03ms, total = 8.90ms, Queueing time: mean = 0.04ms, max = 0.07ms, min = 0.01ms, total = 11.30ms
	NodeManagerService.grpc_client.ReportWorkerBacklog - 300 total (0 active), Execution time: mean = 0.83ms, total = 248.24ms, Queueing time: mean = 0.00ms, max = -0.00ms, min = 9223372036854.78ms, total = 0.00ms
	CoreWorker.InternalHeartbeat - 300 total (1 active), Execution time: mean = 0.20ms, total = 60.41ms, Queueing time: mean = 0.05ms, max = 0.11ms, min = 0.02ms, total = 16.33ms
	CoreWorker.ExitIfParentRayletDies - 300 total (1 active), Execution time: mean = 0.01ms, total = 3.44ms, Queueing time: mean = 0.06ms, max = 0.12ms, min = 0.01ms, total = 16.79ms
	CoreWorker.RecordMetrics - 60 total (1 active), Execution time: mean = 0.06ms, total = 3.82ms, Queueing time: mean = 0.05ms, max = 0.08ms, min = 0.01ms, total = 3.16ms
	CoreWorker.TryDelPendingObjectRefStreams - 30 total (1 active), Execution time: mean = 0.01ms, total = 0.21ms, Queueing time: mean = 0.08ms, max = 0.44ms, min = 0.02ms, total = 2.34ms
	CoreWorkerService.grpc_server.GetCoreWorkerStats.HandleRequestImpl - 20 total (0 active), Execution time: mean = 0.09ms, total = 1.78ms, Queueing time: mean = 0.03ms, max = 0.06ms, min = 0.02ms, total = 0.56ms
	CoreWorkerService.grpc_server.GetCoreWorkerStats - 20 total (0 active), Execution time: mean = 0.32ms, total = 6.41ms, Queueing time: mean = 0.00ms, max = -0.00ms, min = 9223372036854.78ms, total = 0.00ms
	PeriodicalRunner.RunFnPeriodically - 7 total (0 active), Execution time: mean = 0.16ms, total = 1.13ms, Queueing time: mean = 0.44ms, max = 1.11ms, min = 0.01ms, total = 3.08ms
	CoreWorker.PrintEventStats - 5 total (1 active, 1 running), Execution time: mean = 0.54ms, total = 2.68ms, Queueing time: mean = 0.04ms, max = 0.07ms, min = 0.04ms, total = 0.22ms
	ReporterService.grpc_client.HealthCheck.OnReplyReceived - 2 total (0 active), Execution time: mean = 0.19ms, total = 0.38ms, Queueing time: mean = 0.34ms, max = 0.62ms, min = 0.07ms, total = 0.69ms
	Publisher.CheckDeadSubscribers - 2 total (1 active), Execution time: mean = 0.00ms, total = 0.01ms, Queueing time: mean = 0.02ms, max = 0.05ms, min = 0.05ms, total = 0.05ms
	ReporterService.grpc_client.HealthCheck - 2 total (0 active), Execution time: mean = 0.99ms, total = 1.98ms, Queueing time: mean = 0.00ms, max = -0.00ms, min = 9223372036854.78ms, total = 0.00ms
	MetricsAgentClient.WaitForServerReadyWithRetry - 1 total (0 active), Execution time: mean = 0.21ms, total = 0.21ms, Queueing time: mean = 1000.03ms, max = 1000.03ms, min = 1000.03ms, total = 1000.03ms
	ray::rpc::WorkerInfoGcsService.grpc_client.AddWorkerInfo.OnReplyReceived - 1 total (0 active), Execution time: mean = 0.03ms, total = 0.03ms, Queueing time: mean = 0.69ms, max = 0.69ms, min = 0.69ms, total = 0.69ms
	ray::rpc::WorkerInfoGcsService.grpc_client.AddWorkerInfo - 1 total (0 active), Execution time: mean = 0.72ms, total = 0.72ms, Queueing time: mean = 0.00ms, max = -0.00ms, min = 9223372036854.78ms, total = 0.00ms
	ray::rpc::InternalPubSubGcsService.grpc_client.GcsSubscriberPoll - 1 total (1 active), Execution time: mean = 0.00ms, total = 0.00ms, Queueing time: mean = 0.00ms, max = -0.00ms, min = 9223372036854.78ms, total = 0.00ms
	ray::rpc::InternalPubSubGcsService.grpc_client.GcsSubscriberCommandBatch - 1 total (0 active), Execution time: mean = 0.61ms, total = 0.61ms, Queueing time: mean = 0.00ms, max = -0.00ms, min = 9223372036854.78ms, total = 0.00ms
	ray::rpc::NodeInfoGcsService.grpc_client.GetAllNodeAddressAndLiveness - 1 total (0 active), Execution time: mean = 0.66ms, total = 0.66ms, Queueing time: mean = 0.00ms, max = -0.00ms, min = 9223372036854.78ms, total = 0.00ms
	ray::rpc::NodeInfoGcsService.grpc_client.GetAllNodeAddressAndLiveness.OnReplyReceived - 1 total (0 active), Execution time: mean = 0.05ms, total = 0.05ms, Queueing time: mean = 0.02ms, max = 0.02ms, min = 0.02ms, total = 0.02ms
	ray::rpc::InternalPubSubGcsService.grpc_client.GcsSubscriberCommandBatch.OnReplyReceived - 1 total (0 active), Execution time: mean = 0.15ms, total = 0.15ms, Queueing time: mean = 0.71ms, max = 0.71ms, min = 0.71ms, total = 0.71ms

-----------------
Task execution event stats:

Global stats: 29777 total (1 active)
Queueing time: mean = 0.06ms, max = 14.05ms, min = 0.00ms, total = 1915.41ms
Execution time:  mean = 0.02ms, total = 494.91ms
Event stats:
	CoreWorker.CheckSignal - 29776 total (1 active), Execution time: mean = 0.02ms, total = 494.90ms, Queueing time: mean = 0.06ms, max = 14.05ms, min = 0.00ms, total = 1915.40ms
	PeriodicalRunner.RunFnPeriodically - 1 total (0 active), Execution time: mean = 0.02ms, total = 0.02ms, Queueing time: mean = 0.01ms, max = 0.01ms, min = 0.01ms, total = 0.01ms

-----------------
Task Event stats:

IO Service Stats:

Global stats: 901 total (1 active)
Queueing time: mean = 0.03ms, max = 0.12ms, min = 0.01ms, total = 29.04ms
Execution time:  mean = 0.34ms, total = 309.51ms
Event stats:
	CoreWorker.deadline_timer.flush_task_events - 300 total (1 active), Execution time: mean = 0.22ms, total = 65.33ms, Queueing time: mean = 0.06ms, max = 0.12ms, min = 0.02ms, total = 17.40ms
	ray::rpc::TaskInfoGcsService.grpc_client.AddTaskEventData - 300 total (0 active), Execution time: mean = 0.78ms, total = 233.05ms, Queueing time: mean = 0.00ms, max = -0.00ms, min = 9223372036854.78ms, total = 0.00ms
	ray::rpc::TaskInfoGcsService.grpc_client.AddTaskEventData.OnReplyReceived - 300 total (0 active), Execution time: mean = 0.04ms, total = 10.81ms, Queueing time: mean = 0.04ms, max = 0.12ms, min = 0.01ms, total = 11.63ms
	PeriodicalRunner.RunFnPeriodically - 1 total (0 active), Execution time: mean = 0.32ms, total = 0.32ms, Queueing time: mean = 0.01ms, max = 0.01ms, min = 0.01ms, total = 0.01ms
Other Stats:
	gcs_grpc_in_progress:0
	event_aggregator_grpc_in_progress:0
	current number of task status events in buffer: 0
	current number of profile events in buffer: 0
	current number of dropped task attempts tracked: 0
	total task events sent: 0 MiB
	total number of task attempts sent: 0
	total number of task attempts dropped reported: 0
	total number of sent failure: 0
	num status task events dropped: 0
	num profile task events dropped: 0
	num ray task events reported to aggregator: 0
	num ray task events failed to report to aggregator: 0
	num of task attempts dropped reported to aggregator: 0
	num of failed requests to aggregator: 0

[2026-01-26 22:45:34,678 I 2695413 2697364] core_worker.cc:455: Event stats:


Global stats: 5221 total (8 active)
Queueing time: mean = 0.24ms, max = 1000.03ms, min = 0.01ms, total = 1271.22ms
Execution time:  mean = 0.09ms, total = 444.53ms
Event stats:
	CoreWorker.RecoverObjects - 3598 total (1 active), Execution time: mean = 0.01ms, total = 34.41ms, Queueing time: mean = 0.06ms, max = 0.17ms, min = 0.01ms, total = 203.76ms
	NodeManagerService.grpc_client.ReportWorkerBacklog.OnReplyReceived - 360 total (0 active), Execution time: mean = 0.03ms, total = 10.77ms, Queueing time: mean = 0.04ms, max = 0.07ms, min = 0.01ms, total = 14.11ms
	NodeManagerService.grpc_client.ReportWorkerBacklog - 360 total (0 active), Execution time: mean = 0.83ms, total = 299.02ms, Queueing time: mean = 0.00ms, max = -0.00ms, min = 9223372036854.78ms, total = 0.00ms
	CoreWorker.InternalHeartbeat - 360 total (1 active), Execution time: mean = 0.20ms, total = 72.11ms, Queueing time: mean = 0.06ms, max = 0.11ms, min = 0.02ms, total = 19.91ms
	CoreWorker.ExitIfParentRayletDies - 360 total (1 active), Execution time: mean = 0.01ms, total = 4.15ms, Queueing time: mean = 0.06ms, max = 0.12ms, min = 0.01ms, total = 20.09ms
	CoreWorker.RecordMetrics - 72 total (1 active), Execution time: mean = 0.06ms, total = 4.58ms, Queueing time: mean = 0.05ms, max = 0.08ms, min = 0.01ms, total = 3.84ms
	CoreWorker.TryDelPendingObjectRefStreams - 36 total (1 active), Execution time: mean = 0.01ms, total = 0.24ms, Queueing time: mean = 0.09ms, max = 0.62ms, min = 0.02ms, total = 3.28ms
	CoreWorkerService.grpc_server.GetCoreWorkerStats.HandleRequestImpl - 24 total (0 active), Execution time: mean = 0.09ms, total = 2.13ms, Queueing time: mean = 0.03ms, max = 0.06ms, min = 0.02ms, total = 0.68ms
	CoreWorkerService.grpc_server.GetCoreWorkerStats - 24 total (0 active), Execution time: mean = 0.32ms, total = 7.69ms, Queueing time: mean = 0.00ms, max = -0.00ms, min = 9223372036854.78ms, total = 0.00ms
	PeriodicalRunner.RunFnPeriodically - 7 total (0 active), Execution time: mean = 0.16ms, total = 1.13ms, Queueing time: mean = 0.44ms, max = 1.11ms, min = 0.01ms, total = 3.08ms
	CoreWorker.PrintEventStats - 6 total (1 active, 1 running), Execution time: mean = 0.59ms, total = 3.51ms, Queueing time: mean = 0.05ms, max = 0.07ms, min = 0.04ms, total = 0.29ms
	ReporterService.grpc_client.HealthCheck.OnReplyReceived - 2 total (0 active), Execution time: mean = 0.19ms, total = 0.38ms, Queueing time: mean = 0.34ms, max = 0.62ms, min = 0.07ms, total = 0.69ms
	Publisher.CheckDeadSubscribers - 2 total (1 active), Execution time: mean = 0.00ms, total = 0.01ms, Queueing time: mean = 0.02ms, max = 0.05ms, min = 0.05ms, total = 0.05ms
	ReporterService.grpc_client.HealthCheck - 2 total (0 active), Execution time: mean = 0.99ms, total = 1.98ms, Queueing time: mean = 0.00ms, max = -0.00ms, min = 9223372036854.78ms, total = 0.00ms
	MetricsAgentClient.WaitForServerReadyWithRetry - 1 total (0 active), Execution time: mean = 0.21ms, total = 0.21ms, Queueing time: mean = 1000.03ms, max = 1000.03ms, min = 1000.03ms, total = 1000.03ms
	ray::rpc::WorkerInfoGcsService.grpc_client.AddWorkerInfo.OnReplyReceived - 1 total (0 active), Execution time: mean = 0.03ms, total = 0.03ms, Queueing time: mean = 0.69ms, max = 0.69ms, min = 0.69ms, total = 0.69ms
	ray::rpc::WorkerInfoGcsService.grpc_client.AddWorkerInfo - 1 total (0 active), Execution time: mean = 0.72ms, total = 0.72ms, Queueing time: mean = 0.00ms, max = -0.00ms, min = 9223372036854.78ms, total = 0.00ms
	ray::rpc::InternalPubSubGcsService.grpc_client.GcsSubscriberPoll - 1 total (1 active), Execution time: mean = 0.00ms, total = 0.00ms, Queueing time: mean = 0.00ms, max = -0.00ms, min = 9223372036854.78ms, total = 0.00ms
	ray::rpc::InternalPubSubGcsService.grpc_client.GcsSubscriberCommandBatch - 1 total (0 active), Execution time: mean = 0.61ms, total = 0.61ms, Queueing time: mean = 0.00ms, max = -0.00ms, min = 9223372036854.78ms, total = 0.00ms
	ray::rpc::NodeInfoGcsService.grpc_client.GetAllNodeAddressAndLiveness - 1 total (0 active), Execution time: mean = 0.66ms, total = 0.66ms, Queueing time: mean = 0.00ms, max = -0.00ms, min = 9223372036854.78ms, total = 0.00ms
	ray::rpc::NodeInfoGcsService.grpc_client.GetAllNodeAddressAndLiveness.OnReplyReceived - 1 total (0 active), Execution time: mean = 0.05ms, total = 0.05ms, Queueing time: mean = 0.02ms, max = 0.02ms, min = 0.02ms, total = 0.02ms
	ray::rpc::InternalPubSubGcsService.grpc_client.GcsSubscriberCommandBatch.OnReplyReceived - 1 total (0 active), Execution time: mean = 0.15ms, total = 0.15ms, Queueing time: mean = 0.71ms, max = 0.71ms, min = 0.71ms, total = 0.71ms

-----------------
Task execution event stats:

Global stats: 35737 total (1 active)
Queueing time: mean = 0.06ms, max = 14.05ms, min = 0.00ms, total = 2249.55ms
Execution time:  mean = 0.02ms, total = 592.44ms
Event stats:
	CoreWorker.CheckSignal - 35736 total (1 active), Execution time: mean = 0.02ms, total = 592.42ms, Queueing time: mean = 0.06ms, max = 14.05ms, min = 0.00ms, total = 2249.55ms
	PeriodicalRunner.RunFnPeriodically - 1 total (0 active), Execution time: mean = 0.02ms, total = 0.02ms, Queueing time: mean = 0.01ms, max = 0.01ms, min = 0.01ms, total = 0.01ms

-----------------
Task Event stats:

IO Service Stats:

Global stats: 1081 total (1 active)
Queueing time: mean = 0.03ms, max = 0.12ms, min = 0.01ms, total = 35.14ms
Execution time:  mean = 0.34ms, total = 371.74ms
Event stats:
	CoreWorker.deadline_timer.flush_task_events - 360 total (1 active), Execution time: mean = 0.22ms, total = 77.98ms, Queueing time: mean = 0.06ms, max = 0.12ms, min = 0.02ms, total = 21.30ms
	ray::rpc::TaskInfoGcsService.grpc_client.AddTaskEventData - 360 total (0 active), Execution time: mean = 0.78ms, total = 280.34ms, Queueing time: mean = 0.00ms, max = -0.00ms, min = 9223372036854.78ms, total = 0.00ms
	ray::rpc::TaskInfoGcsService.grpc_client.AddTaskEventData.OnReplyReceived - 360 total (0 active), Execution time: mean = 0.04ms, total = 13.10ms, Queueing time: mean = 0.04ms, max = 0.12ms, min = 0.01ms, total = 13.84ms
	PeriodicalRunner.RunFnPeriodically - 1 total (0 active), Execution time: mean = 0.32ms, total = 0.32ms, Queueing time: mean = 0.01ms, max = 0.01ms, min = 0.01ms, total = 0.01ms
Other Stats:
	gcs_grpc_in_progress:0
	event_aggregator_grpc_in_progress:0
	current number of task status events in buffer: 0
	current number of profile events in buffer: 0
	current number of dropped task attempts tracked: 0
	total task events sent: 0 MiB
	total number of task attempts sent: 0
	total number of task attempts dropped reported: 0
	total number of sent failure: 0
	num status task events dropped: 0
	num profile task events dropped: 0
	num ray task events reported to aggregator: 0
	num ray task events failed to report to aggregator: 0
	num of task attempts dropped reported to aggregator: 0
	num of failed requests to aggregator: 0

[2026-01-26 22:46:34,679 I 2695413 2697364] core_worker.cc:455: Event stats:


Global stats: 6088 total (8 active)
Queueing time: mean = 0.22ms, max = 1000.03ms, min = 0.01ms, total = 1319.22ms
Execution time:  mean = 0.09ms, total = 518.14ms
Event stats:
	CoreWorker.RecoverObjects - 4198 total (1 active), Execution time: mean = 0.01ms, total = 39.78ms, Queueing time: mean = 0.06ms, max = 0.17ms, min = 0.01ms, total = 240.47ms
	NodeManagerService.grpc_client.ReportWorkerBacklog.OnReplyReceived - 420 total (0 active), Execution time: mean = 0.03ms, total = 12.60ms, Queueing time: mean = 0.04ms, max = 0.07ms, min = 0.01ms, total = 16.67ms
	NodeManagerService.grpc_client.ReportWorkerBacklog - 420 total (0 active), Execution time: mean = 0.83ms, total = 350.53ms, Queueing time: mean = 0.00ms, max = -0.00ms, min = 9223372036854.78ms, total = 0.00ms
	CoreWorker.InternalHeartbeat - 420 total (1 active), Execution time: mean = 0.20ms, total = 83.16ms, Queueing time: mean = 0.06ms, max = 0.11ms, min = 0.02ms, total = 23.31ms
	CoreWorker.ExitIfParentRayletDies - 420 total (1 active), Execution time: mean = 0.01ms, total = 4.81ms, Queueing time: mean = 0.06ms, max = 0.12ms, min = 0.01ms, total = 23.71ms
	CoreWorker.RecordMetrics - 84 total (1 active), Execution time: mean = 0.06ms, total = 5.34ms, Queueing time: mean = 0.05ms, max = 0.08ms, min = 0.01ms, total = 4.59ms
	CoreWorker.TryDelPendingObjectRefStreams - 42 total (1 active), Execution time: mean = 0.01ms, total = 0.28ms, Queueing time: mean = 0.10ms, max = 0.62ms, min = 0.02ms, total = 4.03ms
	CoreWorkerService.grpc_server.GetCoreWorkerStats.HandleRequestImpl - 28 total (0 active), Execution time: mean = 0.09ms, total = 2.48ms, Queueing time: mean = 0.03ms, max = 0.07ms, min = 0.02ms, total = 0.84ms
	CoreWorkerService.grpc_server.GetCoreWorkerStats - 28 total (0 active), Execution time: mean = 0.32ms, total = 9.03ms, Queueing time: mean = 0.00ms, max = -0.00ms, min = 9223372036854.78ms, total = 0.00ms
	CoreWorker.PrintEventStats - 7 total (1 active, 1 running), Execution time: mean = 0.60ms, total = 4.20ms, Queueing time: mean = 0.05ms, max = 0.07ms, min = 0.04ms, total = 0.35ms
	PeriodicalRunner.RunFnPeriodically - 7 total (0 active), Execution time: mean = 0.16ms, total = 1.13ms, Queueing time: mean = 0.44ms, max = 1.11ms, min = 0.01ms, total = 3.08ms
	ReporterService.grpc_client.HealthCheck.OnReplyReceived - 2 total (0 active), Execution time: mean = 0.19ms, total = 0.38ms, Queueing time: mean = 0.34ms, max = 0.62ms, min = 0.07ms, total = 0.69ms
	Publisher.CheckDeadSubscribers - 2 total (1 active), Execution time: mean = 0.00ms, total = 0.01ms, Queueing time: mean = 0.02ms, max = 0.05ms, min = 0.05ms, total = 0.05ms
	ReporterService.grpc_client.HealthCheck - 2 total (0 active), Execution time: mean = 0.99ms, total = 1.98ms, Queueing time: mean = 0.00ms, max = -0.00ms, min = 9223372036854.78ms, total = 0.00ms
	MetricsAgentClient.WaitForServerReadyWithRetry - 1 total (0 active), Execution time: mean = 0.21ms, total = 0.21ms, Queueing time: mean = 1000.03ms, max = 1000.03ms, min = 1000.03ms, total = 1000.03ms
	ray::rpc::WorkerInfoGcsService.grpc_client.AddWorkerInfo.OnReplyReceived - 1 total (0 active), Execution time: mean = 0.03ms, total = 0.03ms, Queueing time: mean = 0.69ms, max = 0.69ms, min = 0.69ms, total = 0.69ms
	ray::rpc::WorkerInfoGcsService.grpc_client.AddWorkerInfo - 1 total (0 active), Execution time: mean = 0.72ms, total = 0.72ms, Queueing time: mean = 0.00ms, max = -0.00ms, min = 9223372036854.78ms, total = 0.00ms
	ray::rpc::InternalPubSubGcsService.grpc_client.GcsSubscriberPoll - 1 total (1 active), Execution time: mean = 0.00ms, total = 0.00ms, Queueing time: mean = 0.00ms, max = -0.00ms, min = 9223372036854.78ms, total = 0.00ms
	ray::rpc::InternalPubSubGcsService.grpc_client.GcsSubscriberCommandBatch - 1 total (0 active), Execution time: mean = 0.61ms, total = 0.61ms, Queueing time: mean = 0.00ms, max = -0.00ms, min = 9223372036854.78ms, total = 0.00ms
	ray::rpc::NodeInfoGcsService.grpc_client.GetAllNodeAddressAndLiveness - 1 total (0 active), Execution time: mean = 0.66ms, total = 0.66ms, Queueing time: mean = 0.00ms, max = -0.00ms, min = 9223372036854.78ms, total = 0.00ms
	ray::rpc::NodeInfoGcsService.grpc_client.GetAllNodeAddressAndLiveness.OnReplyReceived - 1 total (0 active), Execution time: mean = 0.05ms, total = 0.05ms, Queueing time: mean = 0.02ms, max = 0.02ms, min = 0.02ms, total = 0.02ms
	ray::rpc::InternalPubSubGcsService.grpc_client.GcsSubscriberCommandBatch.OnReplyReceived - 1 total (0 active), Execution time: mean = 0.15ms, total = 0.15ms, Queueing time: mean = 0.71ms, max = 0.71ms, min = 0.71ms, total = 0.71ms

-----------------
Task execution event stats:

Global stats: 41696 total (1 active)
Queueing time: mean = 0.06ms, max = 14.05ms, min = 0.00ms, total = 2590.74ms
Execution time:  mean = 0.02ms, total = 696.11ms
Event stats:
	CoreWorker.CheckSignal - 41695 total (1 active), Execution time: mean = 0.02ms, total = 696.09ms, Queueing time: mean = 0.06ms, max = 14.05ms, min = 0.00ms, total = 2590.73ms
	PeriodicalRunner.RunFnPeriodically - 1 total (0 active), Execution time: mean = 0.02ms, total = 0.02ms, Queueing time: mean = 0.01ms, max = 0.01ms, min = 0.01ms, total = 0.01ms

-----------------
Task Event stats:

IO Service Stats:

Global stats: 1261 total (1 active)
Queueing time: mean = 0.03ms, max = 0.12ms, min = 0.01ms, total = 41.32ms
Execution time:  mean = 0.35ms, total = 438.20ms
Event stats:
	CoreWorker.deadline_timer.flush_task_events - 420 total (1 active), Execution time: mean = 0.22ms, total = 91.95ms, Queueing time: mean = 0.06ms, max = 0.12ms, min = 0.02ms, total = 24.74ms
	ray::rpc::TaskInfoGcsService.grpc_client.AddTaskEventData - 420 total (0 active), Execution time: mean = 0.79ms, total = 330.20ms, Queueing time: mean = 0.00ms, max = -0.00ms, min = 9223372036854.78ms, total = 0.00ms
	ray::rpc::TaskInfoGcsService.grpc_client.AddTaskEventData.OnReplyReceived - 420 total (0 active), Execution time: mean = 0.04ms, total = 15.74ms, Queueing time: mean = 0.04ms, max = 0.12ms, min = 0.01ms, total = 16.57ms
	PeriodicalRunner.RunFnPeriodically - 1 total (0 active), Execution time: mean = 0.32ms, total = 0.32ms, Queueing time: mean = 0.01ms, max = 0.01ms, min = 0.01ms, total = 0.01ms
Other Stats:
	gcs_grpc_in_progress:0
	event_aggregator_grpc_in_progress:0
	current number of task status events in buffer: 0
	current number of profile events in buffer: 0
	current number of dropped task attempts tracked: 0
	total task events sent: 0 MiB
	total number of task attempts sent: 0
	total number of task attempts dropped reported: 0
	total number of sent failure: 0
	num status task events dropped: 0
	num profile task events dropped: 0
	num ray task events reported to aggregator: 0
	num ray task events failed to report to aggregator: 0
	num of task attempts dropped reported to aggregator: 0
	num of failed requests to aggregator: 0

[2026-01-26 22:47:34,680 I 2695413 2697364] core_worker.cc:455: Event stats:


Global stats: 6955 total (8 active)
Queueing time: mean = 0.20ms, max = 1000.03ms, min = 0.01ms, total = 1364.42ms
Execution time:  mean = 0.08ms, total = 590.33ms
Event stats:
	CoreWorker.RecoverObjects - 4798 total (1 active), Execution time: mean = 0.01ms, total = 45.26ms, Queueing time: mean = 0.06ms, max = 0.17ms, min = 0.01ms, total = 275.18ms
	NodeManagerService.grpc_client.ReportWorkerBacklog.OnReplyReceived - 480 total (0 active), Execution time: mean = 0.03ms, total = 14.40ms, Queueing time: mean = 0.04ms, max = 0.07ms, min = 0.01ms, total = 19.17ms
	NodeManagerService.grpc_client.ReportWorkerBacklog - 480 total (0 active), Execution time: mean = 0.83ms, total = 399.88ms, Queueing time: mean = 0.00ms, max = -0.00ms, min = 9223372036854.78ms, total = 0.00ms
	CoreWorker.InternalHeartbeat - 480 total (1 active), Execution time: mean = 0.20ms, total = 94.72ms, Queueing time: mean = 0.05ms, max = 0.11ms, min = 0.02ms, total = 26.27ms
	CoreWorker.ExitIfParentRayletDies - 480 total (1 active), Execution time: mean = 0.01ms, total = 5.48ms, Queueing time: mean = 0.06ms, max = 0.12ms, min = 0.01ms, total = 27.14ms
	CoreWorker.RecordMetrics - 96 total (1 active), Execution time: mean = 0.06ms, total = 6.15ms, Queueing time: mean = 0.05ms, max = 0.08ms, min = 0.01ms, total = 5.28ms
	CoreWorker.TryDelPendingObjectRefStreams - 48 total (1 active), Execution time: mean = 0.01ms, total = 0.31ms, Queueing time: mean = 0.10ms, max = 0.62ms, min = 0.02ms, total = 4.71ms
	CoreWorkerService.grpc_server.GetCoreWorkerStats.HandleRequestImpl - 32 total (0 active), Execution time: mean = 0.09ms, total = 2.86ms, Queueing time: mean = 0.03ms, max = 0.07ms, min = 0.02ms, total = 0.99ms
	CoreWorkerService.grpc_server.GetCoreWorkerStats - 32 total (0 active), Execution time: mean = 0.33ms, total = 10.45ms, Queueing time: mean = 0.00ms, max = -0.00ms, min = 9223372036854.78ms, total = 0.00ms
	CoreWorker.PrintEventStats - 8 total (1 active, 1 running), Execution time: mean = 0.61ms, total = 4.90ms, Queueing time: mean = 0.05ms, max = 0.07ms, min = 0.04ms, total = 0.42ms
	PeriodicalRunner.RunFnPeriodically - 7 total (0 active), Execution time: mean = 0.16ms, total = 1.13ms, Queueing time: mean = 0.44ms, max = 1.11ms, min = 0.01ms, total = 3.08ms
	ReporterService.grpc_client.HealthCheck.OnReplyReceived - 2 total (0 active), Execution time: mean = 0.19ms, total = 0.38ms, Queueing time: mean = 0.34ms, max = 0.62ms, min = 0.07ms, total = 0.69ms
	Publisher.CheckDeadSubscribers - 2 total (1 active), Execution time: mean = 0.00ms, total = 0.01ms, Queueing time: mean = 0.02ms, max = 0.05ms, min = 0.05ms, total = 0.05ms
	ReporterService.grpc_client.HealthCheck - 2 total (0 active), Execution time: mean = 0.99ms, total = 1.98ms, Queueing time: mean = 0.00ms, max = -0.00ms, min = 9223372036854.78ms, total = 0.00ms
	MetricsAgentClient.WaitForServerReadyWithRetry - 1 total (0 active), Execution time: mean = 0.21ms, total = 0.21ms, Queueing time: mean = 1000.03ms, max = 1000.03ms, min = 1000.03ms, total = 1000.03ms
	ray::rpc::WorkerInfoGcsService.grpc_client.AddWorkerInfo.OnReplyReceived - 1 total (0 active), Execution time: mean = 0.03ms, total = 0.03ms, Queueing time: mean = 0.69ms, max = 0.69ms, min = 0.69ms, total = 0.69ms
	ray::rpc::WorkerInfoGcsService.grpc_client.AddWorkerInfo - 1 total (0 active), Execution time: mean = 0.72ms, total = 0.72ms, Queueing time: mean = 0.00ms, max = -0.00ms, min = 9223372036854.78ms, total = 0.00ms
	ray::rpc::InternalPubSubGcsService.grpc_client.GcsSubscriberPoll - 1 total (1 active), Execution time: mean = 0.00ms, total = 0.00ms, Queueing time: mean = 0.00ms, max = -0.00ms, min = 9223372036854.78ms, total = 0.00ms
	ray::rpc::InternalPubSubGcsService.grpc_client.GcsSubscriberCommandBatch - 1 total (0 active), Execution time: mean = 0.61ms, total = 0.61ms, Queueing time: mean = 0.00ms, max = -0.00ms, min = 9223372036854.78ms, total = 0.00ms
	ray::rpc::NodeInfoGcsService.grpc_client.GetAllNodeAddressAndLiveness - 1 total (0 active), Execution time: mean = 0.66ms, total = 0.66ms, Queueing time: mean = 0.00ms, max = -0.00ms, min = 9223372036854.78ms, total = 0.00ms
	ray::rpc::NodeInfoGcsService.grpc_client.GetAllNodeAddressAndLiveness.OnReplyReceived - 1 total (0 active), Execution time: mean = 0.05ms, total = 0.05ms, Queueing time: mean = 0.02ms, max = 0.02ms, min = 0.02ms, total = 0.02ms
	ray::rpc::InternalPubSubGcsService.grpc_client.GcsSubscriberCommandBatch.OnReplyReceived - 1 total (0 active), Execution time: mean = 0.15ms, total = 0.15ms, Queueing time: mean = 0.71ms, max = 0.71ms, min = 0.71ms, total = 0.71ms

-----------------
Task execution event stats:

Global stats: 47655 total (1 active)
Queueing time: mean = 0.06ms, max = 14.05ms, min = 0.00ms, total = 2936.62ms
Execution time:  mean = 0.02ms, total = 794.67ms
Event stats:
	CoreWorker.CheckSignal - 47654 total (1 active), Execution time: mean = 0.02ms, total = 794.65ms, Queueing time: mean = 0.06ms, max = 14.05ms, min = 0.00ms, total = 2936.61ms
	PeriodicalRunner.RunFnPeriodically - 1 total (0 active), Execution time: mean = 0.02ms, total = 0.02ms, Queueing time: mean = 0.01ms, max = 0.01ms, min = 0.01ms, total = 0.01ms

-----------------
Task Event stats:

IO Service Stats:

Global stats: 1441 total (1 active)
Queueing time: mean = 0.03ms, max = 0.13ms, min = 0.01ms, total = 47.73ms
Execution time:  mean = 0.35ms, total = 500.05ms
Event stats:
	CoreWorker.deadline_timer.flush_task_events - 480 total (1 active), Execution time: mean = 0.22ms, total = 106.05ms, Queueing time: mean = 0.06ms, max = 0.13ms, min = 0.02ms, total = 28.61ms
	ray::rpc::TaskInfoGcsService.grpc_client.AddTaskEventData - 480 total (0 active), Execution time: mean = 0.78ms, total = 375.57ms, Queueing time: mean = 0.00ms, max = -0.00ms, min = 9223372036854.78ms, total = 0.00ms
	ray::rpc::TaskInfoGcsService.grpc_client.AddTaskEventData.OnReplyReceived - 480 total (0 active), Execution time: mean = 0.04ms, total = 18.10ms, Queueing time: mean = 0.04ms, max = 0.12ms, min = 0.01ms, total = 19.11ms
	PeriodicalRunner.RunFnPeriodically - 1 total (0 active), Execution time: mean = 0.32ms, total = 0.32ms, Queueing time: mean = 0.01ms, max = 0.01ms, min = 0.01ms, total = 0.01ms
Other Stats:
	gcs_grpc_in_progress:0
	event_aggregator_grpc_in_progress:0
	current number of task status events in buffer: 0
	current number of profile events in buffer: 0
	current number of dropped task attempts tracked: 0
	total task events sent: 0 MiB
	total number of task attempts sent: 0
	total number of task attempts dropped reported: 0
	total number of sent failure: 0
	num status task events dropped: 0
	num profile task events dropped: 0
	num ray task events reported to aggregator: 0
	num ray task events failed to report to aggregator: 0
	num of task attempts dropped reported to aggregator: 0
	num of failed requests to aggregator: 0

[2026-01-26 22:48:34,681 I 2695413 2697364] core_worker.cc:455: Event stats:


Global stats: 7819 total (8 active)
Queueing time: mean = 0.18ms, max = 1000.03ms, min = 0.01ms, total = 1406.48ms
Execution time:  mean = 0.08ms, total = 658.96ms
Event stats:
	CoreWorker.RecoverObjects - 5397 total (1 active), Execution time: mean = 0.01ms, total = 50.77ms, Queueing time: mean = 0.06ms, max = 0.17ms, min = 0.01ms, total = 307.00ms
	NodeManagerService.grpc_client.ReportWorkerBacklog.OnReplyReceived - 540 total (0 active), Execution time: mean = 0.03ms, total = 16.37ms, Queueing time: mean = 0.04ms, max = 0.07ms, min = 0.01ms, total = 21.69ms
	NodeManagerService.grpc_client.ReportWorkerBacklog - 540 total (0 active), Execution time: mean = 0.83ms, total = 445.68ms, Queueing time: mean = 0.00ms, max = -0.00ms, min = 9223372036854.78ms, total = 0.00ms
	CoreWorker.InternalHeartbeat - 540 total (1 active), Execution time: mean = 0.20ms, total = 106.70ms, Queueing time: mean = 0.05ms, max = 0.11ms, min = 0.02ms, total = 29.24ms
	CoreWorker.ExitIfParentRayletDies - 540 total (1 active), Execution time: mean = 0.01ms, total = 6.16ms, Queueing time: mean = 0.06ms, max = 0.12ms, min = 0.01ms, total = 30.28ms
	CoreWorker.RecordMetrics - 108 total (1 active), Execution time: mean = 0.06ms, total = 6.90ms, Queueing time: mean = 0.06ms, max = 0.08ms, min = 0.01ms, total = 6.00ms
	CoreWorker.TryDelPendingObjectRefStreams - 54 total (1 active), Execution time: mean = 0.01ms, total = 0.35ms, Queueing time: mean = 0.10ms, max = 0.62ms, min = 0.02ms, total = 5.42ms
	CoreWorkerService.grpc_server.GetCoreWorkerStats.HandleRequestImpl - 35 total (0 active), Execution time: mean = 0.09ms, total = 3.13ms, Queueing time: mean = 0.03ms, max = 0.07ms, min = 0.02ms, total = 1.12ms
	CoreWorkerService.grpc_server.GetCoreWorkerStats - 35 total (0 active), Execution time: mean = 0.32ms, total = 11.35ms, Queueing time: mean = 0.00ms, max = -0.00ms, min = 9223372036854.78ms, total = 0.00ms
	CoreWorker.PrintEventStats - 9 total (1 active, 1 running), Execution time: mean = 0.63ms, total = 5.63ms, Queueing time: mean = 0.05ms, max = 0.07ms, min = 0.04ms, total = 0.49ms
	PeriodicalRunner.RunFnPeriodically - 7 total (0 active), Execution time: mean = 0.16ms, total = 1.13ms, Queueing time: mean = 0.44ms, max = 1.11ms, min = 0.01ms, total = 3.08ms
	ReporterService.grpc_client.HealthCheck.OnReplyReceived - 2 total (0 active), Execution time: mean = 0.19ms, total = 0.38ms, Queueing time: mean = 0.34ms, max = 0.62ms, min = 0.07ms, total = 0.69ms
	Publisher.CheckDeadSubscribers - 2 total (1 active), Execution time: mean = 0.00ms, total = 0.01ms, Queueing time: mean = 0.02ms, max = 0.05ms, min = 0.05ms, total = 0.05ms
	ReporterService.grpc_client.HealthCheck - 2 total (0 active), Execution time: mean = 0.99ms, total = 1.98ms, Queueing time: mean = 0.00ms, max = -0.00ms, min = 9223372036854.78ms, total = 0.00ms
	MetricsAgentClient.WaitForServerReadyWithRetry - 1 total (0 active), Execution time: mean = 0.21ms, total = 0.21ms, Queueing time: mean = 1000.03ms, max = 1000.03ms, min = 1000.03ms, total = 1000.03ms
	ray::rpc::WorkerInfoGcsService.grpc_client.AddWorkerInfo.OnReplyReceived - 1 total (0 active), Execution time: mean = 0.03ms, total = 0.03ms, Queueing time: mean = 0.69ms, max = 0.69ms, min = 0.69ms, total = 0.69ms
	ray::rpc::WorkerInfoGcsService.grpc_client.AddWorkerInfo - 1 total (0 active), Execution time: mean = 0.72ms, total = 0.72ms, Queueing time: mean = 0.00ms, max = -0.00ms, min = 9223372036854.78ms, total = 0.00ms
	ray::rpc::InternalPubSubGcsService.grpc_client.GcsSubscriberPoll - 1 total (1 active), Execution time: mean = 0.00ms, total = 0.00ms, Queueing time: mean = 0.00ms, max = -0.00ms, min = 9223372036854.78ms, total = 0.00ms
	ray::rpc::InternalPubSubGcsService.grpc_client.GcsSubscriberCommandBatch - 1 total (0 active), Execution time: mean = 0.61ms, total = 0.61ms, Queueing time: mean = 0.00ms, max = -0.00ms, min = 9223372036854.78ms, total = 0.00ms
	ray::rpc::NodeInfoGcsService.grpc_client.GetAllNodeAddressAndLiveness - 1 total (0 active), Execution time: mean = 0.66ms, total = 0.66ms, Queueing time: mean = 0.00ms, max = -0.00ms, min = 9223372036854.78ms, total = 0.00ms
	ray::rpc::NodeInfoGcsService.grpc_client.GetAllNodeAddressAndLiveness.OnReplyReceived - 1 total (0 active), Execution time: mean = 0.05ms, total = 0.05ms, Queueing time: mean = 0.02ms, max = 0.02ms, min = 0.02ms, total = 0.02ms
	ray::rpc::InternalPubSubGcsService.grpc_client.GcsSubscriberCommandBatch.OnReplyReceived - 1 total (0 active), Execution time: mean = 0.15ms, total = 0.15ms, Queueing time: mean = 0.71ms, max = 0.71ms, min = 0.71ms, total = 0.71ms

-----------------
Task execution event stats:

Global stats: 53615 total (1 active)
Queueing time: mean = 0.06ms, max = 14.05ms, min = 0.00ms, total = 3267.31ms
Execution time:  mean = 0.02ms, total = 895.58ms
Event stats:
	CoreWorker.CheckSignal - 53614 total (1 active), Execution time: mean = 0.02ms, total = 895.57ms, Queueing time: mean = 0.06ms, max = 14.05ms, min = 0.00ms, total = 3267.30ms
	PeriodicalRunner.RunFnPeriodically - 1 total (0 active), Execution time: mean = 0.02ms, total = 0.02ms, Queueing time: mean = 0.01ms, max = 0.01ms, min = 0.01ms, total = 0.01ms

-----------------
Task Event stats:

IO Service Stats:

Global stats: 1621 total (1 active)
Queueing time: mean = 0.03ms, max = 0.13ms, min = 0.01ms, total = 53.37ms
Execution time:  mean = 0.35ms, total = 565.86ms
Event stats:
	CoreWorker.deadline_timer.flush_task_events - 540 total (1 active), Execution time: mean = 0.22ms, total = 120.94ms, Queueing time: mean = 0.06ms, max = 0.13ms, min = 0.02ms, total = 32.31ms
	ray::rpc::TaskInfoGcsService.grpc_client.AddTaskEventData - 540 total (0 active), Execution time: mean = 0.79ms, total = 424.03ms, Queueing time: mean = 0.00ms, max = -0.00ms, min = 9223372036854.78ms, total = 0.00ms
	ray::rpc::TaskInfoGcsService.grpc_client.AddTaskEventData.OnReplyReceived - 540 total (0 active), Execution time: mean = 0.04ms, total = 20.56ms, Queueing time: mean = 0.04ms, max = 0.12ms, min = 0.01ms, total = 21.05ms
	PeriodicalRunner.RunFnPeriodically - 1 total (0 active), Execution time: mean = 0.32ms, total = 0.32ms, Queueing time: mean = 0.01ms, max = 0.01ms, min = 0.01ms, total = 0.01ms
Other Stats:
	gcs_grpc_in_progress:0
	event_aggregator_grpc_in_progress:0
	current number of task status events in buffer: 0
	current number of profile events in buffer: 0
	current number of dropped task attempts tracked: 0
	total task events sent: 0 MiB
	total number of task attempts sent: 0
	total number of task attempts dropped reported: 0
	total number of sent failure: 0
	num status task events dropped: 0
	num profile task events dropped: 0
	num ray task events reported to aggregator: 0
	num ray task events failed to report to aggregator: 0
	num of task attempts dropped reported to aggregator: 0
	num of failed requests to aggregator: 0

[2026-01-26 22:49:34,682 I 2695413 2697364] core_worker.cc:455: Event stats:


Global stats: 8689 total (8 active)
Queueing time: mean = 0.17ms, max = 1000.03ms, min = 0.01ms, total = 1449.18ms
Execution time:  mean = 68.65ms, total = 596531.26ms
Event stats:
	CoreWorker.RecoverObjects - 5997 total (1 active), Execution time: mean = 0.01ms, total = 56.46ms, Queueing time: mean = 0.06ms, max = 0.17ms, min = 0.01ms, total = 338.92ms
	NodeManagerService.grpc_client.ReportWorkerBacklog.OnReplyReceived - 600 total (0 active), Execution time: mean = 0.03ms, total = 18.28ms, Queueing time: mean = 0.04ms, max = 0.08ms, min = 0.01ms, total = 24.59ms
	NodeManagerService.grpc_client.ReportWorkerBacklog - 600 total (0 active), Execution time: mean = 0.82ms, total = 492.71ms, Queueing time: mean = 0.00ms, max = -0.00ms, min = 9223372036854.78ms, total = 0.00ms
	CoreWorker.InternalHeartbeat - 600 total (1 active), Execution time: mean = 0.20ms, total = 119.11ms, Queueing time: mean = 0.05ms, max = 0.11ms, min = 0.02ms, total = 32.09ms
	CoreWorker.ExitIfParentRayletDies - 600 total (1 active), Execution time: mean = 0.01ms, total = 6.85ms, Queueing time: mean = 0.06ms, max = 0.12ms, min = 0.01ms, total = 33.74ms
	CoreWorker.RecordMetrics - 120 total (1 active), Execution time: mean = 0.06ms, total = 7.69ms, Queueing time: mean = 0.05ms, max = 0.08ms, min = 0.01ms, total = 6.53ms
	CoreWorker.TryDelPendingObjectRefStreams - 60 total (1 active), Execution time: mean = 0.01ms, total = 0.38ms, Queueing time: mean = 0.10ms, max = 0.62ms, min = 0.02ms, total = 6.18ms
	CoreWorkerService.grpc_server.GetCoreWorkerStats - 39 total (0 active), Execution time: mean = 0.32ms, total = 12.64ms, Queueing time: mean = 0.00ms, max = -0.00ms, min = 9223372036854.78ms, total = 0.00ms
	CoreWorkerService.grpc_server.GetCoreWorkerStats.HandleRequestImpl - 39 total (0 active), Execution time: mean = 0.09ms, total = 3.51ms, Queueing time: mean = 0.03ms, max = 0.07ms, min = 0.02ms, total = 1.22ms
	CoreWorker.PrintEventStats - 10 total (1 active, 1 running), Execution time: mean = 0.63ms, total = 6.33ms, Queueing time: mean = 0.06ms, max = 0.07ms, min = 0.04ms, total = 0.56ms
	PeriodicalRunner.RunFnPeriodically - 7 total (0 active), Execution time: mean = 0.16ms, total = 1.13ms, Queueing time: mean = 0.44ms, max = 1.11ms, min = 0.01ms, total = 3.08ms
	Publisher.CheckDeadSubscribers - 3 total (1 active), Execution time: mean = 0.00ms, total = 0.01ms, Queueing time: mean = 0.04ms, max = 0.06ms, min = 0.05ms, total = 0.11ms
	ReporterService.grpc_client.HealthCheck - 2 total (0 active), Execution time: mean = 0.99ms, total = 1.98ms, Queueing time: mean = 0.00ms, max = -0.00ms, min = 9223372036854.78ms, total = 0.00ms
	ReporterService.grpc_client.HealthCheck.OnReplyReceived - 2 total (0 active), Execution time: mean = 0.19ms, total = 0.38ms, Queueing time: mean = 0.34ms, max = 0.62ms, min = 0.07ms, total = 0.69ms
	ray::rpc::InternalPubSubGcsService.grpc_client.GcsSubscriberPoll - 2 total (1 active), Execution time: mean = 297900.54ms, total = 595801.08ms, Queueing time: mean = 0.00ms, max = -0.00ms, min = 9223372036854.78ms, total = 0.00ms
	ray::rpc::InternalPubSubGcsService.grpc_client.GcsSubscriberCommandBatch - 1 total (0 active), Execution time: mean = 0.61ms, total = 0.61ms, Queueing time: mean = 0.00ms, max = -0.00ms, min = 9223372036854.78ms, total = 0.00ms
	ray::rpc::WorkerInfoGcsService.grpc_client.AddWorkerInfo - 1 total (0 active), Execution time: mean = 0.72ms, total = 0.72ms, Queueing time: mean = 0.00ms, max = -0.00ms, min = 9223372036854.78ms, total = 0.00ms
	ray::rpc::NodeInfoGcsService.grpc_client.GetAllNodeAddressAndLiveness - 1 total (0 active), Execution time: mean = 0.66ms, total = 0.66ms, Queueing time: mean = 0.00ms, max = -0.00ms, min = 9223372036854.78ms, total = 0.00ms
	ray::rpc::NodeInfoGcsService.grpc_client.GetAllNodeAddressAndLiveness.OnReplyReceived - 1 total (0 active), Execution time: mean = 0.05ms, total = 0.05ms, Queueing time: mean = 0.02ms, max = 0.02ms, min = 0.02ms, total = 0.02ms
	ray::rpc::WorkerInfoGcsService.grpc_client.AddWorkerInfo.OnReplyReceived - 1 total (0 active), Execution time: mean = 0.03ms, total = 0.03ms, Queueing time: mean = 0.69ms, max = 0.69ms, min = 0.69ms, total = 0.69ms
	ray::rpc::InternalPubSubGcsService.grpc_client.GcsSubscriberCommandBatch.OnReplyReceived - 1 total (0 active), Execution time: mean = 0.15ms, total = 0.15ms, Queueing time: mean = 0.71ms, max = 0.71ms, min = 0.71ms, total = 0.71ms
	ray::rpc::InternalPubSubGcsService.grpc_client.GcsSubscriberPoll.OnReplyReceived - 1 total (0 active), Execution time: mean = 0.30ms, total = 0.30ms, Queueing time: mean = 0.03ms, max = 0.03ms, min = 0.03ms, total = 0.03ms
	MetricsAgentClient.WaitForServerReadyWithRetry - 1 total (0 active), Execution time: mean = 0.21ms, total = 0.21ms, Queueing time: mean = 1000.03ms, max = 1000.03ms, min = 1000.03ms, total = 1000.03ms

-----------------
Task execution event stats:

Global stats: 59576 total (1 active)
Queueing time: mean = 0.06ms, max = 14.05ms, min = 0.00ms, total = 3595.44ms
Execution time:  mean = 0.02ms, total = 996.08ms
Event stats:
	CoreWorker.CheckSignal - 59575 total (1 active), Execution time: mean = 0.02ms, total = 996.07ms, Queueing time: mean = 0.06ms, max = 14.05ms, min = 0.00ms, total = 3595.43ms
	PeriodicalRunner.RunFnPeriodically - 1 total (0 active), Execution time: mean = 0.02ms, total = 0.02ms, Queueing time: mean = 0.01ms, max = 0.01ms, min = 0.01ms, total = 0.01ms

-----------------
Task Event stats:

IO Service Stats:

Global stats: 1801 total (1 active)
Queueing time: mean = 0.03ms, max = 0.13ms, min = 0.01ms, total = 60.50ms
Execution time:  mean = 0.35ms, total = 630.62ms
Event stats:
	CoreWorker.deadline_timer.flush_task_events - 600 total (1 active), Execution time: mean = 0.22ms, total = 133.26ms, Queueing time: mean = 0.06ms, max = 0.13ms, min = 0.02ms, total = 36.30ms
	ray::rpc::TaskInfoGcsService.grpc_client.AddTaskEventData - 600 total (0 active), Execution time: mean = 0.79ms, total = 474.08ms, Queueing time: mean = 0.00ms, max = -0.00ms, min = 9223372036854.78ms, total = 0.00ms
	ray::rpc::TaskInfoGcsService.grpc_client.AddTaskEventData.OnReplyReceived - 600 total (0 active), Execution time: mean = 0.04ms, total = 22.95ms, Queueing time: mean = 0.04ms, max = 0.12ms, min = 0.01ms, total = 24.20ms
	PeriodicalRunner.RunFnPeriodically - 1 total (0 active), Execution time: mean = 0.32ms, total = 0.32ms, Queueing time: mean = 0.01ms, max = 0.01ms, min = 0.01ms, total = 0.01ms
Other Stats:
	gcs_grpc_in_progress:0
	event_aggregator_grpc_in_progress:0
	current number of task status events in buffer: 0
	current number of profile events in buffer: 0
	current number of dropped task attempts tracked: 0
	total task events sent: 0 MiB
	total number of task attempts sent: 0
	total number of task attempts dropped reported: 0
	total number of sent failure: 0
	num status task events dropped: 0
	num profile task events dropped: 0
	num ray task events reported to aggregator: 0
	num ray task events failed to report to aggregator: 0
	num of task attempts dropped reported to aggregator: 0
	num of failed requests to aggregator: 0

